/hpc/home/etb28/miniconda3/envs/ieeg/lib/python3.11/site-packages/ieeg/io.py:113: RuntimeWarning: The number of channels in the channels.tsv sidecar file (179) does not match the number of channels in the raw data file (178). Will not try to set channel names.
  new_raw = read_raw_bids(bids_path=BIDS_path, verbose=verbose)
/hpc/home/etb28/miniconda3/envs/ieeg/lib/python3.11/site-packages/ieeg/io.py:113: RuntimeWarning: Cannot set channel type for the following channels, as they are missing in the raw data: Trigger
  new_raw = read_raw_bids(bids_path=BIDS_path, verbose=verbose)
/hpc/home/etb28/miniconda3/envs/ieeg/lib/python3.11/site-packages/ieeg/io.py:113: RuntimeWarning: Omitted 228 annotation(s) that were outside data range.
  new_raw = read_raw_bids(bids_path=BIDS_path, verbose=verbose)
/hpc/home/etb28/miniconda3/envs/ieeg/lib/python3.11/site-packages/ieeg/io.py:113: RuntimeWarning: The number of channels in the channels.tsv sidecar file (179) does not match the number of channels in the raw data file (178). Will not try to set channel names.
  new_raw = read_raw_bids(bids_path=BIDS_path, verbose=verbose)
/hpc/home/etb28/miniconda3/envs/ieeg/lib/python3.11/site-packages/ieeg/io.py:113: RuntimeWarning: Cannot set channel type for the following channels, as they are missing in the raw data: Trigger
  new_raw = read_raw_bids(bids_path=BIDS_path, verbose=verbose)
/hpc/home/etb28/miniconda3/envs/ieeg/lib/python3.11/site-packages/ieeg/io.py:113: RuntimeWarning: Omitted 228 annotation(s) that were outside data range.
  new_raw = read_raw_bids(bids_path=BIDS_path, verbose=verbose)
/hpc/home/etb28/miniconda3/envs/ieeg/lib/python3.11/site-packages/ieeg/io.py:113: RuntimeWarning: The number of channels in the channels.tsv sidecar file (179) does not match the number of channels in the raw data file (178). Will not try to set channel names.
  new_raw = read_raw_bids(bids_path=BIDS_path, verbose=verbose)
/hpc/home/etb28/miniconda3/envs/ieeg/lib/python3.11/site-packages/ieeg/io.py:113: RuntimeWarning: Cannot set channel type for the following channels, as they are missing in the raw data: Trigger
  new_raw = read_raw_bids(bids_path=BIDS_path, verbose=verbose)
/hpc/home/etb28/miniconda3/envs/ieeg/lib/python3.11/site-packages/ieeg/io.py:113: RuntimeWarning: Omitted 226 annotation(s) that were outside data range.
  new_raw = read_raw_bids(bids_path=BIDS_path, verbose=verbose)
/hpc/home/etb28/miniconda3/envs/ieeg/lib/python3.11/site-packages/ieeg/io.py:113: RuntimeWarning: The number of channels in the channels.tsv sidecar file (179) does not match the number of channels in the raw data file (178). Will not try to set channel names.
  new_raw = read_raw_bids(bids_path=BIDS_path, verbose=verbose)
/hpc/home/etb28/miniconda3/envs/ieeg/lib/python3.11/site-packages/ieeg/io.py:113: RuntimeWarning: Cannot set channel type for the following channels, as they are missing in the raw data: Trigger
  new_raw = read_raw_bids(bids_path=BIDS_path, verbose=verbose)
/hpc/home/etb28/miniconda3/envs/ieeg/lib/python3.11/site-packages/scipy/stats/_stats_py.py:1081: RuntimeWarning: divide by zero encountered in divide
  var *= np.divide(n, n-ddof)  # to avoid error on division by zero
/hpc/home/etb28/miniconda3/envs/ieeg/lib/python3.11/site-packages/scipy/stats/_stats_py.py:1081: RuntimeWarning: invalid value encountered in scalar multiply
  var *= np.divide(n, n-ddof)  # to avoid error on division by zero
[Parallel(n_jobs=1)]: Done   1 tasks      | elapsed:   38.2s
[Parallel(n_jobs=1)]: Done   2 tasks      | elapsed:  1.1min
[Parallel(n_jobs=1)]: Done   3 tasks      | elapsed:  1.5min
[Parallel(n_jobs=1)]: Done   4 tasks      | elapsed:  1.9min
[Parallel(n_jobs=1)]: Done   5 tasks      | elapsed:  2.3min
[Parallel(n_jobs=1)]: Done   6 tasks      | elapsed:  2.7min
[Parallel(n_jobs=1)]: Done   7 tasks      | elapsed: 16.0min
[Parallel(n_jobs=1)]: Done   8 tasks      | elapsed: 16.4min
[Parallel(n_jobs=1)]: Done   9 tasks      | elapsed: 16.8min
[Parallel(n_jobs=1)]: Done  10 tasks      | elapsed: 17.3min
[Parallel(n_jobs=1)]: Done  11 tasks      | elapsed: 30.4min
[Parallel(n_jobs=1)]: Done  12 tasks      | elapsed: 30.8min
[Parallel(n_jobs=1)]: Done  13 tasks      | elapsed: 31.2min
[Parallel(n_jobs=1)]: Done  14 tasks      | elapsed: 31.6min
[Parallel(n_jobs=1)]: Done  15 tasks      | elapsed: 44.8min
[Parallel(n_jobs=1)]: Done  16 tasks      | elapsed: 57.9min
[Parallel(n_jobs=1)]: Done  17 tasks      | elapsed: 58.3min
[Parallel(n_jobs=1)]: Done  18 tasks      | elapsed: 58.7min
[Parallel(n_jobs=1)]: Done  19 tasks      | elapsed: 59.1min
[Parallel(n_jobs=1)]: Done  20 tasks      | elapsed: 59.5min
[Parallel(n_jobs=1)]: Done  21 tasks      | elapsed: 59.9min
[Parallel(n_jobs=1)]: Done  22 tasks      | elapsed: 60.4min
[Parallel(n_jobs=1)]: Done  23 tasks      | elapsed: 60.8min
[Parallel(n_jobs=1)]: Done  24 tasks      | elapsed: 61.2min
[Parallel(n_jobs=1)]: Done  25 tasks      | elapsed: 74.3min
[Parallel(n_jobs=1)]: Done  26 tasks      | elapsed: 74.7min
[Parallel(n_jobs=1)]: Done  27 tasks      | elapsed: 75.1min
[Parallel(n_jobs=1)]: Done  28 tasks      | elapsed: 87.9min
[Parallel(n_jobs=1)]: Done  29 tasks      | elapsed: 100.8min
[Parallel(n_jobs=1)]: Done  30 tasks      | elapsed: 112.9min
[Parallel(n_jobs=1)]: Done  31 tasks      | elapsed: 125.1min
[Parallel(n_jobs=1)]: Done  32 tasks      | elapsed: 125.5min
[Parallel(n_jobs=1)]: Done  33 tasks      | elapsed: 125.9min
[Parallel(n_jobs=1)]: Done  34 tasks      | elapsed: 126.3min
[Parallel(n_jobs=1)]: Done  35 tasks      | elapsed: 126.7min
[Parallel(n_jobs=1)]: Done  36 tasks      | elapsed: 127.1min
[Parallel(n_jobs=1)]: Done  37 tasks      | elapsed: 127.5min
[Parallel(n_jobs=1)]: Done  38 tasks      | elapsed: 127.9min
[Parallel(n_jobs=1)]: Done  39 tasks      | elapsed: 128.4min
[Parallel(n_jobs=1)]: Done  40 tasks      | elapsed: 128.8min
[Parallel(n_jobs=1)]: Done  41 tasks      | elapsed: 140.8min
[Parallel(n_jobs=1)]: Done  42 tasks      | elapsed: 141.3min
[Parallel(n_jobs=1)]: Done  43 tasks      | elapsed: 141.7min
[Parallel(n_jobs=1)]: Done  44 tasks      | elapsed: 142.1min
[Parallel(n_jobs=1)]: Done  45 tasks      | elapsed: 142.5min
[Parallel(n_jobs=1)]: Done  46 tasks      | elapsed: 142.9min
[Parallel(n_jobs=1)]: Done  47 tasks      | elapsed: 143.3min
[Parallel(n_jobs=1)]: Done  48 tasks      | elapsed: 143.7min
[Parallel(n_jobs=1)]: Done  49 tasks      | elapsed: 144.1min
[Parallel(n_jobs=1)]: Done  50 tasks      | elapsed: 144.5min
[Parallel(n_jobs=1)]: Done  51 tasks      | elapsed: 144.9min
[Parallel(n_jobs=1)]: Done  52 tasks      | elapsed: 145.3min
[Parallel(n_jobs=1)]: Done  53 tasks      | elapsed: 145.7min
[Parallel(n_jobs=1)]: Done  54 tasks      | elapsed: 157.8min
[Parallel(n_jobs=1)]: Done  55 tasks      | elapsed: 158.2min
[Parallel(n_jobs=1)]: Done  56 tasks      | elapsed: 158.6min
[Parallel(n_jobs=1)]: Done  57 tasks      | elapsed: 159.0min
[Parallel(n_jobs=1)]: Done  58 tasks      | elapsed: 171.2min
[Parallel(n_jobs=1)]: Done  59 tasks      | elapsed: 171.6min
[Parallel(n_jobs=1)]: Done  60 tasks      | elapsed: 172.0min
[Parallel(n_jobs=1)]: Done  61 tasks      | elapsed: 172.4min
[Parallel(n_jobs=1)]: Done  62 tasks      | elapsed: 172.8min
[Parallel(n_jobs=1)]: Done  63 tasks      | elapsed: 173.2min
[Parallel(n_jobs=1)]: Done  64 tasks      | elapsed: 173.6min
[Parallel(n_jobs=1)]: Done  65 tasks      | elapsed: 174.0min
[Parallel(n_jobs=1)]: Done  66 tasks      | elapsed: 174.4min
[Parallel(n_jobs=1)]: Done  67 tasks      | elapsed: 174.8min
[Parallel(n_jobs=1)]: Done  68 tasks      | elapsed: 175.2min
[Parallel(n_jobs=1)]: Done  69 tasks      | elapsed: 175.6min
[Parallel(n_jobs=1)]: Done  70 tasks      | elapsed: 176.0min
[Parallel(n_jobs=1)]: Done  71 tasks      | elapsed: 176.4min
[Parallel(n_jobs=1)]: Done  72 tasks      | elapsed: 176.8min
[Parallel(n_jobs=1)]: Done  73 tasks      | elapsed: 189.1min
[Parallel(n_jobs=1)]: Done  74 tasks      | elapsed: 201.3min
[Parallel(n_jobs=1)]: Done  75 tasks      | elapsed: 213.5min
[Parallel(n_jobs=1)]: Done  76 tasks      | elapsed: 213.9min
[Parallel(n_jobs=1)]: Done  77 tasks      | elapsed: 214.3min
[Parallel(n_jobs=1)]: Done  78 tasks      | elapsed: 214.7min
[Parallel(n_jobs=1)]: Done  79 tasks      | elapsed: 215.1min
[Parallel(n_jobs=1)]: Done  80 tasks      | elapsed: 215.5min
[Parallel(n_jobs=1)]: Done  81 tasks      | elapsed: 215.9min
[Parallel(n_jobs=1)]: Done  82 tasks      | elapsed: 216.3min
[Parallel(n_jobs=1)]: Done  83 tasks      | elapsed: 216.7min
[Parallel(n_jobs=1)]: Done  84 tasks      | elapsed: 217.1min
