/hpc/home/etb28/miniconda3/envs/ieeg/lib/python3.11/site-packages/ieeg/io.py:113: RuntimeWarning: Omitted 228 annotation(s) that were outside data range.
  new_raw = read_raw_bids(bids_path=BIDS_path, verbose=verbose)
/hpc/home/etb28/miniconda3/envs/ieeg/lib/python3.11/site-packages/ieeg/io.py:113: RuntimeWarning: Omitted 227 annotation(s) that were outside data range.
  new_raw = read_raw_bids(bids_path=BIDS_path, verbose=verbose)
/hpc/home/etb28/miniconda3/envs/ieeg/lib/python3.11/site-packages/ieeg/io.py:113: RuntimeWarning: Omitted 226 annotation(s) that were outside data range.
  new_raw = read_raw_bids(bids_path=BIDS_path, verbose=verbose)
/hpc/home/etb28/miniconda3/envs/ieeg/lib/python3.11/site-packages/ieeg/io.py:113: RuntimeWarning: Omitted 228 annotation(s) that were outside data range.
  new_raw = read_raw_bids(bids_path=BIDS_path, verbose=verbose)
/hpc/home/etb28/miniconda3/envs/ieeg/lib/python3.11/site-packages/ieeg/io.py:113: RuntimeWarning: Omitted 227 annotation(s) that were outside data range.
  new_raw = read_raw_bids(bids_path=BIDS_path, verbose=verbose)
/hpc/home/etb28/miniconda3/envs/ieeg/lib/python3.11/site-packages/ieeg/io.py:113: RuntimeWarning: Omitted 226 annotation(s) that were outside data range.
  new_raw = read_raw_bids(bids_path=BIDS_path, verbose=verbose)
/hpc/home/etb28/coganlab/etb28/GlobalLocal/src/analysis/spec/wavelet_functions.py:130: RuntimeWarning: Concatenation of Annotations within Epochs is not supported yet. All annotations will be dropped.
  all_trials = mne.concatenate_epochs(all_trials_list)
[Parallel(n_jobs=1)]: Done   1 tasks      | elapsed:    2.5s
[Parallel(n_jobs=1)]: Done   4 tasks      | elapsed:    9.5s
[Parallel(n_jobs=1)]: Done   7 tasks      | elapsed:   16.6s
[Parallel(n_jobs=1)]: Done  12 tasks      | elapsed:   28.4s
[Parallel(n_jobs=1)]: Done  17 tasks      | elapsed:   40.3s
[Parallel(n_jobs=1)]: Done  24 tasks      | elapsed:   57.1s
[Parallel(n_jobs=1)]: Done  31 tasks      | elapsed:  1.2min
[Parallel(n_jobs=1)]: Done  40 tasks      | elapsed:  1.6min
[Parallel(n_jobs=1)]: Done  49 tasks      | elapsed:  2.0min
[Parallel(n_jobs=1)]: Done  60 tasks      | elapsed:  2.4min
[Parallel(n_jobs=1)]: Done  71 tasks      | elapsed:  2.8min
[Parallel(n_jobs=1)]: Done  84 tasks      | elapsed:  3.3min
[Parallel(n_jobs=1)]: Done  97 tasks      | elapsed:  3.9min
[Parallel(n_jobs=1)]: Done 112 tasks      | elapsed:  4.5min
[Parallel(n_jobs=1)]: Done 127 tasks      | elapsed:  5.1min
[Parallel(n_jobs=1)]: Done 144 tasks      | elapsed:  5.7min
[Parallel(n_jobs=1)]: Done 161 tasks      | elapsed:  6.4min
[Parallel(n_jobs=1)]: Done 180 tasks      | elapsed:  7.2min
[Parallel(n_jobs=1)]: Done 199 tasks      | elapsed:  8.0min
[Parallel(n_jobs=1)]: Done 220 tasks      | elapsed:  8.8min
/hpc/home/etb28/miniconda3/envs/ieeg/lib/python3.11/site-packages/ieeg/io.py:113: RuntimeWarning: Omitted 228 annotation(s) that were outside data range.
  new_raw = read_raw_bids(bids_path=BIDS_path, verbose=verbose)
/hpc/home/etb28/miniconda3/envs/ieeg/lib/python3.11/site-packages/ieeg/io.py:113: RuntimeWarning: Omitted 227 annotation(s) that were outside data range.
  new_raw = read_raw_bids(bids_path=BIDS_path, verbose=verbose)
/hpc/home/etb28/miniconda3/envs/ieeg/lib/python3.11/site-packages/ieeg/io.py:113: RuntimeWarning: Omitted 226 annotation(s) that were outside data range.
  new_raw = read_raw_bids(bids_path=BIDS_path, verbose=verbose)
/hpc/home/etb28/coganlab/etb28/GlobalLocal/src/analysis/spec/wavelet_functions.py:130: RuntimeWarning: Concatenation of Annotations within Epochs is not supported yet. All annotations will be dropped.
  all_trials = mne.concatenate_epochs(all_trials_list)
[Parallel(n_jobs=1)]: Done   1 tasks      | elapsed:    0.1s
[Parallel(n_jobs=1)]: Done   4 tasks      | elapsed:    0.4s
[Parallel(n_jobs=1)]: Done   7 tasks      | elapsed:    0.6s
[Parallel(n_jobs=1)]: Done  12 tasks      | elapsed:    1.1s
[Parallel(n_jobs=1)]: Done  17 tasks      | elapsed:    1.5s
[Parallel(n_jobs=1)]: Done  24 tasks      | elapsed:    2.2s
[Parallel(n_jobs=1)]: Done  31 tasks      | elapsed:    2.8s
[Parallel(n_jobs=1)]: Done  40 tasks      | elapsed:    3.6s
[Parallel(n_jobs=1)]: Done  49 tasks      | elapsed:    4.5s
[Parallel(n_jobs=1)]: Done  60 tasks      | elapsed:    5.5s
[Parallel(n_jobs=1)]: Done  71 tasks      | elapsed:    6.5s
[Parallel(n_jobs=1)]: Done  84 tasks      | elapsed:    7.7s
[Parallel(n_jobs=1)]: Done  97 tasks      | elapsed:    8.9s
[Parallel(n_jobs=1)]: Done 112 tasks      | elapsed:   10.2s
[Parallel(n_jobs=1)]: Done 127 tasks      | elapsed:   11.6s
[Parallel(n_jobs=1)]: Done 144 tasks      | elapsed:   13.2s
[Parallel(n_jobs=1)]: Done 161 tasks      | elapsed:   14.7s
[Parallel(n_jobs=1)]: Done 180 tasks      | elapsed:   16.5s
[Parallel(n_jobs=1)]: Done 199 tasks      | elapsed:   18.2s
[Parallel(n_jobs=1)]: Done 220 tasks      | elapsed:   20.1s
/hpc/home/etb28/coganlab/etb28/GlobalLocal/dcc_scripts/spec/make_wavelets_dcc.py:94: RuntimeWarning: This filename (/cwork/etb28/BIDS-1.1_GlobalLocal/BIDS/derivatives/spec/wavelet/D0110/ErrorTrials_Stimulus_Locked_rescaled-avg.fif) does not conform to MNE naming conventions. All time-frequency object files should end with .h5 or .hdf5
  spec_rescaled.save(os.path.join(save_dir, f'{output_name}_rescaled-avg.fif'), overwrite=True)
/hpc/home/etb28/coganlab/etb28/GlobalLocal/dcc_scripts/spec/make_wavelets_dcc.py:95: RuntimeWarning: This filename (/cwork/etb28/BIDS-1.1_GlobalLocal/BIDS/derivatives/spec/wavelet/D0110/ErrorTrials_Stimulus_Locked_uncorrected-avg.fif) does not conform to MNE naming conventions. All time-frequency object files should end with .h5 or .hdf5
  spec.save(os.path.join(save_dir, f'{output_name}_uncorrected-avg.fif'), overwrite=True)
/hpc/home/etb28/miniconda3/envs/ieeg/lib/python3.11/site-packages/ieeg/io.py:113: RuntimeWarning: Omitted 228 annotation(s) that were outside data range.
  new_raw = read_raw_bids(bids_path=BIDS_path, verbose=verbose)
/hpc/home/etb28/miniconda3/envs/ieeg/lib/python3.11/site-packages/ieeg/io.py:113: RuntimeWarning: Omitted 227 annotation(s) that were outside data range.
  new_raw = read_raw_bids(bids_path=BIDS_path, verbose=verbose)
/hpc/home/etb28/miniconda3/envs/ieeg/lib/python3.11/site-packages/ieeg/io.py:113: RuntimeWarning: Omitted 226 annotation(s) that were outside data range.
  new_raw = read_raw_bids(bids_path=BIDS_path, verbose=verbose)
/hpc/home/etb28/coganlab/etb28/GlobalLocal/src/analysis/spec/wavelet_functions.py:130: RuntimeWarning: Concatenation of Annotations within Epochs is not supported yet. All annotations will be dropped.
  all_trials = mne.concatenate_epochs(all_trials_list)
[Parallel(n_jobs=1)]: Done   1 tasks      | elapsed:    5.3s
[Parallel(n_jobs=1)]: Done   4 tasks      | elapsed:   21.4s
[Parallel(n_jobs=1)]: Done   7 tasks      | elapsed:   37.6s
[Parallel(n_jobs=1)]: Done  12 tasks      | elapsed:  1.1min
[Parallel(n_jobs=1)]: Done  17 tasks      | elapsed:  1.5min
[Parallel(n_jobs=1)]: Done  24 tasks      | elapsed:  2.1min
[Parallel(n_jobs=1)]: Done  31 tasks      | elapsed:  2.8min
[Parallel(n_jobs=1)]: Done  40 tasks      | elapsed:  3.6min
[Parallel(n_jobs=1)]: Done  49 tasks      | elapsed:  4.4min
[Parallel(n_jobs=1)]: Done  60 tasks      | elapsed:  5.4min
[Parallel(n_jobs=1)]: Done  71 tasks      | elapsed:  6.4min
[Parallel(n_jobs=1)]: Done  84 tasks      | elapsed:  7.6min
[Parallel(n_jobs=1)]: Done  97 tasks      | elapsed:  8.8min
[Parallel(n_jobs=1)]: Done 112 tasks      | elapsed: 10.1min
[Parallel(n_jobs=1)]: Done 127 tasks      | elapsed: 11.4min
[Parallel(n_jobs=1)]: Done 144 tasks      | elapsed: 13.0min
[Parallel(n_jobs=1)]: Done 161 tasks      | elapsed: 14.5min
[Parallel(n_jobs=1)]: Done 180 tasks      | elapsed: 16.2min
[Parallel(n_jobs=1)]: Done 199 tasks      | elapsed: 17.9min
[Parallel(n_jobs=1)]: Done 220 tasks      | elapsed: 19.7min
/hpc/home/etb28/coganlab/etb28/GlobalLocal/dcc_scripts/spec/make_wavelets_dcc.py:94: RuntimeWarning: This filename (/cwork/etb28/BIDS-1.1_GlobalLocal/BIDS/derivatives/spec/wavelet/D0110/CorrectTrials_Stimulus_Locked_rescaled-avg.fif) does not conform to MNE naming conventions. All time-frequency object files should end with .h5 or .hdf5
  spec_rescaled.save(os.path.join(save_dir, f'{output_name}_rescaled-avg.fif'), overwrite=True)
/hpc/home/etb28/coganlab/etb28/GlobalLocal/dcc_scripts/spec/make_wavelets_dcc.py:95: RuntimeWarning: This filename (/cwork/etb28/BIDS-1.1_GlobalLocal/BIDS/derivatives/spec/wavelet/D0110/CorrectTrials_Stimulus_Locked_uncorrected-avg.fif) does not conform to MNE naming conventions. All time-frequency object files should end with .h5 or .hdf5
  spec.save(os.path.join(save_dir, f'{output_name}_uncorrected-avg.fif'), overwrite=True)
