/hpc/home/etb28/miniconda3/envs/ieeg/lib/python3.11/site-packages/ieeg/io.py:113: RuntimeWarning: The number of channels in the channels.tsv sidecar file (179) does not match the number of channels in the raw data file (178). Will not try to set channel names.
  new_raw = read_raw_bids(bids_path=BIDS_path, verbose=verbose)
/hpc/home/etb28/miniconda3/envs/ieeg/lib/python3.11/site-packages/ieeg/io.py:113: RuntimeWarning: Cannot set channel type for the following channels, as they are missing in the raw data: Trigger
  new_raw = read_raw_bids(bids_path=BIDS_path, verbose=verbose)
/hpc/home/etb28/miniconda3/envs/ieeg/lib/python3.11/site-packages/ieeg/io.py:113: RuntimeWarning: Omitted 228 annotation(s) that were outside data range.
  new_raw = read_raw_bids(bids_path=BIDS_path, verbose=verbose)
/hpc/home/etb28/miniconda3/envs/ieeg/lib/python3.11/site-packages/ieeg/io.py:113: RuntimeWarning: The number of channels in the channels.tsv sidecar file (179) does not match the number of channels in the raw data file (178). Will not try to set channel names.
  new_raw = read_raw_bids(bids_path=BIDS_path, verbose=verbose)
/hpc/home/etb28/miniconda3/envs/ieeg/lib/python3.11/site-packages/ieeg/io.py:113: RuntimeWarning: Cannot set channel type for the following channels, as they are missing in the raw data: Trigger
  new_raw = read_raw_bids(bids_path=BIDS_path, verbose=verbose)
/hpc/home/etb28/miniconda3/envs/ieeg/lib/python3.11/site-packages/ieeg/io.py:113: RuntimeWarning: Omitted 228 annotation(s) that were outside data range.
  new_raw = read_raw_bids(bids_path=BIDS_path, verbose=verbose)
/hpc/home/etb28/miniconda3/envs/ieeg/lib/python3.11/site-packages/ieeg/io.py:113: RuntimeWarning: The number of channels in the channels.tsv sidecar file (179) does not match the number of channels in the raw data file (178). Will not try to set channel names.
  new_raw = read_raw_bids(bids_path=BIDS_path, verbose=verbose)
/hpc/home/etb28/miniconda3/envs/ieeg/lib/python3.11/site-packages/ieeg/io.py:113: RuntimeWarning: Cannot set channel type for the following channels, as they are missing in the raw data: Trigger
  new_raw = read_raw_bids(bids_path=BIDS_path, verbose=verbose)
/hpc/home/etb28/miniconda3/envs/ieeg/lib/python3.11/site-packages/ieeg/io.py:113: RuntimeWarning: Omitted 226 annotation(s) that were outside data range.
  new_raw = read_raw_bids(bids_path=BIDS_path, verbose=verbose)
/hpc/home/etb28/miniconda3/envs/ieeg/lib/python3.11/site-packages/ieeg/io.py:113: RuntimeWarning: The number of channels in the channels.tsv sidecar file (179) does not match the number of channels in the raw data file (178). Will not try to set channel names.
  new_raw = read_raw_bids(bids_path=BIDS_path, verbose=verbose)
/hpc/home/etb28/miniconda3/envs/ieeg/lib/python3.11/site-packages/ieeg/io.py:113: RuntimeWarning: Cannot set channel type for the following channels, as they are missing in the raw data: Trigger
  new_raw = read_raw_bids(bids_path=BIDS_path, verbose=verbose)
/hpc/home/etb28/miniconda3/envs/ieeg/lib/python3.11/site-packages/scipy/stats/_stats_py.py:1081: RuntimeWarning: divide by zero encountered in divide
  var *= np.divide(n, n-ddof)  # to avoid error on division by zero
/hpc/home/etb28/miniconda3/envs/ieeg/lib/python3.11/site-packages/scipy/stats/_stats_py.py:1081: RuntimeWarning: invalid value encountered in scalar multiply
  var *= np.divide(n, n-ddof)  # to avoid error on division by zero
[Parallel(n_jobs=1)]: Done   1 tasks      | elapsed:   26.8s
[Parallel(n_jobs=1)]: Done   2 tasks      | elapsed:   51.7s
[Parallel(n_jobs=1)]: Done   3 tasks      | elapsed:  1.3min
[Parallel(n_jobs=1)]: Done   4 tasks      | elapsed:  1.7min
[Parallel(n_jobs=1)]: Done   5 tasks      | elapsed:  2.1min
[Parallel(n_jobs=1)]: Done   6 tasks      | elapsed:  2.5min
[Parallel(n_jobs=1)]: Done   7 tasks      | elapsed: 11.8min
[Parallel(n_jobs=1)]: Done   8 tasks      | elapsed: 12.2min
[Parallel(n_jobs=1)]: Done   9 tasks      | elapsed: 12.6min
[Parallel(n_jobs=1)]: Done  10 tasks      | elapsed: 13.0min
[Parallel(n_jobs=1)]: Done  11 tasks      | elapsed: 22.3min
[Parallel(n_jobs=1)]: Done  12 tasks      | elapsed: 22.6min
[Parallel(n_jobs=1)]: Done  13 tasks      | elapsed: 23.0min
[Parallel(n_jobs=1)]: Done  14 tasks      | elapsed: 23.4min
[Parallel(n_jobs=1)]: Done  15 tasks      | elapsed: 32.6min
[Parallel(n_jobs=1)]: Done  16 tasks      | elapsed: 41.8min
[Parallel(n_jobs=1)]: Done  17 tasks      | elapsed: 42.1min
[Parallel(n_jobs=1)]: Done  18 tasks      | elapsed: 42.5min
[Parallel(n_jobs=1)]: Done  19 tasks      | elapsed: 42.9min
[Parallel(n_jobs=1)]: Done  20 tasks      | elapsed: 43.3min
[Parallel(n_jobs=1)]: Done  21 tasks      | elapsed: 43.7min
[Parallel(n_jobs=1)]: Done  22 tasks      | elapsed: 44.1min
[Parallel(n_jobs=1)]: Done  23 tasks      | elapsed: 44.5min
[Parallel(n_jobs=1)]: Done  24 tasks      | elapsed: 44.9min
[Parallel(n_jobs=1)]: Done  25 tasks      | elapsed: 54.0min
[Parallel(n_jobs=1)]: Done  26 tasks      | elapsed: 54.4min
[Parallel(n_jobs=1)]: Done  27 tasks      | elapsed: 54.8min
[Parallel(n_jobs=1)]: Done  28 tasks      | elapsed: 63.9min
[Parallel(n_jobs=1)]: Done  29 tasks      | elapsed: 73.1min
[Parallel(n_jobs=1)]: Done  30 tasks      | elapsed: 82.6min
[Parallel(n_jobs=1)]: Done  31 tasks      | elapsed: 92.7min
[Parallel(n_jobs=1)]: Done  32 tasks      | elapsed: 93.1min
[Parallel(n_jobs=1)]: Done  33 tasks      | elapsed: 93.6min
[Parallel(n_jobs=1)]: Done  34 tasks      | elapsed: 94.0min
[Parallel(n_jobs=1)]: Done  35 tasks      | elapsed: 94.4min
[Parallel(n_jobs=1)]: Done  36 tasks      | elapsed: 94.9min
[Parallel(n_jobs=1)]: Done  37 tasks      | elapsed: 95.3min
[Parallel(n_jobs=1)]: Done  38 tasks      | elapsed: 95.8min
[Parallel(n_jobs=1)]: Done  39 tasks      | elapsed: 96.2min
[Parallel(n_jobs=1)]: Done  40 tasks      | elapsed: 96.6min
[Parallel(n_jobs=1)]: Done  41 tasks      | elapsed: 106.7min
[Parallel(n_jobs=1)]: Done  42 tasks      | elapsed: 107.2min
[Parallel(n_jobs=1)]: Done  43 tasks      | elapsed: 107.6min
[Parallel(n_jobs=1)]: Done  44 tasks      | elapsed: 108.0min
[Parallel(n_jobs=1)]: Done  45 tasks      | elapsed: 108.5min
[Parallel(n_jobs=1)]: Done  46 tasks      | elapsed: 108.9min
[Parallel(n_jobs=1)]: Done  47 tasks      | elapsed: 109.3min
[Parallel(n_jobs=1)]: Done  48 tasks      | elapsed: 109.8min
[Parallel(n_jobs=1)]: Done  49 tasks      | elapsed: 110.2min
[Parallel(n_jobs=1)]: Done  50 tasks      | elapsed: 110.7min
[Parallel(n_jobs=1)]: Done  51 tasks      | elapsed: 111.1min
[Parallel(n_jobs=1)]: Done  52 tasks      | elapsed: 111.5min
[Parallel(n_jobs=1)]: Done  53 tasks      | elapsed: 112.0min
[Parallel(n_jobs=1)]: Done  54 tasks      | elapsed: 122.1min
[Parallel(n_jobs=1)]: Done  55 tasks      | elapsed: 122.5min
[Parallel(n_jobs=1)]: Done  56 tasks      | elapsed: 123.0min
slurmstepd: error: *** JOB 31852705 ON dcc-core-16 CANCELLED AT 2025-07-10T10:11:48 ***
