Qt5Agg backend not available, using default backend
Qt5Agg backend not available, using default backend
Qt5Agg backend not available, using default backend
Extracting EDF parameters from /cwork/etb28/BIDS-1.1_GlobalLocal/BIDS/derivatives/clean/sub-D0057/ieeg/sub-D0057_task-GlobalLocal_acq-01_run-01_desc-clean_ieeg.edf...
EDF file detected
Setting channel info structure...
Creating raw.info structure...
Reading events from /cwork/etb28/BIDS-1.1_GlobalLocal/BIDS/derivatives/clean/sub-D0057/ieeg/sub-D0057_task-GlobalLocal_acq-01_run-01_desc-clean_events.tsv.
Reading channel info from /cwork/etb28/BIDS-1.1_GlobalLocal/BIDS/derivatives/clean/sub-D0057/ieeg/sub-D0057_task-GlobalLocal_acq-01_run-01_desc-clean_channels.tsv.
Reading electrode coords from /cwork/etb28/BIDS-1.1_GlobalLocal/BIDS/derivatives/clean/sub-D0057/ieeg/sub-D0057_acq-01_space-ACPC_electrodes.tsv.
Extracting EDF parameters from /cwork/etb28/BIDS-1.1_GlobalLocal/BIDS/derivatives/clean/sub-D0057/ieeg/sub-D0057_task-GlobalLocal_acq-01_run-02_desc-clean_ieeg.edf...
EDF file detected
Setting channel info structure...
Creating raw.info structure...
Reading events from /cwork/etb28/BIDS-1.1_GlobalLocal/BIDS/derivatives/clean/sub-D0057/ieeg/sub-D0057_task-GlobalLocal_acq-01_run-02_desc-clean_events.tsv.
Reading channel info from /cwork/etb28/BIDS-1.1_GlobalLocal/BIDS/derivatives/clean/sub-D0057/ieeg/sub-D0057_task-GlobalLocal_acq-01_run-02_desc-clean_channels.tsv.
Reading electrode coords from /cwork/etb28/BIDS-1.1_GlobalLocal/BIDS/derivatives/clean/sub-D0057/ieeg/sub-D0057_acq-01_space-ACPC_electrodes.tsv.
Extracting EDF parameters from /cwork/etb28/BIDS-1.1_GlobalLocal/BIDS/derivatives/clean/sub-D0057/ieeg/sub-D0057_task-GlobalLocal_acq-01_run-03_desc-clean_ieeg.edf...
EDF file detected
Setting channel info structure...
Creating raw.info structure...
Reading events from /cwork/etb28/BIDS-1.1_GlobalLocal/BIDS/derivatives/clean/sub-D0057/ieeg/sub-D0057_task-GlobalLocal_acq-01_run-03_desc-clean_events.tsv.
Reading channel info from /cwork/etb28/BIDS-1.1_GlobalLocal/BIDS/derivatives/clean/sub-D0057/ieeg/sub-D0057_task-GlobalLocal_acq-01_run-03_desc-clean_channels.tsv.
Reading electrode coords from /cwork/etb28/BIDS-1.1_GlobalLocal/BIDS/derivatives/clean/sub-D0057/ieeg/sub-D0057_acq-01_space-ACPC_electrodes.tsv.
Extracting EDF parameters from /cwork/etb28/BIDS-1.1_GlobalLocal/BIDS/derivatives/clean/sub-D0057/ieeg/sub-D0057_task-GlobalLocal_acq-01_run-04_desc-clean_ieeg.edf...
EDF file detected
Setting channel info structure...
Creating raw.info structure...
Reading events from /cwork/etb28/BIDS-1.1_GlobalLocal/BIDS/derivatives/clean/sub-D0057/ieeg/sub-D0057_task-GlobalLocal_acq-01_run-04_desc-clean_events.tsv.
Reading channel info from /cwork/etb28/BIDS-1.1_GlobalLocal/BIDS/derivatives/clean/sub-D0057/ieeg/sub-D0057_task-GlobalLocal_acq-01_run-04_desc-clean_channels.tsv.
Reading electrode coords from /cwork/etb28/BIDS-1.1_GlobalLocal/BIDS/derivatives/clean/sub-D0057/ieeg/sub-D0057_acq-01_space-ACPC_electrodes.tsv.
<RawEDF | sub-D0057_task-GlobalLocal_acq-01_run-01_desc-clean_ieeg.edf, 178 x 8243200 (4025.0 s), ~201 kB, data not loaded>
outlier round 1 channels: ['RAMT8']
outlier round 2 channels: ['RAMT8', 'RPI16']
outlier round 2 channels: ['RAMT8', 'RPI16', 'LAMT12']
Reading 0 ... 3433906  =      0.000 ...  1676.712 secs...
Applying average reference.
Applying a custom ('sEEG',) reference.
Subject D0057 average RT: 1.065918000000238
Reading /cwork/etb28/BIDS-1.1_GlobalLocal/BIDS/derivatives/spec/wavelet/D0057/ErrorTrials_Stimulus_Locked_uncorrected-tfr.h5 ...
Reading /cwork/etb28/BIDS-1.1_GlobalLocal/BIDS/derivatives/spec/wavelet/D0057/CorrectTrials_Stimulus_Locked_uncorrected-tfr.h5 ...
Reading /cwork/etb28/BIDS-1.1_GlobalLocal/BIDS/derivatives/spec/wavelet/D0057/ErrorTrials_Stimulus_Locked_uncorrected-tfr.h5 ...
Reading /cwork/etb28/BIDS-1.1_GlobalLocal/BIDS/derivatives/spec/wavelet/D0057/CorrectTrials_Stimulus_Locked_uncorrected-tfr.h5 ...
Saved figure: D0057_err-corr_sig_wavelet_clusters_ErrorTrials_Stimulus_Locked-CorrectTrials_Stimulus_Locked_uncorrected_page_1.jpg
Saved figure: D0057_err-corr_sig_wavelet_clusters_ErrorTrials_Stimulus_Locked-CorrectTrials_Stimulus_Locked_uncorrected_page_2.jpg
Saved figure: D0057_err-corr_sig_wavelet_clusters_ErrorTrials_Stimulus_Locked-CorrectTrials_Stimulus_Locked_uncorrected_page_3.jpg
Saved figure: D0057_err-corr_mean_diff_ErrorTrials_Stimulus_Locked-CorrectTrials_Stimulus_Locked_uncorrected_page_1.jpg
Saved figure: D0057_err-corr_mean_diff_ErrorTrials_Stimulus_Locked-CorrectTrials_Stimulus_Locked_uncorrected_page_2.jpg
Saved figure: D0057_err-corr_mean_diff_ErrorTrials_Stimulus_Locked-CorrectTrials_Stimulus_Locked_uncorrected_page_3.jpg
Extracting EDF parameters from /cwork/etb28/BIDS-1.1_GlobalLocal/BIDS/derivatives/clean/sub-D0059/ieeg/sub-D0059_task-GlobalLocal_acq-01_run-01_desc-clean_ieeg.edf...
EDF file detected
Setting channel info structure...
Creating raw.info structure...
Reading events from /cwork/etb28/BIDS-1.1_GlobalLocal/BIDS/derivatives/clean/sub-D0059/ieeg/sub-D0059_task-GlobalLocal_acq-01_run-01_desc-clean_events.tsv.
Reading channel info from /cwork/etb28/BIDS-1.1_GlobalLocal/BIDS/derivatives/clean/sub-D0059/ieeg/sub-D0059_task-GlobalLocal_acq-01_run-01_desc-clean_channels.tsv.
Reading electrode coords from /cwork/etb28/BIDS-1.1_GlobalLocal/BIDS/derivatives/clean/sub-D0059/ieeg/sub-D0059_acq-01_space-ACPC_electrodes.tsv.
Not fully anonymizing info - keeping his_id, sex, and hand info
Extracting EDF parameters from /cwork/etb28/BIDS-1.1_GlobalLocal/BIDS/derivatives/clean/sub-D0059/ieeg/sub-D0059_task-GlobalLocal_acq-01_run-02_desc-clean_ieeg.edf...
EDF file detected
Setting channel info structure...
Creating raw.info structure...
Reading events from /cwork/etb28/BIDS-1.1_GlobalLocal/BIDS/derivatives/clean/sub-D0059/ieeg/sub-D0059_task-GlobalLocal_acq-01_run-02_desc-clean_events.tsv.
Reading channel info from /cwork/etb28/BIDS-1.1_GlobalLocal/BIDS/derivatives/clean/sub-D0059/ieeg/sub-D0059_task-GlobalLocal_acq-01_run-02_desc-clean_channels.tsv.
Reading electrode coords from /cwork/etb28/BIDS-1.1_GlobalLocal/BIDS/derivatives/clean/sub-D0059/ieeg/sub-D0059_acq-01_space-ACPC_electrodes.tsv.
Not fully anonymizing info - keeping his_id, sex, and hand info
Extracting EDF parameters from /cwork/etb28/BIDS-1.1_GlobalLocal/BIDS/derivatives/clean/sub-D0059/ieeg/sub-D0059_task-GlobalLocal_acq-01_run-03_desc-clean_ieeg.edf...
EDF file detected
Setting channel info structure...
Creating raw.info structure...
Reading events from /cwork/etb28/BIDS-1.1_GlobalLocal/BIDS/derivatives/clean/sub-D0059/ieeg/sub-D0059_task-GlobalLocal_acq-01_run-03_desc-clean_events.tsv.
Reading channel info from /cwork/etb28/BIDS-1.1_GlobalLocal/BIDS/derivatives/clean/sub-D0059/ieeg/sub-D0059_task-GlobalLocal_acq-01_run-03_desc-clean_channels.tsv.
Reading electrode coords from /cwork/etb28/BIDS-1.1_GlobalLocal/BIDS/derivatives/clean/sub-D0059/ieeg/sub-D0059_acq-01_space-ACPC_electrodes.tsv.
Not fully anonymizing info - keeping his_id, sex, and hand info
Extracting EDF parameters from /cwork/etb28/BIDS-1.1_GlobalLocal/BIDS/derivatives/clean/sub-D0059/ieeg/sub-D0059_task-GlobalLocal_acq-01_run-04_desc-clean_ieeg.edf...
EDF file detected
Setting channel info structure...
Creating raw.info structure...
Reading events from /cwork/etb28/BIDS-1.1_GlobalLocal/BIDS/derivatives/clean/sub-D0059/ieeg/sub-D0059_task-GlobalLocal_acq-01_run-04_desc-clean_events.tsv.
Reading channel info from /cwork/etb28/BIDS-1.1_GlobalLocal/BIDS/derivatives/clean/sub-D0059/ieeg/sub-D0059_task-GlobalLocal_acq-01_run-04_desc-clean_channels.tsv.
Reading electrode coords from /cwork/etb28/BIDS-1.1_GlobalLocal/BIDS/derivatives/clean/sub-D0059/ieeg/sub-D0059_acq-01_space-ACPC_electrodes.tsv.
Not fully anonymizing info - keeping his_id, sex, and hand info
<RawEDF | sub-D0059_task-GlobalLocal_acq-01_run-01_desc-clean_ieeg.edf, 184 x 8769536 (4282.0 s), ~208 kB, data not loaded>
outlier round 1 channels: ['LAIP9']
outlier round 1 channels: ['LAIP9', 'LAIP14']
outlier round 1 channels: ['LAIP9', 'LAIP14', 'LMMT2']
outlier round 1 channels: ['LAIP9', 'LAIP14', 'LMMT2', 'LMMT12']
outlier round 1 channels: ['LAIP9', 'LAIP14', 'LMMT2', 'LMMT12', 'LMPT10']
outlier round 1 channels: ['LAIP9', 'LAIP14', 'LMMT2', 'LMMT12', 'LMPT10', 'LMPT11']
outlier round 2 channels: ['LAIP9', 'LAIP14', 'LMMT2', 'LMMT12', 'LMPT10', 'LMPT11', 'LMPF15']
outlier round 2 channels: ['LAIP9', 'LAIP14', 'LMMT2', 'LMMT12', 'LMPT10', 'LMPT11', 'LMPF15', 'LAMP16']
outlier round 2 channels: ['LAIP9', 'LAIP14', 'LMMT2', 'LMMT12', 'LMPT10', 'LMPT11', 'LMPF15', 'LAMP16', 'LMMT3']
outlier round 2 channels: ['LAIP9', 'LAIP14', 'LMMT2', 'LMMT12', 'LMPT10', 'LMPT11', 'LMPF15', 'LAMP16', 'LMMT3', 'LMMT11']
Reading 0 ... 3390115  =      0.000 ...  1655.330 secs...
Applying average reference.
Applying a custom ('sEEG',) reference.
Subject D0059 average RT: 1.124511499999926
Reading /cwork/etb28/BIDS-1.1_GlobalLocal/BIDS/derivatives/spec/wavelet/D0059/ErrorTrials_Stimulus_Locked_uncorrected-tfr.h5 ...
Reading /cwork/etb28/BIDS-1.1_GlobalLocal/BIDS/derivatives/spec/wavelet/D0059/CorrectTrials_Stimulus_Locked_uncorrected-tfr.h5 ...
Reading /cwork/etb28/BIDS-1.1_GlobalLocal/BIDS/derivatives/spec/wavelet/D0059/ErrorTrials_Stimulus_Locked_uncorrected-tfr.h5 ...
Reading /cwork/etb28/BIDS-1.1_GlobalLocal/BIDS/derivatives/spec/wavelet/D0059/CorrectTrials_Stimulus_Locked_uncorrected-tfr.h5 ...
Saved figure: D0059_err-corr_sig_wavelet_clusters_ErrorTrials_Stimulus_Locked-CorrectTrials_Stimulus_Locked_uncorrected_page_1.jpg
Saved figure: D0059_err-corr_sig_wavelet_clusters_ErrorTrials_Stimulus_Locked-CorrectTrials_Stimulus_Locked_uncorrected_page_2.jpg
Saved figure: D0059_err-corr_sig_wavelet_clusters_ErrorTrials_Stimulus_Locked-CorrectTrials_Stimulus_Locked_uncorrected_page_3.jpg
Saved figure: D0059_err-corr_mean_diff_ErrorTrials_Stimulus_Locked-CorrectTrials_Stimulus_Locked_uncorrected_page_1.jpg
Saved figure: D0059_err-corr_mean_diff_ErrorTrials_Stimulus_Locked-CorrectTrials_Stimulus_Locked_uncorrected_page_2.jpg
Saved figure: D0059_err-corr_mean_diff_ErrorTrials_Stimulus_Locked-CorrectTrials_Stimulus_Locked_uncorrected_page_3.jpg
Extracting EDF parameters from /cwork/etb28/BIDS-1.1_GlobalLocal/BIDS/derivatives/clean/sub-D0063/ieeg/sub-D0063_task-GlobalLocal_acq-01_run-01_desc-clean_ieeg.edf...
EDF file detected
Setting channel info structure...
Creating raw.info structure...
Reading events from /cwork/etb28/BIDS-1.1_GlobalLocal/BIDS/derivatives/clean/sub-D0063/ieeg/sub-D0063_task-GlobalLocal_acq-01_run-01_desc-clean_events.tsv.
Reading channel info from /cwork/etb28/BIDS-1.1_GlobalLocal/BIDS/derivatives/clean/sub-D0063/ieeg/sub-D0063_task-GlobalLocal_acq-01_run-01_desc-clean_channels.tsv.
Reading electrode coords from /cwork/etb28/BIDS-1.1_GlobalLocal/BIDS/derivatives/clean/sub-D0063/ieeg/sub-D0063_acq-01_space-ACPC_electrodes.tsv.
Not fully anonymizing info - keeping his_id, sex, and hand info
Extracting EDF parameters from /cwork/etb28/BIDS-1.1_GlobalLocal/BIDS/derivatives/clean/sub-D0063/ieeg/sub-D0063_task-GlobalLocal_acq-01_run-02_desc-clean_ieeg.edf...
EDF file detected
Setting channel info structure...
Creating raw.info structure...
Reading events from /cwork/etb28/BIDS-1.1_GlobalLocal/BIDS/derivatives/clean/sub-D0063/ieeg/sub-D0063_task-GlobalLocal_acq-01_run-02_desc-clean_events.tsv.
Reading channel info from /cwork/etb28/BIDS-1.1_GlobalLocal/BIDS/derivatives/clean/sub-D0063/ieeg/sub-D0063_task-GlobalLocal_acq-01_run-02_desc-clean_channels.tsv.
Reading electrode coords from /cwork/etb28/BIDS-1.1_GlobalLocal/BIDS/derivatives/clean/sub-D0063/ieeg/sub-D0063_acq-01_space-ACPC_electrodes.tsv.
Not fully anonymizing info - keeping his_id, sex, and hand info
Extracting EDF parameters from /cwork/etb28/BIDS-1.1_GlobalLocal/BIDS/derivatives/clean/sub-D0063/ieeg/sub-D0063_task-GlobalLocal_acq-01_run-03_desc-clean_ieeg.edf...
EDF file detected
Setting channel info structure...
Creating raw.info structure...
Reading events from /cwork/etb28/BIDS-1.1_GlobalLocal/BIDS/derivatives/clean/sub-D0063/ieeg/sub-D0063_task-GlobalLocal_acq-01_run-03_desc-clean_events.tsv.
Reading channel info from /cwork/etb28/BIDS-1.1_GlobalLocal/BIDS/derivatives/clean/sub-D0063/ieeg/sub-D0063_task-GlobalLocal_acq-01_run-03_desc-clean_channels.tsv.
Reading electrode coords from /cwork/etb28/BIDS-1.1_GlobalLocal/BIDS/derivatives/clean/sub-D0063/ieeg/sub-D0063_acq-01_space-ACPC_electrodes.tsv.
Not fully anonymizing info - keeping his_id, sex, and hand info
Extracting EDF parameters from /cwork/etb28/BIDS-1.1_GlobalLocal/BIDS/derivatives/clean/sub-D0063/ieeg/sub-D0063_task-GlobalLocal_acq-01_run-04_desc-clean_ieeg.edf...
EDF file detected
Setting channel info structure...
Creating raw.info structure...
Reading events from /cwork/etb28/BIDS-1.1_GlobalLocal/BIDS/derivatives/clean/sub-D0063/ieeg/sub-D0063_task-GlobalLocal_acq-01_run-04_desc-clean_events.tsv.
Reading channel info from /cwork/etb28/BIDS-1.1_GlobalLocal/BIDS/derivatives/clean/sub-D0063/ieeg/sub-D0063_task-GlobalLocal_acq-01_run-04_desc-clean_channels.tsv.
Reading electrode coords from /cwork/etb28/BIDS-1.1_GlobalLocal/BIDS/derivatives/clean/sub-D0063/ieeg/sub-D0063_acq-01_space-ACPC_electrodes.tsv.
Not fully anonymizing info - keeping his_id, sex, and hand info
<RawEDF | sub-D0063_task-GlobalLocal_acq-01_run-01_desc-clean_ieeg.edf, 240 x 4386816 (2142.0 s), ~270 kB, data not loaded>
outlier round 1 channels: ['RMMT14']
outlier round 2 channels: ['RMMT14', 'LOF10']
outlier round 2 channels: ['RMMT14', 'LOF10', 'LOF14']
outlier round 2 channels: ['RMMT14', 'LOF10', 'LOF14', 'ROF2']
outlier round 2 channels: ['RMMT14', 'LOF10', 'LOF14', 'ROF2', 'RAMF4']
Reading 0 ... 3280722  =      0.000 ...  1601.915 secs...
Applying average reference.
Applying a custom ('sEEG',) reference.
Subject D0063 average RT: 1.0659180000000106
Reading /cwork/etb28/BIDS-1.1_GlobalLocal/BIDS/derivatives/spec/wavelet/D0063/ErrorTrials_Stimulus_Locked_uncorrected-tfr.h5 ...
Reading /cwork/etb28/BIDS-1.1_GlobalLocal/BIDS/derivatives/spec/wavelet/D0063/CorrectTrials_Stimulus_Locked_uncorrected-tfr.h5 ...
Reading /cwork/etb28/BIDS-1.1_GlobalLocal/BIDS/derivatives/spec/wavelet/D0063/ErrorTrials_Stimulus_Locked_uncorrected-tfr.h5 ...
Reading /cwork/etb28/BIDS-1.1_GlobalLocal/BIDS/derivatives/spec/wavelet/D0063/CorrectTrials_Stimulus_Locked_uncorrected-tfr.h5 ...
Saved figure: D0063_err-corr_sig_wavelet_clusters_ErrorTrials_Stimulus_Locked-CorrectTrials_Stimulus_Locked_uncorrected_page_1.jpg
Saved figure: D0063_err-corr_sig_wavelet_clusters_ErrorTrials_Stimulus_Locked-CorrectTrials_Stimulus_Locked_uncorrected_page_2.jpg
Saved figure: D0063_err-corr_sig_wavelet_clusters_ErrorTrials_Stimulus_Locked-CorrectTrials_Stimulus_Locked_uncorrected_page_3.jpg
Saved figure: D0063_err-corr_sig_wavelet_clusters_ErrorTrials_Stimulus_Locked-CorrectTrials_Stimulus_Locked_uncorrected_page_4.jpg
Saved figure: D0063_err-corr_mean_diff_ErrorTrials_Stimulus_Locked-CorrectTrials_Stimulus_Locked_uncorrected_page_1.jpg
Saved figure: D0063_err-corr_mean_diff_ErrorTrials_Stimulus_Locked-CorrectTrials_Stimulus_Locked_uncorrected_page_2.jpg
Saved figure: D0063_err-corr_mean_diff_ErrorTrials_Stimulus_Locked-CorrectTrials_Stimulus_Locked_uncorrected_page_3.jpg
Saved figure: D0063_err-corr_mean_diff_ErrorTrials_Stimulus_Locked-CorrectTrials_Stimulus_Locked_uncorrected_page_4.jpg
Extracting EDF parameters from /cwork/etb28/BIDS-1.1_GlobalLocal/BIDS/derivatives/clean/sub-D0065/ieeg/sub-D0065_task-GlobalLocal_acq-01_run-01_desc-clean_ieeg.edf...
EDF file detected
Setting channel info structure...
Creating raw.info structure...
Reading events from /cwork/etb28/BIDS-1.1_GlobalLocal/BIDS/derivatives/clean/sub-D0065/ieeg/sub-D0065_task-GlobalLocal_acq-01_run-01_desc-clean_events.tsv.
Reading channel info from /cwork/etb28/BIDS-1.1_GlobalLocal/BIDS/derivatives/clean/sub-D0065/ieeg/sub-D0065_task-GlobalLocal_acq-01_run-01_desc-clean_channels.tsv.
Reading electrode coords from /cwork/etb28/BIDS-1.1_GlobalLocal/BIDS/derivatives/clean/sub-D0065/ieeg/sub-D0065_acq-01_space-ACPC_electrodes.tsv.
Not fully anonymizing info - keeping his_id, sex, and hand info
Extracting EDF parameters from /cwork/etb28/BIDS-1.1_GlobalLocal/BIDS/derivatives/clean/sub-D0065/ieeg/sub-D0065_task-GlobalLocal_acq-01_run-02_desc-clean_ieeg.edf...
EDF file detected
Setting channel info structure...
Creating raw.info structure...
Reading events from /cwork/etb28/BIDS-1.1_GlobalLocal/BIDS/derivatives/clean/sub-D0065/ieeg/sub-D0065_task-GlobalLocal_acq-01_run-02_desc-clean_events.tsv.
Reading channel info from /cwork/etb28/BIDS-1.1_GlobalLocal/BIDS/derivatives/clean/sub-D0065/ieeg/sub-D0065_task-GlobalLocal_acq-01_run-02_desc-clean_channels.tsv.
Reading electrode coords from /cwork/etb28/BIDS-1.1_GlobalLocal/BIDS/derivatives/clean/sub-D0065/ieeg/sub-D0065_acq-01_space-ACPC_electrodes.tsv.
Not fully anonymizing info - keeping his_id, sex, and hand info
Extracting EDF parameters from /cwork/etb28/BIDS-1.1_GlobalLocal/BIDS/derivatives/clean/sub-D0065/ieeg/sub-D0065_task-GlobalLocal_acq-01_run-03_desc-clean_ieeg.edf...
EDF file detected
Setting channel info structure...
Creating raw.info structure...
Reading events from /cwork/etb28/BIDS-1.1_GlobalLocal/BIDS/derivatives/clean/sub-D0065/ieeg/sub-D0065_task-GlobalLocal_acq-01_run-03_desc-clean_events.tsv.
Reading channel info from /cwork/etb28/BIDS-1.1_GlobalLocal/BIDS/derivatives/clean/sub-D0065/ieeg/sub-D0065_task-GlobalLocal_acq-01_run-03_desc-clean_channels.tsv.
Reading electrode coords from /cwork/etb28/BIDS-1.1_GlobalLocal/BIDS/derivatives/clean/sub-D0065/ieeg/sub-D0065_acq-01_space-ACPC_electrodes.tsv.
Not fully anonymizing info - keeping his_id, sex, and hand info
Extracting EDF parameters from /cwork/etb28/BIDS-1.1_GlobalLocal/BIDS/derivatives/clean/sub-D0065/ieeg/sub-D0065_task-GlobalLocal_acq-01_run-04_desc-clean_ieeg.edf...
EDF file detected
Setting channel info structure...
Creating raw.info structure...
Reading events from /cwork/etb28/BIDS-1.1_GlobalLocal/BIDS/derivatives/clean/sub-D0065/ieeg/sub-D0065_task-GlobalLocal_acq-01_run-04_desc-clean_events.tsv.
Reading channel info from /cwork/etb28/BIDS-1.1_GlobalLocal/BIDS/derivatives/clean/sub-D0065/ieeg/sub-D0065_task-GlobalLocal_acq-01_run-04_desc-clean_channels.tsv.
Reading electrode coords from /cwork/etb28/BIDS-1.1_GlobalLocal/BIDS/derivatives/clean/sub-D0065/ieeg/sub-D0065_acq-01_space-ACPC_electrodes.tsv.
Not fully anonymizing info - keeping his_id, sex, and hand info
<RawEDF | sub-D0065_task-GlobalLocal_acq-01_run-01_desc-clean_ieeg.edf, 220 x 6350848 (3101.0 s), ~247 kB, data not loaded>
outlier round 1 channels: ['RPIF3']
outlier round 1 channels: ['RPIF3', 'RAIO9']
outlier round 2 channels: ['RPIF3', 'RAIO9', 'RAMT15']
outlier round 2 channels: ['RPIF3', 'RAIO9', 'RAMT15', 'RMMT8']
Reading 0 ... 3740038  =      0.000 ...  1826.190 secs...
Applying average reference.
Applying a custom ('sEEG',) reference.
Subject D0065 average RT: 1.499023999999963
Reading /cwork/etb28/BIDS-1.1_GlobalLocal/BIDS/derivatives/spec/wavelet/D0065/ErrorTrials_Stimulus_Locked_uncorrected-tfr.h5 ...
Reading /cwork/etb28/BIDS-1.1_GlobalLocal/BIDS/derivatives/spec/wavelet/D0065/CorrectTrials_Stimulus_Locked_uncorrected-tfr.h5 ...
Reading /cwork/etb28/BIDS-1.1_GlobalLocal/BIDS/derivatives/spec/wavelet/D0065/ErrorTrials_Stimulus_Locked_uncorrected-tfr.h5 ...
Reading /cwork/etb28/BIDS-1.1_GlobalLocal/BIDS/derivatives/spec/wavelet/D0065/CorrectTrials_Stimulus_Locked_uncorrected-tfr.h5 ...
Saved figure: D0065_err-corr_sig_wavelet_clusters_ErrorTrials_Stimulus_Locked-CorrectTrials_Stimulus_Locked_uncorrected_page_1.jpg
Saved figure: D0065_err-corr_sig_wavelet_clusters_ErrorTrials_Stimulus_Locked-CorrectTrials_Stimulus_Locked_uncorrected_page_2.jpg
Saved figure: D0065_err-corr_sig_wavelet_clusters_ErrorTrials_Stimulus_Locked-CorrectTrials_Stimulus_Locked_uncorrected_page_3.jpg
Saved figure: D0065_err-corr_sig_wavelet_clusters_ErrorTrials_Stimulus_Locked-CorrectTrials_Stimulus_Locked_uncorrected_page_4.jpg
Saved figure: D0065_err-corr_mean_diff_ErrorTrials_Stimulus_Locked-CorrectTrials_Stimulus_Locked_uncorrected_page_1.jpg
Saved figure: D0065_err-corr_mean_diff_ErrorTrials_Stimulus_Locked-CorrectTrials_Stimulus_Locked_uncorrected_page_2.jpg
Saved figure: D0065_err-corr_mean_diff_ErrorTrials_Stimulus_Locked-CorrectTrials_Stimulus_Locked_uncorrected_page_3.jpg
Saved figure: D0065_err-corr_mean_diff_ErrorTrials_Stimulus_Locked-CorrectTrials_Stimulus_Locked_uncorrected_page_4.jpg
Extracting EDF parameters from /cwork/etb28/BIDS-1.1_GlobalLocal/BIDS/derivatives/clean/sub-D0069/ieeg/sub-D0069_task-GlobalLocal_acq-01_run-01_desc-clean_ieeg.edf...
EDF file detected
Setting channel info structure...
Creating raw.info structure...
Reading events from /cwork/etb28/BIDS-1.1_GlobalLocal/BIDS/derivatives/clean/sub-D0069/ieeg/sub-D0069_task-GlobalLocal_acq-01_run-01_desc-clean_events.tsv.
Reading channel info from /cwork/etb28/BIDS-1.1_GlobalLocal/BIDS/derivatives/clean/sub-D0069/ieeg/sub-D0069_task-GlobalLocal_acq-01_run-01_desc-clean_channels.tsv.
Reading electrode coords from /cwork/etb28/BIDS-1.1_GlobalLocal/BIDS/derivatives/clean/sub-D0069/ieeg/sub-D0069_acq-01_space-ACPC_electrodes.tsv.
Not fully anonymizing info - keeping his_id, sex, and hand info
Extracting EDF parameters from /cwork/etb28/BIDS-1.1_GlobalLocal/BIDS/derivatives/clean/sub-D0069/ieeg/sub-D0069_task-GlobalLocal_acq-01_run-02_desc-clean_ieeg.edf...
EDF file detected
Setting channel info structure...
Creating raw.info structure...
Reading events from /cwork/etb28/BIDS-1.1_GlobalLocal/BIDS/derivatives/clean/sub-D0069/ieeg/sub-D0069_task-GlobalLocal_acq-01_run-02_desc-clean_events.tsv.
Reading channel info from /cwork/etb28/BIDS-1.1_GlobalLocal/BIDS/derivatives/clean/sub-D0069/ieeg/sub-D0069_task-GlobalLocal_acq-01_run-02_desc-clean_channels.tsv.
Reading electrode coords from /cwork/etb28/BIDS-1.1_GlobalLocal/BIDS/derivatives/clean/sub-D0069/ieeg/sub-D0069_acq-01_space-ACPC_electrodes.tsv.
Not fully anonymizing info - keeping his_id, sex, and hand info
Extracting EDF parameters from /cwork/etb28/BIDS-1.1_GlobalLocal/BIDS/derivatives/clean/sub-D0069/ieeg/sub-D0069_task-GlobalLocal_acq-01_run-03_desc-clean_ieeg.edf...
EDF file detected
Setting channel info structure...
Creating raw.info structure...
Reading events from /cwork/etb28/BIDS-1.1_GlobalLocal/BIDS/derivatives/clean/sub-D0069/ieeg/sub-D0069_task-GlobalLocal_acq-01_run-03_desc-clean_events.tsv.
Reading channel info from /cwork/etb28/BIDS-1.1_GlobalLocal/BIDS/derivatives/clean/sub-D0069/ieeg/sub-D0069_task-GlobalLocal_acq-01_run-03_desc-clean_channels.tsv.
Reading electrode coords from /cwork/etb28/BIDS-1.1_GlobalLocal/BIDS/derivatives/clean/sub-D0069/ieeg/sub-D0069_acq-01_space-ACPC_electrodes.tsv.
Not fully anonymizing info - keeping his_id, sex, and hand info
Extracting EDF parameters from /cwork/etb28/BIDS-1.1_GlobalLocal/BIDS/derivatives/clean/sub-D0069/ieeg/sub-D0069_task-GlobalLocal_acq-01_run-04_desc-clean_ieeg.edf...
EDF file detected
Setting channel info structure...
Creating raw.info structure...
Reading events from /cwork/etb28/BIDS-1.1_GlobalLocal/BIDS/derivatives/clean/sub-D0069/ieeg/sub-D0069_task-GlobalLocal_acq-01_run-04_desc-clean_events.tsv.
Reading channel info from /cwork/etb28/BIDS-1.1_GlobalLocal/BIDS/derivatives/clean/sub-D0069/ieeg/sub-D0069_task-GlobalLocal_acq-01_run-04_desc-clean_channels.tsv.
Reading electrode coords from /cwork/etb28/BIDS-1.1_GlobalLocal/BIDS/derivatives/clean/sub-D0069/ieeg/sub-D0069_acq-01_space-ACPC_electrodes.tsv.
Not fully anonymizing info - keeping his_id, sex, and hand info
<RawEDF | sub-D0069_task-GlobalLocal_acq-01_run-01_desc-clean_ieeg.edf, 132 x 5701632 (2784.0 s), ~151 kB, data not loaded>
outlier round 1 channels: ['LTAS9']
outlier round 1 channels: ['LTAS9', 'LTMS11']
outlier round 2 channels: ['LTAS9', 'LTMS11', 'LTAS10']
outlier round 2 channels: ['LTAS9', 'LTMS11', 'LTAS10', 'LTMS12']
Reading 0 ... 3834215  =      0.000 ...  1872.175 secs...
Applying average reference.
Applying a custom ('sEEG',) reference.
Subject D0069 average RT: 1.6991089999998508
Reading /cwork/etb28/BIDS-1.1_GlobalLocal/BIDS/derivatives/spec/wavelet/D0069/ErrorTrials_Stimulus_Locked_uncorrected-tfr.h5 ...
Reading /cwork/etb28/BIDS-1.1_GlobalLocal/BIDS/derivatives/spec/wavelet/D0069/CorrectTrials_Stimulus_Locked_uncorrected-tfr.h5 ...
Reading /cwork/etb28/BIDS-1.1_GlobalLocal/BIDS/derivatives/spec/wavelet/D0069/ErrorTrials_Stimulus_Locked_uncorrected-tfr.h5 ...
Reading /cwork/etb28/BIDS-1.1_GlobalLocal/BIDS/derivatives/spec/wavelet/D0069/CorrectTrials_Stimulus_Locked_uncorrected-tfr.h5 ...
Saved figure: D0069_err-corr_sig_wavelet_clusters_ErrorTrials_Stimulus_Locked-CorrectTrials_Stimulus_Locked_uncorrected_page_1.jpg
Saved figure: D0069_err-corr_sig_wavelet_clusters_ErrorTrials_Stimulus_Locked-CorrectTrials_Stimulus_Locked_uncorrected_page_2.jpg
Saved figure: D0069_err-corr_sig_wavelet_clusters_ErrorTrials_Stimulus_Locked-CorrectTrials_Stimulus_Locked_uncorrected_page_3.jpg
Saved figure: D0069_err-corr_mean_diff_ErrorTrials_Stimulus_Locked-CorrectTrials_Stimulus_Locked_uncorrected_page_1.jpg
Saved figure: D0069_err-corr_mean_diff_ErrorTrials_Stimulus_Locked-CorrectTrials_Stimulus_Locked_uncorrected_page_2.jpg
Saved figure: D0069_err-corr_mean_diff_ErrorTrials_Stimulus_Locked-CorrectTrials_Stimulus_Locked_uncorrected_page_3.jpg
Extracting EDF parameters from /cwork/etb28/BIDS-1.1_GlobalLocal/BIDS/derivatives/clean/sub-D0071/ieeg/sub-D0071_task-GlobalLocal_acq-01_run-01_desc-clean_ieeg.edf...
EDF file detected
Setting channel info structure...
Creating raw.info structure...
Reading events from /cwork/etb28/BIDS-1.1_GlobalLocal/BIDS/derivatives/clean/sub-D0071/ieeg/sub-D0071_task-GlobalLocal_acq-01_run-01_desc-clean_events.tsv.
Reading channel info from /cwork/etb28/BIDS-1.1_GlobalLocal/BIDS/derivatives/clean/sub-D0071/ieeg/sub-D0071_task-GlobalLocal_acq-01_run-01_desc-clean_channels.tsv.
Reading electrode coords from /cwork/etb28/BIDS-1.1_GlobalLocal/BIDS/derivatives/clean/sub-D0071/ieeg/sub-D0071_acq-01_space-ACPC_electrodes.tsv.
Not fully anonymizing info - keeping his_id, sex, and hand info
Extracting EDF parameters from /cwork/etb28/BIDS-1.1_GlobalLocal/BIDS/derivatives/clean/sub-D0071/ieeg/sub-D0071_task-GlobalLocal_acq-01_run-02_desc-clean_ieeg.edf...
EDF file detected
Setting channel info structure...
Creating raw.info structure...
Reading events from /cwork/etb28/BIDS-1.1_GlobalLocal/BIDS/derivatives/clean/sub-D0071/ieeg/sub-D0071_task-GlobalLocal_acq-01_run-02_desc-clean_events.tsv.
Reading channel info from /cwork/etb28/BIDS-1.1_GlobalLocal/BIDS/derivatives/clean/sub-D0071/ieeg/sub-D0071_task-GlobalLocal_acq-01_run-02_desc-clean_channels.tsv.
Reading electrode coords from /cwork/etb28/BIDS-1.1_GlobalLocal/BIDS/derivatives/clean/sub-D0071/ieeg/sub-D0071_acq-01_space-ACPC_electrodes.tsv.
Not fully anonymizing info - keeping his_id, sex, and hand info
Extracting EDF parameters from /cwork/etb28/BIDS-1.1_GlobalLocal/BIDS/derivatives/clean/sub-D0071/ieeg/sub-D0071_task-GlobalLocal_acq-01_run-03_desc-clean_ieeg.edf...
EDF file detected
Setting channel info structure...
Creating raw.info structure...
Reading events from /cwork/etb28/BIDS-1.1_GlobalLocal/BIDS/derivatives/clean/sub-D0071/ieeg/sub-D0071_task-GlobalLocal_acq-01_run-03_desc-clean_events.tsv.
Reading channel info from /cwork/etb28/BIDS-1.1_GlobalLocal/BIDS/derivatives/clean/sub-D0071/ieeg/sub-D0071_task-GlobalLocal_acq-01_run-03_desc-clean_channels.tsv.
Reading electrode coords from /cwork/etb28/BIDS-1.1_GlobalLocal/BIDS/derivatives/clean/sub-D0071/ieeg/sub-D0071_acq-01_space-ACPC_electrodes.tsv.
Not fully anonymizing info - keeping his_id, sex, and hand info
Extracting EDF parameters from /cwork/etb28/BIDS-1.1_GlobalLocal/BIDS/derivatives/clean/sub-D0071/ieeg/sub-D0071_task-GlobalLocal_acq-01_run-04_desc-clean_ieeg.edf...
EDF file detected
Setting channel info structure...
Creating raw.info structure...
Reading events from /cwork/etb28/BIDS-1.1_GlobalLocal/BIDS/derivatives/clean/sub-D0071/ieeg/sub-D0071_task-GlobalLocal_acq-01_run-04_desc-clean_events.tsv.
Reading channel info from /cwork/etb28/BIDS-1.1_GlobalLocal/BIDS/derivatives/clean/sub-D0071/ieeg/sub-D0071_task-GlobalLocal_acq-01_run-04_desc-clean_channels.tsv.
Reading electrode coords from /cwork/etb28/BIDS-1.1_GlobalLocal/BIDS/derivatives/clean/sub-D0071/ieeg/sub-D0071_acq-01_space-ACPC_electrodes.tsv.
Not fully anonymizing info - keeping his_id, sex, and hand info
<RawEDF | sub-D0071_task-GlobalLocal_acq-01_run-01_desc-clean_ieeg.edf, 162 x 6021120 (2940.0 s), ~184 kB, data not loaded>
outlier round 1 channels: ['RTAS7']
outlier round 1 channels: ['RTAS7', 'RTMM15']
outlier round 1 channels: ['RTAS7', 'RTMM15', 'RTMM16']
outlier round 2 channels: ['RTAS7', 'RTMM15', 'RTMM16', 'RFO15']
outlier round 2 channels: ['RTAS7', 'RTMM15', 'RTMM16', 'RFO15', 'RTAS8']
outlier round 2 channels: ['RTAS7', 'RTMM15', 'RTMM16', 'RFO15', 'RTAS8', 'RTAS11']
Reading 0 ... 3894323  =      0.000 ...  1901.525 secs...
Applying average reference.
Applying a custom ('sEEG',) reference.
Subject D0071 average RT: 1.1659999999999968
Reading /cwork/etb28/BIDS-1.1_GlobalLocal/BIDS/derivatives/spec/wavelet/D0071/ErrorTrials_Stimulus_Locked_uncorrected-tfr.h5 ...
Reading /cwork/etb28/BIDS-1.1_GlobalLocal/BIDS/derivatives/spec/wavelet/D0071/CorrectTrials_Stimulus_Locked_uncorrected-tfr.h5 ...
Reading /cwork/etb28/BIDS-1.1_GlobalLocal/BIDS/derivatives/spec/wavelet/D0071/ErrorTrials_Stimulus_Locked_uncorrected-tfr.h5 ...
Reading /cwork/etb28/BIDS-1.1_GlobalLocal/BIDS/derivatives/spec/wavelet/D0071/CorrectTrials_Stimulus_Locked_uncorrected-tfr.h5 ...
Saved figure: D0071_err-corr_sig_wavelet_clusters_ErrorTrials_Stimulus_Locked-CorrectTrials_Stimulus_Locked_uncorrected_page_1.jpg
Saved figure: D0071_err-corr_sig_wavelet_clusters_ErrorTrials_Stimulus_Locked-CorrectTrials_Stimulus_Locked_uncorrected_page_2.jpg
Saved figure: D0071_err-corr_sig_wavelet_clusters_ErrorTrials_Stimulus_Locked-CorrectTrials_Stimulus_Locked_uncorrected_page_3.jpg
Saved figure: D0071_err-corr_mean_diff_ErrorTrials_Stimulus_Locked-CorrectTrials_Stimulus_Locked_uncorrected_page_1.jpg
Saved figure: D0071_err-corr_mean_diff_ErrorTrials_Stimulus_Locked-CorrectTrials_Stimulus_Locked_uncorrected_page_2.jpg
Saved figure: D0071_err-corr_mean_diff_ErrorTrials_Stimulus_Locked-CorrectTrials_Stimulus_Locked_uncorrected_page_3.jpg
Extracting EDF parameters from /cwork/etb28/BIDS-1.1_GlobalLocal/BIDS/derivatives/clean/sub-D0077/ieeg/sub-D0077_task-GlobalLocal_acq-01_run-01_desc-clean_ieeg.edf...
EDF file detected
Setting channel info structure...
Creating raw.info structure...
Reading events from /cwork/etb28/BIDS-1.1_GlobalLocal/BIDS/derivatives/clean/sub-D0077/ieeg/sub-D0077_task-GlobalLocal_acq-01_run-01_desc-clean_events.tsv.
Reading channel info from /cwork/etb28/BIDS-1.1_GlobalLocal/BIDS/derivatives/clean/sub-D0077/ieeg/sub-D0077_task-GlobalLocal_acq-01_run-01_desc-clean_channels.tsv.
Reading electrode coords from /cwork/etb28/BIDS-1.1_GlobalLocal/BIDS/derivatives/clean/sub-D0077/ieeg/sub-D0077_acq-01_space-ACPC_electrodes.tsv.
Not fully anonymizing info - keeping his_id, sex, and hand info
Extracting EDF parameters from /cwork/etb28/BIDS-1.1_GlobalLocal/BIDS/derivatives/clean/sub-D0077/ieeg/sub-D0077_task-GlobalLocal_acq-01_run-02_desc-clean_ieeg.edf...
EDF file detected
Setting channel info structure...
Creating raw.info structure...
Reading events from /cwork/etb28/BIDS-1.1_GlobalLocal/BIDS/derivatives/clean/sub-D0077/ieeg/sub-D0077_task-GlobalLocal_acq-01_run-02_desc-clean_events.tsv.
Reading channel info from /cwork/etb28/BIDS-1.1_GlobalLocal/BIDS/derivatives/clean/sub-D0077/ieeg/sub-D0077_task-GlobalLocal_acq-01_run-02_desc-clean_channels.tsv.
Reading electrode coords from /cwork/etb28/BIDS-1.1_GlobalLocal/BIDS/derivatives/clean/sub-D0077/ieeg/sub-D0077_acq-01_space-ACPC_electrodes.tsv.
Not fully anonymizing info - keeping his_id, sex, and hand info
Extracting EDF parameters from /cwork/etb28/BIDS-1.1_GlobalLocal/BIDS/derivatives/clean/sub-D0077/ieeg/sub-D0077_task-GlobalLocal_acq-01_run-03_desc-clean_ieeg.edf...
EDF file detected
Setting channel info structure...
Creating raw.info structure...
Reading events from /cwork/etb28/BIDS-1.1_GlobalLocal/BIDS/derivatives/clean/sub-D0077/ieeg/sub-D0077_task-GlobalLocal_acq-01_run-03_desc-clean_events.tsv.
Reading channel info from /cwork/etb28/BIDS-1.1_GlobalLocal/BIDS/derivatives/clean/sub-D0077/ieeg/sub-D0077_task-GlobalLocal_acq-01_run-03_desc-clean_channels.tsv.
Reading electrode coords from /cwork/etb28/BIDS-1.1_GlobalLocal/BIDS/derivatives/clean/sub-D0077/ieeg/sub-D0077_acq-01_space-ACPC_electrodes.tsv.
Not fully anonymizing info - keeping his_id, sex, and hand info
Extracting EDF parameters from /cwork/etb28/BIDS-1.1_GlobalLocal/BIDS/derivatives/clean/sub-D0077/ieeg/sub-D0077_task-GlobalLocal_acq-01_run-04_desc-clean_ieeg.edf...
EDF file detected
Setting channel info structure...
Creating raw.info structure...
Reading events from /cwork/etb28/BIDS-1.1_GlobalLocal/BIDS/derivatives/clean/sub-D0077/ieeg/sub-D0077_task-GlobalLocal_acq-01_run-04_desc-clean_events.tsv.
Reading channel info from /cwork/etb28/BIDS-1.1_GlobalLocal/BIDS/derivatives/clean/sub-D0077/ieeg/sub-D0077_task-GlobalLocal_acq-01_run-04_desc-clean_channels.tsv.
Reading electrode coords from /cwork/etb28/BIDS-1.1_GlobalLocal/BIDS/derivatives/clean/sub-D0077/ieeg/sub-D0077_acq-01_space-ACPC_electrodes.tsv.
Not fully anonymizing info - keeping his_id, sex, and hand info
<RawEDF | sub-D0077_task-GlobalLocal_acq-01_run-01_desc-clean_ieeg.edf, 134 x 5812224 (2838.0 s), ~153 kB, data not loaded>
outlier round 1 channels: ['ROAM8']
outlier round 2 channels: ['ROAM8', 'RTAM1']
outlier round 2 channels: ['ROAM8', 'RTAM1', 'ROPM7']
Reading 0 ... 3888853  =      0.000 ...  1898.854 secs...
Applying average reference.
Applying a custom ('sEEG',) reference.
Subject D0077 average RT: 1.6489259999999604
Reading /cwork/etb28/BIDS-1.1_GlobalLocal/BIDS/derivatives/spec/wavelet/D0077/ErrorTrials_Stimulus_Locked_uncorrected-tfr.h5 ...
Reading /cwork/etb28/BIDS-1.1_GlobalLocal/BIDS/derivatives/spec/wavelet/D0077/CorrectTrials_Stimulus_Locked_uncorrected-tfr.h5 ...
Reading /cwork/etb28/BIDS-1.1_GlobalLocal/BIDS/derivatives/spec/wavelet/D0077/ErrorTrials_Stimulus_Locked_uncorrected-tfr.h5 ...
Reading /cwork/etb28/BIDS-1.1_GlobalLocal/BIDS/derivatives/spec/wavelet/D0077/CorrectTrials_Stimulus_Locked_uncorrected-tfr.h5 ...
Saved figure: D0077_err-corr_sig_wavelet_clusters_ErrorTrials_Stimulus_Locked-CorrectTrials_Stimulus_Locked_uncorrected_page_1.jpg
Saved figure: D0077_err-corr_sig_wavelet_clusters_ErrorTrials_Stimulus_Locked-CorrectTrials_Stimulus_Locked_uncorrected_page_2.jpg
Saved figure: D0077_err-corr_sig_wavelet_clusters_ErrorTrials_Stimulus_Locked-CorrectTrials_Stimulus_Locked_uncorrected_page_3.jpg
Saved figure: D0077_err-corr_mean_diff_ErrorTrials_Stimulus_Locked-CorrectTrials_Stimulus_Locked_uncorrected_page_1.jpg
Saved figure: D0077_err-corr_mean_diff_ErrorTrials_Stimulus_Locked-CorrectTrials_Stimulus_Locked_uncorrected_page_2.jpg
Saved figure: D0077_err-corr_mean_diff_ErrorTrials_Stimulus_Locked-CorrectTrials_Stimulus_Locked_uncorrected_page_3.jpg
Extracting EDF parameters from /cwork/etb28/BIDS-1.1_GlobalLocal/BIDS/derivatives/clean/sub-D0090/ieeg/sub-D0090_task-GlobalLocal_acq-01_run-01_desc-clean_ieeg.edf...
EDF file detected
Setting channel info structure...
Creating raw.info structure...
Reading events from /cwork/etb28/BIDS-1.1_GlobalLocal/BIDS/derivatives/clean/sub-D0090/ieeg/sub-D0090_task-GlobalLocal_acq-01_run-01_desc-clean_events.tsv.
Reading channel info from /cwork/etb28/BIDS-1.1_GlobalLocal/BIDS/derivatives/clean/sub-D0090/ieeg/sub-D0090_task-GlobalLocal_acq-01_run-01_desc-clean_channels.tsv.
Reading electrode coords from /cwork/etb28/BIDS-1.1_GlobalLocal/BIDS/derivatives/clean/sub-D0090/ieeg/sub-D0090_acq-01_space-ACPC_electrodes.tsv.
Not fully anonymizing info - keeping his_id, sex, and hand info
Extracting EDF parameters from /cwork/etb28/BIDS-1.1_GlobalLocal/BIDS/derivatives/clean/sub-D0090/ieeg/sub-D0090_task-GlobalLocal_acq-01_run-02_desc-clean_ieeg.edf...
EDF file detected
Setting channel info structure...
Creating raw.info structure...
Reading events from /cwork/etb28/BIDS-1.1_GlobalLocal/BIDS/derivatives/clean/sub-D0090/ieeg/sub-D0090_task-GlobalLocal_acq-01_run-02_desc-clean_events.tsv.
Reading channel info from /cwork/etb28/BIDS-1.1_GlobalLocal/BIDS/derivatives/clean/sub-D0090/ieeg/sub-D0090_task-GlobalLocal_acq-01_run-02_desc-clean_channels.tsv.
Reading electrode coords from /cwork/etb28/BIDS-1.1_GlobalLocal/BIDS/derivatives/clean/sub-D0090/ieeg/sub-D0090_acq-01_space-ACPC_electrodes.tsv.
Not fully anonymizing info - keeping his_id, sex, and hand info
Extracting EDF parameters from /cwork/etb28/BIDS-1.1_GlobalLocal/BIDS/derivatives/clean/sub-D0090/ieeg/sub-D0090_task-GlobalLocal_acq-01_run-03_desc-clean_ieeg.edf...
EDF file detected
Setting channel info structure...
Creating raw.info structure...
Reading events from /cwork/etb28/BIDS-1.1_GlobalLocal/BIDS/derivatives/clean/sub-D0090/ieeg/sub-D0090_task-GlobalLocal_acq-01_run-03_desc-clean_events.tsv.
Reading channel info from /cwork/etb28/BIDS-1.1_GlobalLocal/BIDS/derivatives/clean/sub-D0090/ieeg/sub-D0090_task-GlobalLocal_acq-01_run-03_desc-clean_channels.tsv.
Reading electrode coords from /cwork/etb28/BIDS-1.1_GlobalLocal/BIDS/derivatives/clean/sub-D0090/ieeg/sub-D0090_acq-01_space-ACPC_electrodes.tsv.
Not fully anonymizing info - keeping his_id, sex, and hand info
Extracting EDF parameters from /cwork/etb28/BIDS-1.1_GlobalLocal/BIDS/derivatives/clean/sub-D0090/ieeg/sub-D0090_task-GlobalLocal_acq-01_run-04_desc-clean_ieeg.edf...
EDF file detected
Setting channel info structure...
Creating raw.info structure...
Reading events from /cwork/etb28/BIDS-1.1_GlobalLocal/BIDS/derivatives/clean/sub-D0090/ieeg/sub-D0090_task-GlobalLocal_acq-01_run-04_desc-clean_events.tsv.
Reading channel info from /cwork/etb28/BIDS-1.1_GlobalLocal/BIDS/derivatives/clean/sub-D0090/ieeg/sub-D0090_task-GlobalLocal_acq-01_run-04_desc-clean_channels.tsv.
Reading electrode coords from /cwork/etb28/BIDS-1.1_GlobalLocal/BIDS/derivatives/clean/sub-D0090/ieeg/sub-D0090_acq-01_space-ACPC_electrodes.tsv.
Not fully anonymizing info - keeping his_id, sex, and hand info
<RawEDF | sub-D0090_task-GlobalLocal_acq-01_run-01_desc-clean_ieeg.edf, 164 x 6801408 (3321.0 s), ~186 kB, data not loaded>
outlier round 1 channels: ['RFO16']
outlier round 1 channels: ['RFO16', 'RTMM3']
outlier round 1 channels: ['RFO16', 'RTMM3', 'RTMM4']
outlier round 2 channels: ['RFO16', 'RTMM3', 'RTMM4', 'RIP13']
outlier round 2 channels: ['RFO16', 'RTMM3', 'RTMM4', 'RIP13', 'RIP14']
outlier round 2 channels: ['RFO16', 'RTMM3', 'RTMM4', 'RIP13', 'RIP14', 'RTMS6']
outlier round 2 channels: ['RFO16', 'RTMM3', 'RTMM4', 'RIP13', 'RIP14', 'RTMS6', 'RTMM12']
Reading 0 ... 3383065  =      0.000 ...  1651.887 secs...
Applying average reference.
Applying a custom ('sEEG',) reference.
Subject D0090 average RT: 1.232910999999831
Reading /cwork/etb28/BIDS-1.1_GlobalLocal/BIDS/derivatives/spec/wavelet/D0090/ErrorTrials_Stimulus_Locked_uncorrected-tfr.h5 ...
Reading /cwork/etb28/BIDS-1.1_GlobalLocal/BIDS/derivatives/spec/wavelet/D0090/CorrectTrials_Stimulus_Locked_uncorrected-tfr.h5 ...
Reading /cwork/etb28/BIDS-1.1_GlobalLocal/BIDS/derivatives/spec/wavelet/D0090/ErrorTrials_Stimulus_Locked_uncorrected-tfr.h5 ...
Reading /cwork/etb28/BIDS-1.1_GlobalLocal/BIDS/derivatives/spec/wavelet/D0090/CorrectTrials_Stimulus_Locked_uncorrected-tfr.h5 ...
Saved figure: D0090_err-corr_sig_wavelet_clusters_ErrorTrials_Stimulus_Locked-CorrectTrials_Stimulus_Locked_uncorrected_page_1.jpg
Saved figure: D0090_err-corr_sig_wavelet_clusters_ErrorTrials_Stimulus_Locked-CorrectTrials_Stimulus_Locked_uncorrected_page_2.jpg
Saved figure: D0090_err-corr_sig_wavelet_clusters_ErrorTrials_Stimulus_Locked-CorrectTrials_Stimulus_Locked_uncorrected_page_3.jpg
Saved figure: D0090_err-corr_mean_diff_ErrorTrials_Stimulus_Locked-CorrectTrials_Stimulus_Locked_uncorrected_page_1.jpg
Saved figure: D0090_err-corr_mean_diff_ErrorTrials_Stimulus_Locked-CorrectTrials_Stimulus_Locked_uncorrected_page_2.jpg
Saved figure: D0090_err-corr_mean_diff_ErrorTrials_Stimulus_Locked-CorrectTrials_Stimulus_Locked_uncorrected_page_3.jpg
Extracting EDF parameters from /cwork/etb28/BIDS-1.1_GlobalLocal/BIDS/derivatives/clean/sub-D0100/ieeg/sub-D0100_task-GlobalLocal_acq-01_run-01_desc-clean_ieeg.edf...
EDF file detected
Setting channel info structure...
Creating raw.info structure...
Reading events from /cwork/etb28/BIDS-1.1_GlobalLocal/BIDS/derivatives/clean/sub-D0100/ieeg/sub-D0100_task-GlobalLocal_acq-01_run-01_desc-clean_events.tsv.
Reading channel info from /cwork/etb28/BIDS-1.1_GlobalLocal/BIDS/derivatives/clean/sub-D0100/ieeg/sub-D0100_task-GlobalLocal_acq-01_run-01_desc-clean_channels.tsv.
Reading electrode coords from /cwork/etb28/BIDS-1.1_GlobalLocal/BIDS/derivatives/clean/sub-D0100/ieeg/sub-D0100_acq-01_space-ACPC_electrodes.tsv.
Not fully anonymizing info - keeping his_id, sex, and hand info
Extracting EDF parameters from /cwork/etb28/BIDS-1.1_GlobalLocal/BIDS/derivatives/clean/sub-D0100/ieeg/sub-D0100_task-GlobalLocal_acq-01_run-02_desc-clean_ieeg.edf...
EDF file detected
Setting channel info structure...
Creating raw.info structure...
Reading events from /cwork/etb28/BIDS-1.1_GlobalLocal/BIDS/derivatives/clean/sub-D0100/ieeg/sub-D0100_task-GlobalLocal_acq-01_run-02_desc-clean_events.tsv.
Reading channel info from /cwork/etb28/BIDS-1.1_GlobalLocal/BIDS/derivatives/clean/sub-D0100/ieeg/sub-D0100_task-GlobalLocal_acq-01_run-02_desc-clean_channels.tsv.
Reading electrode coords from /cwork/etb28/BIDS-1.1_GlobalLocal/BIDS/derivatives/clean/sub-D0100/ieeg/sub-D0100_acq-01_space-ACPC_electrodes.tsv.
Not fully anonymizing info - keeping his_id, sex, and hand info
Extracting EDF parameters from /cwork/etb28/BIDS-1.1_GlobalLocal/BIDS/derivatives/clean/sub-D0100/ieeg/sub-D0100_task-GlobalLocal_acq-01_run-03_desc-clean_ieeg.edf...
EDF file detected
Setting channel info structure...
Creating raw.info structure...
Reading events from /cwork/etb28/BIDS-1.1_GlobalLocal/BIDS/derivatives/clean/sub-D0100/ieeg/sub-D0100_task-GlobalLocal_acq-01_run-03_desc-clean_events.tsv.
Reading channel info from /cwork/etb28/BIDS-1.1_GlobalLocal/BIDS/derivatives/clean/sub-D0100/ieeg/sub-D0100_task-GlobalLocal_acq-01_run-03_desc-clean_channels.tsv.
Reading electrode coords from /cwork/etb28/BIDS-1.1_GlobalLocal/BIDS/derivatives/clean/sub-D0100/ieeg/sub-D0100_acq-01_space-ACPC_electrodes.tsv.
Not fully anonymizing info - keeping his_id, sex, and hand info
Extracting EDF parameters from /cwork/etb28/BIDS-1.1_GlobalLocal/BIDS/derivatives/clean/sub-D0100/ieeg/sub-D0100_task-GlobalLocal_acq-01_run-04_desc-clean_ieeg.edf...
EDF file detected
Setting channel info structure...
Creating raw.info structure...
Reading events from /cwork/etb28/BIDS-1.1_GlobalLocal/BIDS/derivatives/clean/sub-D0100/ieeg/sub-D0100_task-GlobalLocal_acq-01_run-04_desc-clean_events.tsv.
Reading channel info from /cwork/etb28/BIDS-1.1_GlobalLocal/BIDS/derivatives/clean/sub-D0100/ieeg/sub-D0100_task-GlobalLocal_acq-01_run-04_desc-clean_channels.tsv.
Reading electrode coords from /cwork/etb28/BIDS-1.1_GlobalLocal/BIDS/derivatives/clean/sub-D0100/ieeg/sub-D0100_acq-01_space-ACPC_electrodes.tsv.
Not fully anonymizing info - keeping his_id, sex, and hand info
<RawEDF | sub-D0100_task-GlobalLocal_acq-01_run-01_desc-clean_ieeg.edf, 230 x 6502400 (3175.0 s), ~258 kB, data not loaded>
outlier round 1 channels: ['LTPS8']
outlier round 2 channels: ['LTPS8', 'LTMM3']
outlier round 2 channels: ['LTPS8', 'LTMM3', 'LTMM4']
outlier round 2 channels: ['LTPS8', 'LTMM3', 'LTMM4', 'LTPM5']
outlier round 2 channels: ['LTPS8', 'LTMM3', 'LTMM4', 'LTPM5', 'LOAI3']
outlier round 2 channels: ['LTPS8', 'LTMM3', 'LTMM4', 'LTPM5', 'LOAI3', 'LOMI1']
Reading 0 ... 3377518  =      0.000 ...  1649.179 secs...
Applying average reference.
Applying a custom ('sEEG',) reference.
Subject D0100 average RT: 1.1992190000000846
Reading /cwork/etb28/BIDS-1.1_GlobalLocal/BIDS/derivatives/spec/wavelet/D0100/ErrorTrials_Stimulus_Locked_uncorrected-tfr.h5 ...
Reading /cwork/etb28/BIDS-1.1_GlobalLocal/BIDS/derivatives/spec/wavelet/D0100/CorrectTrials_Stimulus_Locked_uncorrected-tfr.h5 ...
Reading /cwork/etb28/BIDS-1.1_GlobalLocal/BIDS/derivatives/spec/wavelet/D0100/ErrorTrials_Stimulus_Locked_uncorrected-tfr.h5 ...
Reading /cwork/etb28/BIDS-1.1_GlobalLocal/BIDS/derivatives/spec/wavelet/D0100/CorrectTrials_Stimulus_Locked_uncorrected-tfr.h5 ...
Saved figure: D0100_err-corr_sig_wavelet_clusters_ErrorTrials_Stimulus_Locked-CorrectTrials_Stimulus_Locked_uncorrected_page_1.jpg
Saved figure: D0100_err-corr_sig_wavelet_clusters_ErrorTrials_Stimulus_Locked-CorrectTrials_Stimulus_Locked_uncorrected_page_2.jpg
Saved figure: D0100_err-corr_sig_wavelet_clusters_ErrorTrials_Stimulus_Locked-CorrectTrials_Stimulus_Locked_uncorrected_page_3.jpg
Saved figure: D0100_err-corr_sig_wavelet_clusters_ErrorTrials_Stimulus_Locked-CorrectTrials_Stimulus_Locked_uncorrected_page_4.jpg
Saved figure: D0100_err-corr_mean_diff_ErrorTrials_Stimulus_Locked-CorrectTrials_Stimulus_Locked_uncorrected_page_1.jpg
Saved figure: D0100_err-corr_mean_diff_ErrorTrials_Stimulus_Locked-CorrectTrials_Stimulus_Locked_uncorrected_page_2.jpg
Saved figure: D0100_err-corr_mean_diff_ErrorTrials_Stimulus_Locked-CorrectTrials_Stimulus_Locked_uncorrected_page_3.jpg
Saved figure: D0100_err-corr_mean_diff_ErrorTrials_Stimulus_Locked-CorrectTrials_Stimulus_Locked_uncorrected_page_4.jpg
Extracting EDF parameters from /cwork/etb28/BIDS-1.1_GlobalLocal/BIDS/derivatives/clean/sub-D0102/ieeg/sub-D0102_task-GlobalLocal_acq-01_run-01_desc-clean_ieeg.edf...
EDF file detected
Setting channel info structure...
Creating raw.info structure...
Reading events from /cwork/etb28/BIDS-1.1_GlobalLocal/BIDS/derivatives/clean/sub-D0102/ieeg/sub-D0102_task-GlobalLocal_acq-01_run-01_desc-clean_events.tsv.
Reading channel info from /cwork/etb28/BIDS-1.1_GlobalLocal/BIDS/derivatives/clean/sub-D0102/ieeg/sub-D0102_task-GlobalLocal_acq-01_run-01_desc-clean_channels.tsv.
Reading electrode coords from /cwork/etb28/BIDS-1.1_GlobalLocal/BIDS/derivatives/clean/sub-D0102/ieeg/sub-D0102_acq-01_space-ACPC_electrodes.tsv.
Not fully anonymizing info - keeping his_id, sex, and hand info
Extracting EDF parameters from /cwork/etb28/BIDS-1.1_GlobalLocal/BIDS/derivatives/clean/sub-D0102/ieeg/sub-D0102_task-GlobalLocal_acq-01_run-02_desc-clean_ieeg.edf...
EDF file detected
Setting channel info structure...
Creating raw.info structure...
Reading events from /cwork/etb28/BIDS-1.1_GlobalLocal/BIDS/derivatives/clean/sub-D0102/ieeg/sub-D0102_task-GlobalLocal_acq-01_run-02_desc-clean_events.tsv.
Reading channel info from /cwork/etb28/BIDS-1.1_GlobalLocal/BIDS/derivatives/clean/sub-D0102/ieeg/sub-D0102_task-GlobalLocal_acq-01_run-02_desc-clean_channels.tsv.
Reading electrode coords from /cwork/etb28/BIDS-1.1_GlobalLocal/BIDS/derivatives/clean/sub-D0102/ieeg/sub-D0102_acq-01_space-ACPC_electrodes.tsv.
Not fully anonymizing info - keeping his_id, sex, and hand info
Extracting EDF parameters from /cwork/etb28/BIDS-1.1_GlobalLocal/BIDS/derivatives/clean/sub-D0102/ieeg/sub-D0102_task-GlobalLocal_acq-01_run-03_desc-clean_ieeg.edf...
EDF file detected
Setting channel info structure...
Creating raw.info structure...
Reading events from /cwork/etb28/BIDS-1.1_GlobalLocal/BIDS/derivatives/clean/sub-D0102/ieeg/sub-D0102_task-GlobalLocal_acq-01_run-03_desc-clean_events.tsv.
Reading channel info from /cwork/etb28/BIDS-1.1_GlobalLocal/BIDS/derivatives/clean/sub-D0102/ieeg/sub-D0102_task-GlobalLocal_acq-01_run-03_desc-clean_channels.tsv.
Reading electrode coords from /cwork/etb28/BIDS-1.1_GlobalLocal/BIDS/derivatives/clean/sub-D0102/ieeg/sub-D0102_acq-01_space-ACPC_electrodes.tsv.
Not fully anonymizing info - keeping his_id, sex, and hand info
Extracting EDF parameters from /cwork/etb28/BIDS-1.1_GlobalLocal/BIDS/derivatives/clean/sub-D0102/ieeg/sub-D0102_task-GlobalLocal_acq-01_run-04_desc-clean_ieeg.edf...
EDF file detected
Setting channel info structure...
Creating raw.info structure...
Reading events from /cwork/etb28/BIDS-1.1_GlobalLocal/BIDS/derivatives/clean/sub-D0102/ieeg/sub-D0102_task-GlobalLocal_acq-01_run-04_desc-clean_events.tsv.
Reading channel info from /cwork/etb28/BIDS-1.1_GlobalLocal/BIDS/derivatives/clean/sub-D0102/ieeg/sub-D0102_task-GlobalLocal_acq-01_run-04_desc-clean_channels.tsv.
Reading electrode coords from /cwork/etb28/BIDS-1.1_GlobalLocal/BIDS/derivatives/clean/sub-D0102/ieeg/sub-D0102_acq-01_space-ACPC_electrodes.tsv.
Not fully anonymizing info - keeping his_id, sex, and hand info
<RawEDF | sub-D0102_task-GlobalLocal_acq-01_run-01_desc-clean_ieeg.edf, 227 x 7403520 (3615.0 s), ~255 kB, data not loaded>
outlier round 1 channels: ['LTAM15']
outlier round 2 channels: ['LTAM15', 'LTMM2']
outlier round 2 channels: ['LTAM15', 'LTMM2', 'LTMM3']
outlier round 2 channels: ['LTAM15', 'LTMM2', 'LTMM3', 'RTP3']
outlier round 2 channels: ['LTAM15', 'LTMM2', 'LTMM3', 'RTP3', 'RTP4']
outlier round 2 channels: ['LTAM15', 'LTMM2', 'LTMM3', 'RTP3', 'RTP4', 'RTP11']
outlier round 2 channels: ['LTAM15', 'LTMM2', 'LTMM3', 'RTP3', 'RTP4', 'RTP11', 'RTP12']
outlier round 2 channels: ['LTAM15', 'LTMM2', 'LTMM3', 'RTP3', 'RTP4', 'RTP11', 'RTP12', 'RTAM1']
Reading 0 ... 3633653  =      0.000 ...  1774.245 secs...
Applying average reference.
Applying a custom ('sEEG',) reference.
Subject D0102 average RT: 1.1162110000000212
Reading /cwork/etb28/BIDS-1.1_GlobalLocal/BIDS/derivatives/spec/wavelet/D0102/ErrorTrials_Stimulus_Locked_uncorrected-tfr.h5 ...
Reading /cwork/etb28/BIDS-1.1_GlobalLocal/BIDS/derivatives/spec/wavelet/D0102/CorrectTrials_Stimulus_Locked_uncorrected-tfr.h5 ...
Reading /cwork/etb28/BIDS-1.1_GlobalLocal/BIDS/derivatives/spec/wavelet/D0102/ErrorTrials_Stimulus_Locked_uncorrected-tfr.h5 ...
Reading /cwork/etb28/BIDS-1.1_GlobalLocal/BIDS/derivatives/spec/wavelet/D0102/CorrectTrials_Stimulus_Locked_uncorrected-tfr.h5 ...
Saved figure: D0102_err-corr_sig_wavelet_clusters_ErrorTrials_Stimulus_Locked-CorrectTrials_Stimulus_Locked_uncorrected_page_1.jpg
Saved figure: D0102_err-corr_sig_wavelet_clusters_ErrorTrials_Stimulus_Locked-CorrectTrials_Stimulus_Locked_uncorrected_page_2.jpg
Saved figure: D0102_err-corr_sig_wavelet_clusters_ErrorTrials_Stimulus_Locked-CorrectTrials_Stimulus_Locked_uncorrected_page_3.jpg
Saved figure: D0102_err-corr_sig_wavelet_clusters_ErrorTrials_Stimulus_Locked-CorrectTrials_Stimulus_Locked_uncorrected_page_4.jpg
Saved figure: D0102_err-corr_mean_diff_ErrorTrials_Stimulus_Locked-CorrectTrials_Stimulus_Locked_uncorrected_page_1.jpg
Saved figure: D0102_err-corr_mean_diff_ErrorTrials_Stimulus_Locked-CorrectTrials_Stimulus_Locked_uncorrected_page_2.jpg
Saved figure: D0102_err-corr_mean_diff_ErrorTrials_Stimulus_Locked-CorrectTrials_Stimulus_Locked_uncorrected_page_3.jpg
Saved figure: D0102_err-corr_mean_diff_ErrorTrials_Stimulus_Locked-CorrectTrials_Stimulus_Locked_uncorrected_page_4.jpg
Extracting EDF parameters from /cwork/etb28/BIDS-1.1_GlobalLocal/BIDS/derivatives/clean/sub-D0103/ieeg/sub-D0103_task-GlobalLocal_acq-01_run-01_desc-clean_ieeg.edf...
EDF file detected
Setting channel info structure...
Creating raw.info structure...
Reading events from /cwork/etb28/BIDS-1.1_GlobalLocal/BIDS/derivatives/clean/sub-D0103/ieeg/sub-D0103_task-GlobalLocal_acq-01_run-01_desc-clean_events.tsv.
Reading channel info from /cwork/etb28/BIDS-1.1_GlobalLocal/BIDS/derivatives/clean/sub-D0103/ieeg/sub-D0103_task-GlobalLocal_acq-01_run-01_desc-clean_channels.tsv.
Reading electrode coords from /cwork/etb28/BIDS-1.1_GlobalLocal/BIDS/derivatives/clean/sub-D0103/ieeg/sub-D0103_acq-01_space-ACPC_electrodes.tsv.
Not fully anonymizing info - keeping his_id, sex, and hand info
Extracting EDF parameters from /cwork/etb28/BIDS-1.1_GlobalLocal/BIDS/derivatives/clean/sub-D0103/ieeg/sub-D0103_task-GlobalLocal_acq-01_run-02_desc-clean_ieeg.edf...
EDF file detected
Setting channel info structure...
Creating raw.info structure...
Reading events from /cwork/etb28/BIDS-1.1_GlobalLocal/BIDS/derivatives/clean/sub-D0103/ieeg/sub-D0103_task-GlobalLocal_acq-01_run-02_desc-clean_events.tsv.
Reading channel info from /cwork/etb28/BIDS-1.1_GlobalLocal/BIDS/derivatives/clean/sub-D0103/ieeg/sub-D0103_task-GlobalLocal_acq-01_run-02_desc-clean_channels.tsv.
Reading electrode coords from /cwork/etb28/BIDS-1.1_GlobalLocal/BIDS/derivatives/clean/sub-D0103/ieeg/sub-D0103_acq-01_space-ACPC_electrodes.tsv.
Not fully anonymizing info - keeping his_id, sex, and hand info
Extracting EDF parameters from /cwork/etb28/BIDS-1.1_GlobalLocal/BIDS/derivatives/clean/sub-D0103/ieeg/sub-D0103_task-GlobalLocal_acq-01_run-03_desc-clean_ieeg.edf...
EDF file detected
Setting channel info structure...
Creating raw.info structure...
Reading events from /cwork/etb28/BIDS-1.1_GlobalLocal/BIDS/derivatives/clean/sub-D0103/ieeg/sub-D0103_task-GlobalLocal_acq-01_run-03_desc-clean_events.tsv.
Reading channel info from /cwork/etb28/BIDS-1.1_GlobalLocal/BIDS/derivatives/clean/sub-D0103/ieeg/sub-D0103_task-GlobalLocal_acq-01_run-03_desc-clean_channels.tsv.
Reading electrode coords from /cwork/etb28/BIDS-1.1_GlobalLocal/BIDS/derivatives/clean/sub-D0103/ieeg/sub-D0103_acq-01_space-ACPC_electrodes.tsv.
Not fully anonymizing info - keeping his_id, sex, and hand info
Extracting EDF parameters from /cwork/etb28/BIDS-1.1_GlobalLocal/BIDS/derivatives/clean/sub-D0103/ieeg/sub-D0103_task-GlobalLocal_acq-01_run-04_desc-clean_ieeg.edf...
EDF file detected
Setting channel info structure...
Creating raw.info structure...
Reading events from /cwork/etb28/BIDS-1.1_GlobalLocal/BIDS/derivatives/clean/sub-D0103/ieeg/sub-D0103_task-GlobalLocal_acq-01_run-04_desc-clean_events.tsv.
Reading channel info from /cwork/etb28/BIDS-1.1_GlobalLocal/BIDS/derivatives/clean/sub-D0103/ieeg/sub-D0103_task-GlobalLocal_acq-01_run-04_desc-clean_channels.tsv.
Reading electrode coords from /cwork/etb28/BIDS-1.1_GlobalLocal/BIDS/derivatives/clean/sub-D0103/ieeg/sub-D0103_acq-01_space-ACPC_electrodes.tsv.
Not fully anonymizing info - keeping his_id, sex, and hand info
<RawEDF | sub-D0103_task-GlobalLocal_acq-01_run-01_desc-clean_ieeg.edf, 225 x 7454720 (3640.0 s), ~253 kB, data not loaded>
outlier round 1 channels: ['LTMI8']
outlier round 2 channels: ['LTMI8', 'LFAM1']
outlier round 2 channels: ['LTMI8', 'LFAM1', 'LTPI1']
Reading 0 ... 3438141  =      0.000 ...  1678.780 secs...
Applying average reference.
Applying a custom ('sEEG',) reference.
Subject D0103 average RT: 1.0659179999997832
Reading /cwork/etb28/BIDS-1.1_GlobalLocal/BIDS/derivatives/spec/wavelet/D0103/ErrorTrials_Stimulus_Locked_uncorrected-tfr.h5 ...
Reading /cwork/etb28/BIDS-1.1_GlobalLocal/BIDS/derivatives/spec/wavelet/D0103/CorrectTrials_Stimulus_Locked_uncorrected-tfr.h5 ...
Reading /cwork/etb28/BIDS-1.1_GlobalLocal/BIDS/derivatives/spec/wavelet/D0103/ErrorTrials_Stimulus_Locked_uncorrected-tfr.h5 ...
Reading /cwork/etb28/BIDS-1.1_GlobalLocal/BIDS/derivatives/spec/wavelet/D0103/CorrectTrials_Stimulus_Locked_uncorrected-tfr.h5 ...
