Qt5Agg backend not available, using default backend
Qt5Agg backend not available, using default backend
Qt5Agg backend not available, using default backend
Extracting EDF parameters from /cwork/etb28/BIDS-1.1_GlobalLocal/BIDS/derivatives/clean/sub-D0069/ieeg/sub-D0069_task-GlobalLocal_acq-01_run-01_desc-clean_ieeg.edf...
EDF file detected
Setting channel info structure...
Creating raw.info structure...
Reading events from /cwork/etb28/BIDS-1.1_GlobalLocal/BIDS/derivatives/clean/sub-D0069/ieeg/sub-D0069_task-GlobalLocal_acq-01_run-01_desc-clean_events.tsv.
Reading channel info from /cwork/etb28/BIDS-1.1_GlobalLocal/BIDS/derivatives/clean/sub-D0069/ieeg/sub-D0069_task-GlobalLocal_acq-01_run-01_desc-clean_channels.tsv.
Reading electrode coords from /cwork/etb28/BIDS-1.1_GlobalLocal/BIDS/derivatives/clean/sub-D0069/ieeg/sub-D0069_acq-01_space-ACPC_electrodes.tsv.
Not fully anonymizing info - keeping his_id, sex, and hand info
Extracting EDF parameters from /cwork/etb28/BIDS-1.1_GlobalLocal/BIDS/derivatives/clean/sub-D0069/ieeg/sub-D0069_task-GlobalLocal_acq-01_run-02_desc-clean_ieeg.edf...
EDF file detected
Setting channel info structure...
Creating raw.info structure...
Reading events from /cwork/etb28/BIDS-1.1_GlobalLocal/BIDS/derivatives/clean/sub-D0069/ieeg/sub-D0069_task-GlobalLocal_acq-01_run-02_desc-clean_events.tsv.
Reading channel info from /cwork/etb28/BIDS-1.1_GlobalLocal/BIDS/derivatives/clean/sub-D0069/ieeg/sub-D0069_task-GlobalLocal_acq-01_run-02_desc-clean_channels.tsv.
Reading electrode coords from /cwork/etb28/BIDS-1.1_GlobalLocal/BIDS/derivatives/clean/sub-D0069/ieeg/sub-D0069_acq-01_space-ACPC_electrodes.tsv.
Not fully anonymizing info - keeping his_id, sex, and hand info
Extracting EDF parameters from /cwork/etb28/BIDS-1.1_GlobalLocal/BIDS/derivatives/clean/sub-D0069/ieeg/sub-D0069_task-GlobalLocal_acq-01_run-03_desc-clean_ieeg.edf...
EDF file detected
Setting channel info structure...
Creating raw.info structure...
Reading events from /cwork/etb28/BIDS-1.1_GlobalLocal/BIDS/derivatives/clean/sub-D0069/ieeg/sub-D0069_task-GlobalLocal_acq-01_run-03_desc-clean_events.tsv.
Reading channel info from /cwork/etb28/BIDS-1.1_GlobalLocal/BIDS/derivatives/clean/sub-D0069/ieeg/sub-D0069_task-GlobalLocal_acq-01_run-03_desc-clean_channels.tsv.
Reading electrode coords from /cwork/etb28/BIDS-1.1_GlobalLocal/BIDS/derivatives/clean/sub-D0069/ieeg/sub-D0069_acq-01_space-ACPC_electrodes.tsv.
Not fully anonymizing info - keeping his_id, sex, and hand info
Extracting EDF parameters from /cwork/etb28/BIDS-1.1_GlobalLocal/BIDS/derivatives/clean/sub-D0069/ieeg/sub-D0069_task-GlobalLocal_acq-01_run-04_desc-clean_ieeg.edf...
EDF file detected
Setting channel info structure...
Creating raw.info structure...
Reading events from /cwork/etb28/BIDS-1.1_GlobalLocal/BIDS/derivatives/clean/sub-D0069/ieeg/sub-D0069_task-GlobalLocal_acq-01_run-04_desc-clean_events.tsv.
Reading channel info from /cwork/etb28/BIDS-1.1_GlobalLocal/BIDS/derivatives/clean/sub-D0069/ieeg/sub-D0069_task-GlobalLocal_acq-01_run-04_desc-clean_channels.tsv.
Reading electrode coords from /cwork/etb28/BIDS-1.1_GlobalLocal/BIDS/derivatives/clean/sub-D0069/ieeg/sub-D0069_acq-01_space-ACPC_electrodes.tsv.
Not fully anonymizing info - keeping his_id, sex, and hand info
<RawEDF | sub-D0069_task-GlobalLocal_acq-01_run-01_desc-clean_ieeg.edf, 132 x 5701632 (2784.0 s), ~151 kB, data not loaded>
outlier round 1 channels: ['LTAS9']
outlier round 1 channels: ['LTAS9', 'LTMS11']
outlier round 2 channels: ['LTAS9', 'LTMS11', 'LTAS10']
outlier round 2 channels: ['LTAS9', 'LTMS11', 'LTAS10', 'LTMS12']
Reading 0 ... 3834215  =      0.000 ...  1872.175 secs...
Applying average reference.
Applying a custom ('sEEG',) reference.
Subject D0069 average RT: 1.6991089999998508
Reading /cwork/etb28/BIDS-1.1_GlobalLocal/BIDS/derivatives/spec/multitaper/D0069/ErrorTrials_Response_Locked_uncorrected-tfr.h5 ...
Reading /cwork/etb28/BIDS-1.1_GlobalLocal/BIDS/derivatives/spec/multitaper/D0069/CorrectTrials_Response_Locked_uncorrected-tfr.h5 ...
stat_func returns a tuple. Taking the first element
The unique values in this mask are: [0 1]
Reading /cwork/etb28/BIDS-1.1_GlobalLocal/BIDS/derivatives/spec/multitaper/D0069/ErrorTrials_Response_Locked_uncorrected-tfr.h5 ...
Reading /cwork/etb28/BIDS-1.1_GlobalLocal/BIDS/derivatives/spec/multitaper/D0069/CorrectTrials_Response_Locked_uncorrected-tfr.h5 ...
Saved figure: D0069_err-corr_sig_multitaper_clusters_ErrorTrials_Response_Locked-CorrectTrials_Response_Locked_uncorrected_page_1.jpg
Saved figure: D0069_err-corr_sig_multitaper_clusters_ErrorTrials_Response_Locked-CorrectTrials_Response_Locked_uncorrected_page_2.jpg
Saved figure: D0069_err-corr_sig_multitaper_clusters_ErrorTrials_Response_Locked-CorrectTrials_Response_Locked_uncorrected_page_3.jpg
Saved figure: D0069_err-corr_mean_diff_multitaper_ErrorTrials_Response_Locked-CorrectTrials_Response_Locked_uncorrected_page_1.jpg
Saved figure: D0069_err-corr_mean_diff_multitaper_ErrorTrials_Response_Locked-CorrectTrials_Response_Locked_uncorrected_page_2.jpg
Saved figure: D0069_err-corr_mean_diff_multitaper_ErrorTrials_Response_Locked-CorrectTrials_Response_Locked_uncorrected_page_3.jpg
