/hpc/home/etb28/miniconda3/envs/ieeg/lib/python3.11/site-packages/ieeg/io.py:113: RuntimeWarning: The number of channels in the channels.tsv sidecar file (185) does not match the number of channels in the raw data file (184). Will not try to set channel names.
  new_raw = read_raw_bids(bids_path=BIDS_path, verbose=verbose)
/hpc/home/etb28/miniconda3/envs/ieeg/lib/python3.11/site-packages/ieeg/io.py:113: RuntimeWarning: Cannot set channel type for the following channels, as they are missing in the raw data: Trigger
  new_raw = read_raw_bids(bids_path=BIDS_path, verbose=verbose)
/hpc/home/etb28/miniconda3/envs/ieeg/lib/python3.11/site-packages/ieeg/io.py:113: RuntimeWarning: Omitted 228 annotation(s) that were outside data range.
  new_raw = read_raw_bids(bids_path=BIDS_path, verbose=verbose)
/hpc/home/etb28/miniconda3/envs/ieeg/lib/python3.11/site-packages/ieeg/io.py:113: RuntimeWarning: The number of channels in the channels.tsv sidecar file (185) does not match the number of channels in the raw data file (184). Will not try to set channel names.
  new_raw = read_raw_bids(bids_path=BIDS_path, verbose=verbose)
/hpc/home/etb28/miniconda3/envs/ieeg/lib/python3.11/site-packages/ieeg/io.py:113: RuntimeWarning: Cannot set channel type for the following channels, as they are missing in the raw data: Trigger
  new_raw = read_raw_bids(bids_path=BIDS_path, verbose=verbose)
/hpc/home/etb28/miniconda3/envs/ieeg/lib/python3.11/site-packages/ieeg/io.py:113: RuntimeWarning: Omitted 228 annotation(s) that were outside data range.
  new_raw = read_raw_bids(bids_path=BIDS_path, verbose=verbose)
/hpc/home/etb28/miniconda3/envs/ieeg/lib/python3.11/site-packages/ieeg/io.py:113: RuntimeWarning: The number of channels in the channels.tsv sidecar file (185) does not match the number of channels in the raw data file (184). Will not try to set channel names.
  new_raw = read_raw_bids(bids_path=BIDS_path, verbose=verbose)
/hpc/home/etb28/miniconda3/envs/ieeg/lib/python3.11/site-packages/ieeg/io.py:113: RuntimeWarning: Cannot set channel type for the following channels, as they are missing in the raw data: Trigger
  new_raw = read_raw_bids(bids_path=BIDS_path, verbose=verbose)
/hpc/home/etb28/miniconda3/envs/ieeg/lib/python3.11/site-packages/ieeg/io.py:113: RuntimeWarning: Omitted 226 annotation(s) that were outside data range.
  new_raw = read_raw_bids(bids_path=BIDS_path, verbose=verbose)
/hpc/home/etb28/miniconda3/envs/ieeg/lib/python3.11/site-packages/ieeg/io.py:113: RuntimeWarning: The number of channels in the channels.tsv sidecar file (185) does not match the number of channels in the raw data file (184). Will not try to set channel names.
  new_raw = read_raw_bids(bids_path=BIDS_path, verbose=verbose)
/hpc/home/etb28/miniconda3/envs/ieeg/lib/python3.11/site-packages/ieeg/io.py:113: RuntimeWarning: Cannot set channel type for the following channels, as they are missing in the raw data: Trigger
  new_raw = read_raw_bids(bids_path=BIDS_path, verbose=verbose)
/hpc/home/etb28/miniconda3/envs/ieeg/lib/python3.11/site-packages/ieeg/io.py:113: RuntimeWarning: The number of channels in the channels.tsv sidecar file (185) does not match the number of channels in the raw data file (184). Will not try to set channel names.
  new_raw = read_raw_bids(bids_path=BIDS_path, verbose=verbose)
/hpc/home/etb28/miniconda3/envs/ieeg/lib/python3.11/site-packages/ieeg/io.py:113: RuntimeWarning: Cannot set channel type for the following channels, as they are missing in the raw data: Trigger
  new_raw = read_raw_bids(bids_path=BIDS_path, verbose=verbose)
/hpc/home/etb28/miniconda3/envs/ieeg/lib/python3.11/site-packages/ieeg/io.py:113: RuntimeWarning: Omitted 228 annotation(s) that were outside data range.
  new_raw = read_raw_bids(bids_path=BIDS_path, verbose=verbose)
/hpc/home/etb28/miniconda3/envs/ieeg/lib/python3.11/site-packages/ieeg/io.py:113: RuntimeWarning: The number of channels in the channels.tsv sidecar file (185) does not match the number of channels in the raw data file (184). Will not try to set channel names.
  new_raw = read_raw_bids(bids_path=BIDS_path, verbose=verbose)
/hpc/home/etb28/miniconda3/envs/ieeg/lib/python3.11/site-packages/ieeg/io.py:113: RuntimeWarning: Cannot set channel type for the following channels, as they are missing in the raw data: Trigger
  new_raw = read_raw_bids(bids_path=BIDS_path, verbose=verbose)
/hpc/home/etb28/miniconda3/envs/ieeg/lib/python3.11/site-packages/ieeg/io.py:113: RuntimeWarning: Omitted 228 annotation(s) that were outside data range.
  new_raw = read_raw_bids(bids_path=BIDS_path, verbose=verbose)
/hpc/home/etb28/miniconda3/envs/ieeg/lib/python3.11/site-packages/ieeg/io.py:113: RuntimeWarning: The number of channels in the channels.tsv sidecar file (185) does not match the number of channels in the raw data file (184). Will not try to set channel names.
  new_raw = read_raw_bids(bids_path=BIDS_path, verbose=verbose)
/hpc/home/etb28/miniconda3/envs/ieeg/lib/python3.11/site-packages/ieeg/io.py:113: RuntimeWarning: Cannot set channel type for the following channels, as they are missing in the raw data: Trigger
  new_raw = read_raw_bids(bids_path=BIDS_path, verbose=verbose)
/hpc/home/etb28/miniconda3/envs/ieeg/lib/python3.11/site-packages/ieeg/io.py:113: RuntimeWarning: Omitted 226 annotation(s) that were outside data range.
  new_raw = read_raw_bids(bids_path=BIDS_path, verbose=verbose)
/hpc/home/etb28/miniconda3/envs/ieeg/lib/python3.11/site-packages/ieeg/io.py:113: RuntimeWarning: The number of channels in the channels.tsv sidecar file (185) does not match the number of channels in the raw data file (184). Will not try to set channel names.
  new_raw = read_raw_bids(bids_path=BIDS_path, verbose=verbose)
/hpc/home/etb28/miniconda3/envs/ieeg/lib/python3.11/site-packages/ieeg/io.py:113: RuntimeWarning: Cannot set channel type for the following channels, as they are missing in the raw data: Trigger
  new_raw = read_raw_bids(bids_path=BIDS_path, verbose=verbose)
/hpc/home/etb28/coganlab/etb28/GlobalLocal/src/analysis/spec/wavelet_functions.py:130: RuntimeWarning: Concatenation of Annotations within Epochs is not supported yet. All annotations will be dropped.
  all_trials = mne.concatenate_epochs(all_trials_list)
[Parallel(n_jobs=1)]: Done   1 tasks      | elapsed:    3.8s
[Parallel(n_jobs=1)]: Done   4 tasks      | elapsed:   14.8s
[Parallel(n_jobs=1)]: Done   7 tasks      | elapsed:   25.9s
[Parallel(n_jobs=1)]: Done  12 tasks      | elapsed:   43.9s
[Parallel(n_jobs=1)]: Done  17 tasks      | elapsed:  1.0min
[Parallel(n_jobs=1)]: Done  24 tasks      | elapsed:  1.4min
[Parallel(n_jobs=1)]: Done  31 tasks      | elapsed:  1.9min
[Parallel(n_jobs=1)]: Done  40 tasks      | elapsed:  2.4min
[Parallel(n_jobs=1)]: Done  49 tasks      | elapsed:  2.9min
[Parallel(n_jobs=1)]: Done  60 tasks      | elapsed:  3.6min
[Parallel(n_jobs=1)]: Done  71 tasks      | elapsed:  4.3min
[Parallel(n_jobs=1)]: Done  84 tasks      | elapsed:  5.0min
[Parallel(n_jobs=1)]: Done  97 tasks      | elapsed:  5.8min
[Parallel(n_jobs=1)]: Done 112 tasks      | elapsed:  6.7min
[Parallel(n_jobs=1)]: Done 127 tasks      | elapsed:  7.6min
[Parallel(n_jobs=1)]: Done 144 tasks      | elapsed:  8.6min
[Parallel(n_jobs=1)]: Done 161 tasks      | elapsed:  9.6min
/hpc/home/etb28/miniconda3/envs/ieeg/lib/python3.11/site-packages/ieeg/io.py:113: RuntimeWarning: The number of channels in the channels.tsv sidecar file (185) does not match the number of channels in the raw data file (184). Will not try to set channel names.
  new_raw = read_raw_bids(bids_path=BIDS_path, verbose=verbose)
/hpc/home/etb28/miniconda3/envs/ieeg/lib/python3.11/site-packages/ieeg/io.py:113: RuntimeWarning: Cannot set channel type for the following channels, as they are missing in the raw data: Trigger
  new_raw = read_raw_bids(bids_path=BIDS_path, verbose=verbose)
/hpc/home/etb28/miniconda3/envs/ieeg/lib/python3.11/site-packages/ieeg/io.py:113: RuntimeWarning: Omitted 228 annotation(s) that were outside data range.
  new_raw = read_raw_bids(bids_path=BIDS_path, verbose=verbose)
/hpc/home/etb28/miniconda3/envs/ieeg/lib/python3.11/site-packages/ieeg/io.py:113: RuntimeWarning: The number of channels in the channels.tsv sidecar file (185) does not match the number of channels in the raw data file (184). Will not try to set channel names.
  new_raw = read_raw_bids(bids_path=BIDS_path, verbose=verbose)
/hpc/home/etb28/miniconda3/envs/ieeg/lib/python3.11/site-packages/ieeg/io.py:113: RuntimeWarning: Cannot set channel type for the following channels, as they are missing in the raw data: Trigger
  new_raw = read_raw_bids(bids_path=BIDS_path, verbose=verbose)
/hpc/home/etb28/miniconda3/envs/ieeg/lib/python3.11/site-packages/ieeg/io.py:113: RuntimeWarning: Omitted 228 annotation(s) that were outside data range.
  new_raw = read_raw_bids(bids_path=BIDS_path, verbose=verbose)
/hpc/home/etb28/miniconda3/envs/ieeg/lib/python3.11/site-packages/ieeg/io.py:113: RuntimeWarning: The number of channels in the channels.tsv sidecar file (185) does not match the number of channels in the raw data file (184). Will not try to set channel names.
  new_raw = read_raw_bids(bids_path=BIDS_path, verbose=verbose)
/hpc/home/etb28/miniconda3/envs/ieeg/lib/python3.11/site-packages/ieeg/io.py:113: RuntimeWarning: Cannot set channel type for the following channels, as they are missing in the raw data: Trigger
  new_raw = read_raw_bids(bids_path=BIDS_path, verbose=verbose)
/hpc/home/etb28/miniconda3/envs/ieeg/lib/python3.11/site-packages/ieeg/io.py:113: RuntimeWarning: Omitted 226 annotation(s) that were outside data range.
  new_raw = read_raw_bids(bids_path=BIDS_path, verbose=verbose)
/hpc/home/etb28/miniconda3/envs/ieeg/lib/python3.11/site-packages/ieeg/io.py:113: RuntimeWarning: The number of channels in the channels.tsv sidecar file (185) does not match the number of channels in the raw data file (184). Will not try to set channel names.
  new_raw = read_raw_bids(bids_path=BIDS_path, verbose=verbose)
/hpc/home/etb28/miniconda3/envs/ieeg/lib/python3.11/site-packages/ieeg/io.py:113: RuntimeWarning: Cannot set channel type for the following channels, as they are missing in the raw data: Trigger
  new_raw = read_raw_bids(bids_path=BIDS_path, verbose=verbose)
/hpc/home/etb28/coganlab/etb28/GlobalLocal/src/analysis/spec/wavelet_functions.py:130: RuntimeWarning: Concatenation of Annotations within Epochs is not supported yet. All annotations will be dropped.
  all_trials = mne.concatenate_epochs(all_trials_list)
[Parallel(n_jobs=1)]: Done   1 tasks      | elapsed:    0.3s
[Parallel(n_jobs=1)]: Done   4 tasks      | elapsed:    1.4s
[Parallel(n_jobs=1)]: Done   7 tasks      | elapsed:    2.4s
[Parallel(n_jobs=1)]: Done  12 tasks      | elapsed:    4.1s
[Parallel(n_jobs=1)]: Done  17 tasks      | elapsed:    5.9s
[Parallel(n_jobs=1)]: Done  24 tasks      | elapsed:    8.3s
[Parallel(n_jobs=1)]: Done  31 tasks      | elapsed:   10.7s
[Parallel(n_jobs=1)]: Done  40 tasks      | elapsed:   13.8s
[Parallel(n_jobs=1)]: Done  49 tasks      | elapsed:   16.9s
[Parallel(n_jobs=1)]: Done  60 tasks      | elapsed:   20.6s
[Parallel(n_jobs=1)]: Done  71 tasks      | elapsed:   24.4s
[Parallel(n_jobs=1)]: Done  84 tasks      | elapsed:   28.9s
[Parallel(n_jobs=1)]: Done  97 tasks      | elapsed:   33.4s
[Parallel(n_jobs=1)]: Done 112 tasks      | elapsed:   38.6s
[Parallel(n_jobs=1)]: Done 127 tasks      | elapsed:   44.0s
[Parallel(n_jobs=1)]: Done 144 tasks      | elapsed:   50.1s
[Parallel(n_jobs=1)]: Done 161 tasks      | elapsed:   56.3s
/hpc/home/etb28/coganlab/etb28/GlobalLocal/dcc_scripts/spec/make_wavelets_dcc.py:94: RuntimeWarning: This filename (/cwork/etb28/BIDS-1.1_GlobalLocal/BIDS/derivatives/spec/wavelet/D0059/ErrorTrials_Stimulus_Locked_rescaled-avg.fif) does not conform to MNE naming conventions. All time-frequency object files should end with .h5 or .hdf5
  spec_rescaled.save(os.path.join(save_dir, f'{output_name}_rescaled-avg.fif'), overwrite=True)
/hpc/home/etb28/coganlab/etb28/GlobalLocal/dcc_scripts/spec/make_wavelets_dcc.py:95: RuntimeWarning: This filename (/cwork/etb28/BIDS-1.1_GlobalLocal/BIDS/derivatives/spec/wavelet/D0059/ErrorTrials_Stimulus_Locked_uncorrected-avg.fif) does not conform to MNE naming conventions. All time-frequency object files should end with .h5 or .hdf5
  spec.save(os.path.join(save_dir, f'{output_name}_uncorrected-avg.fif'), overwrite=True)
/hpc/home/etb28/miniconda3/envs/ieeg/lib/python3.11/site-packages/ieeg/io.py:113: RuntimeWarning: The number of channels in the channels.tsv sidecar file (185) does not match the number of channels in the raw data file (184). Will not try to set channel names.
  new_raw = read_raw_bids(bids_path=BIDS_path, verbose=verbose)
/hpc/home/etb28/miniconda3/envs/ieeg/lib/python3.11/site-packages/ieeg/io.py:113: RuntimeWarning: Cannot set channel type for the following channels, as they are missing in the raw data: Trigger
  new_raw = read_raw_bids(bids_path=BIDS_path, verbose=verbose)
/hpc/home/etb28/miniconda3/envs/ieeg/lib/python3.11/site-packages/ieeg/io.py:113: RuntimeWarning: Omitted 228 annotation(s) that were outside data range.
  new_raw = read_raw_bids(bids_path=BIDS_path, verbose=verbose)
/hpc/home/etb28/miniconda3/envs/ieeg/lib/python3.11/site-packages/ieeg/io.py:113: RuntimeWarning: The number of channels in the channels.tsv sidecar file (185) does not match the number of channels in the raw data file (184). Will not try to set channel names.
  new_raw = read_raw_bids(bids_path=BIDS_path, verbose=verbose)
/hpc/home/etb28/miniconda3/envs/ieeg/lib/python3.11/site-packages/ieeg/io.py:113: RuntimeWarning: Cannot set channel type for the following channels, as they are missing in the raw data: Trigger
  new_raw = read_raw_bids(bids_path=BIDS_path, verbose=verbose)
/hpc/home/etb28/miniconda3/envs/ieeg/lib/python3.11/site-packages/ieeg/io.py:113: RuntimeWarning: Omitted 228 annotation(s) that were outside data range.
  new_raw = read_raw_bids(bids_path=BIDS_path, verbose=verbose)
/hpc/home/etb28/miniconda3/envs/ieeg/lib/python3.11/site-packages/ieeg/io.py:113: RuntimeWarning: The number of channels in the channels.tsv sidecar file (185) does not match the number of channels in the raw data file (184). Will not try to set channel names.
  new_raw = read_raw_bids(bids_path=BIDS_path, verbose=verbose)
/hpc/home/etb28/miniconda3/envs/ieeg/lib/python3.11/site-packages/ieeg/io.py:113: RuntimeWarning: Cannot set channel type for the following channels, as they are missing in the raw data: Trigger
  new_raw = read_raw_bids(bids_path=BIDS_path, verbose=verbose)
/hpc/home/etb28/miniconda3/envs/ieeg/lib/python3.11/site-packages/ieeg/io.py:113: RuntimeWarning: Omitted 226 annotation(s) that were outside data range.
  new_raw = read_raw_bids(bids_path=BIDS_path, verbose=verbose)
/hpc/home/etb28/miniconda3/envs/ieeg/lib/python3.11/site-packages/ieeg/io.py:113: RuntimeWarning: The number of channels in the channels.tsv sidecar file (185) does not match the number of channels in the raw data file (184). Will not try to set channel names.
  new_raw = read_raw_bids(bids_path=BIDS_path, verbose=verbose)
/hpc/home/etb28/miniconda3/envs/ieeg/lib/python3.11/site-packages/ieeg/io.py:113: RuntimeWarning: Cannot set channel type for the following channels, as they are missing in the raw data: Trigger
  new_raw = read_raw_bids(bids_path=BIDS_path, verbose=verbose)
/hpc/home/etb28/coganlab/etb28/GlobalLocal/src/analysis/spec/wavelet_functions.py:130: RuntimeWarning: Concatenation of Annotations within Epochs is not supported yet. All annotations will be dropped.
  all_trials = mne.concatenate_epochs(all_trials_list)
[Parallel(n_jobs=1)]: Done   1 tasks      | elapsed:    7.3s
[Parallel(n_jobs=1)]: Done   4 tasks      | elapsed:   29.6s
[Parallel(n_jobs=1)]: Done   7 tasks      | elapsed:   51.6s
[Parallel(n_jobs=1)]: Done  12 tasks      | elapsed:  1.5min
[Parallel(n_jobs=1)]: Done  17 tasks      | elapsed:  2.1min
[Parallel(n_jobs=1)]: Done  24 tasks      | elapsed:  2.9min
[Parallel(n_jobs=1)]: Done  31 tasks      | elapsed:  3.8min
[Parallel(n_jobs=1)]: Done  40 tasks      | elapsed:  4.9min
[Parallel(n_jobs=1)]: Done  49 tasks      | elapsed:  6.0min
[Parallel(n_jobs=1)]: Done  60 tasks      | elapsed:  7.3min
[Parallel(n_jobs=1)]: Done  71 tasks      | elapsed:  8.6min
[Parallel(n_jobs=1)]: Done  84 tasks      | elapsed: 10.1min
[Parallel(n_jobs=1)]: Done  97 tasks      | elapsed: 11.7min
[Parallel(n_jobs=1)]: Done 112 tasks      | elapsed: 13.5min
[Parallel(n_jobs=1)]: Done 127 tasks      | elapsed: 15.3min
[Parallel(n_jobs=1)]: Done 144 tasks      | elapsed: 17.3min
[Parallel(n_jobs=1)]: Done 161 tasks      | elapsed: 19.3min
/hpc/home/etb28/coganlab/etb28/GlobalLocal/dcc_scripts/spec/make_wavelets_dcc.py:94: RuntimeWarning: This filename (/cwork/etb28/BIDS-1.1_GlobalLocal/BIDS/derivatives/spec/wavelet/D0059/CorrectTrials_Stimulus_Locked_rescaled-avg.fif) does not conform to MNE naming conventions. All time-frequency object files should end with .h5 or .hdf5
  spec_rescaled.save(os.path.join(save_dir, f'{output_name}_rescaled-avg.fif'), overwrite=True)
/hpc/home/etb28/coganlab/etb28/GlobalLocal/dcc_scripts/spec/make_wavelets_dcc.py:95: RuntimeWarning: This filename (/cwork/etb28/BIDS-1.1_GlobalLocal/BIDS/derivatives/spec/wavelet/D0059/CorrectTrials_Stimulus_Locked_uncorrected-avg.fif) does not conform to MNE naming conventions. All time-frequency object files should end with .h5 or .hdf5
  spec.save(os.path.join(save_dir, f'{output_name}_uncorrected-avg.fif'), overwrite=True)
