Qt5Agg backend not available, using default backend
Qt5Agg backend not available, using default backend
Qt5Agg backend not available, using default backend
Reading /cwork/etb28/BIDS-1.1_GlobalLocal/BIDS/derivatives/spec/wavelet/D0057/ErrorTrials_Response_Locked_rescaled-tfr.h5 ...
No baseline correction applied
No baseline correction applied
No baseline correction applied
No baseline correction applied
No baseline correction applied
No baseline correction applied
No baseline correction applied
No baseline correction applied
No baseline correction applied
No baseline correction applied
No baseline correction applied
No baseline correction applied
No baseline correction applied
No baseline correction applied
No baseline correction applied
No baseline correction applied
No baseline correction applied
No baseline correction applied
No baseline correction applied
No baseline correction applied
No baseline correction applied
No baseline correction applied
No baseline correction applied
No baseline correction applied
No baseline correction applied
No baseline correction applied
No baseline correction applied
No baseline correction applied
No baseline correction applied
No baseline correction applied
No baseline correction applied
No baseline correction applied
No baseline correction applied
No baseline correction applied
No baseline correction applied
No baseline correction applied
No baseline correction applied
No baseline correction applied
No baseline correction applied
No baseline correction applied
No baseline correction applied
No baseline correction applied
No baseline correction applied
No baseline correction applied
No baseline correction applied
No baseline correction applied
No baseline correction applied
No baseline correction applied
No baseline correction applied
No baseline correction applied
No baseline correction applied
No baseline correction applied
No baseline correction applied
No baseline correction applied
No baseline correction applied
No baseline correction applied
No baseline correction applied
No baseline correction applied
No baseline correction applied
No baseline correction applied
No baseline correction applied
No baseline correction applied
No baseline correction applied
No baseline correction applied
No baseline correction applied
No baseline correction applied
No baseline correction applied
No baseline correction applied
No baseline correction applied
No baseline correction applied
No baseline correction applied
No baseline correction applied
No baseline correction applied
No baseline correction applied
No baseline correction applied
No baseline correction applied
No baseline correction applied
No baseline correction applied
No baseline correction applied
No baseline correction applied
No baseline correction applied
No baseline correction applied
No baseline correction applied
No baseline correction applied
No baseline correction applied
No baseline correction applied
No baseline correction applied
No baseline correction applied
No baseline correction applied
No baseline correction applied
No baseline correction applied
No baseline correction applied
No baseline correction applied
No baseline correction applied
No baseline correction applied
No baseline correction applied
No baseline correction applied
No baseline correction applied
No baseline correction applied
No baseline correction applied
No baseline correction applied
No baseline correction applied
No baseline correction applied
No baseline correction applied
No baseline correction applied
No baseline correction applied
No baseline correction applied
No baseline correction applied
No baseline correction applied
No baseline correction applied
No baseline correction applied
No baseline correction applied
No baseline correction applied
No baseline correction applied
No baseline correction applied
No baseline correction applied
No baseline correction applied
No baseline correction applied
No baseline correction applied
No baseline correction applied
No baseline correction applied
No baseline correction applied
No baseline correction applied
No baseline correction applied
No baseline correction applied
No baseline correction applied
No baseline correction applied
No baseline correction applied
No baseline correction applied
No baseline correction applied
No baseline correction applied
No baseline correction applied
No baseline correction applied
No baseline correction applied
No baseline correction applied
No baseline correction applied
No baseline correction applied
No baseline correction applied
No baseline correction applied
No baseline correction applied
No baseline correction applied
No baseline correction applied
No baseline correction applied
No baseline correction applied
No baseline correction applied
No baseline correction applied
No baseline correction applied
No baseline correction applied
No baseline correction applied
No baseline correction applied
No baseline correction applied
No baseline correction applied
No baseline correction applied
No baseline correction applied
No baseline correction applied
No baseline correction applied
No baseline correction applied
No baseline correction applied
No baseline correction applied
No baseline correction applied
No baseline correction applied
No baseline correction applied
No baseline correction applied
No baseline correction applied
No baseline correction applied
No baseline correction applied
No baseline correction applied
No baseline correction applied
No baseline correction applied
No baseline correction applied
No baseline correction applied
No baseline correction applied
No baseline correction applied
No baseline correction applied
No baseline correction applied
Saved figure: D0057_ErrorTrials_Response_Locked_rescaled_1.jpg
Saved figure: D0057_ErrorTrials_Response_Locked_rescaled_2.jpg
Saved figure: D0057_ErrorTrials_Response_Locked_rescaled_3.jpg
Reading /cwork/etb28/BIDS-1.1_GlobalLocal/BIDS/derivatives/spec/wavelet/D0057/CorrectTrials_Response_Locked_rescaled-tfr.h5 ...
No baseline correction applied
No baseline correction applied
No baseline correction applied
No baseline correction applied
No baseline correction applied
No baseline correction applied
No baseline correction applied
No baseline correction applied
No baseline correction applied
No baseline correction applied
No baseline correction applied
No baseline correction applied
No baseline correction applied
No baseline correction applied
No baseline correction applied
No baseline correction applied
No baseline correction applied
No baseline correction applied
No baseline correction applied
No baseline correction applied
No baseline correction applied
No baseline correction applied
No baseline correction applied
No baseline correction applied
No baseline correction applied
No baseline correction applied
No baseline correction applied
No baseline correction applied
No baseline correction applied
No baseline correction applied
No baseline correction applied
No baseline correction applied
No baseline correction applied
No baseline correction applied
No baseline correction applied
No baseline correction applied
No baseline correction applied
No baseline correction applied
No baseline correction applied
No baseline correction applied
No baseline correction applied
No baseline correction applied
No baseline correction applied
No baseline correction applied
No baseline correction applied
No baseline correction applied
No baseline correction applied
No baseline correction applied
No baseline correction applied
No baseline correction applied
No baseline correction applied
No baseline correction applied
No baseline correction applied
No baseline correction applied
No baseline correction applied
No baseline correction applied
No baseline correction applied
No baseline correction applied
No baseline correction applied
No baseline correction applied
No baseline correction applied
No baseline correction applied
No baseline correction applied
No baseline correction applied
No baseline correction applied
No baseline correction applied
No baseline correction applied
No baseline correction applied
No baseline correction applied
No baseline correction applied
No baseline correction applied
No baseline correction applied
No baseline correction applied
No baseline correction applied
No baseline correction applied
No baseline correction applied
No baseline correction applied
No baseline correction applied
No baseline correction applied
No baseline correction applied
No baseline correction applied
No baseline correction applied
No baseline correction applied
No baseline correction applied
No baseline correction applied
No baseline correction applied
No baseline correction applied
No baseline correction applied
No baseline correction applied
No baseline correction applied
No baseline correction applied
No baseline correction applied
No baseline correction applied
No baseline correction applied
No baseline correction applied
No baseline correction applied
No baseline correction applied
No baseline correction applied
No baseline correction applied
No baseline correction applied
No baseline correction applied
No baseline correction applied
No baseline correction applied
No baseline correction applied
No baseline correction applied
No baseline correction applied
No baseline correction applied
No baseline correction applied
No baseline correction applied
No baseline correction applied
No baseline correction applied
No baseline correction applied
No baseline correction applied
No baseline correction applied
No baseline correction applied
No baseline correction applied
No baseline correction applied
No baseline correction applied
No baseline correction applied
No baseline correction applied
No baseline correction applied
No baseline correction applied
No baseline correction applied
No baseline correction applied
No baseline correction applied
No baseline correction applied
No baseline correction applied
No baseline correction applied
No baseline correction applied
No baseline correction applied
No baseline correction applied
No baseline correction applied
No baseline correction applied
No baseline correction applied
No baseline correction applied
No baseline correction applied
No baseline correction applied
No baseline correction applied
No baseline correction applied
No baseline correction applied
No baseline correction applied
No baseline correction applied
No baseline correction applied
No baseline correction applied
No baseline correction applied
No baseline correction applied
No baseline correction applied
No baseline correction applied
No baseline correction applied
No baseline correction applied
No baseline correction applied
No baseline correction applied
No baseline correction applied
No baseline correction applied
No baseline correction applied
No baseline correction applied
No baseline correction applied
No baseline correction applied
No baseline correction applied
No baseline correction applied
No baseline correction applied
No baseline correction applied
No baseline correction applied
No baseline correction applied
No baseline correction applied
No baseline correction applied
No baseline correction applied
No baseline correction applied
No baseline correction applied
No baseline correction applied
No baseline correction applied
No baseline correction applied
No baseline correction applied
No baseline correction applied
No baseline correction applied
Saved figure: D0057_CorrectTrials_Response_Locked_rescaled_1.jpg
Saved figure: D0057_CorrectTrials_Response_Locked_rescaled_2.jpg
Saved figure: D0057_CorrectTrials_Response_Locked_rescaled_3.jpg
