<<<<<<< HEAD
/hpc/home/etb28/miniconda3/envs/ieeg/lib/python3.11/site-packages/ieeg/io.py:113: RuntimeWarning: The number of channels in the channels.tsv sidecar file (179) does not match the number of channels in the raw data file (178). Will not try to set channel names.
  new_raw = read_raw_bids(bids_path=BIDS_path, verbose=verbose)
/hpc/home/etb28/miniconda3/envs/ieeg/lib/python3.11/site-packages/ieeg/io.py:113: RuntimeWarning: Cannot set channel type for the following channels, as they are missing in the raw data: Trigger
  new_raw = read_raw_bids(bids_path=BIDS_path, verbose=verbose)
/hpc/home/etb28/miniconda3/envs/ieeg/lib/python3.11/site-packages/ieeg/io.py:113: RuntimeWarning: Omitted 228 annotation(s) that were outside data range.
  new_raw = read_raw_bids(bids_path=BIDS_path, verbose=verbose)
/hpc/home/etb28/miniconda3/envs/ieeg/lib/python3.11/site-packages/ieeg/io.py:113: RuntimeWarning: The number of channels in the channels.tsv sidecar file (179) does not match the number of channels in the raw data file (178). Will not try to set channel names.
  new_raw = read_raw_bids(bids_path=BIDS_path, verbose=verbose)
/hpc/home/etb28/miniconda3/envs/ieeg/lib/python3.11/site-packages/ieeg/io.py:113: RuntimeWarning: Cannot set channel type for the following channels, as they are missing in the raw data: Trigger
  new_raw = read_raw_bids(bids_path=BIDS_path, verbose=verbose)
/hpc/home/etb28/miniconda3/envs/ieeg/lib/python3.11/site-packages/ieeg/io.py:113: RuntimeWarning: Omitted 228 annotation(s) that were outside data range.
  new_raw = read_raw_bids(bids_path=BIDS_path, verbose=verbose)
/hpc/home/etb28/miniconda3/envs/ieeg/lib/python3.11/site-packages/ieeg/io.py:113: RuntimeWarning: The number of channels in the channels.tsv sidecar file (179) does not match the number of channels in the raw data file (178). Will not try to set channel names.
  new_raw = read_raw_bids(bids_path=BIDS_path, verbose=verbose)
/hpc/home/etb28/miniconda3/envs/ieeg/lib/python3.11/site-packages/ieeg/io.py:113: RuntimeWarning: Cannot set channel type for the following channels, as they are missing in the raw data: Trigger
  new_raw = read_raw_bids(bids_path=BIDS_path, verbose=verbose)
/hpc/home/etb28/miniconda3/envs/ieeg/lib/python3.11/site-packages/ieeg/io.py:113: RuntimeWarning: Omitted 226 annotation(s) that were outside data range.
  new_raw = read_raw_bids(bids_path=BIDS_path, verbose=verbose)
/hpc/home/etb28/miniconda3/envs/ieeg/lib/python3.11/site-packages/ieeg/io.py:113: RuntimeWarning: The number of channels in the channels.tsv sidecar file (179) does not match the number of channels in the raw data file (178). Will not try to set channel names.
  new_raw = read_raw_bids(bids_path=BIDS_path, verbose=verbose)
/hpc/home/etb28/miniconda3/envs/ieeg/lib/python3.11/site-packages/ieeg/io.py:113: RuntimeWarning: Cannot set channel type for the following channels, as they are missing in the raw data: Trigger
  new_raw = read_raw_bids(bids_path=BIDS_path, verbose=verbose)
/hpc/home/etb28/miniconda3/envs/ieeg/lib/python3.11/site-packages/scipy/stats/_stats_py.py:1081: RuntimeWarning: divide by zero encountered in divide
  var *= np.divide(n, n-ddof)  # to avoid error on division by zero
/hpc/home/etb28/miniconda3/envs/ieeg/lib/python3.11/site-packages/scipy/stats/_stats_py.py:1081: RuntimeWarning: invalid value encountered in scalar multiply
  var *= np.divide(n, n-ddof)  # to avoid error on division by zero
[Parallel(n_jobs=1)]: Done   1 tasks      | elapsed:   15.5s
[Parallel(n_jobs=1)]: Done   2 tasks      | elapsed:   30.5s
[Parallel(n_jobs=1)]: Done   3 tasks      | elapsed:   45.7s
[Parallel(n_jobs=1)]: Done   4 tasks      | elapsed:  1.0min
[Parallel(n_jobs=1)]: Done   5 tasks      | elapsed:  1.3min
[Parallel(n_jobs=1)]: Done   6 tasks      | elapsed:  1.5min
[Parallel(n_jobs=1)]: Done   7 tasks      | elapsed:  7.0min
[Parallel(n_jobs=1)]: Done   8 tasks      | elapsed:  7.2min
[Parallel(n_jobs=1)]: Done   9 tasks      | elapsed:  7.5min
[Parallel(n_jobs=1)]: Done  10 tasks      | elapsed:  7.7min
[Parallel(n_jobs=1)]: Done  11 tasks      | elapsed: 13.3min
[Parallel(n_jobs=1)]: Done  12 tasks      | elapsed: 13.5min
[Parallel(n_jobs=1)]: Done  13 tasks      | elapsed: 13.8min
[Parallel(n_jobs=1)]: Done  14 tasks      | elapsed: 14.0min
[Parallel(n_jobs=1)]: Done  15 tasks      | elapsed: 19.5min
[Parallel(n_jobs=1)]: Done  16 tasks      | elapsed: 25.1min
[Parallel(n_jobs=1)]: Done  17 tasks      | elapsed: 25.3min
[Parallel(n_jobs=1)]: Done  18 tasks      | elapsed: 25.6min
[Parallel(n_jobs=1)]: Done  19 tasks      | elapsed: 25.8min
[Parallel(n_jobs=1)]: Done  20 tasks      | elapsed: 26.1min
[Parallel(n_jobs=1)]: Done  21 tasks      | elapsed: 26.3min
[Parallel(n_jobs=1)]: Done  22 tasks      | elapsed: 26.6min
[Parallel(n_jobs=1)]: Done  23 tasks      | elapsed: 26.8min
[Parallel(n_jobs=1)]: Done  24 tasks      | elapsed: 27.1min
[Parallel(n_jobs=1)]: Done  25 tasks      | elapsed: 32.6min
[Parallel(n_jobs=1)]: Done  26 tasks      | elapsed: 32.9min
[Parallel(n_jobs=1)]: Done  27 tasks      | elapsed: 33.1min
[Parallel(n_jobs=1)]: Done  28 tasks      | elapsed: 38.7min
[Parallel(n_jobs=1)]: Done  29 tasks      | elapsed: 44.3min
[Parallel(n_jobs=1)]: Done  30 tasks      | elapsed: 49.9min
[Parallel(n_jobs=1)]: Done  31 tasks      | elapsed: 55.6min
[Parallel(n_jobs=1)]: Done  32 tasks      | elapsed: 55.8min
[Parallel(n_jobs=1)]: Done  33 tasks      | elapsed: 56.1min
[Parallel(n_jobs=1)]: Done  34 tasks      | elapsed: 56.3min
[Parallel(n_jobs=1)]: Done  35 tasks      | elapsed: 56.6min
[Parallel(n_jobs=1)]: Done  36 tasks      | elapsed: 56.8min
[Parallel(n_jobs=1)]: Done  37 tasks      | elapsed: 57.1min
[Parallel(n_jobs=1)]: Done  38 tasks      | elapsed: 57.3min
[Parallel(n_jobs=1)]: Done  39 tasks      | elapsed: 57.6min
[Parallel(n_jobs=1)]: Done  40 tasks      | elapsed: 57.8min
[Parallel(n_jobs=1)]: Done  41 tasks      | elapsed: 63.4min
[Parallel(n_jobs=1)]: Done  42 tasks      | elapsed: 63.7min
[Parallel(n_jobs=1)]: Done  43 tasks      | elapsed: 63.9min
[Parallel(n_jobs=1)]: Done  44 tasks      | elapsed: 64.1min
[Parallel(n_jobs=1)]: Done  45 tasks      | elapsed: 64.4min
[Parallel(n_jobs=1)]: Done  46 tasks      | elapsed: 64.6min
[Parallel(n_jobs=1)]: Done  47 tasks      | elapsed: 64.9min
[Parallel(n_jobs=1)]: Done  48 tasks      | elapsed: 65.1min
[Parallel(n_jobs=1)]: Done  49 tasks      | elapsed: 65.4min
[Parallel(n_jobs=1)]: Done  50 tasks      | elapsed: 65.7min
[Parallel(n_jobs=1)]: Done  51 tasks      | elapsed: 65.9min
[Parallel(n_jobs=1)]: Done  52 tasks      | elapsed: 66.2min
[Parallel(n_jobs=1)]: Done  53 tasks      | elapsed: 66.4min
[Parallel(n_jobs=1)]: Done  54 tasks      | elapsed: 72.0min
=======
/hpc/home/etb28/miniconda3/envs/ieeg/lib/python3.11/site-packages/ieeg/io.py:113: RuntimeWarning: The number of channels in the channels.tsv sidecar file (179) does not match the number of channels in the raw data file (178). Will not try to set channel names.
  new_raw = read_raw_bids(bids_path=BIDS_path, verbose=verbose)
/hpc/home/etb28/miniconda3/envs/ieeg/lib/python3.11/site-packages/ieeg/io.py:113: RuntimeWarning: Cannot set channel type for the following channels, as they are missing in the raw data: Trigger
  new_raw = read_raw_bids(bids_path=BIDS_path, verbose=verbose)
/hpc/home/etb28/miniconda3/envs/ieeg/lib/python3.11/site-packages/ieeg/io.py:113: RuntimeWarning: Omitted 228 annotation(s) that were outside data range.
  new_raw = read_raw_bids(bids_path=BIDS_path, verbose=verbose)
/hpc/home/etb28/miniconda3/envs/ieeg/lib/python3.11/site-packages/ieeg/io.py:113: RuntimeWarning: The number of channels in the channels.tsv sidecar file (179) does not match the number of channels in the raw data file (178). Will not try to set channel names.
  new_raw = read_raw_bids(bids_path=BIDS_path, verbose=verbose)
/hpc/home/etb28/miniconda3/envs/ieeg/lib/python3.11/site-packages/ieeg/io.py:113: RuntimeWarning: Cannot set channel type for the following channels, as they are missing in the raw data: Trigger
  new_raw = read_raw_bids(bids_path=BIDS_path, verbose=verbose)
/hpc/home/etb28/miniconda3/envs/ieeg/lib/python3.11/site-packages/ieeg/io.py:113: RuntimeWarning: Omitted 228 annotation(s) that were outside data range.
  new_raw = read_raw_bids(bids_path=BIDS_path, verbose=verbose)
/hpc/home/etb28/miniconda3/envs/ieeg/lib/python3.11/site-packages/ieeg/io.py:113: RuntimeWarning: The number of channels in the channels.tsv sidecar file (179) does not match the number of channels in the raw data file (178). Will not try to set channel names.
  new_raw = read_raw_bids(bids_path=BIDS_path, verbose=verbose)
/hpc/home/etb28/miniconda3/envs/ieeg/lib/python3.11/site-packages/ieeg/io.py:113: RuntimeWarning: Cannot set channel type for the following channels, as they are missing in the raw data: Trigger
  new_raw = read_raw_bids(bids_path=BIDS_path, verbose=verbose)
/hpc/home/etb28/miniconda3/envs/ieeg/lib/python3.11/site-packages/ieeg/io.py:113: RuntimeWarning: Omitted 226 annotation(s) that were outside data range.
  new_raw = read_raw_bids(bids_path=BIDS_path, verbose=verbose)
/hpc/home/etb28/miniconda3/envs/ieeg/lib/python3.11/site-packages/ieeg/io.py:113: RuntimeWarning: The number of channels in the channels.tsv sidecar file (179) does not match the number of channels in the raw data file (178). Will not try to set channel names.
  new_raw = read_raw_bids(bids_path=BIDS_path, verbose=verbose)
/hpc/home/etb28/miniconda3/envs/ieeg/lib/python3.11/site-packages/ieeg/io.py:113: RuntimeWarning: Cannot set channel type for the following channels, as they are missing in the raw data: Trigger
  new_raw = read_raw_bids(bids_path=BIDS_path, verbose=verbose)
/hpc/home/etb28/miniconda3/envs/ieeg/lib/python3.11/site-packages/scipy/stats/_stats_py.py:1081: RuntimeWarning: divide by zero encountered in divide
  var *= np.divide(n, n-ddof)  # to avoid error on division by zero
/hpc/home/etb28/miniconda3/envs/ieeg/lib/python3.11/site-packages/scipy/stats/_stats_py.py:1081: RuntimeWarning: invalid value encountered in scalar multiply
  var *= np.divide(n, n-ddof)  # to avoid error on division by zero
[Parallel(n_jobs=1)]: Done   1 tasks      | elapsed:   15.5s
[Parallel(n_jobs=1)]: Done   2 tasks      | elapsed:   30.5s
[Parallel(n_jobs=1)]: Done   3 tasks      | elapsed:   45.7s
[Parallel(n_jobs=1)]: Done   4 tasks      | elapsed:  1.0min
[Parallel(n_jobs=1)]: Done   5 tasks      | elapsed:  1.3min
[Parallel(n_jobs=1)]: Done   6 tasks      | elapsed:  1.5min
[Parallel(n_jobs=1)]: Done   7 tasks      | elapsed:  7.0min
[Parallel(n_jobs=1)]: Done   8 tasks      | elapsed:  7.2min
[Parallel(n_jobs=1)]: Done   9 tasks      | elapsed:  7.5min
[Parallel(n_jobs=1)]: Done  10 tasks      | elapsed:  7.7min
[Parallel(n_jobs=1)]: Done  11 tasks      | elapsed: 13.3min
[Parallel(n_jobs=1)]: Done  12 tasks      | elapsed: 13.5min
[Parallel(n_jobs=1)]: Done  13 tasks      | elapsed: 13.8min
[Parallel(n_jobs=1)]: Done  14 tasks      | elapsed: 14.0min
[Parallel(n_jobs=1)]: Done  15 tasks      | elapsed: 19.5min
[Parallel(n_jobs=1)]: Done  16 tasks      | elapsed: 25.1min
[Parallel(n_jobs=1)]: Done  17 tasks      | elapsed: 25.3min
[Parallel(n_jobs=1)]: Done  18 tasks      | elapsed: 25.6min
[Parallel(n_jobs=1)]: Done  19 tasks      | elapsed: 25.8min
[Parallel(n_jobs=1)]: Done  20 tasks      | elapsed: 26.1min
[Parallel(n_jobs=1)]: Done  21 tasks      | elapsed: 26.3min
[Parallel(n_jobs=1)]: Done  22 tasks      | elapsed: 26.6min
[Parallel(n_jobs=1)]: Done  23 tasks      | elapsed: 26.8min
[Parallel(n_jobs=1)]: Done  24 tasks      | elapsed: 27.1min
[Parallel(n_jobs=1)]: Done  25 tasks      | elapsed: 32.6min
[Parallel(n_jobs=1)]: Done  26 tasks      | elapsed: 32.9min
[Parallel(n_jobs=1)]: Done  27 tasks      | elapsed: 33.1min
[Parallel(n_jobs=1)]: Done  28 tasks      | elapsed: 38.7min
[Parallel(n_jobs=1)]: Done  29 tasks      | elapsed: 44.3min
[Parallel(n_jobs=1)]: Done  30 tasks      | elapsed: 49.9min
[Parallel(n_jobs=1)]: Done  31 tasks      | elapsed: 55.6min
[Parallel(n_jobs=1)]: Done  32 tasks      | elapsed: 55.8min
[Parallel(n_jobs=1)]: Done  33 tasks      | elapsed: 56.1min
[Parallel(n_jobs=1)]: Done  34 tasks      | elapsed: 56.3min
[Parallel(n_jobs=1)]: Done  35 tasks      | elapsed: 56.6min
[Parallel(n_jobs=1)]: Done  36 tasks      | elapsed: 56.8min
[Parallel(n_jobs=1)]: Done  37 tasks      | elapsed: 57.1min
[Parallel(n_jobs=1)]: Done  38 tasks      | elapsed: 57.3min
[Parallel(n_jobs=1)]: Done  39 tasks      | elapsed: 57.6min
[Parallel(n_jobs=1)]: Done  40 tasks      | elapsed: 57.8min
[Parallel(n_jobs=1)]: Done  41 tasks      | elapsed: 63.4min
[Parallel(n_jobs=1)]: Done  42 tasks      | elapsed: 63.7min
[Parallel(n_jobs=1)]: Done  43 tasks      | elapsed: 63.9min
[Parallel(n_jobs=1)]: Done  44 tasks      | elapsed: 64.1min
[Parallel(n_jobs=1)]: Done  45 tasks      | elapsed: 64.4min
[Parallel(n_jobs=1)]: Done  46 tasks      | elapsed: 64.6min
[Parallel(n_jobs=1)]: Done  47 tasks      | elapsed: 64.9min
[Parallel(n_jobs=1)]: Done  48 tasks      | elapsed: 65.1min
[Parallel(n_jobs=1)]: Done  49 tasks      | elapsed: 65.4min
[Parallel(n_jobs=1)]: Done  50 tasks      | elapsed: 65.7min
[Parallel(n_jobs=1)]: Done  51 tasks      | elapsed: 65.9min
[Parallel(n_jobs=1)]: Done  52 tasks      | elapsed: 66.2min
[Parallel(n_jobs=1)]: Done  53 tasks      | elapsed: 66.4min
[Parallel(n_jobs=1)]: Done  54 tasks      | elapsed: 72.0min
[Parallel(n_jobs=1)]: Done  55 tasks      | elapsed: 72.3min
[Parallel(n_jobs=1)]: Done  56 tasks      | elapsed: 72.5min
[Parallel(n_jobs=1)]: Done  57 tasks      | elapsed: 72.8min
[Parallel(n_jobs=1)]: Done  58 tasks      | elapsed: 78.3min
[Parallel(n_jobs=1)]: Done  59 tasks      | elapsed: 78.6min
[Parallel(n_jobs=1)]: Done  60 tasks      | elapsed: 78.8min
[Parallel(n_jobs=1)]: Done  61 tasks      | elapsed: 79.1min
[Parallel(n_jobs=1)]: Done  62 tasks      | elapsed: 79.3min
[Parallel(n_jobs=1)]: Done  63 tasks      | elapsed: 79.6min
[Parallel(n_jobs=1)]: Done  64 tasks      | elapsed: 79.8min
[Parallel(n_jobs=1)]: Done  65 tasks      | elapsed: 80.1min
[Parallel(n_jobs=1)]: Done  66 tasks      | elapsed: 80.3min
[Parallel(n_jobs=1)]: Done  67 tasks      | elapsed: 80.6min
[Parallel(n_jobs=1)]: Done  68 tasks      | elapsed: 80.8min
[Parallel(n_jobs=1)]: Done  69 tasks      | elapsed: 81.1min
[Parallel(n_jobs=1)]: Done  70 tasks      | elapsed: 81.3min
[Parallel(n_jobs=1)]: Done  71 tasks      | elapsed: 81.6min
[Parallel(n_jobs=1)]: Done  72 tasks      | elapsed: 81.8min
[Parallel(n_jobs=1)]: Done  73 tasks      | elapsed: 87.4min
[Parallel(n_jobs=1)]: Done  74 tasks      | elapsed: 93.0min
[Parallel(n_jobs=1)]: Done  75 tasks      | elapsed: 98.5min
[Parallel(n_jobs=1)]: Done  76 tasks      | elapsed: 98.8min
[Parallel(n_jobs=1)]: Done  77 tasks      | elapsed: 99.0min
[Parallel(n_jobs=1)]: Done  78 tasks      | elapsed: 99.3min
[Parallel(n_jobs=1)]: Done  79 tasks      | elapsed: 99.5min
[Parallel(n_jobs=1)]: Done  80 tasks      | elapsed: 99.8min
[Parallel(n_jobs=1)]: Done  81 tasks      | elapsed: 100.0min
[Parallel(n_jobs=1)]: Done  82 tasks      | elapsed: 100.3min
[Parallel(n_jobs=1)]: Done  83 tasks      | elapsed: 100.5min
[Parallel(n_jobs=1)]: Done  84 tasks      | elapsed: 100.8min
[Parallel(n_jobs=1)]: Done  85 tasks      | elapsed: 106.4min
[Parallel(n_jobs=1)]: Done  86 tasks      | elapsed: 106.6min
[Parallel(n_jobs=1)]: Done  87 tasks      | elapsed: 112.2min
[Parallel(n_jobs=1)]: Done  88 tasks      | elapsed: 112.5min
[Parallel(n_jobs=1)]: Done  89 tasks      | elapsed: 118.0min
[Parallel(n_jobs=1)]: Done  90 tasks      | elapsed: 118.3min
[Parallel(n_jobs=1)]: Done  91 tasks      | elapsed: 118.5min
[Parallel(n_jobs=1)]: Done  92 tasks      | elapsed: 118.8min
[Parallel(n_jobs=1)]: Done  93 tasks      | elapsed: 119.0min
[Parallel(n_jobs=1)]: Done  94 tasks      | elapsed: 124.6min
[Parallel(n_jobs=1)]: Done  95 tasks      | elapsed: 130.1min
[Parallel(n_jobs=1)]: Done  96 tasks      | elapsed: 130.4min
[Parallel(n_jobs=1)]: Done  97 tasks      | elapsed: 135.9min
[Parallel(n_jobs=1)]: Done  98 tasks      | elapsed: 136.1min
[Parallel(n_jobs=1)]: Done  99 tasks      | elapsed: 136.4min
[Parallel(n_jobs=1)]: Done 100 tasks      | elapsed: 136.6min
[Parallel(n_jobs=1)]: Done 101 tasks      | elapsed: 136.9min
[Parallel(n_jobs=1)]: Done 102 tasks      | elapsed: 137.1min
[Parallel(n_jobs=1)]: Done 103 tasks      | elapsed: 137.4min
[Parallel(n_jobs=1)]: Done 104 tasks      | elapsed: 137.6min
[Parallel(n_jobs=1)]: Done 105 tasks      | elapsed: 137.9min
[Parallel(n_jobs=1)]: Done 106 tasks      | elapsed: 138.1min
[Parallel(n_jobs=1)]: Done 107 tasks      | elapsed: 143.7min
[Parallel(n_jobs=1)]: Done 108 tasks      | elapsed: 143.9min
[Parallel(n_jobs=1)]: Done 109 tasks      | elapsed: 144.2min
[Parallel(n_jobs=1)]: Done 110 tasks      | elapsed: 144.4min
[Parallel(n_jobs=1)]: Done 111 tasks      | elapsed: 144.7min
[Parallel(n_jobs=1)]: Done 112 tasks      | elapsed: 150.2min
[Parallel(n_jobs=1)]: Done 113 tasks      | elapsed: 150.4min
[Parallel(n_jobs=1)]: Done 114 tasks      | elapsed: 150.7min
[Parallel(n_jobs=1)]: Done 115 tasks      | elapsed: 150.9min
[Parallel(n_jobs=1)]: Done 116 tasks      | elapsed: 151.2min
[Parallel(n_jobs=1)]: Done 117 tasks      | elapsed: 151.4min
[Parallel(n_jobs=1)]: Done 118 tasks      | elapsed: 151.7min
[Parallel(n_jobs=1)]: Done 119 tasks      | elapsed: 151.9min
[Parallel(n_jobs=1)]: Done 120 tasks      | elapsed: 157.4min
[Parallel(n_jobs=1)]: Done 121 tasks      | elapsed: 157.7min
[Parallel(n_jobs=1)]: Done 122 tasks      | elapsed: 157.9min
[Parallel(n_jobs=1)]: Done 123 tasks      | elapsed: 158.2min
[Parallel(n_jobs=1)]: Done 124 tasks      | elapsed: 158.4min
[Parallel(n_jobs=1)]: Done 125 tasks      | elapsed: 158.7min
[Parallel(n_jobs=1)]: Done 126 tasks      | elapsed: 158.9min
[Parallel(n_jobs=1)]: Done 127 tasks      | elapsed: 159.2min
[Parallel(n_jobs=1)]: Done 128 tasks      | elapsed: 159.4min
[Parallel(n_jobs=1)]: Done 129 tasks      | elapsed: 159.7min
[Parallel(n_jobs=1)]: Done 130 tasks      | elapsed: 159.9min
[Parallel(n_jobs=1)]: Done 131 tasks      | elapsed: 160.2min
[Parallel(n_jobs=1)]: Done 132 tasks      | elapsed: 160.4min
[Parallel(n_jobs=1)]: Done 133 tasks      | elapsed: 160.7min
[Parallel(n_jobs=1)]: Done 134 tasks      | elapsed: 160.9min
[Parallel(n_jobs=1)]: Done 135 tasks      | elapsed: 161.2min
[Parallel(n_jobs=1)]: Done 136 tasks      | elapsed: 161.4min
[Parallel(n_jobs=1)]: Done 137 tasks      | elapsed: 161.7min
[Parallel(n_jobs=1)]: Done 138 tasks      | elapsed: 161.9min
[Parallel(n_jobs=1)]: Done 139 tasks      | elapsed: 162.2min
[Parallel(n_jobs=1)]: Done 140 tasks      | elapsed: 162.4min
[Parallel(n_jobs=1)]: Done 141 tasks      | elapsed: 162.7min
[Parallel(n_jobs=1)]: Done 142 tasks      | elapsed: 162.9min
[Parallel(n_jobs=1)]: Done 143 tasks      | elapsed: 163.2min
[Parallel(n_jobs=1)]: Done 144 tasks      | elapsed: 163.4min
[Parallel(n_jobs=1)]: Done 145 tasks      | elapsed: 169.0min
[Parallel(n_jobs=1)]: Done 146 tasks      | elapsed: 169.2min
[Parallel(n_jobs=1)]: Done 147 tasks      | elapsed: 169.5min
[Parallel(n_jobs=1)]: Done 148 tasks      | elapsed: 169.7min
[Parallel(n_jobs=1)]: Done 149 tasks      | elapsed: 170.0min
[Parallel(n_jobs=1)]: Done 150 tasks      | elapsed: 175.5min
[Parallel(n_jobs=1)]: Done 151 tasks      | elapsed: 175.8min
[Parallel(n_jobs=1)]: Done 152 tasks      | elapsed: 181.3min
[Parallel(n_jobs=1)]: Done 153 tasks      | elapsed: 186.8min
[Parallel(n_jobs=1)]: Done 154 tasks      | elapsed: 187.1min
[Parallel(n_jobs=1)]: Done 155 tasks      | elapsed: 187.3min
[Parallel(n_jobs=1)]: Done 156 tasks      | elapsed: 187.6min
[Parallel(n_jobs=1)]: Done 157 tasks      | elapsed: 187.8min
[Parallel(n_jobs=1)]: Done 158 tasks      | elapsed: 188.1min
[Parallel(n_jobs=1)]: Done 159 tasks      | elapsed: 188.3min
[Parallel(n_jobs=1)]: Done 160 tasks      | elapsed: 188.6min
[Parallel(n_jobs=1)]: Done 161 tasks      | elapsed: 188.8min
[Parallel(n_jobs=1)]: Done 162 tasks      | elapsed: 189.1min
[Parallel(n_jobs=1)]: Done 163 tasks      | elapsed: 189.3min
[Parallel(n_jobs=1)]: Done 164 tasks      | elapsed: 189.6min
[Parallel(n_jobs=1)]: Done 165 tasks      | elapsed: 189.8min
[Parallel(n_jobs=1)]: Done 166 tasks      | elapsed: 190.1min
[Parallel(n_jobs=1)]: Done 167 tasks      | elapsed: 190.3min
[Parallel(n_jobs=1)]: Done 168 tasks      | elapsed: 190.6min
[Parallel(n_jobs=1)]: Done 169 tasks      | elapsed: 190.8min
[Parallel(n_jobs=1)]: Done 170 tasks      | elapsed: 191.1min
[Parallel(n_jobs=1)]: Done 171 tasks      | elapsed: 191.3min
[Parallel(n_jobs=1)]: Done 172 tasks      | elapsed: 196.8min
[Parallel(n_jobs=1)]: Done 173 tasks      | elapsed: 197.1min
[Parallel(n_jobs=1)]: Done 174 tasks      | elapsed: 202.6min
[Parallel(n_jobs=1)]: Done 175 tasks      | elapsed: 208.1min
[Parallel(n_jobs=1)]: Done 175 tasks      | elapsed: 208.1min
/hpc/home/etb28/miniconda3/envs/ieeg/lib/python3.11/site-packages/ieeg/io.py:113: RuntimeWarning: The number of channels in the channels.tsv sidecar file (185) does not match the number of channels in the raw data file (184). Will not try to set channel names.
  new_raw = read_raw_bids(bids_path=BIDS_path, verbose=verbose)
/hpc/home/etb28/miniconda3/envs/ieeg/lib/python3.11/site-packages/ieeg/io.py:113: RuntimeWarning: Cannot set channel type for the following channels, as they are missing in the raw data: Trigger
  new_raw = read_raw_bids(bids_path=BIDS_path, verbose=verbose)
/hpc/home/etb28/miniconda3/envs/ieeg/lib/python3.11/site-packages/ieeg/io.py:113: RuntimeWarning: Omitted 228 annotation(s) that were outside data range.
  new_raw = read_raw_bids(bids_path=BIDS_path, verbose=verbose)
/hpc/home/etb28/miniconda3/envs/ieeg/lib/python3.11/site-packages/ieeg/io.py:113: RuntimeWarning: The number of channels in the channels.tsv sidecar file (185) does not match the number of channels in the raw data file (184). Will not try to set channel names.
  new_raw = read_raw_bids(bids_path=BIDS_path, verbose=verbose)
/hpc/home/etb28/miniconda3/envs/ieeg/lib/python3.11/site-packages/ieeg/io.py:113: RuntimeWarning: Cannot set channel type for the following channels, as they are missing in the raw data: Trigger
  new_raw = read_raw_bids(bids_path=BIDS_path, verbose=verbose)
/hpc/home/etb28/miniconda3/envs/ieeg/lib/python3.11/site-packages/ieeg/io.py:113: RuntimeWarning: Omitted 228 annotation(s) that were outside data range.
  new_raw = read_raw_bids(bids_path=BIDS_path, verbose=verbose)
/hpc/home/etb28/miniconda3/envs/ieeg/lib/python3.11/site-packages/ieeg/io.py:113: RuntimeWarning: The number of channels in the channels.tsv sidecar file (185) does not match the number of channels in the raw data file (184). Will not try to set channel names.
  new_raw = read_raw_bids(bids_path=BIDS_path, verbose=verbose)
/hpc/home/etb28/miniconda3/envs/ieeg/lib/python3.11/site-packages/ieeg/io.py:113: RuntimeWarning: Cannot set channel type for the following channels, as they are missing in the raw data: Trigger
  new_raw = read_raw_bids(bids_path=BIDS_path, verbose=verbose)
/hpc/home/etb28/miniconda3/envs/ieeg/lib/python3.11/site-packages/ieeg/io.py:113: RuntimeWarning: Omitted 226 annotation(s) that were outside data range.
  new_raw = read_raw_bids(bids_path=BIDS_path, verbose=verbose)
/hpc/home/etb28/miniconda3/envs/ieeg/lib/python3.11/site-packages/ieeg/io.py:113: RuntimeWarning: The number of channels in the channels.tsv sidecar file (185) does not match the number of channels in the raw data file (184). Will not try to set channel names.
  new_raw = read_raw_bids(bids_path=BIDS_path, verbose=verbose)
/hpc/home/etb28/miniconda3/envs/ieeg/lib/python3.11/site-packages/ieeg/io.py:113: RuntimeWarning: Cannot set channel type for the following channels, as they are missing in the raw data: Trigger
  new_raw = read_raw_bids(bids_path=BIDS_path, verbose=verbose)
/hpc/home/etb28/miniconda3/envs/ieeg/lib/python3.11/site-packages/scipy/stats/_stats_py.py:1081: RuntimeWarning: divide by zero encountered in divide
  var *= np.divide(n, n-ddof)  # to avoid error on division by zero
/hpc/home/etb28/miniconda3/envs/ieeg/lib/python3.11/site-packages/scipy/stats/_stats_py.py:1081: RuntimeWarning: invalid value encountered in scalar multiply
  var *= np.divide(n, n-ddof)  # to avoid error on division by zero
[Parallel(n_jobs=1)]: Done   1 tasks      | elapsed:  5.6min
[Parallel(n_jobs=1)]: Done   2 tasks      | elapsed:  5.9min
[Parallel(n_jobs=1)]: Done   3 tasks      | elapsed:  6.1min
[Parallel(n_jobs=1)]: Done   4 tasks      | elapsed:  6.4min
[Parallel(n_jobs=1)]: Done   5 tasks      | elapsed:  6.7min
[Parallel(n_jobs=1)]: Done   6 tasks      | elapsed:  6.9min
[Parallel(n_jobs=1)]: Done   7 tasks      | elapsed:  7.2min
[Parallel(n_jobs=1)]: Done   8 tasks      | elapsed:  7.4min
[Parallel(n_jobs=1)]: Done   9 tasks      | elapsed:  7.7min
[Parallel(n_jobs=1)]: Done  10 tasks      | elapsed:  7.9min
[Parallel(n_jobs=1)]: Done  11 tasks      | elapsed:  8.2min
[Parallel(n_jobs=1)]: Done  12 tasks      | elapsed:  8.5min
>>>>>>> 486c866db49e3902787eb355f28859a98b40ada0
