Qt5Agg backend not available, using default backend
Qt5Agg backend not available, using default backend
Qt5Agg backend not available, using default backend
Extracting EDF parameters from /cwork/etb28/BIDS-1.1_GlobalLocal/BIDS/derivatives/clean/sub-D0057/ieeg/sub-D0057_task-GlobalLocal_acq-01_run-01_desc-clean_ieeg.edf...
EDF file detected
Setting channel info structure...
Creating raw.info structure...
Reading events from /cwork/etb28/BIDS-1.1_GlobalLocal/BIDS/derivatives/clean/sub-D0057/ieeg/sub-D0057_task-GlobalLocal_acq-01_run-01_desc-clean_events.tsv.
Reading channel info from /cwork/etb28/BIDS-1.1_GlobalLocal/BIDS/derivatives/clean/sub-D0057/ieeg/sub-D0057_task-GlobalLocal_acq-01_run-01_desc-clean_channels.tsv.
Reading electrode coords from /cwork/etb28/BIDS-1.1_GlobalLocal/BIDS/derivatives/clean/sub-D0057/ieeg/sub-D0057_acq-01_space-ACPC_electrodes.tsv.
Extracting EDF parameters from /cwork/etb28/BIDS-1.1_GlobalLocal/BIDS/derivatives/clean/sub-D0057/ieeg/sub-D0057_task-GlobalLocal_acq-01_run-02_desc-clean_ieeg.edf...
EDF file detected
Setting channel info structure...
Creating raw.info structure...
Reading events from /cwork/etb28/BIDS-1.1_GlobalLocal/BIDS/derivatives/clean/sub-D0057/ieeg/sub-D0057_task-GlobalLocal_acq-01_run-02_desc-clean_events.tsv.
Reading channel info from /cwork/etb28/BIDS-1.1_GlobalLocal/BIDS/derivatives/clean/sub-D0057/ieeg/sub-D0057_task-GlobalLocal_acq-01_run-02_desc-clean_channels.tsv.
Reading electrode coords from /cwork/etb28/BIDS-1.1_GlobalLocal/BIDS/derivatives/clean/sub-D0057/ieeg/sub-D0057_acq-01_space-ACPC_electrodes.tsv.
Extracting EDF parameters from /cwork/etb28/BIDS-1.1_GlobalLocal/BIDS/derivatives/clean/sub-D0057/ieeg/sub-D0057_task-GlobalLocal_acq-01_run-03_desc-clean_ieeg.edf...
EDF file detected
Setting channel info structure...
Creating raw.info structure...
Reading events from /cwork/etb28/BIDS-1.1_GlobalLocal/BIDS/derivatives/clean/sub-D0057/ieeg/sub-D0057_task-GlobalLocal_acq-01_run-03_desc-clean_events.tsv.
Reading channel info from /cwork/etb28/BIDS-1.1_GlobalLocal/BIDS/derivatives/clean/sub-D0057/ieeg/sub-D0057_task-GlobalLocal_acq-01_run-03_desc-clean_channels.tsv.
Reading electrode coords from /cwork/etb28/BIDS-1.1_GlobalLocal/BIDS/derivatives/clean/sub-D0057/ieeg/sub-D0057_acq-01_space-ACPC_electrodes.tsv.
Extracting EDF parameters from /cwork/etb28/BIDS-1.1_GlobalLocal/BIDS/derivatives/clean/sub-D0057/ieeg/sub-D0057_task-GlobalLocal_acq-01_run-04_desc-clean_ieeg.edf...
EDF file detected
Setting channel info structure...
Creating raw.info structure...
Reading events from /cwork/etb28/BIDS-1.1_GlobalLocal/BIDS/derivatives/clean/sub-D0057/ieeg/sub-D0057_task-GlobalLocal_acq-01_run-04_desc-clean_events.tsv.
Reading channel info from /cwork/etb28/BIDS-1.1_GlobalLocal/BIDS/derivatives/clean/sub-D0057/ieeg/sub-D0057_task-GlobalLocal_acq-01_run-04_desc-clean_channels.tsv.
Reading electrode coords from /cwork/etb28/BIDS-1.1_GlobalLocal/BIDS/derivatives/clean/sub-D0057/ieeg/sub-D0057_acq-01_space-ACPC_electrodes.tsv.
<RawEDF | sub-D0057_task-GlobalLocal_acq-01_run-01_desc-clean_ieeg.edf, 178 x 8243200 (4025.0 s), ~201 kB, data not loaded>
outlier round 1 channels: ['RAMT8']
outlier round 2 channels: ['RAMT8', 'RPI16']
outlier round 2 channels: ['RAMT8', 'RPI16', 'LAMT12']
Reading 0 ... 3433906  =      0.000 ...  1676.712 secs...
Applying average reference.
Applying a custom ('sEEG',) reference.
Subject D0057 average RT: 1.065918000000238
