Qt5Agg backend not available, using default backend
Qt5Agg backend not available, using default backend
Qt5Agg backend not available, using default backend
Extracting EDF parameters from /cwork/etb28/BIDS-1.1_GlobalLocal/BIDS/derivatives/clean/sub-D0094/ieeg/sub-D0094_task-GlobalLocal_acq-01_run-01_desc-clean_ieeg.edf...
EDF file detected
Setting channel info structure...
Creating raw.info structure...
Reading events from /cwork/etb28/BIDS-1.1_GlobalLocal/BIDS/derivatives/clean/sub-D0094/ieeg/sub-D0094_task-GlobalLocal_acq-01_run-01_desc-clean_events.tsv.
Reading channel info from /cwork/etb28/BIDS-1.1_GlobalLocal/BIDS/derivatives/clean/sub-D0094/ieeg/sub-D0094_task-GlobalLocal_acq-01_run-01_desc-clean_channels.tsv.
Reading electrode coords from /cwork/etb28/BIDS-1.1_GlobalLocal/BIDS/derivatives/clean/sub-D0094/ieeg/sub-D0094_acq-01_space-ACPC_electrodes.tsv.
Not fully anonymizing info - keeping his_id, sex, and hand info
Extracting EDF parameters from /cwork/etb28/BIDS-1.1_GlobalLocal/BIDS/derivatives/clean/sub-D0094/ieeg/sub-D0094_task-GlobalLocal_acq-01_run-02_desc-clean_ieeg.edf...
EDF file detected
Setting channel info structure...
Creating raw.info structure...
Reading events from /cwork/etb28/BIDS-1.1_GlobalLocal/BIDS/derivatives/clean/sub-D0094/ieeg/sub-D0094_task-GlobalLocal_acq-01_run-02_desc-clean_events.tsv.
Reading channel info from /cwork/etb28/BIDS-1.1_GlobalLocal/BIDS/derivatives/clean/sub-D0094/ieeg/sub-D0094_task-GlobalLocal_acq-01_run-02_desc-clean_channels.tsv.
Reading electrode coords from /cwork/etb28/BIDS-1.1_GlobalLocal/BIDS/derivatives/clean/sub-D0094/ieeg/sub-D0094_acq-01_space-ACPC_electrodes.tsv.
Not fully anonymizing info - keeping his_id, sex, and hand info
Extracting EDF parameters from /cwork/etb28/BIDS-1.1_GlobalLocal/BIDS/derivatives/clean/sub-D0094/ieeg/sub-D0094_task-GlobalLocal_acq-01_run-03_desc-clean_ieeg.edf...
EDF file detected
Setting channel info structure...
Creating raw.info structure...
Reading events from /cwork/etb28/BIDS-1.1_GlobalLocal/BIDS/derivatives/clean/sub-D0094/ieeg/sub-D0094_task-GlobalLocal_acq-01_run-03_desc-clean_events.tsv.
Reading channel info from /cwork/etb28/BIDS-1.1_GlobalLocal/BIDS/derivatives/clean/sub-D0094/ieeg/sub-D0094_task-GlobalLocal_acq-01_run-03_desc-clean_channels.tsv.
Reading electrode coords from /cwork/etb28/BIDS-1.1_GlobalLocal/BIDS/derivatives/clean/sub-D0094/ieeg/sub-D0094_acq-01_space-ACPC_electrodes.tsv.
Not fully anonymizing info - keeping his_id, sex, and hand info
Extracting EDF parameters from /cwork/etb28/BIDS-1.1_GlobalLocal/BIDS/derivatives/clean/sub-D0094/ieeg/sub-D0094_task-GlobalLocal_acq-01_run-04_desc-clean_ieeg.edf...
EDF file detected
Setting channel info structure...
Creating raw.info structure...
Reading events from /cwork/etb28/BIDS-1.1_GlobalLocal/BIDS/derivatives/clean/sub-D0094/ieeg/sub-D0094_task-GlobalLocal_acq-01_run-04_desc-clean_events.tsv.
Reading channel info from /cwork/etb28/BIDS-1.1_GlobalLocal/BIDS/derivatives/clean/sub-D0094/ieeg/sub-D0094_task-GlobalLocal_acq-01_run-04_desc-clean_channels.tsv.
Reading electrode coords from /cwork/etb28/BIDS-1.1_GlobalLocal/BIDS/derivatives/clean/sub-D0094/ieeg/sub-D0094_acq-01_space-ACPC_electrodes.tsv.
Not fully anonymizing info - keeping his_id, sex, and hand info
<RawEDF | sub-D0094_task-GlobalLocal_acq-01_run-01_desc-clean_ieeg.edf, 240 x 8857600 (4325.0 s), ~270 kB, data not loaded>
outlier round 1 channels: ['LFAM1']
outlier round 1 channels: ['LFAM1', 'LFPI14']
outlier round 1 channels: ['LFAM1', 'LFPI14', 'LTAS7']
outlier round 1 channels: ['LFAM1', 'LFPI14', 'LTAS7', 'LTMM4']
outlier round 2 channels: ['LFAM1', 'LFPI14', 'LTAS7', 'LTMM4', 'LTP8']
outlier round 2 channels: ['LFAM1', 'LFPI14', 'LTAS7', 'LTMM4', 'LTP8', 'LTP9']
outlier round 2 channels: ['LFAM1', 'LFPI14', 'LTAS7', 'LTMM4', 'LTP8', 'LTP9', 'LTP10']
outlier round 2 channels: ['LFAM1', 'LFPI14', 'LTAS7', 'LTMM4', 'LTP8', 'LTP9', 'LTP10', 'LTAS6']
outlier round 2 channels: ['LFAM1', 'LFPI14', 'LTAS7', 'LTMM4', 'LTP8', 'LTP9', 'LTP10', 'LTAS6', 'LTAI10']
Reading 0 ... 3767171  =      0.000 ...  1839.439 secs...
Applying average reference.
Applying a custom ('sEEG',) reference.
Subject D0094 average RT: 1.6328119999999444
Reading /cwork/etb28/BIDS-1.1_GlobalLocal/BIDS/derivatives/spec/wavelet/D0094/ErrorTrials_Stimulus_Locked_uncorrected-tfr.h5 ...
Reading /cwork/etb28/BIDS-1.1_GlobalLocal/BIDS/derivatives/spec/wavelet/D0094/CorrectTrials_Stimulus_Locked_uncorrected-tfr.h5 ...
