/hpc/home/jz421/coganlab/jz421/GlobalLocal/src/analysis/preproc/make_epoched_data.py:34: DeprecationWarning: 
Pyarrow will become a required dependency of pandas in the next major release of pandas (pandas 3.0),
(to allow more performant data types, such as the Arrow string type, and better interoperability with other libraries)
but was not found to be installed on your system.
If this would cause problems for you,
please provide us feedback at https://github.com/pandas-dev/pandas/issues/54466
        
  import pandas as pd
Traceback (most recent call last):
  File "/hpc/home/jz421/coganlab/jz421/GlobalLocal/src/analysis/preproc/make_epoched_data.py", line 400, in <module>
    main(subjects=args.subjects, 
    ^^^^^^^^^^^^^^^^^^^^^^^^^^^^
  File "/hpc/home/jz421/coganlab/jz421/GlobalLocal/src/analysis/preproc/make_epoched_data.py", line 355, in main
    bandpass_and_epoch_and_find_task_significant_electrodes(sub=sub, task=task, times=times,
  File "/hpc/home/jz421/coganlab/jz421/GlobalLocal/src/analysis/preproc/make_epoched_data.py", line 182, in bandpass_and_epoch_and_find_task_significant_electrodes
    layout = get_data(task, root=LAB_root)
             ^^^^^^^^^^^^^^^^^^^^^^^^^^^^^
  File "/hpc/home/jz421/miniconda3/envs/ieeg/lib/python3.11/site-packages/ieeg/io.py", line 194, in get_data
    scan = scandir(root)
           ^^^^^^^^^^^^^
FileNotFoundError: [Errno 2] No such file or directory: '/cwork/coganlab/jz421'
