/hpc/home/jz421/miniconda3/envs/ieeg/lib/python3.11/site-packages/ieeg/io.py:278: RuntimeWarning: DigMontage is only a subset of info. There is 1 channel position not present in the DigMontage. The channel missing from the montage is:

['LHT11'].

Consider using inst.rename_channels to match the montage nomenclature, or inst.set_channel_types if this is not an EEG channel, or use the on_missing parameter if the channel position is allowed to be unknown in your analyses.
  new_raw = read_raw_bids(bids_path=BIDS_path, verbose=verbose)
/hpc/home/jz421/miniconda3/envs/ieeg/lib/python3.11/site-packages/ieeg/io.py:278: RuntimeWarning: participants.tsv file not found for /cwork/jz421/BIDS-1.1_GlobalLocal/BIDS/sub-D0137/ieeg/sub-D0137_task-GlobalLocal_acq-01_run-01_ieeg.edf
  new_raw = read_raw_bids(bids_path=BIDS_path, verbose=verbose)
/hpc/home/jz421/miniconda3/envs/ieeg/lib/python3.11/site-packages/ieeg/io.py:278: RuntimeWarning: DigMontage is only a subset of info. There is 1 channel position not present in the DigMontage. The channel missing from the montage is:

['LHT11'].

Consider using inst.rename_channels to match the montage nomenclature, or inst.set_channel_types if this is not an EEG channel, or use the on_missing parameter if the channel position is allowed to be unknown in your analyses.
  new_raw = read_raw_bids(bids_path=BIDS_path, verbose=verbose)
/hpc/home/jz421/miniconda3/envs/ieeg/lib/python3.11/site-packages/ieeg/io.py:278: RuntimeWarning: participants.tsv file not found for /cwork/jz421/BIDS-1.1_GlobalLocal/BIDS/sub-D0137/ieeg/sub-D0137_task-GlobalLocal_acq-01_run-02_ieeg.edf
  new_raw = read_raw_bids(bids_path=BIDS_path, verbose=verbose)
/hpc/home/jz421/miniconda3/envs/ieeg/lib/python3.11/site-packages/ieeg/io.py:278: RuntimeWarning: DigMontage is only a subset of info. There is 1 channel position not present in the DigMontage. The channel missing from the montage is:

['LHT11'].

Consider using inst.rename_channels to match the montage nomenclature, or inst.set_channel_types if this is not an EEG channel, or use the on_missing parameter if the channel position is allowed to be unknown in your analyses.
  new_raw = read_raw_bids(bids_path=BIDS_path, verbose=verbose)
/hpc/home/jz421/miniconda3/envs/ieeg/lib/python3.11/site-packages/ieeg/io.py:278: RuntimeWarning: participants.tsv file not found for /cwork/jz421/BIDS-1.1_GlobalLocal/BIDS/sub-D0137/ieeg/sub-D0137_task-GlobalLocal_acq-01_run-03_ieeg.edf
  new_raw = read_raw_bids(bids_path=BIDS_path, verbose=verbose)
/hpc/home/jz421/miniconda3/envs/ieeg/lib/python3.11/site-packages/ieeg/io.py:278: RuntimeWarning: DigMontage is only a subset of info. There is 1 channel position not present in the DigMontage. The channel missing from the montage is:

['LHT11'].

Consider using inst.rename_channels to match the montage nomenclature, or inst.set_channel_types if this is not an EEG channel, or use the on_missing parameter if the channel position is allowed to be unknown in your analyses.
  new_raw = read_raw_bids(bids_path=BIDS_path, verbose=verbose)
/hpc/home/jz421/miniconda3/envs/ieeg/lib/python3.11/site-packages/ieeg/io.py:278: RuntimeWarning: participants.tsv file not found for /cwork/jz421/BIDS-1.1_GlobalLocal/BIDS/sub-D0137/ieeg/sub-D0137_task-GlobalLocal_acq-01_run-04_ieeg.edf
  new_raw = read_raw_bids(bids_path=BIDS_path, verbose=verbose)
[Parallel(n_jobs=6)]: Using backend LokyBackend with 6 concurrent workers.
[Parallel(n_jobs=6)]: Done   3 out of   6 | elapsed:   17.2s remaining:   17.2s
[Parallel(n_jobs=6)]: Done   6 out of   6 | elapsed:   25.7s finished
/hpc/home/jz421/miniconda3/envs/ieeg/lib/python3.11/site-packages/ieeg/viz/ensemble.py:48: UserWarning: This figure was using a layout engine that is incompatible with subplots_adjust and/or tight_layout; not calling subplots_adjust.
  fig.subplots_adjust(top=0.85)
[Parallel(n_jobs=6)]: Using backend LokyBackend with 6 concurrent workers.
[Parallel(n_jobs=6)]: Done   1 tasks      | elapsed:   21.6s
[Parallel(n_jobs=6)]: Done   2 tasks      | elapsed:   21.7s
[Parallel(n_jobs=6)]: Done   3 tasks      | elapsed:   21.8s
[Parallel(n_jobs=6)]: Done   4 tasks      | elapsed:   21.8s
[Parallel(n_jobs=6)]: Done   5 tasks      | elapsed:   28.6s
[Parallel(n_jobs=6)]: Done   6 tasks      | elapsed:   28.7s
[Parallel(n_jobs=6)]: Done   7 tasks      | elapsed:   28.8s
[Parallel(n_jobs=6)]: Done   8 tasks      | elapsed:   28.9s
[Parallel(n_jobs=6)]: Done   9 tasks      | elapsed:   35.8s
[Parallel(n_jobs=6)]: Done  10 tasks      | elapsed:   35.9s
[Parallel(n_jobs=6)]: Done  11 tasks      | elapsed:   43.0s
[Parallel(n_jobs=6)]: Done  12 tasks      | elapsed:   43.1s
[Parallel(n_jobs=6)]: Done  13 tasks      | elapsed:   43.3s
[Parallel(n_jobs=6)]: Done  14 tasks      | elapsed:   43.3s
[Parallel(n_jobs=6)]: Done  15 tasks      | elapsed:   43.4s
[Parallel(n_jobs=6)]: Done  16 tasks      | elapsed:   43.6s
[Parallel(n_jobs=6)]: Done  17 tasks      | elapsed:   50.5s
[Parallel(n_jobs=6)]: Done  18 tasks      | elapsed:   50.7s
[Parallel(n_jobs=6)]: Done  19 tasks      | elapsed:   50.8s
[Parallel(n_jobs=6)]: Done  20 tasks      | elapsed:   51.0s
[Parallel(n_jobs=6)]: Done  21 tasks      | elapsed:   57.3s
[Parallel(n_jobs=6)]: Done  22 tasks      | elapsed:   57.7s
[Parallel(n_jobs=6)]: Done  23 tasks      | elapsed:   58.0s
[Parallel(n_jobs=6)]: Done  24 tasks      | elapsed:   58.3s
[Parallel(n_jobs=6)]: Done  25 tasks      | elapsed:  1.1min
[Parallel(n_jobs=6)]: Done  26 tasks      | elapsed:  1.1min
[Parallel(n_jobs=6)]: Done  27 tasks      | elapsed:  1.1min
[Parallel(n_jobs=6)]: Done  28 tasks      | elapsed:  1.1min
[Parallel(n_jobs=6)]: Done  29 tasks      | elapsed:  1.2min
[Parallel(n_jobs=6)]: Done  30 tasks      | elapsed:  1.2min
[Parallel(n_jobs=6)]: Done  31 tasks      | elapsed:  1.2min
[Parallel(n_jobs=6)]: Done  32 tasks      | elapsed:  1.2min
[Parallel(n_jobs=6)]: Done  33 tasks      | elapsed:  1.3min
[Parallel(n_jobs=6)]: Done  34 tasks      | elapsed:  1.3min
[Parallel(n_jobs=6)]: Done  35 tasks      | elapsed:  1.3min
[Parallel(n_jobs=6)]: Done  36 tasks      | elapsed:  1.3min
[Parallel(n_jobs=6)]: Done  37 tasks      | elapsed:  1.4min
[Parallel(n_jobs=6)]: Done  38 tasks      | elapsed:  1.4min
[Parallel(n_jobs=6)]: Done  39 tasks      | elapsed:  1.4min
[Parallel(n_jobs=6)]: Done  40 tasks      | elapsed:  1.5min
[Parallel(n_jobs=6)]: Done  41 tasks      | elapsed:  1.5min
[Parallel(n_jobs=6)]: Done  42 tasks      | elapsed:  1.5min
[Parallel(n_jobs=6)]: Done  43 tasks      | elapsed:  1.6min
[Parallel(n_jobs=6)]: Done  44 tasks      | elapsed:  1.6min
[Parallel(n_jobs=6)]: Done  45 tasks      | elapsed:  1.6min
[Parallel(n_jobs=6)]: Done  46 tasks      | elapsed:  1.6min
[Parallel(n_jobs=6)]: Done  47 tasks      | elapsed:  1.7min
[Parallel(n_jobs=6)]: Done  48 tasks      | elapsed:  1.7min
[Parallel(n_jobs=6)]: Done  49 tasks      | elapsed:  1.7min
[Parallel(n_jobs=6)]: Done  50 tasks      | elapsed:  1.7min
[Parallel(n_jobs=6)]: Done  51 tasks      | elapsed:  1.7min
[Parallel(n_jobs=6)]: Done  52 tasks      | elapsed:  1.7min
[Parallel(n_jobs=6)]: Done  53 tasks      | elapsed:  1.8min
[Parallel(n_jobs=6)]: Done  54 tasks      | elapsed:  1.8min
[Parallel(n_jobs=6)]: Done  55 tasks      | elapsed:  1.8min
[Parallel(n_jobs=6)]: Done  56 tasks      | elapsed:  1.8min
[Parallel(n_jobs=6)]: Done  57 tasks      | elapsed:  1.9min
[Parallel(n_jobs=6)]: Done  58 tasks      | elapsed:  1.9min
[Parallel(n_jobs=6)]: Done  59 tasks      | elapsed:  1.9min
[Parallel(n_jobs=6)]: Done  60 tasks      | elapsed:  2.0min
[Parallel(n_jobs=6)]: Done  61 tasks      | elapsed:  2.0min
[Parallel(n_jobs=6)]: Done  62 tasks      | elapsed:  2.0min
[Parallel(n_jobs=6)]: Done  63 tasks      | elapsed:  2.1min
[Parallel(n_jobs=6)]: Done  64 tasks      | elapsed:  2.1min
[Parallel(n_jobs=6)]: Done  65 tasks      | elapsed:  2.1min
[Parallel(n_jobs=6)]: Done  66 tasks      | elapsed:  2.1min
[Parallel(n_jobs=6)]: Done  67 tasks      | elapsed:  2.2min
[Parallel(n_jobs=6)]: Done  68 tasks      | elapsed:  2.2min
[Parallel(n_jobs=6)]: Done  69 tasks      | elapsed:  2.2min
[Parallel(n_jobs=6)]: Done  70 tasks      | elapsed:  2.2min
[Parallel(n_jobs=6)]: Done  71 tasks      | elapsed:  2.2min
[Parallel(n_jobs=6)]: Done  72 tasks      | elapsed:  2.2min
[Parallel(n_jobs=6)]: Done  73 tasks      | elapsed:  2.3min
[Parallel(n_jobs=6)]: Done  74 tasks      | elapsed:  2.3min
[Parallel(n_jobs=6)]: Done  75 tasks      | elapsed:  2.3min
[Parallel(n_jobs=6)]: Done  76 tasks      | elapsed:  2.4min
[Parallel(n_jobs=6)]: Done  77 tasks      | elapsed:  2.4min
[Parallel(n_jobs=6)]: Done  78 tasks      | elapsed:  2.4min
[Parallel(n_jobs=6)]: Done  79 tasks      | elapsed:  2.5min
[Parallel(n_jobs=6)]: Done  80 tasks      | elapsed:  2.5min
[Parallel(n_jobs=6)]: Done  81 tasks      | elapsed:  2.5min
[Parallel(n_jobs=6)]: Done  82 tasks      | elapsed:  2.5min
[Parallel(n_jobs=6)]: Done  83 tasks      | elapsed:  2.6min
[Parallel(n_jobs=6)]: Done  84 tasks      | elapsed:  2.6min
[Parallel(n_jobs=6)]: Done  85 tasks      | elapsed:  2.6min
[Parallel(n_jobs=6)]: Done  86 tasks      | elapsed:  2.6min
[Parallel(n_jobs=6)]: Done  87 tasks      | elapsed:  2.7min
[Parallel(n_jobs=6)]: Done  88 tasks      | elapsed:  2.7min
[Parallel(n_jobs=6)]: Done  89 tasks      | elapsed:  2.7min
[Parallel(n_jobs=6)]: Done  90 tasks      | elapsed:  2.7min
[Parallel(n_jobs=6)]: Done  91 tasks      | elapsed:  2.7min
[Parallel(n_jobs=6)]: Done  92 tasks      | elapsed:  2.8min
[Parallel(n_jobs=6)]: Done  93 tasks      | elapsed:  2.9min
[Parallel(n_jobs=6)]: Done  94 tasks      | elapsed:  2.9min
[Parallel(n_jobs=6)]: Done  95 tasks      | elapsed:  2.9min
[Parallel(n_jobs=6)]: Done  96 tasks      | elapsed:  2.9min
[Parallel(n_jobs=6)]: Done  97 tasks      | elapsed:  2.9min
[Parallel(n_jobs=6)]: Done  98 tasks      | elapsed:  2.9min
[Parallel(n_jobs=6)]: Done  99 tasks      | elapsed:  3.0min
[Parallel(n_jobs=6)]: Done 100 tasks      | elapsed:  3.0min
[Parallel(n_jobs=6)]: Done 101 tasks      | elapsed:  3.0min
[Parallel(n_jobs=6)]: Done 102 tasks      | elapsed:  3.0min
[Parallel(n_jobs=6)]: Done 103 tasks      | elapsed:  3.1min
[Parallel(n_jobs=6)]: Done 104 tasks      | elapsed:  3.1min
[Parallel(n_jobs=6)]: Done 105 tasks      | elapsed:  3.1min
[Parallel(n_jobs=6)]: Done 106 tasks      | elapsed:  3.1min
[Parallel(n_jobs=6)]: Done 107 tasks      | elapsed:  3.2min
[Parallel(n_jobs=6)]: Done 108 tasks      | elapsed:  3.2min
[Parallel(n_jobs=6)]: Done 109 tasks      | elapsed:  3.3min
[Parallel(n_jobs=6)]: Done 110 tasks      | elapsed:  3.3min
[Parallel(n_jobs=6)]: Done 111 tasks      | elapsed:  3.3min
[Parallel(n_jobs=6)]: Done 112 tasks      | elapsed:  3.3min
[Parallel(n_jobs=6)]: Done 113 tasks      | elapsed:  3.3min
[Parallel(n_jobs=6)]: Done 114 tasks      | elapsed:  3.4min
[Parallel(n_jobs=6)]: Done 115 tasks      | elapsed:  3.4min
[Parallel(n_jobs=6)]: Done 116 tasks      | elapsed:  3.4min
[Parallel(n_jobs=6)]: Done 117 tasks      | elapsed:  3.4min
[Parallel(n_jobs=6)]: Done 118 tasks      | elapsed:  3.5min
[Parallel(n_jobs=6)]: Done 119 tasks      | elapsed:  3.5min
[Parallel(n_jobs=6)]: Done 120 tasks      | elapsed:  3.5min
[Parallel(n_jobs=6)]: Done 121 tasks      | elapsed:  3.5min
[Parallel(n_jobs=6)]: Done 122 tasks      | elapsed:  3.5min
[Parallel(n_jobs=6)]: Done 123 tasks      | elapsed:  3.6min
[Parallel(n_jobs=6)]: Done 124 tasks      | elapsed:  3.6min
[Parallel(n_jobs=6)]: Done 125 tasks      | elapsed:  3.6min
[Parallel(n_jobs=6)]: Done 126 tasks      | elapsed:  3.7min
[Parallel(n_jobs=6)]: Done 127 tasks      | elapsed:  3.7min
[Parallel(n_jobs=6)]: Done 128 tasks      | elapsed:  3.7min
[Parallel(n_jobs=6)]: Done 129 tasks      | elapsed:  3.8min
[Parallel(n_jobs=6)]: Done 130 tasks      | elapsed:  3.8min
[Parallel(n_jobs=6)]: Done 131 tasks      | elapsed:  3.8min
[Parallel(n_jobs=6)]: Done 132 tasks      | elapsed:  3.8min
[Parallel(n_jobs=6)]: Done 133 tasks      | elapsed:  3.8min
[Parallel(n_jobs=6)]: Done 134 tasks      | elapsed:  3.9min
[Parallel(n_jobs=6)]: Done 135 tasks      | elapsed:  3.9min
[Parallel(n_jobs=6)]: Done 136 tasks      | elapsed:  3.9min
[Parallel(n_jobs=6)]: Done 137 tasks      | elapsed:  3.9min
[Parallel(n_jobs=6)]: Done 138 tasks      | elapsed:  3.9min
[Parallel(n_jobs=6)]: Done 139 tasks      | elapsed:  4.0min
[Parallel(n_jobs=6)]: Done 140 tasks      | elapsed:  4.0min
[Parallel(n_jobs=6)]: Done 141 tasks      | elapsed:  4.0min
[Parallel(n_jobs=6)]: Done 142 tasks      | elapsed:  4.0min
[Parallel(n_jobs=6)]: Done 143 tasks      | elapsed:  4.1min
[Parallel(n_jobs=6)]: Done 144 tasks      | elapsed:  4.1min
[Parallel(n_jobs=6)]: Done 145 tasks      | elapsed:  4.1min
[Parallel(n_jobs=6)]: Done 146 tasks      | elapsed:  4.2min
[Parallel(n_jobs=6)]: Done 147 tasks      | elapsed:  4.2min
[Parallel(n_jobs=6)]: Done 148 tasks      | elapsed:  4.2min
[Parallel(n_jobs=6)]: Done 149 tasks      | elapsed:  4.2min
[Parallel(n_jobs=6)]: Done 150 tasks      | elapsed:  4.3min
[Parallel(n_jobs=6)]: Done 151 tasks      | elapsed:  4.3min
[Parallel(n_jobs=6)]: Done 152 tasks      | elapsed:  4.3min
[Parallel(n_jobs=6)]: Done 153 tasks      | elapsed:  4.3min
[Parallel(n_jobs=6)]: Done 154 tasks      | elapsed:  4.4min
[Parallel(n_jobs=6)]: Done 155 tasks      | elapsed:  4.4min
[Parallel(n_jobs=6)]: Done 156 tasks      | elapsed:  4.4min
[Parallel(n_jobs=6)]: Done 157 tasks      | elapsed:  4.4min
[Parallel(n_jobs=6)]: Done 158 tasks      | elapsed:  4.4min
[Parallel(n_jobs=6)]: Done 159 tasks      | elapsed:  4.5min
[Parallel(n_jobs=6)]: Done 160 tasks      | elapsed:  4.5min
[Parallel(n_jobs=6)]: Done 161 tasks      | elapsed:  4.5min
[Parallel(n_jobs=6)]: Done 162 tasks      | elapsed:  4.5min
[Parallel(n_jobs=6)]: Done 163 tasks      | elapsed:  4.6min
[Parallel(n_jobs=6)]: Done 164 tasks      | elapsed:  4.6min
[Parallel(n_jobs=6)]: Done 165 tasks      | elapsed:  4.6min
[Parallel(n_jobs=6)]: Done 166 tasks      | elapsed:  4.6min
[Parallel(n_jobs=6)]: Done 167 tasks      | elapsed:  4.7min
[Parallel(n_jobs=6)]: Done 168 tasks      | elapsed:  4.7min
[Parallel(n_jobs=6)]: Done 169 tasks      | elapsed:  4.7min
[Parallel(n_jobs=6)]: Done 170 tasks      | elapsed:  4.7min
[Parallel(n_jobs=6)]: Done 171 tasks      | elapsed:  4.8min
[Parallel(n_jobs=6)]: Done 172 tasks      | elapsed:  4.8min
[Parallel(n_jobs=6)]: Done 173 tasks      | elapsed:  4.8min
[Parallel(n_jobs=6)]: Done 174 tasks      | elapsed:  4.9min
[Parallel(n_jobs=6)]: Done 175 tasks      | elapsed:  4.9min
[Parallel(n_jobs=6)]: Done 176 tasks      | elapsed:  4.9min
[Parallel(n_jobs=6)]: Done 177 tasks      | elapsed:  4.9min
[Parallel(n_jobs=6)]: Done 178 tasks      | elapsed:  4.9min
[Parallel(n_jobs=6)]: Done 179 tasks      | elapsed:  5.0min
[Parallel(n_jobs=6)]: Done 180 tasks      | elapsed:  5.0min
[Parallel(n_jobs=6)]: Done 181 tasks      | elapsed:  5.0min
[Parallel(n_jobs=6)]: Done 182 tasks      | elapsed:  5.0min
[Parallel(n_jobs=6)]: Done 183 tasks      | elapsed:  5.0min
[Parallel(n_jobs=6)]: Done 184 tasks      | elapsed:  5.1min
[Parallel(n_jobs=6)]: Done 185 tasks      | elapsed:  5.1min
[Parallel(n_jobs=6)]: Done 186 tasks      | elapsed:  5.1min
[Parallel(n_jobs=6)]: Done 187 tasks      | elapsed:  5.1min
[Parallel(n_jobs=6)]: Done 188 tasks      | elapsed:  5.2min
[Parallel(n_jobs=6)]: Done 189 tasks      | elapsed:  5.2min
[Parallel(n_jobs=6)]: Done 190 tasks      | elapsed:  5.2min
[Parallel(n_jobs=6)]: Done 191 tasks      | elapsed:  5.2min
[Parallel(n_jobs=6)]: Done 192 tasks      | elapsed:  5.3min
[Parallel(n_jobs=6)]: Done 193 tasks      | elapsed:  5.3min
[Parallel(n_jobs=6)]: Done 194 tasks      | elapsed:  5.4min
[Parallel(n_jobs=6)]: Done 195 tasks      | elapsed:  5.4min
[Parallel(n_jobs=6)]: Done 196 tasks      | elapsed:  5.4min
[Parallel(n_jobs=6)]: Done 197 tasks      | elapsed:  5.4min
[Parallel(n_jobs=6)]: Done 198 tasks      | elapsed:  5.4min
[Parallel(n_jobs=6)]: Done 199 tasks      | elapsed:  5.4min
[Parallel(n_jobs=6)]: Done 200 tasks      | elapsed:  5.5min
[Parallel(n_jobs=6)]: Done 201 tasks      | elapsed:  5.5min
[Parallel(n_jobs=6)]: Done 202 tasks      | elapsed:  5.5min
[Parallel(n_jobs=6)]: Done 203 tasks      | elapsed:  5.5min
[Parallel(n_jobs=6)]: Done 204 tasks      | elapsed:  5.6min
[Parallel(n_jobs=6)]: Done 205 tasks      | elapsed:  5.6min
[Parallel(n_jobs=6)]: Done 206 tasks      | elapsed:  5.6min
[Parallel(n_jobs=6)]: Done 207 tasks      | elapsed:  5.6min
[Parallel(n_jobs=6)]: Done 208 tasks      | elapsed:  5.7min
[Parallel(n_jobs=6)]: Done 209 tasks      | elapsed:  5.7min
[Parallel(n_jobs=6)]: Done 210 tasks      | elapsed:  5.7min
[Parallel(n_jobs=6)]: Done 211 tasks      | elapsed:  5.7min
[Parallel(n_jobs=6)]: Done 212 tasks      | elapsed:  5.8min
[Parallel(n_jobs=6)]: Done 213 tasks      | elapsed:  5.8min
[Parallel(n_jobs=6)]: Done 214 tasks      | elapsed:  5.9min
[Parallel(n_jobs=6)]: Done 215 tasks      | elapsed:  5.9min
[Parallel(n_jobs=6)]: Done 216 tasks      | elapsed:  5.9min
[Parallel(n_jobs=6)]: Done 222 out of 227 | elapsed:  6.0min remaining:    8.1s
[Parallel(n_jobs=6)]: Done 227 out of 227 | elapsed:  6.1min finished
[Parallel(n_jobs=6)]: Using backend LokyBackend with 6 concurrent workers.
[Parallel(n_jobs=6)]: Done   1 tasks      | elapsed:  2.6min
/hpc/home/jz421/miniconda3/envs/ieeg/lib/python3.11/site-packages/joblib/externals/loky/process_executor.py:782: UserWarning: A worker stopped while some jobs were given to the executor. This can be caused by a too short worker timeout or by a memory leak.
  warnings.warn(
[Parallel(n_jobs=6)]: Done   2 tasks      | elapsed:  2.6min
[Parallel(n_jobs=6)]: Done   3 tasks      | elapsed:  2.6min
[Parallel(n_jobs=6)]: Done   4 tasks      | elapsed:  2.6min
[Parallel(n_jobs=6)]: Done   5 tasks      | elapsed:  3.5min
[Parallel(n_jobs=6)]: Done   6 tasks      | elapsed:  3.6min
[Parallel(n_jobs=6)]: Done   7 tasks      | elapsed:  5.4min
[Parallel(n_jobs=6)]: Done   8 tasks      | elapsed:  5.8min
[Parallel(n_jobs=6)]: Done   9 tasks      | elapsed:  6.4min
[Parallel(n_jobs=6)]: Done  10 tasks      | elapsed:  7.1min
[Parallel(n_jobs=6)]: Done  11 tasks      | elapsed:  7.9min
[Parallel(n_jobs=6)]: Done  12 tasks      | elapsed:  8.2min
[Parallel(n_jobs=6)]: Done  13 tasks      | elapsed:  8.2min
[Parallel(n_jobs=6)]: Done  14 tasks      | elapsed:  8.8min
[Parallel(n_jobs=6)]: Done  15 tasks      | elapsed: 10.0min
[Parallel(n_jobs=6)]: Done  16 tasks      | elapsed: 10.0min
[Parallel(n_jobs=6)]: Done  17 tasks      | elapsed: 11.1min
[Parallel(n_jobs=6)]: Done  18 tasks      | elapsed: 11.3min
[Parallel(n_jobs=6)]: Done  19 tasks      | elapsed: 11.5min
[Parallel(n_jobs=6)]: Done  20 tasks      | elapsed: 12.6min
[Parallel(n_jobs=6)]: Done  21 tasks      | elapsed: 13.5min
[Parallel(n_jobs=6)]: Done  22 tasks      | elapsed: 13.6min
[Parallel(n_jobs=6)]: Done  23 tasks      | elapsed: 14.2min
[Parallel(n_jobs=6)]: Done  24 tasks      | elapsed: 14.5min
[Parallel(n_jobs=6)]: Done  25 tasks      | elapsed: 15.6min
[Parallel(n_jobs=6)]: Done  26 tasks      | elapsed: 16.4min
[Parallel(n_jobs=6)]: Done  27 tasks      | elapsed: 16.6min
[Parallel(n_jobs=6)]: Done  28 tasks      | elapsed: 17.0min
[Parallel(n_jobs=6)]: Done  29 tasks      | elapsed: 17.1min
[Parallel(n_jobs=6)]: Done  30 tasks      | elapsed: 18.7min
[Parallel(n_jobs=6)]: Done  31 tasks      | elapsed: 18.9min
[Parallel(n_jobs=6)]: Done  32 tasks      | elapsed: 19.9min
[Parallel(n_jobs=6)]: Done  33 tasks      | elapsed: 19.9min
[Parallel(n_jobs=6)]: Done  34 tasks      | elapsed: 20.8min
[Parallel(n_jobs=6)]: Done  35 tasks      | elapsed: 21.7min
[Parallel(n_jobs=6)]: Done  36 tasks      | elapsed: 21.7min
[Parallel(n_jobs=6)]: Done  37 tasks      | elapsed: 23.0min
[Parallel(n_jobs=6)]: Done  38 tasks      | elapsed: 23.0min
[Parallel(n_jobs=6)]: Done  39 tasks      | elapsed: 23.0min
[Parallel(n_jobs=6)]: Done  40 tasks      | elapsed: 24.2min
[Parallel(n_jobs=6)]: Done  41 tasks      | elapsed: 24.5min
[Parallel(n_jobs=6)]: Done  42 tasks      | elapsed: 25.2min
[Parallel(n_jobs=6)]: Done  43 tasks      | elapsed: 25.9min
[Parallel(n_jobs=6)]: Done  44 tasks      | elapsed: 26.4min
[Parallel(n_jobs=6)]: Done  45 tasks      | elapsed: 27.0min
[Parallel(n_jobs=6)]: Done  46 tasks      | elapsed: 27.3min
[Parallel(n_jobs=6)]: Done  47 tasks      | elapsed: 28.2min
[Parallel(n_jobs=6)]: Done  48 tasks      | elapsed: 29.1min
[Parallel(n_jobs=6)]: Done  49 tasks      | elapsed: 29.2min
[Parallel(n_jobs=6)]: Done  50 tasks      | elapsed: 30.0min
[Parallel(n_jobs=6)]: Done  51 tasks      | elapsed: 30.3min
[Parallel(n_jobs=6)]: Done  52 tasks      | elapsed: 30.5min
[Parallel(n_jobs=6)]: Done  53 tasks      | elapsed: 31.1min
[Parallel(n_jobs=6)]: Done  54 tasks      | elapsed: 32.7min
[Parallel(n_jobs=6)]: Done  55 tasks      | elapsed: 32.7min
[Parallel(n_jobs=6)]: Done  56 tasks      | elapsed: 33.3min
[Parallel(n_jobs=6)]: Done  57 tasks      | elapsed: 33.7min
[Parallel(n_jobs=6)]: Done  58 tasks      | elapsed: 33.7min
[Parallel(n_jobs=6)]: Done  59 tasks      | elapsed: 34.7min
[Parallel(n_jobs=6)]: Done  60 tasks      | elapsed: 35.6min
[Parallel(n_jobs=6)]: Done  61 tasks      | elapsed: 36.2min
[Parallel(n_jobs=6)]: Done  62 tasks      | elapsed: 36.6min
[Parallel(n_jobs=6)]: Done  63 tasks      | elapsed: 36.9min
[Parallel(n_jobs=6)]: Done  64 tasks      | elapsed: 37.6min
[Parallel(n_jobs=6)]: Done  65 tasks      | elapsed: 38.0min
[Parallel(n_jobs=6)]: Done  66 tasks      | elapsed: 39.3min
[Parallel(n_jobs=6)]: Done  67 tasks      | elapsed: 39.8min
[Parallel(n_jobs=6)]: Done  68 tasks      | elapsed: 39.9min
[Parallel(n_jobs=6)]: Done  69 tasks      | elapsed: 40.2min
[Parallel(n_jobs=6)]: Done  70 tasks      | elapsed: 41.0min
[Parallel(n_jobs=6)]: Done  71 tasks      | elapsed: 41.5min
[Parallel(n_jobs=6)]: Done  72 tasks      | elapsed: 42.2min
[Parallel(n_jobs=6)]: Done  73 tasks      | elapsed: 43.1min
[Parallel(n_jobs=6)]: Done  74 tasks      | elapsed: 43.9min
[Parallel(n_jobs=6)]: Done  75 tasks      | elapsed: 44.5min
[Parallel(n_jobs=6)]: Done  76 tasks      | elapsed: 44.5min
[Parallel(n_jobs=6)]: Done  77 tasks      | elapsed: 44.6min
[Parallel(n_jobs=6)]: Done  78 tasks      | elapsed: 45.3min
[Parallel(n_jobs=6)]: Done  79 tasks      | elapsed: 47.0min
[Parallel(n_jobs=6)]: Done  80 tasks      | elapsed: 47.0min
[Parallel(n_jobs=6)]: Done  81 tasks      | elapsed: 47.6min
[Parallel(n_jobs=6)]: Done  82 tasks      | elapsed: 47.6min
[Parallel(n_jobs=6)]: Done  83 tasks      | elapsed: 48.5min
[Parallel(n_jobs=6)]: Done  84 tasks      | elapsed: 48.7min
[Parallel(n_jobs=6)]: Done  85 tasks      | elapsed: 49.9min
[Parallel(n_jobs=6)]: Done  86 tasks      | elapsed: 50.1min
[Parallel(n_jobs=6)]: Done  87 tasks      | elapsed: 50.8min
[Parallel(n_jobs=6)]: Done  88 tasks      | elapsed: 51.0min
[Parallel(n_jobs=6)]: Done  89 tasks      | elapsed: 52.1min
[Parallel(n_jobs=6)]: Done  90 tasks      | elapsed: 52.1min
[Parallel(n_jobs=6)]: Done  91 tasks      | elapsed: 53.5min
[Parallel(n_jobs=6)]: Done  92 tasks      | elapsed: 53.5min
[Parallel(n_jobs=6)]: Done  93 tasks      | elapsed: 54.0min
[Parallel(n_jobs=6)]: Done  94 tasks      | elapsed: 54.3min
[Parallel(n_jobs=6)]: Done  95 tasks      | elapsed: 55.8min
[Parallel(n_jobs=6)]: Done  96 tasks      | elapsed: 56.3min
[Parallel(n_jobs=6)]: Done  97 tasks      | elapsed: 56.4min
[Parallel(n_jobs=6)]: Done  98 tasks      | elapsed: 56.5min
[Parallel(n_jobs=6)]: Done  99 tasks      | elapsed: 57.2min
[Parallel(n_jobs=6)]: Done 100 tasks      | elapsed: 58.5min
[Parallel(n_jobs=6)]: Done 101 tasks      | elapsed: 58.7min
[Parallel(n_jobs=6)]: Done 102 tasks      | elapsed: 59.4min
[Parallel(n_jobs=6)]: Done 103 tasks      | elapsed: 59.4min
[Parallel(n_jobs=6)]: Done 104 tasks      | elapsed: 60.6min
[Parallel(n_jobs=6)]: Done 105 tasks      | elapsed: 60.6min
[Parallel(n_jobs=6)]: Done 106 tasks      | elapsed: 61.7min
[Parallel(n_jobs=6)]: Done 107 tasks      | elapsed: 61.7min
[Parallel(n_jobs=6)]: Done 108 tasks      | elapsed: 62.3min
[Parallel(n_jobs=6)]: Done 109 tasks      | elapsed: 63.7min
[Parallel(n_jobs=6)]: Done 110 tasks      | elapsed: 63.8min
[Parallel(n_jobs=6)]: Done 111 tasks      | elapsed: 63.9min
[Parallel(n_jobs=6)]: Done 112 tasks      | elapsed: 64.6min
[Parallel(n_jobs=6)]: Done 113 tasks      | elapsed: 65.5min
[Parallel(n_jobs=6)]: Done 114 tasks      | elapsed: 65.6min
[Parallel(n_jobs=6)]: Done 115 tasks      | elapsed: 66.7min
[Parallel(n_jobs=6)]: Done 116 tasks      | elapsed: 67.5min
[Parallel(n_jobs=6)]: Done 117 tasks      | elapsed: 67.5min
[Parallel(n_jobs=6)]: Done 118 tasks      | elapsed: 68.0min
[Parallel(n_jobs=6)]: Done 119 tasks      | elapsed: 68.4min
[Parallel(n_jobs=6)]: Done 120 tasks      | elapsed: 69.5min
[Parallel(n_jobs=6)]: Done 121 tasks      | elapsed: 70.0min
[Parallel(n_jobs=6)]: Done 122 tasks      | elapsed: 70.6min
[Parallel(n_jobs=6)]: Done 123 tasks      | elapsed: 71.2min
[Parallel(n_jobs=6)]: Done 124 tasks      | elapsed: 71.5min
[Parallel(n_jobs=6)]: Done 125 tasks      | elapsed: 72.0min
[Parallel(n_jobs=6)]: Done 126 tasks      | elapsed: 72.7min
[Parallel(n_jobs=6)]: Done 127 tasks      | elapsed: 73.2min
[Parallel(n_jobs=6)]: Done 128 tasks      | elapsed: 74.4min
[Parallel(n_jobs=6)]: Done 129 tasks      | elapsed: 74.9min
[Parallel(n_jobs=6)]: Done 130 tasks      | elapsed: 75.1min
[Parallel(n_jobs=6)]: Done 131 tasks      | elapsed: 75.6min
[Parallel(n_jobs=6)]: Done 132 tasks      | elapsed: 75.9min
[Parallel(n_jobs=6)]: Done 133 tasks      | elapsed: 76.2min
[Parallel(n_jobs=6)]: Done 134 tasks      | elapsed: 77.2min
[Parallel(n_jobs=6)]: Done 135 tasks      | elapsed: 78.4min
[Parallel(n_jobs=6)]: Done 136 tasks      | elapsed: 78.5min
[Parallel(n_jobs=6)]: Done 137 tasks      | elapsed: 78.7min
[Parallel(n_jobs=6)]: Done 138 tasks      | elapsed: 79.5min
[Parallel(n_jobs=6)]: Done 139 tasks      | elapsed: 79.9min
[Parallel(n_jobs=6)]: Done 140 tasks      | elapsed: 80.3min
[Parallel(n_jobs=6)]: Done 141 tasks      | elapsed: 81.1min
[Parallel(n_jobs=6)]: Done 142 tasks      | elapsed: 81.6min
[Parallel(n_jobs=6)]: Done 143 tasks      | elapsed: 81.8min
[Parallel(n_jobs=6)]: Done 144 tasks      | elapsed: 82.5min
[Parallel(n_jobs=6)]: Done 145 tasks      | elapsed: 82.8min
[Parallel(n_jobs=6)]: Done 146 tasks      | elapsed: 83.3min
[Parallel(n_jobs=6)]: Done 147 tasks      | elapsed: 84.1min
[Parallel(n_jobs=6)]: Done 148 tasks      | elapsed: 84.3min
[Parallel(n_jobs=6)]: Done 149 tasks      | elapsed: 85.2min
[Parallel(n_jobs=6)]: Done 150 tasks      | elapsed: 85.3min
[Parallel(n_jobs=6)]: Done 151 tasks      | elapsed: 85.9min
[Parallel(n_jobs=6)]: Done 152 tasks      | elapsed: 86.1min
[Parallel(n_jobs=6)]: Done 153 tasks      | elapsed: 87.3min
[Parallel(n_jobs=6)]: Done 154 tasks      | elapsed: 87.4min
[Parallel(n_jobs=6)]: Done 155 tasks      | elapsed: 87.9min
[Parallel(n_jobs=6)]: Done 156 tasks      | elapsed: 88.1min
[Parallel(n_jobs=6)]: Done 157 tasks      | elapsed: 88.9min
[Parallel(n_jobs=6)]: Done 158 tasks      | elapsed: 88.9min
[Parallel(n_jobs=6)]: Done 159 tasks      | elapsed: 89.9min
[Parallel(n_jobs=6)]: Done 160 tasks      | elapsed: 90.7min
[Parallel(n_jobs=6)]: Done 161 tasks      | elapsed: 90.8min
[Parallel(n_jobs=6)]: Done 162 tasks      | elapsed: 91.5min
[Parallel(n_jobs=6)]: Done 163 tasks      | elapsed: 91.8min
[Parallel(n_jobs=6)]: Done 164 tasks      | elapsed: 91.9min
[Parallel(n_jobs=6)]: Done 165 tasks      | elapsed: 93.3min
[Parallel(n_jobs=6)]: Done 166 tasks      | elapsed: 93.3min
[Parallel(n_jobs=6)]: Done 167 tasks      | elapsed: 93.8min
[Parallel(n_jobs=6)]: Done 168 tasks      | elapsed: 94.4min
[Parallel(n_jobs=6)]: Done 169 tasks      | elapsed: 94.8min
[Parallel(n_jobs=6)]: Done 170 tasks      | elapsed: 94.9min
[Parallel(n_jobs=6)]: Done 171 tasks      | elapsed: 96.3min
[Parallel(n_jobs=6)]: Done 172 tasks      | elapsed: 96.4min
[Parallel(n_jobs=6)]: Done 173 tasks      | elapsed: 96.4min
[Parallel(n_jobs=6)]: Done 174 tasks      | elapsed: 97.2min
[Parallel(n_jobs=6)]: Done 175 tasks      | elapsed: 97.7min
[Parallel(n_jobs=6)]: Done 176 tasks      | elapsed: 98.0min
[Parallel(n_jobs=6)]: Done 177 tasks      | elapsed: 98.9min
[Parallel(n_jobs=6)]: Done 178 tasks      | elapsed: 99.5min
[Parallel(n_jobs=6)]: Done 179 tasks      | elapsed: 99.5min
[Parallel(n_jobs=6)]: Done 180 tasks      | elapsed: 99.7min
[Parallel(n_jobs=6)]: Done 181 tasks      | elapsed: 100.5min
[Parallel(n_jobs=6)]: Done 182 tasks      | elapsed: 100.7min
[Parallel(n_jobs=6)]: Done 183 tasks      | elapsed: 102.1min
[Parallel(n_jobs=6)]: Done 184 tasks      | elapsed: 102.2min
[Parallel(n_jobs=6)]: Done 185 tasks      | elapsed: 102.2min
[Parallel(n_jobs=6)]: Done 186 tasks      | elapsed: 102.4min
[Parallel(n_jobs=6)]: Done 187 tasks      | elapsed: 103.0min
[Parallel(n_jobs=6)]: Done 188 tasks      | elapsed: 103.5min
[Parallel(n_jobs=6)]: Done 189 tasks      | elapsed: 104.9min
[Parallel(n_jobs=6)]: Done 190 tasks      | elapsed: 105.3min
[Parallel(n_jobs=6)]: Done 191 tasks      | elapsed: 105.4min
[Parallel(n_jobs=6)]: Done 192 tasks      | elapsed: 105.5min
[Parallel(n_jobs=6)]: Done 193 tasks      | elapsed: 105.8min
[Parallel(n_jobs=6)]: Done 194 tasks      | elapsed: 106.3min
[Parallel(n_jobs=6)]: Done 195 tasks      | elapsed: 107.2min
[Parallel(n_jobs=6)]: Done 196 tasks      | elapsed: 107.5min
[Parallel(n_jobs=6)]: Done 197 tasks      | elapsed: 107.9min
[Parallel(n_jobs=6)]: Done 198 tasks      | elapsed: 108.5min
[Parallel(n_jobs=6)]: Done 199 tasks      | elapsed: 108.7min
[Parallel(n_jobs=6)]: Done 200 tasks      | elapsed: 109.1min
[Parallel(n_jobs=6)]: Done 201 tasks      | elapsed: 109.3min
[Parallel(n_jobs=6)]: Done 202 tasks      | elapsed: 109.6min
[Parallel(n_jobs=6)]: Done 203 tasks      | elapsed: 110.2min
[Parallel(n_jobs=6)]: Done 204 tasks      | elapsed: 110.7min
[Parallel(n_jobs=6)]: Done 205 tasks      | elapsed: 111.3min
[Parallel(n_jobs=6)]: Done 206 tasks      | elapsed: 111.5min
[Parallel(n_jobs=6)]: Done 207 tasks      | elapsed: 111.9min
[Parallel(n_jobs=6)]: Done 208 tasks      | elapsed: 112.3min
[Parallel(n_jobs=6)]: Done 209 tasks      | elapsed: 112.8min
[Parallel(n_jobs=6)]: Done 210 tasks      | elapsed: 113.6min
[Parallel(n_jobs=6)]: Done 211 tasks      | elapsed: 113.7min
[Parallel(n_jobs=6)]: Done 212 tasks      | elapsed: 114.0min
[Parallel(n_jobs=6)]: Done 213 tasks      | elapsed: 114.4min
[Parallel(n_jobs=6)]: Done 214 tasks      | elapsed: 114.4min
[Parallel(n_jobs=6)]: Done 215 tasks      | elapsed: 115.4min
[Parallel(n_jobs=6)]: Done 216 tasks      | elapsed: 115.9min
[Parallel(n_jobs=6)]: Done 222 out of 227 | elapsed: 118.2min remaining:  2.7min
[Parallel(n_jobs=6)]: Done 227 out of 227 | elapsed: 120.2min finished
[Parallel(n_jobs=6)]: Using backend LokyBackend with 6 concurrent workers.
[Parallel(n_jobs=6)]: Done   3 out of   6 | elapsed:   15.3s remaining:   15.3s
[Parallel(n_jobs=6)]: Done   6 out of   6 | elapsed:   23.1s finished
/hpc/home/jz421/miniconda3/envs/ieeg/lib/python3.11/site-packages/ieeg/viz/ensemble.py:48: UserWarning: This figure was using a layout engine that is incompatible with subplots_adjust and/or tight_layout; not calling subplots_adjust.
  fig.subplots_adjust(top=0.85)
[Parallel(n_jobs=6)]: Using backend LokyBackend with 6 concurrent workers.
[Parallel(n_jobs=6)]: Done   3 out of   6 | elapsed:   15.3s remaining:   15.3s
[Parallel(n_jobs=6)]: Done   6 out of   6 | elapsed:   21.6s finished
/hpc/home/jz421/miniconda3/envs/ieeg/lib/python3.11/site-packages/ieeg/viz/ensemble.py:48: UserWarning: This figure was using a layout engine that is incompatible with subplots_adjust and/or tight_layout; not calling subplots_adjust.
  fig.subplots_adjust(top=0.85)
/hpc/home/jz421/miniconda3/envs/ieeg/lib/python3.11/site-packages/ieeg/io.py:438: RuntimeWarning: Converting data files to EDF format
  write_raw_bids(run, bids_path, allow_preload=True, format=format,
/hpc/home/jz421/miniconda3/envs/ieeg/lib/python3.11/site-packages/ieeg/io.py:438: RuntimeWarning: EDF format requires equal-length data blocks, so 1 seconds of edge values were appended to all channels when writing the final block.
  write_raw_bids(run, bids_path, allow_preload=True, format=format,
/hpc/home/jz421/miniconda3/envs/ieeg/lib/python3.11/site-packages/ieeg/io.py:438: RuntimeWarning: Converting data files to EDF format
  write_raw_bids(run, bids_path, allow_preload=True, format=format,
/hpc/home/jz421/miniconda3/envs/ieeg/lib/python3.11/site-packages/ieeg/io.py:438: RuntimeWarning: EDF format requires equal-length data blocks, so 1 seconds of edge values were appended to all channels when writing the final block.
  write_raw_bids(run, bids_path, allow_preload=True, format=format,
/hpc/home/jz421/miniconda3/envs/ieeg/lib/python3.11/site-packages/ieeg/io.py:438: RuntimeWarning: Converting data files to EDF format
  write_raw_bids(run, bids_path, allow_preload=True, format=format,
/hpc/home/jz421/miniconda3/envs/ieeg/lib/python3.11/site-packages/ieeg/io.py:438: RuntimeWarning: EDF format requires equal-length data blocks, so 1 seconds of edge values were appended to all channels when writing the final block.
  write_raw_bids(run, bids_path, allow_preload=True, format=format,
/hpc/home/jz421/miniconda3/envs/ieeg/lib/python3.11/site-packages/ieeg/io.py:438: RuntimeWarning: Converting data files to EDF format
  write_raw_bids(run, bids_path, allow_preload=True, format=format,
Traceback (most recent call last):
  File "/hpc/home/jz421/coganlab/jz421/GlobalLocal/dcc_scripts/preproc/plot_clean_dcc.py", line 214, in <module>
    main(args.subjects)
  File "/hpc/home/jz421/coganlab/jz421/GlobalLocal/dcc_scripts/preproc/plot_clean_dcc.py", line 202, in main
    channel_outlier_marker(raw, 3, 2, save=True)
  File "<decorator-gen-472>", line 10, in channel_outlier_marker
  File "/hpc/home/jz421/miniconda3/envs/ieeg/lib/python3.11/site-packages/ieeg/navigate.py", line 155, in channel_outlier_marker
    update(file, bads, desc)
  File "/hpc/home/jz421/miniconda3/envs/ieeg/lib/python3.11/functools.py", line 909, in wrapper
    return dispatch(args[0].__class__)(*args, **kw)
           ^^^^^^^^^^^^^^^^^^^^^^^^^^^^^^^^^^^^^^^^
  File "<decorator-gen-471>", line 12, in update
  File "/hpc/home/jz421/miniconda3/envs/ieeg/lib/python3.11/site-packages/ieeg/io.py", line 483, in update
    mark_channels(bids_path, ch_names=channels, status=status,
  File "<decorator-gen-462>", line 12, in mark_channels
  File "/hpc/home/jz421/miniconda3/envs/ieeg/lib/python3.11/site-packages/mne_bids/write.py", line 2685, in mark_channels
    if "status_description" not in tsv_data and write_descriptions:
                                                ^^^^^^^^^^^^^^^^^^
UnboundLocalError: cannot access local variable 'write_descriptions' where it is not associated with a value
