/hpc/home/jz421/miniconda3/envs/ieeg/lib/python3.11/site-packages/ieeg/io.py:278: RuntimeWarning: DigMontage is only a subset of info. There are 10 channel positions not present in the DigMontage. The channels missing from the montage are:

['RTAS6', 'RTP9', 'RTP10', 'RTPM9', 'RTPM10', 'RTOJ7', 'RTOJ8', 'LFO11', 'LFO12', 'LTMM10'].

Consider using inst.rename_channels to match the montage nomenclature, or inst.set_channel_types if these are not EEG channels, or use the on_missing parameter if the channel positions are allowed to be unknown in your analyses.
  new_raw = read_raw_bids(bids_path=BIDS_path, verbose=verbose)
/hpc/home/jz421/miniconda3/envs/ieeg/lib/python3.11/site-packages/ieeg/io.py:278: RuntimeWarning: participants.tsv file not found for /cwork/jz421/BIDS-1.1_GlobalLocal/BIDS/sub-D0145/ieeg/sub-D0145_task-GlobalLocal_acq-01_run-01_ieeg.edf
  new_raw = read_raw_bids(bids_path=BIDS_path, verbose=verbose)
/hpc/home/jz421/miniconda3/envs/ieeg/lib/python3.11/site-packages/ieeg/io.py:278: RuntimeWarning: DigMontage is only a subset of info. There are 10 channel positions not present in the DigMontage. The channels missing from the montage are:

['RTAS6', 'RTP9', 'RTP10', 'RTPM9', 'RTPM10', 'RTOJ7', 'RTOJ8', 'LFO11', 'LFO12', 'LTMM10'].

Consider using inst.rename_channels to match the montage nomenclature, or inst.set_channel_types if these are not EEG channels, or use the on_missing parameter if the channel positions are allowed to be unknown in your analyses.
  new_raw = read_raw_bids(bids_path=BIDS_path, verbose=verbose)
/hpc/home/jz421/miniconda3/envs/ieeg/lib/python3.11/site-packages/ieeg/io.py:278: RuntimeWarning: participants.tsv file not found for /cwork/jz421/BIDS-1.1_GlobalLocal/BIDS/sub-D0145/ieeg/sub-D0145_task-GlobalLocal_acq-01_run-02_ieeg.edf
  new_raw = read_raw_bids(bids_path=BIDS_path, verbose=verbose)
/hpc/home/jz421/miniconda3/envs/ieeg/lib/python3.11/site-packages/ieeg/io.py:278: RuntimeWarning: DigMontage is only a subset of info. There are 10 channel positions not present in the DigMontage. The channels missing from the montage are:

['RTAS6', 'RTP9', 'RTP10', 'RTPM9', 'RTPM10', 'RTOJ7', 'RTOJ8', 'LFO11', 'LFO12', 'LTMM10'].

Consider using inst.rename_channels to match the montage nomenclature, or inst.set_channel_types if these are not EEG channels, or use the on_missing parameter if the channel positions are allowed to be unknown in your analyses.
  new_raw = read_raw_bids(bids_path=BIDS_path, verbose=verbose)
/hpc/home/jz421/miniconda3/envs/ieeg/lib/python3.11/site-packages/ieeg/io.py:278: RuntimeWarning: participants.tsv file not found for /cwork/jz421/BIDS-1.1_GlobalLocal/BIDS/sub-D0145/ieeg/sub-D0145_task-GlobalLocal_acq-01_run-03_ieeg.edf
  new_raw = read_raw_bids(bids_path=BIDS_path, verbose=verbose)
/hpc/home/jz421/miniconda3/envs/ieeg/lib/python3.11/site-packages/ieeg/io.py:278: RuntimeWarning: DigMontage is only a subset of info. There are 10 channel positions not present in the DigMontage. The channels missing from the montage are:

['RTAS6', 'RTP9', 'RTP10', 'RTPM9', 'RTPM10', 'RTOJ7', 'RTOJ8', 'LFO11', 'LFO12', 'LTMM10'].

Consider using inst.rename_channels to match the montage nomenclature, or inst.set_channel_types if these are not EEG channels, or use the on_missing parameter if the channel positions are allowed to be unknown in your analyses.
  new_raw = read_raw_bids(bids_path=BIDS_path, verbose=verbose)
/hpc/home/jz421/miniconda3/envs/ieeg/lib/python3.11/site-packages/ieeg/io.py:278: RuntimeWarning: participants.tsv file not found for /cwork/jz421/BIDS-1.1_GlobalLocal/BIDS/sub-D0145/ieeg/sub-D0145_task-GlobalLocal_acq-01_run-04_ieeg.edf
  new_raw = read_raw_bids(bids_path=BIDS_path, verbose=verbose)
[Parallel(n_jobs=6)]: Using backend LokyBackend with 6 concurrent workers.
[Parallel(n_jobs=6)]: Done   3 out of   6 | elapsed:   13.2s remaining:   13.2s
[Parallel(n_jobs=6)]: Done   6 out of   6 | elapsed:   19.2s finished
/hpc/home/jz421/miniconda3/envs/ieeg/lib/python3.11/site-packages/ieeg/viz/ensemble.py:48: UserWarning: This figure was using a layout engine that is incompatible with subplots_adjust and/or tight_layout; not calling subplots_adjust.
  fig.subplots_adjust(top=0.85)
[Parallel(n_jobs=6)]: Using backend LokyBackend with 6 concurrent workers.
[Parallel(n_jobs=6)]: Done   1 tasks      | elapsed:   23.6s
[Parallel(n_jobs=6)]: Done   2 tasks      | elapsed:   23.7s
[Parallel(n_jobs=6)]: Done   3 tasks      | elapsed:   23.8s
[Parallel(n_jobs=6)]: Done   4 tasks      | elapsed:   23.9s
[Parallel(n_jobs=6)]: Done   5 tasks      | elapsed:   27.4s
[Parallel(n_jobs=6)]: Done   6 tasks      | elapsed:   29.5s
[Parallel(n_jobs=6)]: Done   7 tasks      | elapsed:   31.4s
[Parallel(n_jobs=6)]: Done   8 tasks      | elapsed:   31.5s
[Parallel(n_jobs=6)]: Done   9 tasks      | elapsed:   34.5s
[Parallel(n_jobs=6)]: Done  10 tasks      | elapsed:   37.8s
[Parallel(n_jobs=6)]: Done  11 tasks      | elapsed:   39.5s
[Parallel(n_jobs=6)]: Done  12 tasks      | elapsed:   39.6s
[Parallel(n_jobs=6)]: Done  13 tasks      | elapsed:   40.3s
[Parallel(n_jobs=6)]: Done  14 tasks      | elapsed:   40.4s
[Parallel(n_jobs=6)]: Done  15 tasks      | elapsed:   43.4s
[Parallel(n_jobs=6)]: Done  16 tasks      | elapsed:   46.4s
[Parallel(n_jobs=6)]: Done  17 tasks      | elapsed:   48.8s
[Parallel(n_jobs=6)]: Done  18 tasks      | elapsed:   49.1s
[Parallel(n_jobs=6)]: Done  19 tasks      | elapsed:   53.1s
[Parallel(n_jobs=6)]: Done  20 tasks      | elapsed:   53.2s
[Parallel(n_jobs=6)]: Done  21 tasks      | elapsed:   54.7s
[Parallel(n_jobs=6)]: Done  22 tasks      | elapsed:   56.2s
[Parallel(n_jobs=6)]: Done  23 tasks      | elapsed:  1.0min
[Parallel(n_jobs=6)]: Done  24 tasks      | elapsed:  1.0min
[Parallel(n_jobs=6)]: Done  25 tasks      | elapsed:  1.1min
[Parallel(n_jobs=6)]: Done  26 tasks      | elapsed:  1.1min
[Parallel(n_jobs=6)]: Done  27 tasks      | elapsed:  1.1min
[Parallel(n_jobs=6)]: Done  28 tasks      | elapsed:  1.2min
[Parallel(n_jobs=6)]: Done  29 tasks      | elapsed:  1.2min
[Parallel(n_jobs=6)]: Done  30 tasks      | elapsed:  1.2min
[Parallel(n_jobs=6)]: Done  31 tasks      | elapsed:  1.2min
[Parallel(n_jobs=6)]: Done  32 tasks      | elapsed:  1.3min
[Parallel(n_jobs=6)]: Done  33 tasks      | elapsed:  1.3min
[Parallel(n_jobs=6)]: Done  34 tasks      | elapsed:  1.4min
[Parallel(n_jobs=6)]: Done  35 tasks      | elapsed:  1.4min
[Parallel(n_jobs=6)]: Done  36 tasks      | elapsed:  1.4min
[Parallel(n_jobs=6)]: Done  37 tasks      | elapsed:  1.4min
[Parallel(n_jobs=6)]: Done  38 tasks      | elapsed:  1.5min
[Parallel(n_jobs=6)]: Done  39 tasks      | elapsed:  1.6min
[Parallel(n_jobs=6)]: Done  40 tasks      | elapsed:  1.6min
[Parallel(n_jobs=6)]: Done  41 tasks      | elapsed:  1.6min
[Parallel(n_jobs=6)]: Done  42 tasks      | elapsed:  1.7min
[Parallel(n_jobs=6)]: Done  43 tasks      | elapsed:  1.7min
[Parallel(n_jobs=6)]: Done  44 tasks      | elapsed:  1.7min
[Parallel(n_jobs=6)]: Done  45 tasks      | elapsed:  1.7min
[Parallel(n_jobs=6)]: Done  46 tasks      | elapsed:  1.8min
[Parallel(n_jobs=6)]: Done  47 tasks      | elapsed:  1.8min
[Parallel(n_jobs=6)]: Done  48 tasks      | elapsed:  1.9min
[Parallel(n_jobs=6)]: Done  49 tasks      | elapsed:  1.9min
[Parallel(n_jobs=6)]: Done  50 tasks      | elapsed:  1.9min
[Parallel(n_jobs=6)]: Done  51 tasks      | elapsed:  1.9min
[Parallel(n_jobs=6)]: Done  52 tasks      | elapsed:  2.0min
[Parallel(n_jobs=6)]: Done  53 tasks      | elapsed:  2.0min
[Parallel(n_jobs=6)]: Done  54 tasks      | elapsed:  2.0min
[Parallel(n_jobs=6)]: Done  55 tasks      | elapsed:  2.0min
[Parallel(n_jobs=6)]: Done  56 tasks      | elapsed:  2.1min
[Parallel(n_jobs=6)]: Done  57 tasks      | elapsed:  2.1min
[Parallel(n_jobs=6)]: Done  58 tasks      | elapsed:  2.2min
[Parallel(n_jobs=6)]: Done  59 tasks      | elapsed:  2.2min
[Parallel(n_jobs=6)]: Done  60 tasks      | elapsed:  2.2min
[Parallel(n_jobs=6)]: Done  61 tasks      | elapsed:  2.2min
[Parallel(n_jobs=6)]: Done  62 tasks      | elapsed:  2.3min
[Parallel(n_jobs=6)]: Done  63 tasks      | elapsed:  2.3min
[Parallel(n_jobs=6)]: Done  64 tasks      | elapsed:  2.4min
[Parallel(n_jobs=6)]: Done  65 tasks      | elapsed:  2.4min
[Parallel(n_jobs=6)]: Done  66 tasks      | elapsed:  2.4min
[Parallel(n_jobs=6)]: Done  67 tasks      | elapsed:  2.5min
[Parallel(n_jobs=6)]: Done  68 tasks      | elapsed:  2.5min
[Parallel(n_jobs=6)]: Done  69 tasks      | elapsed:  2.5min
[Parallel(n_jobs=6)]: Done  70 tasks      | elapsed:  2.5min
[Parallel(n_jobs=6)]: Done  71 tasks      | elapsed:  2.6min
[Parallel(n_jobs=6)]: Done  72 tasks      | elapsed:  2.6min
[Parallel(n_jobs=6)]: Done  73 tasks      | elapsed:  2.6min
[Parallel(n_jobs=6)]: Done  74 tasks      | elapsed:  2.7min
[Parallel(n_jobs=6)]: Done  75 tasks      | elapsed:  2.7min
[Parallel(n_jobs=6)]: Done  76 tasks      | elapsed:  2.7min
[Parallel(n_jobs=6)]: Done  77 tasks      | elapsed:  2.8min
[Parallel(n_jobs=6)]: Done  78 tasks      | elapsed:  2.8min
[Parallel(n_jobs=6)]: Done  79 tasks      | elapsed:  2.8min
[Parallel(n_jobs=6)]: Done  80 tasks      | elapsed:  2.8min
[Parallel(n_jobs=6)]: Done  81 tasks      | elapsed:  2.9min
[Parallel(n_jobs=6)]: Done  82 tasks      | elapsed:  2.9min
[Parallel(n_jobs=6)]: Done  83 tasks      | elapsed:  3.0min
[Parallel(n_jobs=6)]: Done  84 tasks      | elapsed:  3.0min
[Parallel(n_jobs=6)]: Done  85 tasks      | elapsed:  3.0min
[Parallel(n_jobs=6)]: Done  86 tasks      | elapsed:  3.0min
[Parallel(n_jobs=6)]: Done  87 tasks      | elapsed:  3.1min
[Parallel(n_jobs=6)]: Done  88 tasks      | elapsed:  3.1min
[Parallel(n_jobs=6)]: Done  89 tasks      | elapsed:  3.2min
[Parallel(n_jobs=6)]: Done  90 tasks      | elapsed:  3.2min
[Parallel(n_jobs=6)]: Done  91 tasks      | elapsed:  3.2min
[Parallel(n_jobs=6)]: Done  92 tasks      | elapsed:  3.2min
[Parallel(n_jobs=6)]: Done  93 tasks      | elapsed:  3.3min
[Parallel(n_jobs=6)]: Done  94 tasks      | elapsed:  3.3min
[Parallel(n_jobs=6)]: Done  95 tasks      | elapsed:  3.4min
[Parallel(n_jobs=6)]: Done  96 tasks      | elapsed:  3.4min
[Parallel(n_jobs=6)]: Done  97 tasks      | elapsed:  3.5min
[Parallel(n_jobs=6)]: Done  98 tasks      | elapsed:  3.5min
[Parallel(n_jobs=6)]: Done  99 tasks      | elapsed:  3.5min
[Parallel(n_jobs=6)]: Done 100 tasks      | elapsed:  3.5min
[Parallel(n_jobs=6)]: Done 101 tasks      | elapsed:  3.6min
[Parallel(n_jobs=6)]: Done 102 tasks      | elapsed:  3.6min
[Parallel(n_jobs=6)]: Done 103 tasks      | elapsed:  3.6min
[Parallel(n_jobs=6)]: Done 104 tasks      | elapsed:  3.7min
[Parallel(n_jobs=6)]: Done 105 tasks      | elapsed:  3.7min
[Parallel(n_jobs=6)]: Done 106 tasks      | elapsed:  3.8min
[Parallel(n_jobs=6)]: Done 107 tasks      | elapsed:  3.8min
[Parallel(n_jobs=6)]: Done 108 tasks      | elapsed:  3.8min
[Parallel(n_jobs=6)]: Done 109 tasks      | elapsed:  3.8min
[Parallel(n_jobs=6)]: Done 110 tasks      | elapsed:  3.8min
[Parallel(n_jobs=6)]: Done 111 tasks      | elapsed:  3.9min
[Parallel(n_jobs=6)]: Done 112 tasks      | elapsed:  4.0min
[Parallel(n_jobs=6)]: Done 113 tasks      | elapsed:  4.0min
[Parallel(n_jobs=6)]: Done 114 tasks      | elapsed:  4.0min
[Parallel(n_jobs=6)]: Done 115 tasks      | elapsed:  4.1min
[Parallel(n_jobs=6)]: Done 116 tasks      | elapsed:  4.1min
[Parallel(n_jobs=6)]: Done 117 tasks      | elapsed:  4.1min
[Parallel(n_jobs=6)]: Done 118 tasks      | elapsed:  4.1min
[Parallel(n_jobs=6)]: Done 119 tasks      | elapsed:  4.1min
[Parallel(n_jobs=6)]: Done 120 tasks      | elapsed:  4.1min
[Parallel(n_jobs=6)]: Done 121 tasks      | elapsed:  4.2min
[Parallel(n_jobs=6)]: Done 122 tasks      | elapsed:  4.3min
[Parallel(n_jobs=6)]: Done 123 tasks      | elapsed:  4.3min
[Parallel(n_jobs=6)]: Done 124 tasks      | elapsed:  4.3min
[Parallel(n_jobs=6)]: Done 125 tasks      | elapsed:  4.4min
[Parallel(n_jobs=6)]: Done 126 tasks      | elapsed:  4.4min
[Parallel(n_jobs=6)]: Done 127 tasks      | elapsed:  4.4min
[Parallel(n_jobs=6)]: Done 128 tasks      | elapsed:  4.5min
[Parallel(n_jobs=6)]: Done 129 tasks      | elapsed:  4.5min
[Parallel(n_jobs=6)]: Done 130 tasks      | elapsed:  4.5min
[Parallel(n_jobs=6)]: Done 131 tasks      | elapsed:  4.6min
[Parallel(n_jobs=6)]: Done 132 tasks      | elapsed:  4.6min
[Parallel(n_jobs=6)]: Done 133 tasks      | elapsed:  4.6min
[Parallel(n_jobs=6)]: Done 134 tasks      | elapsed:  4.7min
[Parallel(n_jobs=6)]: Done 135 tasks      | elapsed:  4.7min
[Parallel(n_jobs=6)]: Done 139 out of 146 | elapsed:  4.9min remaining:   14.7s
[Parallel(n_jobs=6)]: Done 143 out of 146 | elapsed:  5.0min remaining:    6.3s
[Parallel(n_jobs=6)]: Done 146 out of 146 | elapsed:  5.1min finished
[Parallel(n_jobs=6)]: Using backend LokyBackend with 6 concurrent workers.
[Parallel(n_jobs=6)]: Done   1 tasks      | elapsed:  2.0min
[Parallel(n_jobs=6)]: Done   2 tasks      | elapsed:  2.0min
[Parallel(n_jobs=6)]: Done   3 tasks      | elapsed:  2.0min
[Parallel(n_jobs=6)]: Done   4 tasks      | elapsed:  2.0min
[Parallel(n_jobs=6)]: Done   5 tasks      | elapsed:  3.7min
[Parallel(n_jobs=6)]: Done   6 tasks      | elapsed:  3.7min
[Parallel(n_jobs=6)]: Done   7 tasks      | elapsed:  4.5min
/hpc/home/jz421/miniconda3/envs/ieeg/lib/python3.11/site-packages/joblib/externals/loky/process_executor.py:782: UserWarning: A worker stopped while some jobs were given to the executor. This can be caused by a too short worker timeout or by a memory leak.
  warnings.warn(
[Parallel(n_jobs=6)]: Done   8 tasks      | elapsed:  4.5min
[Parallel(n_jobs=6)]: Done   9 tasks      | elapsed:  4.5min
[Parallel(n_jobs=6)]: Done  10 tasks      | elapsed:  4.5min
[Parallel(n_jobs=6)]: Done  11 tasks      | elapsed:  6.5min
[Parallel(n_jobs=6)]: Done  12 tasks      | elapsed:  7.3min
[Parallel(n_jobs=6)]: Done  13 tasks      | elapsed:  7.3min
[Parallel(n_jobs=6)]: Done  14 tasks      | elapsed:  7.3min
[Parallel(n_jobs=6)]: Done  15 tasks      | elapsed:  7.8min
[Parallel(n_jobs=6)]: Done  16 tasks      | elapsed:  8.5min
[Parallel(n_jobs=6)]: Done  17 tasks      | elapsed:  9.3min
[Parallel(n_jobs=6)]: Done  18 tasks      | elapsed: 10.0min
[Parallel(n_jobs=6)]: Done  19 tasks      | elapsed: 10.7min
[Parallel(n_jobs=6)]: Done  20 tasks      | elapsed: 11.6min
[Parallel(n_jobs=6)]: Done  21 tasks      | elapsed: 11.8min
[Parallel(n_jobs=6)]: Done  22 tasks      | elapsed: 11.8min
[Parallel(n_jobs=6)]: Done  23 tasks      | elapsed: 12.1min
[Parallel(n_jobs=6)]: Done  24 tasks      | elapsed: 13.2min
[Parallel(n_jobs=6)]: Done  25 tasks      | elapsed: 14.6min
[Parallel(n_jobs=6)]: Done  26 tasks      | elapsed: 15.0min
[Parallel(n_jobs=6)]: Done  27 tasks      | elapsed: 15.0min
[Parallel(n_jobs=6)]: Done  28 tasks      | elapsed: 15.2min
[Parallel(n_jobs=6)]: Done  29 tasks      | elapsed: 16.0min
[Parallel(n_jobs=6)]: Done  30 tasks      | elapsed: 16.1min
[Parallel(n_jobs=6)]: Done  31 tasks      | elapsed: 17.4min
[Parallel(n_jobs=6)]: Done  32 tasks      | elapsed: 17.8min
[Parallel(n_jobs=6)]: Done  33 tasks      | elapsed: 17.9min
[Parallel(n_jobs=6)]: Done  34 tasks      | elapsed: 18.9min
[Parallel(n_jobs=6)]: Done  35 tasks      | elapsed: 19.0min
[Parallel(n_jobs=6)]: Done  36 tasks      | elapsed: 19.6min
[Parallel(n_jobs=6)]: Done  37 tasks      | elapsed: 20.7min
[Parallel(n_jobs=6)]: Done  38 tasks      | elapsed: 21.1min
[Parallel(n_jobs=6)]: Done  39 tasks      | elapsed: 21.6min
[Parallel(n_jobs=6)]: Done  40 tasks      | elapsed: 21.7min
[Parallel(n_jobs=6)]: Done  41 tasks      | elapsed: 22.3min
[Parallel(n_jobs=6)]: Done  42 tasks      | elapsed: 23.6min
[Parallel(n_jobs=6)]: Done  43 tasks      | elapsed: 23.9min
[Parallel(n_jobs=6)]: Done  44 tasks      | elapsed: 23.9min
[Parallel(n_jobs=6)]: Done  45 tasks      | elapsed: 25.1min
[Parallel(n_jobs=6)]: Done  46 tasks      | elapsed: 25.2min
[Parallel(n_jobs=6)]: Done  47 tasks      | elapsed: 25.4min
[Parallel(n_jobs=6)]: Done  48 tasks      | elapsed: 27.9min
[Parallel(n_jobs=6)]: Done  49 tasks      | elapsed: 28.0min
[Parallel(n_jobs=6)]: Done  50 tasks      | elapsed: 28.1min
[Parallel(n_jobs=6)]: Done  51 tasks      | elapsed: 28.4min
[Parallel(n_jobs=6)]: Done  52 tasks      | elapsed: 28.5min
[Parallel(n_jobs=6)]: Done  53 tasks      | elapsed: 29.3min
[Parallel(n_jobs=6)]: Done  54 tasks      | elapsed: 30.8min
[Parallel(n_jobs=6)]: Done  55 tasks      | elapsed: 30.9min
[Parallel(n_jobs=6)]: Done  56 tasks      | elapsed: 31.0min
[Parallel(n_jobs=6)]: Done  57 tasks      | elapsed: 32.1min
[Parallel(n_jobs=6)]: Done  58 tasks      | elapsed: 32.2min
[Parallel(n_jobs=6)]: Done  59 tasks      | elapsed: 32.7min
[Parallel(n_jobs=6)]: Done  60 tasks      | elapsed: 33.9min
[Parallel(n_jobs=6)]: Done  61 tasks      | elapsed: 34.5min
[Parallel(n_jobs=6)]: Done  62 tasks      | elapsed: 34.5min
[Parallel(n_jobs=6)]: Done  63 tasks      | elapsed: 35.0min
[Parallel(n_jobs=6)]: Done  64 tasks      | elapsed: 35.5min
[Parallel(n_jobs=6)]: Done  65 tasks      | elapsed: 36.1min
[Parallel(n_jobs=6)]: Done  66 tasks      | elapsed: 37.7min
[Parallel(n_jobs=6)]: Done  67 tasks      | elapsed: 38.0min
[Parallel(n_jobs=6)]: Done  68 tasks      | elapsed: 38.5min
[Parallel(n_jobs=6)]: Done  69 tasks      | elapsed: 38.9min
[Parallel(n_jobs=6)]: Done  70 tasks      | elapsed: 39.0min
[Parallel(n_jobs=6)]: Done  71 tasks      | elapsed: 39.7min
[Parallel(n_jobs=6)]: Done  72 tasks      | elapsed: 40.5min
[Parallel(n_jobs=6)]: Done  73 tasks      | elapsed: 40.8min
[Parallel(n_jobs=6)]: Done  74 tasks      | elapsed: 41.3min
[Parallel(n_jobs=6)]: Done  75 tasks      | elapsed: 42.3min
[Parallel(n_jobs=6)]: Done  76 tasks      | elapsed: 42.9min
[Parallel(n_jobs=6)]: Done  77 tasks      | elapsed: 43.3min
[Parallel(n_jobs=6)]: Done  78 tasks      | elapsed: 43.4min
[Parallel(n_jobs=6)]: Done  79 tasks      | elapsed: 44.6min
[Parallel(n_jobs=6)]: Done  80 tasks      | elapsed: 44.8min
[Parallel(n_jobs=6)]: Done  81 tasks      | elapsed: 45.7min
[Parallel(n_jobs=6)]: Done  82 tasks      | elapsed: 46.3min
[Parallel(n_jobs=6)]: Done  83 tasks      | elapsed: 46.7min
[Parallel(n_jobs=6)]: Done  84 tasks      | elapsed: 46.8min
[Parallel(n_jobs=6)]: Done  85 tasks      | elapsed: 47.7min
[Parallel(n_jobs=6)]: Done  86 tasks      | elapsed: 48.3min
[Parallel(n_jobs=6)]: Done  87 tasks      | elapsed: 48.6min
[Parallel(n_jobs=6)]: Done  88 tasks      | elapsed: 49.5min
[Parallel(n_jobs=6)]: Done  89 tasks      | elapsed: 50.6min
[Parallel(n_jobs=6)]: Done  90 tasks      | elapsed: 50.6min
[Parallel(n_jobs=6)]: Done  91 tasks      | elapsed: 51.1min
[Parallel(n_jobs=6)]: Done  92 tasks      | elapsed: 51.1min
[Parallel(n_jobs=6)]: Done  93 tasks      | elapsed: 52.1min
[Parallel(n_jobs=6)]: Done  94 tasks      | elapsed: 52.3min
[Parallel(n_jobs=6)]: Done  95 tasks      | elapsed: 53.5min
[Parallel(n_jobs=6)]: Done  96 tasks      | elapsed: 53.9min
[Parallel(n_jobs=6)]: Done  97 tasks      | elapsed: 54.0min
[Parallel(n_jobs=6)]: Done  98 tasks      | elapsed: 54.8min
[Parallel(n_jobs=6)]: Done  99 tasks      | elapsed: 55.2min
[Parallel(n_jobs=6)]: Done 100 tasks      | elapsed: 55.6min
[Parallel(n_jobs=6)]: Done 101 tasks      | elapsed: 57.2min
[Parallel(n_jobs=6)]: Done 102 tasks      | elapsed: 57.3min
[Parallel(n_jobs=6)]: Done 103 tasks      | elapsed: 58.0min
[Parallel(n_jobs=6)]: Done 104 tasks      | elapsed: 58.0min
[Parallel(n_jobs=6)]: Done 105 tasks      | elapsed: 58.8min
[Parallel(n_jobs=6)]: Done 106 tasks      | elapsed: 58.9min
[Parallel(n_jobs=6)]: Done 107 tasks      | elapsed: 60.2min
[Parallel(n_jobs=6)]: Done 108 tasks      | elapsed: 60.8min
[Parallel(n_jobs=6)]: Done 109 tasks      | elapsed: 61.1min
[Parallel(n_jobs=6)]: Done 110 tasks      | elapsed: 61.5min
[Parallel(n_jobs=6)]: Done 111 tasks      | elapsed: 62.0min
[Parallel(n_jobs=6)]: Done 112 tasks      | elapsed: 62.1min
[Parallel(n_jobs=6)]: Done 113 tasks      | elapsed: 63.0min
[Parallel(n_jobs=6)]: Done 114 tasks      | elapsed: 64.5min
[Parallel(n_jobs=6)]: Done 115 tasks      | elapsed: 64.6min
[Parallel(n_jobs=6)]: Done 116 tasks      | elapsed: 64.9min
[Parallel(n_jobs=6)]: Done 117 tasks      | elapsed: 65.7min
[Parallel(n_jobs=6)]: Done 118 tasks      | elapsed: 65.8min
[Parallel(n_jobs=6)]: Done 119 tasks      | elapsed: 66.6min
[Parallel(n_jobs=6)]: Done 120 tasks      | elapsed: 67.3min
[Parallel(n_jobs=6)]: Done 121 tasks      | elapsed: 68.1min
[Parallel(n_jobs=6)]: Done 122 tasks      | elapsed: 68.6min
[Parallel(n_jobs=6)]: Done 123 tasks      | elapsed: 69.0min
[Parallel(n_jobs=6)]: Done 124 tasks      | elapsed: 69.1min
[Parallel(n_jobs=6)]: Done 125 tasks      | elapsed: 70.0min
[Parallel(n_jobs=6)]: Done 126 tasks      | elapsed: 70.3min
[Parallel(n_jobs=6)]: Done 127 tasks      | elapsed: 71.5min
[Parallel(n_jobs=6)]: Done 128 tasks      | elapsed: 72.0min
[Parallel(n_jobs=6)]: Done 129 tasks      | elapsed: 72.6min
[Parallel(n_jobs=6)]: Done 130 tasks      | elapsed: 72.8min
[Parallel(n_jobs=6)]: Done 131 tasks      | elapsed: 73.3min
[Parallel(n_jobs=6)]: Done 132 tasks      | elapsed: 73.8min
[Parallel(n_jobs=6)]: Done 133 tasks      | elapsed: 74.8min
[Parallel(n_jobs=6)]: Done 134 tasks      | elapsed: 74.9min
[Parallel(n_jobs=6)]: Done 135 tasks      | elapsed: 75.4min
[Parallel(n_jobs=6)]: Done 139 out of 146 | elapsed: 77.7min remaining:  3.9min
[Parallel(n_jobs=6)]: Done 143 out of 146 | elapsed: 80.2min remaining:  1.7min
[Parallel(n_jobs=6)]: Done 146 out of 146 | elapsed: 81.5min finished
[Parallel(n_jobs=6)]: Using backend LokyBackend with 6 concurrent workers.
[Parallel(n_jobs=6)]: Done   3 out of   6 | elapsed:   17.1s remaining:   17.1s
[Parallel(n_jobs=6)]: Done   6 out of   6 | elapsed:   25.9s finished
/hpc/home/jz421/miniconda3/envs/ieeg/lib/python3.11/site-packages/ieeg/viz/ensemble.py:48: UserWarning: This figure was using a layout engine that is incompatible with subplots_adjust and/or tight_layout; not calling subplots_adjust.
  fig.subplots_adjust(top=0.85)
[Parallel(n_jobs=6)]: Using backend LokyBackend with 6 concurrent workers.
[Parallel(n_jobs=6)]: Done   3 out of   6 | elapsed:   14.0s remaining:   14.0s
[Parallel(n_jobs=6)]: Done   6 out of   6 | elapsed:   22.1s finished
/hpc/home/jz421/miniconda3/envs/ieeg/lib/python3.11/site-packages/ieeg/viz/ensemble.py:48: UserWarning: This figure was using a layout engine that is incompatible with subplots_adjust and/or tight_layout; not calling subplots_adjust.
  fig.subplots_adjust(top=0.85)
/hpc/home/jz421/miniconda3/envs/ieeg/lib/python3.11/site-packages/ieeg/io.py:438: RuntimeWarning: Converting data files to EDF format
  write_raw_bids(run, bids_path, allow_preload=True, format=format,
/hpc/home/jz421/miniconda3/envs/ieeg/lib/python3.11/site-packages/ieeg/io.py:438: RuntimeWarning: EDF format requires equal-length data blocks, so 1 seconds of edge values were appended to all channels when writing the final block.
  write_raw_bids(run, bids_path, allow_preload=True, format=format,
/hpc/home/jz421/miniconda3/envs/ieeg/lib/python3.11/site-packages/ieeg/io.py:438: RuntimeWarning: Converting data files to EDF format
  write_raw_bids(run, bids_path, allow_preload=True, format=format,
/hpc/home/jz421/miniconda3/envs/ieeg/lib/python3.11/site-packages/ieeg/io.py:438: RuntimeWarning: EDF format requires equal-length data blocks, so 1 seconds of edge values were appended to all channels when writing the final block.
  write_raw_bids(run, bids_path, allow_preload=True, format=format,
/hpc/home/jz421/miniconda3/envs/ieeg/lib/python3.11/site-packages/ieeg/io.py:438: RuntimeWarning: Converting data files to EDF format
  write_raw_bids(run, bids_path, allow_preload=True, format=format,
/hpc/home/jz421/miniconda3/envs/ieeg/lib/python3.11/site-packages/ieeg/io.py:438: RuntimeWarning: EDF format requires equal-length data blocks, so 1 seconds of edge values were appended to all channels when writing the final block.
  write_raw_bids(run, bids_path, allow_preload=True, format=format,
/hpc/home/jz421/miniconda3/envs/ieeg/lib/python3.11/site-packages/ieeg/io.py:438: RuntimeWarning: Converting data files to EDF format
  write_raw_bids(run, bids_path, allow_preload=True, format=format,
Traceback (most recent call last):
  File "/hpc/home/jz421/coganlab/jz421/GlobalLocal/dcc_scripts/preproc/plot_clean_dcc.py", line 214, in <module>
    main(args.subjects)
  File "/hpc/home/jz421/coganlab/jz421/GlobalLocal/dcc_scripts/preproc/plot_clean_dcc.py", line 202, in main
    channel_outlier_marker(raw, 3, 2, save=True)
  File "<decorator-gen-472>", line 10, in channel_outlier_marker
  File "/hpc/home/jz421/miniconda3/envs/ieeg/lib/python3.11/site-packages/ieeg/navigate.py", line 155, in channel_outlier_marker
    update(file, bads, desc)
  File "/hpc/home/jz421/miniconda3/envs/ieeg/lib/python3.11/functools.py", line 909, in wrapper
    return dispatch(args[0].__class__)(*args, **kw)
           ^^^^^^^^^^^^^^^^^^^^^^^^^^^^^^^^^^^^^^^^
  File "<decorator-gen-471>", line 12, in update
  File "/hpc/home/jz421/miniconda3/envs/ieeg/lib/python3.11/site-packages/ieeg/io.py", line 483, in update
    mark_channels(bids_path, ch_names=channels, status=status,
  File "<decorator-gen-462>", line 12, in mark_channels
  File "/hpc/home/jz421/miniconda3/envs/ieeg/lib/python3.11/site-packages/mne_bids/write.py", line 2685, in mark_channels
    if "status_description" not in tsv_data and write_descriptions:
                                                ^^^^^^^^^^^^^^^^^^
UnboundLocalError: cannot access local variable 'write_descriptions' where it is not associated with a value
