/hpc/home/jz421/miniconda3/envs/ieeg/lib/python3.11/site-packages/ieeg/io.py:278: RuntimeWarning: participants.tsv file not found for /cwork/jz421/BIDS-1.1_GlobalLocal/BIDS/sub-D0133/ieeg/sub-D0133_task-GlobalLocal_acq-01_run-01_ieeg.edf
  new_raw = read_raw_bids(bids_path=BIDS_path, verbose=verbose)
/hpc/home/jz421/miniconda3/envs/ieeg/lib/python3.11/site-packages/ieeg/io.py:278: RuntimeWarning: participants.tsv file not found for /cwork/jz421/BIDS-1.1_GlobalLocal/BIDS/sub-D0133/ieeg/sub-D0133_task-GlobalLocal_acq-01_run-02_ieeg.edf
  new_raw = read_raw_bids(bids_path=BIDS_path, verbose=verbose)
/hpc/home/jz421/miniconda3/envs/ieeg/lib/python3.11/site-packages/ieeg/io.py:278: RuntimeWarning: participants.tsv file not found for /cwork/jz421/BIDS-1.1_GlobalLocal/BIDS/sub-D0133/ieeg/sub-D0133_task-GlobalLocal_acq-01_run-03_ieeg.edf
  new_raw = read_raw_bids(bids_path=BIDS_path, verbose=verbose)
/hpc/home/jz421/miniconda3/envs/ieeg/lib/python3.11/site-packages/ieeg/io.py:278: RuntimeWarning: participants.tsv file not found for /cwork/jz421/BIDS-1.1_GlobalLocal/BIDS/sub-D0133/ieeg/sub-D0133_task-GlobalLocal_acq-01_run-04_ieeg.edf
  new_raw = read_raw_bids(bids_path=BIDS_path, verbose=verbose)
[Parallel(n_jobs=6)]: Using backend LokyBackend with 6 concurrent workers.
[Parallel(n_jobs=6)]: Done   3 out of   6 | elapsed:   29.3s remaining:   29.3s
[Parallel(n_jobs=6)]: Done   6 out of   6 | elapsed:   39.4s finished
/hpc/home/jz421/miniconda3/envs/ieeg/lib/python3.11/site-packages/ieeg/viz/ensemble.py:48: UserWarning: This figure was using a layout engine that is incompatible with subplots_adjust and/or tight_layout; not calling subplots_adjust.
  fig.subplots_adjust(top=0.85)
[Parallel(n_jobs=6)]: Using backend LokyBackend with 6 concurrent workers.
[Parallel(n_jobs=6)]: Done   1 tasks      | elapsed:   23.7s
[Parallel(n_jobs=6)]: Done   2 tasks      | elapsed:   24.0s
[Parallel(n_jobs=6)]: Done   3 tasks      | elapsed:   25.3s
[Parallel(n_jobs=6)]: Done   4 tasks      | elapsed:   25.6s
[Parallel(n_jobs=6)]: Done   5 tasks      | elapsed:   25.8s
[Parallel(n_jobs=6)]: Done   6 tasks      | elapsed:   26.5s
[Parallel(n_jobs=6)]: Done   7 tasks      | elapsed:   30.2s
[Parallel(n_jobs=6)]: Done   8 tasks      | elapsed:   30.4s
[Parallel(n_jobs=6)]: Done   9 tasks      | elapsed:   31.4s
[Parallel(n_jobs=6)]: Done  10 tasks      | elapsed:   31.9s
[Parallel(n_jobs=6)]: Done  11 tasks      | elapsed:   32.2s
[Parallel(n_jobs=6)]: Done  12 tasks      | elapsed:   32.8s
[Parallel(n_jobs=6)]: Done  13 tasks      | elapsed:   36.3s
[Parallel(n_jobs=6)]: Done  14 tasks      | elapsed:   36.6s
[Parallel(n_jobs=6)]: Done  15 tasks      | elapsed:   37.5s
[Parallel(n_jobs=6)]: Done  16 tasks      | elapsed:   38.0s
[Parallel(n_jobs=6)]: Done  17 tasks      | elapsed:   38.3s
[Parallel(n_jobs=6)]: Done  18 tasks      | elapsed:   38.7s
[Parallel(n_jobs=6)]: Done  19 tasks      | elapsed:   42.1s
[Parallel(n_jobs=6)]: Done  20 tasks      | elapsed:   42.5s
[Parallel(n_jobs=6)]: Done  21 tasks      | elapsed:   43.5s
[Parallel(n_jobs=6)]: Done  22 tasks      | elapsed:   44.1s
[Parallel(n_jobs=6)]: Done  23 tasks      | elapsed:   44.4s
[Parallel(n_jobs=6)]: Done  24 tasks      | elapsed:   44.9s
[Parallel(n_jobs=6)]: Done  25 tasks      | elapsed:   48.5s
[Parallel(n_jobs=6)]: Done  26 tasks      | elapsed:   48.8s
[Parallel(n_jobs=6)]: Done  27 tasks      | elapsed:   49.6s
[Parallel(n_jobs=6)]: Done  28 tasks      | elapsed:   50.3s
[Parallel(n_jobs=6)]: Done  29 tasks      | elapsed:   50.6s
[Parallel(n_jobs=6)]: Done  30 tasks      | elapsed:   51.1s
[Parallel(n_jobs=6)]: Done  31 tasks      | elapsed:   54.4s
[Parallel(n_jobs=6)]: Done  32 tasks      | elapsed:   54.6s
[Parallel(n_jobs=6)]: Done  33 tasks      | elapsed:   55.4s
[Parallel(n_jobs=6)]: Done  34 tasks      | elapsed:   56.1s
[Parallel(n_jobs=6)]: Done  35 tasks      | elapsed:   56.8s
[Parallel(n_jobs=6)]: Done  36 tasks      | elapsed:   57.0s
[Parallel(n_jobs=6)]: Done  37 tasks      | elapsed:  1.0min
[Parallel(n_jobs=6)]: Done  38 tasks      | elapsed:  1.0min
[Parallel(n_jobs=6)]: Done  39 tasks      | elapsed:  1.0min
[Parallel(n_jobs=6)]: Done  40 tasks      | elapsed:  1.0min
[Parallel(n_jobs=6)]: Done  41 tasks      | elapsed:  1.0min
[Parallel(n_jobs=6)]: Done  42 tasks      | elapsed:  1.1min
[Parallel(n_jobs=6)]: Done  43 tasks      | elapsed:  1.1min
[Parallel(n_jobs=6)]: Done  44 tasks      | elapsed:  1.1min
[Parallel(n_jobs=6)]: Done  45 tasks      | elapsed:  1.1min
[Parallel(n_jobs=6)]: Done  46 tasks      | elapsed:  1.1min
[Parallel(n_jobs=6)]: Done  47 tasks      | elapsed:  1.2min
[Parallel(n_jobs=6)]: Done  48 tasks      | elapsed:  1.2min
[Parallel(n_jobs=6)]: Done  49 tasks      | elapsed:  1.2min
[Parallel(n_jobs=6)]: Done  50 tasks      | elapsed:  1.2min
[Parallel(n_jobs=6)]: Done  51 tasks      | elapsed:  1.2min
[Parallel(n_jobs=6)]: Done  52 tasks      | elapsed:  1.2min
[Parallel(n_jobs=6)]: Done  53 tasks      | elapsed:  1.3min
[Parallel(n_jobs=6)]: Done  54 tasks      | elapsed:  1.3min
[Parallel(n_jobs=6)]: Done  55 tasks      | elapsed:  1.3min
[Parallel(n_jobs=6)]: Done  56 tasks      | elapsed:  1.3min
[Parallel(n_jobs=6)]: Done  57 tasks      | elapsed:  1.4min
[Parallel(n_jobs=6)]: Done  58 tasks      | elapsed:  1.4min
[Parallel(n_jobs=6)]: Done  59 tasks      | elapsed:  1.4min
[Parallel(n_jobs=6)]: Done  60 tasks      | elapsed:  1.4min
[Parallel(n_jobs=6)]: Done  61 tasks      | elapsed:  1.4min
[Parallel(n_jobs=6)]: Done  62 tasks      | elapsed:  1.5min
[Parallel(n_jobs=6)]: Done  63 tasks      | elapsed:  1.5min
[Parallel(n_jobs=6)]: Done  64 tasks      | elapsed:  1.5min
[Parallel(n_jobs=6)]: Done  65 tasks      | elapsed:  1.5min
[Parallel(n_jobs=6)]: Done  66 tasks      | elapsed:  1.5min
[Parallel(n_jobs=6)]: Done  67 tasks      | elapsed:  1.6min
[Parallel(n_jobs=6)]: Done  68 tasks      | elapsed:  1.6min
[Parallel(n_jobs=6)]: Done  69 tasks      | elapsed:  1.6min
[Parallel(n_jobs=6)]: Done  70 tasks      | elapsed:  1.6min
[Parallel(n_jobs=6)]: Done  71 tasks      | elapsed:  1.6min
[Parallel(n_jobs=6)]: Done  72 tasks      | elapsed:  1.6min
[Parallel(n_jobs=6)]: Done  73 tasks      | elapsed:  1.7min
[Parallel(n_jobs=6)]: Done  74 tasks      | elapsed:  1.7min
[Parallel(n_jobs=6)]: Done  75 tasks      | elapsed:  1.7min
[Parallel(n_jobs=6)]: Done  76 tasks      | elapsed:  1.7min
[Parallel(n_jobs=6)]: Done  77 tasks      | elapsed:  1.7min
[Parallel(n_jobs=6)]: Done  78 tasks      | elapsed:  1.7min
[Parallel(n_jobs=6)]: Done  79 tasks      | elapsed:  1.8min
[Parallel(n_jobs=6)]: Done  80 tasks      | elapsed:  1.8min
[Parallel(n_jobs=6)]: Done  81 tasks      | elapsed:  1.8min
[Parallel(n_jobs=6)]: Done  82 tasks      | elapsed:  1.8min
[Parallel(n_jobs=6)]: Done  83 tasks      | elapsed:  1.9min
[Parallel(n_jobs=6)]: Done  84 tasks      | elapsed:  1.9min
[Parallel(n_jobs=6)]: Done  85 tasks      | elapsed:  1.9min
[Parallel(n_jobs=6)]: Done  86 tasks      | elapsed:  1.9min
[Parallel(n_jobs=6)]: Done  87 tasks      | elapsed:  1.9min
[Parallel(n_jobs=6)]: Done  88 tasks      | elapsed:  1.9min
[Parallel(n_jobs=6)]: Done  89 tasks      | elapsed:  2.0min
[Parallel(n_jobs=6)]: Done  90 tasks      | elapsed:  2.0min
[Parallel(n_jobs=6)]: Done  91 tasks      | elapsed:  2.0min
[Parallel(n_jobs=6)]: Done  92 tasks      | elapsed:  2.0min
[Parallel(n_jobs=6)]: Done  93 tasks      | elapsed:  2.0min
[Parallel(n_jobs=6)]: Done  94 tasks      | elapsed:  2.1min
[Parallel(n_jobs=6)]: Done  95 tasks      | elapsed:  2.1min
[Parallel(n_jobs=6)]: Done  96 tasks      | elapsed:  2.1min
[Parallel(n_jobs=6)]: Done  97 tasks      | elapsed:  2.1min
[Parallel(n_jobs=6)]: Done  98 tasks      | elapsed:  2.2min
[Parallel(n_jobs=6)]: Done  99 tasks      | elapsed:  2.2min
[Parallel(n_jobs=6)]: Done 100 tasks      | elapsed:  2.2min
[Parallel(n_jobs=6)]: Done 101 tasks      | elapsed:  2.2min
[Parallel(n_jobs=6)]: Done 102 tasks      | elapsed:  2.2min
[Parallel(n_jobs=6)]: Done 103 tasks      | elapsed:  2.3min
[Parallel(n_jobs=6)]: Done 104 tasks      | elapsed:  2.3min
[Parallel(n_jobs=6)]: Done 105 tasks      | elapsed:  2.3min
[Parallel(n_jobs=6)]: Done 106 tasks      | elapsed:  2.3min
[Parallel(n_jobs=6)]: Done 107 tasks      | elapsed:  2.3min
[Parallel(n_jobs=6)]: Done 108 tasks      | elapsed:  2.3min
[Parallel(n_jobs=6)]: Done 109 tasks      | elapsed:  2.4min
[Parallel(n_jobs=6)]: Done 110 tasks      | elapsed:  2.4min
[Parallel(n_jobs=6)]: Done 111 tasks      | elapsed:  2.4min
[Parallel(n_jobs=6)]: Done 112 tasks      | elapsed:  2.4min
[Parallel(n_jobs=6)]: Done 113 tasks      | elapsed:  2.4min
[Parallel(n_jobs=6)]: Done 114 tasks      | elapsed:  2.4min
[Parallel(n_jobs=6)]: Done 115 tasks      | elapsed:  2.5min
[Parallel(n_jobs=6)]: Done 116 tasks      | elapsed:  2.5min
[Parallel(n_jobs=6)]: Done 117 tasks      | elapsed:  2.5min
[Parallel(n_jobs=6)]: Done 118 tasks      | elapsed:  2.5min
[Parallel(n_jobs=6)]: Done 119 tasks      | elapsed:  2.5min
[Parallel(n_jobs=6)]: Done 120 tasks      | elapsed:  2.5min
[Parallel(n_jobs=6)]: Done 121 tasks      | elapsed:  2.6min
[Parallel(n_jobs=6)]: Done 122 tasks      | elapsed:  2.6min
[Parallel(n_jobs=6)]: Done 123 tasks      | elapsed:  2.6min
[Parallel(n_jobs=6)]: Done 124 tasks      | elapsed:  2.6min
[Parallel(n_jobs=6)]: Done 125 tasks      | elapsed:  2.6min
[Parallel(n_jobs=6)]: Done 126 tasks      | elapsed:  2.6min
[Parallel(n_jobs=6)]: Done 127 tasks      | elapsed:  2.7min
[Parallel(n_jobs=6)]: Done 128 tasks      | elapsed:  2.7min
[Parallel(n_jobs=6)]: Done 129 tasks      | elapsed:  2.7min
[Parallel(n_jobs=6)]: Done 130 tasks      | elapsed:  2.7min
[Parallel(n_jobs=6)]: Done 131 tasks      | elapsed:  2.7min
[Parallel(n_jobs=6)]: Done 132 tasks      | elapsed:  2.7min
[Parallel(n_jobs=6)]: Done 133 tasks      | elapsed:  2.8min
[Parallel(n_jobs=6)]: Done 134 tasks      | elapsed:  2.8min
[Parallel(n_jobs=6)]: Done 135 tasks      | elapsed:  2.8min
[Parallel(n_jobs=6)]: Done 136 tasks      | elapsed:  2.8min
[Parallel(n_jobs=6)]: Done 137 tasks      | elapsed:  2.8min
[Parallel(n_jobs=6)]: Done 138 tasks      | elapsed:  2.8min
[Parallel(n_jobs=6)]: Done 139 tasks      | elapsed:  2.9min
[Parallel(n_jobs=6)]: Done 140 tasks      | elapsed:  2.9min
[Parallel(n_jobs=6)]: Done 141 tasks      | elapsed:  2.9min
[Parallel(n_jobs=6)]: Done 142 tasks      | elapsed:  2.9min
[Parallel(n_jobs=6)]: Done 143 tasks      | elapsed:  2.9min
[Parallel(n_jobs=6)]: Done 144 tasks      | elapsed:  2.9min
[Parallel(n_jobs=6)]: Done 145 tasks      | elapsed:  3.0min
[Parallel(n_jobs=6)]: Done 146 tasks      | elapsed:  3.0min
[Parallel(n_jobs=6)]: Done 147 tasks      | elapsed:  3.0min
[Parallel(n_jobs=6)]: Done 148 tasks      | elapsed:  3.0min
[Parallel(n_jobs=6)]: Done 149 tasks      | elapsed:  3.0min
[Parallel(n_jobs=6)]: Done 150 tasks      | elapsed:  3.0min
[Parallel(n_jobs=6)]: Done 151 tasks      | elapsed:  3.1min
[Parallel(n_jobs=6)]: Done 152 tasks      | elapsed:  3.1min
[Parallel(n_jobs=6)]: Done 153 tasks      | elapsed:  3.1min
[Parallel(n_jobs=6)]: Done 154 tasks      | elapsed:  3.1min
[Parallel(n_jobs=6)]: Done 155 tasks      | elapsed:  3.1min
[Parallel(n_jobs=6)]: Done 156 tasks      | elapsed:  3.2min
[Parallel(n_jobs=6)]: Done 157 tasks      | elapsed:  3.2min
[Parallel(n_jobs=6)]: Done 158 tasks      | elapsed:  3.2min
[Parallel(n_jobs=6)]: Done 159 tasks      | elapsed:  3.2min
[Parallel(n_jobs=6)]: Done 160 tasks      | elapsed:  3.2min
[Parallel(n_jobs=6)]: Done 161 tasks      | elapsed:  3.2min
[Parallel(n_jobs=6)]: Done 162 tasks      | elapsed:  3.3min
[Parallel(n_jobs=6)]: Done 163 tasks      | elapsed:  3.3min
[Parallel(n_jobs=6)]: Done 164 tasks      | elapsed:  3.3min
[Parallel(n_jobs=6)]: Done 165 tasks      | elapsed:  3.3min
[Parallel(n_jobs=6)]: Done 166 tasks      | elapsed:  3.3min
[Parallel(n_jobs=6)]: Done 167 tasks      | elapsed:  3.3min
[Parallel(n_jobs=6)]: Done 168 tasks      | elapsed:  3.4min
[Parallel(n_jobs=6)]: Done 169 tasks      | elapsed:  3.4min
[Parallel(n_jobs=6)]: Done 170 tasks      | elapsed:  3.4min
[Parallel(n_jobs=6)]: Done 171 tasks      | elapsed:  3.4min
[Parallel(n_jobs=6)]: Done 172 tasks      | elapsed:  3.4min
[Parallel(n_jobs=6)]: Done 173 tasks      | elapsed:  3.4min
[Parallel(n_jobs=6)]: Done 174 tasks      | elapsed:  3.5min
[Parallel(n_jobs=6)]: Done 175 tasks      | elapsed:  3.5min
[Parallel(n_jobs=6)]: Done 176 tasks      | elapsed:  3.5min
[Parallel(n_jobs=6)]: Done 177 tasks      | elapsed:  3.5min
[Parallel(n_jobs=6)]: Done 178 tasks      | elapsed:  3.5min
[Parallel(n_jobs=6)]: Done 179 tasks      | elapsed:  3.5min
[Parallel(n_jobs=6)]: Done 180 tasks      | elapsed:  3.6min
[Parallel(n_jobs=6)]: Done 181 tasks      | elapsed:  3.6min
[Parallel(n_jobs=6)]: Done 182 tasks      | elapsed:  3.6min
[Parallel(n_jobs=6)]: Done 183 tasks      | elapsed:  3.6min
[Parallel(n_jobs=6)]: Done 184 tasks      | elapsed:  3.6min
[Parallel(n_jobs=6)]: Done 185 tasks      | elapsed:  3.6min
[Parallel(n_jobs=6)]: Done 186 tasks      | elapsed:  3.7min
[Parallel(n_jobs=6)]: Done 187 tasks      | elapsed:  3.7min
[Parallel(n_jobs=6)]: Done 188 tasks      | elapsed:  3.7min
[Parallel(n_jobs=6)]: Done 189 tasks      | elapsed:  3.7min
[Parallel(n_jobs=6)]: Done 190 tasks      | elapsed:  3.7min
[Parallel(n_jobs=6)]: Done 191 tasks      | elapsed:  3.7min
[Parallel(n_jobs=6)]: Done 192 tasks      | elapsed:  3.8min
[Parallel(n_jobs=6)]: Done 193 tasks      | elapsed:  3.8min
[Parallel(n_jobs=6)]: Done 194 tasks      | elapsed:  3.8min
[Parallel(n_jobs=6)]: Done 195 tasks      | elapsed:  3.8min
[Parallel(n_jobs=6)]: Done 196 tasks      | elapsed:  3.8min
[Parallel(n_jobs=6)]: Done 197 tasks      | elapsed:  3.8min
[Parallel(n_jobs=6)]: Done 198 tasks      | elapsed:  3.9min
[Parallel(n_jobs=6)]: Done 199 tasks      | elapsed:  3.9min
[Parallel(n_jobs=6)]: Done 200 tasks      | elapsed:  3.9min
[Parallel(n_jobs=6)]: Done 201 tasks      | elapsed:  3.9min
[Parallel(n_jobs=6)]: Done 202 tasks      | elapsed:  3.9min
[Parallel(n_jobs=6)]: Done 203 tasks      | elapsed:  3.9min
[Parallel(n_jobs=6)]: Done 204 tasks      | elapsed:  3.9min
[Parallel(n_jobs=6)]: Done 205 tasks      | elapsed:  4.0min
[Parallel(n_jobs=6)]: Done 206 tasks      | elapsed:  4.0min
[Parallel(n_jobs=6)]: Done 207 tasks      | elapsed:  4.0min
[Parallel(n_jobs=6)]: Done 208 tasks      | elapsed:  4.0min
[Parallel(n_jobs=6)]: Done 209 tasks      | elapsed:  4.0min
[Parallel(n_jobs=6)]: Done 210 tasks      | elapsed:  4.0min
[Parallel(n_jobs=6)]: Done 211 tasks      | elapsed:  4.1min
[Parallel(n_jobs=6)]: Done 212 tasks      | elapsed:  4.1min
[Parallel(n_jobs=6)]: Done 213 tasks      | elapsed:  4.1min
[Parallel(n_jobs=6)]: Done 214 tasks      | elapsed:  4.1min
[Parallel(n_jobs=6)]: Done 215 tasks      | elapsed:  4.1min
[Parallel(n_jobs=6)]: Done 216 tasks      | elapsed:  4.1min
[Parallel(n_jobs=6)]: Done 217 tasks      | elapsed:  4.2min
[Parallel(n_jobs=6)]: Done 218 tasks      | elapsed:  4.2min
[Parallel(n_jobs=6)]: Done 219 tasks      | elapsed:  4.2min
[Parallel(n_jobs=6)]: Done 220 tasks      | elapsed:  4.2min
[Parallel(n_jobs=6)]: Done 221 tasks      | elapsed:  4.2min
[Parallel(n_jobs=6)]: Done 222 tasks      | elapsed:  4.2min
[Parallel(n_jobs=6)]: Done 223 tasks      | elapsed:  4.3min
[Parallel(n_jobs=6)]: Done 224 tasks      | elapsed:  4.3min
[Parallel(n_jobs=6)]: Done 225 tasks      | elapsed:  4.3min
[Parallel(n_jobs=6)]: Done 231 out of 236 | elapsed:  4.4min remaining:    5.7s
[Parallel(n_jobs=6)]: Done 236 out of 236 | elapsed:  4.5min finished
[Parallel(n_jobs=6)]: Using backend LokyBackend with 6 concurrent workers.
[Parallel(n_jobs=6)]: Done   1 tasks      | elapsed:  2.3min
/hpc/home/jz421/miniconda3/envs/ieeg/lib/python3.11/site-packages/joblib/externals/loky/process_executor.py:782: UserWarning: A worker stopped while some jobs were given to the executor. This can be caused by a too short worker timeout or by a memory leak.
  warnings.warn(
[Parallel(n_jobs=6)]: Done   2 tasks      | elapsed:  2.4min
[Parallel(n_jobs=6)]: Done   3 tasks      | elapsed:  2.4min
[Parallel(n_jobs=6)]: Done   4 tasks      | elapsed:  2.4min
[Parallel(n_jobs=6)]: Done   5 tasks      | elapsed:  2.4min
[Parallel(n_jobs=6)]: Done   6 tasks      | elapsed:  2.4min
[Parallel(n_jobs=6)]: Done   7 tasks      | elapsed:  5.0min
[Parallel(n_jobs=6)]: Done   8 tasks      | elapsed:  5.0min
[Parallel(n_jobs=6)]: Done   9 tasks      | elapsed:  5.0min
[Parallel(n_jobs=6)]: Done  10 tasks      | elapsed:  5.0min
[Parallel(n_jobs=6)]: Done  11 tasks      | elapsed:  5.1min
[Parallel(n_jobs=6)]: Done  12 tasks      | elapsed:  5.1min
[Parallel(n_jobs=6)]: Done  13 tasks      | elapsed:  7.4min
[Parallel(n_jobs=6)]: Done  14 tasks      | elapsed:  7.4min
[Parallel(n_jobs=6)]: Done  15 tasks      | elapsed:  7.4min
[Parallel(n_jobs=6)]: Done  16 tasks      | elapsed:  7.4min
[Parallel(n_jobs=6)]: Done  17 tasks      | elapsed:  7.5min
[Parallel(n_jobs=6)]: Done  18 tasks      | elapsed:  7.5min
[Parallel(n_jobs=6)]: Done  19 tasks      | elapsed:  9.9min
[Parallel(n_jobs=6)]: Done  20 tasks      | elapsed:  9.9min
[Parallel(n_jobs=6)]: Done  21 tasks      | elapsed: 10.1min
[Parallel(n_jobs=6)]: Done  22 tasks      | elapsed: 10.1min
[Parallel(n_jobs=6)]: Done  23 tasks      | elapsed: 10.1min
[Parallel(n_jobs=6)]: Done  24 tasks      | elapsed: 10.1min
[Parallel(n_jobs=6)]: Done  25 tasks      | elapsed: 12.2min
[Parallel(n_jobs=6)]: Done  26 tasks      | elapsed: 12.3min
[Parallel(n_jobs=6)]: Done  27 tasks      | elapsed: 12.4min
[Parallel(n_jobs=6)]: Done  28 tasks      | elapsed: 12.4min
[Parallel(n_jobs=6)]: Done  29 tasks      | elapsed: 12.4min
[Parallel(n_jobs=6)]: Done  30 tasks      | elapsed: 12.5min
[Parallel(n_jobs=6)]: Done  31 tasks      | elapsed: 14.7min
[Parallel(n_jobs=6)]: Done  32 tasks      | elapsed: 14.8min
[Parallel(n_jobs=6)]: Done  33 tasks      | elapsed: 15.0min
[Parallel(n_jobs=6)]: Done  34 tasks      | elapsed: 15.0min
[Parallel(n_jobs=6)]: Done  35 tasks      | elapsed: 15.0min
[Parallel(n_jobs=6)]: Done  36 tasks      | elapsed: 15.0min
[Parallel(n_jobs=6)]: Done  37 tasks      | elapsed: 17.1min
[Parallel(n_jobs=6)]: Done  38 tasks      | elapsed: 17.1min
[Parallel(n_jobs=6)]: Done  39 tasks      | elapsed: 17.3min
[Parallel(n_jobs=6)]: Done  40 tasks      | elapsed: 17.3min
[Parallel(n_jobs=6)]: Done  41 tasks      | elapsed: 17.3min
[Parallel(n_jobs=6)]: Done  42 tasks      | elapsed: 17.3min
[Parallel(n_jobs=6)]: Done  43 tasks      | elapsed: 19.6min
[Parallel(n_jobs=6)]: Done  44 tasks      | elapsed: 19.6min
[Parallel(n_jobs=6)]: Done  45 tasks      | elapsed: 19.8min
[Parallel(n_jobs=6)]: Done  46 tasks      | elapsed: 19.9min
[Parallel(n_jobs=6)]: Done  47 tasks      | elapsed: 19.9min
[Parallel(n_jobs=6)]: Done  48 tasks      | elapsed: 19.9min
[Parallel(n_jobs=6)]: Done  49 tasks      | elapsed: 21.9min
[Parallel(n_jobs=6)]: Done  50 tasks      | elapsed: 22.0min
[Parallel(n_jobs=6)]: Done  51 tasks      | elapsed: 22.2min
[Parallel(n_jobs=6)]: Done  52 tasks      | elapsed: 22.2min
[Parallel(n_jobs=6)]: Done  53 tasks      | elapsed: 22.3min
[Parallel(n_jobs=6)]: Done  54 tasks      | elapsed: 22.3min
[Parallel(n_jobs=6)]: Done  55 tasks      | elapsed: 24.4min
[Parallel(n_jobs=6)]: Done  56 tasks      | elapsed: 24.5min
[Parallel(n_jobs=6)]: Done  57 tasks      | elapsed: 24.7min
[Parallel(n_jobs=6)]: Done  58 tasks      | elapsed: 24.7min
[Parallel(n_jobs=6)]: Done  59 tasks      | elapsed: 24.8min
[Parallel(n_jobs=6)]: Done  60 tasks      | elapsed: 24.8min
[Parallel(n_jobs=6)]: Done  61 tasks      | elapsed: 26.8min
[Parallel(n_jobs=6)]: Done  62 tasks      | elapsed: 26.8min
[Parallel(n_jobs=6)]: Done  63 tasks      | elapsed: 27.0min
[Parallel(n_jobs=6)]: Done  64 tasks      | elapsed: 27.1min
[Parallel(n_jobs=6)]: Done  65 tasks      | elapsed: 27.1min
[Parallel(n_jobs=6)]: Done  66 tasks      | elapsed: 27.2min
[Parallel(n_jobs=6)]: Done  67 tasks      | elapsed: 29.3min
[Parallel(n_jobs=6)]: Done  68 tasks      | elapsed: 29.3min
[Parallel(n_jobs=6)]: Done  69 tasks      | elapsed: 29.4min
[Parallel(n_jobs=6)]: Done  70 tasks      | elapsed: 29.5min
[Parallel(n_jobs=6)]: Done  71 tasks      | elapsed: 29.6min
[Parallel(n_jobs=6)]: Done  72 tasks      | elapsed: 29.6min
[Parallel(n_jobs=6)]: Done  73 tasks      | elapsed: 31.6min
[Parallel(n_jobs=6)]: Done  74 tasks      | elapsed: 31.6min
[Parallel(n_jobs=6)]: Done  75 tasks      | elapsed: 31.8min
[Parallel(n_jobs=6)]: Done  76 tasks      | elapsed: 31.9min
[Parallel(n_jobs=6)]: Done  77 tasks      | elapsed: 32.0min
[Parallel(n_jobs=6)]: Done  78 tasks      | elapsed: 32.0min
[Parallel(n_jobs=6)]: Done  79 tasks      | elapsed: 34.2min
[Parallel(n_jobs=6)]: Done  80 tasks      | elapsed: 34.3min
[Parallel(n_jobs=6)]: Done  81 tasks      | elapsed: 34.4min
[Parallel(n_jobs=6)]: Done  82 tasks      | elapsed: 34.4min
[Parallel(n_jobs=6)]: Done  83 tasks      | elapsed: 34.5min
[Parallel(n_jobs=6)]: Done  84 tasks      | elapsed: 34.5min
[Parallel(n_jobs=6)]: Done  85 tasks      | elapsed: 36.6min
[Parallel(n_jobs=6)]: Done  86 tasks      | elapsed: 36.6min
[Parallel(n_jobs=6)]: Done  87 tasks      | elapsed: 36.7min
[Parallel(n_jobs=6)]: Done  88 tasks      | elapsed: 36.8min
[Parallel(n_jobs=6)]: Done  89 tasks      | elapsed: 36.9min
[Parallel(n_jobs=6)]: Done  90 tasks      | elapsed: 36.9min
[Parallel(n_jobs=6)]: Done  91 tasks      | elapsed: 39.1min
[Parallel(n_jobs=6)]: Done  92 tasks      | elapsed: 39.1min
[Parallel(n_jobs=6)]: Done  93 tasks      | elapsed: 39.2min
[Parallel(n_jobs=6)]: Done  94 tasks      | elapsed: 39.2min
[Parallel(n_jobs=6)]: Done  95 tasks      | elapsed: 39.3min
[Parallel(n_jobs=6)]: Done  96 tasks      | elapsed: 39.4min
[Parallel(n_jobs=6)]: Done  97 tasks      | elapsed: 41.4min
[Parallel(n_jobs=6)]: Done  98 tasks      | elapsed: 41.5min
[Parallel(n_jobs=6)]: Done  99 tasks      | elapsed: 41.5min
[Parallel(n_jobs=6)]: Done 100 tasks      | elapsed: 41.6min
[Parallel(n_jobs=6)]: Done 101 tasks      | elapsed: 41.7min
[Parallel(n_jobs=6)]: Done 102 tasks      | elapsed: 41.8min
[Parallel(n_jobs=6)]: Done 103 tasks      | elapsed: 43.9min
[Parallel(n_jobs=6)]: Done 104 tasks      | elapsed: 44.0min
[Parallel(n_jobs=6)]: Done 105 tasks      | elapsed: 44.0min
[Parallel(n_jobs=6)]: Done 106 tasks      | elapsed: 44.1min
[Parallel(n_jobs=6)]: Done 107 tasks      | elapsed: 44.2min
[Parallel(n_jobs=6)]: Done 108 tasks      | elapsed: 44.2min
[Parallel(n_jobs=6)]: Done 109 tasks      | elapsed: 46.5min
[Parallel(n_jobs=6)]: Done 110 tasks      | elapsed: 46.6min
[Parallel(n_jobs=6)]: Done 111 tasks      | elapsed: 46.6min
[Parallel(n_jobs=6)]: Done 112 tasks      | elapsed: 46.7min
[Parallel(n_jobs=6)]: Done 113 tasks      | elapsed: 46.8min
[Parallel(n_jobs=6)]: Done 114 tasks      | elapsed: 46.9min
[Parallel(n_jobs=6)]: Done 115 tasks      | elapsed: 49.2min
[Parallel(n_jobs=6)]: Done 116 tasks      | elapsed: 49.2min
[Parallel(n_jobs=6)]: Done 117 tasks      | elapsed: 49.3min
[Parallel(n_jobs=6)]: Done 118 tasks      | elapsed: 49.3min
[Parallel(n_jobs=6)]: Done 119 tasks      | elapsed: 49.4min
[Parallel(n_jobs=6)]: Done 120 tasks      | elapsed: 49.4min
[Parallel(n_jobs=6)]: Done 121 tasks      | elapsed: 51.7min
[Parallel(n_jobs=6)]: Done 122 tasks      | elapsed: 51.7min
[Parallel(n_jobs=6)]: Done 123 tasks      | elapsed: 51.7min
[Parallel(n_jobs=6)]: Done 124 tasks      | elapsed: 51.8min
[Parallel(n_jobs=6)]: Done 125 tasks      | elapsed: 51.9min
[Parallel(n_jobs=6)]: Done 126 tasks      | elapsed: 51.9min
[Parallel(n_jobs=6)]: Done 127 tasks      | elapsed: 54.6min
[Parallel(n_jobs=6)]: Done 128 tasks      | elapsed: 54.6min
[Parallel(n_jobs=6)]: Done 129 tasks      | elapsed: 54.7min
[Parallel(n_jobs=6)]: Done 130 tasks      | elapsed: 54.7min
[Parallel(n_jobs=6)]: Done 131 tasks      | elapsed: 54.8min
[Parallel(n_jobs=6)]: Done 132 tasks      | elapsed: 54.9min
[Parallel(n_jobs=6)]: Done 133 tasks      | elapsed: 58.0min
[Parallel(n_jobs=6)]: Done 134 tasks      | elapsed: 58.1min
[Parallel(n_jobs=6)]: Done 135 tasks      | elapsed: 58.2min
[Parallel(n_jobs=6)]: Done 136 tasks      | elapsed: 58.2min
[Parallel(n_jobs=6)]: Done 137 tasks      | elapsed: 58.4min
[Parallel(n_jobs=6)]: Done 138 tasks      | elapsed: 58.4min
[Parallel(n_jobs=6)]: Done 139 tasks      | elapsed: 61.5min
[Parallel(n_jobs=6)]: Done 140 tasks      | elapsed: 61.5min
[Parallel(n_jobs=6)]: Done 141 tasks      | elapsed: 61.6min
[Parallel(n_jobs=6)]: Done 142 tasks      | elapsed: 61.7min
[Parallel(n_jobs=6)]: Done 143 tasks      | elapsed: 61.8min
[Parallel(n_jobs=6)]: Done 144 tasks      | elapsed: 61.8min
[Parallel(n_jobs=6)]: Done 145 tasks      | elapsed: 64.3min
[Parallel(n_jobs=6)]: Done 146 tasks      | elapsed: 64.3min
[Parallel(n_jobs=6)]: Done 147 tasks      | elapsed: 64.3min
[Parallel(n_jobs=6)]: Done 148 tasks      | elapsed: 64.4min
[Parallel(n_jobs=6)]: Done 149 tasks      | elapsed: 64.5min
[Parallel(n_jobs=6)]: Done 150 tasks      | elapsed: 64.5min
[Parallel(n_jobs=6)]: Done 151 tasks      | elapsed: 67.3min
[Parallel(n_jobs=6)]: Done 152 tasks      | elapsed: 67.4min
[Parallel(n_jobs=6)]: Done 153 tasks      | elapsed: 67.4min
[Parallel(n_jobs=6)]: Done 154 tasks      | elapsed: 67.4min
[Parallel(n_jobs=6)]: Done 155 tasks      | elapsed: 67.5min
[Parallel(n_jobs=6)]: Done 156 tasks      | elapsed: 67.6min
[Parallel(n_jobs=6)]: Done 157 tasks      | elapsed: 70.5min
[Parallel(n_jobs=6)]: Done 158 tasks      | elapsed: 70.5min
[Parallel(n_jobs=6)]: Done 159 tasks      | elapsed: 70.6min
[Parallel(n_jobs=6)]: Done 160 tasks      | elapsed: 70.6min
[Parallel(n_jobs=6)]: Done 161 tasks      | elapsed: 70.7min
[Parallel(n_jobs=6)]: Done 162 tasks      | elapsed: 70.7min
[Parallel(n_jobs=6)]: Done 163 tasks      | elapsed: 73.9min
[Parallel(n_jobs=6)]: Done 164 tasks      | elapsed: 73.9min
[Parallel(n_jobs=6)]: Done 165 tasks      | elapsed: 73.9min
[Parallel(n_jobs=6)]: Done 166 tasks      | elapsed: 73.9min
[Parallel(n_jobs=6)]: Done 167 tasks      | elapsed: 74.0min
[Parallel(n_jobs=6)]: Done 168 tasks      | elapsed: 74.0min
[Parallel(n_jobs=6)]: Done 169 tasks      | elapsed: 76.5min
[Parallel(n_jobs=6)]: Done 170 tasks      | elapsed: 76.5min
[Parallel(n_jobs=6)]: Done 171 tasks      | elapsed: 76.5min
[Parallel(n_jobs=6)]: Done 172 tasks      | elapsed: 76.5min
[Parallel(n_jobs=6)]: Done 173 tasks      | elapsed: 76.5min
[Parallel(n_jobs=6)]: Done 174 tasks      | elapsed: 76.6min
[Parallel(n_jobs=6)]: Done 175 tasks      | elapsed: 79.1min
[Parallel(n_jobs=6)]: Done 176 tasks      | elapsed: 79.1min
[Parallel(n_jobs=6)]: Done 177 tasks      | elapsed: 79.2min
[Parallel(n_jobs=6)]: Done 178 tasks      | elapsed: 79.2min
[Parallel(n_jobs=6)]: Done 179 tasks      | elapsed: 79.2min
[Parallel(n_jobs=6)]: Done 180 tasks      | elapsed: 79.2min
[Parallel(n_jobs=6)]: Done 181 tasks      | elapsed: 81.4min
[Parallel(n_jobs=6)]: Done 182 tasks      | elapsed: 81.5min
[Parallel(n_jobs=6)]: Done 183 tasks      | elapsed: 81.5min
[Parallel(n_jobs=6)]: Done 184 tasks      | elapsed: 81.5min
[Parallel(n_jobs=6)]: Done 185 tasks      | elapsed: 81.5min
[Parallel(n_jobs=6)]: Done 186 tasks      | elapsed: 81.6min
[Parallel(n_jobs=6)]: Done 187 tasks      | elapsed: 83.8min
[Parallel(n_jobs=6)]: Done 188 tasks      | elapsed: 84.0min
[Parallel(n_jobs=6)]: Done 189 tasks      | elapsed: 84.1min
[Parallel(n_jobs=6)]: Done 190 tasks      | elapsed: 84.1min
[Parallel(n_jobs=6)]: Done 191 tasks      | elapsed: 84.1min
[Parallel(n_jobs=6)]: Done 192 tasks      | elapsed: 84.1min
[Parallel(n_jobs=6)]: Done 193 tasks      | elapsed: 86.1min
[Parallel(n_jobs=6)]: Done 194 tasks      | elapsed: 86.3min
[Parallel(n_jobs=6)]: Done 195 tasks      | elapsed: 86.4min
[Parallel(n_jobs=6)]: Done 196 tasks      | elapsed: 86.4min
[Parallel(n_jobs=6)]: Done 197 tasks      | elapsed: 86.4min
[Parallel(n_jobs=6)]: Done 198 tasks      | elapsed: 86.5min
[Parallel(n_jobs=6)]: Done 199 tasks      | elapsed: 88.6min
[Parallel(n_jobs=6)]: Done 200 tasks      | elapsed: 88.8min
[Parallel(n_jobs=6)]: Done 201 tasks      | elapsed: 88.9min
[Parallel(n_jobs=6)]: Done 202 tasks      | elapsed: 89.0min
[Parallel(n_jobs=6)]: Done 203 tasks      | elapsed: 89.0min
[Parallel(n_jobs=6)]: Done 204 tasks      | elapsed: 89.0min
[Parallel(n_jobs=6)]: Done 205 tasks      | elapsed: 91.0min
[Parallel(n_jobs=6)]: Done 206 tasks      | elapsed: 91.1min
[Parallel(n_jobs=6)]: Done 207 tasks      | elapsed: 91.3min
[Parallel(n_jobs=6)]: Done 208 tasks      | elapsed: 91.3min
[Parallel(n_jobs=6)]: Done 209 tasks      | elapsed: 91.3min
[Parallel(n_jobs=6)]: Done 210 tasks      | elapsed: 91.4min
[Parallel(n_jobs=6)]: Done 211 tasks      | elapsed: 93.4min
[Parallel(n_jobs=6)]: Done 212 tasks      | elapsed: 93.5min
[Parallel(n_jobs=6)]: Done 213 tasks      | elapsed: 93.8min
[Parallel(n_jobs=6)]: Done 214 tasks      | elapsed: 93.8min
[Parallel(n_jobs=6)]: Done 215 tasks      | elapsed: 93.8min
[Parallel(n_jobs=6)]: Done 216 tasks      | elapsed: 93.8min
[Parallel(n_jobs=6)]: Done 217 tasks      | elapsed: 95.7min
[Parallel(n_jobs=6)]: Done 218 tasks      | elapsed: 95.9min
[Parallel(n_jobs=6)]: Done 219 tasks      | elapsed: 96.1min
[Parallel(n_jobs=6)]: Done 220 tasks      | elapsed: 96.2min
[Parallel(n_jobs=6)]: Done 221 tasks      | elapsed: 96.2min
[Parallel(n_jobs=6)]: Done 222 tasks      | elapsed: 96.2min
[Parallel(n_jobs=6)]: Done 223 tasks      | elapsed: 98.2min
[Parallel(n_jobs=6)]: Done 224 tasks      | elapsed: 98.4min
[Parallel(n_jobs=6)]: Done 225 tasks      | elapsed: 98.7min
[Parallel(n_jobs=6)]: Done 231 out of 236 | elapsed: 101.0min remaining:  2.2min
[Parallel(n_jobs=6)]: Done 236 out of 236 | elapsed: 103.0min finished
[Parallel(n_jobs=6)]: Using backend LokyBackend with 6 concurrent workers.
[Parallel(n_jobs=6)]: Done   3 out of   6 | elapsed:   25.0s remaining:   25.0s
[Parallel(n_jobs=6)]: Done   6 out of   6 | elapsed:   34.9s finished
/hpc/home/jz421/miniconda3/envs/ieeg/lib/python3.11/site-packages/ieeg/viz/ensemble.py:48: UserWarning: This figure was using a layout engine that is incompatible with subplots_adjust and/or tight_layout; not calling subplots_adjust.
  fig.subplots_adjust(top=0.85)
[Parallel(n_jobs=6)]: Using backend LokyBackend with 6 concurrent workers.
[Parallel(n_jobs=6)]: Done   3 out of   6 | elapsed:   18.4s remaining:   18.4s
[Parallel(n_jobs=6)]: Done   6 out of   6 | elapsed:   30.1s finished
/hpc/home/jz421/miniconda3/envs/ieeg/lib/python3.11/site-packages/ieeg/viz/ensemble.py:48: UserWarning: This figure was using a layout engine that is incompatible with subplots_adjust and/or tight_layout; not calling subplots_adjust.
  fig.subplots_adjust(top=0.85)
/hpc/home/jz421/miniconda3/envs/ieeg/lib/python3.11/site-packages/ieeg/io.py:438: RuntimeWarning: Converting data files to EDF format
  write_raw_bids(run, bids_path, allow_preload=True, format=format,
/hpc/home/jz421/miniconda3/envs/ieeg/lib/python3.11/site-packages/ieeg/io.py:438: RuntimeWarning: EDF format requires equal-length data blocks, so 1 seconds of edge values were appended to all channels when writing the final block.
  write_raw_bids(run, bids_path, allow_preload=True, format=format,
/hpc/home/jz421/miniconda3/envs/ieeg/lib/python3.11/site-packages/ieeg/io.py:438: RuntimeWarning: Converting data files to EDF format
  write_raw_bids(run, bids_path, allow_preload=True, format=format,
/hpc/home/jz421/miniconda3/envs/ieeg/lib/python3.11/site-packages/ieeg/io.py:438: RuntimeWarning: EDF format requires equal-length data blocks, so 1 seconds of edge values were appended to all channels when writing the final block.
  write_raw_bids(run, bids_path, allow_preload=True, format=format,
/hpc/home/jz421/miniconda3/envs/ieeg/lib/python3.11/site-packages/ieeg/io.py:438: RuntimeWarning: Converting data files to EDF format
  write_raw_bids(run, bids_path, allow_preload=True, format=format,
/hpc/home/jz421/miniconda3/envs/ieeg/lib/python3.11/site-packages/ieeg/io.py:438: RuntimeWarning: EDF format requires equal-length data blocks, so 1 seconds of edge values were appended to all channels when writing the final block.
  write_raw_bids(run, bids_path, allow_preload=True, format=format,
/hpc/home/jz421/miniconda3/envs/ieeg/lib/python3.11/site-packages/ieeg/io.py:438: RuntimeWarning: Converting data files to EDF format
  write_raw_bids(run, bids_path, allow_preload=True, format=format,
Traceback (most recent call last):
  File "/hpc/home/jz421/coganlab/jz421/GlobalLocal/dcc_scripts/preproc/plot_clean_dcc.py", line 214, in <module>
    main(args.subjects)
  File "/hpc/home/jz421/coganlab/jz421/GlobalLocal/dcc_scripts/preproc/plot_clean_dcc.py", line 202, in main
    channel_outlier_marker(raw, 3, 2, save=True)
  File "<decorator-gen-472>", line 10, in channel_outlier_marker
  File "/hpc/home/jz421/miniconda3/envs/ieeg/lib/python3.11/site-packages/ieeg/navigate.py", line 155, in channel_outlier_marker
    update(file, bads, desc)
  File "/hpc/home/jz421/miniconda3/envs/ieeg/lib/python3.11/functools.py", line 909, in wrapper
    return dispatch(args[0].__class__)(*args, **kw)
           ^^^^^^^^^^^^^^^^^^^^^^^^^^^^^^^^^^^^^^^^
  File "<decorator-gen-471>", line 12, in update
  File "/hpc/home/jz421/miniconda3/envs/ieeg/lib/python3.11/site-packages/ieeg/io.py", line 483, in update
    mark_channels(bids_path, ch_names=channels, status=status,
  File "<decorator-gen-462>", line 12, in mark_channels
  File "/hpc/home/jz421/miniconda3/envs/ieeg/lib/python3.11/site-packages/mne_bids/write.py", line 2685, in mark_channels
    if "status_description" not in tsv_data and write_descriptions:
                                                ^^^^^^^^^^^^^^^^^^
UnboundLocalError: cannot access local variable 'write_descriptions' where it is not associated with a value
