['/hpc/group/coganlab/jz421/GlobalLocal/src/analysis/preproc', '/hpc/home/jz421/miniconda3/envs/ieeg/lib/python311.zip', '/hpc/home/jz421/miniconda3/envs/ieeg/lib/python3.11', '/hpc/home/jz421/miniconda3/envs/ieeg/lib/python3.11/lib-dynload', '/hpc/home/jz421/miniconda3/envs/ieeg/lib/python3.11/site-packages']
Qt5Agg backend not available, using default backend
Qt5Agg backend not available, using default backend
['/hpc/home/jz421/coganlab/jz421/GlobalLocal', '/hpc/group/coganlab/jz421/GlobalLocal/src/analysis/preproc', '/hpc/home/jz421/miniconda3/envs/ieeg/lib/python311.zip', '/hpc/home/jz421/miniconda3/envs/ieeg/lib/python3.11', '/hpc/home/jz421/miniconda3/envs/ieeg/lib/python3.11/lib-dynload', '/hpc/home/jz421/miniconda3/envs/ieeg/lib/python3.11/site-packages']
--------- PARSED ARGUMENTS ---------
args.subjects: ['D0117,']
args.task: GlobalLocal
args.times: [-1.0, 1.5]
args.within_base_times: [-1.0, 0.0]
args.baseline_event: Stimulus
args.base_times_length: 0.5
args.pad_length: 0.5
args.LAB_root: /cwork/jz421
args.channels: None
args.dec_factor: 8
args.outlier_policy: drop_and_nan
args.outliers: 10
args.threshold_percent: 5.0
args.passband: [70.0, 150.0]
======================================================================
epoching data for subject: D0117,
