/hpc/home/etb28/miniconda3/envs/ieeg/lib/python3.11/site-packages/ieeg/io.py:278: RuntimeWarning: The number of channels in the channels.tsv sidecar file (133) does not match the number of channels in the raw data file (132). Will not try to set channel names.
  new_raw = read_raw_bids(bids_path=BIDS_path, verbose=verbose)
/hpc/home/etb28/miniconda3/envs/ieeg/lib/python3.11/site-packages/ieeg/io.py:278: RuntimeWarning: Cannot set channel type for the following channels, as they are missing in the raw data: Trigger
  new_raw = read_raw_bids(bids_path=BIDS_path, verbose=verbose)
/hpc/home/etb28/miniconda3/envs/ieeg/lib/python3.11/site-packages/ieeg/io.py:278: RuntimeWarning: Omitted 224 annotation(s) that were outside data range.
  new_raw = read_raw_bids(bids_path=BIDS_path, verbose=verbose)
/hpc/home/etb28/miniconda3/envs/ieeg/lib/python3.11/site-packages/ieeg/io.py:278: RuntimeWarning: The number of channels in the channels.tsv sidecar file (133) does not match the number of channels in the raw data file (132). Will not try to set channel names.
  new_raw = read_raw_bids(bids_path=BIDS_path, verbose=verbose)
/hpc/home/etb28/miniconda3/envs/ieeg/lib/python3.11/site-packages/ieeg/io.py:278: RuntimeWarning: Cannot set channel type for the following channels, as they are missing in the raw data: Trigger
  new_raw = read_raw_bids(bids_path=BIDS_path, verbose=verbose)
/hpc/home/etb28/miniconda3/envs/ieeg/lib/python3.11/site-packages/ieeg/io.py:278: RuntimeWarning: Omitted 224 annotation(s) that were outside data range.
  new_raw = read_raw_bids(bids_path=BIDS_path, verbose=verbose)
/hpc/home/etb28/miniconda3/envs/ieeg/lib/python3.11/site-packages/ieeg/io.py:278: RuntimeWarning: The number of channels in the channels.tsv sidecar file (133) does not match the number of channels in the raw data file (132). Will not try to set channel names.
  new_raw = read_raw_bids(bids_path=BIDS_path, verbose=verbose)
/hpc/home/etb28/miniconda3/envs/ieeg/lib/python3.11/site-packages/ieeg/io.py:278: RuntimeWarning: Cannot set channel type for the following channels, as they are missing in the raw data: Trigger
  new_raw = read_raw_bids(bids_path=BIDS_path, verbose=verbose)
/hpc/home/etb28/miniconda3/envs/ieeg/lib/python3.11/site-packages/ieeg/io.py:278: RuntimeWarning: Omitted 214 annotation(s) that were outside data range.
  new_raw = read_raw_bids(bids_path=BIDS_path, verbose=verbose)
/hpc/home/etb28/miniconda3/envs/ieeg/lib/python3.11/site-packages/ieeg/io.py:278: RuntimeWarning: The number of channels in the channels.tsv sidecar file (133) does not match the number of channels in the raw data file (132). Will not try to set channel names.
  new_raw = read_raw_bids(bids_path=BIDS_path, verbose=verbose)
/hpc/home/etb28/miniconda3/envs/ieeg/lib/python3.11/site-packages/ieeg/io.py:278: RuntimeWarning: Cannot set channel type for the following channels, as they are missing in the raw data: Trigger
  new_raw = read_raw_bids(bids_path=BIDS_path, verbose=verbose)
[Parallel(n_jobs=6)]: Using backend ThreadingBackend with 6 concurrent workers.
[Parallel(n_jobs=6)]: Done   1 tasks      | elapsed:    8.4s
[Parallel(n_jobs=6)]: Done   2 tasks      | elapsed:    8.8s
[Parallel(n_jobs=6)]: Done   3 tasks      | elapsed:    8.9s
[Parallel(n_jobs=6)]: Done   4 tasks      | elapsed:    9.0s
[Parallel(n_jobs=6)]: Done   5 tasks      | elapsed:   15.2s
[Parallel(n_jobs=6)]: Done   6 tasks      | elapsed:   15.2s
[Parallel(n_jobs=6)]: Done   7 tasks      | elapsed:   18.9s
[Parallel(n_jobs=6)]: Done   8 tasks      | elapsed:   19.5s
[Parallel(n_jobs=6)]: Done   9 tasks      | elapsed:   19.6s
[Parallel(n_jobs=6)]: Done  10 tasks      | elapsed:   20.0s
[Parallel(n_jobs=6)]: Done  11 tasks      | elapsed:   30.0s
[Parallel(n_jobs=6)]: Done  12 tasks      | elapsed:   30.7s
[Parallel(n_jobs=6)]: Done  13 tasks      | elapsed:   30.9s
[Parallel(n_jobs=6)]: Done  14 tasks      | elapsed:   31.5s
[Parallel(n_jobs=6)]: Done  15 tasks      | elapsed:   33.3s
[Parallel(n_jobs=6)]: Done  16 tasks      | elapsed:   33.3s
[Parallel(n_jobs=6)]: Done  17 tasks      | elapsed:   41.2s
[Parallel(n_jobs=6)]: Done  18 tasks      | elapsed:   42.0s
[Parallel(n_jobs=6)]: Done  19 tasks      | elapsed:   42.4s
[Parallel(n_jobs=6)]: Done  20 tasks      | elapsed:   42.7s
[Parallel(n_jobs=6)]: Done  21 tasks      | elapsed:   51.5s
[Parallel(n_jobs=6)]: Done  22 tasks      | elapsed:   51.6s
[Parallel(n_jobs=6)]: Done  23 tasks      | elapsed:   52.5s
[Parallel(n_jobs=6)]: Done  24 tasks      | elapsed:   53.5s
[Parallel(n_jobs=6)]: Done  25 tasks      | elapsed:   53.8s
[Parallel(n_jobs=6)]: Done  26 tasks      | elapsed:   54.5s
[Parallel(n_jobs=6)]: Done  27 tasks      | elapsed:  1.1min
[Parallel(n_jobs=6)]: Done  28 tasks      | elapsed:  1.1min
[Parallel(n_jobs=6)]: Done  29 tasks      | elapsed:  1.1min
[Parallel(n_jobs=6)]: Done  30 tasks      | elapsed:  1.1min
[Parallel(n_jobs=6)]: Done  31 tasks      | elapsed:  1.2min
[Parallel(n_jobs=6)]: Done  32 tasks      | elapsed:  1.2min
[Parallel(n_jobs=6)]: Done  33 tasks      | elapsed:  1.3min
[Parallel(n_jobs=6)]: Done  34 tasks      | elapsed:  1.3min
[Parallel(n_jobs=6)]: Done  35 tasks      | elapsed:  1.3min
[Parallel(n_jobs=6)]: Done  36 tasks      | elapsed:  1.3min
[Parallel(n_jobs=6)]: Done  37 tasks      | elapsed:  1.5min
[Parallel(n_jobs=6)]: Done  38 tasks      | elapsed:  1.5min
[Parallel(n_jobs=6)]: Done  39 tasks      | elapsed:  1.5min
[Parallel(n_jobs=6)]: Done  40 tasks      | elapsed:  1.5min
[Parallel(n_jobs=6)]: Done  41 tasks      | elapsed:  1.5min
[Parallel(n_jobs=6)]: Done  42 tasks      | elapsed:  1.5min
[Parallel(n_jobs=6)]: Done  43 tasks      | elapsed:  1.7min
[Parallel(n_jobs=6)]: Done  44 tasks      | elapsed:  1.7min
[Parallel(n_jobs=6)]: Done  45 tasks      | elapsed:  1.7min
[Parallel(n_jobs=6)]: Done  46 tasks      | elapsed:  1.7min
[Parallel(n_jobs=6)]: Done  47 tasks      | elapsed:  1.8min
[Parallel(n_jobs=6)]: Done  48 tasks      | elapsed:  1.8min
[Parallel(n_jobs=6)]: Done  49 tasks      | elapsed:  1.9min
[Parallel(n_jobs=6)]: Done  50 tasks      | elapsed:  1.9min
[Parallel(n_jobs=6)]: Done  51 tasks      | elapsed:  1.9min
[Parallel(n_jobs=6)]: Done  52 tasks      | elapsed:  1.9min
[Parallel(n_jobs=6)]: Done  53 tasks      | elapsed:  2.1min
[Parallel(n_jobs=6)]: Done  54 tasks      | elapsed:  2.1min
[Parallel(n_jobs=6)]: Done  55 tasks      | elapsed:  2.1min
[Parallel(n_jobs=6)]: Done  56 tasks      | elapsed:  2.1min
[Parallel(n_jobs=6)]: Done  57 tasks      | elapsed:  2.2min
[Parallel(n_jobs=6)]: Done  58 tasks      | elapsed:  2.2min
[Parallel(n_jobs=6)]: Done  59 tasks      | elapsed:  2.3min
[Parallel(n_jobs=6)]: Done  60 tasks      | elapsed:  2.3min
[Parallel(n_jobs=6)]: Done  61 tasks      | elapsed:  2.4min
[Parallel(n_jobs=6)]: Done  62 tasks      | elapsed:  2.4min
[Parallel(n_jobs=6)]: Done  63 tasks      | elapsed:  2.6min
[Parallel(n_jobs=6)]: Done  64 tasks      | elapsed:  2.6min
[Parallel(n_jobs=6)]: Done  65 tasks      | elapsed:  2.6min
[Parallel(n_jobs=6)]: Done  66 tasks      | elapsed:  2.6min
[Parallel(n_jobs=6)]: Done  67 tasks      | elapsed:  2.6min
[Parallel(n_jobs=6)]: Done  68 tasks      | elapsed:  2.7min
[Parallel(n_jobs=6)]: Done  69 tasks      | elapsed:  2.9min
[Parallel(n_jobs=6)]: Done  70 tasks      | elapsed:  2.9min
[Parallel(n_jobs=6)]: Done  71 tasks      | elapsed:  2.9min
[Parallel(n_jobs=6)]: Done  72 tasks      | elapsed:  3.0min
[Parallel(n_jobs=6)]: Done  73 tasks      | elapsed:  3.1min
[Parallel(n_jobs=6)]: Done  74 tasks      | elapsed:  3.1min
[Parallel(n_jobs=6)]: Done  75 tasks      | elapsed:  3.2min
[Parallel(n_jobs=6)]: Done  76 tasks      | elapsed:  3.2min
[Parallel(n_jobs=6)]: Done  77 tasks      | elapsed:  3.3min
[Parallel(n_jobs=6)]: Done  78 tasks      | elapsed:  3.3min
[Parallel(n_jobs=6)]: Done  79 tasks      | elapsed:  3.5min
[Parallel(n_jobs=6)]: Done  80 tasks      | elapsed:  3.6min
[Parallel(n_jobs=6)]: Done  81 tasks      | elapsed:  3.6min
[Parallel(n_jobs=6)]: Done  82 tasks      | elapsed:  3.6min
[Parallel(n_jobs=6)]: Done  83 tasks      | elapsed:  3.6min
[Parallel(n_jobs=6)]: Done  84 tasks      | elapsed:  3.6min
[Parallel(n_jobs=6)]: Done  85 tasks      | elapsed:  3.9min
[Parallel(n_jobs=6)]: Done  86 tasks      | elapsed:  3.9min
[Parallel(n_jobs=6)]: Done  87 tasks      | elapsed:  3.9min
[Parallel(n_jobs=6)]: Done  88 tasks      | elapsed:  4.0min
[Parallel(n_jobs=6)]: Done  89 tasks      | elapsed:  4.1min
[Parallel(n_jobs=6)]: Done  90 tasks      | elapsed:  4.1min
[Parallel(n_jobs=6)]: Done  91 tasks      | elapsed:  4.2min
[Parallel(n_jobs=6)]: Done  92 tasks      | elapsed:  4.3min
[Parallel(n_jobs=6)]: Done  93 tasks      | elapsed:  4.3min
[Parallel(n_jobs=6)]: Done  94 tasks      | elapsed:  4.3min
[Parallel(n_jobs=6)]: Done  95 tasks      | elapsed:  4.6min
[Parallel(n_jobs=6)]: Done  96 tasks      | elapsed:  4.6min
[Parallel(n_jobs=6)]: Done  97 tasks      | elapsed:  4.6min
[Parallel(n_jobs=6)]: Done  98 tasks      | elapsed:  4.6min
[Parallel(n_jobs=6)]: Done  99 tasks      | elapsed:  4.7min
[Parallel(n_jobs=6)]: Done 100 tasks      | elapsed:  4.7min
[Parallel(n_jobs=6)]: Done 101 tasks      | elapsed:  4.9min
[Parallel(n_jobs=6)]: Done 102 tasks      | elapsed:  4.9min
[Parallel(n_jobs=6)]: Done 103 tasks      | elapsed:  5.0min
[Parallel(n_jobs=6)]: Done 104 tasks      | elapsed:  5.0min
[Parallel(n_jobs=6)]: Done 105 tasks      | elapsed:  5.2min
[Parallel(n_jobs=6)]: Done 106 tasks      | elapsed:  5.2min
[Parallel(n_jobs=6)]: Done 107 tasks      | elapsed:  5.2min
[Parallel(n_jobs=6)]: Done 108 tasks      | elapsed:  5.3min
[Parallel(n_jobs=6)]: Done 109 tasks      | elapsed:  5.3min
[Parallel(n_jobs=6)]: Done 110 tasks      | elapsed:  5.3min
[Parallel(n_jobs=6)]: Done 111 tasks      | elapsed:  5.6min
[Parallel(n_jobs=6)]: Done 112 tasks      | elapsed:  5.6min
[Parallel(n_jobs=6)]: Done 113 tasks      | elapsed:  5.7min
[Parallel(n_jobs=6)]: Done 114 tasks      | elapsed:  5.7min
[Parallel(n_jobs=6)]: Done 118 out of 125 | elapsed:  6.0min remaining:   21.2s
[Parallel(n_jobs=6)]: Done 122 out of 125 | elapsed:  6.3min remaining:    9.2s
[Parallel(n_jobs=6)]: Done 125 out of 125 | elapsed:  6.3min finished
[Parallel(n_jobs=6)]: Using backend ThreadingBackend with 6 concurrent workers.
[Parallel(n_jobs=6)]: Done   1 tasks      | elapsed:   19.4s
[Parallel(n_jobs=6)]: Done   2 tasks      | elapsed:   19.4s
[Parallel(n_jobs=6)]: Done   3 tasks      | elapsed:   23.8s
[Parallel(n_jobs=6)]: Done   4 tasks      | elapsed:   23.8s
[Parallel(n_jobs=6)]: Done   5 tasks      | elapsed:   30.6s
[Parallel(n_jobs=6)]: Done   6 tasks      | elapsed:   30.6s
[Parallel(n_jobs=6)]: Done   7 tasks      | elapsed:   38.8s
[Parallel(n_jobs=6)]: Done   8 tasks      | elapsed:   38.8s
[Parallel(n_jobs=6)]: Done   9 tasks      | elapsed:   43.5s
[Parallel(n_jobs=6)]: Done  10 tasks      | elapsed:   43.6s
[Parallel(n_jobs=6)]: Done  11 tasks      | elapsed:   58.5s
[Parallel(n_jobs=6)]: Done  12 tasks      | elapsed:   58.6s
[Parallel(n_jobs=6)]: Done  13 tasks      | elapsed:  1.0min
[Parallel(n_jobs=6)]: Done  14 tasks      | elapsed:  1.0min
[Parallel(n_jobs=6)]: Done  15 tasks      | elapsed:  1.1min
[Parallel(n_jobs=6)]: Done  16 tasks      | elapsed:  1.1min
[Parallel(n_jobs=6)]: Done  17 tasks      | elapsed:  1.3min
[Parallel(n_jobs=6)]: Done  18 tasks      | elapsed:  1.3min
[Parallel(n_jobs=6)]: Done  19 tasks      | elapsed:  1.4min
[Parallel(n_jobs=6)]: Done  20 tasks      | elapsed:  1.4min
[Parallel(n_jobs=6)]: Done  21 tasks      | elapsed:  1.6min
[Parallel(n_jobs=6)]: Done  22 tasks      | elapsed:  1.6min
[Parallel(n_jobs=6)]: Done  23 tasks      | elapsed:  1.6min
[Parallel(n_jobs=6)]: Done  24 tasks      | elapsed:  1.6min
[Parallel(n_jobs=6)]: Done  25 tasks      | elapsed:  1.7min
[Parallel(n_jobs=6)]: Done  26 tasks      | elapsed:  1.7min
[Parallel(n_jobs=6)]: Done  27 tasks      | elapsed:  2.0min
[Parallel(n_jobs=6)]: Done  28 tasks      | elapsed:  2.0min
[Parallel(n_jobs=6)]: Done  29 tasks      | elapsed:  2.0min
[Parallel(n_jobs=6)]: Done  30 tasks      | elapsed:  2.0min
[Parallel(n_jobs=6)]: Done  31 tasks      | elapsed:  2.1min
[Parallel(n_jobs=6)]: Done  32 tasks      | elapsed:  2.1min
[Parallel(n_jobs=6)]: Done  33 tasks      | elapsed:  2.3min
[Parallel(n_jobs=6)]: Done  34 tasks      | elapsed:  2.3min
[Parallel(n_jobs=6)]: Done  35 tasks      | elapsed:  2.3min
[Parallel(n_jobs=6)]: Done  36 tasks      | elapsed:  2.4min
[Parallel(n_jobs=6)]: Done  37 tasks      | elapsed:  2.6min
[Parallel(n_jobs=6)]: Done  38 tasks      | elapsed:  2.6min
[Parallel(n_jobs=6)]: Done  39 tasks      | elapsed:  2.6min
[Parallel(n_jobs=6)]: Done  40 tasks      | elapsed:  2.6min
[Parallel(n_jobs=6)]: Done  41 tasks      | elapsed:  2.7min
[Parallel(n_jobs=6)]: Done  42 tasks      | elapsed:  2.7min
[Parallel(n_jobs=6)]: Done  43 tasks      | elapsed:  2.9min
[Parallel(n_jobs=6)]: Done  44 tasks      | elapsed:  2.9min
[Parallel(n_jobs=6)]: Done  45 tasks      | elapsed:  3.0min
[Parallel(n_jobs=6)]: Done  46 tasks      | elapsed:  3.0min
[Parallel(n_jobs=6)]: Done  47 tasks      | elapsed:  3.0min
[Parallel(n_jobs=6)]: Done  48 tasks      | elapsed:  3.1min
[Parallel(n_jobs=6)]: Done  49 tasks      | elapsed:  3.2min
[Parallel(n_jobs=6)]: Done  50 tasks      | elapsed:  3.2min
[Parallel(n_jobs=6)]: Done  51 tasks      | elapsed:  3.3min
[Parallel(n_jobs=6)]: Done  52 tasks      | elapsed:  3.3min
[Parallel(n_jobs=6)]: Done  53 tasks      | elapsed:  3.5min
[Parallel(n_jobs=6)]: Done  54 tasks      | elapsed:  3.5min
[Parallel(n_jobs=6)]: Done  55 tasks      | elapsed:  3.6min
[Parallel(n_jobs=6)]: Done  56 tasks      | elapsed:  3.6min
[Parallel(n_jobs=6)]: Done  57 tasks      | elapsed:  3.7min
[Parallel(n_jobs=6)]: Done  58 tasks      | elapsed:  3.8min
[Parallel(n_jobs=6)]: Done  59 tasks      | elapsed:  3.9min
[Parallel(n_jobs=6)]: Done  60 tasks      | elapsed:  3.9min
[Parallel(n_jobs=6)]: Done  61 tasks      | elapsed:  4.0min
[Parallel(n_jobs=6)]: Done  62 tasks      | elapsed:  4.1min
[Parallel(n_jobs=6)]: Done  63 tasks      | elapsed:  4.2min
[Parallel(n_jobs=6)]: Done  64 tasks      | elapsed:  4.2min
[Parallel(n_jobs=6)]: Done  65 tasks      | elapsed:  4.3min
[Parallel(n_jobs=6)]: Done  66 tasks      | elapsed:  4.3min
[Parallel(n_jobs=6)]: Done  67 tasks      | elapsed:  4.5min
[Parallel(n_jobs=6)]: Done  68 tasks      | elapsed:  4.5min
[Parallel(n_jobs=6)]: Done  69 tasks      | elapsed:  4.5min
[Parallel(n_jobs=6)]: Done  70 tasks      | elapsed:  4.6min
[Parallel(n_jobs=6)]: Done  71 tasks      | elapsed:  4.7min
[Parallel(n_jobs=6)]: Done  72 tasks      | elapsed:  4.8min
[Parallel(n_jobs=6)]: Done  73 tasks      | elapsed:  4.8min
[Parallel(n_jobs=6)]: Done  74 tasks      | elapsed:  4.8min
[Parallel(n_jobs=6)]: Done  75 tasks      | elapsed:  4.8min
[Parallel(n_jobs=6)]: Done  76 tasks      | elapsed:  4.9min
[Parallel(n_jobs=6)]: Done  77 tasks      | elapsed:  5.1min
[Parallel(n_jobs=6)]: Done  78 tasks      | elapsed:  5.2min
[Parallel(n_jobs=6)]: Done  79 tasks      | elapsed:  5.2min
[Parallel(n_jobs=6)]: Done  80 tasks      | elapsed:  5.2min
[Parallel(n_jobs=6)]: Done  81 tasks      | elapsed:  5.2min
[Parallel(n_jobs=6)]: Done  82 tasks      | elapsed:  5.3min
[Parallel(n_jobs=6)]: Done  83 tasks      | elapsed:  5.5min
[Parallel(n_jobs=6)]: Done  84 tasks      | elapsed:  5.5min
[Parallel(n_jobs=6)]: Done  85 tasks      | elapsed:  5.5min
[Parallel(n_jobs=6)]: Done  86 tasks      | elapsed:  5.6min
[Parallel(n_jobs=6)]: Done  87 tasks      | elapsed:  5.7min
[Parallel(n_jobs=6)]: Done  88 tasks      | elapsed:  5.8min
[Parallel(n_jobs=6)]: Done  89 tasks      | elapsed:  5.8min
[Parallel(n_jobs=6)]: Done  90 tasks      | elapsed:  5.8min
[Parallel(n_jobs=6)]: Done  91 tasks      | elapsed:  5.8min
[Parallel(n_jobs=6)]: Done  92 tasks      | elapsed:  5.9min
[Parallel(n_jobs=6)]: Done  93 tasks      | elapsed:  6.1min
[Parallel(n_jobs=6)]: Done  94 tasks      | elapsed:  6.1min
[Parallel(n_jobs=6)]: Done  95 tasks      | elapsed:  6.1min
[Parallel(n_jobs=6)]: Done  96 tasks      | elapsed:  6.2min
[Parallel(n_jobs=6)]: Done  97 tasks      | elapsed:  6.2min
[Parallel(n_jobs=6)]: Done  98 tasks      | elapsed:  6.3min
[Parallel(n_jobs=6)]: Done  99 tasks      | elapsed:  6.5min
[Parallel(n_jobs=6)]: Done 100 tasks      | elapsed:  6.5min
[Parallel(n_jobs=6)]: Done 101 tasks      | elapsed:  6.5min
[Parallel(n_jobs=6)]: Done 102 tasks      | elapsed:  6.6min
[Parallel(n_jobs=6)]: Done 103 tasks      | elapsed:  6.7min
[Parallel(n_jobs=6)]: Done 104 tasks      | elapsed:  6.8min
[Parallel(n_jobs=6)]: Done 105 tasks      | elapsed:  6.8min
[Parallel(n_jobs=6)]: Done 106 tasks      | elapsed:  6.8min
[Parallel(n_jobs=6)]: Done 107 tasks      | elapsed:  6.8min
[Parallel(n_jobs=6)]: Done 108 tasks      | elapsed:  6.9min
[Parallel(n_jobs=6)]: Done 109 tasks      | elapsed:  7.1min
[Parallel(n_jobs=6)]: Done 110 tasks      | elapsed:  7.1min
[Parallel(n_jobs=6)]: Done 111 tasks      | elapsed:  7.1min
[Parallel(n_jobs=6)]: Done 112 tasks      | elapsed:  7.1min
[Parallel(n_jobs=6)]: Done 113 tasks      | elapsed:  7.2min
[Parallel(n_jobs=6)]: Done 114 tasks      | elapsed:  7.3min
[Parallel(n_jobs=6)]: Done 118 out of 125 | elapsed:  7.5min remaining:   26.6s
[Parallel(n_jobs=6)]: Done 122 out of 125 | elapsed:  7.7min remaining:   11.3s
[Parallel(n_jobs=6)]: Done 125 out of 125 | elapsed:  7.8min finished
