/hpc/home/jz421/miniconda3/envs/ieeg/lib/python3.11/site-packages/ieeg/io.py:278: RuntimeWarning: Did not find any electrodes.tsv associated with sub-D0137_task-GlobalLocal_acq-01_run-01_desc-clean.

The search_str was "/cwork/jz421/BIDS-1.1_GlobalLocal/BIDS/derivatives/clean/sub-D0137/**/ieeg/sub-D0137*electrodes.tsv"
  new_raw = read_raw_bids(bids_path=BIDS_path, verbose=verbose)
/hpc/home/jz421/miniconda3/envs/ieeg/lib/python3.11/site-packages/ieeg/io.py:278: RuntimeWarning: Did not find any coordsystem.json associated with sub-D0137_task-GlobalLocal_acq-01_run-01_desc-clean.

The search_str was "/cwork/jz421/BIDS-1.1_GlobalLocal/BIDS/derivatives/clean/sub-D0137/**/ieeg/sub-D0137*coordsystem.json"
  new_raw = read_raw_bids(bids_path=BIDS_path, verbose=verbose)
/hpc/home/jz421/miniconda3/envs/ieeg/lib/python3.11/site-packages/ieeg/io.py:278: RuntimeWarning: Did not find any electrodes.tsv associated with sub-D0137_task-GlobalLocal_acq-01_run-02_desc-clean.

The search_str was "/cwork/jz421/BIDS-1.1_GlobalLocal/BIDS/derivatives/clean/sub-D0137/**/ieeg/sub-D0137*electrodes.tsv"
  new_raw = read_raw_bids(bids_path=BIDS_path, verbose=verbose)
/hpc/home/jz421/miniconda3/envs/ieeg/lib/python3.11/site-packages/ieeg/io.py:278: RuntimeWarning: Did not find any coordsystem.json associated with sub-D0137_task-GlobalLocal_acq-01_run-02_desc-clean.

The search_str was "/cwork/jz421/BIDS-1.1_GlobalLocal/BIDS/derivatives/clean/sub-D0137/**/ieeg/sub-D0137*coordsystem.json"
  new_raw = read_raw_bids(bids_path=BIDS_path, verbose=verbose)
/hpc/home/jz421/miniconda3/envs/ieeg/lib/python3.11/site-packages/ieeg/io.py:278: RuntimeWarning: Did not find any electrodes.tsv associated with sub-D0137_task-GlobalLocal_acq-01_run-03_desc-clean.

The search_str was "/cwork/jz421/BIDS-1.1_GlobalLocal/BIDS/derivatives/clean/sub-D0137/**/ieeg/sub-D0137*electrodes.tsv"
  new_raw = read_raw_bids(bids_path=BIDS_path, verbose=verbose)
/hpc/home/jz421/miniconda3/envs/ieeg/lib/python3.11/site-packages/ieeg/io.py:278: RuntimeWarning: Did not find any coordsystem.json associated with sub-D0137_task-GlobalLocal_acq-01_run-03_desc-clean.

The search_str was "/cwork/jz421/BIDS-1.1_GlobalLocal/BIDS/derivatives/clean/sub-D0137/**/ieeg/sub-D0137*coordsystem.json"
  new_raw = read_raw_bids(bids_path=BIDS_path, verbose=verbose)
/hpc/home/jz421/miniconda3/envs/ieeg/lib/python3.11/site-packages/ieeg/io.py:278: RuntimeWarning: Did not find any electrodes.tsv associated with sub-D0137_task-GlobalLocal_acq-01_run-04_desc-clean.

The search_str was "/cwork/jz421/BIDS-1.1_GlobalLocal/BIDS/derivatives/clean/sub-D0137/**/ieeg/sub-D0137*electrodes.tsv"
  new_raw = read_raw_bids(bids_path=BIDS_path, verbose=verbose)
/hpc/home/jz421/miniconda3/envs/ieeg/lib/python3.11/site-packages/ieeg/io.py:278: RuntimeWarning: Did not find any coordsystem.json associated with sub-D0137_task-GlobalLocal_acq-01_run-04_desc-clean.

The search_str was "/cwork/jz421/BIDS-1.1_GlobalLocal/BIDS/derivatives/clean/sub-D0137/**/ieeg/sub-D0137*coordsystem.json"
  new_raw = read_raw_bids(bids_path=BIDS_path, verbose=verbose)
[2026-03-15T11:14:21.728] error: *** JOB 44215176 ON dcc-coganlab-gpu-ferc-s-aa32-29 CANCELLED AT 2026-03-15T11:14:21 DUE to SIGNAL Terminated ***
