/hpc/home/etb28/miniconda3/envs/ieeg/lib/python3.11/site-packages/ieeg/io.py:278: RuntimeWarning: There are channels without locations (n/a) that are not marked as bad: ['LLeSL11', 'LLeSL12']
  new_raw = read_raw_bids(bids_path=BIDS_path, verbose=verbose)
/hpc/home/etb28/miniconda3/envs/ieeg/lib/python3.11/site-packages/ieeg/io.py:278: RuntimeWarning: There are channels without locations (n/a) that are not marked as bad: ['LLeSL11', 'LLeSL12']
  new_raw = read_raw_bids(bids_path=BIDS_path, verbose=verbose)
/hpc/home/etb28/miniconda3/envs/ieeg/lib/python3.11/site-packages/ieeg/io.py:278: RuntimeWarning: There are channels without locations (n/a) that are not marked as bad: ['LLeSL11', 'LLeSL12']
  new_raw = read_raw_bids(bids_path=BIDS_path, verbose=verbose)
/hpc/home/etb28/miniconda3/envs/ieeg/lib/python3.11/site-packages/ieeg/io.py:278: RuntimeWarning: There are channels without locations (n/a) that are not marked as bad: ['LLeSL11', 'LLeSL12']
  new_raw = read_raw_bids(bids_path=BIDS_path, verbose=verbose)
[Parallel(n_jobs=6)]: Using backend ThreadingBackend with 6 concurrent workers.
[Parallel(n_jobs=6)]: Done   1 tasks      | elapsed:    9.6s
[Parallel(n_jobs=6)]: Done   2 tasks      | elapsed:    9.7s
[Parallel(n_jobs=6)]: Done   3 tasks      | elapsed:    9.7s
[Parallel(n_jobs=6)]: Done   4 tasks      | elapsed:    9.8s
[Parallel(n_jobs=6)]: Done   5 tasks      | elapsed:   17.3s
[Parallel(n_jobs=6)]: Done   6 tasks      | elapsed:   17.3s
[Parallel(n_jobs=6)]: Done   7 tasks      | elapsed:   19.2s
[Parallel(n_jobs=6)]: Done   8 tasks      | elapsed:   19.3s
[Parallel(n_jobs=6)]: Done   9 tasks      | elapsed:   19.4s
[Parallel(n_jobs=6)]: Done  10 tasks      | elapsed:   19.6s
[Parallel(n_jobs=6)]: Done  11 tasks      | elapsed:   28.7s
[Parallel(n_jobs=6)]: Done  12 tasks      | elapsed:   28.8s
[Parallel(n_jobs=6)]: Done  13 tasks      | elapsed:   29.0s
[Parallel(n_jobs=6)]: Done  14 tasks      | elapsed:   29.3s
[Parallel(n_jobs=6)]: Done  15 tasks      | elapsed:   34.7s
[Parallel(n_jobs=6)]: Done  16 tasks      | elapsed:   34.7s
[Parallel(n_jobs=6)]: Done  17 tasks      | elapsed:   38.1s
[Parallel(n_jobs=6)]: Done  18 tasks      | elapsed:   38.4s
[Parallel(n_jobs=6)]: Done  19 tasks      | elapsed:   38.6s
[Parallel(n_jobs=6)]: Done  20 tasks      | elapsed:   38.9s
[Parallel(n_jobs=6)]: Done  21 tasks      | elapsed:   47.6s
[Parallel(n_jobs=6)]: Done  22 tasks      | elapsed:   47.9s
[Parallel(n_jobs=6)]: Done  23 tasks      | elapsed:   48.1s
[Parallel(n_jobs=6)]: Done  24 tasks      | elapsed:   48.5s
[Parallel(n_jobs=6)]: Done  25 tasks      | elapsed:   52.0s
[Parallel(n_jobs=6)]: Done  26 tasks      | elapsed:   52.0s
[Parallel(n_jobs=6)]: Done  27 tasks      | elapsed:   57.1s
[Parallel(n_jobs=6)]: Done  28 tasks      | elapsed:   57.5s
[Parallel(n_jobs=6)]: Done  29 tasks      | elapsed:   57.7s
[Parallel(n_jobs=6)]: Done  30 tasks      | elapsed:   58.2s
[Parallel(n_jobs=6)]: Done  31 tasks      | elapsed:  1.1min
[Parallel(n_jobs=6)]: Done  32 tasks      | elapsed:  1.1min
[Parallel(n_jobs=6)]: Done  33 tasks      | elapsed:  1.1min
[Parallel(n_jobs=6)]: Done  34 tasks      | elapsed:  1.1min
[Parallel(n_jobs=6)]: Done  35 tasks      | elapsed:  1.2min
[Parallel(n_jobs=6)]: Done  36 tasks      | elapsed:  1.2min
[Parallel(n_jobs=6)]: Done  37 tasks      | elapsed:  1.3min
[Parallel(n_jobs=6)]: Done  38 tasks      | elapsed:  1.3min
[Parallel(n_jobs=6)]: Done  39 tasks      | elapsed:  1.3min
[Parallel(n_jobs=6)]: Done  40 tasks      | elapsed:  1.3min
[Parallel(n_jobs=6)]: Done  41 tasks      | elapsed:  1.4min
[Parallel(n_jobs=6)]: Done  42 tasks      | elapsed:  1.4min
[Parallel(n_jobs=6)]: Done  43 tasks      | elapsed:  1.4min
[Parallel(n_jobs=6)]: Done  44 tasks      | elapsed:  1.4min
[Parallel(n_jobs=6)]: Done  45 tasks      | elapsed:  1.4min
[Parallel(n_jobs=6)]: Done  46 tasks      | elapsed:  1.5min
[Parallel(n_jobs=6)]: Done  47 tasks      | elapsed:  1.6min
[Parallel(n_jobs=6)]: Done  48 tasks      | elapsed:  1.6min
[Parallel(n_jobs=6)]: Done  49 tasks      | elapsed:  1.6min
[Parallel(n_jobs=6)]: Done  50 tasks      | elapsed:  1.6min
[Parallel(n_jobs=6)]: Done  51 tasks      | elapsed:  1.7min
[Parallel(n_jobs=6)]: Done  52 tasks      | elapsed:  1.7min
[Parallel(n_jobs=6)]: Done  53 tasks      | elapsed:  1.7min
[Parallel(n_jobs=6)]: Done  54 tasks      | elapsed:  1.8min
[Parallel(n_jobs=6)]: Done  55 tasks      | elapsed:  1.8min
[Parallel(n_jobs=6)]: Done  56 tasks      | elapsed:  1.8min
[Parallel(n_jobs=6)]: Done  57 tasks      | elapsed:  1.9min
[Parallel(n_jobs=6)]: Done  58 tasks      | elapsed:  1.9min
[Parallel(n_jobs=6)]: Done  59 tasks      | elapsed:  1.9min
[Parallel(n_jobs=6)]: Done  60 tasks      | elapsed:  1.9min
[Parallel(n_jobs=6)]: Done  61 tasks      | elapsed:  2.0min
[Parallel(n_jobs=6)]: Done  62 tasks      | elapsed:  2.0min
[Parallel(n_jobs=6)]: Done  63 tasks      | elapsed:  2.1min
[Parallel(n_jobs=6)]: Done  64 tasks      | elapsed:  2.1min
[Parallel(n_jobs=6)]: Done  65 tasks      | elapsed:  2.1min
[Parallel(n_jobs=6)]: Done  66 tasks      | elapsed:  2.1min
[Parallel(n_jobs=6)]: Done  67 tasks      | elapsed:  2.2min
[Parallel(n_jobs=6)]: Done  68 tasks      | elapsed:  2.2min
[Parallel(n_jobs=6)]: Done  69 tasks      | elapsed:  2.2min
[Parallel(n_jobs=6)]: Done  70 tasks      | elapsed:  2.3min
[Parallel(n_jobs=6)]: Done  71 tasks      | elapsed:  2.3min
[Parallel(n_jobs=6)]: Done  72 tasks      | elapsed:  2.3min
[Parallel(n_jobs=6)]: Done  73 tasks      | elapsed:  2.4min
[Parallel(n_jobs=6)]: Done  74 tasks      | elapsed:  2.4min
[Parallel(n_jobs=6)]: Done  75 tasks      | elapsed:  2.4min
[Parallel(n_jobs=6)]: Done  76 tasks      | elapsed:  2.4min
[Parallel(n_jobs=6)]: Done  77 tasks      | elapsed:  2.5min
[Parallel(n_jobs=6)]: Done  78 tasks      | elapsed:  2.5min
[Parallel(n_jobs=6)]: Done  79 tasks      | elapsed:  2.5min
[Parallel(n_jobs=6)]: Done  80 tasks      | elapsed:  2.6min
[Parallel(n_jobs=6)]: Done  81 tasks      | elapsed:  2.6min
[Parallel(n_jobs=6)]: Done  82 tasks      | elapsed:  2.7min
[Parallel(n_jobs=6)]: Done  83 tasks      | elapsed:  2.7min
[Parallel(n_jobs=6)]: Done  84 tasks      | elapsed:  2.7min
[Parallel(n_jobs=6)]: Done  85 tasks      | elapsed:  2.7min
[Parallel(n_jobs=6)]: Done  86 tasks      | elapsed:  2.7min
[Parallel(n_jobs=6)]: Done  87 tasks      | elapsed:  2.8min
[Parallel(n_jobs=6)]: Done  88 tasks      | elapsed:  2.9min
[Parallel(n_jobs=6)]: Done  89 tasks      | elapsed:  2.9min
[Parallel(n_jobs=6)]: Done  90 tasks      | elapsed:  2.9min
[Parallel(n_jobs=6)]: Done  91 tasks      | elapsed:  2.9min
[Parallel(n_jobs=6)]: Done  92 tasks      | elapsed:  3.0min
[Parallel(n_jobs=6)]: Done  93 tasks      | elapsed:  3.0min
[Parallel(n_jobs=6)]: Done  94 tasks      | elapsed:  3.0min
[Parallel(n_jobs=6)]: Done  95 tasks      | elapsed:  3.0min
[Parallel(n_jobs=6)]: Done  96 tasks      | elapsed:  3.0min
[Parallel(n_jobs=6)]: Done  97 tasks      | elapsed:  3.1min
[Parallel(n_jobs=6)]: Done  98 tasks      | elapsed:  3.2min
[Parallel(n_jobs=6)]: Done  99 tasks      | elapsed:  3.2min
[Parallel(n_jobs=6)]: Done 100 tasks      | elapsed:  3.2min
[Parallel(n_jobs=6)]: Done 101 tasks      | elapsed:  3.2min
[Parallel(n_jobs=6)]: Done 102 tasks      | elapsed:  3.3min
[Parallel(n_jobs=6)]: Done 103 tasks      | elapsed:  3.3min
[Parallel(n_jobs=6)]: Done 104 tasks      | elapsed:  3.3min
[Parallel(n_jobs=6)]: Done 105 tasks      | elapsed:  3.3min
[Parallel(n_jobs=6)]: Done 106 tasks      | elapsed:  3.3min
[Parallel(n_jobs=6)]: Done 107 tasks      | elapsed:  3.4min
[Parallel(n_jobs=6)]: Done 108 tasks      | elapsed:  3.5min
[Parallel(n_jobs=6)]: Done 109 tasks      | elapsed:  3.5min
[Parallel(n_jobs=6)]: Done 110 tasks      | elapsed:  3.5min
[Parallel(n_jobs=6)]: Done 111 tasks      | elapsed:  3.5min
[Parallel(n_jobs=6)]: Done 112 tasks      | elapsed:  3.5min
[Parallel(n_jobs=6)]: Done 113 tasks      | elapsed:  3.6min
[Parallel(n_jobs=6)]: Done 114 tasks      | elapsed:  3.6min
[Parallel(n_jobs=6)]: Done 115 tasks      | elapsed:  3.7min
[Parallel(n_jobs=6)]: Done 116 tasks      | elapsed:  3.7min
[Parallel(n_jobs=6)]: Done 117 tasks      | elapsed:  3.7min
[Parallel(n_jobs=6)]: Done 118 tasks      | elapsed:  3.8min
[Parallel(n_jobs=6)]: Done 119 tasks      | elapsed:  3.8min
[Parallel(n_jobs=6)]: Done 120 tasks      | elapsed:  3.8min
[Parallel(n_jobs=6)]: Done 121 tasks      | elapsed:  3.8min
[Parallel(n_jobs=6)]: Done 122 tasks      | elapsed:  3.8min
[Parallel(n_jobs=6)]: Done 123 tasks      | elapsed:  4.0min
[Parallel(n_jobs=6)]: Done 124 tasks      | elapsed:  4.0min
[Parallel(n_jobs=6)]: Done 125 tasks      | elapsed:  4.0min
[Parallel(n_jobs=6)]: Done 126 tasks      | elapsed:  4.0min
[Parallel(n_jobs=6)]: Done 127 tasks      | elapsed:  4.0min
[Parallel(n_jobs=6)]: Done 128 tasks      | elapsed:  4.1min
[Parallel(n_jobs=6)]: Done 129 tasks      | elapsed:  4.1min
[Parallel(n_jobs=6)]: Done 130 tasks      | elapsed:  4.1min
[Parallel(n_jobs=6)]: Done 131 tasks      | elapsed:  4.1min
[Parallel(n_jobs=6)]: Done 132 tasks      | elapsed:  4.1min
[Parallel(n_jobs=6)]: Done 133 tasks      | elapsed:  4.3min
[Parallel(n_jobs=6)]: Done 134 tasks      | elapsed:  4.3min
[Parallel(n_jobs=6)]: Done 135 tasks      | elapsed:  4.3min
[Parallel(n_jobs=6)]: Done 136 tasks      | elapsed:  4.3min
[Parallel(n_jobs=6)]: Done 137 tasks      | elapsed:  4.3min
[Parallel(n_jobs=6)]: Done 138 tasks      | elapsed:  4.4min
[Parallel(n_jobs=6)]: Done 139 tasks      | elapsed:  4.4min
[Parallel(n_jobs=6)]: Done 140 tasks      | elapsed:  4.4min
[Parallel(n_jobs=6)]: Done 141 tasks      | elapsed:  4.5min
[Parallel(n_jobs=6)]: Done 142 tasks      | elapsed:  4.5min
[Parallel(n_jobs=6)]: Done 143 tasks      | elapsed:  4.5min
[Parallel(n_jobs=6)]: Done 144 tasks      | elapsed:  4.6min
[Parallel(n_jobs=6)]: Done 145 tasks      | elapsed:  4.6min
[Parallel(n_jobs=6)]: Done 146 tasks      | elapsed:  4.6min
[Parallel(n_jobs=6)]: Done 147 tasks      | elapsed:  4.6min
[Parallel(n_jobs=6)]: Done 148 tasks      | elapsed:  4.7min
[Parallel(n_jobs=6)]: Done 149 tasks      | elapsed:  4.8min
[Parallel(n_jobs=6)]: Done 150 tasks      | elapsed:  4.8min
[Parallel(n_jobs=6)]: Done 151 tasks      | elapsed:  4.8min
[Parallel(n_jobs=6)]: Done 152 tasks      | elapsed:  4.8min
[Parallel(n_jobs=6)]: Done 153 tasks      | elapsed:  4.8min
[Parallel(n_jobs=6)]: Done 154 tasks      | elapsed:  4.9min
[Parallel(n_jobs=6)]: Done 155 tasks      | elapsed:  4.9min
[Parallel(n_jobs=6)]: Done 156 tasks      | elapsed:  4.9min
[Parallel(n_jobs=6)]: Done 157 tasks      | elapsed:  4.9min
[Parallel(n_jobs=6)]: Done 158 tasks      | elapsed:  4.9min
[Parallel(n_jobs=6)]: Done 159 tasks      | elapsed:  5.1min
[Parallel(n_jobs=6)]: Done 160 tasks      | elapsed:  5.1min
[Parallel(n_jobs=6)]: Done 161 tasks      | elapsed:  5.1min
[Parallel(n_jobs=6)]: Done 162 tasks      | elapsed:  5.1min
[Parallel(n_jobs=6)]: Done 163 tasks      | elapsed:  5.1min
[Parallel(n_jobs=6)]: Done 164 tasks      | elapsed:  5.2min
[Parallel(n_jobs=6)]: Done 165 tasks      | elapsed:  5.2min
[Parallel(n_jobs=6)]: Done 166 tasks      | elapsed:  5.2min
[Parallel(n_jobs=6)]: Done 167 tasks      | elapsed:  5.3min
[Parallel(n_jobs=6)]: Done 168 tasks      | elapsed:  5.3min
[Parallel(n_jobs=6)]: Done 169 tasks      | elapsed:  5.4min
[Parallel(n_jobs=6)]: Done 170 tasks      | elapsed:  5.4min
[Parallel(n_jobs=6)]: Done 171 tasks      | elapsed:  5.4min
[Parallel(n_jobs=6)]: Done 172 tasks      | elapsed:  5.4min
[Parallel(n_jobs=6)]: Done 173 tasks      | elapsed:  5.4min
[Parallel(n_jobs=6)]: Done 174 tasks      | elapsed:  5.5min
[Parallel(n_jobs=6)]: Done 175 tasks      | elapsed:  5.5min
[Parallel(n_jobs=6)]: Done 176 tasks      | elapsed:  5.6min
[Parallel(n_jobs=6)]: Done 177 tasks      | elapsed:  5.6min
[Parallel(n_jobs=6)]: Done 178 tasks      | elapsed:  5.6min
[Parallel(n_jobs=6)]: Done 179 tasks      | elapsed:  5.6min
[Parallel(n_jobs=6)]: Done 180 tasks      | elapsed:  5.7min
[Parallel(n_jobs=6)]: Done 181 tasks      | elapsed:  5.7min
[Parallel(n_jobs=6)]: Done 182 tasks      | elapsed:  5.7min
[Parallel(n_jobs=6)]: Done 183 tasks      | elapsed:  5.7min
[Parallel(n_jobs=6)]: Done 184 tasks      | elapsed:  5.8min
[Parallel(n_jobs=6)]: Done 185 tasks      | elapsed:  5.9min
[Parallel(n_jobs=6)]: Done 186 tasks      | elapsed:  5.9min
[Parallel(n_jobs=6)]: Done 187 tasks      | elapsed:  5.9min
[Parallel(n_jobs=6)]: Done 188 tasks      | elapsed:  5.9min
[Parallel(n_jobs=6)]: Done 189 tasks      | elapsed:  5.9min
[Parallel(n_jobs=6)]: Done 190 tasks      | elapsed:  6.0min
[Parallel(n_jobs=6)]: Done 191 tasks      | elapsed:  6.0min
[Parallel(n_jobs=6)]: Done 192 tasks      | elapsed:  6.0min
[Parallel(n_jobs=6)]: Done 193 tasks      | elapsed:  6.1min
[Parallel(n_jobs=6)]: Done 194 tasks      | elapsed:  6.1min
[Parallel(n_jobs=6)]: Done 195 tasks      | elapsed:  6.2min
[Parallel(n_jobs=6)]: Done 196 tasks      | elapsed:  6.2min
[Parallel(n_jobs=6)]: Done 197 tasks      | elapsed:  6.2min
[Parallel(n_jobs=6)]: Done 198 tasks      | elapsed:  6.2min
[Parallel(n_jobs=6)]: Done 199 tasks      | elapsed:  6.2min
[Parallel(n_jobs=6)]: Done 200 tasks      | elapsed:  6.3min
[Parallel(n_jobs=6)]: Done 201 tasks      | elapsed:  6.3min
[Parallel(n_jobs=6)]: Done 202 tasks      | elapsed:  6.4min
[Parallel(n_jobs=6)]: Done 203 tasks      | elapsed:  6.4min
[Parallel(n_jobs=6)]: Done 204 tasks      | elapsed:  6.4min
[Parallel(n_jobs=6)]: Done 205 tasks      | elapsed:  6.5min
[Parallel(n_jobs=6)]: Done 206 tasks      | elapsed:  6.5min
[Parallel(n_jobs=6)]: Done 207 tasks      | elapsed:  6.5min
[Parallel(n_jobs=6)]: Done 208 tasks      | elapsed:  6.5min
[Parallel(n_jobs=6)]: Done 209 tasks      | elapsed:  6.5min
[Parallel(n_jobs=6)]: Done 210 tasks      | elapsed:  6.6min
[Parallel(n_jobs=6)]: Done 211 tasks      | elapsed:  6.6min
[Parallel(n_jobs=6)]: Done 212 tasks      | elapsed:  6.7min
[Parallel(n_jobs=6)]: Done 213 tasks      | elapsed:  6.7min
[Parallel(n_jobs=6)]: Done 214 tasks      | elapsed:  6.7min
[Parallel(n_jobs=6)]: Done 215 tasks      | elapsed:  6.8min
[Parallel(n_jobs=6)]: Done 216 tasks      | elapsed:  6.8min
[Parallel(n_jobs=6)]: Done 217 tasks      | elapsed:  6.8min
[Parallel(n_jobs=6)]: Done 218 tasks      | elapsed:  6.9min
[Parallel(n_jobs=6)]: Done 219 tasks      | elapsed:  6.9min
[Parallel(n_jobs=6)]: Done 220 tasks      | elapsed:  6.9min
[Parallel(n_jobs=6)]: Done 221 tasks      | elapsed:  7.0min
[Parallel(n_jobs=6)]: Done 222 tasks      | elapsed:  7.0min
[Parallel(n_jobs=6)]: Done 223 tasks      | elapsed:  7.0min
[Parallel(n_jobs=6)]: Done 224 tasks      | elapsed:  7.0min
[Parallel(n_jobs=6)]: Done 225 tasks      | elapsed:  7.0min
[Parallel(n_jobs=6)]: Done 226 tasks      | elapsed:  7.1min
[Parallel(n_jobs=6)]: Done 227 tasks      | elapsed:  7.1min
[Parallel(n_jobs=6)]: Done 228 tasks      | elapsed:  7.2min
[Parallel(n_jobs=6)]: Done 229 tasks      | elapsed:  7.2min
[Parallel(n_jobs=6)]: Done 230 tasks      | elapsed:  7.2min
[Parallel(n_jobs=6)]: Done 231 tasks      | elapsed:  7.3min
[Parallel(n_jobs=6)]: Done 238 out of 242 | elapsed:  7.5min remaining:    7.5s
[Parallel(n_jobs=6)]: Done 242 out of 242 | elapsed:  7.6min finished
[Parallel(n_jobs=6)]: Using backend ThreadingBackend with 6 concurrent workers.
[Parallel(n_jobs=6)]: Done   1 tasks      | elapsed:    9.6s
[Parallel(n_jobs=6)]: Done   2 tasks      | elapsed:    9.6s
[Parallel(n_jobs=6)]: Done   3 tasks      | elapsed:   11.0s
[Parallel(n_jobs=6)]: Done   4 tasks      | elapsed:   11.1s
[Parallel(n_jobs=6)]: Done   5 tasks      | elapsed:   14.8s
[Parallel(n_jobs=6)]: Done   6 tasks      | elapsed:   14.8s
[Parallel(n_jobs=6)]: Done   7 tasks      | elapsed:   19.1s
[Parallel(n_jobs=6)]: Done   8 tasks      | elapsed:   19.1s
[Parallel(n_jobs=6)]: Done   9 tasks      | elapsed:   20.4s
[Parallel(n_jobs=6)]: Done  10 tasks      | elapsed:   20.7s
[Parallel(n_jobs=6)]: Done  11 tasks      | elapsed:   28.5s
[Parallel(n_jobs=6)]: Done  12 tasks      | elapsed:   28.6s
[Parallel(n_jobs=6)]: Done  13 tasks      | elapsed:   29.8s
[Parallel(n_jobs=6)]: Done  14 tasks      | elapsed:   30.3s
[Parallel(n_jobs=6)]: Done  15 tasks      | elapsed:   31.9s
[Parallel(n_jobs=6)]: Done  16 tasks      | elapsed:   32.0s
[Parallel(n_jobs=6)]: Done  17 tasks      | elapsed:   38.0s
[Parallel(n_jobs=6)]: Done  18 tasks      | elapsed:   38.1s
[Parallel(n_jobs=6)]: Done  19 tasks      | elapsed:   39.2s
[Parallel(n_jobs=6)]: Done  20 tasks      | elapsed:   39.8s
[Parallel(n_jobs=6)]: Done  21 tasks      | elapsed:   47.5s
[Parallel(n_jobs=6)]: Done  22 tasks      | elapsed:   47.7s
[Parallel(n_jobs=6)]: Done  23 tasks      | elapsed:   48.6s
[Parallel(n_jobs=6)]: Done  24 tasks      | elapsed:   49.1s
[Parallel(n_jobs=6)]: Done  25 tasks      | elapsed:   49.1s
[Parallel(n_jobs=6)]: Done  26 tasks      | elapsed:   49.4s
[Parallel(n_jobs=6)]: Done  27 tasks      | elapsed:   56.9s
[Parallel(n_jobs=6)]: Done  28 tasks      | elapsed:   57.1s
[Parallel(n_jobs=6)]: Done  29 tasks      | elapsed:   58.0s
[Parallel(n_jobs=6)]: Done  30 tasks      | elapsed:   59.0s
[Parallel(n_jobs=6)]: Done  31 tasks      | elapsed:  1.1min
[Parallel(n_jobs=6)]: Done  32 tasks      | elapsed:  1.1min
[Parallel(n_jobs=6)]: Done  33 tasks      | elapsed:  1.1min
[Parallel(n_jobs=6)]: Done  34 tasks      | elapsed:  1.1min
[Parallel(n_jobs=6)]: Done  35 tasks      | elapsed:  1.1min
[Parallel(n_jobs=6)]: Done  36 tasks      | elapsed:  1.1min
[Parallel(n_jobs=6)]: Done  37 tasks      | elapsed:  1.3min
[Parallel(n_jobs=6)]: Done  38 tasks      | elapsed:  1.3min
[Parallel(n_jobs=6)]: Done  39 tasks      | elapsed:  1.3min
[Parallel(n_jobs=6)]: Done  40 tasks      | elapsed:  1.3min
[Parallel(n_jobs=6)]: Done  41 tasks      | elapsed:  1.4min
[Parallel(n_jobs=6)]: Done  42 tasks      | elapsed:  1.4min
[Parallel(n_jobs=6)]: Done  43 tasks      | elapsed:  1.4min
[Parallel(n_jobs=6)]: Done  44 tasks      | elapsed:  1.4min
[Parallel(n_jobs=6)]: Done  45 tasks      | elapsed:  1.4min
[Parallel(n_jobs=6)]: Done  46 tasks      | elapsed:  1.5min
[Parallel(n_jobs=6)]: Done  47 tasks      | elapsed:  1.6min
[Parallel(n_jobs=6)]: Done  48 tasks      | elapsed:  1.6min
[Parallel(n_jobs=6)]: Done  49 tasks      | elapsed:  1.6min
[Parallel(n_jobs=6)]: Done  50 tasks      | elapsed:  1.6min
[Parallel(n_jobs=6)]: Done  51 tasks      | elapsed:  1.7min
[Parallel(n_jobs=6)]: Done  52 tasks      | elapsed:  1.7min
[Parallel(n_jobs=6)]: Done  53 tasks      | elapsed:  1.7min
[Parallel(n_jobs=6)]: Done  54 tasks      | elapsed:  1.7min
[Parallel(n_jobs=6)]: Done  55 tasks      | elapsed:  1.7min
[Parallel(n_jobs=6)]: Done  56 tasks      | elapsed:  1.8min
[Parallel(n_jobs=6)]: Done  57 tasks      | elapsed:  1.9min
[Parallel(n_jobs=6)]: Done  58 tasks      | elapsed:  1.9min
[Parallel(n_jobs=6)]: Done  59 tasks      | elapsed:  1.9min
[Parallel(n_jobs=6)]: Done  60 tasks      | elapsed:  1.9min
[Parallel(n_jobs=6)]: Done  61 tasks      | elapsed:  2.0min
[Parallel(n_jobs=6)]: Done  62 tasks      | elapsed:  2.0min
[Parallel(n_jobs=6)]: Done  63 tasks      | elapsed:  2.1min
[Parallel(n_jobs=6)]: Done  64 tasks      | elapsed:  2.1min
[Parallel(n_jobs=6)]: Done  65 tasks      | elapsed:  2.1min
[Parallel(n_jobs=6)]: Done  66 tasks      | elapsed:  2.1min
[Parallel(n_jobs=6)]: Done  67 tasks      | elapsed:  2.2min
[Parallel(n_jobs=6)]: Done  68 tasks      | elapsed:  2.2min
[Parallel(n_jobs=6)]: Done  69 tasks      | elapsed:  2.2min
[Parallel(n_jobs=6)]: Done  70 tasks      | elapsed:  2.3min
[Parallel(n_jobs=6)]: Done  71 tasks      | elapsed:  2.3min
[Parallel(n_jobs=6)]: Done  72 tasks      | elapsed:  2.3min
[Parallel(n_jobs=6)]: Done  73 tasks      | elapsed:  2.4min
[Parallel(n_jobs=6)]: Done  74 tasks      | elapsed:  2.4min
[Parallel(n_jobs=6)]: Done  75 tasks      | elapsed:  2.4min
[Parallel(n_jobs=6)]: Done  76 tasks      | elapsed:  2.4min
[Parallel(n_jobs=6)]: Done  77 tasks      | elapsed:  2.5min
[Parallel(n_jobs=6)]: Done  78 tasks      | elapsed:  2.5min
[Parallel(n_jobs=6)]: Done  79 tasks      | elapsed:  2.5min
[Parallel(n_jobs=6)]: Done  80 tasks      | elapsed:  2.5min
[Parallel(n_jobs=6)]: Done  81 tasks      | elapsed:  2.5min
[Parallel(n_jobs=6)]: Done  82 tasks      | elapsed:  2.6min
[Parallel(n_jobs=6)]: Done  83 tasks      | elapsed:  2.7min
[Parallel(n_jobs=6)]: Done  84 tasks      | elapsed:  2.7min
[Parallel(n_jobs=6)]: Done  85 tasks      | elapsed:  2.7min
[Parallel(n_jobs=6)]: Done  86 tasks      | elapsed:  2.7min
[Parallel(n_jobs=6)]: Done  87 tasks      | elapsed:  2.8min
[Parallel(n_jobs=6)]: Done  88 tasks      | elapsed:  2.8min
[Parallel(n_jobs=6)]: Done  89 tasks      | elapsed:  2.8min
[Parallel(n_jobs=6)]: Done  90 tasks      | elapsed:  2.8min
[Parallel(n_jobs=6)]: Done  91 tasks      | elapsed:  2.8min
[Parallel(n_jobs=6)]: Done  92 tasks      | elapsed:  2.9min
[Parallel(n_jobs=6)]: Done  93 tasks      | elapsed:  3.0min
[Parallel(n_jobs=6)]: Done  94 tasks      | elapsed:  3.0min
[Parallel(n_jobs=6)]: Done  95 tasks      | elapsed:  3.0min
[Parallel(n_jobs=6)]: Done  96 tasks      | elapsed:  3.1min
[Parallel(n_jobs=6)]: Done  97 tasks      | elapsed:  3.1min
[Parallel(n_jobs=6)]: Done  98 tasks      | elapsed:  3.1min
[Parallel(n_jobs=6)]: Done  99 tasks      | elapsed:  3.2min
[Parallel(n_jobs=6)]: Done 100 tasks      | elapsed:  3.2min
[Parallel(n_jobs=6)]: Done 101 tasks      | elapsed:  3.2min
[Parallel(n_jobs=6)]: Done 102 tasks      | elapsed:  3.2min
[Parallel(n_jobs=6)]: Done 103 tasks      | elapsed:  3.3min
[Parallel(n_jobs=6)]: Done 104 tasks      | elapsed:  3.3min
[Parallel(n_jobs=6)]: Done 105 tasks      | elapsed:  3.3min
[Parallel(n_jobs=6)]: Done 106 tasks      | elapsed:  3.4min
[Parallel(n_jobs=6)]: Done 107 tasks      | elapsed:  3.4min
[Parallel(n_jobs=6)]: Done 108 tasks      | elapsed:  3.4min
[Parallel(n_jobs=6)]: Done 109 tasks      | elapsed:  3.5min
[Parallel(n_jobs=6)]: Done 110 tasks      | elapsed:  3.5min
[Parallel(n_jobs=6)]: Done 111 tasks      | elapsed:  3.5min
[Parallel(n_jobs=6)]: Done 112 tasks      | elapsed:  3.5min
[Parallel(n_jobs=6)]: Done 113 tasks      | elapsed:  3.6min
[Parallel(n_jobs=6)]: Done 114 tasks      | elapsed:  3.6min
[Parallel(n_jobs=6)]: Done 115 tasks      | elapsed:  3.6min
[Parallel(n_jobs=6)]: Done 116 tasks      | elapsed:  3.7min
[Parallel(n_jobs=6)]: Done 117 tasks      | elapsed:  3.7min
[Parallel(n_jobs=6)]: Done 118 tasks      | elapsed:  3.7min
[Parallel(n_jobs=6)]: Done 119 tasks      | elapsed:  3.8min
[Parallel(n_jobs=6)]: Done 120 tasks      | elapsed:  3.8min
[Parallel(n_jobs=6)]: Done 121 tasks      | elapsed:  3.8min
[Parallel(n_jobs=6)]: Done 122 tasks      | elapsed:  3.9min
[Parallel(n_jobs=6)]: Done 123 tasks      | elapsed:  3.9min
[Parallel(n_jobs=6)]: Done 124 tasks      | elapsed:  3.9min
[Parallel(n_jobs=6)]: Done 125 tasks      | elapsed:  4.0min
[Parallel(n_jobs=6)]: Done 126 tasks      | elapsed:  4.0min
[Parallel(n_jobs=6)]: Done 127 tasks      | elapsed:  4.0min
[Parallel(n_jobs=6)]: Done 128 tasks      | elapsed:  4.0min
[Parallel(n_jobs=6)]: Done 129 tasks      | elapsed:  4.1min
[Parallel(n_jobs=6)]: Done 130 tasks      | elapsed:  4.1min
[Parallel(n_jobs=6)]: Done 131 tasks      | elapsed:  4.1min
[Parallel(n_jobs=6)]: Done 132 tasks      | elapsed:  4.2min
[Parallel(n_jobs=6)]: Done 133 tasks      | elapsed:  4.2min
[Parallel(n_jobs=6)]: Done 134 tasks      | elapsed:  4.2min
[Parallel(n_jobs=6)]: Done 135 tasks      | elapsed:  4.3min
[Parallel(n_jobs=6)]: Done 136 tasks      | elapsed:  4.3min
[Parallel(n_jobs=6)]: Done 137 tasks      | elapsed:  4.3min
[Parallel(n_jobs=6)]: Done 138 tasks      | elapsed:  4.3min
[Parallel(n_jobs=6)]: Done 139 tasks      | elapsed:  4.4min
[Parallel(n_jobs=6)]: Done 140 tasks      | elapsed:  4.4min
[Parallel(n_jobs=6)]: Done 141 tasks      | elapsed:  4.4min
[Parallel(n_jobs=6)]: Done 142 tasks      | elapsed:  4.5min
[Parallel(n_jobs=6)]: Done 143 tasks      | elapsed:  4.5min
[Parallel(n_jobs=6)]: Done 144 tasks      | elapsed:  4.5min
[Parallel(n_jobs=6)]: Done 145 tasks      | elapsed:  4.6min
[Parallel(n_jobs=6)]: Done 146 tasks      | elapsed:  4.6min
[Parallel(n_jobs=6)]: Done 147 tasks      | elapsed:  4.6min
[Parallel(n_jobs=6)]: Done 148 tasks      | elapsed:  4.6min
[Parallel(n_jobs=6)]: Done 149 tasks      | elapsed:  4.7min
[Parallel(n_jobs=6)]: Done 150 tasks      | elapsed:  4.7min
[Parallel(n_jobs=6)]: Done 151 tasks      | elapsed:  4.7min
[Parallel(n_jobs=6)]: Done 152 tasks      | elapsed:  4.8min
[Parallel(n_jobs=6)]: Done 153 tasks      | elapsed:  4.8min
[Parallel(n_jobs=6)]: Done 154 tasks      | elapsed:  4.8min
[Parallel(n_jobs=6)]: Done 155 tasks      | elapsed:  4.9min
[Parallel(n_jobs=6)]: Done 156 tasks      | elapsed:  4.9min
[Parallel(n_jobs=6)]: Done 157 tasks      | elapsed:  4.9min
[Parallel(n_jobs=6)]: Done 158 tasks      | elapsed:  4.9min
[Parallel(n_jobs=6)]: Done 159 tasks      | elapsed:  5.0min
[Parallel(n_jobs=6)]: Done 160 tasks      | elapsed:  5.0min
[Parallel(n_jobs=6)]: Done 161 tasks      | elapsed:  5.1min
[Parallel(n_jobs=6)]: Done 162 tasks      | elapsed:  5.1min
[Parallel(n_jobs=6)]: Done 163 tasks      | elapsed:  5.2min
[Parallel(n_jobs=6)]: Done 164 tasks      | elapsed:  5.2min
[Parallel(n_jobs=6)]: Done 165 tasks      | elapsed:  5.2min
[Parallel(n_jobs=6)]: Done 166 tasks      | elapsed:  5.2min
[Parallel(n_jobs=6)]: Done 167 tasks      | elapsed:  5.2min
[Parallel(n_jobs=6)]: Done 168 tasks      | elapsed:  5.3min
[Parallel(n_jobs=6)]: Done 169 tasks      | elapsed:  5.3min
[Parallel(n_jobs=6)]: Done 170 tasks      | elapsed:  5.3min
[Parallel(n_jobs=6)]: Done 171 tasks      | elapsed:  5.4min
[Parallel(n_jobs=6)]: Done 172 tasks      | elapsed:  5.4min
[Parallel(n_jobs=6)]: Done 173 tasks      | elapsed:  5.5min
[Parallel(n_jobs=6)]: Done 174 tasks      | elapsed:  5.5min
[Parallel(n_jobs=6)]: Done 175 tasks      | elapsed:  5.5min
[Parallel(n_jobs=6)]: Done 176 tasks      | elapsed:  5.5min
[Parallel(n_jobs=6)]: Done 177 tasks      | elapsed:  5.5min
[Parallel(n_jobs=6)]: Done 178 tasks      | elapsed:  5.6min
[Parallel(n_jobs=6)]: Done 179 tasks      | elapsed:  5.6min
[Parallel(n_jobs=6)]: Done 180 tasks      | elapsed:  5.6min
[Parallel(n_jobs=6)]: Done 181 tasks      | elapsed:  5.7min
[Parallel(n_jobs=6)]: Done 182 tasks      | elapsed:  5.7min
[Parallel(n_jobs=6)]: Done 183 tasks      | elapsed:  5.8min
[Parallel(n_jobs=6)]: Done 184 tasks      | elapsed:  5.8min
[Parallel(n_jobs=6)]: Done 185 tasks      | elapsed:  5.8min
[Parallel(n_jobs=6)]: Done 186 tasks      | elapsed:  5.8min
[Parallel(n_jobs=6)]: Done 187 tasks      | elapsed:  5.9min
[Parallel(n_jobs=6)]: Done 188 tasks      | elapsed:  5.9min
[Parallel(n_jobs=6)]: Done 189 tasks      | elapsed:  5.9min
[Parallel(n_jobs=6)]: Done 190 tasks      | elapsed:  6.0min
[Parallel(n_jobs=6)]: Done 191 tasks      | elapsed:  6.0min
[Parallel(n_jobs=6)]: Done 192 tasks      | elapsed:  6.0min
[Parallel(n_jobs=6)]: Done 193 tasks      | elapsed:  6.1min
[Parallel(n_jobs=6)]: Done 194 tasks      | elapsed:  6.1min
[Parallel(n_jobs=6)]: Done 195 tasks      | elapsed:  6.1min
[Parallel(n_jobs=6)]: Done 196 tasks      | elapsed:  6.1min
[Parallel(n_jobs=6)]: Done 197 tasks      | elapsed:  6.2min
[Parallel(n_jobs=6)]: Done 198 tasks      | elapsed:  6.2min
[Parallel(n_jobs=6)]: Done 199 tasks      | elapsed:  6.3min
[Parallel(n_jobs=6)]: Done 200 tasks      | elapsed:  6.3min
[Parallel(n_jobs=6)]: Done 201 tasks      | elapsed:  6.3min
[Parallel(n_jobs=6)]: Done 202 tasks      | elapsed:  6.3min
[Parallel(n_jobs=6)]: Done 203 tasks      | elapsed:  6.3min
[Parallel(n_jobs=6)]: Done 204 tasks      | elapsed:  6.4min
[Parallel(n_jobs=6)]: Done 205 tasks      | elapsed:  6.4min
[Parallel(n_jobs=6)]: Done 206 tasks      | elapsed:  6.4min
[Parallel(n_jobs=6)]: Done 207 tasks      | elapsed:  6.5min
[Parallel(n_jobs=6)]: Done 208 tasks      | elapsed:  6.5min
[Parallel(n_jobs=6)]: Done 209 tasks      | elapsed:  6.6min
[Parallel(n_jobs=6)]: Done 210 tasks      | elapsed:  6.6min
[Parallel(n_jobs=6)]: Done 211 tasks      | elapsed:  6.6min
[Parallel(n_jobs=6)]: Done 212 tasks      | elapsed:  6.6min
[Parallel(n_jobs=6)]: Done 213 tasks      | elapsed:  6.6min
[Parallel(n_jobs=6)]: Done 214 tasks      | elapsed:  6.7min
[Parallel(n_jobs=6)]: Done 215 tasks      | elapsed:  6.7min
[Parallel(n_jobs=6)]: Done 216 tasks      | elapsed:  6.8min
[Parallel(n_jobs=6)]: Done 217 tasks      | elapsed:  6.8min
[Parallel(n_jobs=6)]: Done 218 tasks      | elapsed:  6.8min
[Parallel(n_jobs=6)]: Done 219 tasks      | elapsed:  6.9min
[Parallel(n_jobs=6)]: Done 220 tasks      | elapsed:  6.9min
[Parallel(n_jobs=6)]: Done 221 tasks      | elapsed:  6.9min
[Parallel(n_jobs=6)]: Done 222 tasks      | elapsed:  6.9min
[Parallel(n_jobs=6)]: Done 223 tasks      | elapsed:  7.0min
[Parallel(n_jobs=6)]: Done 224 tasks      | elapsed:  7.0min
[Parallel(n_jobs=6)]: Done 225 tasks      | elapsed:  7.0min
[Parallel(n_jobs=6)]: Done 226 tasks      | elapsed:  7.1min
[Parallel(n_jobs=6)]: Done 227 tasks      | elapsed:  7.1min
[Parallel(n_jobs=6)]: Done 228 tasks      | elapsed:  7.1min
[Parallel(n_jobs=6)]: Done 229 tasks      | elapsed:  7.2min
[Parallel(n_jobs=6)]: Done 230 tasks      | elapsed:  7.2min
[Parallel(n_jobs=6)]: Done 231 tasks      | elapsed:  7.2min
[Parallel(n_jobs=6)]: Done 238 out of 242 | elapsed:  7.5min remaining:    7.5s
[Parallel(n_jobs=6)]: Done 242 out of 242 | elapsed:  7.6min finished
