Extension for Scikit-learn* enabled (https://github.com/uxlfoundation/scikit-learn-intelex)
[Parallel(n_jobs=-1)]: Using backend LokyBackend with 10 concurrent workers.
Extension for Scikit-learn* enabled (https://github.com/uxlfoundation/scikit-learn-intelex)
Extension for Scikit-learn* enabled (https://github.com/uxlfoundation/scikit-learn-intelex)
Extension for Scikit-learn* enabled (https://github.com/uxlfoundation/scikit-learn-intelex)
Extension for Scikit-learn* enabled (https://github.com/uxlfoundation/scikit-learn-intelex)
Extension for Scikit-learn* enabled (https://github.com/uxlfoundation/scikit-learn-intelex)
Extension for Scikit-learn* enabled (https://github.com/uxlfoundation/scikit-learn-intelex)
Extension for Scikit-learn* enabled (https://github.com/uxlfoundation/scikit-learn-intelex)
Extension for Scikit-learn* enabled (https://github.com/uxlfoundation/scikit-learn-intelex)
Extension for Scikit-learn* enabled (https://github.com/uxlfoundation/scikit-learn-intelex)
Extension for Scikit-learn* enabled (https://github.com/uxlfoundation/scikit-learn-intelex)
[Parallel(n_jobs=-1)]: Done   3 out of  10 | elapsed: 120.4min remaining: 281.0min
[Parallel(n_jobs=-1)]: Done   5 out of  10 | elapsed: 120.6min remaining: 120.6min
[Parallel(n_jobs=-1)]: Done   7 out of  10 | elapsed: 120.7min remaining: 51.7min
[Parallel(n_jobs=-1)]: Done  10 out of  10 | elapsed: 121.3min finished
The PostScript backend does not support transparency; partially transparent artists will be rendered opaque.
The PostScript backend does not support transparency; partially transparent artists will be rendered opaque.
The PostScript backend does not support transparency; partially transparent artists will be rendered opaque.
The PostScript backend does not support transparency; partially transparent artists will be rendered opaque.
