/hpc/home/etb28/coganlab/etb28/GlobalLocal/src/analysis/utils/general_utils.py:451: RuntimeWarning: Concatenation of Annotations within Epochs is not supported yet. All annotations will be dropped.
  event_epochs = mne.concatenate_epochs(combined_epochs_list)
/hpc/home/etb28/coganlab/etb28/GlobalLocal/src/analysis/utils/general_utils.py:451: RuntimeWarning: Concatenation of Annotations within Epochs is not supported yet. All annotations will be dropped.
  event_epochs = mne.concatenate_epochs(combined_epochs_list)
/hpc/home/etb28/coganlab/etb28/GlobalLocal/src/analysis/utils/general_utils.py:451: RuntimeWarning: Concatenation of Annotations within Epochs is not supported yet. All annotations will be dropped.
  event_epochs = mne.concatenate_epochs(combined_epochs_list)
/hpc/home/etb28/coganlab/etb28/GlobalLocal/src/analysis/utils/general_utils.py:451: RuntimeWarning: Concatenation of Annotations within Epochs is not supported yet. All annotations will be dropped.
  event_epochs = mne.concatenate_epochs(combined_epochs_list)
/hpc/home/etb28/coganlab/etb28/GlobalLocal/src/analysis/utils/general_utils.py:451: RuntimeWarning: Concatenation of Annotations within Epochs is not supported yet. All annotations will be dropped.
  event_epochs = mne.concatenate_epochs(combined_epochs_list)
/hpc/home/etb28/coganlab/etb28/GlobalLocal/src/analysis/utils/general_utils.py:451: RuntimeWarning: Concatenation of Annotations within Epochs is not supported yet. All annotations will be dropped.
  event_epochs = mne.concatenate_epochs(combined_epochs_list)
/hpc/home/etb28/coganlab/etb28/GlobalLocal/src/analysis/utils/general_utils.py:451: RuntimeWarning: Concatenation of Annotations within Epochs is not supported yet. All annotations will be dropped.
  event_epochs = mne.concatenate_epochs(combined_epochs_list)
/hpc/home/etb28/coganlab/etb28/GlobalLocal/src/analysis/utils/general_utils.py:451: RuntimeWarning: Concatenation of Annotations within Epochs is not supported yet. All annotations will be dropped.
  event_epochs = mne.concatenate_epochs(combined_epochs_list)
/hpc/home/etb28/coganlab/etb28/GlobalLocal/src/analysis/utils/general_utils.py:451: RuntimeWarning: Concatenation of Annotations within Epochs is not supported yet. All annotations will be dropped.
  event_epochs = mne.concatenate_epochs(combined_epochs_list)
/hpc/home/etb28/coganlab/etb28/GlobalLocal/src/analysis/utils/general_utils.py:451: RuntimeWarning: Concatenation of Annotations within Epochs is not supported yet. All annotations will be dropped.
  event_epochs = mne.concatenate_epochs(combined_epochs_list)
/hpc/home/etb28/coganlab/etb28/GlobalLocal/src/analysis/utils/general_utils.py:451: RuntimeWarning: Concatenation of Annotations within Epochs is not supported yet. All annotations will be dropped.
  event_epochs = mne.concatenate_epochs(combined_epochs_list)
/hpc/home/etb28/coganlab/etb28/GlobalLocal/src/analysis/utils/general_utils.py:451: RuntimeWarning: Concatenation of Annotations within Epochs is not supported yet. All annotations will be dropped.
  event_epochs = mne.concatenate_epochs(combined_epochs_list)
/hpc/home/etb28/coganlab/etb28/GlobalLocal/src/analysis/utils/general_utils.py:451: RuntimeWarning: Concatenation of Annotations within Epochs is not supported yet. All annotations will be dropped.
  event_epochs = mne.concatenate_epochs(combined_epochs_list)
/hpc/home/etb28/coganlab/etb28/GlobalLocal/src/analysis/utils/general_utils.py:451: RuntimeWarning: Concatenation of Annotations within Epochs is not supported yet. All annotations will be dropped.
  event_epochs = mne.concatenate_epochs(combined_epochs_list)
/hpc/home/etb28/coganlab/etb28/GlobalLocal/src/analysis/utils/general_utils.py:451: RuntimeWarning: Concatenation of Annotations within Epochs is not supported yet. All annotations will be dropped.
  event_epochs = mne.concatenate_epochs(combined_epochs_list)
/hpc/home/etb28/coganlab/etb28/GlobalLocal/src/analysis/utils/general_utils.py:451: RuntimeWarning: Concatenation of Annotations within Epochs is not supported yet. All annotations will be dropped.
  event_epochs = mne.concatenate_epochs(combined_epochs_list)
/hpc/home/etb28/coganlab/etb28/GlobalLocal/src/analysis/utils/general_utils.py:451: RuntimeWarning: Concatenation of Annotations within Epochs is not supported yet. All annotations will be dropped.
  event_epochs = mne.concatenate_epochs(combined_epochs_list)
/hpc/home/etb28/coganlab/etb28/GlobalLocal/src/analysis/utils/general_utils.py:451: RuntimeWarning: Concatenation of Annotations within Epochs is not supported yet. All annotations will be dropped.
  event_epochs = mne.concatenate_epochs(combined_epochs_list)
/hpc/home/etb28/coganlab/etb28/GlobalLocal/src/analysis/utils/general_utils.py:451: RuntimeWarning: Concatenation of Annotations within Epochs is not supported yet. All annotations will be dropped.
  event_epochs = mne.concatenate_epochs(combined_epochs_list)
/hpc/home/etb28/coganlab/etb28/GlobalLocal/src/analysis/utils/general_utils.py:451: RuntimeWarning: Concatenation of Annotations within Epochs is not supported yet. All annotations will be dropped.
  event_epochs = mne.concatenate_epochs(combined_epochs_list)
/hpc/home/etb28/coganlab/etb28/GlobalLocal/src/analysis/utils/general_utils.py:451: RuntimeWarning: Concatenation of Annotations within Epochs is not supported yet. All annotations will be dropped.
  event_epochs = mne.concatenate_epochs(combined_epochs_list)
/hpc/home/etb28/coganlab/etb28/GlobalLocal/src/analysis/utils/general_utils.py:451: RuntimeWarning: Concatenation of Annotations within Epochs is not supported yet. All annotations will be dropped.
  event_epochs = mne.concatenate_epochs(combined_epochs_list)
/hpc/home/etb28/coganlab/etb28/GlobalLocal/src/analysis/utils/general_utils.py:451: RuntimeWarning: Concatenation of Annotations within Epochs is not supported yet. All annotations will be dropped.
  event_epochs = mne.concatenate_epochs(combined_epochs_list)
/hpc/home/etb28/coganlab/etb28/GlobalLocal/src/analysis/utils/general_utils.py:451: RuntimeWarning: Concatenation of Annotations within Epochs is not supported yet. All annotations will be dropped.
  event_epochs = mne.concatenate_epochs(combined_epochs_list)
/hpc/home/etb28/coganlab/etb28/GlobalLocal/src/analysis/utils/general_utils.py:451: RuntimeWarning: Concatenation of Annotations within Epochs is not supported yet. All annotations will be dropped.
  event_epochs = mne.concatenate_epochs(combined_epochs_list)
/hpc/home/etb28/coganlab/etb28/GlobalLocal/src/analysis/utils/general_utils.py:451: RuntimeWarning: Concatenation of Annotations within Epochs is not supported yet. All annotations will be dropped.
  event_epochs = mne.concatenate_epochs(combined_epochs_list)
/hpc/home/etb28/coganlab/etb28/GlobalLocal/src/analysis/utils/general_utils.py:451: RuntimeWarning: Concatenation of Annotations within Epochs is not supported yet. All annotations will be dropped.
  event_epochs = mne.concatenate_epochs(combined_epochs_list)
/hpc/home/etb28/coganlab/etb28/GlobalLocal/src/analysis/utils/general_utils.py:451: RuntimeWarning: Concatenation of Annotations within Epochs is not supported yet. All annotations will be dropped.
  event_epochs = mne.concatenate_epochs(combined_epochs_list)
/hpc/home/etb28/coganlab/etb28/GlobalLocal/src/analysis/utils/general_utils.py:451: RuntimeWarning: Concatenation of Annotations within Epochs is not supported yet. All annotations will be dropped.
  event_epochs = mne.concatenate_epochs(combined_epochs_list)
/hpc/home/etb28/coganlab/etb28/GlobalLocal/src/analysis/utils/general_utils.py:451: RuntimeWarning: Concatenation of Annotations within Epochs is not supported yet. All annotations will be dropped.
  event_epochs = mne.concatenate_epochs(combined_epochs_list)
/hpc/home/etb28/coganlab/etb28/GlobalLocal/src/analysis/utils/general_utils.py:451: RuntimeWarning: Concatenation of Annotations within Epochs is not supported yet. All annotations will be dropped.
  event_epochs = mne.concatenate_epochs(combined_epochs_list)
/hpc/home/etb28/coganlab/etb28/GlobalLocal/src/analysis/utils/general_utils.py:451: RuntimeWarning: Concatenation of Annotations within Epochs is not supported yet. All annotations will be dropped.
  event_epochs = mne.concatenate_epochs(combined_epochs_list)
/hpc/home/etb28/coganlab/etb28/GlobalLocal/src/analysis/utils/general_utils.py:451: RuntimeWarning: Concatenation of Annotations within Epochs is not supported yet. All annotations will be dropped.
  event_epochs = mne.concatenate_epochs(combined_epochs_list)
/hpc/home/etb28/coganlab/etb28/GlobalLocal/src/analysis/utils/general_utils.py:451: RuntimeWarning: Concatenation of Annotations within Epochs is not supported yet. All annotations will be dropped.
  event_epochs = mne.concatenate_epochs(combined_epochs_list)
/hpc/home/etb28/coganlab/etb28/GlobalLocal/src/analysis/utils/general_utils.py:451: RuntimeWarning: Concatenation of Annotations within Epochs is not supported yet. All annotations will be dropped.
  event_epochs = mne.concatenate_epochs(combined_epochs_list)
/hpc/home/etb28/coganlab/etb28/GlobalLocal/src/analysis/utils/general_utils.py:451: RuntimeWarning: Concatenation of Annotations within Epochs is not supported yet. All annotations will be dropped.
  event_epochs = mne.concatenate_epochs(combined_epochs_list)
/hpc/home/etb28/coganlab/etb28/GlobalLocal/src/analysis/utils/general_utils.py:451: RuntimeWarning: Concatenation of Annotations within Epochs is not supported yet. All annotations will be dropped.
  event_epochs = mne.concatenate_epochs(combined_epochs_list)
/hpc/home/etb28/coganlab/etb28/GlobalLocal/src/analysis/utils/general_utils.py:451: RuntimeWarning: Concatenation of Annotations within Epochs is not supported yet. All annotations will be dropped.
  event_epochs = mne.concatenate_epochs(combined_epochs_list)
/hpc/home/etb28/coganlab/etb28/GlobalLocal/src/analysis/utils/general_utils.py:451: RuntimeWarning: Concatenation of Annotations within Epochs is not supported yet. All annotations will be dropped.
  event_epochs = mne.concatenate_epochs(combined_epochs_list)
/hpc/home/etb28/coganlab/etb28/GlobalLocal/src/analysis/utils/general_utils.py:451: RuntimeWarning: Concatenation of Annotations within Epochs is not supported yet. All annotations will be dropped.
  event_epochs = mne.concatenate_epochs(combined_epochs_list)
/hpc/home/etb28/coganlab/etb28/GlobalLocal/src/analysis/utils/general_utils.py:451: RuntimeWarning: Concatenation of Annotations within Epochs is not supported yet. All annotations will be dropped.
  event_epochs = mne.concatenate_epochs(combined_epochs_list)
/hpc/home/etb28/coganlab/etb28/GlobalLocal/src/analysis/utils/general_utils.py:451: RuntimeWarning: Concatenation of Annotations within Epochs is not supported yet. All annotations will be dropped.
  event_epochs = mne.concatenate_epochs(combined_epochs_list)
/hpc/home/etb28/coganlab/etb28/GlobalLocal/src/analysis/utils/general_utils.py:451: RuntimeWarning: Concatenation of Annotations within Epochs is not supported yet. All annotations will be dropped.
  event_epochs = mne.concatenate_epochs(combined_epochs_list)
/hpc/home/etb28/coganlab/etb28/GlobalLocal/src/analysis/utils/general_utils.py:451: RuntimeWarning: Concatenation of Annotations within Epochs is not supported yet. All annotations will be dropped.
  event_epochs = mne.concatenate_epochs(combined_epochs_list)
/hpc/home/etb28/coganlab/etb28/GlobalLocal/src/analysis/utils/general_utils.py:451: RuntimeWarning: Concatenation of Annotations within Epochs is not supported yet. All annotations will be dropped.
  event_epochs = mne.concatenate_epochs(combined_epochs_list)
/hpc/home/etb28/coganlab/etb28/GlobalLocal/src/analysis/utils/general_utils.py:451: RuntimeWarning: Concatenation of Annotations within Epochs is not supported yet. All annotations will be dropped.
  event_epochs = mne.concatenate_epochs(combined_epochs_list)
/hpc/home/etb28/coganlab/etb28/GlobalLocal/src/analysis/utils/general_utils.py:451: RuntimeWarning: Concatenation of Annotations within Epochs is not supported yet. All annotations will be dropped.
  event_epochs = mne.concatenate_epochs(combined_epochs_list)
/hpc/home/etb28/coganlab/etb28/GlobalLocal/src/analysis/utils/general_utils.py:451: RuntimeWarning: Concatenation of Annotations within Epochs is not supported yet. All annotations will be dropped.
  event_epochs = mne.concatenate_epochs(combined_epochs_list)
/hpc/home/etb28/coganlab/etb28/GlobalLocal/src/analysis/utils/general_utils.py:451: RuntimeWarning: Concatenation of Annotations within Epochs is not supported yet. All annotations will be dropped.
  event_epochs = mne.concatenate_epochs(combined_epochs_list)
/hpc/home/etb28/coganlab/etb28/GlobalLocal/src/analysis/utils/general_utils.py:451: RuntimeWarning: Concatenation of Annotations within Epochs is not supported yet. All annotations will be dropped.
  event_epochs = mne.concatenate_epochs(combined_epochs_list)
/hpc/home/etb28/coganlab/etb28/GlobalLocal/src/analysis/utils/general_utils.py:451: RuntimeWarning: Concatenation of Annotations within Epochs is not supported yet. All annotations will be dropped.
  event_epochs = mne.concatenate_epochs(combined_epochs_list)
/hpc/home/etb28/coganlab/etb28/GlobalLocal/src/analysis/utils/general_utils.py:451: RuntimeWarning: Concatenation of Annotations within Epochs is not supported yet. All annotations will be dropped.
  event_epochs = mne.concatenate_epochs(combined_epochs_list)
/hpc/home/etb28/coganlab/etb28/GlobalLocal/src/analysis/utils/general_utils.py:451: RuntimeWarning: Concatenation of Annotations within Epochs is not supported yet. All annotations will be dropped.
  event_epochs = mne.concatenate_epochs(combined_epochs_list)
/hpc/home/etb28/coganlab/etb28/GlobalLocal/src/analysis/utils/general_utils.py:451: RuntimeWarning: Concatenation of Annotations within Epochs is not supported yet. All annotations will be dropped.
  event_epochs = mne.concatenate_epochs(combined_epochs_list)
/hpc/home/etb28/coganlab/etb28/GlobalLocal/src/analysis/utils/general_utils.py:451: RuntimeWarning: Concatenation of Annotations within Epochs is not supported yet. All annotations will be dropped.
  event_epochs = mne.concatenate_epochs(combined_epochs_list)
/hpc/home/etb28/coganlab/etb28/GlobalLocal/src/analysis/utils/general_utils.py:451: RuntimeWarning: Concatenation of Annotations within Epochs is not supported yet. All annotations will be dropped.
  event_epochs = mne.concatenate_epochs(combined_epochs_list)
/hpc/home/etb28/coganlab/etb28/GlobalLocal/src/analysis/utils/general_utils.py:451: RuntimeWarning: Concatenation of Annotations within Epochs is not supported yet. All annotations will be dropped.
  event_epochs = mne.concatenate_epochs(combined_epochs_list)
/hpc/home/etb28/coganlab/etb28/GlobalLocal/src/analysis/utils/general_utils.py:451: RuntimeWarning: Concatenation of Annotations within Epochs is not supported yet. All annotations will be dropped.
  event_epochs = mne.concatenate_epochs(combined_epochs_list)
/hpc/home/etb28/coganlab/etb28/GlobalLocal/src/analysis/utils/general_utils.py:451: RuntimeWarning: Concatenation of Annotations within Epochs is not supported yet. All annotations will be dropped.
  event_epochs = mne.concatenate_epochs(combined_epochs_list)
/hpc/home/etb28/coganlab/etb28/GlobalLocal/src/analysis/utils/general_utils.py:451: RuntimeWarning: Concatenation of Annotations within Epochs is not supported yet. All annotations will be dropped.
  event_epochs = mne.concatenate_epochs(combined_epochs_list)
/hpc/home/etb28/coganlab/etb28/GlobalLocal/src/analysis/utils/general_utils.py:451: RuntimeWarning: Concatenation of Annotations within Epochs is not supported yet. All annotations will be dropped.
  event_epochs = mne.concatenate_epochs(combined_epochs_list)
/hpc/home/etb28/coganlab/etb28/GlobalLocal/src/analysis/utils/general_utils.py:451: RuntimeWarning: Concatenation of Annotations within Epochs is not supported yet. All annotations will be dropped.
  event_epochs = mne.concatenate_epochs(combined_epochs_list)
/hpc/home/etb28/coganlab/etb28/GlobalLocal/src/analysis/utils/general_utils.py:451: RuntimeWarning: Concatenation of Annotations within Epochs is not supported yet. All annotations will be dropped.
  event_epochs = mne.concatenate_epochs(combined_epochs_list)
/hpc/home/etb28/coganlab/etb28/GlobalLocal/src/analysis/utils/general_utils.py:451: RuntimeWarning: Concatenation of Annotations within Epochs is not supported yet. All annotations will be dropped.
  event_epochs = mne.concatenate_epochs(combined_epochs_list)
/hpc/home/etb28/coganlab/etb28/GlobalLocal/src/analysis/utils/general_utils.py:451: RuntimeWarning: Concatenation of Annotations within Epochs is not supported yet. All annotations will be dropped.
  event_epochs = mne.concatenate_epochs(combined_epochs_list)
/hpc/home/etb28/coganlab/etb28/GlobalLocal/src/analysis/utils/general_utils.py:451: RuntimeWarning: Concatenation of Annotations within Epochs is not supported yet. All annotations will be dropped.
  event_epochs = mne.concatenate_epochs(combined_epochs_list)
/hpc/home/etb28/coganlab/etb28/GlobalLocal/src/analysis/utils/general_utils.py:451: RuntimeWarning: Concatenation of Annotations within Epochs is not supported yet. All annotations will be dropped.
  event_epochs = mne.concatenate_epochs(combined_epochs_list)
/hpc/home/etb28/coganlab/etb28/GlobalLocal/src/analysis/utils/general_utils.py:451: RuntimeWarning: Concatenation of Annotations within Epochs is not supported yet. All annotations will be dropped.
  event_epochs = mne.concatenate_epochs(combined_epochs_list)
/hpc/home/etb28/coganlab/etb28/GlobalLocal/src/analysis/utils/general_utils.py:451: RuntimeWarning: Concatenation of Annotations within Epochs is not supported yet. All annotations will be dropped.
  event_epochs = mne.concatenate_epochs(combined_epochs_list)
/hpc/home/etb28/coganlab/etb28/GlobalLocal/src/analysis/utils/general_utils.py:451: RuntimeWarning: Concatenation of Annotations within Epochs is not supported yet. All annotations will be dropped.
  event_epochs = mne.concatenate_epochs(combined_epochs_list)
/hpc/home/etb28/coganlab/etb28/GlobalLocal/src/analysis/utils/general_utils.py:451: RuntimeWarning: Concatenation of Annotations within Epochs is not supported yet. All annotations will be dropped.
  event_epochs = mne.concatenate_epochs(combined_epochs_list)
/hpc/home/etb28/coganlab/etb28/GlobalLocal/src/analysis/utils/general_utils.py:451: RuntimeWarning: Concatenation of Annotations within Epochs is not supported yet. All annotations will be dropped.
  event_epochs = mne.concatenate_epochs(combined_epochs_list)
[Parallel(n_jobs=-1)]: Using backend LokyBackend with 20 concurrent workers.
joblib.externals.loky.process_executor._RemoteTraceback: 
"""
Traceback (most recent call last):
  File "/hpc/home/etb28/miniconda3/envs/ieeg/lib/python3.11/site-packages/joblib/externals/loky/process_executor.py", line 490, in _process_worker
    r = call_item()
        ^^^^^^^^^^^
  File "/hpc/home/etb28/miniconda3/envs/ieeg/lib/python3.11/site-packages/joblib/externals/loky/process_executor.py", line 291, in __call__
    return self.fn(*self.args, **self.kwargs)
           ^^^^^^^^^^^^^^^^^^^^^^^^^^^^^^^^^^
  File "/hpc/home/etb28/miniconda3/envs/ieeg/lib/python3.11/site-packages/joblib/parallel.py", line 607, in __call__
    return [func(*args, **kwargs) for func, args, kwargs in self.items]
           ^^^^^^^^^^^^^^^^^^^^^^^^^^^^^^^^^^^^^^^^^^^^^^^^^^^^^^^^^^^^
  File "/hpc/home/etb28/miniconda3/envs/ieeg/lib/python3.11/site-packages/joblib/parallel.py", line 607, in <listcomp>
    return [func(*args, **kwargs) for func, args, kwargs in self.items]
            ^^^^^^^^^^^^^^^^^^^^^
  File "/hpc/home/etb28/coganlab/etb28/GlobalLocal/src/analysis/decoding/process_bootstrap.py", line 94, in process_bootstrap
    roi_labeled_arrays_this_bootstrap_list = make_bootstrapped_roi_labeled_arrays_with_nan_trials_removed_for_each_channel(
                                             ^^^^^^^^^^^^^^^^^^^^^^^^^^^^^^^^^^^^^^^^^^^^^^^^^^^^^^^^^^^^^^^^^^^^^^^^^^^^^^
  File "/hpc/home/etb28/coganlab/etb28/GlobalLocal/src/analysis/utils/labeled_array_utils.py", line 937, in make_bootstrapped_roi_labeled_arrays_with_nan_trials_removed_for_each_channel
    results = Parallel(n_jobs=n_jobs)(
              ^^^^^^^^^^^^^^^^^^^^^^^^
  File "/hpc/home/etb28/miniconda3/envs/ieeg/lib/python3.11/site-packages/joblib/parallel.py", line 1986, in __call__
    return output if self.return_generator else list(output)
                                                ^^^^^^^^^^^^
  File "/hpc/home/etb28/miniconda3/envs/ieeg/lib/python3.11/site-packages/joblib/parallel.py", line 1914, in _get_sequential_output
    res = func(*args, **kwargs)
          ^^^^^^^^^^^^^^^^^^^^^
  File "/hpc/home/etb28/coganlab/etb28/GlobalLocal/src/analysis/utils/labeled_array_utils.py", line 872, in make_bootstrapped_roi_labeled_array_with_nan_trials_removed_for_each_channel
    min_trials_per_condition = subsample_to_min_trials_per_condition(
                               ^^^^^^^^^^^^^^^^^^^^^^^^^^^^^^^^^^^^^^
  File "/hpc/home/etb28/coganlab/etb28/GlobalLocal/src/analysis/utils/labeled_array_utils.py", line 718, in subsample_to_min_trials_per_condition
    for channel, count in sorted(trial_counts.items(), key=lambda x: x[1]):
                                 ^^^^^^^^^^^^^^^^^^
AttributeError: 'list' object has no attribute 'items'
"""

The above exception was the direct cause of the following exception:

Traceback (most recent call last):
  File "/hpc/home/etb28/coganlab/etb28/GlobalLocal/dcc_scripts/decoding/run_decoding_dcc.py", line 299, in run_analysis
    main(args)
  File "/hpc/home/etb28/coganlab/etb28/GlobalLocal/dcc_scripts/decoding/decoding_dcc.py", line 155, in main
    bootstrap_results_list = Parallel(n_jobs=args.n_jobs, verbose=10, backend='loky')(
                             ^^^^^^^^^^^^^^^^^^^^^^^^^^^^^^^^^^^^^^^^^^^^^^^^^^^^^^^^^
  File "/hpc/home/etb28/miniconda3/envs/ieeg/lib/python3.11/site-packages/joblib/parallel.py", line 2072, in __call__
    return output if self.return_generator else list(output)
                                                ^^^^^^^^^^^^
  File "/hpc/home/etb28/miniconda3/envs/ieeg/lib/python3.11/site-packages/joblib/parallel.py", line 1682, in _get_outputs
    yield from self._retrieve()
  File "/hpc/home/etb28/miniconda3/envs/ieeg/lib/python3.11/site-packages/joblib/parallel.py", line 1784, in _retrieve
    self._raise_error_fast()
  File "/hpc/home/etb28/miniconda3/envs/ieeg/lib/python3.11/site-packages/joblib/parallel.py", line 1859, in _raise_error_fast
    error_job.get_result(self.timeout)
  File "/hpc/home/etb28/miniconda3/envs/ieeg/lib/python3.11/site-packages/joblib/parallel.py", line 758, in get_result
    return self._return_or_raise()
           ^^^^^^^^^^^^^^^^^^^^^^^
  File "/hpc/home/etb28/miniconda3/envs/ieeg/lib/python3.11/site-packages/joblib/parallel.py", line 773, in _return_or_raise
    raise self._result
AttributeError: 'list' object has no attribute 'items'
