Extension for Scikit-learn* enabled (https://github.com/uxlfoundation/scikit-learn-intelex)
/hpc/home/jz421/coganlab/jz421/GlobalLocal/src/analysis/utils/general_utils.py:451: RuntimeWarning: Concatenation of Annotations within Epochs is not supported yet. All annotations will be dropped.
  event_epochs = mne.concatenate_epochs(combined_epochs_list)
/hpc/home/jz421/coganlab/jz421/GlobalLocal/src/analysis/utils/general_utils.py:451: RuntimeWarning: Concatenation of Annotations within Epochs is not supported yet. All annotations will be dropped.
  event_epochs = mne.concatenate_epochs(combined_epochs_list)
/hpc/home/jz421/coganlab/jz421/GlobalLocal/src/analysis/utils/general_utils.py:451: RuntimeWarning: Concatenation of Annotations within Epochs is not supported yet. All annotations will be dropped.
  event_epochs = mne.concatenate_epochs(combined_epochs_list)
/hpc/home/jz421/coganlab/jz421/GlobalLocal/src/analysis/utils/general_utils.py:451: RuntimeWarning: Concatenation of Annotations within Epochs is not supported yet. All annotations will be dropped.
  event_epochs = mne.concatenate_epochs(combined_epochs_list)
/hpc/home/jz421/coganlab/jz421/GlobalLocal/src/analysis/utils/general_utils.py:451: RuntimeWarning: Concatenation of Annotations within Epochs is not supported yet. All annotations will be dropped.
  event_epochs = mne.concatenate_epochs(combined_epochs_list)
/hpc/home/jz421/coganlab/jz421/GlobalLocal/src/analysis/utils/general_utils.py:451: RuntimeWarning: Concatenation of Annotations within Epochs is not supported yet. All annotations will be dropped.
  event_epochs = mne.concatenate_epochs(combined_epochs_list)
/hpc/home/jz421/coganlab/jz421/GlobalLocal/src/analysis/utils/general_utils.py:451: RuntimeWarning: Concatenation of Annotations within Epochs is not supported yet. All annotations will be dropped.
  event_epochs = mne.concatenate_epochs(combined_epochs_list)
/hpc/home/jz421/coganlab/jz421/GlobalLocal/src/analysis/utils/general_utils.py:451: RuntimeWarning: Concatenation of Annotations within Epochs is not supported yet. All annotations will be dropped.
  event_epochs = mne.concatenate_epochs(combined_epochs_list)
/hpc/home/jz421/coganlab/jz421/GlobalLocal/src/analysis/utils/general_utils.py:451: RuntimeWarning: Concatenation of Annotations within Epochs is not supported yet. All annotations will be dropped.
  event_epochs = mne.concatenate_epochs(combined_epochs_list)
/hpc/home/jz421/coganlab/jz421/GlobalLocal/src/analysis/utils/general_utils.py:451: RuntimeWarning: Concatenation of Annotations within Epochs is not supported yet. All annotations will be dropped.
  event_epochs = mne.concatenate_epochs(combined_epochs_list)
/hpc/home/jz421/coganlab/jz421/GlobalLocal/src/analysis/utils/general_utils.py:451: RuntimeWarning: Concatenation of Annotations within Epochs is not supported yet. All annotations will be dropped.
  event_epochs = mne.concatenate_epochs(combined_epochs_list)
/hpc/home/jz421/coganlab/jz421/GlobalLocal/src/analysis/utils/general_utils.py:451: RuntimeWarning: Concatenation of Annotations within Epochs is not supported yet. All annotations will be dropped.
  event_epochs = mne.concatenate_epochs(combined_epochs_list)
/hpc/home/jz421/coganlab/jz421/GlobalLocal/src/analysis/utils/general_utils.py:451: RuntimeWarning: Concatenation of Annotations within Epochs is not supported yet. All annotations will be dropped.
  event_epochs = mne.concatenate_epochs(combined_epochs_list)
/hpc/home/jz421/coganlab/jz421/GlobalLocal/src/analysis/utils/general_utils.py:451: RuntimeWarning: Concatenation of Annotations within Epochs is not supported yet. All annotations will be dropped.
  event_epochs = mne.concatenate_epochs(combined_epochs_list)
/hpc/home/jz421/coganlab/jz421/GlobalLocal/src/analysis/utils/general_utils.py:451: RuntimeWarning: Concatenation of Annotations within Epochs is not supported yet. All annotations will be dropped.
  event_epochs = mne.concatenate_epochs(combined_epochs_list)
/hpc/home/jz421/coganlab/jz421/GlobalLocal/src/analysis/utils/general_utils.py:451: RuntimeWarning: Concatenation of Annotations within Epochs is not supported yet. All annotations will be dropped.
  event_epochs = mne.concatenate_epochs(combined_epochs_list)
/hpc/home/jz421/coganlab/jz421/GlobalLocal/src/analysis/utils/general_utils.py:451: RuntimeWarning: Concatenation of Annotations within Epochs is not supported yet. All annotations will be dropped.
  event_epochs = mne.concatenate_epochs(combined_epochs_list)
/hpc/home/jz421/coganlab/jz421/GlobalLocal/src/analysis/utils/general_utils.py:451: RuntimeWarning: Concatenation of Annotations within Epochs is not supported yet. All annotations will be dropped.
  event_epochs = mne.concatenate_epochs(combined_epochs_list)
/hpc/home/jz421/coganlab/jz421/GlobalLocal/src/analysis/utils/general_utils.py:451: RuntimeWarning: Concatenation of Annotations within Epochs is not supported yet. All annotations will be dropped.
  event_epochs = mne.concatenate_epochs(combined_epochs_list)
/hpc/home/jz421/coganlab/jz421/GlobalLocal/src/analysis/utils/general_utils.py:451: RuntimeWarning: Concatenation of Annotations within Epochs is not supported yet. All annotations will be dropped.
  event_epochs = mne.concatenate_epochs(combined_epochs_list)
/hpc/home/jz421/coganlab/jz421/GlobalLocal/src/analysis/utils/general_utils.py:451: RuntimeWarning: Concatenation of Annotations within Epochs is not supported yet. All annotations will be dropped.
  event_epochs = mne.concatenate_epochs(combined_epochs_list)
/hpc/home/jz421/coganlab/jz421/GlobalLocal/src/analysis/utils/general_utils.py:451: RuntimeWarning: Concatenation of Annotations within Epochs is not supported yet. All annotations will be dropped.
  event_epochs = mne.concatenate_epochs(combined_epochs_list)
/hpc/home/jz421/coganlab/jz421/GlobalLocal/src/analysis/utils/general_utils.py:451: RuntimeWarning: Concatenation of Annotations within Epochs is not supported yet. All annotations will be dropped.
  event_epochs = mne.concatenate_epochs(combined_epochs_list)
/hpc/home/jz421/coganlab/jz421/GlobalLocal/src/analysis/utils/general_utils.py:451: RuntimeWarning: Concatenation of Annotations within Epochs is not supported yet. All annotations will be dropped.
  event_epochs = mne.concatenate_epochs(combined_epochs_list)
/hpc/home/jz421/coganlab/jz421/GlobalLocal/src/analysis/utils/general_utils.py:451: RuntimeWarning: Concatenation of Annotations within Epochs is not supported yet. All annotations will be dropped.
  event_epochs = mne.concatenate_epochs(combined_epochs_list)
/hpc/home/jz421/coganlab/jz421/GlobalLocal/src/analysis/utils/general_utils.py:451: RuntimeWarning: Concatenation of Annotations within Epochs is not supported yet. All annotations will be dropped.
  event_epochs = mne.concatenate_epochs(combined_epochs_list)
/hpc/home/jz421/coganlab/jz421/GlobalLocal/src/analysis/utils/general_utils.py:451: RuntimeWarning: Concatenation of Annotations within Epochs is not supported yet. All annotations will be dropped.
  event_epochs = mne.concatenate_epochs(combined_epochs_list)
/hpc/home/jz421/coganlab/jz421/GlobalLocal/src/analysis/utils/general_utils.py:451: RuntimeWarning: Concatenation of Annotations within Epochs is not supported yet. All annotations will be dropped.
  event_epochs = mne.concatenate_epochs(combined_epochs_list)
/hpc/home/jz421/coganlab/jz421/GlobalLocal/src/analysis/utils/general_utils.py:451: RuntimeWarning: Concatenation of Annotations within Epochs is not supported yet. All annotations will be dropped.
  event_epochs = mne.concatenate_epochs(combined_epochs_list)
/hpc/home/jz421/coganlab/jz421/GlobalLocal/src/analysis/utils/general_utils.py:451: RuntimeWarning: Concatenation of Annotations within Epochs is not supported yet. All annotations will be dropped.
  event_epochs = mne.concatenate_epochs(combined_epochs_list)
/hpc/home/jz421/coganlab/jz421/GlobalLocal/src/analysis/utils/general_utils.py:451: RuntimeWarning: Concatenation of Annotations within Epochs is not supported yet. All annotations will be dropped.
  event_epochs = mne.concatenate_epochs(combined_epochs_list)
/hpc/home/jz421/coganlab/jz421/GlobalLocal/src/analysis/utils/general_utils.py:451: RuntimeWarning: Concatenation of Annotations within Epochs is not supported yet. All annotations will be dropped.
  event_epochs = mne.concatenate_epochs(combined_epochs_list)
/hpc/home/jz421/coganlab/jz421/GlobalLocal/src/analysis/utils/general_utils.py:451: RuntimeWarning: Concatenation of Annotations within Epochs is not supported yet. All annotations will be dropped.
  event_epochs = mne.concatenate_epochs(combined_epochs_list)
/hpc/home/jz421/coganlab/jz421/GlobalLocal/src/analysis/utils/general_utils.py:451: RuntimeWarning: Concatenation of Annotations within Epochs is not supported yet. All annotations will be dropped.
  event_epochs = mne.concatenate_epochs(combined_epochs_list)
/hpc/home/jz421/coganlab/jz421/GlobalLocal/src/analysis/utils/general_utils.py:451: RuntimeWarning: Concatenation of Annotations within Epochs is not supported yet. All annotations will be dropped.
  event_epochs = mne.concatenate_epochs(combined_epochs_list)
/hpc/home/jz421/coganlab/jz421/GlobalLocal/src/analysis/utils/general_utils.py:451: RuntimeWarning: Concatenation of Annotations within Epochs is not supported yet. All annotations will be dropped.
  event_epochs = mne.concatenate_epochs(combined_epochs_list)
/hpc/home/jz421/coganlab/jz421/GlobalLocal/src/analysis/utils/general_utils.py:451: RuntimeWarning: Concatenation of Annotations within Epochs is not supported yet. All annotations will be dropped.
  event_epochs = mne.concatenate_epochs(combined_epochs_list)
/hpc/home/jz421/coganlab/jz421/GlobalLocal/src/analysis/utils/general_utils.py:451: RuntimeWarning: Concatenation of Annotations within Epochs is not supported yet. All annotations will be dropped.
  event_epochs = mne.concatenate_epochs(combined_epochs_list)
/hpc/home/jz421/coganlab/jz421/GlobalLocal/src/analysis/utils/general_utils.py:451: RuntimeWarning: Concatenation of Annotations within Epochs is not supported yet. All annotations will be dropped.
  event_epochs = mne.concatenate_epochs(combined_epochs_list)
/hpc/home/jz421/coganlab/jz421/GlobalLocal/src/analysis/utils/general_utils.py:451: RuntimeWarning: Concatenation of Annotations within Epochs is not supported yet. All annotations will be dropped.
  event_epochs = mne.concatenate_epochs(combined_epochs_list)
/hpc/home/jz421/coganlab/jz421/GlobalLocal/src/analysis/utils/general_utils.py:451: RuntimeWarning: Concatenation of Annotations within Epochs is not supported yet. All annotations will be dropped.
  event_epochs = mne.concatenate_epochs(combined_epochs_list)
/hpc/home/jz421/coganlab/jz421/GlobalLocal/src/analysis/utils/general_utils.py:451: RuntimeWarning: Concatenation of Annotations within Epochs is not supported yet. All annotations will be dropped.
  event_epochs = mne.concatenate_epochs(combined_epochs_list)
/hpc/home/jz421/coganlab/jz421/GlobalLocal/src/analysis/utils/general_utils.py:451: RuntimeWarning: Concatenation of Annotations within Epochs is not supported yet. All annotations will be dropped.
  event_epochs = mne.concatenate_epochs(combined_epochs_list)
/hpc/home/jz421/coganlab/jz421/GlobalLocal/src/analysis/utils/general_utils.py:451: RuntimeWarning: Concatenation of Annotations within Epochs is not supported yet. All annotations will be dropped.
  event_epochs = mne.concatenate_epochs(combined_epochs_list)
/hpc/home/jz421/coganlab/jz421/GlobalLocal/src/analysis/utils/general_utils.py:451: RuntimeWarning: Concatenation of Annotations within Epochs is not supported yet. All annotations will be dropped.
  event_epochs = mne.concatenate_epochs(combined_epochs_list)
/hpc/home/jz421/coganlab/jz421/GlobalLocal/src/analysis/utils/general_utils.py:451: RuntimeWarning: Concatenation of Annotations within Epochs is not supported yet. All annotations will be dropped.
  event_epochs = mne.concatenate_epochs(combined_epochs_list)
/hpc/home/jz421/coganlab/jz421/GlobalLocal/src/analysis/utils/general_utils.py:451: RuntimeWarning: Concatenation of Annotations within Epochs is not supported yet. All annotations will be dropped.
  event_epochs = mne.concatenate_epochs(combined_epochs_list)
/hpc/home/jz421/coganlab/jz421/GlobalLocal/src/analysis/utils/general_utils.py:451: RuntimeWarning: Concatenation of Annotations within Epochs is not supported yet. All annotations will be dropped.
  event_epochs = mne.concatenate_epochs(combined_epochs_list)
/hpc/home/jz421/coganlab/jz421/GlobalLocal/src/analysis/utils/general_utils.py:451: RuntimeWarning: Concatenation of Annotations within Epochs is not supported yet. All annotations will be dropped.
  event_epochs = mne.concatenate_epochs(combined_epochs_list)
/hpc/home/jz421/coganlab/jz421/GlobalLocal/src/analysis/utils/general_utils.py:451: RuntimeWarning: Concatenation of Annotations within Epochs is not supported yet. All annotations will be dropped.
  event_epochs = mne.concatenate_epochs(combined_epochs_list)
/hpc/home/jz421/coganlab/jz421/GlobalLocal/src/analysis/utils/general_utils.py:451: RuntimeWarning: Concatenation of Annotations within Epochs is not supported yet. All annotations will be dropped.
  event_epochs = mne.concatenate_epochs(combined_epochs_list)
/hpc/home/jz421/coganlab/jz421/GlobalLocal/src/analysis/utils/general_utils.py:451: RuntimeWarning: Concatenation of Annotations within Epochs is not supported yet. All annotations will be dropped.
  event_epochs = mne.concatenate_epochs(combined_epochs_list)
/hpc/home/jz421/coganlab/jz421/GlobalLocal/src/analysis/utils/general_utils.py:451: RuntimeWarning: Concatenation of Annotations within Epochs is not supported yet. All annotations will be dropped.
  event_epochs = mne.concatenate_epochs(combined_epochs_list)
/hpc/home/jz421/coganlab/jz421/GlobalLocal/src/analysis/utils/general_utils.py:451: RuntimeWarning: Concatenation of Annotations within Epochs is not supported yet. All annotations will be dropped.
  event_epochs = mne.concatenate_epochs(combined_epochs_list)
/hpc/home/jz421/coganlab/jz421/GlobalLocal/src/analysis/utils/general_utils.py:451: RuntimeWarning: Concatenation of Annotations within Epochs is not supported yet. All annotations will be dropped.
  event_epochs = mne.concatenate_epochs(combined_epochs_list)
/hpc/home/jz421/coganlab/jz421/GlobalLocal/src/analysis/utils/general_utils.py:451: RuntimeWarning: Concatenation of Annotations within Epochs is not supported yet. All annotations will be dropped.
  event_epochs = mne.concatenate_epochs(combined_epochs_list)
/hpc/home/jz421/coganlab/jz421/GlobalLocal/src/analysis/utils/general_utils.py:451: RuntimeWarning: Concatenation of Annotations within Epochs is not supported yet. All annotations will be dropped.
  event_epochs = mne.concatenate_epochs(combined_epochs_list)
/hpc/home/jz421/coganlab/jz421/GlobalLocal/src/analysis/utils/general_utils.py:451: RuntimeWarning: Concatenation of Annotations within Epochs is not supported yet. All annotations will be dropped.
  event_epochs = mne.concatenate_epochs(combined_epochs_list)
/hpc/home/jz421/coganlab/jz421/GlobalLocal/src/analysis/utils/general_utils.py:451: RuntimeWarning: Concatenation of Annotations within Epochs is not supported yet. All annotations will be dropped.
  event_epochs = mne.concatenate_epochs(combined_epochs_list)
/hpc/home/jz421/coganlab/jz421/GlobalLocal/src/analysis/utils/general_utils.py:451: RuntimeWarning: Concatenation of Annotations within Epochs is not supported yet. All annotations will be dropped.
  event_epochs = mne.concatenate_epochs(combined_epochs_list)
/hpc/home/jz421/coganlab/jz421/GlobalLocal/src/analysis/utils/general_utils.py:451: RuntimeWarning: Concatenation of Annotations within Epochs is not supported yet. All annotations will be dropped.
  event_epochs = mne.concatenate_epochs(combined_epochs_list)
/hpc/home/jz421/coganlab/jz421/GlobalLocal/src/analysis/utils/general_utils.py:451: RuntimeWarning: Concatenation of Annotations within Epochs is not supported yet. All annotations will be dropped.
  event_epochs = mne.concatenate_epochs(combined_epochs_list)
/hpc/home/jz421/coganlab/jz421/GlobalLocal/src/analysis/utils/general_utils.py:451: RuntimeWarning: Concatenation of Annotations within Epochs is not supported yet. All annotations will be dropped.
  event_epochs = mne.concatenate_epochs(combined_epochs_list)
/hpc/home/jz421/coganlab/jz421/GlobalLocal/src/analysis/utils/general_utils.py:451: RuntimeWarning: Concatenation of Annotations within Epochs is not supported yet. All annotations will be dropped.
  event_epochs = mne.concatenate_epochs(combined_epochs_list)
/hpc/home/jz421/coganlab/jz421/GlobalLocal/src/analysis/utils/general_utils.py:451: RuntimeWarning: Concatenation of Annotations within Epochs is not supported yet. All annotations will be dropped.
  event_epochs = mne.concatenate_epochs(combined_epochs_list)
/hpc/home/jz421/coganlab/jz421/GlobalLocal/src/analysis/utils/general_utils.py:451: RuntimeWarning: Concatenation of Annotations within Epochs is not supported yet. All annotations will be dropped.
  event_epochs = mne.concatenate_epochs(combined_epochs_list)
/hpc/home/jz421/coganlab/jz421/GlobalLocal/src/analysis/utils/general_utils.py:451: RuntimeWarning: Concatenation of Annotations within Epochs is not supported yet. All annotations will be dropped.
  event_epochs = mne.concatenate_epochs(combined_epochs_list)
/hpc/home/jz421/coganlab/jz421/GlobalLocal/src/analysis/utils/general_utils.py:451: RuntimeWarning: Concatenation of Annotations within Epochs is not supported yet. All annotations will be dropped.
  event_epochs = mne.concatenate_epochs(combined_epochs_list)
/hpc/home/jz421/coganlab/jz421/GlobalLocal/src/analysis/utils/general_utils.py:451: RuntimeWarning: Concatenation of Annotations within Epochs is not supported yet. All annotations will be dropped.
  event_epochs = mne.concatenate_epochs(combined_epochs_list)
/hpc/home/jz421/coganlab/jz421/GlobalLocal/src/analysis/utils/general_utils.py:451: RuntimeWarning: Concatenation of Annotations within Epochs is not supported yet. All annotations will be dropped.
  event_epochs = mne.concatenate_epochs(combined_epochs_list)
/hpc/home/jz421/coganlab/jz421/GlobalLocal/src/analysis/utils/general_utils.py:451: RuntimeWarning: Concatenation of Annotations within Epochs is not supported yet. All annotations will be dropped.
  event_epochs = mne.concatenate_epochs(combined_epochs_list)
/hpc/home/jz421/coganlab/jz421/GlobalLocal/src/analysis/utils/general_utils.py:451: RuntimeWarning: Concatenation of Annotations within Epochs is not supported yet. All annotations will be dropped.
  event_epochs = mne.concatenate_epochs(combined_epochs_list)
/hpc/home/jz421/coganlab/jz421/GlobalLocal/src/analysis/utils/general_utils.py:451: RuntimeWarning: Concatenation of Annotations within Epochs is not supported yet. All annotations will be dropped.
  event_epochs = mne.concatenate_epochs(combined_epochs_list)
/hpc/home/jz421/coganlab/jz421/GlobalLocal/src/analysis/utils/general_utils.py:451: RuntimeWarning: Concatenation of Annotations within Epochs is not supported yet. All annotations will be dropped.
  event_epochs = mne.concatenate_epochs(combined_epochs_list)
/hpc/home/jz421/coganlab/jz421/GlobalLocal/src/analysis/utils/general_utils.py:451: RuntimeWarning: Concatenation of Annotations within Epochs is not supported yet. All annotations will be dropped.
  event_epochs = mne.concatenate_epochs(combined_epochs_list)
/hpc/home/jz421/coganlab/jz421/GlobalLocal/src/analysis/utils/general_utils.py:451: RuntimeWarning: Concatenation of Annotations within Epochs is not supported yet. All annotations will be dropped.
  event_epochs = mne.concatenate_epochs(combined_epochs_list)
[Parallel(n_jobs=-1)]: Using backend LokyBackend with 20 concurrent workers.
Extension for Scikit-learn* enabled (https://github.com/uxlfoundation/scikit-learn-intelex)
Extension for Scikit-learn* enabled (https://github.com/uxlfoundation/scikit-learn-intelex)
Extension for Scikit-learn* enabled (https://github.com/uxlfoundation/scikit-learn-intelex)
Extension for Scikit-learn* enabled (https://github.com/uxlfoundation/scikit-learn-intelex)
Extension for Scikit-learn* enabled (https://github.com/uxlfoundation/scikit-learn-intelex)
Extension for Scikit-learn* enabled (https://github.com/uxlfoundation/scikit-learn-intelex)
Extension for Scikit-learn* enabled (https://github.com/uxlfoundation/scikit-learn-intelex)
Extension for Scikit-learn* enabled (https://github.com/uxlfoundation/scikit-learn-intelex)
Extension for Scikit-learn* enabled (https://github.com/uxlfoundation/scikit-learn-intelex)
Extension for Scikit-learn* enabled (https://github.com/uxlfoundation/scikit-learn-intelex)
Extension for Scikit-learn* enabled (https://github.com/uxlfoundation/scikit-learn-intelex)
Extension for Scikit-learn* enabled (https://github.com/uxlfoundation/scikit-learn-intelex)
Extension for Scikit-learn* enabled (https://github.com/uxlfoundation/scikit-learn-intelex)
Extension for Scikit-learn* enabled (https://github.com/uxlfoundation/scikit-learn-intelex)
Extension for Scikit-learn* enabled (https://github.com/uxlfoundation/scikit-learn-intelex)
Extension for Scikit-learn* enabled (https://github.com/uxlfoundation/scikit-learn-intelex)
Extension for Scikit-learn* enabled (https://github.com/uxlfoundation/scikit-learn-intelex)
Extension for Scikit-learn* enabled (https://github.com/uxlfoundation/scikit-learn-intelex)
Extension for Scikit-learn* enabled (https://github.com/uxlfoundation/scikit-learn-intelex)
Extension for Scikit-learn* enabled (https://github.com/uxlfoundation/scikit-learn-intelex)
[Parallel(n_jobs=-1)]: Done   1 tasks      | elapsed: 23.0min
[Parallel(n_jobs=-1)]: Done   6 out of  40 | elapsed: 25.3min remaining: 143.4min
[Parallel(n_jobs=-1)]: Done  11 out of  40 | elapsed: 27.0min remaining: 71.3min
[Parallel(n_jobs=-1)]: Done  16 out of  40 | elapsed: 27.9min remaining: 41.8min
[Parallel(n_jobs=-1)]: Done  21 out of  40 | elapsed: 46.1min remaining: 41.7min
[Parallel(n_jobs=-1)]: Done  26 out of  40 | elapsed: 49.6min remaining: 26.7min
[Parallel(n_jobs=-1)]: Done  31 out of  40 | elapsed: 50.7min remaining: 14.7min
[Parallel(n_jobs=-1)]: Done  36 out of  40 | elapsed: 51.6min remaining:  5.7min
[Parallel(n_jobs=-1)]: Done  40 out of  40 | elapsed: 53.5min finished
The PostScript backend does not support transparency; partially transparent artists will be rendered opaque.
