Running condition: stimulus_lwps_block_balanced_conditions

WARNING: Keras package is not installed. You will be unable to useall neural net decoders
Qt5Agg backend not available, using default backend
Qt5Agg backend not available, using default backend
['/hpc/home/jz421/coganlab/jz421/GlobalLocal/src', '/hpc/home/jz421/coganlab/jz421/GlobalLocal', '/hpc/group/coganlab/jz421/GlobalLocal/dcc_scripts/decoding', '/hpc/home/jz421/miniconda3/envs/ieeg/lib/python311.zip', '/hpc/home/jz421/miniconda3/envs/ieeg/lib/python3.11', '/hpc/home/jz421/miniconda3/envs/ieeg/lib/python3.11/lib-dynload', '/hpc/home/jz421/miniconda3/envs/ieeg/lib/python3.11/site-packages', '/hpc/home/jz421/coganlab/jz421/GlobalLocal/IEEG_Pipelines/']
['/hpc/home/jz421/coganlab/jz421/GlobalLocal/src', '/hpc/home/jz421/coganlab/jz421/GlobalLocal', '/hpc/group/coganlab/jz421/GlobalLocal/dcc_scripts/decoding', '/hpc/home/jz421/miniconda3/envs/ieeg/lib/python311.zip', '/hpc/home/jz421/miniconda3/envs/ieeg/lib/python3.11', '/hpc/home/jz421/miniconda3/envs/ieeg/lib/python3.11/lib-dynload', '/hpc/home/jz421/miniconda3/envs/ieeg/lib/python3.11/site-packages', '/hpc/home/jz421/coganlab/jz421/GlobalLocal/IEEG_Pipelines/', 'C:/Users/jz421/Desktop/GlobalLocal/IEEG_Pipelines/', 'C:/Users/jz421/Desktop/GlobalLocal/IEEG_Pipelines/']
['/hpc/home/jz421/coganlab/jz421/GlobalLocal/src', '/hpc/home/jz421/coganlab/jz421/GlobalLocal', '/hpc/group/coganlab/jz421/GlobalLocal/dcc_scripts/decoding', '/hpc/home/jz421/miniconda3/envs/ieeg/lib/python311.zip', '/hpc/home/jz421/miniconda3/envs/ieeg/lib/python3.11', '/hpc/home/jz421/miniconda3/envs/ieeg/lib/python3.11/lib-dynload', '/hpc/home/jz421/miniconda3/envs/ieeg/lib/python3.11/site-packages', '/hpc/home/jz421/coganlab/jz421/GlobalLocal/IEEG_Pipelines/', 'C:/Users/jz421/Desktop/GlobalLocal/IEEG_Pipelines/', 'C:/Users/jz421/Desktop/GlobalLocal/IEEG_Pipelines/']
['/hpc/home/jz421/coganlab/jz421/GlobalLocal/src', '/hpc/home/jz421/coganlab/jz421/GlobalLocal', '/hpc/group/coganlab/jz421/GlobalLocal/dcc_scripts/decoding', '/hpc/home/jz421/miniconda3/envs/ieeg/lib/python311.zip', '/hpc/home/jz421/miniconda3/envs/ieeg/lib/python3.11', '/hpc/home/jz421/miniconda3/envs/ieeg/lib/python3.11/lib-dynload', '/hpc/home/jz421/miniconda3/envs/ieeg/lib/python3.11/site-packages', '/hpc/home/jz421/coganlab/jz421/GlobalLocal/IEEG_Pipelines/', 'C:/Users/jz421/Desktop/GlobalLocal/IEEG_Pipelines/', 'C:/Users/jz421/Desktop/GlobalLocal/IEEG_Pipelines/']
======================================================================
BANDPASS FILTERED DECODING ANALYSIS
======================================================================
Subjects:          ['D0103']
Conditions:        ['Stimulus_r_MI_MR', 'Stimulus_r_MI_MS', 'Stimulus_r_MC_MR', 'Stimulus_r_MC_MS', 'Stimulus_s_MI_MR', 'Stimulus_s_MI_MS', 'Stimulus_s_MC_MR', 'Stimulus_s_MC_MS']
ROIs:              ['lpfc']
Epochs file:       Response_-1.5to1.5sec_0.5sec_within-1.0-0.0sec_base_decFactor_8_outliers_10_none_thresh_perc_5.0_4.0-8.0_Hz_padLength_1.5s_bandpass_stat_func_ttest_ind_equal_var_False_nan_policy_omit
Electrodes (all or sig):       sig
Explained variance: 0.9
Balance method:     subsample
Balance strata:     True
Obs axs:            0
Chans axs:          1
Time axs:           -1
----------------------------------------------------------------------
Decoding Parameters:
Classifier Model:   LDA
  CV Splits/Repeats: 2/1
  Balance Method:    subsample
  Explained Variance:0.9
  Window/Step (samp):64/16
  Sampling Rate (Hz):256
----------------------------------------------------------------------
Perm Cluster Statistical Parameters:
  P-value Threshold: 0.025
  P cluster: 0.025
  Stat Func: ttest_ind
  Permutation Type: independent
 unit of analysis for stats (bootstrap, repeat, or fold): repeat
Percentile Statistical Parameters:
  Percentile: 95
  Cluster Percentile: 95
  N Cluster Perms: 2
======================================================================
======================================================================
plotting params
 single column figure: True
 show legend: False
 run visualization debugging of first two PCs and decision boundary: False
======================================================================

Starting analysis...
LAB_root:  /cwork/jz421
Loaded data from /hpc/home/jz421/coganlab/jz421/GlobalLocal/src/analysis/config/subjects_electrodestoROIs_dict.json
Save directory created or already exists at: /cwork/jz421/BIDS-1.1_GlobalLocal/BIDS/derivatives/decoding/figs/Response_-1.5to1.5sec_0.5sec_within-1.0-0.0sec_base_decFactor_8_outliers_10_none_thresh_perc_5.0_4.0-8.0_Hz_padLength_1.5s_bandpass_stat_func_ttest_ind_equal_var_False_nan_policy_omit

✗ Analysis failed with error: [Errno 2] No such file or directory: '/cwork/jz421/BIDS-1.1_GlobalLocal/BIDS/derivatives/freqFilt/figs/D0103/sig_chans_D0103_Response_-1.5to1.5sec_0.5sec_within-1.0-0.0sec_base_decFactor_8_outliers_10_none_thresh_perc_5.0_4.0-8.0_Hz_padLength_1.5s_bandpass_stat_func_ttest_ind_equal_var_False_nan_policy_omit.json'
