/hpc/home/etb28/coganlab/etb28/GlobalLocal/src/analysis/utils/general_utils.py:474: RuntimeWarning: Concatenation of Annotations within Epochs is not supported yet. All annotations will be dropped.
  event_epochs = mne.concatenate_epochs(combined_epochs_list)
/hpc/home/etb28/coganlab/etb28/GlobalLocal/src/analysis/utils/general_utils.py:474: RuntimeWarning: Concatenation of Annotations within Epochs is not supported yet. All annotations will be dropped.
  event_epochs = mne.concatenate_epochs(combined_epochs_list)
/hpc/home/etb28/coganlab/etb28/GlobalLocal/src/analysis/utils/general_utils.py:474: RuntimeWarning: Concatenation of Annotations within Epochs is not supported yet. All annotations will be dropped.
  event_epochs = mne.concatenate_epochs(combined_epochs_list)
/hpc/home/etb28/coganlab/etb28/GlobalLocal/src/analysis/utils/general_utils.py:474: RuntimeWarning: Concatenation of Annotations within Epochs is not supported yet. All annotations will be dropped.
  event_epochs = mne.concatenate_epochs(combined_epochs_list)
/hpc/home/etb28/coganlab/etb28/GlobalLocal/src/analysis/utils/general_utils.py:474: RuntimeWarning: Concatenation of Annotations within Epochs is not supported yet. All annotations will be dropped.
  event_epochs = mne.concatenate_epochs(combined_epochs_list)
/hpc/home/etb28/coganlab/etb28/GlobalLocal/src/analysis/utils/general_utils.py:474: RuntimeWarning: Concatenation of Annotations within Epochs is not supported yet. All annotations will be dropped.
  event_epochs = mne.concatenate_epochs(combined_epochs_list)
/hpc/home/etb28/coganlab/etb28/GlobalLocal/src/analysis/utils/general_utils.py:474: RuntimeWarning: Concatenation of Annotations within Epochs is not supported yet. All annotations will be dropped.
  event_epochs = mne.concatenate_epochs(combined_epochs_list)
/hpc/home/etb28/coganlab/etb28/GlobalLocal/src/analysis/utils/general_utils.py:474: RuntimeWarning: Concatenation of Annotations within Epochs is not supported yet. All annotations will be dropped.
  event_epochs = mne.concatenate_epochs(combined_epochs_list)
/hpc/home/etb28/coganlab/etb28/GlobalLocal/src/analysis/utils/general_utils.py:474: RuntimeWarning: Concatenation of Annotations within Epochs is not supported yet. All annotations will be dropped.
  event_epochs = mne.concatenate_epochs(combined_epochs_list)
/hpc/home/etb28/coganlab/etb28/GlobalLocal/src/analysis/utils/general_utils.py:474: RuntimeWarning: Concatenation of Annotations within Epochs is not supported yet. All annotations will be dropped.
  event_epochs = mne.concatenate_epochs(combined_epochs_list)
/hpc/home/etb28/coganlab/etb28/GlobalLocal/src/analysis/utils/general_utils.py:474: RuntimeWarning: Concatenation of Annotations within Epochs is not supported yet. All annotations will be dropped.
  event_epochs = mne.concatenate_epochs(combined_epochs_list)
/hpc/home/etb28/coganlab/etb28/GlobalLocal/src/analysis/utils/general_utils.py:474: RuntimeWarning: Concatenation of Annotations within Epochs is not supported yet. All annotations will be dropped.
  event_epochs = mne.concatenate_epochs(combined_epochs_list)
/hpc/home/etb28/coganlab/etb28/GlobalLocal/src/analysis/utils/general_utils.py:474: RuntimeWarning: Concatenation of Annotations within Epochs is not supported yet. All annotations will be dropped.
  event_epochs = mne.concatenate_epochs(combined_epochs_list)
/hpc/home/etb28/coganlab/etb28/GlobalLocal/src/analysis/utils/general_utils.py:474: RuntimeWarning: Concatenation of Annotations within Epochs is not supported yet. All annotations will be dropped.
  event_epochs = mne.concatenate_epochs(combined_epochs_list)
/hpc/home/etb28/coganlab/etb28/GlobalLocal/src/analysis/utils/general_utils.py:474: RuntimeWarning: Concatenation of Annotations within Epochs is not supported yet. All annotations will be dropped.
  event_epochs = mne.concatenate_epochs(combined_epochs_list)
/hpc/home/etb28/coganlab/etb28/GlobalLocal/src/analysis/utils/general_utils.py:474: RuntimeWarning: Concatenation of Annotations within Epochs is not supported yet. All annotations will be dropped.
  event_epochs = mne.concatenate_epochs(combined_epochs_list)
/hpc/home/etb28/coganlab/etb28/GlobalLocal/src/analysis/utils/general_utils.py:474: RuntimeWarning: Concatenation of Annotations within Epochs is not supported yet. All annotations will be dropped.
  event_epochs = mne.concatenate_epochs(combined_epochs_list)
/hpc/home/etb28/coganlab/etb28/GlobalLocal/src/analysis/utils/general_utils.py:474: RuntimeWarning: Concatenation of Annotations within Epochs is not supported yet. All annotations will be dropped.
  event_epochs = mne.concatenate_epochs(combined_epochs_list)
/hpc/home/etb28/coganlab/etb28/GlobalLocal/src/analysis/utils/general_utils.py:474: RuntimeWarning: Concatenation of Annotations within Epochs is not supported yet. All annotations will be dropped.
  event_epochs = mne.concatenate_epochs(combined_epochs_list)
/hpc/home/etb28/coganlab/etb28/GlobalLocal/src/analysis/utils/general_utils.py:474: RuntimeWarning: Concatenation of Annotations within Epochs is not supported yet. All annotations will be dropped.
  event_epochs = mne.concatenate_epochs(combined_epochs_list)
/hpc/home/etb28/coganlab/etb28/GlobalLocal/src/analysis/utils/general_utils.py:474: RuntimeWarning: Concatenation of Annotations within Epochs is not supported yet. All annotations will be dropped.
  event_epochs = mne.concatenate_epochs(combined_epochs_list)
/hpc/home/etb28/coganlab/etb28/GlobalLocal/src/analysis/utils/general_utils.py:474: RuntimeWarning: Concatenation of Annotations within Epochs is not supported yet. All annotations will be dropped.
  event_epochs = mne.concatenate_epochs(combined_epochs_list)
/hpc/home/etb28/coganlab/etb28/GlobalLocal/src/analysis/utils/general_utils.py:474: RuntimeWarning: Concatenation of Annotations within Epochs is not supported yet. All annotations will be dropped.
  event_epochs = mne.concatenate_epochs(combined_epochs_list)
/hpc/home/etb28/coganlab/etb28/GlobalLocal/src/analysis/utils/general_utils.py:474: RuntimeWarning: Concatenation of Annotations within Epochs is not supported yet. All annotations will be dropped.
  event_epochs = mne.concatenate_epochs(combined_epochs_list)
/hpc/home/etb28/coganlab/etb28/GlobalLocal/src/analysis/utils/general_utils.py:474: RuntimeWarning: Concatenation of Annotations within Epochs is not supported yet. All annotations will be dropped.
  event_epochs = mne.concatenate_epochs(combined_epochs_list)
/hpc/home/etb28/coganlab/etb28/GlobalLocal/src/analysis/utils/general_utils.py:474: RuntimeWarning: Concatenation of Annotations within Epochs is not supported yet. All annotations will be dropped.
  event_epochs = mne.concatenate_epochs(combined_epochs_list)
/hpc/home/etb28/coganlab/etb28/GlobalLocal/src/analysis/utils/general_utils.py:474: RuntimeWarning: Concatenation of Annotations within Epochs is not supported yet. All annotations will be dropped.
  event_epochs = mne.concatenate_epochs(combined_epochs_list)
/hpc/home/etb28/coganlab/etb28/GlobalLocal/src/analysis/utils/general_utils.py:474: RuntimeWarning: Concatenation of Annotations within Epochs is not supported yet. All annotations will be dropped.
  event_epochs = mne.concatenate_epochs(combined_epochs_list)
/hpc/home/etb28/coganlab/etb28/GlobalLocal/src/analysis/utils/general_utils.py:474: RuntimeWarning: Concatenation of Annotations within Epochs is not supported yet. All annotations will be dropped.
  event_epochs = mne.concatenate_epochs(combined_epochs_list)
/hpc/home/etb28/coganlab/etb28/GlobalLocal/src/analysis/utils/general_utils.py:474: RuntimeWarning: Concatenation of Annotations within Epochs is not supported yet. All annotations will be dropped.
  event_epochs = mne.concatenate_epochs(combined_epochs_list)
/hpc/home/etb28/coganlab/etb28/GlobalLocal/src/analysis/utils/general_utils.py:474: RuntimeWarning: Concatenation of Annotations within Epochs is not supported yet. All annotations will be dropped.
  event_epochs = mne.concatenate_epochs(combined_epochs_list)
/hpc/home/etb28/coganlab/etb28/GlobalLocal/src/analysis/utils/general_utils.py:474: RuntimeWarning: Concatenation of Annotations within Epochs is not supported yet. All annotations will be dropped.
  event_epochs = mne.concatenate_epochs(combined_epochs_list)
/hpc/home/etb28/coganlab/etb28/GlobalLocal/src/analysis/utils/general_utils.py:474: RuntimeWarning: Concatenation of Annotations within Epochs is not supported yet. All annotations will be dropped.
  event_epochs = mne.concatenate_epochs(combined_epochs_list)
/hpc/home/etb28/coganlab/etb28/GlobalLocal/src/analysis/utils/general_utils.py:474: RuntimeWarning: Concatenation of Annotations within Epochs is not supported yet. All annotations will be dropped.
  event_epochs = mne.concatenate_epochs(combined_epochs_list)
/hpc/home/etb28/coganlab/etb28/GlobalLocal/src/analysis/utils/general_utils.py:474: RuntimeWarning: Concatenation of Annotations within Epochs is not supported yet. All annotations will be dropped.
  event_epochs = mne.concatenate_epochs(combined_epochs_list)
/hpc/home/etb28/coganlab/etb28/GlobalLocal/src/analysis/utils/general_utils.py:474: RuntimeWarning: Concatenation of Annotations within Epochs is not supported yet. All annotations will be dropped.
  event_epochs = mne.concatenate_epochs(combined_epochs_list)
/hpc/home/etb28/coganlab/etb28/GlobalLocal/src/analysis/utils/general_utils.py:474: RuntimeWarning: Concatenation of Annotations within Epochs is not supported yet. All annotations will be dropped.
  event_epochs = mne.concatenate_epochs(combined_epochs_list)
/hpc/home/etb28/coganlab/etb28/GlobalLocal/src/analysis/utils/general_utils.py:474: RuntimeWarning: Concatenation of Annotations within Epochs is not supported yet. All annotations will be dropped.
  event_epochs = mne.concatenate_epochs(combined_epochs_list)
/hpc/home/etb28/coganlab/etb28/GlobalLocal/src/analysis/utils/general_utils.py:474: RuntimeWarning: Concatenation of Annotations within Epochs is not supported yet. All annotations will be dropped.
  event_epochs = mne.concatenate_epochs(combined_epochs_list)
/hpc/home/etb28/coganlab/etb28/GlobalLocal/src/analysis/utils/general_utils.py:474: RuntimeWarning: Concatenation of Annotations within Epochs is not supported yet. All annotations will be dropped.
  event_epochs = mne.concatenate_epochs(combined_epochs_list)
/hpc/home/etb28/coganlab/etb28/GlobalLocal/src/analysis/utils/general_utils.py:474: RuntimeWarning: Concatenation of Annotations within Epochs is not supported yet. All annotations will be dropped.
  event_epochs = mne.concatenate_epochs(combined_epochs_list)
/hpc/home/etb28/coganlab/etb28/GlobalLocal/src/analysis/utils/general_utils.py:474: RuntimeWarning: Concatenation of Annotations within Epochs is not supported yet. All annotations will be dropped.
  event_epochs = mne.concatenate_epochs(combined_epochs_list)
/hpc/home/etb28/coganlab/etb28/GlobalLocal/src/analysis/utils/general_utils.py:474: RuntimeWarning: Concatenation of Annotations within Epochs is not supported yet. All annotations will be dropped.
  event_epochs = mne.concatenate_epochs(combined_epochs_list)
/hpc/home/etb28/coganlab/etb28/GlobalLocal/src/analysis/utils/general_utils.py:474: RuntimeWarning: Concatenation of Annotations within Epochs is not supported yet. All annotations will be dropped.
  event_epochs = mne.concatenate_epochs(combined_epochs_list)
/hpc/home/etb28/coganlab/etb28/GlobalLocal/src/analysis/utils/general_utils.py:474: RuntimeWarning: Concatenation of Annotations within Epochs is not supported yet. All annotations will be dropped.
  event_epochs = mne.concatenate_epochs(combined_epochs_list)
/hpc/home/etb28/coganlab/etb28/GlobalLocal/src/analysis/utils/general_utils.py:474: RuntimeWarning: Concatenation of Annotations within Epochs is not supported yet. All annotations will be dropped.
  event_epochs = mne.concatenate_epochs(combined_epochs_list)
/hpc/home/etb28/coganlab/etb28/GlobalLocal/src/analysis/utils/general_utils.py:474: RuntimeWarning: Concatenation of Annotations within Epochs is not supported yet. All annotations will be dropped.
  event_epochs = mne.concatenate_epochs(combined_epochs_list)
/hpc/home/etb28/coganlab/etb28/GlobalLocal/src/analysis/utils/general_utils.py:474: RuntimeWarning: Concatenation of Annotations within Epochs is not supported yet. All annotations will be dropped.
  event_epochs = mne.concatenate_epochs(combined_epochs_list)
/hpc/home/etb28/coganlab/etb28/GlobalLocal/src/analysis/utils/general_utils.py:474: RuntimeWarning: Concatenation of Annotations within Epochs is not supported yet. All annotations will be dropped.
  event_epochs = mne.concatenate_epochs(combined_epochs_list)
/hpc/home/etb28/coganlab/etb28/GlobalLocal/src/analysis/utils/general_utils.py:474: RuntimeWarning: Concatenation of Annotations within Epochs is not supported yet. All annotations will be dropped.
  event_epochs = mne.concatenate_epochs(combined_epochs_list)
/hpc/home/etb28/coganlab/etb28/GlobalLocal/src/analysis/utils/general_utils.py:474: RuntimeWarning: Concatenation of Annotations within Epochs is not supported yet. All annotations will be dropped.
  event_epochs = mne.concatenate_epochs(combined_epochs_list)
/hpc/home/etb28/coganlab/etb28/GlobalLocal/src/analysis/utils/general_utils.py:474: RuntimeWarning: Concatenation of Annotations within Epochs is not supported yet. All annotations will be dropped.
  event_epochs = mne.concatenate_epochs(combined_epochs_list)
/hpc/home/etb28/coganlab/etb28/GlobalLocal/src/analysis/utils/general_utils.py:474: RuntimeWarning: Concatenation of Annotations within Epochs is not supported yet. All annotations will be dropped.
  event_epochs = mne.concatenate_epochs(combined_epochs_list)
/hpc/home/etb28/coganlab/etb28/GlobalLocal/src/analysis/utils/general_utils.py:474: RuntimeWarning: Concatenation of Annotations within Epochs is not supported yet. All annotations will be dropped.
  event_epochs = mne.concatenate_epochs(combined_epochs_list)
/hpc/home/etb28/coganlab/etb28/GlobalLocal/src/analysis/utils/general_utils.py:474: RuntimeWarning: Concatenation of Annotations within Epochs is not supported yet. All annotations will be dropped.
  event_epochs = mne.concatenate_epochs(combined_epochs_list)
/hpc/home/etb28/coganlab/etb28/GlobalLocal/src/analysis/utils/general_utils.py:474: RuntimeWarning: Concatenation of Annotations within Epochs is not supported yet. All annotations will be dropped.
  event_epochs = mne.concatenate_epochs(combined_epochs_list)
/hpc/home/etb28/coganlab/etb28/GlobalLocal/src/analysis/utils/general_utils.py:474: RuntimeWarning: Concatenation of Annotations within Epochs is not supported yet. All annotations will be dropped.
  event_epochs = mne.concatenate_epochs(combined_epochs_list)
/hpc/home/etb28/coganlab/etb28/GlobalLocal/src/analysis/utils/general_utils.py:474: RuntimeWarning: Concatenation of Annotations within Epochs is not supported yet. All annotations will be dropped.
  event_epochs = mne.concatenate_epochs(combined_epochs_list)
/hpc/home/etb28/coganlab/etb28/GlobalLocal/src/analysis/utils/general_utils.py:474: RuntimeWarning: Concatenation of Annotations within Epochs is not supported yet. All annotations will be dropped.
  event_epochs = mne.concatenate_epochs(combined_epochs_list)
/hpc/home/etb28/coganlab/etb28/GlobalLocal/src/analysis/utils/general_utils.py:474: RuntimeWarning: Concatenation of Annotations within Epochs is not supported yet. All annotations will be dropped.
  event_epochs = mne.concatenate_epochs(combined_epochs_list)
/hpc/home/etb28/coganlab/etb28/GlobalLocal/src/analysis/utils/general_utils.py:474: RuntimeWarning: Concatenation of Annotations within Epochs is not supported yet. All annotations will be dropped.
  event_epochs = mne.concatenate_epochs(combined_epochs_list)
/hpc/home/etb28/coganlab/etb28/GlobalLocal/src/analysis/utils/general_utils.py:474: RuntimeWarning: Concatenation of Annotations within Epochs is not supported yet. All annotations will be dropped.
  event_epochs = mne.concatenate_epochs(combined_epochs_list)
/hpc/home/etb28/coganlab/etb28/GlobalLocal/src/analysis/utils/general_utils.py:474: RuntimeWarning: Concatenation of Annotations within Epochs is not supported yet. All annotations will be dropped.
  event_epochs = mne.concatenate_epochs(combined_epochs_list)
/hpc/home/etb28/coganlab/etb28/GlobalLocal/src/analysis/utils/general_utils.py:474: RuntimeWarning: Concatenation of Annotations within Epochs is not supported yet. All annotations will be dropped.
  event_epochs = mne.concatenate_epochs(combined_epochs_list)
/hpc/home/etb28/coganlab/etb28/GlobalLocal/src/analysis/utils/general_utils.py:474: RuntimeWarning: Concatenation of Annotations within Epochs is not supported yet. All annotations will be dropped.
  event_epochs = mne.concatenate_epochs(combined_epochs_list)
/hpc/home/etb28/coganlab/etb28/GlobalLocal/src/analysis/utils/general_utils.py:474: RuntimeWarning: Concatenation of Annotations within Epochs is not supported yet. All annotations will be dropped.
  event_epochs = mne.concatenate_epochs(combined_epochs_list)
/hpc/home/etb28/coganlab/etb28/GlobalLocal/src/analysis/utils/general_utils.py:474: RuntimeWarning: Concatenation of Annotations within Epochs is not supported yet. All annotations will be dropped.
  event_epochs = mne.concatenate_epochs(combined_epochs_list)
/hpc/home/etb28/coganlab/etb28/GlobalLocal/src/analysis/utils/general_utils.py:474: RuntimeWarning: Concatenation of Annotations within Epochs is not supported yet. All annotations will be dropped.
  event_epochs = mne.concatenate_epochs(combined_epochs_list)
[Parallel(n_jobs=-1)]: Using backend LokyBackend with 20 concurrent workers.
[Parallel(n_jobs=-1)]: Done   2 out of  20 | elapsed: 12.4min remaining: 111.9min
[Parallel(n_jobs=-1)]: Done   5 out of  20 | elapsed: 13.8min remaining: 41.3min
[Parallel(n_jobs=-1)]: Done   8 out of  20 | elapsed: 13.9min remaining: 20.9min
[Parallel(n_jobs=-1)]: Done  11 out of  20 | elapsed: 14.0min remaining: 11.4min
[Parallel(n_jobs=-1)]: Done  14 out of  20 | elapsed: 14.1min remaining:  6.0min
[Parallel(n_jobs=-1)]: Done  17 out of  20 | elapsed: 14.1min remaining:  2.5min
[Parallel(n_jobs=-1)]: Done  20 out of  20 | elapsed: 14.2min finished
The PostScript backend does not support transparency; partially transparent artists will be rendered opaque.
The PostScript backend does not support transparency; partially transparent artists will be rendered opaque.
The PostScript backend does not support transparency; partially transparent artists will be rendered opaque.
The PostScript backend does not support transparency; partially transparent artists will be rendered opaque.
The PostScript backend does not support transparency; partially transparent artists will be rendered opaque.
