Extension for Scikit-learn* enabled (https://github.com/uxlfoundation/scikit-learn-intelex)
/hpc/home/jz421/coganlab/jz421/GlobalLocal/src/analysis/utils/general_utils.py:451: RuntimeWarning: Concatenation of Annotations within Epochs is not supported yet. All annotations will be dropped.
  event_epochs = mne.concatenate_epochs(combined_epochs_list)
/hpc/home/jz421/coganlab/jz421/GlobalLocal/src/analysis/utils/general_utils.py:451: RuntimeWarning: Concatenation of Annotations within Epochs is not supported yet. All annotations will be dropped.
  event_epochs = mne.concatenate_epochs(combined_epochs_list)
/hpc/home/jz421/coganlab/jz421/GlobalLocal/src/analysis/utils/general_utils.py:451: RuntimeWarning: Concatenation of Annotations within Epochs is not supported yet. All annotations will be dropped.
  event_epochs = mne.concatenate_epochs(combined_epochs_list)
/hpc/home/jz421/coganlab/jz421/GlobalLocal/src/analysis/utils/general_utils.py:451: RuntimeWarning: Concatenation of Annotations within Epochs is not supported yet. All annotations will be dropped.
  event_epochs = mne.concatenate_epochs(combined_epochs_list)
/hpc/home/jz421/coganlab/jz421/GlobalLocal/src/analysis/utils/general_utils.py:451: RuntimeWarning: Concatenation of Annotations within Epochs is not supported yet. All annotations will be dropped.
  event_epochs = mne.concatenate_epochs(combined_epochs_list)
/hpc/home/jz421/coganlab/jz421/GlobalLocal/src/analysis/utils/general_utils.py:451: RuntimeWarning: Concatenation of Annotations within Epochs is not supported yet. All annotations will be dropped.
  event_epochs = mne.concatenate_epochs(combined_epochs_list)
/hpc/home/jz421/coganlab/jz421/GlobalLocal/src/analysis/utils/general_utils.py:451: RuntimeWarning: Concatenation of Annotations within Epochs is not supported yet. All annotations will be dropped.
  event_epochs = mne.concatenate_epochs(combined_epochs_list)
/hpc/home/jz421/coganlab/jz421/GlobalLocal/src/analysis/utils/general_utils.py:451: RuntimeWarning: Concatenation of Annotations within Epochs is not supported yet. All annotations will be dropped.
  event_epochs = mne.concatenate_epochs(combined_epochs_list)
/hpc/home/jz421/coganlab/jz421/GlobalLocal/src/analysis/utils/general_utils.py:451: RuntimeWarning: Concatenation of Annotations within Epochs is not supported yet. All annotations will be dropped.
  event_epochs = mne.concatenate_epochs(combined_epochs_list)
/hpc/home/jz421/coganlab/jz421/GlobalLocal/src/analysis/utils/general_utils.py:451: RuntimeWarning: Concatenation of Annotations within Epochs is not supported yet. All annotations will be dropped.
  event_epochs = mne.concatenate_epochs(combined_epochs_list)
/hpc/home/jz421/coganlab/jz421/GlobalLocal/src/analysis/utils/general_utils.py:451: RuntimeWarning: Concatenation of Annotations within Epochs is not supported yet. All annotations will be dropped.
  event_epochs = mne.concatenate_epochs(combined_epochs_list)
/hpc/home/jz421/coganlab/jz421/GlobalLocal/src/analysis/utils/general_utils.py:451: RuntimeWarning: Concatenation of Annotations within Epochs is not supported yet. All annotations will be dropped.
  event_epochs = mne.concatenate_epochs(combined_epochs_list)
/hpc/home/jz421/coganlab/jz421/GlobalLocal/src/analysis/utils/general_utils.py:451: RuntimeWarning: Concatenation of Annotations within Epochs is not supported yet. All annotations will be dropped.
  event_epochs = mne.concatenate_epochs(combined_epochs_list)
/hpc/home/jz421/coganlab/jz421/GlobalLocal/src/analysis/utils/general_utils.py:451: RuntimeWarning: Concatenation of Annotations within Epochs is not supported yet. All annotations will be dropped.
  event_epochs = mne.concatenate_epochs(combined_epochs_list)
/hpc/home/jz421/coganlab/jz421/GlobalLocal/src/analysis/utils/general_utils.py:451: RuntimeWarning: Concatenation of Annotations within Epochs is not supported yet. All annotations will be dropped.
  event_epochs = mne.concatenate_epochs(combined_epochs_list)
/hpc/home/jz421/coganlab/jz421/GlobalLocal/src/analysis/utils/general_utils.py:451: RuntimeWarning: Concatenation of Annotations within Epochs is not supported yet. All annotations will be dropped.
  event_epochs = mne.concatenate_epochs(combined_epochs_list)
/hpc/home/jz421/coganlab/jz421/GlobalLocal/src/analysis/utils/general_utils.py:451: RuntimeWarning: Concatenation of Annotations within Epochs is not supported yet. All annotations will be dropped.
  event_epochs = mne.concatenate_epochs(combined_epochs_list)
/hpc/home/jz421/coganlab/jz421/GlobalLocal/src/analysis/utils/general_utils.py:451: RuntimeWarning: Concatenation of Annotations within Epochs is not supported yet. All annotations will be dropped.
  event_epochs = mne.concatenate_epochs(combined_epochs_list)
/hpc/home/jz421/coganlab/jz421/GlobalLocal/src/analysis/utils/general_utils.py:451: RuntimeWarning: Concatenation of Annotations within Epochs is not supported yet. All annotations will be dropped.
  event_epochs = mne.concatenate_epochs(combined_epochs_list)
/hpc/home/jz421/coganlab/jz421/GlobalLocal/src/analysis/utils/general_utils.py:451: RuntimeWarning: Concatenation of Annotations within Epochs is not supported yet. All annotations will be dropped.
  event_epochs = mne.concatenate_epochs(combined_epochs_list)
/hpc/home/jz421/coganlab/jz421/GlobalLocal/src/analysis/utils/general_utils.py:451: RuntimeWarning: Concatenation of Annotations within Epochs is not supported yet. All annotations will be dropped.
  event_epochs = mne.concatenate_epochs(combined_epochs_list)
/hpc/home/jz421/coganlab/jz421/GlobalLocal/src/analysis/utils/general_utils.py:451: RuntimeWarning: Concatenation of Annotations within Epochs is not supported yet. All annotations will be dropped.
  event_epochs = mne.concatenate_epochs(combined_epochs_list)
/hpc/home/jz421/coganlab/jz421/GlobalLocal/src/analysis/utils/general_utils.py:451: RuntimeWarning: Concatenation of Annotations within Epochs is not supported yet. All annotations will be dropped.
  event_epochs = mne.concatenate_epochs(combined_epochs_list)
/hpc/home/jz421/coganlab/jz421/GlobalLocal/src/analysis/utils/general_utils.py:451: RuntimeWarning: Concatenation of Annotations within Epochs is not supported yet. All annotations will be dropped.
  event_epochs = mne.concatenate_epochs(combined_epochs_list)
/hpc/home/jz421/coganlab/jz421/GlobalLocal/src/analysis/utils/general_utils.py:451: RuntimeWarning: Concatenation of Annotations within Epochs is not supported yet. All annotations will be dropped.
  event_epochs = mne.concatenate_epochs(combined_epochs_list)
/hpc/home/jz421/coganlab/jz421/GlobalLocal/src/analysis/utils/general_utils.py:451: RuntimeWarning: Concatenation of Annotations within Epochs is not supported yet. All annotations will be dropped.
  event_epochs = mne.concatenate_epochs(combined_epochs_list)
/hpc/home/jz421/coganlab/jz421/GlobalLocal/src/analysis/utils/general_utils.py:451: RuntimeWarning: Concatenation of Annotations within Epochs is not supported yet. All annotations will be dropped.
  event_epochs = mne.concatenate_epochs(combined_epochs_list)
/hpc/home/jz421/coganlab/jz421/GlobalLocal/src/analysis/utils/general_utils.py:451: RuntimeWarning: Concatenation of Annotations within Epochs is not supported yet. All annotations will be dropped.
  event_epochs = mne.concatenate_epochs(combined_epochs_list)
/hpc/home/jz421/coganlab/jz421/GlobalLocal/src/analysis/utils/general_utils.py:451: RuntimeWarning: Concatenation of Annotations within Epochs is not supported yet. All annotations will be dropped.
  event_epochs = mne.concatenate_epochs(combined_epochs_list)
/hpc/home/jz421/coganlab/jz421/GlobalLocal/src/analysis/utils/general_utils.py:451: RuntimeWarning: Concatenation of Annotations within Epochs is not supported yet. All annotations will be dropped.
  event_epochs = mne.concatenate_epochs(combined_epochs_list)
/hpc/home/jz421/coganlab/jz421/GlobalLocal/src/analysis/utils/general_utils.py:451: RuntimeWarning: Concatenation of Annotations within Epochs is not supported yet. All annotations will be dropped.
  event_epochs = mne.concatenate_epochs(combined_epochs_list)
/hpc/home/jz421/coganlab/jz421/GlobalLocal/src/analysis/utils/general_utils.py:451: RuntimeWarning: Concatenation of Annotations within Epochs is not supported yet. All annotations will be dropped.
  event_epochs = mne.concatenate_epochs(combined_epochs_list)
/hpc/home/jz421/coganlab/jz421/GlobalLocal/src/analysis/utils/general_utils.py:451: RuntimeWarning: Concatenation of Annotations within Epochs is not supported yet. All annotations will be dropped.
  event_epochs = mne.concatenate_epochs(combined_epochs_list)
/hpc/home/jz421/coganlab/jz421/GlobalLocal/src/analysis/utils/general_utils.py:451: RuntimeWarning: Concatenation of Annotations within Epochs is not supported yet. All annotations will be dropped.
  event_epochs = mne.concatenate_epochs(combined_epochs_list)
/hpc/home/jz421/coganlab/jz421/GlobalLocal/src/analysis/utils/general_utils.py:451: RuntimeWarning: Concatenation of Annotations within Epochs is not supported yet. All annotations will be dropped.
  event_epochs = mne.concatenate_epochs(combined_epochs_list)
/hpc/home/jz421/coganlab/jz421/GlobalLocal/src/analysis/utils/general_utils.py:451: RuntimeWarning: Concatenation of Annotations within Epochs is not supported yet. All annotations will be dropped.
  event_epochs = mne.concatenate_epochs(combined_epochs_list)
/hpc/home/jz421/coganlab/jz421/GlobalLocal/src/analysis/utils/general_utils.py:451: RuntimeWarning: Concatenation of Annotations within Epochs is not supported yet. All annotations will be dropped.
  event_epochs = mne.concatenate_epochs(combined_epochs_list)
/hpc/home/jz421/coganlab/jz421/GlobalLocal/src/analysis/utils/general_utils.py:451: RuntimeWarning: Concatenation of Annotations within Epochs is not supported yet. All annotations will be dropped.
  event_epochs = mne.concatenate_epochs(combined_epochs_list)
/hpc/home/jz421/coganlab/jz421/GlobalLocal/src/analysis/utils/general_utils.py:451: RuntimeWarning: Concatenation of Annotations within Epochs is not supported yet. All annotations will be dropped.
  event_epochs = mne.concatenate_epochs(combined_epochs_list)
/hpc/home/jz421/coganlab/jz421/GlobalLocal/src/analysis/utils/general_utils.py:451: RuntimeWarning: Concatenation of Annotations within Epochs is not supported yet. All annotations will be dropped.
  event_epochs = mne.concatenate_epochs(combined_epochs_list)
/hpc/home/jz421/coganlab/jz421/GlobalLocal/src/analysis/utils/general_utils.py:451: RuntimeWarning: Concatenation of Annotations within Epochs is not supported yet. All annotations will be dropped.
  event_epochs = mne.concatenate_epochs(combined_epochs_list)
/hpc/home/jz421/coganlab/jz421/GlobalLocal/src/analysis/utils/general_utils.py:451: RuntimeWarning: Concatenation of Annotations within Epochs is not supported yet. All annotations will be dropped.
  event_epochs = mne.concatenate_epochs(combined_epochs_list)
/hpc/home/jz421/coganlab/jz421/GlobalLocal/src/analysis/utils/general_utils.py:451: RuntimeWarning: Concatenation of Annotations within Epochs is not supported yet. All annotations will be dropped.
  event_epochs = mne.concatenate_epochs(combined_epochs_list)
/hpc/home/jz421/coganlab/jz421/GlobalLocal/src/analysis/utils/general_utils.py:451: RuntimeWarning: Concatenation of Annotations within Epochs is not supported yet. All annotations will be dropped.
  event_epochs = mne.concatenate_epochs(combined_epochs_list)
/hpc/home/jz421/coganlab/jz421/GlobalLocal/src/analysis/utils/general_utils.py:451: RuntimeWarning: Concatenation of Annotations within Epochs is not supported yet. All annotations will be dropped.
  event_epochs = mne.concatenate_epochs(combined_epochs_list)
/hpc/home/jz421/coganlab/jz421/GlobalLocal/src/analysis/utils/general_utils.py:451: RuntimeWarning: Concatenation of Annotations within Epochs is not supported yet. All annotations will be dropped.
  event_epochs = mne.concatenate_epochs(combined_epochs_list)
/hpc/home/jz421/coganlab/jz421/GlobalLocal/src/analysis/utils/general_utils.py:451: RuntimeWarning: Concatenation of Annotations within Epochs is not supported yet. All annotations will be dropped.
  event_epochs = mne.concatenate_epochs(combined_epochs_list)
/hpc/home/jz421/coganlab/jz421/GlobalLocal/src/analysis/utils/general_utils.py:451: RuntimeWarning: Concatenation of Annotations within Epochs is not supported yet. All annotations will be dropped.
  event_epochs = mne.concatenate_epochs(combined_epochs_list)
/hpc/home/jz421/coganlab/jz421/GlobalLocal/src/analysis/utils/general_utils.py:451: RuntimeWarning: Concatenation of Annotations within Epochs is not supported yet. All annotations will be dropped.
  event_epochs = mne.concatenate_epochs(combined_epochs_list)
/hpc/home/jz421/coganlab/jz421/GlobalLocal/src/analysis/utils/general_utils.py:451: RuntimeWarning: Concatenation of Annotations within Epochs is not supported yet. All annotations will be dropped.
  event_epochs = mne.concatenate_epochs(combined_epochs_list)
/hpc/home/jz421/coganlab/jz421/GlobalLocal/src/analysis/utils/general_utils.py:451: RuntimeWarning: Concatenation of Annotations within Epochs is not supported yet. All annotations will be dropped.
  event_epochs = mne.concatenate_epochs(combined_epochs_list)
/hpc/home/jz421/coganlab/jz421/GlobalLocal/src/analysis/utils/general_utils.py:451: RuntimeWarning: Concatenation of Annotations within Epochs is not supported yet. All annotations will be dropped.
  event_epochs = mne.concatenate_epochs(combined_epochs_list)
/hpc/home/jz421/coganlab/jz421/GlobalLocal/src/analysis/utils/general_utils.py:451: RuntimeWarning: Concatenation of Annotations within Epochs is not supported yet. All annotations will be dropped.
  event_epochs = mne.concatenate_epochs(combined_epochs_list)
/hpc/home/jz421/coganlab/jz421/GlobalLocal/src/analysis/utils/general_utils.py:451: RuntimeWarning: Concatenation of Annotations within Epochs is not supported yet. All annotations will be dropped.
  event_epochs = mne.concatenate_epochs(combined_epochs_list)
/hpc/home/jz421/coganlab/jz421/GlobalLocal/src/analysis/utils/general_utils.py:451: RuntimeWarning: Concatenation of Annotations within Epochs is not supported yet. All annotations will be dropped.
  event_epochs = mne.concatenate_epochs(combined_epochs_list)
/hpc/home/jz421/coganlab/jz421/GlobalLocal/src/analysis/utils/general_utils.py:451: RuntimeWarning: Concatenation of Annotations within Epochs is not supported yet. All annotations will be dropped.
  event_epochs = mne.concatenate_epochs(combined_epochs_list)
/hpc/home/jz421/coganlab/jz421/GlobalLocal/src/analysis/utils/general_utils.py:451: RuntimeWarning: Concatenation of Annotations within Epochs is not supported yet. All annotations will be dropped.
  event_epochs = mne.concatenate_epochs(combined_epochs_list)
/hpc/home/jz421/coganlab/jz421/GlobalLocal/src/analysis/utils/general_utils.py:451: RuntimeWarning: Concatenation of Annotations within Epochs is not supported yet. All annotations will be dropped.
  event_epochs = mne.concatenate_epochs(combined_epochs_list)
/hpc/home/jz421/coganlab/jz421/GlobalLocal/src/analysis/utils/general_utils.py:451: RuntimeWarning: Concatenation of Annotations within Epochs is not supported yet. All annotations will be dropped.
  event_epochs = mne.concatenate_epochs(combined_epochs_list)
/hpc/home/jz421/coganlab/jz421/GlobalLocal/src/analysis/utils/general_utils.py:451: RuntimeWarning: Concatenation of Annotations within Epochs is not supported yet. All annotations will be dropped.
  event_epochs = mne.concatenate_epochs(combined_epochs_list)
/hpc/home/jz421/coganlab/jz421/GlobalLocal/src/analysis/utils/general_utils.py:451: RuntimeWarning: Concatenation of Annotations within Epochs is not supported yet. All annotations will be dropped.
  event_epochs = mne.concatenate_epochs(combined_epochs_list)
/hpc/home/jz421/coganlab/jz421/GlobalLocal/src/analysis/utils/general_utils.py:451: RuntimeWarning: Concatenation of Annotations within Epochs is not supported yet. All annotations will be dropped.
  event_epochs = mne.concatenate_epochs(combined_epochs_list)
/hpc/home/jz421/coganlab/jz421/GlobalLocal/src/analysis/utils/general_utils.py:451: RuntimeWarning: Concatenation of Annotations within Epochs is not supported yet. All annotations will be dropped.
  event_epochs = mne.concatenate_epochs(combined_epochs_list)
/hpc/home/jz421/coganlab/jz421/GlobalLocal/src/analysis/utils/general_utils.py:451: RuntimeWarning: Concatenation of Annotations within Epochs is not supported yet. All annotations will be dropped.
  event_epochs = mne.concatenate_epochs(combined_epochs_list)
/hpc/home/jz421/coganlab/jz421/GlobalLocal/src/analysis/utils/general_utils.py:451: RuntimeWarning: Concatenation of Annotations within Epochs is not supported yet. All annotations will be dropped.
  event_epochs = mne.concatenate_epochs(combined_epochs_list)
/hpc/home/jz421/coganlab/jz421/GlobalLocal/src/analysis/utils/general_utils.py:451: RuntimeWarning: Concatenation of Annotations within Epochs is not supported yet. All annotations will be dropped.
  event_epochs = mne.concatenate_epochs(combined_epochs_list)
/hpc/home/jz421/coganlab/jz421/GlobalLocal/src/analysis/utils/general_utils.py:451: RuntimeWarning: Concatenation of Annotations within Epochs is not supported yet. All annotations will be dropped.
  event_epochs = mne.concatenate_epochs(combined_epochs_list)
/hpc/home/jz421/coganlab/jz421/GlobalLocal/src/analysis/utils/general_utils.py:451: RuntimeWarning: Concatenation of Annotations within Epochs is not supported yet. All annotations will be dropped.
  event_epochs = mne.concatenate_epochs(combined_epochs_list)
/hpc/home/jz421/coganlab/jz421/GlobalLocal/src/analysis/utils/general_utils.py:451: RuntimeWarning: Concatenation of Annotations within Epochs is not supported yet. All annotations will be dropped.
  event_epochs = mne.concatenate_epochs(combined_epochs_list)
/hpc/home/jz421/coganlab/jz421/GlobalLocal/src/analysis/utils/general_utils.py:451: RuntimeWarning: Concatenation of Annotations within Epochs is not supported yet. All annotations will be dropped.
  event_epochs = mne.concatenate_epochs(combined_epochs_list)
/hpc/home/jz421/coganlab/jz421/GlobalLocal/src/analysis/utils/general_utils.py:451: RuntimeWarning: Concatenation of Annotations within Epochs is not supported yet. All annotations will be dropped.
  event_epochs = mne.concatenate_epochs(combined_epochs_list)
/hpc/home/jz421/coganlab/jz421/GlobalLocal/src/analysis/utils/general_utils.py:451: RuntimeWarning: Concatenation of Annotations within Epochs is not supported yet. All annotations will be dropped.
  event_epochs = mne.concatenate_epochs(combined_epochs_list)
/hpc/home/jz421/coganlab/jz421/GlobalLocal/src/analysis/utils/general_utils.py:451: RuntimeWarning: Concatenation of Annotations within Epochs is not supported yet. All annotations will be dropped.
  event_epochs = mne.concatenate_epochs(combined_epochs_list)
/hpc/home/jz421/coganlab/jz421/GlobalLocal/src/analysis/utils/general_utils.py:451: RuntimeWarning: Concatenation of Annotations within Epochs is not supported yet. All annotations will be dropped.
  event_epochs = mne.concatenate_epochs(combined_epochs_list)
/hpc/home/jz421/coganlab/jz421/GlobalLocal/src/analysis/utils/general_utils.py:451: RuntimeWarning: Concatenation of Annotations within Epochs is not supported yet. All annotations will be dropped.
  event_epochs = mne.concatenate_epochs(combined_epochs_list)
/hpc/home/jz421/coganlab/jz421/GlobalLocal/src/analysis/utils/general_utils.py:451: RuntimeWarning: Concatenation of Annotations within Epochs is not supported yet. All annotations will be dropped.
  event_epochs = mne.concatenate_epochs(combined_epochs_list)
[Parallel(n_jobs=-1)]: Using backend LokyBackend with 20 concurrent workers.
Extension for Scikit-learn* enabled (https://github.com/uxlfoundation/scikit-learn-intelex)
Extension for Scikit-learn* enabled (https://github.com/uxlfoundation/scikit-learn-intelex)
Extension for Scikit-learn* enabled (https://github.com/uxlfoundation/scikit-learn-intelex)
Extension for Scikit-learn* enabled (https://github.com/uxlfoundation/scikit-learn-intelex)
Extension for Scikit-learn* enabled (https://github.com/uxlfoundation/scikit-learn-intelex)
Extension for Scikit-learn* enabled (https://github.com/uxlfoundation/scikit-learn-intelex)
Extension for Scikit-learn* enabled (https://github.com/uxlfoundation/scikit-learn-intelex)
Extension for Scikit-learn* enabled (https://github.com/uxlfoundation/scikit-learn-intelex)
Extension for Scikit-learn* enabled (https://github.com/uxlfoundation/scikit-learn-intelex)
Extension for Scikit-learn* enabled (https://github.com/uxlfoundation/scikit-learn-intelex)
Extension for Scikit-learn* enabled (https://github.com/uxlfoundation/scikit-learn-intelex)
Extension for Scikit-learn* enabled (https://github.com/uxlfoundation/scikit-learn-intelex)
Extension for Scikit-learn* enabled (https://github.com/uxlfoundation/scikit-learn-intelex)
Extension for Scikit-learn* enabled (https://github.com/uxlfoundation/scikit-learn-intelex)
Extension for Scikit-learn* enabled (https://github.com/uxlfoundation/scikit-learn-intelex)
Extension for Scikit-learn* enabled (https://github.com/uxlfoundation/scikit-learn-intelex)
Extension for Scikit-learn* enabled (https://github.com/uxlfoundation/scikit-learn-intelex)
Extension for Scikit-learn* enabled (https://github.com/uxlfoundation/scikit-learn-intelex)
Extension for Scikit-learn* enabled (https://github.com/uxlfoundation/scikit-learn-intelex)
Extension for Scikit-learn* enabled (https://github.com/uxlfoundation/scikit-learn-intelex)
[Parallel(n_jobs=-1)]: Done   2 out of  20 | elapsed: 18.3min remaining: 164.9min
[Parallel(n_jobs=-1)]: Done   5 out of  20 | elapsed: 19.0min remaining: 56.9min
[Parallel(n_jobs=-1)]: Done   8 out of  20 | elapsed: 19.3min remaining: 28.9min
[Parallel(n_jobs=-1)]: Done  11 out of  20 | elapsed: 19.5min remaining: 16.0min
[Parallel(n_jobs=-1)]: Done  14 out of  20 | elapsed: 19.6min remaining:  8.4min
[Parallel(n_jobs=-1)]: Done  17 out of  20 | elapsed: 19.6min remaining:  3.5min
[Parallel(n_jobs=-1)]: Done  20 out of  20 | elapsed: 19.8min finished
The PostScript backend does not support transparency; partially transparent artists will be rendered opaque.
