Qt5Agg backend not available, using default backend
Qt5Agg backend not available, using default backend
['/hpc/home/etb28/coganlab/etb28/GlobalLocal', '/hpc/group/coganlab/etb28/GlobalLocal/dcc_scripts/power', '/hpc/home/etb28/miniconda3/envs/ieeg/lib/python311.zip', '/hpc/home/etb28/miniconda3/envs/ieeg/lib/python3.11', '/hpc/home/etb28/miniconda3/envs/ieeg/lib/python3.11/lib-dynload', '/hpc/home/etb28/miniconda3/envs/ieeg/lib/python3.11/site-packages', '/hpc/home/etb28/coganlab/etb28/GlobalLocal/IEEG_Pipelines/']
======================================================================
BANDPASS FILTERED DECODING ANALYSIS
======================================================================
Subjects:          ['D0057', 'D0059', 'D0063', 'D0065', 'D0069', 'D0071', 'D0077', 'D0090', 'D0094', 'D0100', 'D0102', 'D0103', 'D0107A', 'D0110', 'D0116', 'D0117', 'D0121', 'D0130', 'D0133', 'D0134']
Conditions:        ['Stimulus_err', 'Stimulus_corr']
ROIs:              ['lpfc', 'occ', 'dlpfc', 'acc', 'parietal']
Epochs file:       Stimulus_-1.0to1.5sec_0.5sec_within-1.0-0.0sec_base_decFactor_8_outliers_10_drop_thresh_perc_5.0_70.0-150.0_Hz_padLength_0.5s_stat_func_ttest_ind_equal_var_False_nan_policy_omit
Electrodes (all or sig):       all
----------------------------------------------------------------------
Perm Cluster Statistical Parameters:
  P-value Threshold: 0.05
  P cluster: 0.05
  Stat Func: ttest_ind
  Permutation Type: independent
  Number of Permutations: 500
  Tails: 2
======================================================================
ANOVA Parameters:
  Window Size: None
  Step Size: None
  Apply FDR: True
  FDR alpha: 0.05
======================================================================
plotting parameters:
  y limits: (-0.1, 0.45)
  show legend: False
======================================================================

Starting analysis...
Loaded data from /hpc/home/etb28/coganlab/etb28/GlobalLocal/src/analysis/config/subjects_electrodestoROIs_dict.json
Save directory created or already exists at: /cwork/etb28/BIDS-1.1_GlobalLocal/BIDS/derivatives/freqFilt/figs/Stimulus_-1.0to1.5sec_0.5sec_within-1.0-0.0sec_base_decFactor_8_outliers_10_drop_thresh_perc_5.0_70.0-150.0_Hz_padLength_0.5s_stat_func_ttest_ind_equal_var_False_nan_policy_omit
Loaded significant channels for subject D0057
Loaded significant channels for subject D0059
Loaded significant channels for subject D0063

✗ Analysis failed with error: [Errno 2] No such file or directory: '/cwork/etb28/BIDS-1.1_GlobalLocal/BIDS/derivatives/freqFilt/figs/D0065/sig_chans_D0065_Stimulus_-1.0to1.5sec_0.5sec_within-1.0-0.0sec_base_decFactor_8_outliers_10_drop_thresh_perc_5.0_70.0-150.0_Hz_padLength_0.5s_stat_func_ttest_ind_equal_var_False_nan_policy_omit.json'
