/hpc/home/etb28/coganlab/etb28/GlobalLocal/src/analysis/utils/general_utils.py:474: RuntimeWarning: Concatenation of Annotations within Epochs is not supported yet. All annotations will be dropped.
  event_epochs = mne.concatenate_epochs(combined_epochs_list)
/hpc/home/etb28/coganlab/etb28/GlobalLocal/src/analysis/utils/general_utils.py:474: RuntimeWarning: Concatenation of Annotations within Epochs is not supported yet. All annotations will be dropped.
  event_epochs = mne.concatenate_epochs(combined_epochs_list)
/hpc/home/etb28/coganlab/etb28/GlobalLocal/src/analysis/utils/general_utils.py:474: RuntimeWarning: Concatenation of Annotations within Epochs is not supported yet. All annotations will be dropped.
  event_epochs = mne.concatenate_epochs(combined_epochs_list)
/hpc/home/etb28/coganlab/etb28/GlobalLocal/src/analysis/utils/general_utils.py:474: RuntimeWarning: Concatenation of Annotations within Epochs is not supported yet. All annotations will be dropped.
  event_epochs = mne.concatenate_epochs(combined_epochs_list)
/hpc/home/etb28/coganlab/etb28/GlobalLocal/src/analysis/utils/general_utils.py:474: RuntimeWarning: Concatenation of Annotations within Epochs is not supported yet. All annotations will be dropped.
  event_epochs = mne.concatenate_epochs(combined_epochs_list)
/hpc/home/etb28/coganlab/etb28/GlobalLocal/src/analysis/utils/general_utils.py:474: RuntimeWarning: Concatenation of Annotations within Epochs is not supported yet. All annotations will be dropped.
  event_epochs = mne.concatenate_epochs(combined_epochs_list)
/hpc/home/etb28/coganlab/etb28/GlobalLocal/src/analysis/utils/general_utils.py:474: RuntimeWarning: Concatenation of Annotations within Epochs is not supported yet. All annotations will be dropped.
  event_epochs = mne.concatenate_epochs(combined_epochs_list)
/hpc/home/etb28/coganlab/etb28/GlobalLocal/src/analysis/utils/general_utils.py:474: RuntimeWarning: Concatenation of Annotations within Epochs is not supported yet. All annotations will be dropped.
  event_epochs = mne.concatenate_epochs(combined_epochs_list)
/hpc/home/etb28/coganlab/etb28/GlobalLocal/src/analysis/utils/general_utils.py:474: RuntimeWarning: Concatenation of Annotations within Epochs is not supported yet. All annotations will be dropped.
  event_epochs = mne.concatenate_epochs(combined_epochs_list)
/hpc/home/etb28/coganlab/etb28/GlobalLocal/src/analysis/utils/general_utils.py:474: RuntimeWarning: Concatenation of Annotations within Epochs is not supported yet. All annotations will be dropped.
  event_epochs = mne.concatenate_epochs(combined_epochs_list)
/hpc/home/etb28/coganlab/etb28/GlobalLocal/src/analysis/utils/general_utils.py:474: RuntimeWarning: Concatenation of Annotations within Epochs is not supported yet. All annotations will be dropped.
  event_epochs = mne.concatenate_epochs(combined_epochs_list)
/hpc/home/etb28/coganlab/etb28/GlobalLocal/src/analysis/utils/general_utils.py:474: RuntimeWarning: Concatenation of Annotations within Epochs is not supported yet. All annotations will be dropped.
  event_epochs = mne.concatenate_epochs(combined_epochs_list)
/hpc/home/etb28/coganlab/etb28/GlobalLocal/src/analysis/utils/general_utils.py:474: RuntimeWarning: Concatenation of Annotations within Epochs is not supported yet. All annotations will be dropped.
  event_epochs = mne.concatenate_epochs(combined_epochs_list)
/hpc/home/etb28/coganlab/etb28/GlobalLocal/src/analysis/utils/general_utils.py:474: RuntimeWarning: Concatenation of Annotations within Epochs is not supported yet. All annotations will be dropped.
  event_epochs = mne.concatenate_epochs(combined_epochs_list)
/hpc/home/etb28/coganlab/etb28/GlobalLocal/src/analysis/utils/general_utils.py:474: RuntimeWarning: Concatenation of Annotations within Epochs is not supported yet. All annotations will be dropped.
  event_epochs = mne.concatenate_epochs(combined_epochs_list)
/hpc/home/etb28/coganlab/etb28/GlobalLocal/src/analysis/utils/general_utils.py:474: RuntimeWarning: Concatenation of Annotations within Epochs is not supported yet. All annotations will be dropped.
  event_epochs = mne.concatenate_epochs(combined_epochs_list)
/hpc/home/etb28/coganlab/etb28/GlobalLocal/src/analysis/utils/general_utils.py:474: RuntimeWarning: Concatenation of Annotations within Epochs is not supported yet. All annotations will be dropped.
  event_epochs = mne.concatenate_epochs(combined_epochs_list)
/hpc/home/etb28/coganlab/etb28/GlobalLocal/src/analysis/utils/general_utils.py:474: RuntimeWarning: Concatenation of Annotations within Epochs is not supported yet. All annotations will be dropped.
  event_epochs = mne.concatenate_epochs(combined_epochs_list)
/hpc/home/etb28/coganlab/etb28/GlobalLocal/src/analysis/utils/general_utils.py:474: RuntimeWarning: Concatenation of Annotations within Epochs is not supported yet. All annotations will be dropped.
  event_epochs = mne.concatenate_epochs(combined_epochs_list)
/hpc/home/etb28/coganlab/etb28/GlobalLocal/src/analysis/utils/general_utils.py:474: RuntimeWarning: Concatenation of Annotations within Epochs is not supported yet. All annotations will be dropped.
  event_epochs = mne.concatenate_epochs(combined_epochs_list)
/hpc/home/etb28/coganlab/etb28/GlobalLocal/src/analysis/utils/general_utils.py:474: RuntimeWarning: Concatenation of Annotations within Epochs is not supported yet. All annotations will be dropped.
  event_epochs = mne.concatenate_epochs(combined_epochs_list)
/hpc/home/etb28/coganlab/etb28/GlobalLocal/src/analysis/utils/general_utils.py:474: RuntimeWarning: Concatenation of Annotations within Epochs is not supported yet. All annotations will be dropped.
  event_epochs = mne.concatenate_epochs(combined_epochs_list)
/hpc/home/etb28/coganlab/etb28/GlobalLocal/src/analysis/utils/general_utils.py:474: RuntimeWarning: Concatenation of Annotations within Epochs is not supported yet. All annotations will be dropped.
  event_epochs = mne.concatenate_epochs(combined_epochs_list)
/hpc/home/etb28/coganlab/etb28/GlobalLocal/src/analysis/utils/general_utils.py:474: RuntimeWarning: Concatenation of Annotations within Epochs is not supported yet. All annotations will be dropped.
  event_epochs = mne.concatenate_epochs(combined_epochs_list)
/hpc/home/etb28/coganlab/etb28/GlobalLocal/src/analysis/utils/general_utils.py:474: RuntimeWarning: Concatenation of Annotations within Epochs is not supported yet. All annotations will be dropped.
  event_epochs = mne.concatenate_epochs(combined_epochs_list)
/hpc/home/etb28/coganlab/etb28/GlobalLocal/src/analysis/utils/general_utils.py:474: RuntimeWarning: Concatenation of Annotations within Epochs is not supported yet. All annotations will be dropped.
  event_epochs = mne.concatenate_epochs(combined_epochs_list)
/hpc/home/etb28/coganlab/etb28/GlobalLocal/src/analysis/utils/general_utils.py:474: RuntimeWarning: Concatenation of Annotations within Epochs is not supported yet. All annotations will be dropped.
  event_epochs = mne.concatenate_epochs(combined_epochs_list)
/hpc/home/etb28/coganlab/etb28/GlobalLocal/src/analysis/utils/general_utils.py:474: RuntimeWarning: Concatenation of Annotations within Epochs is not supported yet. All annotations will be dropped.
  event_epochs = mne.concatenate_epochs(combined_epochs_list)
/hpc/home/etb28/coganlab/etb28/GlobalLocal/src/analysis/utils/general_utils.py:474: RuntimeWarning: Concatenation of Annotations within Epochs is not supported yet. All annotations will be dropped.
  event_epochs = mne.concatenate_epochs(combined_epochs_list)
/hpc/home/etb28/coganlab/etb28/GlobalLocal/src/analysis/utils/general_utils.py:474: RuntimeWarning: Concatenation of Annotations within Epochs is not supported yet. All annotations will be dropped.
  event_epochs = mne.concatenate_epochs(combined_epochs_list)
/hpc/home/etb28/coganlab/etb28/GlobalLocal/src/analysis/utils/general_utils.py:474: RuntimeWarning: Concatenation of Annotations within Epochs is not supported yet. All annotations will be dropped.
  event_epochs = mne.concatenate_epochs(combined_epochs_list)
/hpc/home/etb28/coganlab/etb28/GlobalLocal/src/analysis/utils/general_utils.py:474: RuntimeWarning: Concatenation of Annotations within Epochs is not supported yet. All annotations will be dropped.
  event_epochs = mne.concatenate_epochs(combined_epochs_list)
/hpc/home/etb28/coganlab/etb28/GlobalLocal/src/analysis/utils/general_utils.py:474: RuntimeWarning: Concatenation of Annotations within Epochs is not supported yet. All annotations will be dropped.
  event_epochs = mne.concatenate_epochs(combined_epochs_list)
/hpc/home/etb28/coganlab/etb28/GlobalLocal/src/analysis/utils/general_utils.py:474: RuntimeWarning: Concatenation of Annotations within Epochs is not supported yet. All annotations will be dropped.
  event_epochs = mne.concatenate_epochs(combined_epochs_list)
/hpc/home/etb28/coganlab/etb28/GlobalLocal/src/analysis/utils/general_utils.py:474: RuntimeWarning: Concatenation of Annotations within Epochs is not supported yet. All annotations will be dropped.
  event_epochs = mne.concatenate_epochs(combined_epochs_list)
/hpc/home/etb28/coganlab/etb28/GlobalLocal/src/analysis/utils/general_utils.py:474: RuntimeWarning: Concatenation of Annotations within Epochs is not supported yet. All annotations will be dropped.
  event_epochs = mne.concatenate_epochs(combined_epochs_list)
/hpc/home/etb28/coganlab/etb28/GlobalLocal/src/analysis/utils/general_utils.py:474: RuntimeWarning: Concatenation of Annotations within Epochs is not supported yet. All annotations will be dropped.
  event_epochs = mne.concatenate_epochs(combined_epochs_list)
/hpc/home/etb28/coganlab/etb28/GlobalLocal/src/analysis/utils/general_utils.py:474: RuntimeWarning: Concatenation of Annotations within Epochs is not supported yet. All annotations will be dropped.
  event_epochs = mne.concatenate_epochs(combined_epochs_list)
/hpc/home/etb28/coganlab/etb28/GlobalLocal/src/analysis/utils/general_utils.py:474: RuntimeWarning: Concatenation of Annotations within Epochs is not supported yet. All annotations will be dropped.
  event_epochs = mne.concatenate_epochs(combined_epochs_list)
/hpc/home/etb28/coganlab/etb28/GlobalLocal/src/analysis/utils/general_utils.py:474: RuntimeWarning: Concatenation of Annotations within Epochs is not supported yet. All annotations will be dropped.
  event_epochs = mne.concatenate_epochs(combined_epochs_list)
/hpc/home/etb28/coganlab/etb28/GlobalLocal/src/analysis/utils/general_utils.py:474: RuntimeWarning: Concatenation of Annotations within Epochs is not supported yet. All annotations will be dropped.
  event_epochs = mne.concatenate_epochs(combined_epochs_list)
/hpc/home/etb28/coganlab/etb28/GlobalLocal/src/analysis/utils/general_utils.py:474: RuntimeWarning: Concatenation of Annotations within Epochs is not supported yet. All annotations will be dropped.
  event_epochs = mne.concatenate_epochs(combined_epochs_list)
/hpc/home/etb28/coganlab/etb28/GlobalLocal/src/analysis/utils/general_utils.py:474: RuntimeWarning: Concatenation of Annotations within Epochs is not supported yet. All annotations will be dropped.
  event_epochs = mne.concatenate_epochs(combined_epochs_list)
/hpc/home/etb28/coganlab/etb28/GlobalLocal/src/analysis/utils/general_utils.py:474: RuntimeWarning: Concatenation of Annotations within Epochs is not supported yet. All annotations will be dropped.
  event_epochs = mne.concatenate_epochs(combined_epochs_list)
/hpc/home/etb28/coganlab/etb28/GlobalLocal/src/analysis/utils/general_utils.py:474: RuntimeWarning: Concatenation of Annotations within Epochs is not supported yet. All annotations will be dropped.
  event_epochs = mne.concatenate_epochs(combined_epochs_list)
/hpc/home/etb28/coganlab/etb28/GlobalLocal/src/analysis/utils/general_utils.py:474: RuntimeWarning: Concatenation of Annotations within Epochs is not supported yet. All annotations will be dropped.
  event_epochs = mne.concatenate_epochs(combined_epochs_list)
/hpc/home/etb28/coganlab/etb28/GlobalLocal/src/analysis/utils/general_utils.py:474: RuntimeWarning: Concatenation of Annotations within Epochs is not supported yet. All annotations will be dropped.
  event_epochs = mne.concatenate_epochs(combined_epochs_list)
/hpc/home/etb28/coganlab/etb28/GlobalLocal/src/analysis/utils/general_utils.py:474: RuntimeWarning: Concatenation of Annotations within Epochs is not supported yet. All annotations will be dropped.
  event_epochs = mne.concatenate_epochs(combined_epochs_list)
/hpc/home/etb28/coganlab/etb28/GlobalLocal/src/analysis/utils/general_utils.py:474: RuntimeWarning: Concatenation of Annotations within Epochs is not supported yet. All annotations will be dropped.
  event_epochs = mne.concatenate_epochs(combined_epochs_list)
/hpc/home/etb28/coganlab/etb28/GlobalLocal/src/analysis/utils/general_utils.py:474: RuntimeWarning: Concatenation of Annotations within Epochs is not supported yet. All annotations will be dropped.
  event_epochs = mne.concatenate_epochs(combined_epochs_list)
/hpc/home/etb28/coganlab/etb28/GlobalLocal/src/analysis/utils/general_utils.py:474: RuntimeWarning: Concatenation of Annotations within Epochs is not supported yet. All annotations will be dropped.
  event_epochs = mne.concatenate_epochs(combined_epochs_list)
/hpc/home/etb28/coganlab/etb28/GlobalLocal/src/analysis/utils/general_utils.py:474: RuntimeWarning: Concatenation of Annotations within Epochs is not supported yet. All annotations will be dropped.
  event_epochs = mne.concatenate_epochs(combined_epochs_list)
/hpc/home/etb28/coganlab/etb28/GlobalLocal/src/analysis/utils/general_utils.py:474: RuntimeWarning: Concatenation of Annotations within Epochs is not supported yet. All annotations will be dropped.
  event_epochs = mne.concatenate_epochs(combined_epochs_list)
/hpc/home/etb28/coganlab/etb28/GlobalLocal/src/analysis/utils/general_utils.py:474: RuntimeWarning: Concatenation of Annotations within Epochs is not supported yet. All annotations will be dropped.
  event_epochs = mne.concatenate_epochs(combined_epochs_list)
/hpc/home/etb28/coganlab/etb28/GlobalLocal/src/analysis/utils/general_utils.py:474: RuntimeWarning: Concatenation of Annotations within Epochs is not supported yet. All annotations will be dropped.
  event_epochs = mne.concatenate_epochs(combined_epochs_list)
/hpc/home/etb28/coganlab/etb28/GlobalLocal/src/analysis/utils/general_utils.py:474: RuntimeWarning: Concatenation of Annotations within Epochs is not supported yet. All annotations will be dropped.
  event_epochs = mne.concatenate_epochs(combined_epochs_list)
/hpc/home/etb28/coganlab/etb28/GlobalLocal/src/analysis/utils/general_utils.py:474: RuntimeWarning: Concatenation of Annotations within Epochs is not supported yet. All annotations will be dropped.
  event_epochs = mne.concatenate_epochs(combined_epochs_list)
/hpc/home/etb28/coganlab/etb28/GlobalLocal/src/analysis/utils/general_utils.py:474: RuntimeWarning: Concatenation of Annotations within Epochs is not supported yet. All annotations will be dropped.
  event_epochs = mne.concatenate_epochs(combined_epochs_list)
/hpc/home/etb28/coganlab/etb28/GlobalLocal/src/analysis/utils/general_utils.py:474: RuntimeWarning: Concatenation of Annotations within Epochs is not supported yet. All annotations will be dropped.
  event_epochs = mne.concatenate_epochs(combined_epochs_list)
/hpc/home/etb28/coganlab/etb28/GlobalLocal/src/analysis/utils/general_utils.py:474: RuntimeWarning: Concatenation of Annotations within Epochs is not supported yet. All annotations will be dropped.
  event_epochs = mne.concatenate_epochs(combined_epochs_list)
/hpc/home/etb28/coganlab/etb28/GlobalLocal/src/analysis/utils/general_utils.py:474: RuntimeWarning: Concatenation of Annotations within Epochs is not supported yet. All annotations will be dropped.
  event_epochs = mne.concatenate_epochs(combined_epochs_list)
/hpc/home/etb28/coganlab/etb28/GlobalLocal/src/analysis/utils/general_utils.py:474: RuntimeWarning: Concatenation of Annotations within Epochs is not supported yet. All annotations will be dropped.
  event_epochs = mne.concatenate_epochs(combined_epochs_list)
/hpc/home/etb28/coganlab/etb28/GlobalLocal/src/analysis/utils/general_utils.py:474: RuntimeWarning: Concatenation of Annotations within Epochs is not supported yet. All annotations will be dropped.
  event_epochs = mne.concatenate_epochs(combined_epochs_list)
/hpc/home/etb28/coganlab/etb28/GlobalLocal/src/analysis/utils/general_utils.py:474: RuntimeWarning: Concatenation of Annotations within Epochs is not supported yet. All annotations will be dropped.
  event_epochs = mne.concatenate_epochs(combined_epochs_list)
Traceback (most recent call last):
  File "/hpc/home/etb28/coganlab/etb28/GlobalLocal/dcc_scripts/power/run_power_traces_dcc.py", line 265, in run_analysis
    main(args)
  File "/hpc/home/etb28/coganlab/etb28/GlobalLocal/dcc_scripts/power/power_traces_dcc.py", line 132, in main
    current_data = subjects_mne_objects[sub].get_data()
                   ^^^^^^^^^^^^^^^^^^^^^^^^^^^^^^^^^^
AttributeError: 'dict' object has no attribute 'get_data'
