/hpc/home/etb28/coganlab/etb28/GlobalLocal/src/analysis/utils/general_utils.py:428: RuntimeWarning: Concatenation of Annotations within Epochs is not supported yet. All annotations will be dropped.
  event_epochs = mne.concatenate_epochs(combined_epochs_list)
/hpc/home/etb28/coganlab/etb28/GlobalLocal/src/analysis/utils/general_utils.py:428: RuntimeWarning: Concatenation of Annotations within Epochs is not supported yet. All annotations will be dropped.
  event_epochs = mne.concatenate_epochs(combined_epochs_list)
/hpc/home/etb28/coganlab/etb28/GlobalLocal/src/analysis/utils/general_utils.py:428: RuntimeWarning: Concatenation of Annotations within Epochs is not supported yet. All annotations will be dropped.
  event_epochs = mne.concatenate_epochs(combined_epochs_list)
/hpc/home/etb28/coganlab/etb28/GlobalLocal/src/analysis/utils/general_utils.py:428: RuntimeWarning: Concatenation of Annotations within Epochs is not supported yet. All annotations will be dropped.
  event_epochs = mne.concatenate_epochs(combined_epochs_list)
/hpc/home/etb28/coganlab/etb28/GlobalLocal/src/analysis/utils/general_utils.py:428: RuntimeWarning: Concatenation of Annotations within Epochs is not supported yet. All annotations will be dropped.
  event_epochs = mne.concatenate_epochs(combined_epochs_list)
/hpc/home/etb28/coganlab/etb28/GlobalLocal/src/analysis/utils/general_utils.py:428: RuntimeWarning: Concatenation of Annotations within Epochs is not supported yet. All annotations will be dropped.
  event_epochs = mne.concatenate_epochs(combined_epochs_list)
/hpc/home/etb28/coganlab/etb28/GlobalLocal/src/analysis/utils/general_utils.py:428: RuntimeWarning: Concatenation of Annotations within Epochs is not supported yet. All annotations will be dropped.
  event_epochs = mne.concatenate_epochs(combined_epochs_list)
/hpc/home/etb28/coganlab/etb28/GlobalLocal/src/analysis/utils/general_utils.py:428: RuntimeWarning: Concatenation of Annotations within Epochs is not supported yet. All annotations will be dropped.
  event_epochs = mne.concatenate_epochs(combined_epochs_list)
/hpc/home/etb28/coganlab/etb28/GlobalLocal/src/analysis/utils/general_utils.py:428: RuntimeWarning: Concatenation of Annotations within Epochs is not supported yet. All annotations will be dropped.
  event_epochs = mne.concatenate_epochs(combined_epochs_list)
/hpc/home/etb28/coganlab/etb28/GlobalLocal/src/analysis/utils/general_utils.py:428: RuntimeWarning: Concatenation of Annotations within Epochs is not supported yet. All annotations will be dropped.
  event_epochs = mne.concatenate_epochs(combined_epochs_list)
/hpc/home/etb28/coganlab/etb28/GlobalLocal/src/analysis/utils/general_utils.py:428: RuntimeWarning: Concatenation of Annotations within Epochs is not supported yet. All annotations will be dropped.
  event_epochs = mne.concatenate_epochs(combined_epochs_list)
/hpc/home/etb28/coganlab/etb28/GlobalLocal/src/analysis/utils/general_utils.py:428: RuntimeWarning: Concatenation of Annotations within Epochs is not supported yet. All annotations will be dropped.
  event_epochs = mne.concatenate_epochs(combined_epochs_list)
/hpc/home/etb28/coganlab/etb28/GlobalLocal/src/analysis/utils/general_utils.py:428: RuntimeWarning: Concatenation of Annotations within Epochs is not supported yet. All annotations will be dropped.
  event_epochs = mne.concatenate_epochs(combined_epochs_list)
/hpc/home/etb28/coganlab/etb28/GlobalLocal/src/analysis/utils/general_utils.py:428: RuntimeWarning: Concatenation of Annotations within Epochs is not supported yet. All annotations will be dropped.
  event_epochs = mne.concatenate_epochs(combined_epochs_list)
/hpc/home/etb28/coganlab/etb28/GlobalLocal/src/analysis/utils/general_utils.py:428: RuntimeWarning: Concatenation of Annotations within Epochs is not supported yet. All annotations will be dropped.
  event_epochs = mne.concatenate_epochs(combined_epochs_list)
/hpc/home/etb28/coganlab/etb28/GlobalLocal/src/analysis/utils/general_utils.py:428: RuntimeWarning: Concatenation of Annotations within Epochs is not supported yet. All annotations will be dropped.
  event_epochs = mne.concatenate_epochs(combined_epochs_list)
/hpc/home/etb28/coganlab/etb28/GlobalLocal/src/analysis/utils/general_utils.py:428: RuntimeWarning: Concatenation of Annotations within Epochs is not supported yet. All annotations will be dropped.
  event_epochs = mne.concatenate_epochs(combined_epochs_list)
/hpc/home/etb28/coganlab/etb28/GlobalLocal/src/analysis/utils/general_utils.py:428: RuntimeWarning: Concatenation of Annotations within Epochs is not supported yet. All annotations will be dropped.
  event_epochs = mne.concatenate_epochs(combined_epochs_list)
/hpc/home/etb28/coganlab/etb28/GlobalLocal/src/analysis/utils/general_utils.py:428: RuntimeWarning: Concatenation of Annotations within Epochs is not supported yet. All annotations will be dropped.
  event_epochs = mne.concatenate_epochs(combined_epochs_list)
/hpc/home/etb28/coganlab/etb28/GlobalLocal/src/analysis/utils/general_utils.py:428: RuntimeWarning: Concatenation of Annotations within Epochs is not supported yet. All annotations will be dropped.
  event_epochs = mne.concatenate_epochs(combined_epochs_list)
/hpc/home/etb28/coganlab/etb28/GlobalLocal/src/analysis/utils/general_utils.py:428: RuntimeWarning: Concatenation of Annotations within Epochs is not supported yet. All annotations will be dropped.
  event_epochs = mne.concatenate_epochs(combined_epochs_list)
/hpc/home/etb28/coganlab/etb28/GlobalLocal/src/analysis/utils/general_utils.py:428: RuntimeWarning: Concatenation of Annotations within Epochs is not supported yet. All annotations will be dropped.
  event_epochs = mne.concatenate_epochs(combined_epochs_list)
/hpc/home/etb28/coganlab/etb28/GlobalLocal/src/analysis/utils/general_utils.py:428: RuntimeWarning: Concatenation of Annotations within Epochs is not supported yet. All annotations will be dropped.
  event_epochs = mne.concatenate_epochs(combined_epochs_list)
/hpc/home/etb28/coganlab/etb28/GlobalLocal/src/analysis/utils/general_utils.py:428: RuntimeWarning: Concatenation of Annotations within Epochs is not supported yet. All annotations will be dropped.
  event_epochs = mne.concatenate_epochs(combined_epochs_list)
/hpc/home/etb28/coganlab/etb28/GlobalLocal/src/analysis/utils/general_utils.py:428: RuntimeWarning: Concatenation of Annotations within Epochs is not supported yet. All annotations will be dropped.
  event_epochs = mne.concatenate_epochs(combined_epochs_list)
/hpc/home/etb28/coganlab/etb28/GlobalLocal/src/analysis/utils/general_utils.py:428: RuntimeWarning: Concatenation of Annotations within Epochs is not supported yet. All annotations will be dropped.
  event_epochs = mne.concatenate_epochs(combined_epochs_list)
/hpc/home/etb28/coganlab/etb28/GlobalLocal/src/analysis/utils/general_utils.py:428: RuntimeWarning: Concatenation of Annotations within Epochs is not supported yet. All annotations will be dropped.
  event_epochs = mne.concatenate_epochs(combined_epochs_list)
/hpc/home/etb28/coganlab/etb28/GlobalLocal/src/analysis/utils/general_utils.py:428: RuntimeWarning: Concatenation of Annotations within Epochs is not supported yet. All annotations will be dropped.
  event_epochs = mne.concatenate_epochs(combined_epochs_list)
/hpc/home/etb28/coganlab/etb28/GlobalLocal/src/analysis/utils/general_utils.py:428: RuntimeWarning: Concatenation of Annotations within Epochs is not supported yet. All annotations will be dropped.
  event_epochs = mne.concatenate_epochs(combined_epochs_list)
/hpc/home/etb28/coganlab/etb28/GlobalLocal/src/analysis/utils/general_utils.py:428: RuntimeWarning: Concatenation of Annotations within Epochs is not supported yet. All annotations will be dropped.
  event_epochs = mne.concatenate_epochs(combined_epochs_list)
/hpc/home/etb28/coganlab/etb28/GlobalLocal/src/analysis/utils/general_utils.py:428: RuntimeWarning: Concatenation of Annotations within Epochs is not supported yet. All annotations will be dropped.
  event_epochs = mne.concatenate_epochs(combined_epochs_list)
/hpc/home/etb28/coganlab/etb28/GlobalLocal/src/analysis/utils/general_utils.py:428: RuntimeWarning: Concatenation of Annotations within Epochs is not supported yet. All annotations will be dropped.
  event_epochs = mne.concatenate_epochs(combined_epochs_list)
/hpc/home/etb28/coganlab/etb28/GlobalLocal/src/analysis/utils/general_utils.py:428: RuntimeWarning: Concatenation of Annotations within Epochs is not supported yet. All annotations will be dropped.
  event_epochs = mne.concatenate_epochs(combined_epochs_list)
/hpc/home/etb28/coganlab/etb28/GlobalLocal/src/analysis/utils/general_utils.py:428: RuntimeWarning: Concatenation of Annotations within Epochs is not supported yet. All annotations will be dropped.
  event_epochs = mne.concatenate_epochs(combined_epochs_list)
/hpc/home/etb28/coganlab/etb28/GlobalLocal/src/analysis/utils/general_utils.py:428: RuntimeWarning: Concatenation of Annotations within Epochs is not supported yet. All annotations will be dropped.
  event_epochs = mne.concatenate_epochs(combined_epochs_list)
/hpc/home/etb28/coganlab/etb28/GlobalLocal/src/analysis/utils/general_utils.py:428: RuntimeWarning: Concatenation of Annotations within Epochs is not supported yet. All annotations will be dropped.
  event_epochs = mne.concatenate_epochs(combined_epochs_list)
/hpc/home/etb28/coganlab/etb28/GlobalLocal/src/analysis/utils/general_utils.py:428: RuntimeWarning: Concatenation of Annotations within Epochs is not supported yet. All annotations will be dropped.
  event_epochs = mne.concatenate_epochs(combined_epochs_list)
/hpc/home/etb28/coganlab/etb28/GlobalLocal/src/analysis/utils/general_utils.py:428: RuntimeWarning: Concatenation of Annotations within Epochs is not supported yet. All annotations will be dropped.
  event_epochs = mne.concatenate_epochs(combined_epochs_list)
/hpc/home/etb28/coganlab/etb28/GlobalLocal/src/analysis/utils/general_utils.py:428: RuntimeWarning: Concatenation of Annotations within Epochs is not supported yet. All annotations will be dropped.
  event_epochs = mne.concatenate_epochs(combined_epochs_list)
/hpc/home/etb28/coganlab/etb28/GlobalLocal/src/analysis/utils/general_utils.py:428: RuntimeWarning: Concatenation of Annotations within Epochs is not supported yet. All annotations will be dropped.
  event_epochs = mne.concatenate_epochs(combined_epochs_list)
/hpc/home/etb28/coganlab/etb28/GlobalLocal/src/analysis/utils/general_utils.py:428: RuntimeWarning: Concatenation of Annotations within Epochs is not supported yet. All annotations will be dropped.
  event_epochs = mne.concatenate_epochs(combined_epochs_list)
/hpc/home/etb28/coganlab/etb28/GlobalLocal/src/analysis/utils/general_utils.py:428: RuntimeWarning: Concatenation of Annotations within Epochs is not supported yet. All annotations will be dropped.
  event_epochs = mne.concatenate_epochs(combined_epochs_list)
/hpc/home/etb28/coganlab/etb28/GlobalLocal/src/analysis/utils/general_utils.py:428: RuntimeWarning: Concatenation of Annotations within Epochs is not supported yet. All annotations will be dropped.
  event_epochs = mne.concatenate_epochs(combined_epochs_list)
/hpc/home/etb28/coganlab/etb28/GlobalLocal/src/analysis/utils/general_utils.py:428: RuntimeWarning: Concatenation of Annotations within Epochs is not supported yet. All annotations will be dropped.
  event_epochs = mne.concatenate_epochs(combined_epochs_list)
/hpc/home/etb28/coganlab/etb28/GlobalLocal/src/analysis/utils/general_utils.py:428: RuntimeWarning: Concatenation of Annotations within Epochs is not supported yet. All annotations will be dropped.
  event_epochs = mne.concatenate_epochs(combined_epochs_list)
/hpc/home/etb28/coganlab/etb28/GlobalLocal/src/analysis/utils/general_utils.py:428: RuntimeWarning: Concatenation of Annotations within Epochs is not supported yet. All annotations will be dropped.
  event_epochs = mne.concatenate_epochs(combined_epochs_list)
/hpc/home/etb28/coganlab/etb28/GlobalLocal/src/analysis/utils/general_utils.py:428: RuntimeWarning: Concatenation of Annotations within Epochs is not supported yet. All annotations will be dropped.
  event_epochs = mne.concatenate_epochs(combined_epochs_list)
/hpc/home/etb28/coganlab/etb28/GlobalLocal/src/analysis/utils/general_utils.py:428: RuntimeWarning: Concatenation of Annotations within Epochs is not supported yet. All annotations will be dropped.
  event_epochs = mne.concatenate_epochs(combined_epochs_list)
/hpc/home/etb28/coganlab/etb28/GlobalLocal/src/analysis/utils/general_utils.py:428: RuntimeWarning: Concatenation of Annotations within Epochs is not supported yet. All annotations will be dropped.
  event_epochs = mne.concatenate_epochs(combined_epochs_list)
/hpc/home/etb28/coganlab/etb28/GlobalLocal/src/analysis/utils/general_utils.py:428: RuntimeWarning: Concatenation of Annotations within Epochs is not supported yet. All annotations will be dropped.
  event_epochs = mne.concatenate_epochs(combined_epochs_list)
/hpc/home/etb28/coganlab/etb28/GlobalLocal/src/analysis/utils/general_utils.py:428: RuntimeWarning: Concatenation of Annotations within Epochs is not supported yet. All annotations will be dropped.
  event_epochs = mne.concatenate_epochs(combined_epochs_list)
/hpc/home/etb28/coganlab/etb28/GlobalLocal/src/analysis/utils/general_utils.py:428: RuntimeWarning: Concatenation of Annotations within Epochs is not supported yet. All annotations will be dropped.
  event_epochs = mne.concatenate_epochs(combined_epochs_list)
/hpc/home/etb28/coganlab/etb28/GlobalLocal/src/analysis/utils/general_utils.py:428: RuntimeWarning: Concatenation of Annotations within Epochs is not supported yet. All annotations will be dropped.
  event_epochs = mne.concatenate_epochs(combined_epochs_list)
/hpc/home/etb28/coganlab/etb28/GlobalLocal/src/analysis/utils/general_utils.py:428: RuntimeWarning: Concatenation of Annotations within Epochs is not supported yet. All annotations will be dropped.
  event_epochs = mne.concatenate_epochs(combined_epochs_list)
/hpc/home/etb28/coganlab/etb28/GlobalLocal/src/analysis/utils/general_utils.py:428: RuntimeWarning: Concatenation of Annotations within Epochs is not supported yet. All annotations will be dropped.
  event_epochs = mne.concatenate_epochs(combined_epochs_list)
/hpc/home/etb28/coganlab/etb28/GlobalLocal/src/analysis/utils/general_utils.py:428: RuntimeWarning: Concatenation of Annotations within Epochs is not supported yet. All annotations will be dropped.
  event_epochs = mne.concatenate_epochs(combined_epochs_list)
/hpc/home/etb28/coganlab/etb28/GlobalLocal/src/analysis/utils/general_utils.py:428: RuntimeWarning: Concatenation of Annotations within Epochs is not supported yet. All annotations will be dropped.
  event_epochs = mne.concatenate_epochs(combined_epochs_list)
/hpc/home/etb28/coganlab/etb28/GlobalLocal/src/analysis/utils/general_utils.py:428: RuntimeWarning: Concatenation of Annotations within Epochs is not supported yet. All annotations will be dropped.
  event_epochs = mne.concatenate_epochs(combined_epochs_list)
/hpc/home/etb28/coganlab/etb28/GlobalLocal/src/analysis/utils/general_utils.py:428: RuntimeWarning: Concatenation of Annotations within Epochs is not supported yet. All annotations will be dropped.
  event_epochs = mne.concatenate_epochs(combined_epochs_list)
/hpc/home/etb28/coganlab/etb28/GlobalLocal/src/analysis/utils/general_utils.py:428: RuntimeWarning: Concatenation of Annotations within Epochs is not supported yet. All annotations will be dropped.
  event_epochs = mne.concatenate_epochs(combined_epochs_list)
/hpc/home/etb28/coganlab/etb28/GlobalLocal/src/analysis/utils/general_utils.py:428: RuntimeWarning: Concatenation of Annotations within Epochs is not supported yet. All annotations will be dropped.
  event_epochs = mne.concatenate_epochs(combined_epochs_list)
/hpc/home/etb28/coganlab/etb28/GlobalLocal/src/analysis/utils/general_utils.py:428: RuntimeWarning: Concatenation of Annotations within Epochs is not supported yet. All annotations will be dropped.
  event_epochs = mne.concatenate_epochs(combined_epochs_list)
/hpc/home/etb28/coganlab/etb28/GlobalLocal/src/analysis/utils/general_utils.py:428: RuntimeWarning: Concatenation of Annotations within Epochs is not supported yet. All annotations will be dropped.
  event_epochs = mne.concatenate_epochs(combined_epochs_list)
/hpc/home/etb28/coganlab/etb28/GlobalLocal/src/analysis/utils/general_utils.py:428: RuntimeWarning: Concatenation of Annotations within Epochs is not supported yet. All annotations will be dropped.
  event_epochs = mne.concatenate_epochs(combined_epochs_list)
/hpc/home/etb28/coganlab/etb28/GlobalLocal/src/analysis/utils/general_utils.py:428: RuntimeWarning: Concatenation of Annotations within Epochs is not supported yet. All annotations will be dropped.
  event_epochs = mne.concatenate_epochs(combined_epochs_list)
/hpc/home/etb28/coganlab/etb28/GlobalLocal/src/analysis/utils/general_utils.py:428: RuntimeWarning: Concatenation of Annotations within Epochs is not supported yet. All annotations will be dropped.
  event_epochs = mne.concatenate_epochs(combined_epochs_list)
/hpc/home/etb28/coganlab/etb28/GlobalLocal/src/analysis/utils/general_utils.py:428: RuntimeWarning: Concatenation of Annotations within Epochs is not supported yet. All annotations will be dropped.
  event_epochs = mne.concatenate_epochs(combined_epochs_list)
/hpc/home/etb28/coganlab/etb28/GlobalLocal/src/analysis/utils/general_utils.py:428: RuntimeWarning: Concatenation of Annotations within Epochs is not supported yet. All annotations will be dropped.
  event_epochs = mne.concatenate_epochs(combined_epochs_list)
/hpc/home/etb28/coganlab/etb28/GlobalLocal/src/analysis/utils/general_utils.py:428: RuntimeWarning: Concatenation of Annotations within Epochs is not supported yet. All annotations will be dropped.
  event_epochs = mne.concatenate_epochs(combined_epochs_list)
/hpc/home/etb28/coganlab/etb28/GlobalLocal/src/analysis/utils/general_utils.py:428: RuntimeWarning: Concatenation of Annotations within Epochs is not supported yet. All annotations will be dropped.
  event_epochs = mne.concatenate_epochs(combined_epochs_list)
/hpc/home/etb28/coganlab/etb28/GlobalLocal/src/analysis/utils/general_utils.py:428: RuntimeWarning: Concatenation of Annotations within Epochs is not supported yet. All annotations will be dropped.
  event_epochs = mne.concatenate_epochs(combined_epochs_list)
/hpc/home/etb28/coganlab/etb28/GlobalLocal/src/analysis/utils/general_utils.py:428: RuntimeWarning: Concatenation of Annotations within Epochs is not supported yet. All annotations will be dropped.
  event_epochs = mne.concatenate_epochs(combined_epochs_list)
/hpc/home/etb28/coganlab/etb28/GlobalLocal/src/analysis/utils/general_utils.py:428: RuntimeWarning: Concatenation of Annotations within Epochs is not supported yet. All annotations will be dropped.
  event_epochs = mne.concatenate_epochs(combined_epochs_list)
/hpc/home/etb28/coganlab/etb28/GlobalLocal/src/analysis/utils/general_utils.py:428: RuntimeWarning: Concatenation of Annotations within Epochs is not supported yet. All annotations will be dropped.
  event_epochs = mne.concatenate_epochs(combined_epochs_list)
/hpc/home/etb28/coganlab/etb28/GlobalLocal/src/analysis/utils/general_utils.py:428: RuntimeWarning: Concatenation of Annotations within Epochs is not supported yet. All annotations will be dropped.
  event_epochs = mne.concatenate_epochs(combined_epochs_list)
/hpc/home/etb28/coganlab/etb28/GlobalLocal/src/analysis/utils/general_utils.py:428: RuntimeWarning: Concatenation of Annotations within Epochs is not supported yet. All annotations will be dropped.
  event_epochs = mne.concatenate_epochs(combined_epochs_list)
/hpc/home/etb28/coganlab/etb28/GlobalLocal/src/analysis/utils/general_utils.py:428: RuntimeWarning: Concatenation of Annotations within Epochs is not supported yet. All annotations will be dropped.
  event_epochs = mne.concatenate_epochs(combined_epochs_list)
/hpc/home/etb28/coganlab/etb28/GlobalLocal/src/analysis/utils/general_utils.py:428: RuntimeWarning: Concatenation of Annotations within Epochs is not supported yet. All annotations will be dropped.
  event_epochs = mne.concatenate_epochs(combined_epochs_list)
/hpc/home/etb28/coganlab/etb28/GlobalLocal/src/analysis/utils/general_utils.py:428: RuntimeWarning: Concatenation of Annotations within Epochs is not supported yet. All annotations will be dropped.
  event_epochs = mne.concatenate_epochs(combined_epochs_list)
/hpc/home/etb28/coganlab/etb28/GlobalLocal/src/analysis/utils/general_utils.py:428: RuntimeWarning: Concatenation of Annotations within Epochs is not supported yet. All annotations will be dropped.
  event_epochs = mne.concatenate_epochs(combined_epochs_list)
/hpc/home/etb28/coganlab/etb28/GlobalLocal/src/analysis/power/power_traces.py:82: RuntimeWarning: Channel names are not unique, found duplicates for: {'RIA16', 'RAMF13', 'LFO15', 'RIA14', 'RAMF11', 'RIA15', 'RIA12', 'RAMF14', 'LFAM8', 'RFAI3', 'LFAM9', 'RIA11', 'RAMF10', 'RIA5', 'RAI16'}. Applying running numbers for duplicates.
  info = mne.create_info(
/hpc/home/etb28/coganlab/etb28/GlobalLocal/src/analysis/power/power_traces.py:82: RuntimeWarning: Channel names are not unique, found duplicates for: {'RIA16', 'RAMF13', 'RIA14', 'RAMF11', 'RIA15', 'RIA12', 'RAMF14', 'LFAM8', 'LFAM9', 'RIA11', 'RAMF10', 'RAI16'}. Applying running numbers for duplicates.
  info = mne.create_info(
/hpc/home/etb28/coganlab/etb28/GlobalLocal/src/analysis/power/power_traces.py:82: RuntimeWarning: Channel names are not unique, found duplicates for: {'RMSF5'}. Applying running numbers for duplicates.
  info = mne.create_info(
/hpc/home/etb28/coganlab/etb28/GlobalLocal/src/analysis/power/power_traces.py:82: RuntimeWarning: Channel names are not unique, found duplicates for: {'RIA16', 'RAMF13', 'LFO15', 'RIA14', 'RAMF11', 'RIA15', 'RIA12', 'RAMF14', 'LFAM8', 'RFAI3', 'LFAM9', 'RIA11', 'RAMF10', 'RIA5', 'RAI16'}. Applying running numbers for duplicates.
  info = mne.create_info(
/hpc/home/etb28/coganlab/etb28/GlobalLocal/src/analysis/power/power_traces.py:82: RuntimeWarning: Channel names are not unique, found duplicates for: {'RIA16', 'RAMF13', 'RIA14', 'RAMF11', 'RIA15', 'RIA12', 'RAMF14', 'LFAM8', 'LFAM9', 'RIA11', 'RAMF10', 'RAI16'}. Applying running numbers for duplicates.
  info = mne.create_info(
/hpc/home/etb28/coganlab/etb28/GlobalLocal/src/analysis/power/power_traces.py:82: RuntimeWarning: Channel names are not unique, found duplicates for: {'RMSF5'}. Applying running numbers for duplicates.
  info = mne.create_info(
/hpc/home/etb28/coganlab/etb28/GlobalLocal/src/analysis/power/power_traces.py:82: RuntimeWarning: Channel names are not unique, found duplicates for: {'RIA16', 'RAMF13', 'LFO15', 'RIA14', 'RAMF11', 'RIA15', 'RIA12', 'RAMF14', 'LFAM8', 'RFAI3', 'LFAM9', 'RIA11', 'RAMF10', 'RIA5', 'RAI16'}. Applying running numbers for duplicates.
  info = mne.create_info(
/hpc/home/etb28/coganlab/etb28/GlobalLocal/src/analysis/power/power_traces.py:82: RuntimeWarning: Channel names are not unique, found duplicates for: {'RIA16', 'RAMF13', 'RIA14', 'RAMF11', 'RIA15', 'RIA12', 'RAMF14', 'LFAM8', 'LFAM9', 'RIA11', 'RAMF10', 'RAI16'}. Applying running numbers for duplicates.
  info = mne.create_info(
/hpc/home/etb28/coganlab/etb28/GlobalLocal/src/analysis/power/power_traces.py:82: RuntimeWarning: Channel names are not unique, found duplicates for: {'RMSF5'}. Applying running numbers for duplicates.
  info = mne.create_info(
/hpc/home/etb28/coganlab/etb28/GlobalLocal/src/analysis/power/power_traces.py:82: RuntimeWarning: Channel names are not unique, found duplicates for: {'RIA16', 'RAMF13', 'LFO15', 'RIA14', 'RAMF11', 'RIA15', 'RIA12', 'RAMF14', 'LFAM8', 'RFAI3', 'LFAM9', 'RIA11', 'RAMF10', 'RIA5', 'RAI16'}. Applying running numbers for duplicates.
  info = mne.create_info(
/hpc/home/etb28/coganlab/etb28/GlobalLocal/src/analysis/power/power_traces.py:82: RuntimeWarning: Channel names are not unique, found duplicates for: {'RIA16', 'RAMF13', 'RIA14', 'RAMF11', 'RIA15', 'RIA12', 'RAMF14', 'LFAM8', 'LFAM9', 'RIA11', 'RAMF10', 'RAI16'}. Applying running numbers for duplicates.
  info = mne.create_info(
/hpc/home/etb28/coganlab/etb28/GlobalLocal/src/analysis/power/power_traces.py:82: RuntimeWarning: Channel names are not unique, found duplicates for: {'RMSF5'}. Applying running numbers for duplicates.
  info = mne.create_info(
