/hpc/home/etb28/coganlab/etb28/GlobalLocal/src/analysis/utils/general_utils.py:428: RuntimeWarning: Concatenation of Annotations within Epochs is not supported yet. All annotations will be dropped.
  event_epochs = mne.concatenate_epochs(combined_epochs_list)
/hpc/home/etb28/coganlab/etb28/GlobalLocal/src/analysis/utils/general_utils.py:428: RuntimeWarning: Concatenation of Annotations within Epochs is not supported yet. All annotations will be dropped.
  event_epochs = mne.concatenate_epochs(combined_epochs_list)
/hpc/home/etb28/coganlab/etb28/GlobalLocal/src/analysis/utils/general_utils.py:428: RuntimeWarning: Concatenation of Annotations within Epochs is not supported yet. All annotations will be dropped.
  event_epochs = mne.concatenate_epochs(combined_epochs_list)
/hpc/home/etb28/coganlab/etb28/GlobalLocal/src/analysis/utils/general_utils.py:428: RuntimeWarning: Concatenation of Annotations within Epochs is not supported yet. All annotations will be dropped.
  event_epochs = mne.concatenate_epochs(combined_epochs_list)
/hpc/home/etb28/coganlab/etb28/GlobalLocal/src/analysis/utils/general_utils.py:428: RuntimeWarning: Concatenation of Annotations within Epochs is not supported yet. All annotations will be dropped.
  event_epochs = mne.concatenate_epochs(combined_epochs_list)
/hpc/home/etb28/coganlab/etb28/GlobalLocal/src/analysis/utils/general_utils.py:428: RuntimeWarning: Concatenation of Annotations within Epochs is not supported yet. All annotations will be dropped.
  event_epochs = mne.concatenate_epochs(combined_epochs_list)
/hpc/home/etb28/coganlab/etb28/GlobalLocal/src/analysis/utils/general_utils.py:428: RuntimeWarning: Concatenation of Annotations within Epochs is not supported yet. All annotations will be dropped.
  event_epochs = mne.concatenate_epochs(combined_epochs_list)
/hpc/home/etb28/coganlab/etb28/GlobalLocal/src/analysis/utils/general_utils.py:428: RuntimeWarning: Concatenation of Annotations within Epochs is not supported yet. All annotations will be dropped.
  event_epochs = mne.concatenate_epochs(combined_epochs_list)
/hpc/home/etb28/coganlab/etb28/GlobalLocal/src/analysis/utils/general_utils.py:428: RuntimeWarning: Concatenation of Annotations within Epochs is not supported yet. All annotations will be dropped.
  event_epochs = mne.concatenate_epochs(combined_epochs_list)
/hpc/home/etb28/coganlab/etb28/GlobalLocal/src/analysis/utils/general_utils.py:428: RuntimeWarning: Concatenation of Annotations within Epochs is not supported yet. All annotations will be dropped.
  event_epochs = mne.concatenate_epochs(combined_epochs_list)
/hpc/home/etb28/coganlab/etb28/GlobalLocal/src/analysis/utils/general_utils.py:428: RuntimeWarning: Concatenation of Annotations within Epochs is not supported yet. All annotations will be dropped.
  event_epochs = mne.concatenate_epochs(combined_epochs_list)
/hpc/home/etb28/coganlab/etb28/GlobalLocal/src/analysis/utils/general_utils.py:428: RuntimeWarning: Concatenation of Annotations within Epochs is not supported yet. All annotations will be dropped.
  event_epochs = mne.concatenate_epochs(combined_epochs_list)
/hpc/home/etb28/coganlab/etb28/GlobalLocal/src/analysis/utils/general_utils.py:428: RuntimeWarning: Concatenation of Annotations within Epochs is not supported yet. All annotations will be dropped.
  event_epochs = mne.concatenate_epochs(combined_epochs_list)
/hpc/home/etb28/coganlab/etb28/GlobalLocal/src/analysis/utils/general_utils.py:428: RuntimeWarning: Concatenation of Annotations within Epochs is not supported yet. All annotations will be dropped.
  event_epochs = mne.concatenate_epochs(combined_epochs_list)
/hpc/home/etb28/coganlab/etb28/GlobalLocal/src/analysis/utils/general_utils.py:428: RuntimeWarning: Concatenation of Annotations within Epochs is not supported yet. All annotations will be dropped.
  event_epochs = mne.concatenate_epochs(combined_epochs_list)
/hpc/home/etb28/coganlab/etb28/GlobalLocal/src/analysis/utils/general_utils.py:428: RuntimeWarning: Concatenation of Annotations within Epochs is not supported yet. All annotations will be dropped.
  event_epochs = mne.concatenate_epochs(combined_epochs_list)
/hpc/home/etb28/coganlab/etb28/GlobalLocal/src/analysis/utils/general_utils.py:428: RuntimeWarning: Concatenation of Annotations within Epochs is not supported yet. All annotations will be dropped.
  event_epochs = mne.concatenate_epochs(combined_epochs_list)
/hpc/home/etb28/coganlab/etb28/GlobalLocal/src/analysis/utils/general_utils.py:428: RuntimeWarning: Concatenation of Annotations within Epochs is not supported yet. All annotations will be dropped.
  event_epochs = mne.concatenate_epochs(combined_epochs_list)
/hpc/home/etb28/coganlab/etb28/GlobalLocal/src/analysis/utils/general_utils.py:428: RuntimeWarning: Concatenation of Annotations within Epochs is not supported yet. All annotations will be dropped.
  event_epochs = mne.concatenate_epochs(combined_epochs_list)
/hpc/home/etb28/coganlab/etb28/GlobalLocal/src/analysis/utils/general_utils.py:428: RuntimeWarning: Concatenation of Annotations within Epochs is not supported yet. All annotations will be dropped.
  event_epochs = mne.concatenate_epochs(combined_epochs_list)
/hpc/home/etb28/coganlab/etb28/GlobalLocal/src/analysis/utils/general_utils.py:428: RuntimeWarning: Concatenation of Annotations within Epochs is not supported yet. All annotations will be dropped.
  event_epochs = mne.concatenate_epochs(combined_epochs_list)
/hpc/home/etb28/coganlab/etb28/GlobalLocal/src/analysis/utils/general_utils.py:428: RuntimeWarning: Concatenation of Annotations within Epochs is not supported yet. All annotations will be dropped.
  event_epochs = mne.concatenate_epochs(combined_epochs_list)
/hpc/home/etb28/coganlab/etb28/GlobalLocal/src/analysis/utils/general_utils.py:428: RuntimeWarning: Concatenation of Annotations within Epochs is not supported yet. All annotations will be dropped.
  event_epochs = mne.concatenate_epochs(combined_epochs_list)
/hpc/home/etb28/coganlab/etb28/GlobalLocal/src/analysis/utils/general_utils.py:428: RuntimeWarning: Concatenation of Annotations within Epochs is not supported yet. All annotations will be dropped.
  event_epochs = mne.concatenate_epochs(combined_epochs_list)
/hpc/home/etb28/coganlab/etb28/GlobalLocal/src/analysis/utils/general_utils.py:428: RuntimeWarning: Concatenation of Annotations within Epochs is not supported yet. All annotations will be dropped.
  event_epochs = mne.concatenate_epochs(combined_epochs_list)
/hpc/home/etb28/coganlab/etb28/GlobalLocal/src/analysis/utils/general_utils.py:428: RuntimeWarning: Concatenation of Annotations within Epochs is not supported yet. All annotations will be dropped.
  event_epochs = mne.concatenate_epochs(combined_epochs_list)
/hpc/home/etb28/coganlab/etb28/GlobalLocal/src/analysis/utils/general_utils.py:428: RuntimeWarning: Concatenation of Annotations within Epochs is not supported yet. All annotations will be dropped.
  event_epochs = mne.concatenate_epochs(combined_epochs_list)
/hpc/home/etb28/coganlab/etb28/GlobalLocal/src/analysis/utils/general_utils.py:428: RuntimeWarning: Concatenation of Annotations within Epochs is not supported yet. All annotations will be dropped.
  event_epochs = mne.concatenate_epochs(combined_epochs_list)
/hpc/home/etb28/coganlab/etb28/GlobalLocal/src/analysis/utils/general_utils.py:428: RuntimeWarning: Concatenation of Annotations within Epochs is not supported yet. All annotations will be dropped.
  event_epochs = mne.concatenate_epochs(combined_epochs_list)
/hpc/home/etb28/coganlab/etb28/GlobalLocal/src/analysis/utils/general_utils.py:428: RuntimeWarning: Concatenation of Annotations within Epochs is not supported yet. All annotations will be dropped.
  event_epochs = mne.concatenate_epochs(combined_epochs_list)
/hpc/home/etb28/coganlab/etb28/GlobalLocal/src/analysis/utils/general_utils.py:428: RuntimeWarning: Concatenation of Annotations within Epochs is not supported yet. All annotations will be dropped.
  event_epochs = mne.concatenate_epochs(combined_epochs_list)
/hpc/home/etb28/coganlab/etb28/GlobalLocal/src/analysis/utils/general_utils.py:428: RuntimeWarning: Concatenation of Annotations within Epochs is not supported yet. All annotations will be dropped.
  event_epochs = mne.concatenate_epochs(combined_epochs_list)
/hpc/home/etb28/coganlab/etb28/GlobalLocal/src/analysis/utils/general_utils.py:428: RuntimeWarning: Concatenation of Annotations within Epochs is not supported yet. All annotations will be dropped.
  event_epochs = mne.concatenate_epochs(combined_epochs_list)
/hpc/home/etb28/coganlab/etb28/GlobalLocal/src/analysis/utils/general_utils.py:428: RuntimeWarning: Concatenation of Annotations within Epochs is not supported yet. All annotations will be dropped.
  event_epochs = mne.concatenate_epochs(combined_epochs_list)
/hpc/home/etb28/coganlab/etb28/GlobalLocal/src/analysis/utils/general_utils.py:428: RuntimeWarning: Concatenation of Annotations within Epochs is not supported yet. All annotations will be dropped.
  event_epochs = mne.concatenate_epochs(combined_epochs_list)
/hpc/home/etb28/coganlab/etb28/GlobalLocal/src/analysis/utils/general_utils.py:428: RuntimeWarning: Concatenation of Annotations within Epochs is not supported yet. All annotations will be dropped.
  event_epochs = mne.concatenate_epochs(combined_epochs_list)
/hpc/home/etb28/coganlab/etb28/GlobalLocal/src/analysis/utils/general_utils.py:428: RuntimeWarning: Concatenation of Annotations within Epochs is not supported yet. All annotations will be dropped.
  event_epochs = mne.concatenate_epochs(combined_epochs_list)
/hpc/home/etb28/coganlab/etb28/GlobalLocal/src/analysis/utils/general_utils.py:428: RuntimeWarning: Concatenation of Annotations within Epochs is not supported yet. All annotations will be dropped.
  event_epochs = mne.concatenate_epochs(combined_epochs_list)
/hpc/home/etb28/coganlab/etb28/GlobalLocal/src/analysis/utils/general_utils.py:428: RuntimeWarning: Concatenation of Annotations within Epochs is not supported yet. All annotations will be dropped.
  event_epochs = mne.concatenate_epochs(combined_epochs_list)
/hpc/home/etb28/coganlab/etb28/GlobalLocal/src/analysis/utils/general_utils.py:428: RuntimeWarning: Concatenation of Annotations within Epochs is not supported yet. All annotations will be dropped.
  event_epochs = mne.concatenate_epochs(combined_epochs_list)
/hpc/home/etb28/coganlab/etb28/GlobalLocal/src/analysis/utils/general_utils.py:428: RuntimeWarning: Concatenation of Annotations within Epochs is not supported yet. All annotations will be dropped.
  event_epochs = mne.concatenate_epochs(combined_epochs_list)
/hpc/home/etb28/coganlab/etb28/GlobalLocal/src/analysis/utils/general_utils.py:428: RuntimeWarning: Concatenation of Annotations within Epochs is not supported yet. All annotations will be dropped.
  event_epochs = mne.concatenate_epochs(combined_epochs_list)
/hpc/home/etb28/coganlab/etb28/GlobalLocal/src/analysis/utils/general_utils.py:428: RuntimeWarning: Concatenation of Annotations within Epochs is not supported yet. All annotations will be dropped.
  event_epochs = mne.concatenate_epochs(combined_epochs_list)
/hpc/home/etb28/coganlab/etb28/GlobalLocal/src/analysis/utils/general_utils.py:428: RuntimeWarning: Concatenation of Annotations within Epochs is not supported yet. All annotations will be dropped.
  event_epochs = mne.concatenate_epochs(combined_epochs_list)
/hpc/home/etb28/coganlab/etb28/GlobalLocal/src/analysis/utils/general_utils.py:428: RuntimeWarning: Concatenation of Annotations within Epochs is not supported yet. All annotations will be dropped.
  event_epochs = mne.concatenate_epochs(combined_epochs_list)
/hpc/home/etb28/coganlab/etb28/GlobalLocal/src/analysis/utils/general_utils.py:428: RuntimeWarning: Concatenation of Annotations within Epochs is not supported yet. All annotations will be dropped.
  event_epochs = mne.concatenate_epochs(combined_epochs_list)
/hpc/home/etb28/coganlab/etb28/GlobalLocal/src/analysis/utils/general_utils.py:428: RuntimeWarning: Concatenation of Annotations within Epochs is not supported yet. All annotations will be dropped.
  event_epochs = mne.concatenate_epochs(combined_epochs_list)
/hpc/home/etb28/coganlab/etb28/GlobalLocal/src/analysis/utils/general_utils.py:428: RuntimeWarning: Concatenation of Annotations within Epochs is not supported yet. All annotations will be dropped.
  event_epochs = mne.concatenate_epochs(combined_epochs_list)
/hpc/home/etb28/coganlab/etb28/GlobalLocal/src/analysis/utils/general_utils.py:428: RuntimeWarning: Concatenation of Annotations within Epochs is not supported yet. All annotations will be dropped.
  event_epochs = mne.concatenate_epochs(combined_epochs_list)
/hpc/home/etb28/coganlab/etb28/GlobalLocal/src/analysis/utils/general_utils.py:428: RuntimeWarning: Concatenation of Annotations within Epochs is not supported yet. All annotations will be dropped.
  event_epochs = mne.concatenate_epochs(combined_epochs_list)
/hpc/home/etb28/coganlab/etb28/GlobalLocal/src/analysis/utils/general_utils.py:428: RuntimeWarning: Concatenation of Annotations within Epochs is not supported yet. All annotations will be dropped.
  event_epochs = mne.concatenate_epochs(combined_epochs_list)
/hpc/home/etb28/coganlab/etb28/GlobalLocal/src/analysis/utils/general_utils.py:428: RuntimeWarning: Concatenation of Annotations within Epochs is not supported yet. All annotations will be dropped.
  event_epochs = mne.concatenate_epochs(combined_epochs_list)
/hpc/home/etb28/coganlab/etb28/GlobalLocal/src/analysis/utils/general_utils.py:428: RuntimeWarning: Concatenation of Annotations within Epochs is not supported yet. All annotations will be dropped.
  event_epochs = mne.concatenate_epochs(combined_epochs_list)
/hpc/home/etb28/coganlab/etb28/GlobalLocal/src/analysis/utils/general_utils.py:428: RuntimeWarning: Concatenation of Annotations within Epochs is not supported yet. All annotations will be dropped.
  event_epochs = mne.concatenate_epochs(combined_epochs_list)
/hpc/home/etb28/coganlab/etb28/GlobalLocal/src/analysis/utils/general_utils.py:428: RuntimeWarning: Concatenation of Annotations within Epochs is not supported yet. All annotations will be dropped.
  event_epochs = mne.concatenate_epochs(combined_epochs_list)
/hpc/home/etb28/coganlab/etb28/GlobalLocal/src/analysis/utils/general_utils.py:428: RuntimeWarning: Concatenation of Annotations within Epochs is not supported yet. All annotations will be dropped.
  event_epochs = mne.concatenate_epochs(combined_epochs_list)
/hpc/home/etb28/coganlab/etb28/GlobalLocal/src/analysis/utils/general_utils.py:428: RuntimeWarning: Concatenation of Annotations within Epochs is not supported yet. All annotations will be dropped.
  event_epochs = mne.concatenate_epochs(combined_epochs_list)
/hpc/home/etb28/coganlab/etb28/GlobalLocal/src/analysis/utils/general_utils.py:428: RuntimeWarning: Concatenation of Annotations within Epochs is not supported yet. All annotations will be dropped.
  event_epochs = mne.concatenate_epochs(combined_epochs_list)
/hpc/home/etb28/coganlab/etb28/GlobalLocal/src/analysis/utils/general_utils.py:428: RuntimeWarning: Concatenation of Annotations within Epochs is not supported yet. All annotations will be dropped.
  event_epochs = mne.concatenate_epochs(combined_epochs_list)
/hpc/home/etb28/coganlab/etb28/GlobalLocal/src/analysis/utils/general_utils.py:428: RuntimeWarning: Concatenation of Annotations within Epochs is not supported yet. All annotations will be dropped.
  event_epochs = mne.concatenate_epochs(combined_epochs_list)
/hpc/home/etb28/coganlab/etb28/GlobalLocal/src/analysis/utils/general_utils.py:428: RuntimeWarning: Concatenation of Annotations within Epochs is not supported yet. All annotations will be dropped.
  event_epochs = mne.concatenate_epochs(combined_epochs_list)
/hpc/home/etb28/coganlab/etb28/GlobalLocal/src/analysis/utils/general_utils.py:428: RuntimeWarning: Concatenation of Annotations within Epochs is not supported yet. All annotations will be dropped.
  event_epochs = mne.concatenate_epochs(combined_epochs_list)
/hpc/home/etb28/coganlab/etb28/GlobalLocal/src/analysis/utils/general_utils.py:428: RuntimeWarning: Concatenation of Annotations within Epochs is not supported yet. All annotations will be dropped.
  event_epochs = mne.concatenate_epochs(combined_epochs_list)
/hpc/home/etb28/coganlab/etb28/GlobalLocal/src/analysis/utils/general_utils.py:428: RuntimeWarning: Concatenation of Annotations within Epochs is not supported yet. All annotations will be dropped.
  event_epochs = mne.concatenate_epochs(combined_epochs_list)
/hpc/home/etb28/coganlab/etb28/GlobalLocal/src/analysis/utils/general_utils.py:428: RuntimeWarning: Concatenation of Annotations within Epochs is not supported yet. All annotations will be dropped.
  event_epochs = mne.concatenate_epochs(combined_epochs_list)
/hpc/home/etb28/coganlab/etb28/GlobalLocal/src/analysis/utils/general_utils.py:428: RuntimeWarning: Concatenation of Annotations within Epochs is not supported yet. All annotations will be dropped.
  event_epochs = mne.concatenate_epochs(combined_epochs_list)
/hpc/home/etb28/coganlab/etb28/GlobalLocal/src/analysis/utils/general_utils.py:428: RuntimeWarning: Concatenation of Annotations within Epochs is not supported yet. All annotations will be dropped.
  event_epochs = mne.concatenate_epochs(combined_epochs_list)
/hpc/home/etb28/coganlab/etb28/GlobalLocal/src/analysis/utils/general_utils.py:428: RuntimeWarning: Concatenation of Annotations within Epochs is not supported yet. All annotations will be dropped.
  event_epochs = mne.concatenate_epochs(combined_epochs_list)
/hpc/home/etb28/coganlab/etb28/GlobalLocal/src/analysis/power/power_traces.py:82: RuntimeWarning: Channel names are not unique, found duplicates for: {'LFO13', 'RAI16', 'LFAM8', 'LFMI5', 'LASF10', 'RIA6', 'LFAM12', 'RAMF12', 'RAI6', 'RMSF11', 'RFAI3', 'LFAM11', 'RASF15', 'RAMF10', 'RIA5', 'RAI12', 'RFOA16', 'RIA11', 'RIA12', 'RIA14', 'LFAI4', 'RAI11', 'RAMF14', 'LFO12', 'LAI8', 'RASF16', 'RAI14', 'RAI15', 'LFO15', 'RFMM12', 'RIA16', 'LFAM10', 'LFOP15', 'RFMM11', 'RAMF11', 'LFAM9', 'RAMF13', 'RIA15', 'LAI7', 'RMSF12', 'LFO16', 'RIA13', 'RFO14'}. Applying running numbers for duplicates.
  info = mne.create_info(
/hpc/home/etb28/coganlab/etb28/GlobalLocal/src/analysis/power/power_traces.py:82: RuntimeWarning: Channel names are not unique, found duplicates for: {'RPIT1', 'RTPI1', 'RTPI2'}. Applying running numbers for duplicates.
  info = mne.create_info(
/hpc/home/etb28/coganlab/etb28/GlobalLocal/src/analysis/power/power_traces.py:82: RuntimeWarning: Channel names are not unique, found duplicates for: {'RAI16', 'LFAM8', 'LASF10', 'LFAM12', 'RAMF12', 'RMSF11', 'LFAM11', 'RASF15', 'RAMF10', 'RAI12', 'RFOA16', 'RIA11', 'RIA12', 'RIA14', 'RAI11', 'RAMF14', 'RASF16', 'RAI14', 'RAI15', 'RFMM12', 'RIA16', 'LFAM10', 'RFMM11', 'RAMF11', 'LFAM9', 'RAMF13', 'RIA15', 'RMSF12', 'RIA13'}. Applying running numbers for duplicates.
  info = mne.create_info(
/hpc/home/etb28/coganlab/etb28/GlobalLocal/src/analysis/power/power_traces.py:82: RuntimeWarning: Channel names are not unique, found duplicates for: {'LFMM1', 'RMSF5', 'RFMM1', 'RFAM1', 'RFOA8', 'RFOA9', 'RFOA7', 'RMSF4', 'RAMF1', 'RFOA5'}. Applying running numbers for duplicates.
  info = mne.create_info(
/hpc/home/etb28/coganlab/etb28/GlobalLocal/src/analysis/power/power_traces.py:82: RuntimeWarning: Channel names are not unique, found duplicates for: {'LFO13', 'RAI16', 'LFAM8', 'LFMI5', 'LASF10', 'RIA6', 'LFAM12', 'RAMF12', 'RAI6', 'RMSF11', 'RFAI3', 'LFAM11', 'RASF15', 'RAMF10', 'RIA5', 'RAI12', 'RFOA16', 'RIA11', 'RIA12', 'RIA14', 'LFAI4', 'RAI11', 'RAMF14', 'LFO12', 'LAI8', 'RASF16', 'RAI14', 'RAI15', 'LFO15', 'RFMM12', 'RIA16', 'LFAM10', 'LFOP15', 'RFMM11', 'RAMF11', 'LFAM9', 'RAMF13', 'RIA15', 'LAI7', 'RMSF12', 'LFO16', 'RIA13', 'RFO14'}. Applying running numbers for duplicates.
  info = mne.create_info(
/hpc/home/etb28/coganlab/etb28/GlobalLocal/src/analysis/power/power_traces.py:82: RuntimeWarning: Channel names are not unique, found duplicates for: {'RPIT1', 'RTPI1', 'RTPI2'}. Applying running numbers for duplicates.
  info = mne.create_info(
/hpc/home/etb28/coganlab/etb28/GlobalLocal/src/analysis/power/power_traces.py:82: RuntimeWarning: Channel names are not unique, found duplicates for: {'RAI16', 'LFAM8', 'LASF10', 'LFAM12', 'RAMF12', 'RMSF11', 'LFAM11', 'RASF15', 'RAMF10', 'RAI12', 'RFOA16', 'RIA11', 'RIA12', 'RIA14', 'RAI11', 'RAMF14', 'RASF16', 'RAI14', 'RAI15', 'RFMM12', 'RIA16', 'LFAM10', 'RFMM11', 'RAMF11', 'LFAM9', 'RAMF13', 'RIA15', 'RMSF12', 'RIA13'}. Applying running numbers for duplicates.
  info = mne.create_info(
/hpc/home/etb28/coganlab/etb28/GlobalLocal/src/analysis/power/power_traces.py:82: RuntimeWarning: Channel names are not unique, found duplicates for: {'LFMM1', 'RMSF5', 'RFMM1', 'RFAM1', 'RFOA8', 'RFOA9', 'RFOA7', 'RMSF4', 'RAMF1', 'RFOA5'}. Applying running numbers for duplicates.
  info = mne.create_info(
/hpc/home/etb28/coganlab/etb28/GlobalLocal/src/analysis/power/power_traces.py:82: RuntimeWarning: Channel names are not unique, found duplicates for: {'LFO13', 'RAI16', 'LFAM8', 'LFMI5', 'LASF10', 'RIA6', 'LFAM12', 'RAMF12', 'RAI6', 'RMSF11', 'RFAI3', 'LFAM11', 'RASF15', 'RAMF10', 'RIA5', 'RAI12', 'RFOA16', 'RIA11', 'RIA12', 'RIA14', 'LFAI4', 'RAI11', 'RAMF14', 'LFO12', 'LAI8', 'RASF16', 'RAI14', 'RAI15', 'LFO15', 'RFMM12', 'RIA16', 'LFAM10', 'LFOP15', 'RFMM11', 'RAMF11', 'LFAM9', 'RAMF13', 'RIA15', 'LAI7', 'RMSF12', 'LFO16', 'RIA13', 'RFO14'}. Applying running numbers for duplicates.
  info = mne.create_info(
/hpc/home/etb28/coganlab/etb28/GlobalLocal/src/analysis/power/power_traces.py:82: RuntimeWarning: Channel names are not unique, found duplicates for: {'RPIT1', 'RTPI1', 'RTPI2'}. Applying running numbers for duplicates.
  info = mne.create_info(
/hpc/home/etb28/coganlab/etb28/GlobalLocal/src/analysis/power/power_traces.py:82: RuntimeWarning: Channel names are not unique, found duplicates for: {'RAI16', 'LFAM8', 'LASF10', 'LFAM12', 'RAMF12', 'RMSF11', 'LFAM11', 'RASF15', 'RAMF10', 'RAI12', 'RFOA16', 'RIA11', 'RIA12', 'RIA14', 'RAI11', 'RAMF14', 'RASF16', 'RAI14', 'RAI15', 'RFMM12', 'RIA16', 'LFAM10', 'RFMM11', 'RAMF11', 'LFAM9', 'RAMF13', 'RIA15', 'RMSF12', 'RIA13'}. Applying running numbers for duplicates.
  info = mne.create_info(
/hpc/home/etb28/coganlab/etb28/GlobalLocal/src/analysis/power/power_traces.py:82: RuntimeWarning: Channel names are not unique, found duplicates for: {'LFMM1', 'RMSF5', 'RFMM1', 'RFAM1', 'RFOA8', 'RFOA9', 'RFOA7', 'RMSF4', 'RAMF1', 'RFOA5'}. Applying running numbers for duplicates.
  info = mne.create_info(
/hpc/home/etb28/coganlab/etb28/GlobalLocal/src/analysis/power/power_traces.py:82: RuntimeWarning: Channel names are not unique, found duplicates for: {'LFO13', 'RAI16', 'LFAM8', 'LFMI5', 'LASF10', 'RIA6', 'LFAM12', 'RAMF12', 'RAI6', 'RMSF11', 'RFAI3', 'LFAM11', 'RASF15', 'RAMF10', 'RIA5', 'RAI12', 'RFOA16', 'RIA11', 'RIA12', 'RIA14', 'LFAI4', 'RAI11', 'RAMF14', 'LFO12', 'LAI8', 'RASF16', 'RAI14', 'RAI15', 'LFO15', 'RFMM12', 'RIA16', 'LFAM10', 'LFOP15', 'RFMM11', 'RAMF11', 'LFAM9', 'RAMF13', 'RIA15', 'LAI7', 'RMSF12', 'LFO16', 'RIA13', 'RFO14'}. Applying running numbers for duplicates.
  info = mne.create_info(
/hpc/home/etb28/coganlab/etb28/GlobalLocal/src/analysis/power/power_traces.py:82: RuntimeWarning: Channel names are not unique, found duplicates for: {'RPIT1', 'RTPI1', 'RTPI2'}. Applying running numbers for duplicates.
  info = mne.create_info(
/hpc/home/etb28/coganlab/etb28/GlobalLocal/src/analysis/power/power_traces.py:82: RuntimeWarning: Channel names are not unique, found duplicates for: {'RAI16', 'LFAM8', 'LASF10', 'LFAM12', 'RAMF12', 'RMSF11', 'LFAM11', 'RASF15', 'RAMF10', 'RAI12', 'RFOA16', 'RIA11', 'RIA12', 'RIA14', 'RAI11', 'RAMF14', 'RASF16', 'RAI14', 'RAI15', 'RFMM12', 'RIA16', 'LFAM10', 'RFMM11', 'RAMF11', 'LFAM9', 'RAMF13', 'RIA15', 'RMSF12', 'RIA13'}. Applying running numbers for duplicates.
  info = mne.create_info(
/hpc/home/etb28/coganlab/etb28/GlobalLocal/src/analysis/power/power_traces.py:82: RuntimeWarning: Channel names are not unique, found duplicates for: {'LFMM1', 'RMSF5', 'RFMM1', 'RFAM1', 'RFOA8', 'RFOA9', 'RFOA7', 'RMSF4', 'RAMF1', 'RFOA5'}. Applying running numbers for duplicates.
  info = mne.create_info(
