Qt5Agg backend not available, using default backend
Qt5Agg backend not available, using default backend
======================================================================
BANDPASS FILTERED DECODING ANALYSIS
======================================================================
Subjects:          ['D0057', 'D0063', 'D0065', 'D0069', 'D0077', 'D0094', 'D0100', 'D0102', 'D0103', 'D0107A', 'D0116', 'D0117', 'D0121']
Conditions:        ['Stimulus_err', 'Stimulus_corr']
ROIs:              ['lpfc']
Epochs file:       Stimulus_0.5sec_within-1-0sec_randoffset_StimulusBase_decFactor_8_markOutliersAsNaN_False_passband_70.0-150.0_padLength_0.5s_stat_func_ttest_ind_equal_var_False
Electrodes (all or sig):       sig
----------------------------------------------------------------------
Perm Cluster Statistical Parameters:
  P-value Threshold: 0.05
  P cluster: 0.05
  Stat Func: ttest_ind
  Permutation Type: independent
  Number of Permutations: 500
  Tails: 2
======================================================================
plotting parameters:
  y limits: (-0.1, 0.35)
  show legend: False
======================================================================

Starting analysis...
Loaded data from /hpc/home/etb28/coganlab/etb28/GlobalLocal/src/analysis/config/subjects_electrodestoROIs_dict.json
Save directory created or already exists at: /cwork/etb28/BIDS-1.1_GlobalLocal/BIDS/derivatives/freqFilt/figs/Stimulus_0.5sec_within-1-0sec_randoffset_StimulusBase_decFactor_8_markOutliersAsNaN_False_passband_70.0-150.0_padLength_0.5s_stat_func_ttest_ind_equal_var_False
Loaded significant channels for subject D0057
Loaded significant channels for subject D0063
Loaded significant channels for subject D0065
Loaded significant channels for subject D0069
Loaded significant channels for subject D0077
Loaded significant channels for subject D0094
Loaded significant channels for subject D0100
Loaded significant channels for subject D0102
Loaded significant channels for subject D0103
Loaded significant channels for subject D0107A
Loaded significant channels for subject D0116
Loaded significant channels for subject D0117
Loaded significant channels for subject D0121
For subject D0057, G_front_inf-Opercular, G_front_inf-Orbital, G_front_inf-Triangul, G_front_middle, G_front_sup, Lat_Fis-ant-Horizont, Lat_Fis-ant-Vertical, S_circular_insula_ant, S_circular_insula_sup, S_front_inf, S_front_middle, S_front_sup electrodes are: ['RAI6', 'RAI12', 'RAI13', 'RAI14', 'RAI15', 'RAI16', 'RPI15', 'RPI14', 'RAMF10', 'RAMF11', 'RAMF12', 'RAMF13', 'RAMF14', 'RAIF11', 'RAIF12', 'RAIF13', 'RAIF14']
For subject D0059, G_front_inf-Opercular, G_front_inf-Orbital, G_front_inf-Triangul, G_front_middle, G_front_sup, Lat_Fis-ant-Horizont, Lat_Fis-ant-Vertical, S_circular_insula_ant, S_circular_insula_sup, S_front_inf, S_front_middle, S_front_sup electrodes are: ['LMMF9', 'LMMF11', 'LMMF10', 'LMMF12', 'LPSF16']
For subject D0063, G_front_inf-Opercular, G_front_inf-Orbital, G_front_inf-Triangul, G_front_middle, G_front_sup, Lat_Fis-ant-Horizont, Lat_Fis-ant-Vertical, S_circular_insula_ant, S_circular_insula_sup, S_front_inf, S_front_middle, S_front_sup electrodes are: ['LASF10', 'LASF11', 'LASF14', 'LASF15', 'LASF16', 'LMSF5', 'LMSF6', 'LMSF12', 'LPSF10', 'LPSF12', 'ROF16', 'RAI16', 'RAMF11', 'RAMF12', 'RAMF13', 'RAMF14', 'RMMF13', 'RMMF14', 'RAI4', 'RAI6', 'RAI5', 'RAI10', 'RAI11', 'RASF15', 'RASF16', 'RMSF8', 'RMSF9', 'RMSF10', 'RMSF11', 'RMSF12', 'RMSF7', 'RAMF8', 'RAMF9', 'RAMF10', 'RMMF9', 'RMMF10']
For subject D0065, G_front_inf-Opercular, G_front_inf-Orbital, G_front_inf-Triangul, G_front_middle, G_front_sup, Lat_Fis-ant-Horizont, Lat_Fis-ant-Vertical, S_circular_insula_ant, S_circular_insula_sup, S_front_inf, S_front_middle, S_front_sup electrodes are: ['RASF13', 'RASF14', 'RASF15', 'RASF16', 'RMSF11', 'RMSF12', 'RMSF13', 'RMSF14', 'RI7']
For subject D0069, G_front_inf-Opercular, G_front_inf-Orbital, G_front_inf-Triangul, G_front_middle, G_front_sup, Lat_Fis-ant-Horizont, Lat_Fis-ant-Vertical, S_circular_insula_ant, S_circular_insula_sup, S_front_inf, S_front_middle, S_front_sup electrodes are: ['LOF8']
For subject D0071, G_front_inf-Opercular, G_front_inf-Orbital, G_front_inf-Triangul, G_front_middle, G_front_sup, Lat_Fis-ant-Horizont, Lat_Fis-ant-Vertical, S_circular_insula_ant, S_circular_insula_sup, S_front_inf, S_front_middle, S_front_sup electrodes are: ['RFO14', 'RFO16', 'RIA4', 'RIP6', 'RIA5', 'RIA11', 'RIA12', 'RIA13', 'RIA14', 'RIA16', 'RIP14', 'RIP15', 'RIP16']
For subject D0077, G_front_inf-Opercular, G_front_inf-Orbital, G_front_inf-Triangul, G_front_middle, G_front_sup, Lat_Fis-ant-Horizont, Lat_Fis-ant-Vertical, S_circular_insula_ant, S_circular_insula_sup, S_front_inf, S_front_middle, S_front_sup electrodes are: []
For subject D0090, G_front_inf-Opercular, G_front_inf-Orbital, G_front_inf-Triangul, G_front_middle, G_front_sup, Lat_Fis-ant-Horizont, Lat_Fis-ant-Vertical, S_circular_insula_ant, S_circular_insula_sup, S_front_inf, S_front_middle, S_front_sup electrodes are: ['RFO15', 'RIA6', 'RIA11', 'RIA12', 'RIA14', 'RIA15', 'RIA16', 'RIP7']
For subject D0094, G_front_inf-Opercular, G_front_inf-Orbital, G_front_inf-Triangul, G_front_middle, G_front_sup, Lat_Fis-ant-Horizont, Lat_Fis-ant-Vertical, S_circular_insula_ant, S_circular_insula_sup, S_front_inf, S_front_middle, S_front_sup electrodes are: ['LFO12', 'LFO13', 'LFO15', 'LFO16', 'LFAM8', 'LFAM9', 'LFAM10', 'LFAM13', 'LFAM14', 'LFPM10', 'LFPM11', 'LFPM12', 'LPAS1', 'LIA16', 'LFAI3', 'LFAI4', 'LFAI5', 'LFPI10', 'LPAI9', 'LPAI10', 'LIA4', 'LIA5', 'LFAI9', 'LFAI10', 'LIA11', 'LIA12', 'LIA13', 'LIA14']
For subject D0100, G_front_inf-Opercular, G_front_inf-Orbital, G_front_inf-Triangul, G_front_middle, G_front_sup, Lat_Fis-ant-Horizont, Lat_Fis-ant-Vertical, S_circular_insula_ant, S_circular_insula_sup, S_front_inf, S_front_middle, S_front_sup electrodes are: []
For subject D0102, G_front_inf-Opercular, G_front_inf-Orbital, G_front_inf-Triangul, G_front_middle, G_front_sup, Lat_Fis-ant-Horizont, Lat_Fis-ant-Vertical, S_circular_insula_ant, S_circular_insula_sup, S_front_inf, S_front_middle, S_front_sup electrodes are: ['RFO13', 'RFO14', 'RFAM15', 'RFAI2', 'RFAI3']
For subject D0103, G_front_inf-Opercular, G_front_inf-Orbital, G_front_inf-Triangul, G_front_middle, G_front_sup, Lat_Fis-ant-Horizont, Lat_Fis-ant-Vertical, S_circular_insula_ant, S_circular_insula_sup, S_front_inf, S_front_middle, S_front_sup electrodes are: ['LFAM8', 'LFAM9', 'LAI13', 'LAI14', 'LFAM15', 'LAI4', 'LAI7', 'LAI8', 'LAI18', 'LFO15', 'LFAI4']
For subject D0107A, G_front_inf-Opercular, G_front_inf-Orbital, G_front_inf-Triangul, G_front_middle, G_front_sup, Lat_Fis-ant-Horizont, Lat_Fis-ant-Vertical, S_circular_insula_ant, S_circular_insula_sup, S_front_inf, S_front_middle, S_front_sup electrodes are: ['RFOA16', 'RFOA17', 'RFOA18', 'RFAI3', 'RIA5', 'RIA6', 'RFAM7', 'RFAM9', 'RFAM10', 'RFAM11', 'RFAM12', 'RFMM9', 'RFMM11', 'RFMM12', 'RFMM13', 'RFMM14', 'RFMM15', 'RFMM8', 'RIA12', 'RIA13', 'RIA14', 'RIA15', 'RIA16', 'RIA17', 'RIA18']
For subject D0110, G_front_inf-Opercular, G_front_inf-Orbital, G_front_inf-Triangul, G_front_middle, G_front_sup, Lat_Fis-ant-Horizont, Lat_Fis-ant-Vertical, S_circular_insula_ant, S_circular_insula_sup, S_front_inf, S_front_middle, S_front_sup electrodes are: ['LASF10', 'LOF13', 'LOF15', 'LINS4', 'LINS5']
For subject D0116, G_front_inf-Opercular, G_front_inf-Orbital, G_front_inf-Triangul, G_front_middle, G_front_sup, Lat_Fis-ant-Horizont, Lat_Fis-ant-Vertical, S_circular_insula_ant, S_circular_insula_sup, S_front_inf, S_front_middle, S_front_sup electrodes are: ['LFOA14', 'LFOA17', 'LFOA18', 'LFOP15', 'LFAM10', 'LFAM11', 'LFMM14', 'LAI12', 'LAI16', 'LFAM12', 'LAI7', 'LAI8', 'LFMI3', 'LFMI5', 'LFMI6', 'RFOA14', 'RFOA15', 'RFOA16', 'RFOP15', 'RFMM10', 'RFMM11', 'RFMM12', 'RAI7', 'RAI11', 'RAI12', 'RAI14', 'RAI15', 'RAI16', 'RAI17', 'RFMI4']
For subject D0117, G_front_inf-Opercular, G_front_inf-Orbital, G_front_inf-Triangul, G_front_middle, G_front_sup, Lat_Fis-ant-Horizont, Lat_Fis-ant-Vertical, S_circular_insula_ant, S_circular_insula_sup, S_front_inf, S_front_middle, S_front_sup electrodes are: ['RMOF15', 'RINSA15', 'RINSA16', 'RLOF10', 'RLOF11', 'RLOF16', 'RINSA3', 'RINSA11', 'RINSA12', 'RINSA13', 'RINSA14']
For subject D0121, G_front_inf-Opercular, G_front_inf-Orbital, G_front_inf-Triangul, G_front_middle, G_front_sup, Lat_Fis-ant-Horizont, Lat_Fis-ant-Vertical, S_circular_insula_ant, S_circular_insula_sup, S_front_inf, S_front_middle, S_front_sup electrodes are: ['LFOA15', 'LFOP12', 'LFO5', 'LFO6', 'LFO8', 'LFO9', 'LFO12', 'LFO13', 'LFO14', 'LFO15', 'LFO16', 'LFO17', 'LFO18', 'LFA1', 'LFA2', 'LFP16', 'LFP17', 'LFPS1', 'LFPS2', 'LFPP1', 'LFOP13', 'LFOP15', 'LFOP16', 'LFOP18', 'LFA7', 'LFA8', 'LFAS6', 'LFAM8', 'LFAM9', 'LFA9', 'LFA10', 'LFA11', 'LFA12', 'LFAM10', 'LFAM11', 'LFAM12', 'LFMM8', 'LFMM9', 'LFMM10', 'LFMM11', 'LFMM12', 'LFAS7', 'LFAS8', 'LFAS9', 'LFAS10', 'LFMS7', 'LFMS9', 'LFMS10', 'LFMS11', 'LFMS12', 'LFPS6', 'LFPS7', 'LFPS9', 'LFPS10', 'LFPP7', 'LFPP9', 'LFPP10', 'LFMI4', 'LFMI5', 'LFMI8', 'LFMI9']
Subject D0057 significant G_front_inf-Opercular, G_front_inf-Orbital, G_front_inf-Triangul, G_front_middle, G_front_sup, Lat_Fis-ant-Horizont, Lat_Fis-ant-Vertical, S_circular_insula_ant, S_circular_insula_sup, S_front_inf, S_front_middle, S_front_sup electrodes: ['RAI6', 'RPI15', 'RPI14', 'RAMF13', 'RAMF14']
Subject D0059 significant G_front_inf-Opercular, G_front_inf-Orbital, G_front_inf-Triangul, G_front_middle, G_front_sup, Lat_Fis-ant-Horizont, Lat_Fis-ant-Vertical, S_circular_insula_ant, S_circular_insula_sup, S_front_inf, S_front_middle, S_front_sup electrodes: []
Subject D0063 significant G_front_inf-Opercular, G_front_inf-Orbital, G_front_inf-Triangul, G_front_middle, G_front_sup, Lat_Fis-ant-Horizont, Lat_Fis-ant-Vertical, S_circular_insula_ant, S_circular_insula_sup, S_front_inf, S_front_middle, S_front_sup electrodes: ['LASF15', 'LMSF5', 'RAMF11', 'RAMF12', 'RAMF13', 'RMMF13', 'RMMF14', 'RAI4', 'RAI6', 'RAI10', 'RMMF10']
Subject D0065 significant G_front_inf-Opercular, G_front_inf-Orbital, G_front_inf-Triangul, G_front_middle, G_front_sup, Lat_Fis-ant-Horizont, Lat_Fis-ant-Vertical, S_circular_insula_ant, S_circular_insula_sup, S_front_inf, S_front_middle, S_front_sup electrodes: ['RASF14']
Subject D0069 significant G_front_inf-Opercular, G_front_inf-Orbital, G_front_inf-Triangul, G_front_middle, G_front_sup, Lat_Fis-ant-Horizont, Lat_Fis-ant-Vertical, S_circular_insula_ant, S_circular_insula_sup, S_front_inf, S_front_middle, S_front_sup electrodes: []
Subject D0071 significant G_front_inf-Opercular, G_front_inf-Orbital, G_front_inf-Triangul, G_front_middle, G_front_sup, Lat_Fis-ant-Horizont, Lat_Fis-ant-Vertical, S_circular_insula_ant, S_circular_insula_sup, S_front_inf, S_front_middle, S_front_sup electrodes: []
Subject D0077 significant G_front_inf-Opercular, G_front_inf-Orbital, G_front_inf-Triangul, G_front_middle, G_front_sup, Lat_Fis-ant-Horizont, Lat_Fis-ant-Vertical, S_circular_insula_ant, S_circular_insula_sup, S_front_inf, S_front_middle, S_front_sup electrodes: []
Subject D0090 significant G_front_inf-Opercular, G_front_inf-Orbital, G_front_inf-Triangul, G_front_middle, G_front_sup, Lat_Fis-ant-Horizont, Lat_Fis-ant-Vertical, S_circular_insula_ant, S_circular_insula_sup, S_front_inf, S_front_middle, S_front_sup electrodes: []
Subject D0094 significant G_front_inf-Opercular, G_front_inf-Orbital, G_front_inf-Triangul, G_front_middle, G_front_sup, Lat_Fis-ant-Horizont, Lat_Fis-ant-Vertical, S_circular_insula_ant, S_circular_insula_sup, S_front_inf, S_front_middle, S_front_sup electrodes: ['LFAM8', 'LFAM9', 'LFAM10', 'LFPM10', 'LFPM11', 'LFPM12', 'LFAI5', 'LFPI10', 'LFAI9', 'LFAI10', 'LIA11']
Subject D0100 significant G_front_inf-Opercular, G_front_inf-Orbital, G_front_inf-Triangul, G_front_middle, G_front_sup, Lat_Fis-ant-Horizont, Lat_Fis-ant-Vertical, S_circular_insula_ant, S_circular_insula_sup, S_front_inf, S_front_middle, S_front_sup electrodes: []
Subject D0102 significant G_front_inf-Opercular, G_front_inf-Orbital, G_front_inf-Triangul, G_front_middle, G_front_sup, Lat_Fis-ant-Horizont, Lat_Fis-ant-Vertical, S_circular_insula_ant, S_circular_insula_sup, S_front_inf, S_front_middle, S_front_sup electrodes: ['RFO13', 'RFO14', 'RFAM15']
Subject D0103 significant G_front_inf-Opercular, G_front_inf-Orbital, G_front_inf-Triangul, G_front_middle, G_front_sup, Lat_Fis-ant-Horizont, Lat_Fis-ant-Vertical, S_circular_insula_ant, S_circular_insula_sup, S_front_inf, S_front_middle, S_front_sup electrodes: ['LFAM8', 'LFAM9', 'LAI13', 'LAI14', 'LAI4', 'LAI7', 'LAI8', 'LFAI4']
Subject D0107A significant G_front_inf-Opercular, G_front_inf-Orbital, G_front_inf-Triangul, G_front_middle, G_front_sup, Lat_Fis-ant-Horizont, Lat_Fis-ant-Vertical, S_circular_insula_ant, S_circular_insula_sup, S_front_inf, S_front_middle, S_front_sup electrodes: ['RFOA17', 'RFOA18', 'RFAI3', 'RIA5', 'RIA6', 'RFAM7', 'RFAM9', 'RFAM10', 'RFAM12', 'RFMM9', 'RFMM8', 'RIA13', 'RIA14', 'RIA15']
Subject D0110 significant G_front_inf-Opercular, G_front_inf-Orbital, G_front_inf-Triangul, G_front_middle, G_front_sup, Lat_Fis-ant-Horizont, Lat_Fis-ant-Vertical, S_circular_insula_ant, S_circular_insula_sup, S_front_inf, S_front_middle, S_front_sup electrodes: []
Subject D0116 significant G_front_inf-Opercular, G_front_inf-Orbital, G_front_inf-Triangul, G_front_middle, G_front_sup, Lat_Fis-ant-Horizont, Lat_Fis-ant-Vertical, S_circular_insula_ant, S_circular_insula_sup, S_front_inf, S_front_middle, S_front_sup electrodes: ['LFAM10', 'LFAM11', 'LFMM14', 'LAI12', 'LAI16', 'LFAM12', 'LAI7', 'LAI8', 'LFMI3', 'RFOA14', 'RFOA16', 'RFMM10', 'RFMM11', 'RFMM12', 'RAI11', 'RAI12', 'RAI15', 'RAI17']
Subject D0117 significant G_front_inf-Opercular, G_front_inf-Orbital, G_front_inf-Triangul, G_front_middle, G_front_sup, Lat_Fis-ant-Horizont, Lat_Fis-ant-Vertical, S_circular_insula_ant, S_circular_insula_sup, S_front_inf, S_front_middle, S_front_sup electrodes: ['RLOF10', 'RLOF11', 'RINSA3', 'RINSA12', 'RINSA13']
Subject D0121 significant G_front_inf-Opercular, G_front_inf-Orbital, G_front_inf-Triangul, G_front_middle, G_front_sup, Lat_Fis-ant-Horizont, Lat_Fis-ant-Vertical, S_circular_insula_ant, S_circular_insula_sup, S_front_inf, S_front_middle, S_front_sup electrodes: ['LFO9', 'LFP17', 'LFPS1', 'LFPS2', 'LFPP1', 'LFA9', 'LFA10', 'LFA11', 'LFA12', 'LFAM10', 'LFMM8', 'LFMM9', 'LFMM10', 'LFMM11', 'LFMM12', 'LFAS10', 'LFMS7', 'LFPS6', 'LFMI4', 'LFMI5']
Loading data for subject: D0057
Reading /cwork/etb28/BIDS-1.1_GlobalLocal/BIDS/derivatives/freqFilt/figs/D0057/D0057_Stimulus_0.5sec_within-1-0sec_randoffset_StimulusBase_decFactor_8_markOutliersAsNaN_False_passband_70.0-150.0_padLength_0.5s_stat_func_ttest_ind_equal_var_False_HG_ev1_rescaled-epo.fif ...
    Found the data of interest:
        t =   -1000.00 ...    1500.00 ms
        0 CTF compensation matrices available
Not setting metadata
449 matching events found
No baseline correction applied
0 projection items activated
Reading /cwork/etb28/BIDS-1.1_GlobalLocal/BIDS/derivatives/freqFilt/figs/D0057/D0057_Stimulus_0.5sec_within-1-0sec_randoffset_StimulusBase_decFactor_8_markOutliersAsNaN_False_passband_70.0-150.0_padLength_0.5s_stat_func_ttest_ind_equal_var_False_HG_ev1_power_rescaled-epo.fif ...
    Found the data of interest:
        t =   -1000.00 ...    1500.00 ms
        0 CTF compensation matrices available
Not setting metadata
449 matching events found
No baseline correction applied
0 projection items activated
  Loading condition: Stimulus_err
Not setting metadata
32 matching events found
No baseline correction applied
    Stimulus_err: 32 valid trials out of 32
  Loading condition: Stimulus_corr
Not setting metadata
405 matching events found
No baseline correction applied
    Stimulus_corr: 405 valid trials out of 405
  Loading condition: Stimulus_err
Not setting metadata
32 matching events found
No baseline correction applied
    Stimulus_err: 32 valid trials out of 32
  Loading condition: Stimulus_corr
Not setting metadata
405 matching events found
No baseline correction applied
    Stimulus_corr: 405 valid trials out of 405
Loading data for subject: D0063
Reading /cwork/etb28/BIDS-1.1_GlobalLocal/BIDS/derivatives/freqFilt/figs/D0063/D0063_Stimulus_0.5sec_within-1-0sec_randoffset_StimulusBase_decFactor_8_markOutliersAsNaN_False_passband_70.0-150.0_padLength_0.5s_stat_func_ttest_ind_equal_var_False_HG_ev1_rescaled-epo.fif ...
    Found the data of interest:
        t =   -1000.00 ...    1500.00 ms
        0 CTF compensation matrices available
Not setting metadata
452 matching events found
No baseline correction applied
0 projection items activated
Reading /cwork/etb28/BIDS-1.1_GlobalLocal/BIDS/derivatives/freqFilt/figs/D0063/D0063_Stimulus_0.5sec_within-1-0sec_randoffset_StimulusBase_decFactor_8_markOutliersAsNaN_False_passband_70.0-150.0_padLength_0.5s_stat_func_ttest_ind_equal_var_False_HG_ev1_power_rescaled-epo.fif ...
    Found the data of interest:
        t =   -1000.00 ...    1500.00 ms
        0 CTF compensation matrices available
Not setting metadata
452 matching events found
No baseline correction applied
0 projection items activated
  Loading condition: Stimulus_err
Not setting metadata
56 matching events found
No baseline correction applied
    Stimulus_err: 56 valid trials out of 56
  Loading condition: Stimulus_corr
Not setting metadata
389 matching events found
No baseline correction applied
    Stimulus_corr: 389 valid trials out of 389
  Loading condition: Stimulus_err
Not setting metadata
56 matching events found
No baseline correction applied
    Stimulus_err: 56 valid trials out of 56
  Loading condition: Stimulus_corr
Not setting metadata
389 matching events found
No baseline correction applied
    Stimulus_corr: 389 valid trials out of 389
Loading data for subject: D0065
Reading /cwork/etb28/BIDS-1.1_GlobalLocal/BIDS/derivatives/freqFilt/figs/D0065/D0065_Stimulus_0.5sec_within-1-0sec_randoffset_StimulusBase_decFactor_8_markOutliersAsNaN_False_passband_70.0-150.0_padLength_0.5s_stat_func_ttest_ind_equal_var_False_HG_ev1_rescaled-epo.fif ...
    Found the data of interest:
        t =   -1000.00 ...    1500.00 ms
        0 CTF compensation matrices available
Not setting metadata
448 matching events found
No baseline correction applied
0 projection items activated
Reading /cwork/etb28/BIDS-1.1_GlobalLocal/BIDS/derivatives/freqFilt/figs/D0065/D0065_Stimulus_0.5sec_within-1-0sec_randoffset_StimulusBase_decFactor_8_markOutliersAsNaN_False_passband_70.0-150.0_padLength_0.5s_stat_func_ttest_ind_equal_var_False_HG_ev1_power_rescaled-epo.fif ...
    Found the data of interest:
        t =   -1000.00 ...    1500.00 ms
        0 CTF compensation matrices available
Not setting metadata
448 matching events found
No baseline correction applied
0 projection items activated
  Loading condition: Stimulus_err
Not setting metadata
102 matching events found
No baseline correction applied
    Stimulus_err: 102 valid trials out of 102
  Loading condition: Stimulus_corr
Not setting metadata
316 matching events found
No baseline correction applied
    Stimulus_corr: 316 valid trials out of 316
  Loading condition: Stimulus_err
Not setting metadata
102 matching events found
No baseline correction applied
    Stimulus_err: 102 valid trials out of 102
  Loading condition: Stimulus_corr
Not setting metadata
316 matching events found
No baseline correction applied
    Stimulus_corr: 316 valid trials out of 316
Loading data for subject: D0069
Reading /cwork/etb28/BIDS-1.1_GlobalLocal/BIDS/derivatives/freqFilt/figs/D0069/D0069_Stimulus_0.5sec_within-1-0sec_randoffset_StimulusBase_decFactor_8_markOutliersAsNaN_False_passband_70.0-150.0_padLength_0.5s_stat_func_ttest_ind_equal_var_False_HG_ev1_rescaled-epo.fif ...
    Found the data of interest:
        t =   -1000.00 ...    1500.00 ms
        0 CTF compensation matrices available
Not setting metadata
448 matching events found
No baseline correction applied
0 projection items activated
Reading /cwork/etb28/BIDS-1.1_GlobalLocal/BIDS/derivatives/freqFilt/figs/D0069/D0069_Stimulus_0.5sec_within-1-0sec_randoffset_StimulusBase_decFactor_8_markOutliersAsNaN_False_passband_70.0-150.0_padLength_0.5s_stat_func_ttest_ind_equal_var_False_HG_ev1_power_rescaled-epo.fif ...
    Found the data of interest:
        t =   -1000.00 ...    1500.00 ms
        0 CTF compensation matrices available
Not setting metadata
448 matching events found
No baseline correction applied
0 projection items activated
  Loading condition: Stimulus_err
Not setting metadata
94 matching events found
No baseline correction applied
    Stimulus_err: 94 valid trials out of 94
  Loading condition: Stimulus_corr
Not setting metadata
330 matching events found
No baseline correction applied
    Stimulus_corr: 330 valid trials out of 330
  Loading condition: Stimulus_err
Not setting metadata
94 matching events found
No baseline correction applied
    Stimulus_err: 94 valid trials out of 94
  Loading condition: Stimulus_corr
Not setting metadata
330 matching events found
No baseline correction applied
    Stimulus_corr: 330 valid trials out of 330
Loading data for subject: D0077
Reading /cwork/etb28/BIDS-1.1_GlobalLocal/BIDS/derivatives/freqFilt/figs/D0077/D0077_Stimulus_0.5sec_within-1-0sec_randoffset_StimulusBase_decFactor_8_markOutliersAsNaN_False_passband_70.0-150.0_padLength_0.5s_stat_func_ttest_ind_equal_var_False_HG_ev1_rescaled-epo.fif ...
    Found the data of interest:
        t =   -1000.00 ...    1500.00 ms
        0 CTF compensation matrices available
Not setting metadata
448 matching events found
No baseline correction applied
0 projection items activated
Reading /cwork/etb28/BIDS-1.1_GlobalLocal/BIDS/derivatives/freqFilt/figs/D0077/D0077_Stimulus_0.5sec_within-1-0sec_randoffset_StimulusBase_decFactor_8_markOutliersAsNaN_False_passband_70.0-150.0_padLength_0.5s_stat_func_ttest_ind_equal_var_False_HG_ev1_power_rescaled-epo.fif ...
    Found the data of interest:
        t =   -1000.00 ...    1500.00 ms
        0 CTF compensation matrices available
Not setting metadata
448 matching events found
No baseline correction applied
0 projection items activated
  Loading condition: Stimulus_err
Not setting metadata
67 matching events found
No baseline correction applied
    Stimulus_err: 67 valid trials out of 67
  Loading condition: Stimulus_corr
Not setting metadata
355 matching events found
No baseline correction applied
    Stimulus_corr: 355 valid trials out of 355
  Loading condition: Stimulus_err
Not setting metadata
67 matching events found
No baseline correction applied
    Stimulus_err: 67 valid trials out of 67
  Loading condition: Stimulus_corr
Not setting metadata
355 matching events found
No baseline correction applied
    Stimulus_corr: 355 valid trials out of 355
Loading data for subject: D0094
Reading /cwork/etb28/BIDS-1.1_GlobalLocal/BIDS/derivatives/freqFilt/figs/D0094/D0094_Stimulus_0.5sec_within-1-0sec_randoffset_StimulusBase_decFactor_8_markOutliersAsNaN_False_passband_70.0-150.0_padLength_0.5s_stat_func_ttest_ind_equal_var_False_HG_ev1_rescaled-epo.fif ...
    Found the data of interest:
        t =   -1000.00 ...    1500.00 ms
        0 CTF compensation matrices available
Not setting metadata
448 matching events found
No baseline correction applied
0 projection items activated
Reading /cwork/etb28/BIDS-1.1_GlobalLocal/BIDS/derivatives/freqFilt/figs/D0094/D0094_Stimulus_0.5sec_within-1-0sec_randoffset_StimulusBase_decFactor_8_markOutliersAsNaN_False_passband_70.0-150.0_padLength_0.5s_stat_func_ttest_ind_equal_var_False_HG_ev1_power_rescaled-epo.fif ...
    Found the data of interest:
        t =   -1000.00 ...    1500.00 ms
        0 CTF compensation matrices available
Not setting metadata
448 matching events found
No baseline correction applied
0 projection items activated
  Loading condition: Stimulus_err
Not setting metadata
55 matching events found
No baseline correction applied
    Stimulus_err: 55 valid trials out of 55
  Loading condition: Stimulus_corr
Not setting metadata
378 matching events found
No baseline correction applied
    Stimulus_corr: 378 valid trials out of 378
  Loading condition: Stimulus_err
Not setting metadata
55 matching events found
No baseline correction applied
    Stimulus_err: 55 valid trials out of 55
  Loading condition: Stimulus_corr
Not setting metadata
378 matching events found
No baseline correction applied
    Stimulus_corr: 378 valid trials out of 378
Loading data for subject: D0100
Reading /cwork/etb28/BIDS-1.1_GlobalLocal/BIDS/derivatives/freqFilt/figs/D0100/D0100_Stimulus_0.5sec_within-1-0sec_randoffset_StimulusBase_decFactor_8_markOutliersAsNaN_False_passband_70.0-150.0_padLength_0.5s_stat_func_ttest_ind_equal_var_False_HG_ev1_rescaled-epo.fif ...
    Found the data of interest:
        t =   -1000.00 ...    1500.00 ms
        0 CTF compensation matrices available
Not setting metadata
451 matching events found
No baseline correction applied
0 projection items activated
Reading /cwork/etb28/BIDS-1.1_GlobalLocal/BIDS/derivatives/freqFilt/figs/D0100/D0100_Stimulus_0.5sec_within-1-0sec_randoffset_StimulusBase_decFactor_8_markOutliersAsNaN_False_passband_70.0-150.0_padLength_0.5s_stat_func_ttest_ind_equal_var_False_HG_ev1_power_rescaled-epo.fif ...
    Found the data of interest:
        t =   -1000.00 ...    1500.00 ms
        0 CTF compensation matrices available
Not setting metadata
451 matching events found
No baseline correction applied
0 projection items activated
  Loading condition: Stimulus_err
Not setting metadata
24 matching events found
No baseline correction applied
    Stimulus_err: 24 valid trials out of 24
  Loading condition: Stimulus_corr
Not setting metadata
421 matching events found
No baseline correction applied
    Stimulus_corr: 421 valid trials out of 421
  Loading condition: Stimulus_err
Not setting metadata
24 matching events found
No baseline correction applied
    Stimulus_err: 24 valid trials out of 24
  Loading condition: Stimulus_corr
Not setting metadata
421 matching events found
No baseline correction applied
    Stimulus_corr: 421 valid trials out of 421
Loading data for subject: D0102
Reading /cwork/etb28/BIDS-1.1_GlobalLocal/BIDS/derivatives/freqFilt/figs/D0102/D0102_Stimulus_0.5sec_within-1-0sec_randoffset_StimulusBase_decFactor_8_markOutliersAsNaN_False_passband_70.0-150.0_padLength_0.5s_stat_func_ttest_ind_equal_var_False_HG_ev1_rescaled-epo.fif ...
    Found the data of interest:
        t =   -1000.00 ...    1500.00 ms
        0 CTF compensation matrices available
Not setting metadata
448 matching events found
No baseline correction applied
0 projection items activated
Reading /cwork/etb28/BIDS-1.1_GlobalLocal/BIDS/derivatives/freqFilt/figs/D0102/D0102_Stimulus_0.5sec_within-1-0sec_randoffset_StimulusBase_decFactor_8_markOutliersAsNaN_False_passband_70.0-150.0_padLength_0.5s_stat_func_ttest_ind_equal_var_False_HG_ev1_power_rescaled-epo.fif ...
    Found the data of interest:
        t =   -1000.00 ...    1500.00 ms
        0 CTF compensation matrices available
Not setting metadata
448 matching events found
No baseline correction applied
0 projection items activated
  Loading condition: Stimulus_err
Not setting metadata
145 matching events found
No baseline correction applied
    Stimulus_err: 145 valid trials out of 145
  Loading condition: Stimulus_corr
Not setting metadata
299 matching events found
No baseline correction applied
    Stimulus_corr: 299 valid trials out of 299
  Loading condition: Stimulus_err
Not setting metadata
145 matching events found
No baseline correction applied
    Stimulus_err: 145 valid trials out of 145
  Loading condition: Stimulus_corr
Not setting metadata
299 matching events found
No baseline correction applied
    Stimulus_corr: 299 valid trials out of 299
Loading data for subject: D0103
Reading /cwork/etb28/BIDS-1.1_GlobalLocal/BIDS/derivatives/freqFilt/figs/D0103/D0103_Stimulus_0.5sec_within-1-0sec_randoffset_StimulusBase_decFactor_8_markOutliersAsNaN_False_passband_70.0-150.0_padLength_0.5s_stat_func_ttest_ind_equal_var_False_HG_ev1_rescaled-epo.fif ...
    Found the data of interest:
        t =   -1000.00 ...    1500.00 ms
        0 CTF compensation matrices available
Not setting metadata
448 matching events found
No baseline correction applied
0 projection items activated
Reading /cwork/etb28/BIDS-1.1_GlobalLocal/BIDS/derivatives/freqFilt/figs/D0103/D0103_Stimulus_0.5sec_within-1-0sec_randoffset_StimulusBase_decFactor_8_markOutliersAsNaN_False_passband_70.0-150.0_padLength_0.5s_stat_func_ttest_ind_equal_var_False_HG_ev1_power_rescaled-epo.fif ...
    Found the data of interest:
        t =   -1000.00 ...    1500.00 ms
        0 CTF compensation matrices available
Not setting metadata
448 matching events found
No baseline correction applied
0 projection items activated
  Loading condition: Stimulus_err
Not setting metadata
87 matching events found
No baseline correction applied
    Stimulus_err: 87 valid trials out of 87
  Loading condition: Stimulus_corr
Not setting metadata
359 matching events found
No baseline correction applied
    Stimulus_corr: 359 valid trials out of 359
  Loading condition: Stimulus_err
Not setting metadata
87 matching events found
No baseline correction applied
    Stimulus_err: 87 valid trials out of 87
  Loading condition: Stimulus_corr
Not setting metadata
359 matching events found
No baseline correction applied
    Stimulus_corr: 359 valid trials out of 359
Loading data for subject: D0107A
Reading /cwork/etb28/BIDS-1.1_GlobalLocal/BIDS/derivatives/freqFilt/figs/D0107A/D0107A_Stimulus_0.5sec_within-1-0sec_randoffset_StimulusBase_decFactor_8_markOutliersAsNaN_False_passband_70.0-150.0_padLength_0.5s_stat_func_ttest_ind_equal_var_False_HG_ev1_rescaled-epo.fif ...
    Found the data of interest:
        t =   -1000.00 ...    1500.00 ms
        0 CTF compensation matrices available
Not setting metadata
452 matching events found
No baseline correction applied
0 projection items activated
Reading /cwork/etb28/BIDS-1.1_GlobalLocal/BIDS/derivatives/freqFilt/figs/D0107A/D0107A_Stimulus_0.5sec_within-1-0sec_randoffset_StimulusBase_decFactor_8_markOutliersAsNaN_False_passband_70.0-150.0_padLength_0.5s_stat_func_ttest_ind_equal_var_False_HG_ev1_power_rescaled-epo.fif ...
    Found the data of interest:
        t =   -1000.00 ...    1500.00 ms
        0 CTF compensation matrices available
Not setting metadata
452 matching events found
No baseline correction applied
0 projection items activated
  Loading condition: Stimulus_err
Not setting metadata
50 matching events found
No baseline correction applied
    Stimulus_err: 50 valid trials out of 50
  Loading condition: Stimulus_corr
Not setting metadata
394 matching events found
No baseline correction applied
    Stimulus_corr: 394 valid trials out of 394
  Loading condition: Stimulus_err
Not setting metadata
50 matching events found
No baseline correction applied
    Stimulus_err: 50 valid trials out of 50
  Loading condition: Stimulus_corr
Not setting metadata
394 matching events found
No baseline correction applied
    Stimulus_corr: 394 valid trials out of 394
Loading data for subject: D0116
Reading /cwork/etb28/BIDS-1.1_GlobalLocal/BIDS/derivatives/freqFilt/figs/D0116/D0116_Stimulus_0.5sec_within-1-0sec_randoffset_StimulusBase_decFactor_8_markOutliersAsNaN_False_passband_70.0-150.0_padLength_0.5s_stat_func_ttest_ind_equal_var_False_HG_ev1_rescaled-epo.fif ...
    Found the data of interest:
        t =   -1000.00 ...    1500.00 ms
        0 CTF compensation matrices available
Not setting metadata
448 matching events found
No baseline correction applied
0 projection items activated
Reading /cwork/etb28/BIDS-1.1_GlobalLocal/BIDS/derivatives/freqFilt/figs/D0116/D0116_Stimulus_0.5sec_within-1-0sec_randoffset_StimulusBase_decFactor_8_markOutliersAsNaN_False_passband_70.0-150.0_padLength_0.5s_stat_func_ttest_ind_equal_var_False_HG_ev1_power_rescaled-epo.fif ...
    Found the data of interest:
        t =   -1000.00 ...    1500.00 ms
        0 CTF compensation matrices available
Not setting metadata
448 matching events found
No baseline correction applied
0 projection items activated
  Loading condition: Stimulus_err
Not setting metadata
25 matching events found
No baseline correction applied
    Stimulus_err: 25 valid trials out of 25
  Loading condition: Stimulus_corr
Not setting metadata
410 matching events found
No baseline correction applied
    Stimulus_corr: 410 valid trials out of 410
  Loading condition: Stimulus_err
Not setting metadata
25 matching events found
No baseline correction applied
    Stimulus_err: 25 valid trials out of 25
  Loading condition: Stimulus_corr
Not setting metadata
410 matching events found
No baseline correction applied
    Stimulus_corr: 410 valid trials out of 410
Loading data for subject: D0117
Reading /cwork/etb28/BIDS-1.1_GlobalLocal/BIDS/derivatives/freqFilt/figs/D0117/D0117_Stimulus_0.5sec_within-1-0sec_randoffset_StimulusBase_decFactor_8_markOutliersAsNaN_False_passband_70.0-150.0_padLength_0.5s_stat_func_ttest_ind_equal_var_False_HG_ev1_rescaled-epo.fif ...
    Found the data of interest:
        t =   -1000.00 ...    1500.00 ms
        0 CTF compensation matrices available
Not setting metadata
448 matching events found
No baseline correction applied
0 projection items activated
Reading /cwork/etb28/BIDS-1.1_GlobalLocal/BIDS/derivatives/freqFilt/figs/D0117/D0117_Stimulus_0.5sec_within-1-0sec_randoffset_StimulusBase_decFactor_8_markOutliersAsNaN_False_passband_70.0-150.0_padLength_0.5s_stat_func_ttest_ind_equal_var_False_HG_ev1_power_rescaled-epo.fif ...
    Found the data of interest:
        t =   -1000.00 ...    1500.00 ms
        0 CTF compensation matrices available
Not setting metadata
448 matching events found
No baseline correction applied
0 projection items activated
  Loading condition: Stimulus_err
Not setting metadata
162 matching events found
No baseline correction applied
    Stimulus_err: 162 valid trials out of 162
  Loading condition: Stimulus_corr
Not setting metadata
283 matching events found
No baseline correction applied
    Stimulus_corr: 283 valid trials out of 283
  Loading condition: Stimulus_err
Not setting metadata
162 matching events found
No baseline correction applied
    Stimulus_err: 162 valid trials out of 162
  Loading condition: Stimulus_corr
Not setting metadata
283 matching events found
No baseline correction applied
    Stimulus_corr: 283 valid trials out of 283
Loading data for subject: D0121
Reading /cwork/etb28/BIDS-1.1_GlobalLocal/BIDS/derivatives/freqFilt/figs/D0121/D0121_Stimulus_0.5sec_within-1-0sec_randoffset_StimulusBase_decFactor_8_markOutliersAsNaN_False_passband_70.0-150.0_padLength_0.5s_stat_func_ttest_ind_equal_var_False_HG_ev1_rescaled-epo.fif ...
    Found the data of interest:
        t =   -1000.00 ...    1500.00 ms
        0 CTF compensation matrices available
Not setting metadata
448 matching events found
No baseline correction applied
0 projection items activated
Reading /cwork/etb28/BIDS-1.1_GlobalLocal/BIDS/derivatives/freqFilt/figs/D0121/D0121_Stimulus_0.5sec_within-1-0sec_randoffset_StimulusBase_decFactor_8_markOutliersAsNaN_False_passband_70.0-150.0_padLength_0.5s_stat_func_ttest_ind_equal_var_False_HG_ev1_power_rescaled-epo.fif ...
    Found the data of interest:
        t =   -1000.00 ...    1500.00 ms
        0 CTF compensation matrices available
Not setting metadata
448 matching events found
No baseline correction applied
0 projection items activated
  Loading condition: Stimulus_err
Not setting metadata
34 matching events found
No baseline correction applied
    Stimulus_err: 34 valid trials out of 34
  Loading condition: Stimulus_corr
Not setting metadata
400 matching events found
No baseline correction applied
    Stimulus_corr: 400 valid trials out of 400
  Loading condition: Stimulus_err
Not setting metadata
34 matching events found
No baseline correction applied
    Stimulus_err: 34 valid trials out of 34
  Loading condition: Stimulus_corr
Not setting metadata
400 matching events found
No baseline correction applied
    Stimulus_corr: 400 valid trials out of 400

--- Summary of Dropped Electrodes ---
Total electrodes dropped across all subjects/ROIs: 0
-------------------------------------

NOTE: pick_channels() is a legacy function. New code should use inst.pick(...).
NOTE: pick_channels() is a legacy function. New code should use inst.pick(...).
NOTE: pick_channels() is a legacy function. New code should use inst.pick(...).
NOTE: pick_channels() is a legacy function. New code should use inst.pick(...).
NOTE: pick_channels() is a legacy function. New code should use inst.pick(...).
NOTE: pick_channels() is a legacy function. New code should use inst.pick(...).
NOTE: pick_channels() is a legacy function. New code should use inst.pick(...).
NOTE: pick_channels() is a legacy function. New code should use inst.pick(...).
NOTE: pick_channels() is a legacy function. New code should use inst.pick(...).
NOTE: pick_channels() is a legacy function. New code should use inst.pick(...).
NOTE: pick_channels() is a legacy function. New code should use inst.pick(...).
NOTE: pick_channels() is a legacy function. New code should use inst.pick(...).
NOTE: pick_channels() is a legacy function. New code should use inst.pick(...).
NOTE: pick_channels() is a legacy function. New code should use inst.pick(...).
NOTE: pick_channels() is a legacy function. New code should use inst.pick(...).
NOTE: pick_channels() is a legacy function. New code should use inst.pick(...).
NOTE: pick_channels() is a legacy function. New code should use inst.pick(...).
NOTE: pick_channels() is a legacy function. New code should use inst.pick(...).
NOTE: pick_channels() is a legacy function. New code should use inst.pick(...).
NOTE: pick_channels() is a legacy function. New code should use inst.pick(...).
NOTE: pick_channels() is a legacy function. New code should use inst.pick(...).
NOTE: pick_channels() is a legacy function. New code should use inst.pick(...).
NOTE: pick_channels() is a legacy function. New code should use inst.pick(...).
NOTE: pick_channels() is a legacy function. New code should use inst.pick(...).
NOTE: pick_channels() is a legacy function. New code should use inst.pick(...).
NOTE: pick_channels() is a legacy function. New code should use inst.pick(...).
NOTE: pick_channels() is a legacy function. New code should use inst.pick(...).
NOTE: pick_channels() is a legacy function. New code should use inst.pick(...).
NOTE: pick_channels() is a legacy function. New code should use inst.pick(...).
NOTE: pick_channels() is a legacy function. New code should use inst.pick(...).
NOTE: pick_channels() is a legacy function. New code should use inst.pick(...).
NOTE: pick_channels() is a legacy function. New code should use inst.pick(...).
NOTE: pick_channels() is a legacy function. New code should use inst.pick(...).
NOTE: pick_channels() is a legacy function. New code should use inst.pick(...).
NOTE: pick_channels() is a legacy function. New code should use inst.pick(...).
NOTE: pick_channels() is a legacy function. New code should use inst.pick(...).
NOTE: pick_channels() is a legacy function. New code should use inst.pick(...).
NOTE: pick_channels() is a legacy function. New code should use inst.pick(...).
NOTE: pick_channels() is a legacy function. New code should use inst.pick(...).
NOTE: pick_channels() is a legacy function. New code should use inst.pick(...).
NOTE: pick_channels() is a legacy function. New code should use inst.pick(...).
NOTE: pick_channels() is a legacy function. New code should use inst.pick(...).
NOTE: pick_channels() is a legacy function. New code should use inst.pick(...).
NOTE: pick_channels() is a legacy function. New code should use inst.pick(...).
NOTE: pick_channels() is a legacy function. New code should use inst.pick(...).
NOTE: pick_channels() is a legacy function. New code should use inst.pick(...).
NOTE: pick_channels() is a legacy function. New code should use inst.pick(...).
NOTE: pick_channels() is a legacy function. New code should use inst.pick(...).
NOTE: pick_channels() is a legacy function. New code should use inst.pick(...).
NOTE: pick_channels() is a legacy function. New code should use inst.pick(...).
NOTE: pick_channels() is a legacy function. New code should use inst.pick(...).
NOTE: pick_channels() is a legacy function. New code should use inst.pick(...).
NOTE: pick_channels() is a legacy function. New code should use inst.pick(...).
NOTE: pick_channels() is a legacy function. New code should use inst.pick(...).
NOTE: pick_channels() is a legacy function. New code should use inst.pick(...).
NOTE: pick_channels() is a legacy function. New code should use inst.pick(...).
NOTE: pick_channels() is a legacy function. New code should use inst.pick(...).
NOTE: pick_channels() is a legacy function. New code should use inst.pick(...).
NOTE: pick_channels() is a legacy function. New code should use inst.pick(...).
NOTE: pick_channels() is a legacy function. New code should use inst.pick(...).
NOTE: pick_channels() is a legacy function. New code should use inst.pick(...).
NOTE: pick_channels() is a legacy function. New code should use inst.pick(...).
NOTE: pick_channels() is a legacy function. New code should use inst.pick(...).
NOTE: pick_channels() is a legacy function. New code should use inst.pick(...).
NOTE: pick_channels() is a legacy function. New code should use inst.pick(...).
NOTE: pick_channels() is a legacy function. New code should use inst.pick(...).
NOTE: pick_channels() is a legacy function. New code should use inst.pick(...).
NOTE: pick_channels() is a legacy function. New code should use inst.pick(...).
NOTE: pick_channels() is a legacy function. New code should use inst.pick(...).
NOTE: pick_channels() is a legacy function. New code should use inst.pick(...).
NOTE: pick_channels() is a legacy function. New code should use inst.pick(...).
NOTE: pick_channels() is a legacy function. New code should use inst.pick(...).
NOTE: pick_channels() is a legacy function. New code should use inst.pick(...).
NOTE: pick_channels() is a legacy function. New code should use inst.pick(...).
NOTE: pick_channels() is a legacy function. New code should use inst.pick(...).
NOTE: pick_channels() is a legacy function. New code should use inst.pick(...).
NOTE: pick_channels() is a legacy function. New code should use inst.pick(...).
NOTE: pick_channels() is a legacy function. New code should use inst.pick(...).
NOTE: pick_channels() is a legacy function. New code should use inst.pick(...).
NOTE: pick_channels() is a legacy function. New code should use inst.pick(...).
NOTE: pick_channels() is a legacy function. New code should use inst.pick(...).
NOTE: pick_channels() is a legacy function. New code should use inst.pick(...).
NOTE: pick_channels() is a legacy function. New code should use inst.pick(...).
NOTE: pick_channels() is a legacy function. New code should use inst.pick(...).
NOTE: pick_channels() is a legacy function. New code should use inst.pick(...).
NOTE: pick_channels() is a legacy function. New code should use inst.pick(...).
NOTE: pick_channels() is a legacy function. New code should use inst.pick(...).
NOTE: pick_channels() is a legacy function. New code should use inst.pick(...).
NOTE: pick_channels() is a legacy function. New code should use inst.pick(...).
NOTE: pick_channels() is a legacy function. New code should use inst.pick(...).
NOTE: pick_channels() is a legacy function. New code should use inst.pick(...).
NOTE: pick_channels() is a legacy function. New code should use inst.pick(...).
NOTE: pick_channels() is a legacy function. New code should use inst.pick(...).
NOTE: pick_channels() is a legacy function. New code should use inst.pick(...).
NOTE: pick_channels() is a legacy function. New code should use inst.pick(...).
NOTE: pick_channels() is a legacy function. New code should use inst.pick(...).
NOTE: pick_channels() is a legacy function. New code should use inst.pick(...).
NOTE: pick_channels() is a legacy function. New code should use inst.pick(...).
NOTE: pick_channels() is a legacy function. New code should use inst.pick(...).
NOTE: pick_channels() is a legacy function. New code should use inst.pick(...).
NOTE: pick_channels() is a legacy function. New code should use inst.pick(...).
NOTE: pick_channels() is a legacy function. New code should use inst.pick(...).
NOTE: pick_channels() is a legacy function. New code should use inst.pick(...).
NOTE: pick_channels() is a legacy function. New code should use inst.pick(...).
NOTE: pick_channels() is a legacy function. New code should use inst.pick(...).
NOTE: pick_channels() is a legacy function. New code should use inst.pick(...).
NOTE: pick_channels() is a legacy function. New code should use inst.pick(...).
NOTE: pick_channels() is a legacy function. New code should use inst.pick(...).
NOTE: pick_channels() is a legacy function. New code should use inst.pick(...).
NOTE: pick_channels() is a legacy function. New code should use inst.pick(...).
NOTE: pick_channels() is a legacy function. New code should use inst.pick(...).
NOTE: pick_channels() is a legacy function. New code should use inst.pick(...).
NOTE: pick_channels() is a legacy function. New code should use inst.pick(...).
NOTE: pick_channels() is a legacy function. New code should use inst.pick(...).
NOTE: pick_channels() is a legacy function. New code should use inst.pick(...).
NOTE: pick_channels() is a legacy function. New code should use inst.pick(...).
NOTE: pick_channels() is a legacy function. New code should use inst.pick(...).
NOTE: pick_channels() is a legacy function. New code should use inst.pick(...).
NOTE: pick_channels() is a legacy function. New code should use inst.pick(...).
NOTE: pick_channels() is a legacy function. New code should use inst.pick(...).
NOTE: pick_channels() is a legacy function. New code should use inst.pick(...).
NOTE: pick_channels() is a legacy function. New code should use inst.pick(...).
NOTE: pick_channels() is a legacy function. New code should use inst.pick(...).
NOTE: pick_channels() is a legacy function. New code should use inst.pick(...).
NOTE: pick_channels() is a legacy function. New code should use inst.pick(...).
NOTE: pick_channels() is a legacy function. New code should use inst.pick(...).
NOTE: pick_channels() is a legacy function. New code should use inst.pick(...).
NOTE: pick_channels() is a legacy function. New code should use inst.pick(...).
NOTE: pick_channels() is a legacy function. New code should use inst.pick(...).
NOTE: pick_channels() is a legacy function. New code should use inst.pick(...).
NOTE: pick_channels() is a legacy function. New code should use inst.pick(...).
NOTE: pick_channels() is a legacy function. New code should use inst.pick(...).
NOTE: pick_channels() is a legacy function. New code should use inst.pick(...).
NOTE: pick_channels() is a legacy function. New code should use inst.pick(...).
NOTE: pick_channels() is a legacy function. New code should use inst.pick(...).
NOTE: pick_channels() is a legacy function. New code should use inst.pick(...).
NOTE: pick_channels() is a legacy function. New code should use inst.pick(...).
NOTE: pick_channels() is a legacy function. New code should use inst.pick(...).
NOTE: pick_channels() is a legacy function. New code should use inst.pick(...).
NOTE: pick_channels() is a legacy function. New code should use inst.pick(...).
NOTE: pick_channels() is a legacy function. New code should use inst.pick(...).
NOTE: pick_channels() is a legacy function. New code should use inst.pick(...).
NOTE: pick_channels() is a legacy function. New code should use inst.pick(...).
NOTE: pick_channels() is a legacy function. New code should use inst.pick(...).
NOTE: pick_channels() is a legacy function. New code should use inst.pick(...).
NOTE: pick_channels() is a legacy function. New code should use inst.pick(...).
NOTE: pick_channels() is a legacy function. New code should use inst.pick(...).
NOTE: pick_channels() is a legacy function. New code should use inst.pick(...).
NOTE: pick_channels() is a legacy function. New code should use inst.pick(...).
NOTE: pick_channels() is a legacy function. New code should use inst.pick(...).
NOTE: pick_channels() is a legacy function. New code should use inst.pick(...).
NOTE: pick_channels() is a legacy function. New code should use inst.pick(...).
NOTE: pick_channels() is a legacy function. New code should use inst.pick(...).
NOTE: pick_channels() is a legacy function. New code should use inst.pick(...).
NOTE: pick_channels() is a legacy function. New code should use inst.pick(...).
NOTE: pick_channels() is a legacy function. New code should use inst.pick(...).
NOTE: pick_channels() is a legacy function. New code should use inst.pick(...).
NOTE: pick_channels() is a legacy function. New code should use inst.pick(...).
NOTE: pick_channels() is a legacy function. New code should use inst.pick(...).
NOTE: pick_channels() is a legacy function. New code should use inst.pick(...).
NOTE: pick_channels() is a legacy function. New code should use inst.pick(...).
NOTE: pick_channels() is a legacy function. New code should use inst.pick(...).
NOTE: pick_channels() is a legacy function. New code should use inst.pick(...).
NOTE: pick_channels() is a legacy function. New code should use inst.pick(...).
NOTE: pick_channels() is a legacy function. New code should use inst.pick(...).
NOTE: pick_channels() is a legacy function. New code should use inst.pick(...).
NOTE: pick_channels() is a legacy function. New code should use inst.pick(...).
NOTE: pick_channels() is a legacy function. New code should use inst.pick(...).
NOTE: pick_channels() is a legacy function. New code should use inst.pick(...).
NOTE: pick_channels() is a legacy function. New code should use inst.pick(...).
NOTE: pick_channels() is a legacy function. New code should use inst.pick(...).
NOTE: pick_channels() is a legacy function. New code should use inst.pick(...).
NOTE: pick_channels() is a legacy function. New code should use inst.pick(...).
NOTE: pick_channels() is a legacy function. New code should use inst.pick(...).
NOTE: pick_channels() is a legacy function. New code should use inst.pick(...).
NOTE: pick_channels() is a legacy function. New code should use inst.pick(...).
NOTE: pick_channels() is a legacy function. New code should use inst.pick(...).
NOTE: pick_channels() is a legacy function. New code should use inst.pick(...).
NOTE: pick_channels() is a legacy function. New code should use inst.pick(...).
NOTE: pick_channels() is a legacy function. New code should use inst.pick(...).
NOTE: pick_channels() is a legacy function. New code should use inst.pick(...).
NOTE: pick_channels() is a legacy function. New code should use inst.pick(...).
NOTE: pick_channels() is a legacy function. New code should use inst.pick(...).
NOTE: pick_channels() is a legacy function. New code should use inst.pick(...).
NOTE: pick_channels() is a legacy function. New code should use inst.pick(...).
NOTE: pick_channels() is a legacy function. New code should use inst.pick(...).
NOTE: pick_channels() is a legacy function. New code should use inst.pick(...).
NOTE: pick_channels() is a legacy function. New code should use inst.pick(...).
NOTE: pick_channels() is a legacy function. New code should use inst.pick(...).
NOTE: pick_channels() is a legacy function. New code should use inst.pick(...).
NOTE: pick_channels() is a legacy function. New code should use inst.pick(...).
NOTE: pick_channels() is a legacy function. New code should use inst.pick(...).
NOTE: pick_channels() is a legacy function. New code should use inst.pick(...).
NOTE: pick_channels() is a legacy function. New code should use inst.pick(...).
NOTE: pick_channels() is a legacy function. New code should use inst.pick(...).
NOTE: pick_channels() is a legacy function. New code should use inst.pick(...).
NOTE: pick_channels() is a legacy function. New code should use inst.pick(...).
NOTE: pick_channels() is a legacy function. New code should use inst.pick(...).
NOTE: pick_channels() is a legacy function. New code should use inst.pick(...).
NOTE: pick_channels() is a legacy function. New code should use inst.pick(...).
NOTE: pick_channels() is a legacy function. New code should use inst.pick(...).
NOTE: pick_channels() is a legacy function. New code should use inst.pick(...).
NOTE: pick_channels() is a legacy function. New code should use inst.pick(...).
NOTE: pick_channels() is a legacy function. New code should use inst.pick(...).
NOTE: pick_channels() is a legacy function. New code should use inst.pick(...).
NOTE: pick_channels() is a legacy function. New code should use inst.pick(...).
NOTE: pick_channels() is a legacy function. New code should use inst.pick(...).
NOTE: pick_channels() is a legacy function. New code should use inst.pick(...).
NOTE: pick_channels() is a legacy function. New code should use inst.pick(...).
NOTE: pick_channels() is a legacy function. New code should use inst.pick(...).
NOTE: pick_channels() is a legacy function. New code should use inst.pick(...).
NOTE: pick_channels() is a legacy function. New code should use inst.pick(...).

Running statistical tests comparing TWO conditions
-- Processing ROI: lpfc --
stat_func returns a tuple. Taking the first element
NOTE: pick_channels() is a legacy function. New code should use inst.pick(...).
NOTE: pick_channels() is a legacy function. New code should use inst.pick(...).
NOTE: pick_channels() is a legacy function. New code should use inst.pick(...).
NOTE: pick_channels() is a legacy function. New code should use inst.pick(...).
NOTE: pick_channels() is a legacy function. New code should use inst.pick(...).
NOTE: pick_channels() is a legacy function. New code should use inst.pick(...).
NOTE: pick_channels() is a legacy function. New code should use inst.pick(...).
NOTE: pick_channels() is a legacy function. New code should use inst.pick(...).
NOTE: pick_channels() is a legacy function. New code should use inst.pick(...).
NOTE: pick_channels() is a legacy function. New code should use inst.pick(...).
NOTE: pick_channels() is a legacy function. New code should use inst.pick(...).
NOTE: pick_channels() is a legacy function. New code should use inst.pick(...).
NOTE: pick_channels() is a legacy function. New code should use inst.pick(...).
NOTE: pick_channels() is a legacy function. New code should use inst.pick(...).
NOTE: pick_channels() is a legacy function. New code should use inst.pick(...).
NOTE: pick_channels() is a legacy function. New code should use inst.pick(...).
NOTE: pick_channels() is a legacy function. New code should use inst.pick(...).
NOTE: pick_channels() is a legacy function. New code should use inst.pick(...).
NOTE: pick_channels() is a legacy function. New code should use inst.pick(...).
NOTE: pick_channels() is a legacy function. New code should use inst.pick(...).
NOTE: pick_channels() is a legacy function. New code should use inst.pick(...).
NOTE: pick_channels() is a legacy function. New code should use inst.pick(...).
NOTE: pick_channels() is a legacy function. New code should use inst.pick(...).
NOTE: pick_channels() is a legacy function. New code should use inst.pick(...).
NOTE: pick_channels() is a legacy function. New code should use inst.pick(...).
NOTE: pick_channels() is a legacy function. New code should use inst.pick(...).
NOTE: pick_channels() is a legacy function. New code should use inst.pick(...).
NOTE: pick_channels() is a legacy function. New code should use inst.pick(...).
NOTE: pick_channels() is a legacy function. New code should use inst.pick(...).
NOTE: pick_channels() is a legacy function. New code should use inst.pick(...).
NOTE: pick_channels() is a legacy function. New code should use inst.pick(...).
NOTE: pick_channels() is a legacy function. New code should use inst.pick(...).
NOTE: pick_channels() is a legacy function. New code should use inst.pick(...).
NOTE: pick_channels() is a legacy function. New code should use inst.pick(...).
NOTE: pick_channels() is a legacy function. New code should use inst.pick(...).
NOTE: pick_channels() is a legacy function. New code should use inst.pick(...).
NOTE: pick_channels() is a legacy function. New code should use inst.pick(...).
NOTE: pick_channels() is a legacy function. New code should use inst.pick(...).
NOTE: pick_channels() is a legacy function. New code should use inst.pick(...).
NOTE: pick_channels() is a legacy function. New code should use inst.pick(...).
NOTE: pick_channels() is a legacy function. New code should use inst.pick(...).
NOTE: pick_channels() is a legacy function. New code should use inst.pick(...).
NOTE: pick_channels() is a legacy function. New code should use inst.pick(...).
NOTE: pick_channels() is a legacy function. New code should use inst.pick(...).
NOTE: pick_channels() is a legacy function. New code should use inst.pick(...).
NOTE: pick_channels() is a legacy function. New code should use inst.pick(...).
NOTE: pick_channels() is a legacy function. New code should use inst.pick(...).
NOTE: pick_channels() is a legacy function. New code should use inst.pick(...).
NOTE: pick_channels() is a legacy function. New code should use inst.pick(...).
NOTE: pick_channels() is a legacy function. New code should use inst.pick(...).
NOTE: pick_channels() is a legacy function. New code should use inst.pick(...).
NOTE: pick_channels() is a legacy function. New code should use inst.pick(...).
NOTE: pick_channels() is a legacy function. New code should use inst.pick(...).
NOTE: pick_channels() is a legacy function. New code should use inst.pick(...).
NOTE: pick_channels() is a legacy function. New code should use inst.pick(...).
NOTE: pick_channels() is a legacy function. New code should use inst.pick(...).
NOTE: pick_channels() is a legacy function. New code should use inst.pick(...).
NOTE: pick_channels() is a legacy function. New code should use inst.pick(...).
NOTE: pick_channels() is a legacy function. New code should use inst.pick(...).
NOTE: pick_channels() is a legacy function. New code should use inst.pick(...).
NOTE: pick_channels() is a legacy function. New code should use inst.pick(...).
NOTE: pick_channels() is a legacy function. New code should use inst.pick(...).
NOTE: pick_channels() is a legacy function. New code should use inst.pick(...).
NOTE: pick_channels() is a legacy function. New code should use inst.pick(...).
NOTE: pick_channels() is a legacy function. New code should use inst.pick(...).
NOTE: pick_channels() is a legacy function. New code should use inst.pick(...).
NOTE: pick_channels() is a legacy function. New code should use inst.pick(...).
NOTE: pick_channels() is a legacy function. New code should use inst.pick(...).
NOTE: pick_channels() is a legacy function. New code should use inst.pick(...).
NOTE: pick_channels() is a legacy function. New code should use inst.pick(...).
NOTE: pick_channels() is a legacy function. New code should use inst.pick(...).
NOTE: pick_channels() is a legacy function. New code should use inst.pick(...).
NOTE: pick_channels() is a legacy function. New code should use inst.pick(...).
NOTE: pick_channels() is a legacy function. New code should use inst.pick(...).
NOTE: pick_channels() is a legacy function. New code should use inst.pick(...).
NOTE: pick_channels() is a legacy function. New code should use inst.pick(...).
NOTE: pick_channels() is a legacy function. New code should use inst.pick(...).
NOTE: pick_channels() is a legacy function. New code should use inst.pick(...).
NOTE: pick_channels() is a legacy function. New code should use inst.pick(...).
NOTE: pick_channels() is a legacy function. New code should use inst.pick(...).
NOTE: pick_channels() is a legacy function. New code should use inst.pick(...).
NOTE: pick_channels() is a legacy function. New code should use inst.pick(...).
NOTE: pick_channels() is a legacy function. New code should use inst.pick(...).
NOTE: pick_channels() is a legacy function. New code should use inst.pick(...).
NOTE: pick_channels() is a legacy function. New code should use inst.pick(...).
NOTE: pick_channels() is a legacy function. New code should use inst.pick(...).
NOTE: pick_channels() is a legacy function. New code should use inst.pick(...).
NOTE: pick_channels() is a legacy function. New code should use inst.pick(...).
NOTE: pick_channels() is a legacy function. New code should use inst.pick(...).
NOTE: pick_channels() is a legacy function. New code should use inst.pick(...).
NOTE: pick_channels() is a legacy function. New code should use inst.pick(...).
NOTE: pick_channels() is a legacy function. New code should use inst.pick(...).
NOTE: pick_channels() is a legacy function. New code should use inst.pick(...).
NOTE: pick_channels() is a legacy function. New code should use inst.pick(...).
NOTE: pick_channels() is a legacy function. New code should use inst.pick(...).
NOTE: pick_channels() is a legacy function. New code should use inst.pick(...).
NOTE: pick_channels() is a legacy function. New code should use inst.pick(...).
NOTE: pick_channels() is a legacy function. New code should use inst.pick(...).
NOTE: pick_channels() is a legacy function. New code should use inst.pick(...).
NOTE: pick_channels() is a legacy function. New code should use inst.pick(...).
NOTE: pick_channels() is a legacy function. New code should use inst.pick(...).
NOTE: pick_channels() is a legacy function. New code should use inst.pick(...).
NOTE: pick_channels() is a legacy function. New code should use inst.pick(...).
NOTE: pick_channels() is a legacy function. New code should use inst.pick(...).
NOTE: pick_channels() is a legacy function. New code should use inst.pick(...).
NOTE: pick_channels() is a legacy function. New code should use inst.pick(...).
NOTE: pick_channels() is a legacy function. New code should use inst.pick(...).
NOTE: pick_channels() is a legacy function. New code should use inst.pick(...).
NOTE: pick_channels() is a legacy function. New code should use inst.pick(...).
NOTE: pick_channels() is a legacy function. New code should use inst.pick(...).
NOTE: pick_channels() is a legacy function. New code should use inst.pick(...).
NOTE: pick_channels() is a legacy function. New code should use inst.pick(...).
NOTE: pick_channels() is a legacy function. New code should use inst.pick(...).
NOTE: pick_channels() is a legacy function. New code should use inst.pick(...).
NOTE: pick_channels() is a legacy function. New code should use inst.pick(...).
NOTE: pick_channels() is a legacy function. New code should use inst.pick(...).
NOTE: pick_channels() is a legacy function. New code should use inst.pick(...).
NOTE: pick_channels() is a legacy function. New code should use inst.pick(...).
NOTE: pick_channels() is a legacy function. New code should use inst.pick(...).
NOTE: pick_channels() is a legacy function. New code should use inst.pick(...).
NOTE: pick_channels() is a legacy function. New code should use inst.pick(...).
NOTE: pick_channels() is a legacy function. New code should use inst.pick(...).
NOTE: pick_channels() is a legacy function. New code should use inst.pick(...).
NOTE: pick_channels() is a legacy function. New code should use inst.pick(...).
NOTE: pick_channels() is a legacy function. New code should use inst.pick(...).
NOTE: pick_channels() is a legacy function. New code should use inst.pick(...).
NOTE: pick_channels() is a legacy function. New code should use inst.pick(...).
NOTE: pick_channels() is a legacy function. New code should use inst.pick(...).
NOTE: pick_channels() is a legacy function. New code should use inst.pick(...).
NOTE: pick_channels() is a legacy function. New code should use inst.pick(...).
NOTE: pick_channels() is a legacy function. New code should use inst.pick(...).
NOTE: pick_channels() is a legacy function. New code should use inst.pick(...).
NOTE: pick_channels() is a legacy function. New code should use inst.pick(...).
NOTE: pick_channels() is a legacy function. New code should use inst.pick(...).
NOTE: pick_channels() is a legacy function. New code should use inst.pick(...).
NOTE: pick_channels() is a legacy function. New code should use inst.pick(...).
NOTE: pick_channels() is a legacy function. New code should use inst.pick(...).
NOTE: pick_channels() is a legacy function. New code should use inst.pick(...).
NOTE: pick_channels() is a legacy function. New code should use inst.pick(...).
NOTE: pick_channels() is a legacy function. New code should use inst.pick(...).
NOTE: pick_channels() is a legacy function. New code should use inst.pick(...).
NOTE: pick_channels() is a legacy function. New code should use inst.pick(...).
NOTE: pick_channels() is a legacy function. New code should use inst.pick(...).
NOTE: pick_channels() is a legacy function. New code should use inst.pick(...).
NOTE: pick_channels() is a legacy function. New code should use inst.pick(...).
NOTE: pick_channels() is a legacy function. New code should use inst.pick(...).
NOTE: pick_channels() is a legacy function. New code should use inst.pick(...).
NOTE: pick_channels() is a legacy function. New code should use inst.pick(...).
NOTE: pick_channels() is a legacy function. New code should use inst.pick(...).
NOTE: pick_channels() is a legacy function. New code should use inst.pick(...).
NOTE: pick_channels() is a legacy function. New code should use inst.pick(...).
NOTE: pick_channels() is a legacy function. New code should use inst.pick(...).
NOTE: pick_channels() is a legacy function. New code should use inst.pick(...).
NOTE: pick_channels() is a legacy function. New code should use inst.pick(...).
NOTE: pick_channels() is a legacy function. New code should use inst.pick(...).
NOTE: pick_channels() is a legacy function. New code should use inst.pick(...).
NOTE: pick_channels() is a legacy function. New code should use inst.pick(...).
NOTE: pick_channels() is a legacy function. New code should use inst.pick(...).
NOTE: pick_channels() is a legacy function. New code should use inst.pick(...).
NOTE: pick_channels() is a legacy function. New code should use inst.pick(...).
NOTE: pick_channels() is a legacy function. New code should use inst.pick(...).
NOTE: pick_channels() is a legacy function. New code should use inst.pick(...).
NOTE: pick_channels() is a legacy function. New code should use inst.pick(...).
NOTE: pick_channels() is a legacy function. New code should use inst.pick(...).
NOTE: pick_channels() is a legacy function. New code should use inst.pick(...).
NOTE: pick_channels() is a legacy function. New code should use inst.pick(...).
NOTE: pick_channels() is a legacy function. New code should use inst.pick(...).
NOTE: pick_channels() is a legacy function. New code should use inst.pick(...).
NOTE: pick_channels() is a legacy function. New code should use inst.pick(...).
NOTE: pick_channels() is a legacy function. New code should use inst.pick(...).
NOTE: pick_channels() is a legacy function. New code should use inst.pick(...).
NOTE: pick_channels() is a legacy function. New code should use inst.pick(...).
NOTE: pick_channels() is a legacy function. New code should use inst.pick(...).
NOTE: pick_channels() is a legacy function. New code should use inst.pick(...).
NOTE: pick_channels() is a legacy function. New code should use inst.pick(...).
NOTE: pick_channels() is a legacy function. New code should use inst.pick(...).
NOTE: pick_channels() is a legacy function. New code should use inst.pick(...).
NOTE: pick_channels() is a legacy function. New code should use inst.pick(...).
NOTE: pick_channels() is a legacy function. New code should use inst.pick(...).
NOTE: pick_channels() is a legacy function. New code should use inst.pick(...).
NOTE: pick_channels() is a legacy function. New code should use inst.pick(...).
NOTE: pick_channels() is a legacy function. New code should use inst.pick(...).
NOTE: pick_channels() is a legacy function. New code should use inst.pick(...).
NOTE: pick_channels() is a legacy function. New code should use inst.pick(...).
NOTE: pick_channels() is a legacy function. New code should use inst.pick(...).
NOTE: pick_channels() is a legacy function. New code should use inst.pick(...).
NOTE: pick_channels() is a legacy function. New code should use inst.pick(...).
NOTE: pick_channels() is a legacy function. New code should use inst.pick(...).
NOTE: pick_channels() is a legacy function. New code should use inst.pick(...).
NOTE: pick_channels() is a legacy function. New code should use inst.pick(...).
NOTE: pick_channels() is a legacy function. New code should use inst.pick(...).
NOTE: pick_channels() is a legacy function. New code should use inst.pick(...).
NOTE: pick_channels() is a legacy function. New code should use inst.pick(...).
NOTE: pick_channels() is a legacy function. New code should use inst.pick(...).
NOTE: pick_channels() is a legacy function. New code should use inst.pick(...).
NOTE: pick_channels() is a legacy function. New code should use inst.pick(...).
NOTE: pick_channels() is a legacy function. New code should use inst.pick(...).
NOTE: pick_channels() is a legacy function. New code should use inst.pick(...).
NOTE: pick_channels() is a legacy function. New code should use inst.pick(...).
NOTE: pick_channels() is a legacy function. New code should use inst.pick(...).
NOTE: pick_channels() is a legacy function. New code should use inst.pick(...).
NOTE: pick_channels() is a legacy function. New code should use inst.pick(...).
NOTE: pick_channels() is a legacy function. New code should use inst.pick(...).
NOTE: pick_channels() is a legacy function. New code should use inst.pick(...).
NOTE: pick_channels() is a legacy function. New code should use inst.pick(...).
NOTE: pick_channels() is a legacy function. New code should use inst.pick(...).
NOTE: pick_channels() is a legacy function. New code should use inst.pick(...).
NOTE: pick_channels() is a legacy function. New code should use inst.pick(...).
NOTE: pick_channels() is a legacy function. New code should use inst.pick(...).
NOTE: pick_channels() is a legacy function. New code should use inst.pick(...).
NOTE: pick_channels() is a legacy function. New code should use inst.pick(...).
NOTE: pick_channels() is a legacy function. New code should use inst.pick(...).
Saved plot to: /cwork/etb28/BIDS-1.1_GlobalLocal/BIDS/derivatives/freqFilt/figs/Stimulus_0.5sec_within-1-0sec_randoffset_StimulusBase_decFactor_8_markOutliersAsNaN_False_passband_70.0-150.0_padLength_0.5s_stat_func_ttest_ind_equal_var_False/lpfc_stimulus_err_corr_conditions_13_subjects_sig_elecs_sem_shading.png

All plots saved to: /cwork/etb28/BIDS-1.1_GlobalLocal/BIDS/derivatives/freqFilt/figs/Stimulus_0.5sec_within-1-0sec_randoffset_StimulusBase_decFactor_8_markOutliersAsNaN_False_passband_70.0-150.0_padLength_0.5s_stat_func_ttest_ind_equal_var_False

 Analysis completed successfully!
