Qt5Agg backend not available, using default backend
Qt5Agg backend not available, using default backend
['/hpc/home/etb28/coganlab/etb28/GlobalLocal/src', '/hpc/home/etb28/coganlab/etb28/GlobalLocal', '/hpc/group/coganlab/etb28/GlobalLocal/dcc_scripts/power', '/hpc/home/etb28/miniconda3/envs/ieeg/lib/python311.zip', '/hpc/home/etb28/miniconda3/envs/ieeg/lib/python3.11', '/hpc/home/etb28/miniconda3/envs/ieeg/lib/python3.11/lib-dynload', '/hpc/home/etb28/miniconda3/envs/ieeg/lib/python3.11/site-packages', '/hpc/home/etb28/coganlab/etb28/GlobalLocal/IEEG_Pipelines/']
======================================================================
BANDPASS FILTERED DECODING ANALYSIS
======================================================================
Subjects:          ['D0057', 'D0059', 'D0063', 'D0065', 'D0069', 'D0071', 'D0077', 'D0090', 'D0094', 'D0100', 'D0102', 'D0103', 'D0107A', 'D0110', 'D0116', 'D0117', 'D0121', 'D0133', 'D0134', 'D0137']
Conditions:        ['Stimulus_err', 'Stimulus_corr']
ROIs:              ['dlpfc']
Epochs file:       Stimulus_-1.0to1.5sec_0.5sec_within-1.0-0.0sec_base_decFactor_8_outliers_10_none_thresh_perc_5.0_4.0-8.0_Hz_padLength_1.5s_bandpass_stat_func_ttest_ind_equal_var_False_nan_policy_omit
Electrodes (all or sig):       sig
----------------------------------------------------------------------
Perm Cluster Statistical Parameters:
  P-value Threshold: 0.05
  P cluster: 0.05
  Stat Func: ttest_rel
  Permutation Type: independent
  Number of Permutations: 500
  Tails: 2
======================================================================
ANOVA Parameters:
  Window Size: None
  Step Size: None
  Apply FDR: True
  FDR alpha: 0.05
======================================================================
plotting parameters:

{'show_title': False, 'show_xlabel': True, 'show_ylabel': True, 'show_legend': True, 'title': None, 'x_label': 'Time from Response Onset (s)', 'y_label': 'Power (z)', 'title_font_size': 14, 'axis_font_size': 38, 'tick_font_size': 28, 'legend_font_size': 14, 'xticks': [-1.5, -1.0, -0.5, 0, 0.5, 1.0, 1.5, 2.0], 'yticks': [-0.2, -0.1, 0, 0.1, 0.2, 0.3, 0.4, 0.5, 0.6], 'xtick_labels': None, 'ytick_labels': None, 'xlim': (-1.0, 1.5), 'ylim': (-0.2, 0.6), 'figsize': (12, 8), 'text_color': 'black', 'sig_cluster_height': 0.6}
======================================================================

Starting analysis...
Loaded data from /hpc/home/etb28/coganlab/etb28/GlobalLocal/src/analysis/config/subjects_electrodestoROIs_dict.json
Save directory created or already exists at: /cwork/etb28/BIDS-1.1_GlobalLocal/BIDS/derivatives/freqFilt/figs/Stimulus_-1.0to1.5sec_0.5sec_within-1.0-0.0sec_base_decFactor_8_outliers_10_none_thresh_perc_5.0_4.0-8.0_Hz_padLength_1.5s_bandpass_stat_func_ttest_ind_equal_var_False_nan_policy_omit
Loaded significant channels for subject D0057
Loaded significant channels for subject D0059
Loaded significant channels for subject D0063
Loaded significant channels for subject D0065
Loaded significant channels for subject D0069
Loaded significant channels for subject D0071
Loaded significant channels for subject D0077
Loaded significant channels for subject D0090
Loaded significant channels for subject D0094
Loaded significant channels for subject D0100
Loaded significant channels for subject D0102
Loaded significant channels for subject D0103
Loaded significant channels for subject D0107A
Loaded significant channels for subject D0110
Loaded significant channels for subject D0116
Loaded significant channels for subject D0117
Loaded significant channels for subject D0121
Loaded significant channels for subject D0133
Loaded significant channels for subject D0134
Loaded significant channels for subject D0137
For subject D0057, G_front_middle, G_front_sup, S_front_inf, S_front_middle, S_front_sup electrodes are: ['RAI12', 'RAI13', 'RAI14', 'RAI15', 'RAI16', 'RPI15', 'RPI14', 'RAMF10', 'RAMF11', 'RAMF12', 'RAMF13', 'RAMF14']
For subject D0059, G_front_middle, G_front_sup, S_front_inf, S_front_middle, S_front_sup electrodes are: ['LMMF9', 'LMMF11', 'LMMF10', 'LMMF12', 'LPSF16']
For subject D0063, G_front_middle, G_front_sup, S_front_inf, S_front_middle, S_front_sup electrodes are: ['LASF10', 'LASF11', 'LASF14', 'LASF15', 'LASF16', 'LMSF5', 'LMSF6', 'LMSF12', 'LPSF10', 'LPSF12', 'ROF16', 'RAI16', 'RAMF11', 'RAMF12', 'RAMF13', 'RAMF14', 'RMMF13', 'RMMF14', 'RAI10', 'RAI11', 'RASF15', 'RASF16', 'RMSF8', 'RMSF9', 'RMSF10', 'RMSF11', 'RMSF12', 'RMSF7', 'RAMF8', 'RAMF9', 'RAMF10', 'RMMF9', 'RMMF10']
For subject D0065, G_front_middle, G_front_sup, S_front_inf, S_front_middle, S_front_sup electrodes are: ['RASF13', 'RASF14', 'RASF15', 'RASF16', 'RMSF11', 'RMSF12', 'RMSF13', 'RMSF14']
For subject D0069, G_front_middle, G_front_sup, S_front_inf, S_front_middle, S_front_sup electrodes are: []
For subject D0071, G_front_middle, G_front_sup, S_front_inf, S_front_middle, S_front_sup electrodes are: ['RIA11', 'RIA12', 'RIA13', 'RIA14', 'RIA16', 'RIP14', 'RIP15', 'RIP16']
For subject D0077, G_front_middle, G_front_sup, S_front_inf, S_front_middle, S_front_sup electrodes are: []
For subject D0090, G_front_middle, G_front_sup, S_front_inf, S_front_middle, S_front_sup electrodes are: ['RIA11', 'RIA12', 'RIA14', 'RIA15', 'RIA16']
For subject D0094, G_front_middle, G_front_sup, S_front_inf, S_front_middle, S_front_sup electrodes are: ['LFAM8', 'LFAM9', 'LFAM10', 'LFAM13', 'LFAM14', 'LFPM10', 'LFPM11', 'LFPM12', 'LPAS1', 'LIA16', 'LIA11', 'LIA12', 'LIA13', 'LIA14']
For subject D0100, G_front_middle, G_front_sup, S_front_inf, S_front_middle, S_front_sup electrodes are: []
For subject D0102, G_front_middle, G_front_sup, S_front_inf, S_front_middle, S_front_sup electrodes are: ['RFAM15']
For subject D0103, G_front_middle, G_front_sup, S_front_inf, S_front_middle, S_front_sup electrodes are: ['LFAM8', 'LFAM9', 'LAI13', 'LAI14', 'LFAM15', 'LAI18']
For subject D0107A, G_front_middle, G_front_sup, S_front_inf, S_front_middle, S_front_sup electrodes are: ['RFOA16', 'RFOA17', 'RFOA18', 'RFAM7', 'RFAM9', 'RFAM10', 'RFAM11', 'RFAM12', 'RFMM9', 'RFMM11', 'RFMM12', 'RFMM13', 'RFMM14', 'RFMM15', 'RFMM8', 'RIA12', 'RIA13', 'RIA14', 'RIA15', 'RIA16', 'RIA17', 'RIA18']
For subject D0110, G_front_middle, G_front_sup, S_front_inf, S_front_middle, S_front_sup electrodes are: ['LASF10']
For subject D0116, G_front_middle, G_front_sup, S_front_inf, S_front_middle, S_front_sup electrodes are: ['LFOA14', 'LFOA17', 'LFOA18', 'LFAM10', 'LFAM11', 'LFMM14', 'LAI12', 'LAI16', 'LFAM12', 'RFOA14', 'RFOA15', 'RFOA16', 'RFMM10', 'RFMM11', 'RFMM12', 'RAI11', 'RAI12', 'RAI14', 'RAI15', 'RAI16', 'RAI17']
For subject D0117, G_front_middle, G_front_sup, S_front_inf, S_front_middle, S_front_sup electrodes are: ['RMOF15', 'RINSA15', 'RINSA16', 'RLOF10', 'RLOF11', 'RLOF16', 'RINSA11', 'RINSA12', 'RINSA13', 'RINSA14']
For subject D0121, G_front_middle, G_front_sup, S_front_inf, S_front_middle, S_front_sup electrodes are: ['LFO5', 'LFO6', 'LFO8', 'LFO9', 'LFO12', 'LFO13', 'LFO14', 'LFO15', 'LFO16', 'LFO17', 'LFO18', 'LFA1', 'LFA2', 'LFP16', 'LFP17', 'LFPS1', 'LFPS2', 'LFPP1', 'LFA7', 'LFA8', 'LFAS6', 'LFAM8', 'LFAM9', 'LFA9', 'LFA10', 'LFA11', 'LFA12', 'LFAM10', 'LFAM11', 'LFAM12', 'LFMM8', 'LFMM9', 'LFMM10', 'LFMM11', 'LFMM12', 'LFAS7', 'LFAS8', 'LFAS9', 'LFAS10', 'LFMS7', 'LFMS9', 'LFMS10', 'LFMS11', 'LFMS12', 'LFPS6', 'LFPS7', 'LFPS9', 'LFPS10', 'LFPP7', 'LFPP9', 'LFPP10']
Subject D0057 significant G_front_middle, G_front_sup, S_front_inf, S_front_middle, S_front_sup electrodes: ['RAI12', 'RAI13', 'RAI14', 'RAI15', 'RAI16', 'RPI14', 'RAMF10', 'RAMF11', 'RAMF13', 'RAMF14']
Subject D0059 significant G_front_middle, G_front_sup, S_front_inf, S_front_middle, S_front_sup electrodes: []
Subject D0063 significant G_front_middle, G_front_sup, S_front_inf, S_front_middle, S_front_sup electrodes: ['LASF10', 'LASF11', 'LASF14', 'LASF15', 'LASF16', 'LMSF5', 'LMSF6', 'LMSF12', 'LPSF10', 'LPSF12', 'ROF16', 'RAI16', 'RAMF11', 'RAMF12', 'RAMF13', 'RAMF14', 'RMMF14', 'RAI10', 'RASF15', 'RASF16', 'RMSF8', 'RMSF9', 'RMSF10', 'RMSF11', 'RMSF12', 'RMSF7', 'RAMF8', 'RAMF9', 'RAMF10', 'RMMF9', 'RMMF10']
Subject D0065 significant G_front_middle, G_front_sup, S_front_inf, S_front_middle, S_front_sup electrodes: ['RMSF12']
Subject D0069 significant G_front_middle, G_front_sup, S_front_inf, S_front_middle, S_front_sup electrodes: []
Subject D0071 significant G_front_middle, G_front_sup, S_front_inf, S_front_middle, S_front_sup electrodes: ['RIA11', 'RIA12', 'RIA13', 'RIA14', 'RIA16', 'RIP16']
Subject D0077 significant G_front_middle, G_front_sup, S_front_inf, S_front_middle, S_front_sup electrodes: []
Subject D0090 significant G_front_middle, G_front_sup, S_front_inf, S_front_middle, S_front_sup electrodes: ['RIA11', 'RIA12', 'RIA14', 'RIA15', 'RIA16']
Subject D0094 significant G_front_middle, G_front_sup, S_front_inf, S_front_middle, S_front_sup electrodes: ['LIA11', 'LIA12', 'LIA13']
Subject D0100 significant G_front_middle, G_front_sup, S_front_inf, S_front_middle, S_front_sup electrodes: []
Subject D0102 significant G_front_middle, G_front_sup, S_front_inf, S_front_middle, S_front_sup electrodes: ['RFAM15']
Subject D0103 significant G_front_middle, G_front_sup, S_front_inf, S_front_middle, S_front_sup electrodes: ['LFAM8', 'LFAM9', 'LAI13', 'LAI14', 'LFAM15', 'LAI18']
Subject D0107A significant G_front_middle, G_front_sup, S_front_inf, S_front_middle, S_front_sup electrodes: ['RFOA16', 'RFOA17', 'RFOA18', 'RFAM9', 'RFAM10', 'RFAM11', 'RFAM12', 'RFMM9', 'RFMM11', 'RFMM12', 'RFMM13', 'RFMM14', 'RFMM15', 'RFMM8', 'RIA12', 'RIA13', 'RIA14', 'RIA15', 'RIA16', 'RIA17', 'RIA18']
Subject D0110 significant G_front_middle, G_front_sup, S_front_inf, S_front_middle, S_front_sup electrodes: []
Subject D0116 significant G_front_middle, G_front_sup, S_front_inf, S_front_middle, S_front_sup electrodes: ['LFOA14', 'LFOA17', 'LFOA18', 'RFOA14', 'RFOA15', 'RFOA16']
Subject D0117 significant G_front_middle, G_front_sup, S_front_inf, S_front_middle, S_front_sup electrodes: ['RMOF15', 'RINSA15', 'RINSA16', 'RLOF11', 'RLOF16', 'RINSA12', 'RINSA13', 'RINSA14']
Subject D0121 significant G_front_middle, G_front_sup, S_front_inf, S_front_middle, S_front_sup electrodes: ['LFO14', 'LFO15', 'LFO16', 'LFPS1', 'LFA7', 'LFA8', 'LFAM8', 'LFAM9', 'LFA9', 'LFA11', 'LFA12', 'LFAM10', 'LFAM12', 'LFMM9', 'LFMM10', 'LFMM12', 'LFMS12', 'LFPS7', 'LFPS9', 'LFPS10']
Loading data for subject: D0057
Reading /cwork/etb28/BIDS-1.1_GlobalLocal/BIDS/derivatives/freqFilt/figs/D0057/D0057_Stimulus_-1.0to1.5sec_0.5sec_within-1.0-0.0sec_base_decFactor_8_outliers_10_none_thresh_perc_5.0_4.0-8.0_Hz_padLength_1.5s_bandpass_stat_func_ttest_ind_equal_var_False_nan_policy_omit_HG_ev1_rescaled-epo.fif ...
    Found the data of interest:
        t =   -1000.00 ...    1500.00 ms
        0 CTF compensation matrices available
Adding metadata with 29 columns
449 matching events found
No baseline correction applied
0 projection items activated
Replacing existing metadata with 29 columns
Reading /cwork/etb28/BIDS-1.1_GlobalLocal/BIDS/derivatives/freqFilt/figs/D0057/D0057_Stimulus_-1.0to1.5sec_0.5sec_within-1.0-0.0sec_base_decFactor_8_outliers_10_none_thresh_perc_5.0_4.0-8.0_Hz_padLength_1.5s_bandpass_stat_func_ttest_ind_equal_var_False_nan_policy_omit_HG_ev1_power_rescaled-epo.fif ...
    Found the data of interest:
        t =   -1000.00 ...    1500.00 ms
        0 CTF compensation matrices available
Adding metadata with 29 columns
449 matching events found
No baseline correction applied
0 projection items activated
Replacing existing metadata with 29 columns
  Loading condition: Stimulus_err
Adding metadata with 29 columns
32 matching events found
No baseline correction applied
    Stimulus_err: 32 valid trials out of 32
  Loading condition: Stimulus_corr
Adding metadata with 29 columns
405 matching events found
No baseline correction applied
    Stimulus_corr: 405 valid trials out of 405
  Loading condition: Stimulus_err
Adding metadata with 29 columns
32 matching events found
No baseline correction applied
    Stimulus_err: 32 valid trials out of 32
  Loading condition: Stimulus_corr
Adding metadata with 29 columns
405 matching events found
No baseline correction applied
    Stimulus_corr: 405 valid trials out of 405
Loading data for subject: D0059
Reading /cwork/etb28/BIDS-1.1_GlobalLocal/BIDS/derivatives/freqFilt/figs/D0059/D0059_Stimulus_-1.0to1.5sec_0.5sec_within-1.0-0.0sec_base_decFactor_8_outliers_10_none_thresh_perc_5.0_4.0-8.0_Hz_padLength_1.5s_bandpass_stat_func_ttest_ind_equal_var_False_nan_policy_omit_HG_ev1_rescaled-epo.fif ...
    Found the data of interest:
        t =   -1000.00 ...    1500.00 ms
        0 CTF compensation matrices available
Adding metadata with 29 columns
448 matching events found
No baseline correction applied
0 projection items activated
Replacing existing metadata with 29 columns
Reading /cwork/etb28/BIDS-1.1_GlobalLocal/BIDS/derivatives/freqFilt/figs/D0059/D0059_Stimulus_-1.0to1.5sec_0.5sec_within-1.0-0.0sec_base_decFactor_8_outliers_10_none_thresh_perc_5.0_4.0-8.0_Hz_padLength_1.5s_bandpass_stat_func_ttest_ind_equal_var_False_nan_policy_omit_HG_ev1_power_rescaled-epo.fif ...
    Found the data of interest:
        t =   -1000.00 ...    1500.00 ms
        0 CTF compensation matrices available
Adding metadata with 29 columns
448 matching events found
No baseline correction applied
0 projection items activated
Replacing existing metadata with 29 columns
  Loading condition: Stimulus_err
Adding metadata with 29 columns
20 matching events found
No baseline correction applied
    Stimulus_err: 20 valid trials out of 20
  Loading condition: Stimulus_corr
Adding metadata with 29 columns
427 matching events found
No baseline correction applied
    Stimulus_corr: 427 valid trials out of 427
  Loading condition: Stimulus_err
Adding metadata with 29 columns
20 matching events found
No baseline correction applied
    Stimulus_err: 20 valid trials out of 20
  Loading condition: Stimulus_corr
Adding metadata with 29 columns
427 matching events found
No baseline correction applied
    Stimulus_corr: 427 valid trials out of 427
Loading data for subject: D0063
Reading /cwork/etb28/BIDS-1.1_GlobalLocal/BIDS/derivatives/freqFilt/figs/D0063/D0063_Stimulus_-1.0to1.5sec_0.5sec_within-1.0-0.0sec_base_decFactor_8_outliers_10_none_thresh_perc_5.0_4.0-8.0_Hz_padLength_1.5s_bandpass_stat_func_ttest_ind_equal_var_False_nan_policy_omit_HG_ev1_rescaled-epo.fif ...
    Found the data of interest:
        t =   -1000.00 ...    1500.00 ms
        0 CTF compensation matrices available
Adding metadata with 29 columns
452 matching events found
No baseline correction applied
0 projection items activated
Replacing existing metadata with 29 columns
Reading /cwork/etb28/BIDS-1.1_GlobalLocal/BIDS/derivatives/freqFilt/figs/D0063/D0063_Stimulus_-1.0to1.5sec_0.5sec_within-1.0-0.0sec_base_decFactor_8_outliers_10_none_thresh_perc_5.0_4.0-8.0_Hz_padLength_1.5s_bandpass_stat_func_ttest_ind_equal_var_False_nan_policy_omit_HG_ev1_power_rescaled-epo.fif ...
    Found the data of interest:
        t =   -1000.00 ...    1500.00 ms
        0 CTF compensation matrices available
Adding metadata with 29 columns
452 matching events found
No baseline correction applied
0 projection items activated
Replacing existing metadata with 29 columns
  Loading condition: Stimulus_err
Adding metadata with 29 columns
56 matching events found
No baseline correction applied
    Stimulus_err: 56 valid trials out of 56
  Loading condition: Stimulus_corr
Adding metadata with 29 columns
389 matching events found
No baseline correction applied
    Stimulus_corr: 389 valid trials out of 389
  Loading condition: Stimulus_err
Adding metadata with 29 columns
56 matching events found
No baseline correction applied
    Stimulus_err: 56 valid trials out of 56
  Loading condition: Stimulus_corr
Adding metadata with 29 columns
389 matching events found
No baseline correction applied
    Stimulus_corr: 389 valid trials out of 389
Loading data for subject: D0065
Reading /cwork/etb28/BIDS-1.1_GlobalLocal/BIDS/derivatives/freqFilt/figs/D0065/D0065_Stimulus_-1.0to1.5sec_0.5sec_within-1.0-0.0sec_base_decFactor_8_outliers_10_none_thresh_perc_5.0_4.0-8.0_Hz_padLength_1.5s_bandpass_stat_func_ttest_ind_equal_var_False_nan_policy_omit_HG_ev1_rescaled-epo.fif ...
    Found the data of interest:
        t =   -1000.00 ...    1500.00 ms
        0 CTF compensation matrices available
Adding metadata with 29 columns
448 matching events found
No baseline correction applied
0 projection items activated
Replacing existing metadata with 29 columns
Reading /cwork/etb28/BIDS-1.1_GlobalLocal/BIDS/derivatives/freqFilt/figs/D0065/D0065_Stimulus_-1.0to1.5sec_0.5sec_within-1.0-0.0sec_base_decFactor_8_outliers_10_none_thresh_perc_5.0_4.0-8.0_Hz_padLength_1.5s_bandpass_stat_func_ttest_ind_equal_var_False_nan_policy_omit_HG_ev1_power_rescaled-epo.fif ...
    Found the data of interest:
        t =   -1000.00 ...    1500.00 ms
        0 CTF compensation matrices available
Adding metadata with 29 columns
448 matching events found
No baseline correction applied
0 projection items activated
Replacing existing metadata with 29 columns
  Loading condition: Stimulus_err
Adding metadata with 29 columns
102 matching events found
No baseline correction applied
    Stimulus_err: 102 valid trials out of 102
  Loading condition: Stimulus_corr
Adding metadata with 29 columns
316 matching events found
No baseline correction applied
    Stimulus_corr: 316 valid trials out of 316
  Loading condition: Stimulus_err
Adding metadata with 29 columns
102 matching events found
No baseline correction applied
    Stimulus_err: 102 valid trials out of 102
  Loading condition: Stimulus_corr
Adding metadata with 29 columns
316 matching events found
No baseline correction applied
    Stimulus_corr: 316 valid trials out of 316
Loading data for subject: D0069
Reading /cwork/etb28/BIDS-1.1_GlobalLocal/BIDS/derivatives/freqFilt/figs/D0069/D0069_Stimulus_-1.0to1.5sec_0.5sec_within-1.0-0.0sec_base_decFactor_8_outliers_10_none_thresh_perc_5.0_4.0-8.0_Hz_padLength_1.5s_bandpass_stat_func_ttest_ind_equal_var_False_nan_policy_omit_HG_ev1_rescaled-epo.fif ...
    Found the data of interest:
        t =   -1000.00 ...    1500.00 ms
        0 CTF compensation matrices available
Adding metadata with 29 columns
448 matching events found
No baseline correction applied
0 projection items activated
Replacing existing metadata with 29 columns
Reading /cwork/etb28/BIDS-1.1_GlobalLocal/BIDS/derivatives/freqFilt/figs/D0069/D0069_Stimulus_-1.0to1.5sec_0.5sec_within-1.0-0.0sec_base_decFactor_8_outliers_10_none_thresh_perc_5.0_4.0-8.0_Hz_padLength_1.5s_bandpass_stat_func_ttest_ind_equal_var_False_nan_policy_omit_HG_ev1_power_rescaled-epo.fif ...
    Found the data of interest:
        t =   -1000.00 ...    1500.00 ms
        0 CTF compensation matrices available
Adding metadata with 29 columns
448 matching events found
No baseline correction applied
0 projection items activated
Replacing existing metadata with 29 columns
  Loading condition: Stimulus_err
Adding metadata with 29 columns
94 matching events found
No baseline correction applied
    Stimulus_err: 94 valid trials out of 94
  Loading condition: Stimulus_corr
Adding metadata with 29 columns
330 matching events found
No baseline correction applied
    Stimulus_corr: 330 valid trials out of 330
  Loading condition: Stimulus_err
Adding metadata with 29 columns
94 matching events found
No baseline correction applied
    Stimulus_err: 94 valid trials out of 94
  Loading condition: Stimulus_corr
Adding metadata with 29 columns
330 matching events found
No baseline correction applied
    Stimulus_corr: 330 valid trials out of 330
Loading data for subject: D0071
Reading /cwork/etb28/BIDS-1.1_GlobalLocal/BIDS/derivatives/freqFilt/figs/D0071/D0071_Stimulus_-1.0to1.5sec_0.5sec_within-1.0-0.0sec_base_decFactor_8_outliers_10_none_thresh_perc_5.0_4.0-8.0_Hz_padLength_1.5s_bandpass_stat_func_ttest_ind_equal_var_False_nan_policy_omit_HG_ev1_rescaled-epo.fif ...
    Found the data of interest:
        t =   -1000.00 ...    1500.00 ms
        0 CTF compensation matrices available
Adding metadata with 29 columns
448 matching events found
No baseline correction applied
0 projection items activated
Replacing existing metadata with 29 columns
Reading /cwork/etb28/BIDS-1.1_GlobalLocal/BIDS/derivatives/freqFilt/figs/D0071/D0071_Stimulus_-1.0to1.5sec_0.5sec_within-1.0-0.0sec_base_decFactor_8_outliers_10_none_thresh_perc_5.0_4.0-8.0_Hz_padLength_1.5s_bandpass_stat_func_ttest_ind_equal_var_False_nan_policy_omit_HG_ev1_power_rescaled-epo.fif ...
    Found the data of interest:
        t =   -1000.00 ...    1500.00 ms
        0 CTF compensation matrices available
Adding metadata with 29 columns
448 matching events found
No baseline correction applied
0 projection items activated
Replacing existing metadata with 29 columns
  Loading condition: Stimulus_err
Adding metadata with 29 columns
15 matching events found
No baseline correction applied
    Stimulus_err: 15 valid trials out of 15
  Loading condition: Stimulus_corr
Adding metadata with 29 columns
429 matching events found
No baseline correction applied
    Stimulus_corr: 429 valid trials out of 429
  Loading condition: Stimulus_err
Adding metadata with 29 columns
15 matching events found
No baseline correction applied
    Stimulus_err: 15 valid trials out of 15
  Loading condition: Stimulus_corr
Adding metadata with 29 columns
429 matching events found
No baseline correction applied
    Stimulus_corr: 429 valid trials out of 429
Loading data for subject: D0077
Reading /cwork/etb28/BIDS-1.1_GlobalLocal/BIDS/derivatives/freqFilt/figs/D0077/D0077_Stimulus_-1.0to1.5sec_0.5sec_within-1.0-0.0sec_base_decFactor_8_outliers_10_none_thresh_perc_5.0_4.0-8.0_Hz_padLength_1.5s_bandpass_stat_func_ttest_ind_equal_var_False_nan_policy_omit_HG_ev1_rescaled-epo.fif ...
    Found the data of interest:
        t =   -1000.00 ...    1500.00 ms
        0 CTF compensation matrices available
Adding metadata with 29 columns
448 matching events found
No baseline correction applied
0 projection items activated
Replacing existing metadata with 29 columns
Reading /cwork/etb28/BIDS-1.1_GlobalLocal/BIDS/derivatives/freqFilt/figs/D0077/D0077_Stimulus_-1.0to1.5sec_0.5sec_within-1.0-0.0sec_base_decFactor_8_outliers_10_none_thresh_perc_5.0_4.0-8.0_Hz_padLength_1.5s_bandpass_stat_func_ttest_ind_equal_var_False_nan_policy_omit_HG_ev1_power_rescaled-epo.fif ...
    Found the data of interest:
        t =   -1000.00 ...    1500.00 ms
        0 CTF compensation matrices available
Adding metadata with 29 columns
448 matching events found
No baseline correction applied
0 projection items activated
Replacing existing metadata with 29 columns
  Loading condition: Stimulus_err
Adding metadata with 29 columns
67 matching events found
No baseline correction applied
    Stimulus_err: 67 valid trials out of 67
  Loading condition: Stimulus_corr
Adding metadata with 29 columns
355 matching events found
No baseline correction applied
    Stimulus_corr: 355 valid trials out of 355
  Loading condition: Stimulus_err
Adding metadata with 29 columns
67 matching events found
No baseline correction applied
    Stimulus_err: 67 valid trials out of 67
  Loading condition: Stimulus_corr
Adding metadata with 29 columns
355 matching events found
No baseline correction applied
    Stimulus_corr: 355 valid trials out of 355
Loading data for subject: D0090
Reading /cwork/etb28/BIDS-1.1_GlobalLocal/BIDS/derivatives/freqFilt/figs/D0090/D0090_Stimulus_-1.0to1.5sec_0.5sec_within-1.0-0.0sec_base_decFactor_8_outliers_10_none_thresh_perc_5.0_4.0-8.0_Hz_padLength_1.5s_bandpass_stat_func_ttest_ind_equal_var_False_nan_policy_omit_HG_ev1_rescaled-epo.fif ...
    Found the data of interest:
        t =   -1000.00 ...    1500.00 ms
        0 CTF compensation matrices available
Adding metadata with 29 columns
450 matching events found
No baseline correction applied
0 projection items activated
Replacing existing metadata with 29 columns
Reading /cwork/etb28/BIDS-1.1_GlobalLocal/BIDS/derivatives/freqFilt/figs/D0090/D0090_Stimulus_-1.0to1.5sec_0.5sec_within-1.0-0.0sec_base_decFactor_8_outliers_10_none_thresh_perc_5.0_4.0-8.0_Hz_padLength_1.5s_bandpass_stat_func_ttest_ind_equal_var_False_nan_policy_omit_HG_ev1_power_rescaled-epo.fif ...
    Found the data of interest:
        t =   -1000.00 ...    1500.00 ms
        0 CTF compensation matrices available
Adding metadata with 29 columns
450 matching events found
No baseline correction applied
0 projection items activated
Replacing existing metadata with 29 columns
  Loading condition: Stimulus_err
Adding metadata with 29 columns
19 matching events found
No baseline correction applied
    Stimulus_err: 19 valid trials out of 19
  Loading condition: Stimulus_corr
Adding metadata with 29 columns
427 matching events found
No baseline correction applied
    Stimulus_corr: 427 valid trials out of 427
  Loading condition: Stimulus_err
Adding metadata with 29 columns
19 matching events found
No baseline correction applied
    Stimulus_err: 19 valid trials out of 19
  Loading condition: Stimulus_corr
Adding metadata with 29 columns
427 matching events found
No baseline correction applied
    Stimulus_corr: 427 valid trials out of 427
Loading data for subject: D0094
Reading /cwork/etb28/BIDS-1.1_GlobalLocal/BIDS/derivatives/freqFilt/figs/D0094/D0094_Stimulus_-1.0to1.5sec_0.5sec_within-1.0-0.0sec_base_decFactor_8_outliers_10_none_thresh_perc_5.0_4.0-8.0_Hz_padLength_1.5s_bandpass_stat_func_ttest_ind_equal_var_False_nan_policy_omit_HG_ev1_rescaled-epo.fif ...
    Found the data of interest:
        t =   -1000.00 ...    1500.00 ms
        0 CTF compensation matrices available
Adding metadata with 29 columns
448 matching events found
No baseline correction applied
0 projection items activated
Replacing existing metadata with 29 columns
Reading /cwork/etb28/BIDS-1.1_GlobalLocal/BIDS/derivatives/freqFilt/figs/D0094/D0094_Stimulus_-1.0to1.5sec_0.5sec_within-1.0-0.0sec_base_decFactor_8_outliers_10_none_thresh_perc_5.0_4.0-8.0_Hz_padLength_1.5s_bandpass_stat_func_ttest_ind_equal_var_False_nan_policy_omit_HG_ev1_power_rescaled-epo.fif ...
    Found the data of interest:
        t =   -1000.00 ...    1500.00 ms
        0 CTF compensation matrices available
Adding metadata with 29 columns
448 matching events found
No baseline correction applied
0 projection items activated
Replacing existing metadata with 29 columns
  Loading condition: Stimulus_err
Adding metadata with 29 columns
55 matching events found
No baseline correction applied
    Stimulus_err: 55 valid trials out of 55
  Loading condition: Stimulus_corr
Adding metadata with 29 columns
378 matching events found
No baseline correction applied
    Stimulus_corr: 378 valid trials out of 378
  Loading condition: Stimulus_err
Adding metadata with 29 columns
55 matching events found
No baseline correction applied
    Stimulus_err: 55 valid trials out of 55
  Loading condition: Stimulus_corr
Adding metadata with 29 columns
378 matching events found
No baseline correction applied
    Stimulus_corr: 378 valid trials out of 378
Loading data for subject: D0100
Reading /cwork/etb28/BIDS-1.1_GlobalLocal/BIDS/derivatives/freqFilt/figs/D0100/D0100_Stimulus_-1.0to1.5sec_0.5sec_within-1.0-0.0sec_base_decFactor_8_outliers_10_none_thresh_perc_5.0_4.0-8.0_Hz_padLength_1.5s_bandpass_stat_func_ttest_ind_equal_var_False_nan_policy_omit_HG_ev1_rescaled-epo.fif ...
    Found the data of interest:
        t =   -1000.00 ...    1500.00 ms
        0 CTF compensation matrices available
Adding metadata with 29 columns
451 matching events found
No baseline correction applied
0 projection items activated
Replacing existing metadata with 29 columns
Reading /cwork/etb28/BIDS-1.1_GlobalLocal/BIDS/derivatives/freqFilt/figs/D0100/D0100_Stimulus_-1.0to1.5sec_0.5sec_within-1.0-0.0sec_base_decFactor_8_outliers_10_none_thresh_perc_5.0_4.0-8.0_Hz_padLength_1.5s_bandpass_stat_func_ttest_ind_equal_var_False_nan_policy_omit_HG_ev1_power_rescaled-epo.fif ...
    Found the data of interest:
        t =   -1000.00 ...    1500.00 ms
        0 CTF compensation matrices available
Adding metadata with 29 columns
451 matching events found
No baseline correction applied
0 projection items activated
Replacing existing metadata with 29 columns
  Loading condition: Stimulus_err
Adding metadata with 29 columns
24 matching events found
No baseline correction applied
    Stimulus_err: 24 valid trials out of 24
  Loading condition: Stimulus_corr
Adding metadata with 29 columns
421 matching events found
No baseline correction applied
    Stimulus_corr: 421 valid trials out of 421
  Loading condition: Stimulus_err
Adding metadata with 29 columns
24 matching events found
No baseline correction applied
    Stimulus_err: 24 valid trials out of 24
  Loading condition: Stimulus_corr
Adding metadata with 29 columns
421 matching events found
No baseline correction applied
    Stimulus_corr: 421 valid trials out of 421
Loading data for subject: D0102
Reading /cwork/etb28/BIDS-1.1_GlobalLocal/BIDS/derivatives/freqFilt/figs/D0102/D0102_Stimulus_-1.0to1.5sec_0.5sec_within-1.0-0.0sec_base_decFactor_8_outliers_10_none_thresh_perc_5.0_4.0-8.0_Hz_padLength_1.5s_bandpass_stat_func_ttest_ind_equal_var_False_nan_policy_omit_HG_ev1_rescaled-epo.fif ...
    Found the data of interest:
        t =   -1000.00 ...    1500.00 ms
        0 CTF compensation matrices available
Adding metadata with 29 columns
448 matching events found
No baseline correction applied
0 projection items activated
Replacing existing metadata with 29 columns
Reading /cwork/etb28/BIDS-1.1_GlobalLocal/BIDS/derivatives/freqFilt/figs/D0102/D0102_Stimulus_-1.0to1.5sec_0.5sec_within-1.0-0.0sec_base_decFactor_8_outliers_10_none_thresh_perc_5.0_4.0-8.0_Hz_padLength_1.5s_bandpass_stat_func_ttest_ind_equal_var_False_nan_policy_omit_HG_ev1_power_rescaled-epo.fif ...
    Found the data of interest:
        t =   -1000.00 ...    1500.00 ms
        0 CTF compensation matrices available
Adding metadata with 29 columns
448 matching events found
No baseline correction applied
0 projection items activated
Replacing existing metadata with 29 columns
  Loading condition: Stimulus_err
Adding metadata with 29 columns
145 matching events found
No baseline correction applied
    Stimulus_err: 145 valid trials out of 145
  Loading condition: Stimulus_corr
Adding metadata with 29 columns
299 matching events found
No baseline correction applied
    Stimulus_corr: 299 valid trials out of 299
  Loading condition: Stimulus_err
Adding metadata with 29 columns
145 matching events found
No baseline correction applied
    Stimulus_err: 145 valid trials out of 145
  Loading condition: Stimulus_corr
Adding metadata with 29 columns
299 matching events found
No baseline correction applied
    Stimulus_corr: 299 valid trials out of 299
Loading data for subject: D0103
Reading /cwork/etb28/BIDS-1.1_GlobalLocal/BIDS/derivatives/freqFilt/figs/D0103/D0103_Stimulus_-1.0to1.5sec_0.5sec_within-1.0-0.0sec_base_decFactor_8_outliers_10_none_thresh_perc_5.0_4.0-8.0_Hz_padLength_1.5s_bandpass_stat_func_ttest_ind_equal_var_False_nan_policy_omit_HG_ev1_rescaled-epo.fif ...
    Found the data of interest:
        t =   -1000.00 ...    1500.00 ms
        0 CTF compensation matrices available
Adding metadata with 29 columns
448 matching events found
No baseline correction applied
0 projection items activated
Replacing existing metadata with 29 columns
Reading /cwork/etb28/BIDS-1.1_GlobalLocal/BIDS/derivatives/freqFilt/figs/D0103/D0103_Stimulus_-1.0to1.5sec_0.5sec_within-1.0-0.0sec_base_decFactor_8_outliers_10_none_thresh_perc_5.0_4.0-8.0_Hz_padLength_1.5s_bandpass_stat_func_ttest_ind_equal_var_False_nan_policy_omit_HG_ev1_power_rescaled-epo.fif ...
    Found the data of interest:
        t =   -1000.00 ...    1500.00 ms
        0 CTF compensation matrices available
Adding metadata with 29 columns
448 matching events found
No baseline correction applied
0 projection items activated
Replacing existing metadata with 29 columns
  Loading condition: Stimulus_err
Adding metadata with 29 columns
87 matching events found
No baseline correction applied
    Stimulus_err: 87 valid trials out of 87
  Loading condition: Stimulus_corr
Adding metadata with 29 columns
359 matching events found
No baseline correction applied
    Stimulus_corr: 359 valid trials out of 359
  Loading condition: Stimulus_err
Adding metadata with 29 columns
87 matching events found
No baseline correction applied
    Stimulus_err: 87 valid trials out of 87
  Loading condition: Stimulus_corr
Adding metadata with 29 columns
359 matching events found
No baseline correction applied
    Stimulus_corr: 359 valid trials out of 359
Loading data for subject: D0107A
Reading /cwork/etb28/BIDS-1.1_GlobalLocal/BIDS/derivatives/freqFilt/figs/D0107A/D0107A_Stimulus_-1.0to1.5sec_0.5sec_within-1.0-0.0sec_base_decFactor_8_outliers_10_none_thresh_perc_5.0_4.0-8.0_Hz_padLength_1.5s_bandpass_stat_func_ttest_ind_equal_var_False_nan_policy_omit_HG_ev1_rescaled-epo.fif ...
    Found the data of interest:
        t =   -1000.00 ...    1500.00 ms
        0 CTF compensation matrices available
Adding metadata with 29 columns
452 matching events found
No baseline correction applied
0 projection items activated
Replacing existing metadata with 29 columns
Reading /cwork/etb28/BIDS-1.1_GlobalLocal/BIDS/derivatives/freqFilt/figs/D0107A/D0107A_Stimulus_-1.0to1.5sec_0.5sec_within-1.0-0.0sec_base_decFactor_8_outliers_10_none_thresh_perc_5.0_4.0-8.0_Hz_padLength_1.5s_bandpass_stat_func_ttest_ind_equal_var_False_nan_policy_omit_HG_ev1_power_rescaled-epo.fif ...
    Found the data of interest:
        t =   -1000.00 ...    1500.00 ms
        0 CTF compensation matrices available
Adding metadata with 29 columns
452 matching events found
No baseline correction applied
0 projection items activated
Replacing existing metadata with 29 columns
  Loading condition: Stimulus_err
Adding metadata with 29 columns
50 matching events found
No baseline correction applied
    Stimulus_err: 50 valid trials out of 50
  Loading condition: Stimulus_corr
Adding metadata with 29 columns
394 matching events found
No baseline correction applied
    Stimulus_corr: 394 valid trials out of 394
  Loading condition: Stimulus_err
Adding metadata with 29 columns
50 matching events found
No baseline correction applied
    Stimulus_err: 50 valid trials out of 50
  Loading condition: Stimulus_corr
Adding metadata with 29 columns
394 matching events found
No baseline correction applied
    Stimulus_corr: 394 valid trials out of 394
Loading data for subject: D0110
Reading /cwork/etb28/BIDS-1.1_GlobalLocal/BIDS/derivatives/freqFilt/figs/D0110/D0110_Stimulus_-1.0to1.5sec_0.5sec_within-1.0-0.0sec_base_decFactor_8_outliers_10_none_thresh_perc_5.0_4.0-8.0_Hz_padLength_1.5s_bandpass_stat_func_ttest_ind_equal_var_False_nan_policy_omit_HG_ev1_rescaled-epo.fif ...
    Found the data of interest:
        t =   -1000.00 ...    1500.00 ms
        0 CTF compensation matrices available
Adding metadata with 29 columns
448 matching events found
No baseline correction applied
0 projection items activated
Replacing existing metadata with 29 columns
Reading /cwork/etb28/BIDS-1.1_GlobalLocal/BIDS/derivatives/freqFilt/figs/D0110/D0110_Stimulus_-1.0to1.5sec_0.5sec_within-1.0-0.0sec_base_decFactor_8_outliers_10_none_thresh_perc_5.0_4.0-8.0_Hz_padLength_1.5s_bandpass_stat_func_ttest_ind_equal_var_False_nan_policy_omit_HG_ev1_power_rescaled-epo.fif ...
    Found the data of interest:
        t =   -1000.00 ...    1500.00 ms
        0 CTF compensation matrices available
Adding metadata with 29 columns
448 matching events found
No baseline correction applied
0 projection items activated
Replacing existing metadata with 29 columns
  Loading condition: Stimulus_err
Adding metadata with 29 columns
5 matching events found
No baseline correction applied
    Stimulus_err: 5 valid trials out of 5
  Loading condition: Stimulus_corr
Adding metadata with 29 columns
439 matching events found
No baseline correction applied
    Stimulus_corr: 439 valid trials out of 439
  Loading condition: Stimulus_err
Adding metadata with 29 columns
5 matching events found
No baseline correction applied
    Stimulus_err: 5 valid trials out of 5
  Loading condition: Stimulus_corr
Adding metadata with 29 columns
439 matching events found
No baseline correction applied
    Stimulus_corr: 439 valid trials out of 439
Loading data for subject: D0116
Reading /cwork/etb28/BIDS-1.1_GlobalLocal/BIDS/derivatives/freqFilt/figs/D0116/D0116_Stimulus_-1.0to1.5sec_0.5sec_within-1.0-0.0sec_base_decFactor_8_outliers_10_none_thresh_perc_5.0_4.0-8.0_Hz_padLength_1.5s_bandpass_stat_func_ttest_ind_equal_var_False_nan_policy_omit_HG_ev1_rescaled-epo.fif ...
    Found the data of interest:
        t =   -1000.00 ...    1500.00 ms
        0 CTF compensation matrices available
Adding metadata with 29 columns
448 matching events found
No baseline correction applied
0 projection items activated
Replacing existing metadata with 29 columns
Reading /cwork/etb28/BIDS-1.1_GlobalLocal/BIDS/derivatives/freqFilt/figs/D0116/D0116_Stimulus_-1.0to1.5sec_0.5sec_within-1.0-0.0sec_base_decFactor_8_outliers_10_none_thresh_perc_5.0_4.0-8.0_Hz_padLength_1.5s_bandpass_stat_func_ttest_ind_equal_var_False_nan_policy_omit_HG_ev1_power_rescaled-epo.fif ...
    Found the data of interest:
        t =   -1000.00 ...    1500.00 ms
        0 CTF compensation matrices available
Adding metadata with 29 columns
448 matching events found
No baseline correction applied
0 projection items activated
Replacing existing metadata with 29 columns
  Loading condition: Stimulus_err
Adding metadata with 29 columns
25 matching events found
No baseline correction applied
    Stimulus_err: 25 valid trials out of 25
  Loading condition: Stimulus_corr
Adding metadata with 29 columns
410 matching events found
No baseline correction applied
    Stimulus_corr: 410 valid trials out of 410
  Loading condition: Stimulus_err
Adding metadata with 29 columns
25 matching events found
No baseline correction applied
    Stimulus_err: 25 valid trials out of 25
  Loading condition: Stimulus_corr
Adding metadata with 29 columns
410 matching events found
No baseline correction applied
    Stimulus_corr: 410 valid trials out of 410
Loading data for subject: D0117
Reading /cwork/etb28/BIDS-1.1_GlobalLocal/BIDS/derivatives/freqFilt/figs/D0117/D0117_Stimulus_-1.0to1.5sec_0.5sec_within-1.0-0.0sec_base_decFactor_8_outliers_10_none_thresh_perc_5.0_4.0-8.0_Hz_padLength_1.5s_bandpass_stat_func_ttest_ind_equal_var_False_nan_policy_omit_HG_ev1_rescaled-epo.fif ...
    Found the data of interest:
        t =   -1000.00 ...    1500.00 ms
        0 CTF compensation matrices available
Adding metadata with 29 columns
448 matching events found
No baseline correction applied
0 projection items activated
Replacing existing metadata with 29 columns
Reading /cwork/etb28/BIDS-1.1_GlobalLocal/BIDS/derivatives/freqFilt/figs/D0117/D0117_Stimulus_-1.0to1.5sec_0.5sec_within-1.0-0.0sec_base_decFactor_8_outliers_10_none_thresh_perc_5.0_4.0-8.0_Hz_padLength_1.5s_bandpass_stat_func_ttest_ind_equal_var_False_nan_policy_omit_HG_ev1_power_rescaled-epo.fif ...
    Found the data of interest:
        t =   -1000.00 ...    1500.00 ms
        0 CTF compensation matrices available
Adding metadata with 29 columns
448 matching events found
No baseline correction applied
0 projection items activated
Replacing existing metadata with 29 columns
  Loading condition: Stimulus_err
Adding metadata with 29 columns
162 matching events found
No baseline correction applied
    Stimulus_err: 162 valid trials out of 162
  Loading condition: Stimulus_corr
Adding metadata with 29 columns
283 matching events found
No baseline correction applied
    Stimulus_corr: 283 valid trials out of 283
  Loading condition: Stimulus_err
Adding metadata with 29 columns
162 matching events found
No baseline correction applied
    Stimulus_err: 162 valid trials out of 162
  Loading condition: Stimulus_corr
Adding metadata with 29 columns
283 matching events found
No baseline correction applied
    Stimulus_corr: 283 valid trials out of 283
Loading data for subject: D0121
Reading /cwork/etb28/BIDS-1.1_GlobalLocal/BIDS/derivatives/freqFilt/figs/D0121/D0121_Stimulus_-1.0to1.5sec_0.5sec_within-1.0-0.0sec_base_decFactor_8_outliers_10_none_thresh_perc_5.0_4.0-8.0_Hz_padLength_1.5s_bandpass_stat_func_ttest_ind_equal_var_False_nan_policy_omit_HG_ev1_rescaled-epo.fif ...
    Found the data of interest:
        t =   -1000.00 ...    1500.00 ms
        0 CTF compensation matrices available
Adding metadata with 29 columns
448 matching events found
No baseline correction applied
0 projection items activated
Replacing existing metadata with 29 columns
Reading /cwork/etb28/BIDS-1.1_GlobalLocal/BIDS/derivatives/freqFilt/figs/D0121/D0121_Stimulus_-1.0to1.5sec_0.5sec_within-1.0-0.0sec_base_decFactor_8_outliers_10_none_thresh_perc_5.0_4.0-8.0_Hz_padLength_1.5s_bandpass_stat_func_ttest_ind_equal_var_False_nan_policy_omit_HG_ev1_power_rescaled-epo.fif ...
    Found the data of interest:
        t =   -1000.00 ...    1500.00 ms
        0 CTF compensation matrices available
Adding metadata with 29 columns
448 matching events found
No baseline correction applied
0 projection items activated
Replacing existing metadata with 29 columns
  Loading condition: Stimulus_err
Adding metadata with 29 columns
34 matching events found
No baseline correction applied
    Stimulus_err: 34 valid trials out of 34
  Loading condition: Stimulus_corr
Adding metadata with 29 columns
400 matching events found
No baseline correction applied
    Stimulus_corr: 400 valid trials out of 400
  Loading condition: Stimulus_err
Adding metadata with 29 columns
34 matching events found
No baseline correction applied
    Stimulus_err: 34 valid trials out of 34
  Loading condition: Stimulus_corr
Adding metadata with 29 columns
400 matching events found
No baseline correction applied
    Stimulus_corr: 400 valid trials out of 400
Loading data for subject: D0133
Reading /cwork/etb28/BIDS-1.1_GlobalLocal/BIDS/derivatives/freqFilt/figs/D0133/D0133_Stimulus_-1.0to1.5sec_0.5sec_within-1.0-0.0sec_base_decFactor_8_outliers_10_none_thresh_perc_5.0_4.0-8.0_Hz_padLength_1.5s_bandpass_stat_func_ttest_ind_equal_var_False_nan_policy_omit_HG_ev1_rescaled-epo.fif ...
    Found the data of interest:
        t =   -1000.00 ...    1500.00 ms
        0 CTF compensation matrices available
Adding metadata with 29 columns
454 matching events found
No baseline correction applied
0 projection items activated
Replacing existing metadata with 29 columns
Reading /cwork/etb28/BIDS-1.1_GlobalLocal/BIDS/derivatives/freqFilt/figs/D0133/D0133_Stimulus_-1.0to1.5sec_0.5sec_within-1.0-0.0sec_base_decFactor_8_outliers_10_none_thresh_perc_5.0_4.0-8.0_Hz_padLength_1.5s_bandpass_stat_func_ttest_ind_equal_var_False_nan_policy_omit_HG_ev1_power_rescaled-epo.fif ...
    Found the data of interest:
        t =   -1000.00 ...    1500.00 ms
        0 CTF compensation matrices available
Adding metadata with 29 columns
454 matching events found
No baseline correction applied
0 projection items activated
Replacing existing metadata with 29 columns
  Loading condition: Stimulus_err
Adding metadata with 29 columns
51 matching events found
No baseline correction applied
    Stimulus_err: 51 valid trials out of 51
  Loading condition: Stimulus_corr
Adding metadata with 29 columns
376 matching events found
No baseline correction applied
    Stimulus_corr: 376 valid trials out of 376
  Loading condition: Stimulus_err
Adding metadata with 29 columns
51 matching events found
No baseline correction applied
    Stimulus_err: 51 valid trials out of 51
  Loading condition: Stimulus_corr
Adding metadata with 29 columns
376 matching events found
No baseline correction applied
    Stimulus_corr: 376 valid trials out of 376
Loading data for subject: D0134
Reading /cwork/etb28/BIDS-1.1_GlobalLocal/BIDS/derivatives/freqFilt/figs/D0134/D0134_Stimulus_-1.0to1.5sec_0.5sec_within-1.0-0.0sec_base_decFactor_8_outliers_10_none_thresh_perc_5.0_4.0-8.0_Hz_padLength_1.5s_bandpass_stat_func_ttest_ind_equal_var_False_nan_policy_omit_HG_ev1_rescaled-epo.fif ...
    Found the data of interest:
        t =   -1000.00 ...    1500.00 ms
        0 CTF compensation matrices available
Adding metadata with 29 columns
450 matching events found
No baseline correction applied
0 projection items activated
Replacing existing metadata with 29 columns
Reading /cwork/etb28/BIDS-1.1_GlobalLocal/BIDS/derivatives/freqFilt/figs/D0134/D0134_Stimulus_-1.0to1.5sec_0.5sec_within-1.0-0.0sec_base_decFactor_8_outliers_10_none_thresh_perc_5.0_4.0-8.0_Hz_padLength_1.5s_bandpass_stat_func_ttest_ind_equal_var_False_nan_policy_omit_HG_ev1_power_rescaled-epo.fif ...
    Found the data of interest:
        t =   -1000.00 ...    1500.00 ms
        0 CTF compensation matrices available
Adding metadata with 29 columns
450 matching events found
No baseline correction applied
0 projection items activated
Replacing existing metadata with 29 columns
  Loading condition: Stimulus_err
Adding metadata with 29 columns
25 matching events found
No baseline correction applied
    Stimulus_err: 25 valid trials out of 25
  Loading condition: Stimulus_corr
Adding metadata with 29 columns
422 matching events found
No baseline correction applied
    Stimulus_corr: 422 valid trials out of 422
  Loading condition: Stimulus_err
Adding metadata with 29 columns
25 matching events found
No baseline correction applied
    Stimulus_err: 25 valid trials out of 25
  Loading condition: Stimulus_corr
Adding metadata with 29 columns
422 matching events found
No baseline correction applied
    Stimulus_corr: 422 valid trials out of 422
Loading data for subject: D0137
Reading /cwork/etb28/BIDS-1.1_GlobalLocal/BIDS/derivatives/freqFilt/figs/D0137/D0137_Stimulus_-1.0to1.5sec_0.5sec_within-1.0-0.0sec_base_decFactor_8_outliers_10_none_thresh_perc_5.0_4.0-8.0_Hz_padLength_1.5s_bandpass_stat_func_ttest_ind_equal_var_False_nan_policy_omit_HG_ev1_rescaled-epo.fif ...
Isotrak not found
    Found the data of interest:
        t =   -1000.00 ...    1500.00 ms
        0 CTF compensation matrices available
Adding metadata with 27 columns
455 matching events found
No baseline correction applied
0 projection items activated
Replacing existing metadata with 27 columns
Reading /cwork/etb28/BIDS-1.1_GlobalLocal/BIDS/derivatives/freqFilt/figs/D0137/D0137_Stimulus_-1.0to1.5sec_0.5sec_within-1.0-0.0sec_base_decFactor_8_outliers_10_none_thresh_perc_5.0_4.0-8.0_Hz_padLength_1.5s_bandpass_stat_func_ttest_ind_equal_var_False_nan_policy_omit_HG_ev1_power_rescaled-epo.fif ...
Isotrak not found
    Found the data of interest:
        t =   -1000.00 ...    1500.00 ms
        0 CTF compensation matrices available
Adding metadata with 27 columns
455 matching events found
No baseline correction applied
0 projection items activated
Replacing existing metadata with 27 columns
  Loading condition: Stimulus_err
Adding metadata with 27 columns
44 matching events found
No baseline correction applied
    Stimulus_err: 44 valid trials out of 44
  Loading condition: Stimulus_corr
Adding metadata with 27 columns
411 matching events found
No baseline correction applied
    Stimulus_corr: 411 valid trials out of 411
  Loading condition: Stimulus_err
Adding metadata with 27 columns
44 matching events found
No baseline correction applied
    Stimulus_err: 44 valid trials out of 44
  Loading condition: Stimulus_corr
Adding metadata with 27 columns
411 matching events found
No baseline correction applied
    Stimulus_corr: 411 valid trials out of 411

--- Summary of Dropped Electrodes ---
Total electrodes dropped across all subjects/ROIs: 0
-------------------------------------

NOTE: pick_channels() is a legacy function. New code should use inst.pick(...).
NOTE: pick_channels() is a legacy function. New code should use inst.pick(...).
NOTE: pick_channels() is a legacy function. New code should use inst.pick(...).
NOTE: pick_channels() is a legacy function. New code should use inst.pick(...).
NOTE: pick_channels() is a legacy function. New code should use inst.pick(...).
NOTE: pick_channels() is a legacy function. New code should use inst.pick(...).
NOTE: pick_channels() is a legacy function. New code should use inst.pick(...).
NOTE: pick_channels() is a legacy function. New code should use inst.pick(...).
NOTE: pick_channels() is a legacy function. New code should use inst.pick(...).
NOTE: pick_channels() is a legacy function. New code should use inst.pick(...).
NOTE: pick_channels() is a legacy function. New code should use inst.pick(...).
NOTE: pick_channels() is a legacy function. New code should use inst.pick(...).
NOTE: pick_channels() is a legacy function. New code should use inst.pick(...).
NOTE: pick_channels() is a legacy function. New code should use inst.pick(...).
NOTE: pick_channels() is a legacy function. New code should use inst.pick(...).
NOTE: pick_channels() is a legacy function. New code should use inst.pick(...).
NOTE: pick_channels() is a legacy function. New code should use inst.pick(...).
NOTE: pick_channels() is a legacy function. New code should use inst.pick(...).
NOTE: pick_channels() is a legacy function. New code should use inst.pick(...).
NOTE: pick_channels() is a legacy function. New code should use inst.pick(...).
NOTE: pick_channels() is a legacy function. New code should use inst.pick(...).
NOTE: pick_channels() is a legacy function. New code should use inst.pick(...).
NOTE: pick_channels() is a legacy function. New code should use inst.pick(...).
NOTE: pick_channels() is a legacy function. New code should use inst.pick(...).
NOTE: pick_channels() is a legacy function. New code should use inst.pick(...).
NOTE: pick_channels() is a legacy function. New code should use inst.pick(...).
NOTE: pick_channels() is a legacy function. New code should use inst.pick(...).
NOTE: pick_channels() is a legacy function. New code should use inst.pick(...).
NOTE: pick_channels() is a legacy function. New code should use inst.pick(...).
NOTE: pick_channels() is a legacy function. New code should use inst.pick(...).
NOTE: pick_channels() is a legacy function. New code should use inst.pick(...).
NOTE: pick_channels() is a legacy function. New code should use inst.pick(...).
NOTE: pick_channels() is a legacy function. New code should use inst.pick(...).
NOTE: pick_channels() is a legacy function. New code should use inst.pick(...).
NOTE: pick_channels() is a legacy function. New code should use inst.pick(...).
NOTE: pick_channels() is a legacy function. New code should use inst.pick(...).
NOTE: pick_channels() is a legacy function. New code should use inst.pick(...).
NOTE: pick_channels() is a legacy function. New code should use inst.pick(...).
NOTE: pick_channels() is a legacy function. New code should use inst.pick(...).
NOTE: pick_channels() is a legacy function. New code should use inst.pick(...).
NOTE: pick_channels() is a legacy function. New code should use inst.pick(...).
NOTE: pick_channels() is a legacy function. New code should use inst.pick(...).
NOTE: pick_channels() is a legacy function. New code should use inst.pick(...).
NOTE: pick_channels() is a legacy function. New code should use inst.pick(...).
NOTE: pick_channels() is a legacy function. New code should use inst.pick(...).
NOTE: pick_channels() is a legacy function. New code should use inst.pick(...).
NOTE: pick_channels() is a legacy function. New code should use inst.pick(...).
NOTE: pick_channels() is a legacy function. New code should use inst.pick(...).
NOTE: pick_channels() is a legacy function. New code should use inst.pick(...).
NOTE: pick_channels() is a legacy function. New code should use inst.pick(...).
NOTE: pick_channels() is a legacy function. New code should use inst.pick(...).
NOTE: pick_channels() is a legacy function. New code should use inst.pick(...).
NOTE: pick_channels() is a legacy function. New code should use inst.pick(...).
NOTE: pick_channels() is a legacy function. New code should use inst.pick(...).
NOTE: pick_channels() is a legacy function. New code should use inst.pick(...).
NOTE: pick_channels() is a legacy function. New code should use inst.pick(...).
NOTE: pick_channels() is a legacy function. New code should use inst.pick(...).
NOTE: pick_channels() is a legacy function. New code should use inst.pick(...).
NOTE: pick_channels() is a legacy function. New code should use inst.pick(...).
NOTE: pick_channels() is a legacy function. New code should use inst.pick(...).
NOTE: pick_channels() is a legacy function. New code should use inst.pick(...).
NOTE: pick_channels() is a legacy function. New code should use inst.pick(...).
NOTE: pick_channels() is a legacy function. New code should use inst.pick(...).
NOTE: pick_channels() is a legacy function. New code should use inst.pick(...).
NOTE: pick_channels() is a legacy function. New code should use inst.pick(...).
NOTE: pick_channels() is a legacy function. New code should use inst.pick(...).
NOTE: pick_channels() is a legacy function. New code should use inst.pick(...).
NOTE: pick_channels() is a legacy function. New code should use inst.pick(...).
NOTE: pick_channels() is a legacy function. New code should use inst.pick(...).
NOTE: pick_channels() is a legacy function. New code should use inst.pick(...).
NOTE: pick_channels() is a legacy function. New code should use inst.pick(...).
NOTE: pick_channels() is a legacy function. New code should use inst.pick(...).
NOTE: pick_channels() is a legacy function. New code should use inst.pick(...).
NOTE: pick_channels() is a legacy function. New code should use inst.pick(...).
NOTE: pick_channels() is a legacy function. New code should use inst.pick(...).
NOTE: pick_channels() is a legacy function. New code should use inst.pick(...).
NOTE: pick_channels() is a legacy function. New code should use inst.pick(...).
NOTE: pick_channels() is a legacy function. New code should use inst.pick(...).
NOTE: pick_channels() is a legacy function. New code should use inst.pick(...).
NOTE: pick_channels() is a legacy function. New code should use inst.pick(...).
NOTE: pick_channels() is a legacy function. New code should use inst.pick(...).
NOTE: pick_channels() is a legacy function. New code should use inst.pick(...).
NOTE: pick_channels() is a legacy function. New code should use inst.pick(...).
NOTE: pick_channels() is a legacy function. New code should use inst.pick(...).
NOTE: pick_channels() is a legacy function. New code should use inst.pick(...).
NOTE: pick_channels() is a legacy function. New code should use inst.pick(...).
NOTE: pick_channels() is a legacy function. New code should use inst.pick(...).
NOTE: pick_channels() is a legacy function. New code should use inst.pick(...).
NOTE: pick_channels() is a legacy function. New code should use inst.pick(...).
NOTE: pick_channels() is a legacy function. New code should use inst.pick(...).
NOTE: pick_channels() is a legacy function. New code should use inst.pick(...).
NOTE: pick_channels() is a legacy function. New code should use inst.pick(...).
NOTE: pick_channels() is a legacy function. New code should use inst.pick(...).
NOTE: pick_channels() is a legacy function. New code should use inst.pick(...).
NOTE: pick_channels() is a legacy function. New code should use inst.pick(...).
NOTE: pick_channels() is a legacy function. New code should use inst.pick(...).
NOTE: pick_channels() is a legacy function. New code should use inst.pick(...).
NOTE: pick_channels() is a legacy function. New code should use inst.pick(...).
NOTE: pick_channels() is a legacy function. New code should use inst.pick(...).
NOTE: pick_channels() is a legacy function. New code should use inst.pick(...).
NOTE: pick_channels() is a legacy function. New code should use inst.pick(...).
NOTE: pick_channels() is a legacy function. New code should use inst.pick(...).
NOTE: pick_channels() is a legacy function. New code should use inst.pick(...).
NOTE: pick_channels() is a legacy function. New code should use inst.pick(...).
NOTE: pick_channels() is a legacy function. New code should use inst.pick(...).
NOTE: pick_channels() is a legacy function. New code should use inst.pick(...).
NOTE: pick_channels() is a legacy function. New code should use inst.pick(...).
NOTE: pick_channels() is a legacy function. New code should use inst.pick(...).
NOTE: pick_channels() is a legacy function. New code should use inst.pick(...).
NOTE: pick_channels() is a legacy function. New code should use inst.pick(...).
NOTE: pick_channels() is a legacy function. New code should use inst.pick(...).
NOTE: pick_channels() is a legacy function. New code should use inst.pick(...).
NOTE: pick_channels() is a legacy function. New code should use inst.pick(...).
NOTE: pick_channels() is a legacy function. New code should use inst.pick(...).
NOTE: pick_channels() is a legacy function. New code should use inst.pick(...).
NOTE: pick_channels() is a legacy function. New code should use inst.pick(...).
NOTE: pick_channels() is a legacy function. New code should use inst.pick(...).
NOTE: pick_channels() is a legacy function. New code should use inst.pick(...).
NOTE: pick_channels() is a legacy function. New code should use inst.pick(...).
NOTE: pick_channels() is a legacy function. New code should use inst.pick(...).
NOTE: pick_channels() is a legacy function. New code should use inst.pick(...).
NOTE: pick_channels() is a legacy function. New code should use inst.pick(...).
NOTE: pick_channels() is a legacy function. New code should use inst.pick(...).
NOTE: pick_channels() is a legacy function. New code should use inst.pick(...).
NOTE: pick_channels() is a legacy function. New code should use inst.pick(...).
NOTE: pick_channels() is a legacy function. New code should use inst.pick(...).
NOTE: pick_channels() is a legacy function. New code should use inst.pick(...).
NOTE: pick_channels() is a legacy function. New code should use inst.pick(...).
NOTE: pick_channels() is a legacy function. New code should use inst.pick(...).
NOTE: pick_channels() is a legacy function. New code should use inst.pick(...).
NOTE: pick_channels() is a legacy function. New code should use inst.pick(...).
NOTE: pick_channels() is a legacy function. New code should use inst.pick(...).
NOTE: pick_channels() is a legacy function. New code should use inst.pick(...).
NOTE: pick_channels() is a legacy function. New code should use inst.pick(...).
NOTE: pick_channels() is a legacy function. New code should use inst.pick(...).
NOTE: pick_channels() is a legacy function. New code should use inst.pick(...).
NOTE: pick_channels() is a legacy function. New code should use inst.pick(...).
NOTE: pick_channels() is a legacy function. New code should use inst.pick(...).
NOTE: pick_channels() is a legacy function. New code should use inst.pick(...).
NOTE: pick_channels() is a legacy function. New code should use inst.pick(...).
NOTE: pick_channels() is a legacy function. New code should use inst.pick(...).
NOTE: pick_channels() is a legacy function. New code should use inst.pick(...).
NOTE: pick_channels() is a legacy function. New code should use inst.pick(...).
NOTE: pick_channels() is a legacy function. New code should use inst.pick(...).
NOTE: pick_channels() is a legacy function. New code should use inst.pick(...).
NOTE: pick_channels() is a legacy function. New code should use inst.pick(...).
NOTE: pick_channels() is a legacy function. New code should use inst.pick(...).
NOTE: pick_channels() is a legacy function. New code should use inst.pick(...).
NOTE: pick_channels() is a legacy function. New code should use inst.pick(...).
NOTE: pick_channels() is a legacy function. New code should use inst.pick(...).
NOTE: pick_channels() is a legacy function. New code should use inst.pick(...).
NOTE: pick_channels() is a legacy function. New code should use inst.pick(...).
NOTE: pick_channels() is a legacy function. New code should use inst.pick(...).
NOTE: pick_channels() is a legacy function. New code should use inst.pick(...).
NOTE: pick_channels() is a legacy function. New code should use inst.pick(...).
NOTE: pick_channels() is a legacy function. New code should use inst.pick(...).
NOTE: pick_channels() is a legacy function. New code should use inst.pick(...).
NOTE: pick_channels() is a legacy function. New code should use inst.pick(...).
NOTE: pick_channels() is a legacy function. New code should use inst.pick(...).
NOTE: pick_channels() is a legacy function. New code should use inst.pick(...).
NOTE: pick_channels() is a legacy function. New code should use inst.pick(...).
NOTE: pick_channels() is a legacy function. New code should use inst.pick(...).
NOTE: pick_channels() is a legacy function. New code should use inst.pick(...).
NOTE: pick_channels() is a legacy function. New code should use inst.pick(...).
NOTE: pick_channels() is a legacy function. New code should use inst.pick(...).
NOTE: pick_channels() is a legacy function. New code should use inst.pick(...).
NOTE: pick_channels() is a legacy function. New code should use inst.pick(...).
NOTE: pick_channels() is a legacy function. New code should use inst.pick(...).
NOTE: pick_channels() is a legacy function. New code should use inst.pick(...).
NOTE: pick_channels() is a legacy function. New code should use inst.pick(...).
NOTE: pick_channels() is a legacy function. New code should use inst.pick(...).
NOTE: pick_channels() is a legacy function. New code should use inst.pick(...).
NOTE: pick_channels() is a legacy function. New code should use inst.pick(...).
NOTE: pick_channels() is a legacy function. New code should use inst.pick(...).
NOTE: pick_channels() is a legacy function. New code should use inst.pick(...).
NOTE: pick_channels() is a legacy function. New code should use inst.pick(...).
NOTE: pick_channels() is a legacy function. New code should use inst.pick(...).
NOTE: pick_channels() is a legacy function. New code should use inst.pick(...).
NOTE: pick_channels() is a legacy function. New code should use inst.pick(...).
NOTE: pick_channels() is a legacy function. New code should use inst.pick(...).
NOTE: pick_channels() is a legacy function. New code should use inst.pick(...).
NOTE: pick_channels() is a legacy function. New code should use inst.pick(...).
NOTE: pick_channels() is a legacy function. New code should use inst.pick(...).
NOTE: pick_channels() is a legacy function. New code should use inst.pick(...).
NOTE: pick_channels() is a legacy function. New code should use inst.pick(...).
NOTE: pick_channels() is a legacy function. New code should use inst.pick(...).
NOTE: pick_channels() is a legacy function. New code should use inst.pick(...).
NOTE: pick_channels() is a legacy function. New code should use inst.pick(...).
NOTE: pick_channels() is a legacy function. New code should use inst.pick(...).
NOTE: pick_channels() is a legacy function. New code should use inst.pick(...).
NOTE: pick_channels() is a legacy function. New code should use inst.pick(...).
NOTE: pick_channels() is a legacy function. New code should use inst.pick(...).
NOTE: pick_channels() is a legacy function. New code should use inst.pick(...).
NOTE: pick_channels() is a legacy function. New code should use inst.pick(...).
NOTE: pick_channels() is a legacy function. New code should use inst.pick(...).
NOTE: pick_channels() is a legacy function. New code should use inst.pick(...).
NOTE: pick_channels() is a legacy function. New code should use inst.pick(...).
NOTE: pick_channels() is a legacy function. New code should use inst.pick(...).
NOTE: pick_channels() is a legacy function. New code should use inst.pick(...).
NOTE: pick_channels() is a legacy function. New code should use inst.pick(...).
NOTE: pick_channels() is a legacy function. New code should use inst.pick(...).
NOTE: pick_channels() is a legacy function. New code should use inst.pick(...).
NOTE: pick_channels() is a legacy function. New code should use inst.pick(...).
NOTE: pick_channels() is a legacy function. New code should use inst.pick(...).
NOTE: pick_channels() is a legacy function. New code should use inst.pick(...).
NOTE: pick_channels() is a legacy function. New code should use inst.pick(...).
NOTE: pick_channels() is a legacy function. New code should use inst.pick(...).
NOTE: pick_channels() is a legacy function. New code should use inst.pick(...).
NOTE: pick_channels() is a legacy function. New code should use inst.pick(...).
NOTE: pick_channels() is a legacy function. New code should use inst.pick(...).
NOTE: pick_channels() is a legacy function. New code should use inst.pick(...).
NOTE: pick_channels() is a legacy function. New code should use inst.pick(...).
NOTE: pick_channels() is a legacy function. New code should use inst.pick(...).
NOTE: pick_channels() is a legacy function. New code should use inst.pick(...).
NOTE: pick_channels() is a legacy function. New code should use inst.pick(...).
NOTE: pick_channels() is a legacy function. New code should use inst.pick(...).
NOTE: pick_channels() is a legacy function. New code should use inst.pick(...).
NOTE: pick_channels() is a legacy function. New code should use inst.pick(...).
NOTE: pick_channels() is a legacy function. New code should use inst.pick(...).
NOTE: pick_channels() is a legacy function. New code should use inst.pick(...).
NOTE: pick_channels() is a legacy function. New code should use inst.pick(...).
NOTE: pick_channels() is a legacy function. New code should use inst.pick(...).
NOTE: pick_channels() is a legacy function. New code should use inst.pick(...).
NOTE: pick_channels() is a legacy function. New code should use inst.pick(...).
NOTE: pick_channels() is a legacy function. New code should use inst.pick(...).
NOTE: pick_channels() is a legacy function. New code should use inst.pick(...).
NOTE: pick_channels() is a legacy function. New code should use inst.pick(...).
NOTE: pick_channels() is a legacy function. New code should use inst.pick(...).
NOTE: pick_channels() is a legacy function. New code should use inst.pick(...).
NOTE: pick_channels() is a legacy function. New code should use inst.pick(...).
NOTE: pick_channels() is a legacy function. New code should use inst.pick(...).
NOTE: pick_channels() is a legacy function. New code should use inst.pick(...).
NOTE: pick_channels() is a legacy function. New code should use inst.pick(...).
NOTE: pick_channels() is a legacy function. New code should use inst.pick(...).
NOTE: pick_channels() is a legacy function. New code should use inst.pick(...).
NOTE: pick_channels() is a legacy function. New code should use inst.pick(...).
NOTE: pick_channels() is a legacy function. New code should use inst.pick(...).
NOTE: pick_channels() is a legacy function. New code should use inst.pick(...).
NOTE: pick_channels() is a legacy function. New code should use inst.pick(...).
NOTE: pick_channels() is a legacy function. New code should use inst.pick(...).
NOTE: pick_channels() is a legacy function. New code should use inst.pick(...).
NOTE: pick_channels() is a legacy function. New code should use inst.pick(...).
NOTE: pick_channels() is a legacy function. New code should use inst.pick(...).
NOTE: pick_channels() is a legacy function. New code should use inst.pick(...).
NOTE: pick_channels() is a legacy function. New code should use inst.pick(...).
NOTE: pick_channels() is a legacy function. New code should use inst.pick(...).
NOTE: pick_channels() is a legacy function. New code should use inst.pick(...).
NOTE: pick_channels() is a legacy function. New code should use inst.pick(...).
NOTE: pick_channels() is a legacy function. New code should use inst.pick(...).
NOTE: pick_channels() is a legacy function. New code should use inst.pick(...).
NOTE: pick_channels() is a legacy function. New code should use inst.pick(...).
NOTE: pick_channels() is a legacy function. New code should use inst.pick(...).
NOTE: pick_channels() is a legacy function. New code should use inst.pick(...).
NOTE: pick_channels() is a legacy function. New code should use inst.pick(...).
NOTE: pick_channels() is a legacy function. New code should use inst.pick(...).
NOTE: pick_channels() is a legacy function. New code should use inst.pick(...).
NOTE: pick_channels() is a legacy function. New code should use inst.pick(...).
NOTE: pick_channels() is a legacy function. New code should use inst.pick(...).
NOTE: pick_channels() is a legacy function. New code should use inst.pick(...).
NOTE: pick_channels() is a legacy function. New code should use inst.pick(...).

Running statistical tests comparing TWO conditions
-- Processing ROI: dlpfc --
stat_func returns a tuple. Taking the first element
NOTE: pick_channels() is a legacy function. New code should use inst.pick(...).
NOTE: pick_channels() is a legacy function. New code should use inst.pick(...).
NOTE: pick_channels() is a legacy function. New code should use inst.pick(...).
NOTE: pick_channels() is a legacy function. New code should use inst.pick(...).
NOTE: pick_channels() is a legacy function. New code should use inst.pick(...).
NOTE: pick_channels() is a legacy function. New code should use inst.pick(...).
NOTE: pick_channels() is a legacy function. New code should use inst.pick(...).
NOTE: pick_channels() is a legacy function. New code should use inst.pick(...).
NOTE: pick_channels() is a legacy function. New code should use inst.pick(...).
NOTE: pick_channels() is a legacy function. New code should use inst.pick(...).
NOTE: pick_channels() is a legacy function. New code should use inst.pick(...).
NOTE: pick_channels() is a legacy function. New code should use inst.pick(...).
NOTE: pick_channels() is a legacy function. New code should use inst.pick(...).
NOTE: pick_channels() is a legacy function. New code should use inst.pick(...).
NOTE: pick_channels() is a legacy function. New code should use inst.pick(...).
NOTE: pick_channels() is a legacy function. New code should use inst.pick(...).
NOTE: pick_channels() is a legacy function. New code should use inst.pick(...).
NOTE: pick_channels() is a legacy function. New code should use inst.pick(...).
NOTE: pick_channels() is a legacy function. New code should use inst.pick(...).
NOTE: pick_channels() is a legacy function. New code should use inst.pick(...).
NOTE: pick_channels() is a legacy function. New code should use inst.pick(...).
NOTE: pick_channels() is a legacy function. New code should use inst.pick(...).
NOTE: pick_channels() is a legacy function. New code should use inst.pick(...).
NOTE: pick_channels() is a legacy function. New code should use inst.pick(...).
NOTE: pick_channels() is a legacy function. New code should use inst.pick(...).
NOTE: pick_channels() is a legacy function. New code should use inst.pick(...).
NOTE: pick_channels() is a legacy function. New code should use inst.pick(...).
NOTE: pick_channels() is a legacy function. New code should use inst.pick(...).
NOTE: pick_channels() is a legacy function. New code should use inst.pick(...).
NOTE: pick_channels() is a legacy function. New code should use inst.pick(...).
NOTE: pick_channels() is a legacy function. New code should use inst.pick(...).
NOTE: pick_channels() is a legacy function. New code should use inst.pick(...).
NOTE: pick_channels() is a legacy function. New code should use inst.pick(...).
NOTE: pick_channels() is a legacy function. New code should use inst.pick(...).
NOTE: pick_channels() is a legacy function. New code should use inst.pick(...).
NOTE: pick_channels() is a legacy function. New code should use inst.pick(...).
NOTE: pick_channels() is a legacy function. New code should use inst.pick(...).
NOTE: pick_channels() is a legacy function. New code should use inst.pick(...).
NOTE: pick_channels() is a legacy function. New code should use inst.pick(...).
NOTE: pick_channels() is a legacy function. New code should use inst.pick(...).
NOTE: pick_channels() is a legacy function. New code should use inst.pick(...).
NOTE: pick_channels() is a legacy function. New code should use inst.pick(...).
NOTE: pick_channels() is a legacy function. New code should use inst.pick(...).
NOTE: pick_channels() is a legacy function. New code should use inst.pick(...).
NOTE: pick_channels() is a legacy function. New code should use inst.pick(...).
NOTE: pick_channels() is a legacy function. New code should use inst.pick(...).
NOTE: pick_channels() is a legacy function. New code should use inst.pick(...).
NOTE: pick_channels() is a legacy function. New code should use inst.pick(...).
NOTE: pick_channels() is a legacy function. New code should use inst.pick(...).
NOTE: pick_channels() is a legacy function. New code should use inst.pick(...).
NOTE: pick_channels() is a legacy function. New code should use inst.pick(...).
NOTE: pick_channels() is a legacy function. New code should use inst.pick(...).
NOTE: pick_channels() is a legacy function. New code should use inst.pick(...).
NOTE: pick_channels() is a legacy function. New code should use inst.pick(...).
NOTE: pick_channels() is a legacy function. New code should use inst.pick(...).
NOTE: pick_channels() is a legacy function. New code should use inst.pick(...).
NOTE: pick_channels() is a legacy function. New code should use inst.pick(...).
NOTE: pick_channels() is a legacy function. New code should use inst.pick(...).
NOTE: pick_channels() is a legacy function. New code should use inst.pick(...).
NOTE: pick_channels() is a legacy function. New code should use inst.pick(...).
NOTE: pick_channels() is a legacy function. New code should use inst.pick(...).
NOTE: pick_channels() is a legacy function. New code should use inst.pick(...).
NOTE: pick_channels() is a legacy function. New code should use inst.pick(...).
NOTE: pick_channels() is a legacy function. New code should use inst.pick(...).
NOTE: pick_channels() is a legacy function. New code should use inst.pick(...).
NOTE: pick_channels() is a legacy function. New code should use inst.pick(...).
NOTE: pick_channels() is a legacy function. New code should use inst.pick(...).
NOTE: pick_channels() is a legacy function. New code should use inst.pick(...).
NOTE: pick_channels() is a legacy function. New code should use inst.pick(...).
NOTE: pick_channels() is a legacy function. New code should use inst.pick(...).
NOTE: pick_channels() is a legacy function. New code should use inst.pick(...).
NOTE: pick_channels() is a legacy function. New code should use inst.pick(...).
NOTE: pick_channels() is a legacy function. New code should use inst.pick(...).
NOTE: pick_channels() is a legacy function. New code should use inst.pick(...).
NOTE: pick_channels() is a legacy function. New code should use inst.pick(...).
NOTE: pick_channels() is a legacy function. New code should use inst.pick(...).
NOTE: pick_channels() is a legacy function. New code should use inst.pick(...).
NOTE: pick_channels() is a legacy function. New code should use inst.pick(...).
NOTE: pick_channels() is a legacy function. New code should use inst.pick(...).
NOTE: pick_channels() is a legacy function. New code should use inst.pick(...).
NOTE: pick_channels() is a legacy function. New code should use inst.pick(...).
NOTE: pick_channels() is a legacy function. New code should use inst.pick(...).
NOTE: pick_channels() is a legacy function. New code should use inst.pick(...).
NOTE: pick_channels() is a legacy function. New code should use inst.pick(...).
NOTE: pick_channels() is a legacy function. New code should use inst.pick(...).
NOTE: pick_channels() is a legacy function. New code should use inst.pick(...).
NOTE: pick_channels() is a legacy function. New code should use inst.pick(...).
NOTE: pick_channels() is a legacy function. New code should use inst.pick(...).
NOTE: pick_channels() is a legacy function. New code should use inst.pick(...).
NOTE: pick_channels() is a legacy function. New code should use inst.pick(...).
NOTE: pick_channels() is a legacy function. New code should use inst.pick(...).
NOTE: pick_channels() is a legacy function. New code should use inst.pick(...).
NOTE: pick_channels() is a legacy function. New code should use inst.pick(...).
NOTE: pick_channels() is a legacy function. New code should use inst.pick(...).
NOTE: pick_channels() is a legacy function. New code should use inst.pick(...).
NOTE: pick_channels() is a legacy function. New code should use inst.pick(...).
NOTE: pick_channels() is a legacy function. New code should use inst.pick(...).
NOTE: pick_channels() is a legacy function. New code should use inst.pick(...).
NOTE: pick_channels() is a legacy function. New code should use inst.pick(...).
NOTE: pick_channels() is a legacy function. New code should use inst.pick(...).
NOTE: pick_channels() is a legacy function. New code should use inst.pick(...).
NOTE: pick_channels() is a legacy function. New code should use inst.pick(...).
NOTE: pick_channels() is a legacy function. New code should use inst.pick(...).
NOTE: pick_channels() is a legacy function. New code should use inst.pick(...).
NOTE: pick_channels() is a legacy function. New code should use inst.pick(...).
NOTE: pick_channels() is a legacy function. New code should use inst.pick(...).
NOTE: pick_channels() is a legacy function. New code should use inst.pick(...).
NOTE: pick_channels() is a legacy function. New code should use inst.pick(...).
NOTE: pick_channels() is a legacy function. New code should use inst.pick(...).
NOTE: pick_channels() is a legacy function. New code should use inst.pick(...).
NOTE: pick_channels() is a legacy function. New code should use inst.pick(...).
NOTE: pick_channels() is a legacy function. New code should use inst.pick(...).
NOTE: pick_channels() is a legacy function. New code should use inst.pick(...).
NOTE: pick_channels() is a legacy function. New code should use inst.pick(...).
NOTE: pick_channels() is a legacy function. New code should use inst.pick(...).
NOTE: pick_channels() is a legacy function. New code should use inst.pick(...).
NOTE: pick_channels() is a legacy function. New code should use inst.pick(...).
NOTE: pick_channels() is a legacy function. New code should use inst.pick(...).
NOTE: pick_channels() is a legacy function. New code should use inst.pick(...).
NOTE: pick_channels() is a legacy function. New code should use inst.pick(...).
NOTE: pick_channels() is a legacy function. New code should use inst.pick(...).
NOTE: pick_channels() is a legacy function. New code should use inst.pick(...).
NOTE: pick_channels() is a legacy function. New code should use inst.pick(...).
NOTE: pick_channels() is a legacy function. New code should use inst.pick(...).
NOTE: pick_channels() is a legacy function. New code should use inst.pick(...).
NOTE: pick_channels() is a legacy function. New code should use inst.pick(...).
NOTE: pick_channels() is a legacy function. New code should use inst.pick(...).
NOTE: pick_channels() is a legacy function. New code should use inst.pick(...).
NOTE: pick_channels() is a legacy function. New code should use inst.pick(...).
NOTE: pick_channels() is a legacy function. New code should use inst.pick(...).
NOTE: pick_channels() is a legacy function. New code should use inst.pick(...).
NOTE: pick_channels() is a legacy function. New code should use inst.pick(...).
NOTE: pick_channels() is a legacy function. New code should use inst.pick(...).
NOTE: pick_channels() is a legacy function. New code should use inst.pick(...).
NOTE: pick_channels() is a legacy function. New code should use inst.pick(...).
NOTE: pick_channels() is a legacy function. New code should use inst.pick(...).
NOTE: pick_channels() is a legacy function. New code should use inst.pick(...).
NOTE: pick_channels() is a legacy function. New code should use inst.pick(...).
NOTE: pick_channels() is a legacy function. New code should use inst.pick(...).
NOTE: pick_channels() is a legacy function. New code should use inst.pick(...).
NOTE: pick_channels() is a legacy function. New code should use inst.pick(...).
NOTE: pick_channels() is a legacy function. New code should use inst.pick(...).
NOTE: pick_channels() is a legacy function. New code should use inst.pick(...).
NOTE: pick_channels() is a legacy function. New code should use inst.pick(...).
NOTE: pick_channels() is a legacy function. New code should use inst.pick(...).
NOTE: pick_channels() is a legacy function. New code should use inst.pick(...).
NOTE: pick_channels() is a legacy function. New code should use inst.pick(...).
NOTE: pick_channels() is a legacy function. New code should use inst.pick(...).
NOTE: pick_channels() is a legacy function. New code should use inst.pick(...).
NOTE: pick_channels() is a legacy function. New code should use inst.pick(...).
NOTE: pick_channels() is a legacy function. New code should use inst.pick(...).
NOTE: pick_channels() is a legacy function. New code should use inst.pick(...).
NOTE: pick_channels() is a legacy function. New code should use inst.pick(...).
NOTE: pick_channels() is a legacy function. New code should use inst.pick(...).
NOTE: pick_channels() is a legacy function. New code should use inst.pick(...).
NOTE: pick_channels() is a legacy function. New code should use inst.pick(...).
NOTE: pick_channels() is a legacy function. New code should use inst.pick(...).
NOTE: pick_channels() is a legacy function. New code should use inst.pick(...).
NOTE: pick_channels() is a legacy function. New code should use inst.pick(...).
NOTE: pick_channels() is a legacy function. New code should use inst.pick(...).
NOTE: pick_channels() is a legacy function. New code should use inst.pick(...).
NOTE: pick_channels() is a legacy function. New code should use inst.pick(...).
NOTE: pick_channels() is a legacy function. New code should use inst.pick(...).
NOTE: pick_channels() is a legacy function. New code should use inst.pick(...).
NOTE: pick_channels() is a legacy function. New code should use inst.pick(...).
NOTE: pick_channels() is a legacy function. New code should use inst.pick(...).
NOTE: pick_channels() is a legacy function. New code should use inst.pick(...).
NOTE: pick_channels() is a legacy function. New code should use inst.pick(...).
NOTE: pick_channels() is a legacy function. New code should use inst.pick(...).
NOTE: pick_channels() is a legacy function. New code should use inst.pick(...).
NOTE: pick_channels() is a legacy function. New code should use inst.pick(...).
NOTE: pick_channels() is a legacy function. New code should use inst.pick(...).
NOTE: pick_channels() is a legacy function. New code should use inst.pick(...).
NOTE: pick_channels() is a legacy function. New code should use inst.pick(...).
NOTE: pick_channels() is a legacy function. New code should use inst.pick(...).
NOTE: pick_channels() is a legacy function. New code should use inst.pick(...).
NOTE: pick_channels() is a legacy function. New code should use inst.pick(...).
NOTE: pick_channels() is a legacy function. New code should use inst.pick(...).
NOTE: pick_channels() is a legacy function. New code should use inst.pick(...).
NOTE: pick_channels() is a legacy function. New code should use inst.pick(...).
NOTE: pick_channels() is a legacy function. New code should use inst.pick(...).
NOTE: pick_channels() is a legacy function. New code should use inst.pick(...).
NOTE: pick_channels() is a legacy function. New code should use inst.pick(...).
NOTE: pick_channels() is a legacy function. New code should use inst.pick(...).
NOTE: pick_channels() is a legacy function. New code should use inst.pick(...).
NOTE: pick_channels() is a legacy function. New code should use inst.pick(...).
NOTE: pick_channels() is a legacy function. New code should use inst.pick(...).
NOTE: pick_channels() is a legacy function. New code should use inst.pick(...).
NOTE: pick_channels() is a legacy function. New code should use inst.pick(...).
NOTE: pick_channels() is a legacy function. New code should use inst.pick(...).
NOTE: pick_channels() is a legacy function. New code should use inst.pick(...).
NOTE: pick_channels() is a legacy function. New code should use inst.pick(...).
NOTE: pick_channels() is a legacy function. New code should use inst.pick(...).
NOTE: pick_channels() is a legacy function. New code should use inst.pick(...).
NOTE: pick_channels() is a legacy function. New code should use inst.pick(...).
NOTE: pick_channels() is a legacy function. New code should use inst.pick(...).
NOTE: pick_channels() is a legacy function. New code should use inst.pick(...).
NOTE: pick_channels() is a legacy function. New code should use inst.pick(...).
NOTE: pick_channels() is a legacy function. New code should use inst.pick(...).
NOTE: pick_channels() is a legacy function. New code should use inst.pick(...).
NOTE: pick_channels() is a legacy function. New code should use inst.pick(...).
NOTE: pick_channels() is a legacy function. New code should use inst.pick(...).
NOTE: pick_channels() is a legacy function. New code should use inst.pick(...).
NOTE: pick_channels() is a legacy function. New code should use inst.pick(...).
NOTE: pick_channels() is a legacy function. New code should use inst.pick(...).
NOTE: pick_channels() is a legacy function. New code should use inst.pick(...).
NOTE: pick_channels() is a legacy function. New code should use inst.pick(...).
NOTE: pick_channels() is a legacy function. New code should use inst.pick(...).
NOTE: pick_channels() is a legacy function. New code should use inst.pick(...).
NOTE: pick_channels() is a legacy function. New code should use inst.pick(...).
NOTE: pick_channels() is a legacy function. New code should use inst.pick(...).
NOTE: pick_channels() is a legacy function. New code should use inst.pick(...).
NOTE: pick_channels() is a legacy function. New code should use inst.pick(...).
NOTE: pick_channels() is a legacy function. New code should use inst.pick(...).
NOTE: pick_channels() is a legacy function. New code should use inst.pick(...).
NOTE: pick_channels() is a legacy function. New code should use inst.pick(...).
NOTE: pick_channels() is a legacy function. New code should use inst.pick(...).
NOTE: pick_channels() is a legacy function. New code should use inst.pick(...).
NOTE: pick_channels() is a legacy function. New code should use inst.pick(...).
NOTE: pick_channels() is a legacy function. New code should use inst.pick(...).
NOTE: pick_channels() is a legacy function. New code should use inst.pick(...).
NOTE: pick_channels() is a legacy function. New code should use inst.pick(...).
NOTE: pick_channels() is a legacy function. New code should use inst.pick(...).
NOTE: pick_channels() is a legacy function. New code should use inst.pick(...).
NOTE: pick_channels() is a legacy function. New code should use inst.pick(...).
NOTE: pick_channels() is a legacy function. New code should use inst.pick(...).
NOTE: pick_channels() is a legacy function. New code should use inst.pick(...).
NOTE: pick_channels() is a legacy function. New code should use inst.pick(...).
NOTE: pick_channels() is a legacy function. New code should use inst.pick(...).
NOTE: pick_channels() is a legacy function. New code should use inst.pick(...).
NOTE: pick_channels() is a legacy function. New code should use inst.pick(...).
NOTE: pick_channels() is a legacy function. New code should use inst.pick(...).
NOTE: pick_channels() is a legacy function. New code should use inst.pick(...).
NOTE: pick_channels() is a legacy function. New code should use inst.pick(...).
NOTE: pick_channels() is a legacy function. New code should use inst.pick(...).
NOTE: pick_channels() is a legacy function. New code should use inst.pick(...).
NOTE: pick_channels() is a legacy function. New code should use inst.pick(...).
NOTE: pick_channels() is a legacy function. New code should use inst.pick(...).
NOTE: pick_channels() is a legacy function. New code should use inst.pick(...).
NOTE: pick_channels() is a legacy function. New code should use inst.pick(...).
NOTE: pick_channels() is a legacy function. New code should use inst.pick(...).
NOTE: pick_channels() is a legacy function. New code should use inst.pick(...).
NOTE: pick_channels() is a legacy function. New code should use inst.pick(...).
NOTE: pick_channels() is a legacy function. New code should use inst.pick(...).
NOTE: pick_channels() is a legacy function. New code should use inst.pick(...).
NOTE: pick_channels() is a legacy function. New code should use inst.pick(...).
NOTE: pick_channels() is a legacy function. New code should use inst.pick(...).
NOTE: pick_channels() is a legacy function. New code should use inst.pick(...).
NOTE: pick_channels() is a legacy function. New code should use inst.pick(...).
NOTE: pick_channels() is a legacy function. New code should use inst.pick(...).
NOTE: pick_channels() is a legacy function. New code should use inst.pick(...).
NOTE: pick_channels() is a legacy function. New code should use inst.pick(...).
NOTE: pick_channels() is a legacy function. New code should use inst.pick(...).
NOTE: pick_channels() is a legacy function. New code should use inst.pick(...).
NOTE: pick_channels() is a legacy function. New code should use inst.pick(...).
NOTE: pick_channels() is a legacy function. New code should use inst.pick(...).
NOTE: pick_channels() is a legacy function. New code should use inst.pick(...).
NOTE: pick_channels() is a legacy function. New code should use inst.pick(...).
NOTE: pick_channels() is a legacy function. New code should use inst.pick(...).
NOTE: pick_channels() is a legacy function. New code should use inst.pick(...).
Saved plot to: /cwork/etb28/BIDS-1.1_GlobalLocal/BIDS/derivatives/freqFilt/figs/Stimulus_-1.0to1.5sec_0.5sec_within-1.0-0.0sec_base_decFactor_8_outliers_10_none_thresh_perc_5.0_4.0-8.0_Hz_padLength_1.5s_bandpass_stat_func_ttest_ind_equal_var_False_nan_policy_omit/dlpfc_stimulus_err_corr_conditions_20_subjects_sig_elecs_sem_shading.pdf
Saved plot to: /cwork/etb28/BIDS-1.1_GlobalLocal/BIDS/derivatives/freqFilt/figs/Stimulus_-1.0to1.5sec_0.5sec_within-1.0-0.0sec_base_decFactor_8_outliers_10_none_thresh_perc_5.0_4.0-8.0_Hz_padLength_1.5s_bandpass_stat_func_ttest_ind_equal_var_False_nan_policy_omit/dlpfc_stimulus_err_corr_conditions_20_subjects_sig_elecs_sem_shading.png

All plots saved to: /cwork/etb28/BIDS-1.1_GlobalLocal/BIDS/derivatives/freqFilt/figs/Stimulus_-1.0to1.5sec_0.5sec_within-1.0-0.0sec_base_decFactor_8_outliers_10_none_thresh_perc_5.0_4.0-8.0_Hz_padLength_1.5s_bandpass_stat_func_ttest_ind_equal_var_False_nan_policy_omit

✓ Analysis completed successfully!
