--- Job task started for subject: D0057 on host: dcc-core-04 ---
['/hpc/group/coganlab/etb28/GlobalLocal/dcc_scripts/spec', '/hpc/home/etb28/coganlab/etb28/GlobalLocal', '/hpc/home/etb28/miniconda3/envs/ieeg/lib/python311.zip', '/hpc/home/etb28/miniconda3/envs/ieeg/lib/python3.11', '/hpc/home/etb28/miniconda3/envs/ieeg/lib/python3.11/lib-dynload', '/hpc/home/etb28/miniconda3/envs/ieeg/lib/python3.11/site-packages']
Qt5Agg backend not available, using default backend
Qt5Agg backend not available, using default backend
Loading good data for subject: D0057
Extracting EDF parameters from /cwork/etb28/BIDS-1.1_GlobalLocal/BIDS/derivatives/clean/sub-D0057/ieeg/sub-D0057_task-GlobalLocal_acq-01_run-01_desc-clean_ieeg.edf...
EDF file detected
Setting channel info structure...
Creating raw.info structure...
Reading events from /cwork/etb28/BIDS-1.1_GlobalLocal/BIDS/derivatives/clean/sub-D0057/ieeg/sub-D0057_task-GlobalLocal_acq-01_run-01_desc-clean_events.tsv.
Reading channel info from /cwork/etb28/BIDS-1.1_GlobalLocal/BIDS/derivatives/clean/sub-D0057/ieeg/sub-D0057_task-GlobalLocal_acq-01_run-01_desc-clean_channels.tsv.
Reading electrode coords from /cwork/etb28/BIDS-1.1_GlobalLocal/BIDS/derivatives/clean/sub-D0057/ieeg/sub-D0057_acq-01_space-ACPC_electrodes.tsv.
Extracting EDF parameters from /cwork/etb28/BIDS-1.1_GlobalLocal/BIDS/derivatives/clean/sub-D0057/ieeg/sub-D0057_task-GlobalLocal_acq-01_run-02_desc-clean_ieeg.edf...
EDF file detected
Setting channel info structure...
Creating raw.info structure...
Reading events from /cwork/etb28/BIDS-1.1_GlobalLocal/BIDS/derivatives/clean/sub-D0057/ieeg/sub-D0057_task-GlobalLocal_acq-01_run-02_desc-clean_events.tsv.
Reading channel info from /cwork/etb28/BIDS-1.1_GlobalLocal/BIDS/derivatives/clean/sub-D0057/ieeg/sub-D0057_task-GlobalLocal_acq-01_run-02_desc-clean_channels.tsv.
Reading electrode coords from /cwork/etb28/BIDS-1.1_GlobalLocal/BIDS/derivatives/clean/sub-D0057/ieeg/sub-D0057_acq-01_space-ACPC_electrodes.tsv.
Extracting EDF parameters from /cwork/etb28/BIDS-1.1_GlobalLocal/BIDS/derivatives/clean/sub-D0057/ieeg/sub-D0057_task-GlobalLocal_acq-01_run-03_desc-clean_ieeg.edf...
EDF file detected
Setting channel info structure...
Creating raw.info structure...
Reading events from /cwork/etb28/BIDS-1.1_GlobalLocal/BIDS/derivatives/clean/sub-D0057/ieeg/sub-D0057_task-GlobalLocal_acq-01_run-03_desc-clean_events.tsv.
Reading channel info from /cwork/etb28/BIDS-1.1_GlobalLocal/BIDS/derivatives/clean/sub-D0057/ieeg/sub-D0057_task-GlobalLocal_acq-01_run-03_desc-clean_channels.tsv.
Reading electrode coords from /cwork/etb28/BIDS-1.1_GlobalLocal/BIDS/derivatives/clean/sub-D0057/ieeg/sub-D0057_acq-01_space-ACPC_electrodes.tsv.
Extracting EDF parameters from /cwork/etb28/BIDS-1.1_GlobalLocal/BIDS/derivatives/clean/sub-D0057/ieeg/sub-D0057_task-GlobalLocal_acq-01_run-04_desc-clean_ieeg.edf...
EDF file detected
Setting channel info structure...
Creating raw.info structure...
Reading events from /cwork/etb28/BIDS-1.1_GlobalLocal/BIDS/derivatives/clean/sub-D0057/ieeg/sub-D0057_task-GlobalLocal_acq-01_run-04_desc-clean_events.tsv.
Reading channel info from /cwork/etb28/BIDS-1.1_GlobalLocal/BIDS/derivatives/clean/sub-D0057/ieeg/sub-D0057_task-GlobalLocal_acq-01_run-04_desc-clean_channels.tsv.
Reading electrode coords from /cwork/etb28/BIDS-1.1_GlobalLocal/BIDS/derivatives/clean/sub-D0057/ieeg/sub-D0057_acq-01_space-ACPC_electrodes.tsv.
<RawEDF | sub-D0057_task-GlobalLocal_acq-01_run-01_desc-clean_ieeg.edf, 178 x 8243200 (4025.0 s), ~201 kB, data not loaded>
outlier round 1 channels: ['RAMT8']
outlier round 2 channels: ['RAMT8', 'RPI16']
outlier round 2 channels: ['RAMT8', 'RPI16', 'LAMT12']
Reading 0 ... 3433906  =      0.000 ...  1676.712 secs...
Applying average reference.
Applying a custom ('sEEG',) reference.
Found 0 trials for ErrorTrials_Stimulus_Locked ('['Stimulus/Accuracy0.0']')
Found 0 trials for CorrectTrials_Stimulus_Locked ('['Stimulus/Accuracy1.0']')

Successfully saved final counts to /hpc/group/coganlab/etb28/GlobalLocal/dcc_scripts/spec/trial_counts/D0057_counts.csv
--- Job task finished for subject: D0057 ---
