[NbConvertApp] Converting notebook /hpc/group/coganlab/etb28/GlobalLocal/src/analysis/power/power_traces.ipynb to notebook
Traceback (most recent call last):
  File "/hpc/home/etb28/miniconda3/envs/ieeg/bin/jupyter-nbconvert", line 10, in <module>
    sys.exit(main())
             ^^^^^^
  File "/hpc/home/etb28/miniconda3/envs/ieeg/lib/python3.11/site-packages/jupyter_core/application.py", line 280, in launch_instance
    super().launch_instance(argv=argv, **kwargs)
  File "/hpc/home/etb28/miniconda3/envs/ieeg/lib/python3.11/site-packages/traitlets/config/application.py", line 992, in launch_instance
    app.start()
  File "/hpc/home/etb28/miniconda3/envs/ieeg/lib/python3.11/site-packages/nbconvert/nbconvertapp.py", line 412, in start
    self.convert_notebooks()
  File "/hpc/home/etb28/miniconda3/envs/ieeg/lib/python3.11/site-packages/nbconvert/nbconvertapp.py", line 590, in convert_notebooks
    self.convert_single_notebook(notebook_filename)
  File "/hpc/home/etb28/miniconda3/envs/ieeg/lib/python3.11/site-packages/nbconvert/nbconvertapp.py", line 556, in convert_single_notebook
    output, resources = self.export_single_notebook(
                        ^^^^^^^^^^^^^^^^^^^^^^^^^^^^
  File "/hpc/home/etb28/miniconda3/envs/ieeg/lib/python3.11/site-packages/nbconvert/nbconvertapp.py", line 479, in export_single_notebook
    output, resources = self.exporter.from_filename(
                        ^^^^^^^^^^^^^^^^^^^^^^^^^^^^
  File "/hpc/home/etb28/miniconda3/envs/ieeg/lib/python3.11/site-packages/nbconvert/exporters/exporter.py", line 203, in from_filename
    return self.from_file(f, resources=resources, **kw)
           ^^^^^^^^^^^^^^^^^^^^^^^^^^^^^^^^^^^^^^^^^^^^
  File "/hpc/home/etb28/miniconda3/envs/ieeg/lib/python3.11/site-packages/nbconvert/exporters/exporter.py", line 222, in from_file
    return self.from_notebook_node(
           ^^^^^^^^^^^^^^^^^^^^^^^^
  File "/hpc/home/etb28/miniconda3/envs/ieeg/lib/python3.11/site-packages/nbconvert/exporters/notebook.py", line 36, in from_notebook_node
    nb_copy, resources = super().from_notebook_node(nb, resources, **kw)
                         ^^^^^^^^^^^^^^^^^^^^^^^^^^^^^^^^^^^^^^^^^^^^^^^
  File "/hpc/home/etb28/miniconda3/envs/ieeg/lib/python3.11/site-packages/nbconvert/exporters/exporter.py", line 156, in from_notebook_node
    nb_copy, resources = self._preprocess(nb_copy, resources)
                         ^^^^^^^^^^^^^^^^^^^^^^^^^^^^^^^^^^^^
  File "/hpc/home/etb28/miniconda3/envs/ieeg/lib/python3.11/site-packages/nbconvert/exporters/exporter.py", line 354, in _preprocess
    nbc, resc = preprocessor(nbc, resc)  # type:ignore[operator]
                ^^^^^^^^^^^^^^^^^^^^^^^
  File "/hpc/home/etb28/miniconda3/envs/ieeg/lib/python3.11/site-packages/nbconvert/preprocessors/base.py", line 48, in __call__
    return self.preprocess(nb, resources)
           ^^^^^^^^^^^^^^^^^^^^^^^^^^^^^^
  File "/hpc/home/etb28/miniconda3/envs/ieeg/lib/python3.11/site-packages/nbconvert/preprocessors/execute.py", line 102, in preprocess
    self.preprocess_cell(cell, resources, index)
  File "/hpc/home/etb28/miniconda3/envs/ieeg/lib/python3.11/site-packages/nbconvert/preprocessors/execute.py", line 123, in preprocess_cell
    cell = self.execute_cell(cell, index, store_history=True)
           ^^^^^^^^^^^^^^^^^^^^^^^^^^^^^^^^^^^^^^^^^^^^^^^^^^
  File "/hpc/home/etb28/miniconda3/envs/ieeg/lib/python3.11/site-packages/jupyter_core/utils/__init__.py", line 173, in wrapped
    return loop.run_until_complete(inner)
           ^^^^^^^^^^^^^^^^^^^^^^^^^^^^^^
  File "/hpc/home/etb28/miniconda3/envs/ieeg/lib/python3.11/asyncio/base_events.py", line 653, in run_until_complete
    return future.result()
           ^^^^^^^^^^^^^^^
  File "/hpc/home/etb28/miniconda3/envs/ieeg/lib/python3.11/site-packages/nbclient/client.py", line 1058, in async_execute_cell
    await self._check_raise_for_error(cell, cell_index, exec_reply)
  File "/hpc/home/etb28/miniconda3/envs/ieeg/lib/python3.11/site-packages/nbclient/client.py", line 914, in _check_raise_for_error
    raise CellExecutionError.from_cell_and_msg(cell, exec_reply_content)
nbclient.exceptions.CellExecutionError: An error occurred while executing the following cell:
------------------
# load in subjects electrodes to rois dict. If it doesn't already exist, make it and then load it.
#config_dir = '/Users/erinburns/Desktop/GlobalLocal/src/analysis/config'
config_dir = '/cwork/etb28/GlobalLocal/src/analysis/config'
#subjects_electrodestoROIs_dict = utils.make_or_load_subjects_electrodes_to_ROIs_dict(subjects, task='GlobalLocal', LAB_root=None, save_dir=config_dir, 
                                                #filename='subjects_electrodestoROIs_dict.json')
subjects_electrodestoROIs_dict = utils.make_or_load_subjects_electrodes_to_ROIs_dict(subjects, task='GlobalLocal', LAB_root='/cwork/etb28', save_dir=config_dir, 
                                                filename='subjects_electrodestoROIs_dict.json')
------------------

----- stdout -----
Attempting to load the subjects' electrodes-to-ROIs dictionary...
File not found: /cwork/etb28/GlobalLocal/src/analysis/config/subjects_electrodestoROIs_dict.json
No dictionary found. Looks like it's our lucky day to create one!
D0057
----- stdout -----
Extracting EDF parameters from /cwork/etb28/BIDS-1.1_GlobalLocal/BIDS/derivatives/clean/sub-D0057/ieeg/sub-D0057_task-GlobalLocal_acq-01_run-01_desc-clean_ieeg.edf...
----- stdout -----
EDF file detected
----- stdout -----
Setting channel info structure...
----- stdout -----
Creating raw.info structure...
----- stdout -----
Reading events from /cwork/etb28/BIDS-1.1_GlobalLocal/BIDS/derivatives/clean/sub-D0057/ieeg/sub-D0057_task-GlobalLocal_acq-01_run-01_desc-clean_events.tsv.
----- stdout -----
Reading channel info from /cwork/etb28/BIDS-1.1_GlobalLocal/BIDS/derivatives/clean/sub-D0057/ieeg/sub-D0057_task-GlobalLocal_acq-01_run-01_desc-clean_channels.tsv.
----- stdout -----
Reading electrode coords from /cwork/etb28/BIDS-1.1_GlobalLocal/BIDS/derivatives/clean/sub-D0057/ieeg/sub-D0057_acq-01_space-ACPC_electrodes.tsv.
----- stdout -----
Extracting EDF parameters from /cwork/etb28/BIDS-1.1_GlobalLocal/BIDS/derivatives/clean/sub-D0057/ieeg/sub-D0057_task-GlobalLocal_acq-01_run-02_desc-clean_ieeg.edf...
----- stdout -----
EDF file detected
----- stdout -----
Setting channel info structure...
----- stdout -----
Creating raw.info structure...
----- stderr -----
/hpc/home/etb28/miniconda3/envs/ieeg/lib/python3.11/site-packages/ieeg/io.py:113: RuntimeWarning: The number of channels in the channels.tsv sidecar file (179) does not match the number of channels in the raw data file (178). Will not try to set channel names.
  new_raw = read_raw_bids(bids_path=BIDS_path, verbose=verbose)
/hpc/home/etb28/miniconda3/envs/ieeg/lib/python3.11/site-packages/ieeg/io.py:113: RuntimeWarning: Cannot set channel type for the following channels, as they are missing in the raw data: Trigger
  new_raw = read_raw_bids(bids_path=BIDS_path, verbose=verbose)
----- stdout -----
Reading events from /cwork/etb28/BIDS-1.1_GlobalLocal/BIDS/derivatives/clean/sub-D0057/ieeg/sub-D0057_task-GlobalLocal_acq-01_run-02_desc-clean_events.tsv.
----- stdout -----
Reading channel info from /cwork/etb28/BIDS-1.1_GlobalLocal/BIDS/derivatives/clean/sub-D0057/ieeg/sub-D0057_task-GlobalLocal_acq-01_run-02_desc-clean_channels.tsv.
----- stdout -----
Reading electrode coords from /cwork/etb28/BIDS-1.1_GlobalLocal/BIDS/derivatives/clean/sub-D0057/ieeg/sub-D0057_acq-01_space-ACPC_electrodes.tsv.
----- stdout -----
Extracting EDF parameters from /cwork/etb28/BIDS-1.1_GlobalLocal/BIDS/derivatives/clean/sub-D0057/ieeg/sub-D0057_task-GlobalLocal_acq-01_run-03_desc-clean_ieeg.edf...
----- stdout -----
EDF file detected
----- stderr -----
/hpc/home/etb28/miniconda3/envs/ieeg/lib/python3.11/site-packages/ieeg/io.py:113: RuntimeWarning: Omitted 228 annotation(s) that were outside data range.
  new_raw = read_raw_bids(bids_path=BIDS_path, verbose=verbose)
/hpc/home/etb28/miniconda3/envs/ieeg/lib/python3.11/site-packages/ieeg/io.py:113: RuntimeWarning: The number of channels in the channels.tsv sidecar file (179) does not match the number of channels in the raw data file (178). Will not try to set channel names.
  new_raw = read_raw_bids(bids_path=BIDS_path, verbose=verbose)
/hpc/home/etb28/miniconda3/envs/ieeg/lib/python3.11/site-packages/ieeg/io.py:113: RuntimeWarning: Cannot set channel type for the following channels, as they are missing in the raw data: Trigger
  new_raw = read_raw_bids(bids_path=BIDS_path, verbose=verbose)
----- stdout -----
Setting channel info structure...
----- stdout -----
Creating raw.info structure...
----- stdout -----
Reading events from /cwork/etb28/BIDS-1.1_GlobalLocal/BIDS/derivatives/clean/sub-D0057/ieeg/sub-D0057_task-GlobalLocal_acq-01_run-03_desc-clean_events.tsv.
----- stdout -----
Reading channel info from /cwork/etb28/BIDS-1.1_GlobalLocal/BIDS/derivatives/clean/sub-D0057/ieeg/sub-D0057_task-GlobalLocal_acq-01_run-03_desc-clean_channels.tsv.
----- stdout -----
Reading electrode coords from /cwork/etb28/BIDS-1.1_GlobalLocal/BIDS/derivatives/clean/sub-D0057/ieeg/sub-D0057_acq-01_space-ACPC_electrodes.tsv.
----- stderr -----
/hpc/home/etb28/miniconda3/envs/ieeg/lib/python3.11/site-packages/ieeg/io.py:113: RuntimeWarning: Omitted 228 annotation(s) that were outside data range.
  new_raw = read_raw_bids(bids_path=BIDS_path, verbose=verbose)
/hpc/home/etb28/miniconda3/envs/ieeg/lib/python3.11/site-packages/ieeg/io.py:113: RuntimeWarning: The number of channels in the channels.tsv sidecar file (179) does not match the number of channels in the raw data file (178). Will not try to set channel names.
  new_raw = read_raw_bids(bids_path=BIDS_path, verbose=verbose)
/hpc/home/etb28/miniconda3/envs/ieeg/lib/python3.11/site-packages/ieeg/io.py:113: RuntimeWarning: Cannot set channel type for the following channels, as they are missing in the raw data: Trigger
  new_raw = read_raw_bids(bids_path=BIDS_path, verbose=verbose)
----- stdout -----
Extracting EDF parameters from /cwork/etb28/BIDS-1.1_GlobalLocal/BIDS/derivatives/clean/sub-D0057/ieeg/sub-D0057_task-GlobalLocal_acq-01_run-04_desc-clean_ieeg.edf...
----- stdout -----
EDF file detected
----- stdout -----
Setting channel info structure...
----- stdout -----
Creating raw.info structure...
----- stdout -----
Reading events from /cwork/etb28/BIDS-1.1_GlobalLocal/BIDS/derivatives/clean/sub-D0057/ieeg/sub-D0057_task-GlobalLocal_acq-01_run-04_desc-clean_events.tsv.
----- stdout -----
Reading channel info from /cwork/etb28/BIDS-1.1_GlobalLocal/BIDS/derivatives/clean/sub-D0057/ieeg/sub-D0057_task-GlobalLocal_acq-01_run-04_desc-clean_channels.tsv.
----- stdout -----
Reading electrode coords from /cwork/etb28/BIDS-1.1_GlobalLocal/BIDS/derivatives/clean/sub-D0057/ieeg/sub-D0057_acq-01_space-ACPC_electrodes.tsv.
----- stderr -----
/hpc/home/etb28/miniconda3/envs/ieeg/lib/python3.11/site-packages/ieeg/io.py:113: RuntimeWarning: Omitted 226 annotation(s) that were outside data range.
  new_raw = read_raw_bids(bids_path=BIDS_path, verbose=verbose)
/hpc/home/etb28/miniconda3/envs/ieeg/lib/python3.11/site-packages/ieeg/io.py:113: RuntimeWarning: The number of channels in the channels.tsv sidecar file (179) does not match the number of channels in the raw data file (178). Will not try to set channel names.
  new_raw = read_raw_bids(bids_path=BIDS_path, verbose=verbose)
/hpc/home/etb28/miniconda3/envs/ieeg/lib/python3.11/site-packages/ieeg/io.py:113: RuntimeWarning: Cannot set channel type for the following channels, as they are missing in the raw data: Trigger
  new_raw = read_raw_bids(bids_path=BIDS_path, verbose=verbose)
----- stdout -----
outlier round 1 channels: ['RAMT8']
----- stdout -----
outlier round 2 channels: ['RAMT8', 'RPI16']
----- stdout -----
outlier round 2 channels: ['RAMT8', 'RPI16', 'LAMT12']
----- stdout -----
Reading 0 ... 3433906  =      0.000 ...  1676.712 secs...
----- stdout -----
Applying average reference.
----- stdout -----
Applying a custom ('sEEG',) reference.
------------------

[0;31m---------------------------------------------------------------------------[0m
[0;31mFileNotFoundError[0m                         Traceback (most recent call last)
Cell [0;32mIn[4], line 6[0m
[1;32m      3[0m config_dir [38;5;241m=[39m [38;5;124m'[39m[38;5;124m/cwork/etb28/GlobalLocal/src/analysis/config[39m[38;5;124m'[39m
[1;32m      4[0m [38;5;66;03m#subjects_electrodestoROIs_dict = utils.make_or_load_subjects_electrodes_to_ROIs_dict(subjects, task='GlobalLocal', LAB_root=None, save_dir=config_dir, [39;00m
[1;32m      5[0m                                                 [38;5;66;03m#filename='subjects_electrodestoROIs_dict.json')[39;00m
[0;32m----> 6[0m subjects_electrodestoROIs_dict [38;5;241m=[39m utils[38;5;241m.[39mmake_or_load_subjects_electrodes_to_ROIs_dict(subjects, task[38;5;241m=[39m[38;5;124m'[39m[38;5;124mGlobalLocal[39m[38;5;124m'[39m, LAB_root[38;5;241m=[39m[38;5;124m'[39m[38;5;124m/cwork/etb28[39m[38;5;124m'[39m, save_dir[38;5;241m=[39mconfig_dir, 
[1;32m      7[0m                                                 filename[38;5;241m=[39m[38;5;124m'[39m[38;5;124msubjects_electrodestoROIs_dict.json[39m[38;5;124m'[39m)

File [0;32m/hpc/group/coganlab/etb28/GlobalLocal/src/analysis/utils/general_utils.py:235[0m, in [0;36mmake_or_load_subjects_electrodes_to_ROIs_dict[0;34m(subjects, task, LAB_root, save_dir, filename)[0m
[1;32m    233[0m [38;5;28;01mif[39;00m subjects_electrodes_to_ROIs_dict [38;5;129;01mis[39;00m [38;5;28;01mNone[39;00m:
[1;32m    234[0m     [38;5;28mprint[39m([38;5;124m"[39m[38;5;124mNo dictionary found. Looks like it[39m[38;5;124m'[39m[38;5;124ms our lucky day to create one![39m[38;5;124m"[39m)
[0;32m--> 235[0m     make_subjects_electrodes_to_ROIs_dict(subjects, task, LAB_root, save_dir, filename)
[1;32m    236[0m     subjects_electrodes_to_ROIs_dict [38;5;241m=[39m load_subjects_electrodes_to_ROIs_dict(save_dir, filename)
[1;32m    237[0m     [38;5;28mprint[39m([38;5;124m"[39m[38;5;124mDictionary created and loaded successfully. Let[39m[38;5;124m'[39m[38;5;124ms roll![39m[38;5;124m"[39m)

File [0;32m/hpc/group/coganlab/etb28/GlobalLocal/src/analysis/utils/general_utils.py:113[0m, in [0;36mmake_subjects_electrodes_to_ROIs_dict[0;34m(subjects, task, LAB_root, save_dir, filename)[0m
[1;32m    111[0m     default_dict [38;5;241m=[39m gen_labels(good[38;5;241m.[39minfo, sub[38;5;241m=[39m[38;5;124m'[39m[38;5;124mD107A[39m[38;5;124m'[39m)
[1;32m    112[0m [38;5;28;01melse[39;00m:
[0;32m--> 113[0m     default_dict [38;5;241m=[39m gen_labels(good[38;5;241m.[39minfo)
[1;32m    115[0m [38;5;66;03m# Create rawROI_dict for the subject[39;00m
[1;32m    116[0m rawROI_dict [38;5;241m=[39m defaultdict([38;5;28mlist[39m)

File [0;32m~/miniconda3/envs/ieeg/lib/python3.11/site-packages/ieeg/viz/mri.py:855[0m, in [0;36mgen_labels[0;34m(info, sub, subj_dir, atlas, picks)[0m
[1;32m    853[0m force2frame(montage, [38;5;124m'[39m[38;5;124mmri[39m[38;5;124m'[39m)
[1;32m    854[0m [38;5;66;03m# aseg = 'aparc.a2009s+aseg'  # parcellation/anatomical segmentation atlas[39;00m
[0;32m--> 855[0m labels [38;5;241m=[39m get_elec_volume_labels(sub, subj_dir, [38;5;241m10[39m, atlas)
[1;32m    856[0m [38;5;28;01mif[39;00m picks [38;5;129;01mis[39;00m [38;5;28;01mNone[39;00m:
[1;32m    857[0m     picks [38;5;241m=[39m info[38;5;241m.[39mch_names

File [0;32m~/miniconda3/envs/ieeg/lib/python3.11/site-packages/ieeg/io.py:369[0m, in [0;36mget_elec_volume_labels[0;34m(subj, subj_dir, radius, atlas)[0m
[1;32m    367[0m [38;5;28;01melse[39;00m:
[1;32m    368[0m     filename [38;5;241m+[39m[38;5;241m=[39m [38;5;124m"[39m[38;5;124m.csv[39m[38;5;124m"[39m
[0;32m--> 369[0m out [38;5;241m=[39m pd[38;5;241m.[39mread_csv(filename, header[38;5;241m=[39m[38;5;28;01mNone[39;00m, skiprows[38;5;241m=[39m[38;5;241m1[39m, index_col[38;5;241m=[39m[38;5;241m1[39m)
[1;32m    370[0m [38;5;28;01mreturn[39;00m out

File [0;32m~/miniconda3/envs/ieeg/lib/python3.11/site-packages/pandas/io/parsers/readers.py:1024[0m, in [0;36mread_csv[0;34m(filepath_or_buffer, sep, delimiter, header, names, index_col, usecols, dtype, engine, converters, true_values, false_values, skipinitialspace, skiprows, skipfooter, nrows, na_values, keep_default_na, na_filter, verbose, skip_blank_lines, parse_dates, infer_datetime_format, keep_date_col, date_parser, date_format, dayfirst, cache_dates, iterator, chunksize, compression, thousands, decimal, lineterminator, quotechar, quoting, doublequote, escapechar, comment, encoding, encoding_errors, dialect, on_bad_lines, delim_whitespace, low_memory, memory_map, float_precision, storage_options, dtype_backend)[0m
[1;32m   1011[0m kwds_defaults [38;5;241m=[39m _refine_defaults_read(
[1;32m   1012[0m     dialect,
[1;32m   1013[0m     delimiter,
[0;32m   (...)[0m
[1;32m   1020[0m     dtype_backend[38;5;241m=[39mdtype_backend,
[1;32m   1021[0m )
[1;32m   1022[0m kwds[38;5;241m.[39mupdate(kwds_defaults)
[0;32m-> 1024[0m [38;5;28;01mreturn[39;00m _read(filepath_or_buffer, kwds)

File [0;32m~/miniconda3/envs/ieeg/lib/python3.11/site-packages/pandas/io/parsers/readers.py:618[0m, in [0;36m_read[0;34m(filepath_or_buffer, kwds)[0m
[1;32m    615[0m _validate_names(kwds[38;5;241m.[39mget([38;5;124m"[39m[38;5;124mnames[39m[38;5;124m"[39m, [38;5;28;01mNone[39;00m))
[1;32m    617[0m [38;5;66;03m# Create the parser.[39;00m
[0;32m--> 618[0m parser [38;5;241m=[39m TextFileReader(filepath_or_buffer, [38;5;241m*[39m[38;5;241m*[39mkwds)
[1;32m    620[0m [38;5;28;01mif[39;00m chunksize [38;5;129;01mor[39;00m iterator:
[1;32m    621[0m     [38;5;28;01mreturn[39;00m parser

File [0;32m~/miniconda3/envs/ieeg/lib/python3.11/site-packages/pandas/io/parsers/readers.py:1618[0m, in [0;36mTextFileReader.__init__[0;34m(self, f, engine, **kwds)[0m
[1;32m   1615[0m     [38;5;28mself[39m[38;5;241m.[39moptions[[38;5;124m"[39m[38;5;124mhas_index_names[39m[38;5;124m"[39m] [38;5;241m=[39m kwds[[38;5;124m"[39m[38;5;124mhas_index_names[39m[38;5;124m"[39m]
[1;32m   1617[0m [38;5;28mself[39m[38;5;241m.[39mhandles: IOHandles [38;5;241m|[39m [38;5;28;01mNone[39;00m [38;5;241m=[39m [38;5;28;01mNone[39;00m
[0;32m-> 1618[0m [38;5;28mself[39m[38;5;241m.[39m_engine [38;5;241m=[39m [38;5;28mself[39m[38;5;241m.[39m_make_engine(f, [38;5;28mself[39m[38;5;241m.[39mengine)

File [0;32m~/miniconda3/envs/ieeg/lib/python3.11/site-packages/pandas/io/parsers/readers.py:1878[0m, in [0;36mTextFileReader._make_engine[0;34m(self, f, engine)[0m
[1;32m   1876[0m     [38;5;28;01mif[39;00m [38;5;124m"[39m[38;5;124mb[39m[38;5;124m"[39m [38;5;129;01mnot[39;00m [38;5;129;01min[39;00m mode:
[1;32m   1877[0m         mode [38;5;241m+[39m[38;5;241m=[39m [38;5;124m"[39m[38;5;124mb[39m[38;5;124m"[39m
[0;32m-> 1878[0m [38;5;28mself[39m[38;5;241m.[39mhandles [38;5;241m=[39m get_handle(
[1;32m   1879[0m     f,
[1;32m   1880[0m     mode,
[1;32m   1881[0m     encoding[38;5;241m=[39m[38;5;28mself[39m[38;5;241m.[39moptions[38;5;241m.[39mget([38;5;124m"[39m[38;5;124mencoding[39m[38;5;124m"[39m, [38;5;28;01mNone[39;00m),
[1;32m   1882[0m     compression[38;5;241m=[39m[38;5;28mself[39m[38;5;241m.[39moptions[38;5;241m.[39mget([38;5;124m"[39m[38;5;124mcompression[39m[38;5;124m"[39m, [38;5;28;01mNone[39;00m),
[1;32m   1883[0m     memory_map[38;5;241m=[39m[38;5;28mself[39m[38;5;241m.[39moptions[38;5;241m.[39mget([38;5;124m"[39m[38;5;124mmemory_map[39m[38;5;124m"[39m, [38;5;28;01mFalse[39;00m),
[1;32m   1884[0m     is_text[38;5;241m=[39mis_text,
[1;32m   1885[0m     errors[38;5;241m=[39m[38;5;28mself[39m[38;5;241m.[39moptions[38;5;241m.[39mget([38;5;124m"[39m[38;5;124mencoding_errors[39m[38;5;124m"[39m, [38;5;124m"[39m[38;5;124mstrict[39m[38;5;124m"[39m),
[1;32m   1886[0m     storage_options[38;5;241m=[39m[38;5;28mself[39m[38;5;241m.[39moptions[38;5;241m.[39mget([38;5;124m"[39m[38;5;124mstorage_options[39m[38;5;124m"[39m, [38;5;28;01mNone[39;00m),
[1;32m   1887[0m )
[1;32m   1888[0m [38;5;28;01massert[39;00m [38;5;28mself[39m[38;5;241m.[39mhandles [38;5;129;01mis[39;00m [38;5;129;01mnot[39;00m [38;5;28;01mNone[39;00m
[1;32m   1889[0m f [38;5;241m=[39m [38;5;28mself[39m[38;5;241m.[39mhandles[38;5;241m.[39mhandle

File [0;32m~/miniconda3/envs/ieeg/lib/python3.11/site-packages/pandas/io/common.py:873[0m, in [0;36mget_handle[0;34m(path_or_buf, mode, encoding, compression, memory_map, is_text, errors, storage_options)[0m
[1;32m    868[0m [38;5;28;01melif[39;00m [38;5;28misinstance[39m(handle, [38;5;28mstr[39m):
[1;32m    869[0m     [38;5;66;03m# Check whether the filename is to be opened in binary mode.[39;00m
[1;32m    870[0m     [38;5;66;03m# Binary mode does not support 'encoding' and 'newline'.[39;00m
[1;32m    871[0m     [38;5;28;01mif[39;00m ioargs[38;5;241m.[39mencoding [38;5;129;01mand[39;00m [38;5;124m"[39m[38;5;124mb[39m[38;5;124m"[39m [38;5;129;01mnot[39;00m [38;5;129;01min[39;00m ioargs[38;5;241m.[39mmode:
[1;32m    872[0m         [38;5;66;03m# Encoding[39;00m
[0;32m--> 873[0m         handle [38;5;241m=[39m [38;5;28mopen[39m(
[1;32m    874[0m             handle,
[1;32m    875[0m             ioargs[38;5;241m.[39mmode,
[1;32m    876[0m             encoding[38;5;241m=[39mioargs[38;5;241m.[39mencoding,
[1;32m    877[0m             errors[38;5;241m=[39merrors,
[1;32m    878[0m             newline[38;5;241m=[39m[38;5;124m"[39m[38;5;124m"[39m,
[1;32m    879[0m         )
[1;32m    880[0m     [38;5;28;01melse[39;00m:
[1;32m    881[0m         [38;5;66;03m# Binary mode[39;00m
[1;32m    882[0m         handle [38;5;241m=[39m [38;5;28mopen[39m(handle, ioargs[38;5;241m.[39mmode)

[0;31mFileNotFoundError[0m: [Errno 2] No such file or directory: '/hpc/home/etb28/Box/ECoG_Recon/D57/elec_recon/D57_elec_location_radius_10mm_aparc.a2009s+aseg.mgz.csv'

