[Parallel(n_jobs=8)]: Using backend LokyBackend with 8 concurrent workers.
[Parallel(n_jobs=8)]: Done  10 tasks      | elapsed:   10.7s
[Parallel(n_jobs=8)]: Done  14 out of  17 | elapsed:   10.8s remaining:    2.3s
[Parallel(n_jobs=8)]: Done  17 out of  17 | elapsed:   10.8s finished
[Parallel(n_jobs=8)]: Using backend LokyBackend with 8 concurrent workers.
[Parallel(n_jobs=8)]: Done  10 tasks      | elapsed:    4.3s
[Parallel(n_jobs=8)]: Done  64 tasks      | elapsed:   17.6s
[Parallel(n_jobs=8)]: Done 136 out of 136 | elapsed:   37.6s finished
[Parallel(n_jobs=8)]: Using backend LokyBackend with 8 concurrent workers.
[Parallel(n_jobs=8)]: Done  10 tasks      | elapsed:    0.2s
[Parallel(n_jobs=8)]: Done  14 out of  17 | elapsed:    0.2s remaining:    0.0s
[Parallel(n_jobs=8)]: Done  17 out of  17 | elapsed:    0.3s finished
[Parallel(n_jobs=8)]: Using backend LokyBackend with 8 concurrent workers.
[Parallel(n_jobs=8)]: Done  10 tasks      | elapsed:    2.8s
[Parallel(n_jobs=8)]: Done  64 tasks      | elapsed:   18.5s
[Parallel(n_jobs=8)]: Done 136 out of 136 | elapsed:   39.3s finished
[Parallel(n_jobs=8)]: Using backend LokyBackend with 8 concurrent workers.
[Parallel(n_jobs=8)]: Done  10 tasks      | elapsed:    0.2s
[Parallel(n_jobs=8)]: Done  14 out of  17 | elapsed:    0.2s remaining:    0.0s
[Parallel(n_jobs=8)]: Done  17 out of  17 | elapsed:    0.3s finished
[Parallel(n_jobs=8)]: Using backend LokyBackend with 8 concurrent workers.
[Parallel(n_jobs=8)]: Done  10 tasks      | elapsed:    3.0s
[Parallel(n_jobs=8)]: Done  64 tasks      | elapsed:   18.8s
[Parallel(n_jobs=8)]: Done 136 out of 136 | elapsed:   39.8s finished
[Parallel(n_jobs=8)]: Using backend LokyBackend with 8 concurrent workers.
[Parallel(n_jobs=8)]: Done  10 tasks      | elapsed:    0.2s
[Parallel(n_jobs=8)]: Done  14 out of  17 | elapsed:    0.2s remaining:    0.0s
[Parallel(n_jobs=8)]: Done  17 out of  17 | elapsed:    0.3s finished
[Parallel(n_jobs=8)]: Using backend LokyBackend with 8 concurrent workers.
[Parallel(n_jobs=8)]: Done  10 tasks      | elapsed:    3.0s
[Parallel(n_jobs=8)]: Done  64 tasks      | elapsed:   18.6s
[Parallel(n_jobs=8)]: Done 136 out of 136 | elapsed:   39.0s finished
[Parallel(n_jobs=8)]: Using backend LokyBackend with 8 concurrent workers.
[Parallel(n_jobs=8)]: Done  10 tasks      | elapsed:    0.2s
[Parallel(n_jobs=8)]: Done  14 out of  17 | elapsed:    0.2s remaining:    0.0s
[Parallel(n_jobs=8)]: Done  17 out of  17 | elapsed:    0.3s finished
[Parallel(n_jobs=8)]: Using backend LokyBackend with 8 concurrent workers.
[Parallel(n_jobs=8)]: Done  10 tasks      | elapsed:    2.9s
[Parallel(n_jobs=8)]: Done  64 tasks      | elapsed:   18.2s
[Parallel(n_jobs=8)]: Done 136 out of 136 | elapsed:   38.8s finished
[Parallel(n_jobs=8)]: Using backend LokyBackend with 8 concurrent workers.
[Parallel(n_jobs=8)]: Done  10 tasks      | elapsed:    0.2s
[Parallel(n_jobs=8)]: Done  14 out of  17 | elapsed:    0.3s remaining:    0.1s
[Parallel(n_jobs=8)]: Done  17 out of  17 | elapsed:    0.3s finished
[Parallel(n_jobs=8)]: Using backend LokyBackend with 8 concurrent workers.
[Parallel(n_jobs=8)]: Done  10 tasks      | elapsed:    2.9s
[Parallel(n_jobs=8)]: Done  64 tasks      | elapsed:   18.2s
[Parallel(n_jobs=8)]: Done 136 out of 136 | elapsed:   38.8s finished
[Parallel(n_jobs=8)]: Using backend LokyBackend with 8 concurrent workers.
[Parallel(n_jobs=8)]: Done  10 tasks      | elapsed:    0.2s
[Parallel(n_jobs=8)]: Done  14 out of  17 | elapsed:    0.2s remaining:    0.1s
[Parallel(n_jobs=8)]: Done  17 out of  17 | elapsed:    0.3s finished
[Parallel(n_jobs=8)]: Using backend LokyBackend with 8 concurrent workers.
[Parallel(n_jobs=8)]: Done  10 tasks      | elapsed:    2.9s
[Parallel(n_jobs=8)]: Done  64 tasks      | elapsed:   18.2s
[Parallel(n_jobs=8)]: Done 136 out of 136 | elapsed:   38.9s finished
[Parallel(n_jobs=8)]: Using backend LokyBackend with 8 concurrent workers.
[Parallel(n_jobs=8)]: Done  10 tasks      | elapsed:    0.2s
[Parallel(n_jobs=8)]: Done  14 out of  17 | elapsed:    0.3s remaining:    0.1s
[Parallel(n_jobs=8)]: Done  17 out of  17 | elapsed:    0.3s finished
[Parallel(n_jobs=8)]: Using backend LokyBackend with 8 concurrent workers.
[Parallel(n_jobs=8)]: Done  10 tasks      | elapsed:    2.8s
[Parallel(n_jobs=8)]: Done  64 tasks      | elapsed:   17.9s
[Parallel(n_jobs=8)]: Done 136 out of 136 | elapsed:   38.1s finished
[Parallel(n_jobs=8)]: Using backend LokyBackend with 8 concurrent workers.
[Parallel(n_jobs=8)]: Done  10 tasks      | elapsed:    0.2s
[Parallel(n_jobs=8)]: Done  14 out of  17 | elapsed:    0.3s remaining:    0.1s
[Parallel(n_jobs=8)]: Done  17 out of  17 | elapsed:    0.3s finished
[Parallel(n_jobs=8)]: Using backend LokyBackend with 8 concurrent workers.
[Parallel(n_jobs=8)]: Done  10 tasks      | elapsed:    2.9s
[Parallel(n_jobs=8)]: Done  64 tasks      | elapsed:   18.1s
[Parallel(n_jobs=8)]: Done 136 out of 136 | elapsed:   38.7s finished
[Parallel(n_jobs=8)]: Using backend LokyBackend with 8 concurrent workers.
[Parallel(n_jobs=8)]: Done  10 tasks      | elapsed:    0.2s
[Parallel(n_jobs=8)]: Done  14 out of  17 | elapsed:    0.3s remaining:    0.1s
[Parallel(n_jobs=8)]: Done  17 out of  17 | elapsed:    0.3s finished
[Parallel(n_jobs=8)]: Using backend LokyBackend with 8 concurrent workers.
[Parallel(n_jobs=8)]: Done  10 tasks      | elapsed:    2.9s
[Parallel(n_jobs=8)]: Done  64 tasks      | elapsed:   18.2s
[Parallel(n_jobs=8)]: Done 136 out of 136 | elapsed:   38.5s finished
[Parallel(n_jobs=8)]: Using backend LokyBackend with 8 concurrent workers.
[Parallel(n_jobs=8)]: Done  10 tasks      | elapsed:    0.2s
[Parallel(n_jobs=8)]: Done  14 out of  17 | elapsed:    0.3s remaining:    0.1s
[Parallel(n_jobs=8)]: Done  17 out of  17 | elapsed:    0.3s finished
[Parallel(n_jobs=8)]: Using backend LokyBackend with 8 concurrent workers.
[Parallel(n_jobs=8)]: Done  10 tasks      | elapsed:    2.9s
[Parallel(n_jobs=8)]: Done  64 tasks      | elapsed:   18.0s
[Parallel(n_jobs=8)]: Done 136 out of 136 | elapsed:   38.2s finished
[Parallel(n_jobs=8)]: Using backend LokyBackend with 8 concurrent workers.
[Parallel(n_jobs=8)]: Done  10 tasks      | elapsed:    0.2s
[Parallel(n_jobs=8)]: Done  14 out of  17 | elapsed:    0.2s remaining:    0.1s
[Parallel(n_jobs=8)]: Done  17 out of  17 | elapsed:    0.3s finished
[Parallel(n_jobs=8)]: Using backend LokyBackend with 8 concurrent workers.
[Parallel(n_jobs=8)]: Done  10 tasks      | elapsed:    3.0s
[Parallel(n_jobs=8)]: Done  64 tasks      | elapsed:   18.2s
[Parallel(n_jobs=8)]: Done 136 out of 136 | elapsed:   38.5s finished
[Parallel(n_jobs=8)]: Using backend LokyBackend with 8 concurrent workers.
[Parallel(n_jobs=8)]: Done  10 tasks      | elapsed:    0.2s
[Parallel(n_jobs=8)]: Done  14 out of  17 | elapsed:    0.3s remaining:    0.1s
[Parallel(n_jobs=8)]: Done  17 out of  17 | elapsed:    0.3s finished
[Parallel(n_jobs=8)]: Using backend LokyBackend with 8 concurrent workers.
[Parallel(n_jobs=8)]: Done  10 tasks      | elapsed:    2.9s
[Parallel(n_jobs=8)]: Done  64 tasks      | elapsed:   18.3s
[Parallel(n_jobs=8)]: Done 136 out of 136 | elapsed:   38.7s finished
[Parallel(n_jobs=8)]: Using backend LokyBackend with 8 concurrent workers.
[Parallel(n_jobs=8)]: Done  10 tasks      | elapsed:    0.2s
[Parallel(n_jobs=8)]: Done  14 out of  17 | elapsed:    0.2s remaining:    0.1s
[Parallel(n_jobs=8)]: Done  17 out of  17 | elapsed:    0.3s finished
[Parallel(n_jobs=8)]: Using backend LokyBackend with 8 concurrent workers.
[Parallel(n_jobs=8)]: Done  10 tasks      | elapsed:    3.0s
[Parallel(n_jobs=8)]: Done  64 tasks      | elapsed:   18.7s
[Parallel(n_jobs=8)]: Done 136 out of 136 | elapsed:   39.0s finished
[Parallel(n_jobs=8)]: Using backend LokyBackend with 8 concurrent workers.
[Parallel(n_jobs=8)]: Done  10 tasks      | elapsed:    0.2s
[Parallel(n_jobs=8)]: Done  14 out of  17 | elapsed:    0.2s remaining:    0.1s
[Parallel(n_jobs=8)]: Done  17 out of  17 | elapsed:    0.3s finished
[Parallel(n_jobs=8)]: Using backend LokyBackend with 8 concurrent workers.
[Parallel(n_jobs=8)]: Done  10 tasks      | elapsed:    2.9s
[Parallel(n_jobs=8)]: Done  64 tasks      | elapsed:   18.3s
[Parallel(n_jobs=8)]: Done 136 out of 136 | elapsed:   38.9s finished
[Parallel(n_jobs=8)]: Using backend LokyBackend with 8 concurrent workers.
[Parallel(n_jobs=8)]: Done  10 tasks      | elapsed:    0.2s
[Parallel(n_jobs=8)]: Done  14 out of  17 | elapsed:    0.3s remaining:    0.1s
[Parallel(n_jobs=8)]: Done  17 out of  17 | elapsed:    0.3s finished
[Parallel(n_jobs=8)]: Using backend LokyBackend with 8 concurrent workers.
[Parallel(n_jobs=8)]: Done  10 tasks      | elapsed:    2.9s
[Parallel(n_jobs=8)]: Done  64 tasks      | elapsed:   18.1s
[Parallel(n_jobs=8)]: Done 136 out of 136 | elapsed:   38.4s finished
[Parallel(n_jobs=8)]: Using backend LokyBackend with 8 concurrent workers.
[Parallel(n_jobs=8)]: Done  10 tasks      | elapsed:    0.2s
[Parallel(n_jobs=8)]: Done  14 out of  17 | elapsed:    0.2s remaining:    0.1s
[Parallel(n_jobs=8)]: Done  17 out of  17 | elapsed:    0.3s finished
[Parallel(n_jobs=8)]: Using backend LokyBackend with 8 concurrent workers.
[Parallel(n_jobs=8)]: Done  10 tasks      | elapsed:    2.9s
[Parallel(n_jobs=8)]: Done  64 tasks      | elapsed:   18.5s
[Parallel(n_jobs=8)]: Done 136 out of 136 | elapsed:   39.2s finished
[Parallel(n_jobs=8)]: Using backend LokyBackend with 8 concurrent workers.
[Parallel(n_jobs=8)]: Done  10 tasks      | elapsed:    0.2s
[Parallel(n_jobs=8)]: Done  14 out of  17 | elapsed:    0.3s remaining:    0.1s
[Parallel(n_jobs=8)]: Done  17 out of  17 | elapsed:    0.3s finished
[Parallel(n_jobs=8)]: Using backend LokyBackend with 8 concurrent workers.
[Parallel(n_jobs=8)]: Done  10 tasks      | elapsed:    3.0s
[Parallel(n_jobs=8)]: Done  64 tasks      | elapsed:   18.6s
[Parallel(n_jobs=8)]: Done 136 out of 136 | elapsed:   39.5s finished
[Parallel(n_jobs=8)]: Using backend LokyBackend with 8 concurrent workers.
[Parallel(n_jobs=8)]: Done  10 tasks      | elapsed:    0.2s
[Parallel(n_jobs=8)]: Done  14 out of  17 | elapsed:    0.2s remaining:    0.1s
[Parallel(n_jobs=8)]: Done  17 out of  17 | elapsed:    0.3s finished
[Parallel(n_jobs=8)]: Using backend LokyBackend with 8 concurrent workers.
[Parallel(n_jobs=8)]: Done  10 tasks      | elapsed:    2.9s
[Parallel(n_jobs=8)]: Done  64 tasks      | elapsed:   18.2s
[Parallel(n_jobs=8)]: Done 136 out of 136 | elapsed:   38.8s finished
[Parallel(n_jobs=8)]: Using backend LokyBackend with 8 concurrent workers.
[Parallel(n_jobs=8)]: Done  10 tasks      | elapsed:    0.2s
[Parallel(n_jobs=8)]: Done  14 out of  17 | elapsed:    0.2s remaining:    0.1s
[Parallel(n_jobs=8)]: Done  17 out of  17 | elapsed:    0.3s finished
[Parallel(n_jobs=8)]: Using backend LokyBackend with 8 concurrent workers.
[Parallel(n_jobs=8)]: Done  10 tasks      | elapsed:    2.9s
[Parallel(n_jobs=8)]: Done  64 tasks      | elapsed:   18.5s
[Parallel(n_jobs=8)]: Done 136 out of 136 | elapsed:   38.9s finished
[Parallel(n_jobs=8)]: Using backend LokyBackend with 8 concurrent workers.
[Parallel(n_jobs=8)]: Done  10 tasks      | elapsed:    0.2s
[Parallel(n_jobs=8)]: Done  14 out of  17 | elapsed:    0.2s remaining:    0.0s
[Parallel(n_jobs=8)]: Done  17 out of  17 | elapsed:    0.3s finished
[Parallel(n_jobs=8)]: Using backend LokyBackend with 8 concurrent workers.
[Parallel(n_jobs=8)]: Done  10 tasks      | elapsed:    2.8s
[Parallel(n_jobs=8)]: Done  64 tasks      | elapsed:   18.1s
[Parallel(n_jobs=8)]: Done 136 out of 136 | elapsed:   39.8s finished
[Parallel(n_jobs=8)]: Using backend LokyBackend with 8 concurrent workers.
[Parallel(n_jobs=8)]: Done  10 tasks      | elapsed:    0.2s
[Parallel(n_jobs=8)]: Done  14 out of  17 | elapsed:    0.3s remaining:    0.1s
[Parallel(n_jobs=8)]: Done  17 out of  17 | elapsed:    0.3s finished
[Parallel(n_jobs=8)]: Using backend LokyBackend with 8 concurrent workers.
[Parallel(n_jobs=8)]: Done  10 tasks      | elapsed:    3.1s
[Parallel(n_jobs=8)]: Done  64 tasks      | elapsed:   19.9s
[Parallel(n_jobs=8)]: Done 136 out of 136 | elapsed:   42.2s finished
[Parallel(n_jobs=8)]: Using backend LokyBackend with 8 concurrent workers.
[Parallel(n_jobs=8)]: Done  10 tasks      | elapsed:    0.2s
[Parallel(n_jobs=8)]: Done  14 out of  17 | elapsed:    0.2s remaining:    0.1s
[Parallel(n_jobs=8)]: Done  17 out of  17 | elapsed:    0.3s finished
[Parallel(n_jobs=8)]: Using backend LokyBackend with 8 concurrent workers.
[Parallel(n_jobs=8)]: Done  10 tasks      | elapsed:    3.1s
[Parallel(n_jobs=8)]: Done  64 tasks      | elapsed:   19.6s
[Parallel(n_jobs=8)]: Done 136 out of 136 | elapsed:   41.8s finished
[Parallel(n_jobs=8)]: Using backend LokyBackend with 8 concurrent workers.
[Parallel(n_jobs=8)]: Done  10 tasks      | elapsed:    0.2s
[Parallel(n_jobs=8)]: Done  14 out of  17 | elapsed:    0.2s remaining:    0.1s
[Parallel(n_jobs=8)]: Done  17 out of  17 | elapsed:    0.3s finished
[Parallel(n_jobs=8)]: Using backend LokyBackend with 8 concurrent workers.
[Parallel(n_jobs=8)]: Done  10 tasks      | elapsed:    3.2s
[Parallel(n_jobs=8)]: Done  64 tasks      | elapsed:   19.9s
[Parallel(n_jobs=8)]: Done 136 out of 136 | elapsed:   41.9s finished
[Parallel(n_jobs=8)]: Using backend LokyBackend with 8 concurrent workers.
[Parallel(n_jobs=8)]: Done  10 tasks      | elapsed:    0.2s
[Parallel(n_jobs=8)]: Done  14 out of  17 | elapsed:    0.3s remaining:    0.1s
[Parallel(n_jobs=8)]: Done  17 out of  17 | elapsed:    0.3s finished
[Parallel(n_jobs=8)]: Using backend LokyBackend with 8 concurrent workers.
[Parallel(n_jobs=8)]: Done  10 tasks      | elapsed:    3.1s
[Parallel(n_jobs=8)]: Done  64 tasks      | elapsed:   19.8s
[Parallel(n_jobs=8)]: Done 136 out of 136 | elapsed:   41.1s finished
[Parallel(n_jobs=8)]: Using backend LokyBackend with 8 concurrent workers.
[Parallel(n_jobs=8)]: Done  10 tasks      | elapsed:    0.2s
[Parallel(n_jobs=8)]: Done  14 out of  17 | elapsed:    0.3s remaining:    0.1s
[Parallel(n_jobs=8)]: Done  17 out of  17 | elapsed:    0.3s finished
[Parallel(n_jobs=8)]: Using backend LokyBackend with 8 concurrent workers.
[Parallel(n_jobs=8)]: Done  10 tasks      | elapsed:    3.0s
[Parallel(n_jobs=8)]: Done  64 tasks      | elapsed:   19.2s
[Parallel(n_jobs=8)]: Done 136 out of 136 | elapsed:   41.0s finished
[Parallel(n_jobs=8)]: Using backend LokyBackend with 8 concurrent workers.
[Parallel(n_jobs=8)]: Done  10 tasks      | elapsed:    0.2s
[Parallel(n_jobs=8)]: Done  14 out of  17 | elapsed:    0.3s remaining:    0.1s
[Parallel(n_jobs=8)]: Done  17 out of  17 | elapsed:    0.3s finished
[Parallel(n_jobs=8)]: Using backend LokyBackend with 8 concurrent workers.
[Parallel(n_jobs=8)]: Done  10 tasks      | elapsed:    3.2s
[Parallel(n_jobs=8)]: Done  64 tasks      | elapsed:   19.8s
[Parallel(n_jobs=8)]: Done 136 out of 136 | elapsed:   42.1s finished
[Parallel(n_jobs=8)]: Using backend LokyBackend with 8 concurrent workers.
[Parallel(n_jobs=8)]: Done  10 tasks      | elapsed:    0.2s
[Parallel(n_jobs=8)]: Done  14 out of  17 | elapsed:    0.2s remaining:    0.1s
[Parallel(n_jobs=8)]: Done  17 out of  17 | elapsed:    0.3s finished
[Parallel(n_jobs=8)]: Using backend LokyBackend with 8 concurrent workers.
[Parallel(n_jobs=8)]: Done  10 tasks      | elapsed:    3.1s
[Parallel(n_jobs=8)]: Done  64 tasks      | elapsed:   19.5s
[Parallel(n_jobs=8)]: Done 136 out of 136 | elapsed:   41.6s finished
[Parallel(n_jobs=8)]: Using backend LokyBackend with 8 concurrent workers.
[Parallel(n_jobs=8)]: Done  10 tasks      | elapsed:    0.2s
[Parallel(n_jobs=8)]: Done  14 out of  17 | elapsed:    0.3s remaining:    0.1s
[Parallel(n_jobs=8)]: Done  17 out of  17 | elapsed:    0.3s finished
[Parallel(n_jobs=8)]: Using backend LokyBackend with 8 concurrent workers.
[Parallel(n_jobs=8)]: Done  10 tasks      | elapsed:    3.1s
[Parallel(n_jobs=8)]: Done  64 tasks      | elapsed:   19.7s
[Parallel(n_jobs=8)]: Done 136 out of 136 | elapsed:   42.2s finished
[Parallel(n_jobs=8)]: Using backend LokyBackend with 8 concurrent workers.
[Parallel(n_jobs=8)]: Done  10 tasks      | elapsed:    0.2s
[Parallel(n_jobs=8)]: Done  14 out of  17 | elapsed:    0.2s remaining:    0.1s
[Parallel(n_jobs=8)]: Done  17 out of  17 | elapsed:    0.3s finished
[Parallel(n_jobs=8)]: Using backend LokyBackend with 8 concurrent workers.
[Parallel(n_jobs=8)]: Done  10 tasks      | elapsed:    3.3s
[Parallel(n_jobs=8)]: Done  64 tasks      | elapsed:   19.8s
[Parallel(n_jobs=8)]: Done 136 out of 136 | elapsed:   41.2s finished
[Parallel(n_jobs=8)]: Using backend LokyBackend with 8 concurrent workers.
[Parallel(n_jobs=8)]: Done  10 tasks      | elapsed:    0.2s
[Parallel(n_jobs=8)]: Done  14 out of  17 | elapsed:    0.2s remaining:    0.1s
[Parallel(n_jobs=8)]: Done  17 out of  17 | elapsed:    0.3s finished
[Parallel(n_jobs=8)]: Using backend LokyBackend with 8 concurrent workers.
[Parallel(n_jobs=8)]: Done  10 tasks      | elapsed:    3.0s
[Parallel(n_jobs=8)]: Done  64 tasks      | elapsed:   18.8s
[Parallel(n_jobs=8)]: Done 136 out of 136 | elapsed:   39.7s finished
[Parallel(n_jobs=8)]: Using backend LokyBackend with 8 concurrent workers.
[Parallel(n_jobs=8)]: Done  10 tasks      | elapsed:    0.2s
[Parallel(n_jobs=8)]: Done  14 out of  17 | elapsed:    0.3s remaining:    0.1s
[Parallel(n_jobs=8)]: Done  17 out of  17 | elapsed:    0.3s finished
[Parallel(n_jobs=8)]: Using backend LokyBackend with 8 concurrent workers.
[Parallel(n_jobs=8)]: Done  10 tasks      | elapsed:    2.9s
[Parallel(n_jobs=8)]: Done  64 tasks      | elapsed:   17.9s
[Parallel(n_jobs=8)]: Done 136 out of 136 | elapsed:   38.3s finished
[Parallel(n_jobs=8)]: Using backend LokyBackend with 8 concurrent workers.
[Parallel(n_jobs=8)]: Done  10 tasks      | elapsed:    0.2s
[Parallel(n_jobs=8)]: Done  14 out of  17 | elapsed:    0.2s remaining:    0.1s
[Parallel(n_jobs=8)]: Done  17 out of  17 | elapsed:    0.3s finished
[Parallel(n_jobs=8)]: Using backend LokyBackend with 8 concurrent workers.
[Parallel(n_jobs=8)]: Done  10 tasks      | elapsed:    3.1s
[Parallel(n_jobs=8)]: Done  64 tasks      | elapsed:   19.1s
[Parallel(n_jobs=8)]: Done 136 out of 136 | elapsed:   39.5s finished
[Parallel(n_jobs=8)]: Using backend LokyBackend with 8 concurrent workers.
[Parallel(n_jobs=8)]: Done  10 tasks      | elapsed:    0.2s
[Parallel(n_jobs=8)]: Done  14 out of  17 | elapsed:    0.2s remaining:    0.0s
[Parallel(n_jobs=8)]: Done  17 out of  17 | elapsed:    0.3s finished
[Parallel(n_jobs=8)]: Using backend LokyBackend with 8 concurrent workers.
[Parallel(n_jobs=8)]: Done  10 tasks      | elapsed:    2.9s
[Parallel(n_jobs=8)]: Done  64 tasks      | elapsed:   18.9s
[Parallel(n_jobs=8)]: Done 136 out of 136 | elapsed:   41.0s finished
[Parallel(n_jobs=8)]: Using backend LokyBackend with 8 concurrent workers.
[Parallel(n_jobs=8)]: Done  10 tasks      | elapsed:    0.2s
[Parallel(n_jobs=8)]: Done  14 out of  17 | elapsed:    0.3s remaining:    0.1s
[Parallel(n_jobs=8)]: Done  17 out of  17 | elapsed:    0.3s finished
[Parallel(n_jobs=8)]: Using backend LokyBackend with 8 concurrent workers.
[Parallel(n_jobs=8)]: Done  10 tasks      | elapsed:    3.2s
[Parallel(n_jobs=8)]: Done  64 tasks      | elapsed:   19.9s
[Parallel(n_jobs=8)]: Done 136 out of 136 | elapsed:   42.4s finished
[Parallel(n_jobs=8)]: Using backend LokyBackend with 8 concurrent workers.
[Parallel(n_jobs=8)]: Done  10 tasks      | elapsed:    0.2s
[Parallel(n_jobs=8)]: Done  14 out of  17 | elapsed:    0.3s remaining:    0.1s
[Parallel(n_jobs=8)]: Done  17 out of  17 | elapsed:    0.3s finished
[Parallel(n_jobs=8)]: Using backend LokyBackend with 8 concurrent workers.
[Parallel(n_jobs=8)]: Done  10 tasks      | elapsed:    3.1s
[Parallel(n_jobs=8)]: Done  64 tasks      | elapsed:   19.7s
[Parallel(n_jobs=8)]: Done 136 out of 136 | elapsed:   41.6s finished
[Parallel(n_jobs=8)]: Using backend LokyBackend with 8 concurrent workers.
[Parallel(n_jobs=8)]: Done  10 tasks      | elapsed:    0.2s
[Parallel(n_jobs=8)]: Done  14 out of  17 | elapsed:    0.2s remaining:    0.1s
[Parallel(n_jobs=8)]: Done  17 out of  17 | elapsed:    0.3s finished
[Parallel(n_jobs=8)]: Using backend LokyBackend with 8 concurrent workers.
[Parallel(n_jobs=8)]: Done  10 tasks      | elapsed:    3.1s
[Parallel(n_jobs=8)]: Done  64 tasks      | elapsed:   19.4s
[Parallel(n_jobs=8)]: Done 136 out of 136 | elapsed:   41.0s finished
[Parallel(n_jobs=8)]: Using backend LokyBackend with 8 concurrent workers.
[Parallel(n_jobs=8)]: Done  10 tasks      | elapsed:    0.2s
[Parallel(n_jobs=8)]: Done  14 out of  17 | elapsed:    0.2s remaining:    0.0s
[Parallel(n_jobs=8)]: Done  17 out of  17 | elapsed:    0.3s finished
[Parallel(n_jobs=8)]: Using backend LokyBackend with 8 concurrent workers.
[Parallel(n_jobs=8)]: Done  10 tasks      | elapsed:    3.1s
[Parallel(n_jobs=8)]: Done  64 tasks      | elapsed:   19.5s
[Parallel(n_jobs=8)]: Done 136 out of 136 | elapsed:   41.2s finished
[Parallel(n_jobs=8)]: Using backend LokyBackend with 8 concurrent workers.
[Parallel(n_jobs=8)]: Done  10 tasks      | elapsed:    0.2s
[Parallel(n_jobs=8)]: Done  14 out of  17 | elapsed:    0.3s remaining:    0.1s
[Parallel(n_jobs=8)]: Done  17 out of  17 | elapsed:    0.3s finished
[Parallel(n_jobs=8)]: Using backend LokyBackend with 8 concurrent workers.
[Parallel(n_jobs=8)]: Done  10 tasks      | elapsed:    3.0s
[Parallel(n_jobs=8)]: Done  64 tasks      | elapsed:   19.3s
[Parallel(n_jobs=8)]: Done 136 out of 136 | elapsed:   40.7s finished
[Parallel(n_jobs=8)]: Using backend LokyBackend with 8 concurrent workers.
[Parallel(n_jobs=8)]: Done  10 tasks      | elapsed:    0.2s
[Parallel(n_jobs=8)]: Done  14 out of  17 | elapsed:    0.2s remaining:    0.1s
[Parallel(n_jobs=8)]: Done  17 out of  17 | elapsed:    0.3s finished
[Parallel(n_jobs=8)]: Using backend LokyBackend with 8 concurrent workers.
[Parallel(n_jobs=8)]: Done  10 tasks      | elapsed:    3.0s
[Parallel(n_jobs=8)]: Done  64 tasks      | elapsed:   18.6s
[Parallel(n_jobs=8)]: Done 136 out of 136 | elapsed:   40.1s finished
[Parallel(n_jobs=8)]: Using backend LokyBackend with 8 concurrent workers.
[Parallel(n_jobs=8)]: Done  10 tasks      | elapsed:    0.2s
[Parallel(n_jobs=8)]: Done  14 out of  17 | elapsed:    0.2s remaining:    0.1s
[Parallel(n_jobs=8)]: Done  17 out of  17 | elapsed:    0.3s finished
[Parallel(n_jobs=8)]: Using backend LokyBackend with 8 concurrent workers.
[Parallel(n_jobs=8)]: Done  10 tasks      | elapsed:    2.9s
[Parallel(n_jobs=8)]: Done  64 tasks      | elapsed:   18.8s
[Parallel(n_jobs=8)]: Done 136 out of 136 | elapsed:   40.3s finished
[Parallel(n_jobs=8)]: Using backend LokyBackend with 8 concurrent workers.
[Parallel(n_jobs=8)]: Done  10 tasks      | elapsed:    0.2s
[Parallel(n_jobs=8)]: Done  14 out of  17 | elapsed:    0.3s remaining:    0.1s
[Parallel(n_jobs=8)]: Done  17 out of  17 | elapsed:    0.3s finished
[Parallel(n_jobs=8)]: Using backend LokyBackend with 8 concurrent workers.
[Parallel(n_jobs=8)]: Done  10 tasks      | elapsed:    3.1s
[Parallel(n_jobs=8)]: Done  64 tasks      | elapsed:   19.4s
[Parallel(n_jobs=8)]: Done 136 out of 136 | elapsed:   41.2s finished
[Parallel(n_jobs=8)]: Using backend LokyBackend with 8 concurrent workers.
[Parallel(n_jobs=8)]: Done  10 tasks      | elapsed:    0.2s
[Parallel(n_jobs=8)]: Done  14 out of  17 | elapsed:    0.2s remaining:    0.1s
[Parallel(n_jobs=8)]: Done  17 out of  17 | elapsed:    0.3s finished
[Parallel(n_jobs=8)]: Using backend LokyBackend with 8 concurrent workers.
[Parallel(n_jobs=8)]: Done  10 tasks      | elapsed:    3.1s
[Parallel(n_jobs=8)]: Done  64 tasks      | elapsed:   19.3s
[Parallel(n_jobs=8)]: Done 136 out of 136 | elapsed:   40.8s finished
[Parallel(n_jobs=8)]: Using backend LokyBackend with 8 concurrent workers.
[Parallel(n_jobs=8)]: Done  10 tasks      | elapsed:    0.2s
[Parallel(n_jobs=8)]: Done  14 out of  17 | elapsed:    0.3s remaining:    0.1s
[Parallel(n_jobs=8)]: Done  17 out of  17 | elapsed:    0.3s finished
[Parallel(n_jobs=8)]: Using backend LokyBackend with 8 concurrent workers.
[Parallel(n_jobs=8)]: Done  10 tasks      | elapsed:    3.0s
[Parallel(n_jobs=8)]: Done  64 tasks      | elapsed:   19.1s
[Parallel(n_jobs=8)]: Done 136 out of 136 | elapsed:   40.5s finished
[Parallel(n_jobs=8)]: Using backend LokyBackend with 8 concurrent workers.
[Parallel(n_jobs=8)]: Done  10 tasks      | elapsed:    0.2s
[Parallel(n_jobs=8)]: Done  14 out of  17 | elapsed:    0.2s remaining:    0.1s
[Parallel(n_jobs=8)]: Done  17 out of  17 | elapsed:    0.3s finished
[Parallel(n_jobs=8)]: Using backend LokyBackend with 8 concurrent workers.
[Parallel(n_jobs=8)]: Done  10 tasks      | elapsed:    3.0s
[Parallel(n_jobs=8)]: Done  64 tasks      | elapsed:   18.9s
[Parallel(n_jobs=8)]: Done 136 out of 136 | elapsed:   40.4s finished
[Parallel(n_jobs=8)]: Using backend LokyBackend with 8 concurrent workers.
[Parallel(n_jobs=8)]: Done  10 tasks      | elapsed:    0.2s
[Parallel(n_jobs=8)]: Done  14 out of  17 | elapsed:    0.2s remaining:    0.1s
[Parallel(n_jobs=8)]: Done  17 out of  17 | elapsed:    0.3s finished
[Parallel(n_jobs=8)]: Using backend LokyBackend with 8 concurrent workers.
[Parallel(n_jobs=8)]: Done  10 tasks      | elapsed:    3.1s
[Parallel(n_jobs=8)]: Done  64 tasks      | elapsed:   19.6s
[Parallel(n_jobs=8)]: Done 136 out of 136 | elapsed:   41.5s finished
[Parallel(n_jobs=8)]: Using backend LokyBackend with 8 concurrent workers.
[Parallel(n_jobs=8)]: Done  10 tasks      | elapsed:    0.2s
[Parallel(n_jobs=8)]: Done  14 out of  17 | elapsed:    0.3s remaining:    0.1s
[Parallel(n_jobs=8)]: Done  17 out of  17 | elapsed:    0.3s finished
[Parallel(n_jobs=8)]: Using backend LokyBackend with 8 concurrent workers.
[Parallel(n_jobs=8)]: Done  10 tasks      | elapsed:    3.1s
[Parallel(n_jobs=8)]: Done  64 tasks      | elapsed:   19.4s
[Parallel(n_jobs=8)]: Done 136 out of 136 | elapsed:   41.0s finished
[Parallel(n_jobs=8)]: Using backend LokyBackend with 8 concurrent workers.
[Parallel(n_jobs=8)]: Done  10 tasks      | elapsed:    0.2s
[Parallel(n_jobs=8)]: Done  14 out of  17 | elapsed:    0.3s remaining:    0.1s
[Parallel(n_jobs=8)]: Done  17 out of  17 | elapsed:    0.3s finished
[Parallel(n_jobs=8)]: Using backend LokyBackend with 8 concurrent workers.
[Parallel(n_jobs=8)]: Done  10 tasks      | elapsed:    3.1s
[Parallel(n_jobs=8)]: Done  64 tasks      | elapsed:   19.2s
[Parallel(n_jobs=8)]: Done 136 out of 136 | elapsed:   41.0s finished
[Parallel(n_jobs=8)]: Using backend LokyBackend with 8 concurrent workers.
[Parallel(n_jobs=8)]: Done  10 tasks      | elapsed:    0.2s
[Parallel(n_jobs=8)]: Done  14 out of  17 | elapsed:    0.2s remaining:    0.1s
[Parallel(n_jobs=8)]: Done  17 out of  17 | elapsed:    0.3s finished
[Parallel(n_jobs=8)]: Using backend LokyBackend with 8 concurrent workers.
[Parallel(n_jobs=8)]: Done  10 tasks      | elapsed:    3.1s
[Parallel(n_jobs=8)]: Done  64 tasks      | elapsed:   19.7s
[Parallel(n_jobs=8)]: Done 136 out of 136 | elapsed:   41.8s finished
[Parallel(n_jobs=8)]: Using backend LokyBackend with 8 concurrent workers.
[Parallel(n_jobs=8)]: Done  10 tasks      | elapsed:    0.2s
[Parallel(n_jobs=8)]: Done  14 out of  17 | elapsed:    0.2s remaining:    0.1s
[Parallel(n_jobs=8)]: Done  17 out of  17 | elapsed:    0.3s finished
[Parallel(n_jobs=8)]: Using backend LokyBackend with 8 concurrent workers.
[Parallel(n_jobs=8)]: Done  10 tasks      | elapsed:    2.9s
[Parallel(n_jobs=8)]: Done  64 tasks      | elapsed:   18.9s
[Parallel(n_jobs=8)]: Done 136 out of 136 | elapsed:   39.8s finished
[Parallel(n_jobs=8)]: Using backend LokyBackend with 8 concurrent workers.
[Parallel(n_jobs=8)]: Done  10 tasks      | elapsed:    0.2s
[Parallel(n_jobs=8)]: Done  14 out of  17 | elapsed:    0.2s remaining:    0.1s
[Parallel(n_jobs=8)]: Done  17 out of  17 | elapsed:    0.3s finished
[Parallel(n_jobs=8)]: Using backend LokyBackend with 8 concurrent workers.
[Parallel(n_jobs=8)]: Done  10 tasks      | elapsed:    3.0s
[Parallel(n_jobs=8)]: Done  64 tasks      | elapsed:   18.7s
[Parallel(n_jobs=8)]: Done 136 out of 136 | elapsed:   40.0s finished
[Parallel(n_jobs=8)]: Using backend LokyBackend with 8 concurrent workers.
[Parallel(n_jobs=8)]: Done  10 tasks      | elapsed:    0.2s
[Parallel(n_jobs=8)]: Done  14 out of  17 | elapsed:    0.2s remaining:    0.1s
[Parallel(n_jobs=8)]: Done  17 out of  17 | elapsed:    0.3s finished
[Parallel(n_jobs=8)]: Using backend LokyBackend with 8 concurrent workers.
[Parallel(n_jobs=8)]: Done  10 tasks      | elapsed:    3.2s
[Parallel(n_jobs=8)]: Done  64 tasks      | elapsed:   19.9s
[Parallel(n_jobs=8)]: Done 136 out of 136 | elapsed:   42.4s finished
[Parallel(n_jobs=8)]: Using backend LokyBackend with 8 concurrent workers.
[Parallel(n_jobs=8)]: Done  10 tasks      | elapsed:    0.2s
[Parallel(n_jobs=8)]: Done  14 out of  17 | elapsed:    0.3s remaining:    0.1s
[Parallel(n_jobs=8)]: Done  17 out of  17 | elapsed:    0.3s finished
[Parallel(n_jobs=8)]: Using backend LokyBackend with 8 concurrent workers.
[Parallel(n_jobs=8)]: Done  10 tasks      | elapsed:    3.1s
[Parallel(n_jobs=8)]: Done  64 tasks      | elapsed:   20.1s
[Parallel(n_jobs=8)]: Done 136 out of 136 | elapsed:   41.9s finished
[Parallel(n_jobs=8)]: Using backend LokyBackend with 8 concurrent workers.
[Parallel(n_jobs=8)]: Done  10 tasks      | elapsed:    0.2s
[Parallel(n_jobs=8)]: Done  14 out of  17 | elapsed:    0.3s remaining:    0.1s
[Parallel(n_jobs=8)]: Done  17 out of  17 | elapsed:    0.3s finished
[Parallel(n_jobs=8)]: Using backend LokyBackend with 8 concurrent workers.
[Parallel(n_jobs=8)]: Done  10 tasks      | elapsed:    3.1s
[Parallel(n_jobs=8)]: Done  64 tasks      | elapsed:   19.6s
[Parallel(n_jobs=8)]: Done 136 out of 136 | elapsed:   41.6s finished
[Parallel(n_jobs=8)]: Using backend LokyBackend with 8 concurrent workers.
[Parallel(n_jobs=8)]: Done  10 tasks      | elapsed:    0.2s
[Parallel(n_jobs=8)]: Done  14 out of  17 | elapsed:    0.3s remaining:    0.1s
[Parallel(n_jobs=8)]: Done  17 out of  17 | elapsed:    0.3s finished
[Parallel(n_jobs=8)]: Using backend LokyBackend with 8 concurrent workers.
[Parallel(n_jobs=8)]: Done  10 tasks      | elapsed:    3.1s
[Parallel(n_jobs=8)]: Done  64 tasks      | elapsed:   19.3s
[Parallel(n_jobs=8)]: Done 136 out of 136 | elapsed:   41.1s finished
