Subjects: D0057 D0059 D0063 D0065 D0069 D0071 D0077 D0090 D0094 D0100 D0102 D0103 D0107A D0110 D0116 D0117 D0121 D0137
Region: lpfc
Conditions: stimulus_c stimulus_i
Time window: -1.0 to 1.5 (width 0.5, step 0.5)
Sig pairs dir: 
Out fig: cond_timecourse_stimulus_c.png  Out csv: cond_timecourse_summary.csv
Running: python /hpc/home/rl330/coganlab/rl330/GlobalLocal/src/analysis/pac/plot_timeline.py --subj D0057 D0059 D0063 D0065 D0069 D0071 D0077 D0090 D0094 D0100 D0102 D0103 D0107A D0110 D0116 D0117 D0121 D0137 --region lpfc --conditions stimulus_c stimulus_i --time_start -1.0 --time_end 1.5 --window_width 0.5 --time_step 0.5 --sig_pairs_dir 

[LOAD] stimulus_c
[WARN] /hpc/home/rl330/coganlab/rl330/GlobalLocal/src/analysis/pac/coh_timewindow/coherence_epochs_full_D0121_lpfc_stimulus_c.pkl not list
[WARN] /hpc/home/rl330/coganlab/rl330/GlobalLocal/src/analysis/pac/coh_timewindow/coherence_epochs_full_D0137_lpfc_stimulus_c.pkl not list
stimulus_c: 3041 observations

[LOAD] stimulus_i
[WARN] /hpc/home/rl330/coganlab/rl330/GlobalLocal/src/analysis/pac/coh_timewindow/coherence_epochs_full_D0137_lpfc_stimulus_i.pkl not list
stimulus_i: 5121 observations

====================================
Total comparisons: 1
====================================

------------------------------------
stimulus_c vs stimulus_i
------------------------------------
matched observations: 1163
time windows: 5
saved figure: cluster_stats/stimulus_c_vs_stimulus_i.png

No significant clusters found.
