Subject D0107A: loading epochs...
Reading /cwork/rl330/BIDS-1.1_GlobalLocal/BIDS/derivatives/freqFilt/figs/D0107A/D0107A_stimulus_s_(0.0, 0.5)_ev1-epo.fif ...
    Found the data of interest:
        t =       0.00 ...     500.00 ms
        0 CTF compensation matrices available
Not setting metadata
188 matching events found
No baseline correction applied
0 projection items activated
    Loaded 188 epochs for stimulus_s_(0.0, 0.5) (RFOP1,RFOP2,RFOP3...)
Epoch summary saved.
Processing subject D0107A...
Using ROIs: ['G_front_inf-Opercular', 'G_front_inf-Orbital', 'G_front_inf-Triangul', 'G_front_middle', 'G_front_sup', 'Lat_Fis-ant-Horizont', 'Lat_Fis-ant-Vertical', 'S_circular_insula_ant', 'S_circular_insula_sup', 'S_front_inf', 'S_front_middle', 'S_front_sup']
Found 25 ROI channels for D0107A
Warning: 1 ROI channels missing from epochs and will be skipped: ['RIA13']
NOTE: pick_channels() is a legacy function. New code should use inst.pick(...).
Adding metadata with 3 columns
Connectivity computation...
   Processing epoch 1 / 188 ...
   Processing epoch 2 / 188 ...
   Processing epoch 3 / 188 ...
   Processing epoch 4 / 188 ...
   Processing epoch 5 / 188 ...
   Processing epoch 6 / 188 ...
   Processing epoch 7 / 188 ...
   Processing epoch 8 / 188 ...
   Processing epoch 9 / 188 ...
   Processing epoch 10 / 188 ...
   Processing epoch 11 / 188 ...
   Processing epoch 12 / 188 ...
   Processing epoch 13 / 188 ...
   Processing epoch 14 / 188 ...
   Processing epoch 15 / 188 ...
   Processing epoch 16 / 188 ...
   Processing epoch 17 / 188 ...
   Processing epoch 18 / 188 ...
   Processing epoch 19 / 188 ...
   Processing epoch 20 / 188 ...
   Processing epoch 21 / 188 ...
   Processing epoch 22 / 188 ...
   Processing epoch 23 / 188 ...
