Subject D0059: loading epochs...
Reading /cwork/rl330/BIDS-1.1_GlobalLocal/BIDS/derivatives/freqFilt/figs/D0059/D0059_Stimulus_c75.0_Accuracy1.0_ev1-epo.fif ...
    Found the data of interest:
        t =   -1000.00 ...    1500.00 ms
        0 CTF compensation matrices available
Not setting metadata
55 matching events found
No baseline correction applied
0 projection items activated
    Loaded 55 epochs for Stimulus_c75.0_Accuracy1.0 (LMSF1,LMSF2,LMSF3...)
Epoch summary saved.
Processing subject D0059...
Using ROIs: ['G_front_inf-Opercular', 'G_front_inf-Orbital', 'G_front_inf-Triangul', 'G_front_middle', 'G_front_sup', 'Lat_Fis-ant-Horizont', 'Lat_Fis-ant-Vertical', 'S_circular_insula_ant', 'S_circular_insula_sup', 'S_front_inf', 'S_front_middle', 'S_front_sup']
Computing coherence for D0059, 5 channels, 10 pairs
NOTE: pick_channels() is a legacy function. New code should use inst.pick(...).
Adding metadata with 3 columns
Connectivity computation...
   Processing epoch 1 / 55 ...
   Processing epoch 2 / 55 ...
   Processing epoch 3 / 55 ...
   Processing epoch 4 / 55 ...
   Processing epoch 5 / 55 ...
   Processing epoch 6 / 55 ...
   Processing epoch 7 / 55 ...
   Processing epoch 8 / 55 ...
   Processing epoch 9 / 55 ...
   Processing epoch 10 / 55 ...
   Processing epoch 11 / 55 ...
   Processing epoch 12 / 55 ...
   Processing epoch 13 / 55 ...
   Processing epoch 14 / 55 ...
   Processing epoch 15 / 55 ...
   Processing epoch 16 / 55 ...
   Processing epoch 17 / 55 ...
   Processing epoch 18 / 55 ...
   Processing epoch 19 / 55 ...
   Processing epoch 20 / 55 ...
   Processing epoch 21 / 55 ...
   Processing epoch 22 / 55 ...
   Processing epoch 23 / 55 ...
   Processing epoch 24 / 55 ...
   Processing epoch 25 / 55 ...
   Processing epoch 26 / 55 ...
   Processing epoch 27 / 55 ...
   Processing epoch 28 / 55 ...
   Processing epoch 29 / 55 ...
   Processing epoch 30 / 55 ...
   Processing epoch 31 / 55 ...
   Processing epoch 32 / 55 ...
   Processing epoch 33 / 55 ...
   Processing epoch 34 / 55 ...
   Processing epoch 35 / 55 ...
   Processing epoch 36 / 55 ...
   Processing epoch 37 / 55 ...
   Processing epoch 38 / 55 ...
   Processing epoch 39 / 55 ...
   Processing epoch 40 / 55 ...
   Processing epoch 41 / 55 ...
   Processing epoch 42 / 55 ...
   Processing epoch 43 / 55 ...
   Processing epoch 44 / 55 ...
   Processing epoch 45 / 55 ...
   Processing epoch 46 / 55 ...
   Processing epoch 47 / 55 ...
   Processing epoch 48 / 55 ...
   Processing epoch 49 / 55 ...
   Processing epoch 50 / 55 ...
   Processing epoch 51 / 55 ...
   Processing epoch 52 / 55 ...
   Processing epoch 53 / 55 ...
   Processing epoch 54 / 55 ...
   Processing epoch 55 / 55 ...
[Connectivity computation done]
Saved coherence summary to ./coherence_D0059_lpfc_Stimulus_c75.0_Accuracy1.0_summary.csv
