Subject D0102: loading epochs...
Reading /cwork/rl330/BIDS-1.1_GlobalLocal/BIDS/derivatives/freqFilt/figs/D0102/D0102_stimulus_r_(0.0, 0.5)_ev1-epo.fif ...
    Found the data of interest:
        t =       0.00 ...     500.00 ms
        0 CTF compensation matrices available
Not setting metadata
166 matching events found
No baseline correction applied
0 projection items activated
    Loaded 166 epochs for stimulus_r_(0.0, 0.5) (LTAM1,LTAM2,LTAM3...)
Epoch summary saved.
Processing subject D0102...
Using ROIs: ['G_front_inf-Opercular', 'G_front_inf-Orbital', 'G_front_inf-Triangul', 'G_front_middle', 'G_front_sup', 'Lat_Fis-ant-Horizont', 'Lat_Fis-ant-Vertical', 'S_circular_insula_ant', 'S_circular_insula_sup', 'S_front_inf', 'S_front_middle', 'S_front_sup']
Found 5 ROI channels for D0102
NOTE: pick_channels() is a legacy function. New code should use inst.pick(...).
Adding metadata with 3 columns
Connectivity computation...
   Processing epoch 1 / 166 ...
   Processing epoch 2 / 166 ...
   Processing epoch 3 / 166 ...
   Processing epoch 4 / 166 ...
   Processing epoch 5 / 166 ...
   Processing epoch 6 / 166 ...
   Processing epoch 7 / 166 ...
   Processing epoch 8 / 166 ...
   Processing epoch 9 / 166 ...
   Processing epoch 10 / 166 ...
   Processing epoch 11 / 166 ...
   Processing epoch 12 / 166 ...
   Processing epoch 13 / 166 ...
   Processing epoch 14 / 166 ...
   Processing epoch 15 / 166 ...
   Processing epoch 16 / 166 ...
   Processing epoch 17 / 166 ...
   Processing epoch 18 / 166 ...
   Processing epoch 19 / 166 ...
   Processing epoch 20 / 166 ...
   Processing epoch 21 / 166 ...
   Processing epoch 22 / 166 ...
   Processing epoch 23 / 166 ...
   Processing epoch 24 / 166 ...
   Processing epoch 25 / 166 ...
   Processing epoch 26 / 166 ...
   Processing epoch 27 / 166 ...
   Processing epoch 28 / 166 ...
   Processing epoch 29 / 166 ...
   Processing epoch 30 / 166 ...
   Processing epoch 31 / 166 ...
   Processing epoch 32 / 166 ...
   Processing epoch 33 / 166 ...
   Processing epoch 34 / 166 ...
   Processing epoch 35 / 166 ...
   Processing epoch 36 / 166 ...
   Processing epoch 37 / 166 ...
   Processing epoch 38 / 166 ...
   Processing epoch 39 / 166 ...
   Processing epoch 40 / 166 ...
   Processing epoch 41 / 166 ...
   Processing epoch 42 / 166 ...
   Processing epoch 43 / 166 ...
   Processing epoch 44 / 166 ...
   Processing epoch 45 / 166 ...
   Processing epoch 46 / 166 ...
   Processing epoch 47 / 166 ...
   Processing epoch 48 / 166 ...
   Processing epoch 49 / 166 ...
   Processing epoch 50 / 166 ...
   Processing epoch 51 / 166 ...
   Processing epoch 52 / 166 ...
   Processing epoch 53 / 166 ...
   Processing epoch 54 / 166 ...
   Processing epoch 55 / 166 ...
   Processing epoch 56 / 166 ...
   Processing epoch 57 / 166 ...
   Processing epoch 58 / 166 ...
   Processing epoch 59 / 166 ...
   Processing epoch 60 / 166 ...
   Processing epoch 61 / 166 ...
   Processing epoch 62 / 166 ...
   Processing epoch 63 / 166 ...
   Processing epoch 64 / 166 ...
   Processing epoch 65 / 166 ...
   Processing epoch 66 / 166 ...
   Processing epoch 67 / 166 ...
   Processing epoch 68 / 166 ...
   Processing epoch 69 / 166 ...
   Processing epoch 70 / 166 ...
   Processing epoch 71 / 166 ...
   Processing epoch 72 / 166 ...
   Processing epoch 73 / 166 ...
   Processing epoch 74 / 166 ...
   Processing epoch 75 / 166 ...
   Processing epoch 76 / 166 ...
   Processing epoch 77 / 166 ...
   Processing epoch 78 / 166 ...
   Processing epoch 79 / 166 ...
   Processing epoch 80 / 166 ...
   Processing epoch 81 / 166 ...
   Processing epoch 82 / 166 ...
   Processing epoch 83 / 166 ...
   Processing epoch 84 / 166 ...
   Processing epoch 85 / 166 ...
   Processing epoch 86 / 166 ...
   Processing epoch 87 / 166 ...
   Processing epoch 88 / 166 ...
   Processing epoch 89 / 166 ...
   Processing epoch 90 / 166 ...
   Processing epoch 91 / 166 ...
   Processing epoch 92 / 166 ...
   Processing epoch 93 / 166 ...
   Processing epoch 94 / 166 ...
   Processing epoch 95 / 166 ...
   Processing epoch 96 / 166 ...
   Processing epoch 97 / 166 ...
   Processing epoch 98 / 166 ...
   Processing epoch 99 / 166 ...
   Processing epoch 100 / 166 ...
   Processing epoch 101 / 166 ...
   Processing epoch 102 / 166 ...
   Processing epoch 103 / 166 ...
   Processing epoch 104 / 166 ...
   Processing epoch 105 / 166 ...
   Processing epoch 106 / 166 ...
   Processing epoch 107 / 166 ...
   Processing epoch 108 / 166 ...
   Processing epoch 109 / 166 ...
   Processing epoch 110 / 166 ...
   Processing epoch 111 / 166 ...
   Processing epoch 112 / 166 ...
   Processing epoch 113 / 166 ...
   Processing epoch 114 / 166 ...
   Processing epoch 115 / 166 ...
   Processing epoch 116 / 166 ...
   Processing epoch 117 / 166 ...
   Processing epoch 118 / 166 ...
   Processing epoch 119 / 166 ...
   Processing epoch 120 / 166 ...
   Processing epoch 121 / 166 ...
   Processing epoch 122 / 166 ...
   Processing epoch 123 / 166 ...
   Processing epoch 124 / 166 ...
   Processing epoch 125 / 166 ...
   Processing epoch 126 / 166 ...
   Processing epoch 127 / 166 ...
   Processing epoch 128 / 166 ...
   Processing epoch 129 / 166 ...
   Processing epoch 130 / 166 ...
   Processing epoch 131 / 166 ...
   Processing epoch 132 / 166 ...
   Processing epoch 133 / 166 ...
   Processing epoch 134 / 166 ...
   Processing epoch 135 / 166 ...
   Processing epoch 136 / 166 ...
   Processing epoch 137 / 166 ...
   Processing epoch 138 / 166 ...
   Processing epoch 139 / 166 ...
   Processing epoch 140 / 166 ...
   Processing epoch 141 / 166 ...
   Processing epoch 142 / 166 ...
   Processing epoch 143 / 166 ...
   Processing epoch 144 / 166 ...
   Processing epoch 145 / 166 ...
   Processing epoch 146 / 166 ...
   Processing epoch 147 / 166 ...
   Processing epoch 148 / 166 ...
   Processing epoch 149 / 166 ...
   Processing epoch 150 / 166 ...
   Processing epoch 151 / 166 ...
   Processing epoch 152 / 166 ...
   Processing epoch 153 / 166 ...
   Processing epoch 154 / 166 ...
   Processing epoch 155 / 166 ...
   Processing epoch 156 / 166 ...
   Processing epoch 157 / 166 ...
   Processing epoch 158 / 166 ...
   Processing epoch 159 / 166 ...
   Processing epoch 160 / 166 ...
   Processing epoch 161 / 166 ...
   Processing epoch 162 / 166 ...
   Processing epoch 163 / 166 ...
   Processing epoch 164 / 166 ...
   Processing epoch 165 / 166 ...
   Processing epoch 166 / 166 ...
[Connectivity computation done]
Saved coherence summary to ./coherence_D0102_lpfc_stimulus_r_(0.0, 0.5)_summary.csv
