[Parallel(n_jobs=8)]: Using backend LokyBackend with 8 concurrent workers.
[Parallel(n_jobs=8)]: Done  10 tasks      | elapsed:    9.1s
[Parallel(n_jobs=8)]: Done  14 out of  17 | elapsed:    9.1s remaining:    2.0s
[Parallel(n_jobs=8)]: Done  17 out of  17 | elapsed:    9.2s finished
[Parallel(n_jobs=8)]: Using backend LokyBackend with 8 concurrent workers.
[Parallel(n_jobs=8)]: Done  10 tasks      | elapsed:    3.9s
[Parallel(n_jobs=8)]: Done  64 tasks      | elapsed:   17.5s
[Parallel(n_jobs=8)]: Done 136 out of 136 | elapsed:   39.3s finished
[Parallel(n_jobs=8)]: Using backend LokyBackend with 8 concurrent workers.
[Parallel(n_jobs=8)]: Done  10 tasks      | elapsed:    0.2s
[Parallel(n_jobs=8)]: Done  14 out of  17 | elapsed:    0.2s remaining:    0.0s
[Parallel(n_jobs=8)]: Done  17 out of  17 | elapsed:    0.2s finished
[Parallel(n_jobs=8)]: Using backend LokyBackend with 8 concurrent workers.
[Parallel(n_jobs=8)]: Done  10 tasks      | elapsed:    2.7s
[Parallel(n_jobs=8)]: Done  64 tasks      | elapsed:   16.2s
[Parallel(n_jobs=8)]: Done 136 out of 136 | elapsed:   35.6s finished
[Parallel(n_jobs=8)]: Using backend LokyBackend with 8 concurrent workers.
[Parallel(n_jobs=8)]: Done  10 tasks      | elapsed:    0.2s
[Parallel(n_jobs=8)]: Done  14 out of  17 | elapsed:    0.2s remaining:    0.0s
[Parallel(n_jobs=8)]: Done  17 out of  17 | elapsed:    0.2s finished
[Parallel(n_jobs=8)]: Using backend LokyBackend with 8 concurrent workers.
[Parallel(n_jobs=8)]: Done  10 tasks      | elapsed:    2.7s
[Parallel(n_jobs=8)]: Done  64 tasks      | elapsed:   16.7s
[Parallel(n_jobs=8)]: Done 136 out of 136 | elapsed:   35.6s finished
[Parallel(n_jobs=8)]: Using backend LokyBackend with 8 concurrent workers.
[Parallel(n_jobs=8)]: Done  10 tasks      | elapsed:    0.2s
[Parallel(n_jobs=8)]: Done  14 out of  17 | elapsed:    0.2s remaining:    0.0s
[Parallel(n_jobs=8)]: Done  17 out of  17 | elapsed:    0.2s finished
[Parallel(n_jobs=8)]: Using backend LokyBackend with 8 concurrent workers.
[Parallel(n_jobs=8)]: Done  10 tasks      | elapsed:    2.9s
[Parallel(n_jobs=8)]: Done  64 tasks      | elapsed:   17.5s
[Parallel(n_jobs=8)]: Done 136 out of 136 | elapsed:   36.3s finished
[Parallel(n_jobs=8)]: Using backend LokyBackend with 8 concurrent workers.
[Parallel(n_jobs=8)]: Done  10 tasks      | elapsed:    0.2s
[Parallel(n_jobs=8)]: Done  14 out of  17 | elapsed:    0.2s remaining:    0.0s
[Parallel(n_jobs=8)]: Done  17 out of  17 | elapsed:    0.2s finished
[Parallel(n_jobs=8)]: Using backend LokyBackend with 8 concurrent workers.
[Parallel(n_jobs=8)]: Done  10 tasks      | elapsed:    2.6s
[Parallel(n_jobs=8)]: Done  64 tasks      | elapsed:   16.6s
[Parallel(n_jobs=8)]: Done 136 out of 136 | elapsed:   35.2s finished
[Parallel(n_jobs=8)]: Using backend LokyBackend with 8 concurrent workers.
[Parallel(n_jobs=8)]: Done  10 tasks      | elapsed:    0.2s
[Parallel(n_jobs=8)]: Done  14 out of  17 | elapsed:    0.2s remaining:    0.0s
[Parallel(n_jobs=8)]: Done  17 out of  17 | elapsed:    0.2s finished
[Parallel(n_jobs=8)]: Using backend LokyBackend with 8 concurrent workers.
[Parallel(n_jobs=8)]: Done  10 tasks      | elapsed:    2.6s
[Parallel(n_jobs=8)]: Done  64 tasks      | elapsed:   16.5s
[Parallel(n_jobs=8)]: Done 136 out of 136 | elapsed:   34.6s finished
[Parallel(n_jobs=8)]: Using backend LokyBackend with 8 concurrent workers.
[Parallel(n_jobs=8)]: Done  10 tasks      | elapsed:    0.2s
[Parallel(n_jobs=8)]: Done  14 out of  17 | elapsed:    0.2s remaining:    0.0s
[Parallel(n_jobs=8)]: Done  17 out of  17 | elapsed:    0.2s finished
[Parallel(n_jobs=8)]: Using backend LokyBackend with 8 concurrent workers.
[Parallel(n_jobs=8)]: Done  10 tasks      | elapsed:    2.7s
[Parallel(n_jobs=8)]: Done  64 tasks      | elapsed:   16.8s
[Parallel(n_jobs=8)]: Done 136 out of 136 | elapsed:   35.3s finished
[Parallel(n_jobs=8)]: Using backend LokyBackend with 8 concurrent workers.
[Parallel(n_jobs=8)]: Done  10 tasks      | elapsed:    0.2s
[Parallel(n_jobs=8)]: Done  14 out of  17 | elapsed:    0.2s remaining:    0.0s
[Parallel(n_jobs=8)]: Done  17 out of  17 | elapsed:    0.3s finished
[Parallel(n_jobs=8)]: Using backend LokyBackend with 8 concurrent workers.
[Parallel(n_jobs=8)]: Done  10 tasks      | elapsed:    2.6s
[Parallel(n_jobs=8)]: Done  64 tasks      | elapsed:   16.3s
[Parallel(n_jobs=8)]: Done 136 out of 136 | elapsed:   34.6s finished
[Parallel(n_jobs=8)]: Using backend LokyBackend with 8 concurrent workers.
[Parallel(n_jobs=8)]: Done  10 tasks      | elapsed:    0.2s
[Parallel(n_jobs=8)]: Done  14 out of  17 | elapsed:    0.2s remaining:    0.1s
[Parallel(n_jobs=8)]: Done  17 out of  17 | elapsed:    0.3s finished
[Parallel(n_jobs=8)]: Using backend LokyBackend with 8 concurrent workers.
[Parallel(n_jobs=8)]: Done  10 tasks      | elapsed:    2.6s
[Parallel(n_jobs=8)]: Done  64 tasks      | elapsed:   16.5s
[Parallel(n_jobs=8)]: Done 136 out of 136 | elapsed:   34.6s finished
[Parallel(n_jobs=8)]: Using backend LokyBackend with 8 concurrent workers.
[Parallel(n_jobs=8)]: Done  10 tasks      | elapsed:    0.2s
[Parallel(n_jobs=8)]: Done  14 out of  17 | elapsed:    0.2s remaining:    0.0s
[Parallel(n_jobs=8)]: Done  17 out of  17 | elapsed:    0.2s finished
[Parallel(n_jobs=8)]: Using backend LokyBackend with 8 concurrent workers.
[Parallel(n_jobs=8)]: Done  10 tasks      | elapsed:    2.6s
[Parallel(n_jobs=8)]: Done  64 tasks      | elapsed:   16.5s
[Parallel(n_jobs=8)]: Done 136 out of 136 | elapsed:   34.6s finished
[Parallel(n_jobs=8)]: Using backend LokyBackend with 8 concurrent workers.
[Parallel(n_jobs=8)]: Done  10 tasks      | elapsed:    0.2s
[Parallel(n_jobs=8)]: Done  14 out of  17 | elapsed:    0.2s remaining:    0.0s
[Parallel(n_jobs=8)]: Done  17 out of  17 | elapsed:    0.2s finished
[Parallel(n_jobs=8)]: Using backend LokyBackend with 8 concurrent workers.
[Parallel(n_jobs=8)]: Done  10 tasks      | elapsed:    2.7s
[Parallel(n_jobs=8)]: Done  64 tasks      | elapsed:   17.1s
[Parallel(n_jobs=8)]: Done 136 out of 136 | elapsed:   36.1s finished
[Parallel(n_jobs=8)]: Using backend LokyBackend with 8 concurrent workers.
[Parallel(n_jobs=8)]: Done  10 tasks      | elapsed:    0.2s
[Parallel(n_jobs=8)]: Done  14 out of  17 | elapsed:    0.2s remaining:    0.0s
[Parallel(n_jobs=8)]: Done  17 out of  17 | elapsed:    0.3s finished
[Parallel(n_jobs=8)]: Using backend LokyBackend with 8 concurrent workers.
[Parallel(n_jobs=8)]: Done  10 tasks      | elapsed:    2.6s
[Parallel(n_jobs=8)]: Done  64 tasks      | elapsed:   16.8s
[Parallel(n_jobs=8)]: Done 136 out of 136 | elapsed:   36.2s finished
[Parallel(n_jobs=8)]: Using backend LokyBackend with 8 concurrent workers.
[Parallel(n_jobs=8)]: Done  10 tasks      | elapsed:    0.2s
[Parallel(n_jobs=8)]: Done  14 out of  17 | elapsed:    0.2s remaining:    0.0s
[Parallel(n_jobs=8)]: Done  17 out of  17 | elapsed:    0.3s finished
[Parallel(n_jobs=8)]: Using backend LokyBackend with 8 concurrent workers.
[Parallel(n_jobs=8)]: Done  10 tasks      | elapsed:    2.9s
[Parallel(n_jobs=8)]: Done  64 tasks      | elapsed:   17.8s
[Parallel(n_jobs=8)]: Done 136 out of 136 | elapsed:   36.9s finished
[Parallel(n_jobs=8)]: Using backend LokyBackend with 8 concurrent workers.
[Parallel(n_jobs=8)]: Done  10 tasks      | elapsed:    0.2s
[Parallel(n_jobs=8)]: Done  14 out of  17 | elapsed:    0.2s remaining:    0.0s
[Parallel(n_jobs=8)]: Done  17 out of  17 | elapsed:    0.3s finished
[Parallel(n_jobs=8)]: Using backend LokyBackend with 8 concurrent workers.
[Parallel(n_jobs=8)]: Done  10 tasks      | elapsed:    2.7s
[Parallel(n_jobs=8)]: Done  64 tasks      | elapsed:   17.1s
[Parallel(n_jobs=8)]: Done 136 out of 136 | elapsed:   36.2s finished
[Parallel(n_jobs=8)]: Using backend LokyBackend with 8 concurrent workers.
[Parallel(n_jobs=8)]: Done  10 tasks      | elapsed:    0.2s
[Parallel(n_jobs=8)]: Done  14 out of  17 | elapsed:    0.2s remaining:    0.1s
[Parallel(n_jobs=8)]: Done  17 out of  17 | elapsed:    0.3s finished
[Parallel(n_jobs=8)]: Using backend LokyBackend with 8 concurrent workers.
[Parallel(n_jobs=8)]: Done  10 tasks      | elapsed:    2.7s
[Parallel(n_jobs=8)]: Done  64 tasks      | elapsed:   17.0s
[Parallel(n_jobs=8)]: Done 136 out of 136 | elapsed:   35.8s finished
[Parallel(n_jobs=8)]: Using backend LokyBackend with 8 concurrent workers.
[Parallel(n_jobs=8)]: Done  10 tasks      | elapsed:    0.2s
[Parallel(n_jobs=8)]: Done  14 out of  17 | elapsed:    0.2s remaining:    0.1s
[Parallel(n_jobs=8)]: Done  17 out of  17 | elapsed:    0.3s finished
[Parallel(n_jobs=8)]: Using backend LokyBackend with 8 concurrent workers.
[Parallel(n_jobs=8)]: Done  10 tasks      | elapsed:    2.7s
[Parallel(n_jobs=8)]: Done  64 tasks      | elapsed:   17.3s
[Parallel(n_jobs=8)]: Done 136 out of 136 | elapsed:   36.4s finished
[Parallel(n_jobs=8)]: Using backend LokyBackend with 8 concurrent workers.
[Parallel(n_jobs=8)]: Done  10 tasks      | elapsed:    0.2s
[Parallel(n_jobs=8)]: Done  14 out of  17 | elapsed:    0.2s remaining:    0.1s
[Parallel(n_jobs=8)]: Done  17 out of  17 | elapsed:    0.3s finished
[Parallel(n_jobs=8)]: Using backend LokyBackend with 8 concurrent workers.
[Parallel(n_jobs=8)]: Done  10 tasks      | elapsed:    2.8s
[Parallel(n_jobs=8)]: Done  64 tasks      | elapsed:   17.4s
[Parallel(n_jobs=8)]: Done 136 out of 136 | elapsed:   37.0s finished
[Parallel(n_jobs=8)]: Using backend LokyBackend with 8 concurrent workers.
[Parallel(n_jobs=8)]: Done  10 tasks      | elapsed:    0.2s
[Parallel(n_jobs=8)]: Done  14 out of  17 | elapsed:    0.2s remaining:    0.0s
[Parallel(n_jobs=8)]: Done  17 out of  17 | elapsed:    0.3s finished
[Parallel(n_jobs=8)]: Using backend LokyBackend with 8 concurrent workers.
[Parallel(n_jobs=8)]: Done  10 tasks      | elapsed:    3.0s
[Parallel(n_jobs=8)]: Done  64 tasks      | elapsed:   18.5s
[Parallel(n_jobs=8)]: Done 136 out of 136 | elapsed:   38.4s finished
[Parallel(n_jobs=8)]: Using backend LokyBackend with 8 concurrent workers.
[Parallel(n_jobs=8)]: Done  10 tasks      | elapsed:    0.2s
[Parallel(n_jobs=8)]: Done  14 out of  17 | elapsed:    0.2s remaining:    0.0s
[Parallel(n_jobs=8)]: Done  17 out of  17 | elapsed:    0.2s finished
[Parallel(n_jobs=8)]: Using backend LokyBackend with 8 concurrent workers.
[Parallel(n_jobs=8)]: Done  10 tasks      | elapsed:    2.9s
[Parallel(n_jobs=8)]: Done  64 tasks      | elapsed:   18.3s
[Parallel(n_jobs=8)]: Done 136 out of 136 | elapsed:   38.9s finished
[Parallel(n_jobs=8)]: Using backend LokyBackend with 8 concurrent workers.
[Parallel(n_jobs=8)]: Done  10 tasks      | elapsed:    0.2s
[Parallel(n_jobs=8)]: Done  14 out of  17 | elapsed:    0.2s remaining:    0.1s
[Parallel(n_jobs=8)]: Done  17 out of  17 | elapsed:    0.3s finished
[Parallel(n_jobs=8)]: Using backend LokyBackend with 8 concurrent workers.
[Parallel(n_jobs=8)]: Done  10 tasks      | elapsed:    2.9s
[Parallel(n_jobs=8)]: Done  64 tasks      | elapsed:   18.3s
[Parallel(n_jobs=8)]: Done 136 out of 136 | elapsed:   38.8s finished
[Parallel(n_jobs=8)]: Using backend LokyBackend with 8 concurrent workers.
[Parallel(n_jobs=8)]: Done  10 tasks      | elapsed:    0.2s
[Parallel(n_jobs=8)]: Done  14 out of  17 | elapsed:    0.2s remaining:    0.0s
[Parallel(n_jobs=8)]: Done  17 out of  17 | elapsed:    0.3s finished
[Parallel(n_jobs=8)]: Using backend LokyBackend with 8 concurrent workers.
[Parallel(n_jobs=8)]: Done  10 tasks      | elapsed:    3.0s
[Parallel(n_jobs=8)]: Done  64 tasks      | elapsed:   18.2s
[Parallel(n_jobs=8)]: Done 136 out of 136 | elapsed:   37.6s finished
[Parallel(n_jobs=8)]: Using backend LokyBackend with 8 concurrent workers.
[Parallel(n_jobs=8)]: Done  10 tasks      | elapsed:    0.2s
[Parallel(n_jobs=8)]: Done  14 out of  17 | elapsed:    0.2s remaining:    0.0s
[Parallel(n_jobs=8)]: Done  17 out of  17 | elapsed:    0.2s finished
[Parallel(n_jobs=8)]: Using backend LokyBackend with 8 concurrent workers.
[Parallel(n_jobs=8)]: Done  10 tasks      | elapsed:    2.7s
[Parallel(n_jobs=8)]: Done  64 tasks      | elapsed:   16.8s
[Parallel(n_jobs=8)]: Done 136 out of 136 | elapsed:   35.6s finished
[Parallel(n_jobs=8)]: Using backend LokyBackend with 8 concurrent workers.
[Parallel(n_jobs=8)]: Done  10 tasks      | elapsed:    0.2s
[Parallel(n_jobs=8)]: Done  14 out of  17 | elapsed:    0.2s remaining:    0.1s
[Parallel(n_jobs=8)]: Done  17 out of  17 | elapsed:    0.3s finished
[Parallel(n_jobs=8)]: Using backend LokyBackend with 8 concurrent workers.
[Parallel(n_jobs=8)]: Done  10 tasks      | elapsed:    2.7s
[Parallel(n_jobs=8)]: Done  64 tasks      | elapsed:   16.5s
[Parallel(n_jobs=8)]: Done 136 out of 136 | elapsed:   35.5s finished
[Parallel(n_jobs=8)]: Using backend LokyBackend with 8 concurrent workers.
[Parallel(n_jobs=8)]: Done  10 tasks      | elapsed:    0.2s
[Parallel(n_jobs=8)]: Done  14 out of  17 | elapsed:    0.2s remaining:    0.1s
[Parallel(n_jobs=8)]: Done  17 out of  17 | elapsed:    0.3s finished
[Parallel(n_jobs=8)]: Using backend LokyBackend with 8 concurrent workers.
[Parallel(n_jobs=8)]: Done  10 tasks      | elapsed:    2.8s
[Parallel(n_jobs=8)]: Done  64 tasks      | elapsed:   17.5s
[Parallel(n_jobs=8)]: Done 136 out of 136 | elapsed:   37.3s finished
[Parallel(n_jobs=8)]: Using backend LokyBackend with 8 concurrent workers.
[Parallel(n_jobs=8)]: Done  10 tasks      | elapsed:    0.2s
[Parallel(n_jobs=8)]: Done  14 out of  17 | elapsed:    0.2s remaining:    0.0s
[Parallel(n_jobs=8)]: Done  17 out of  17 | elapsed:    0.2s finished
[Parallel(n_jobs=8)]: Using backend LokyBackend with 8 concurrent workers.
[Parallel(n_jobs=8)]: Done  10 tasks      | elapsed:    2.7s
[Parallel(n_jobs=8)]: Done  64 tasks      | elapsed:   17.5s
[Parallel(n_jobs=8)]: Done 136 out of 136 | elapsed:   37.2s finished
[Parallel(n_jobs=8)]: Using backend LokyBackend with 8 concurrent workers.
[Parallel(n_jobs=8)]: Done  10 tasks      | elapsed:    0.2s
[Parallel(n_jobs=8)]: Done  14 out of  17 | elapsed:    0.2s remaining:    0.0s
[Parallel(n_jobs=8)]: Done  17 out of  17 | elapsed:    0.3s finished
[Parallel(n_jobs=8)]: Using backend LokyBackend with 8 concurrent workers.
[Parallel(n_jobs=8)]: Done  10 tasks      | elapsed:    2.7s
[Parallel(n_jobs=8)]: Done  64 tasks      | elapsed:   17.4s
[Parallel(n_jobs=8)]: Done 136 out of 136 | elapsed:   36.1s finished
[Parallel(n_jobs=8)]: Using backend LokyBackend with 8 concurrent workers.
[Parallel(n_jobs=8)]: Done  10 tasks      | elapsed:    0.2s
[Parallel(n_jobs=8)]: Done  14 out of  17 | elapsed:    0.2s remaining:    0.0s
[Parallel(n_jobs=8)]: Done  17 out of  17 | elapsed:    0.2s finished
[Parallel(n_jobs=8)]: Using backend LokyBackend with 8 concurrent workers.
[Parallel(n_jobs=8)]: Done  10 tasks      | elapsed:    2.6s
[Parallel(n_jobs=8)]: Done  64 tasks      | elapsed:   16.7s
[Parallel(n_jobs=8)]: Done 136 out of 136 | elapsed:   35.1s finished
[Parallel(n_jobs=8)]: Using backend LokyBackend with 8 concurrent workers.
[Parallel(n_jobs=8)]: Done  10 tasks      | elapsed:    0.1s
[Parallel(n_jobs=8)]: Done  14 out of  17 | elapsed:    0.2s remaining:    0.0s
[Parallel(n_jobs=8)]: Done  17 out of  17 | elapsed:    0.2s finished
[Parallel(n_jobs=8)]: Using backend LokyBackend with 8 concurrent workers.
[Parallel(n_jobs=8)]: Done  10 tasks      | elapsed:    2.6s
[Parallel(n_jobs=8)]: Done  64 tasks      | elapsed:   16.4s
[Parallel(n_jobs=8)]: Done 136 out of 136 | elapsed:   35.3s finished
[Parallel(n_jobs=8)]: Using backend LokyBackend with 8 concurrent workers.
[Parallel(n_jobs=8)]: Done  10 tasks      | elapsed:    0.2s
[Parallel(n_jobs=8)]: Done  14 out of  17 | elapsed:    0.2s remaining:    0.0s
[Parallel(n_jobs=8)]: Done  17 out of  17 | elapsed:    0.3s finished
[Parallel(n_jobs=8)]: Using backend LokyBackend with 8 concurrent workers.
[Parallel(n_jobs=8)]: Done  10 tasks      | elapsed:    2.7s
[Parallel(n_jobs=8)]: Done  64 tasks      | elapsed:   16.9s
[Parallel(n_jobs=8)]: Done 136 out of 136 | elapsed:   35.6s finished
[Parallel(n_jobs=8)]: Using backend LokyBackend with 8 concurrent workers.
[Parallel(n_jobs=8)]: Done  10 tasks      | elapsed:    0.2s
[Parallel(n_jobs=8)]: Done  14 out of  17 | elapsed:    0.2s remaining:    0.0s
[Parallel(n_jobs=8)]: Done  17 out of  17 | elapsed:    0.2s finished
[Parallel(n_jobs=8)]: Using backend LokyBackend with 8 concurrent workers.
[Parallel(n_jobs=8)]: Done  10 tasks      | elapsed:    2.7s
[Parallel(n_jobs=8)]: Done  64 tasks      | elapsed:   17.1s
[Parallel(n_jobs=8)]: Done 136 out of 136 | elapsed:   35.9s finished
[Parallel(n_jobs=8)]: Using backend LokyBackend with 8 concurrent workers.
[Parallel(n_jobs=8)]: Done  10 tasks      | elapsed:    0.2s
[Parallel(n_jobs=8)]: Done  14 out of  17 | elapsed:    0.2s remaining:    0.0s
[Parallel(n_jobs=8)]: Done  17 out of  17 | elapsed:    0.3s finished
[Parallel(n_jobs=8)]: Using backend LokyBackend with 8 concurrent workers.
[Parallel(n_jobs=8)]: Done  10 tasks      | elapsed:    2.7s
[Parallel(n_jobs=8)]: Done  64 tasks      | elapsed:   16.9s
[Parallel(n_jobs=8)]: Done 136 out of 136 | elapsed:   35.8s finished
[Parallel(n_jobs=8)]: Using backend LokyBackend with 8 concurrent workers.
[Parallel(n_jobs=8)]: Done  10 tasks      | elapsed:    0.2s
[Parallel(n_jobs=8)]: Done  14 out of  17 | elapsed:    0.2s remaining:    0.1s
[Parallel(n_jobs=8)]: Done  17 out of  17 | elapsed:    0.3s finished
[Parallel(n_jobs=8)]: Using backend LokyBackend with 8 concurrent workers.
[Parallel(n_jobs=8)]: Done  10 tasks      | elapsed:    2.9s
[Parallel(n_jobs=8)]: Done  64 tasks      | elapsed:   16.5s
[Parallel(n_jobs=8)]: Done 136 out of 136 | elapsed:   35.0s finished
[Parallel(n_jobs=8)]: Using backend LokyBackend with 8 concurrent workers.
[Parallel(n_jobs=8)]: Done  10 tasks      | elapsed:    0.2s
[Parallel(n_jobs=8)]: Done  14 out of  17 | elapsed:    0.2s remaining:    0.0s
[Parallel(n_jobs=8)]: Done  17 out of  17 | elapsed:    0.3s finished
[Parallel(n_jobs=8)]: Using backend LokyBackend with 8 concurrent workers.
[Parallel(n_jobs=8)]: Done  10 tasks      | elapsed:    2.7s
[Parallel(n_jobs=8)]: Done  64 tasks      | elapsed:   16.5s
[Parallel(n_jobs=8)]: Done 136 out of 136 | elapsed:   35.1s finished
[Parallel(n_jobs=8)]: Using backend LokyBackend with 8 concurrent workers.
[Parallel(n_jobs=8)]: Done  10 tasks      | elapsed:    0.2s
[Parallel(n_jobs=8)]: Done  14 out of  17 | elapsed:    0.2s remaining:    0.1s
[Parallel(n_jobs=8)]: Done  17 out of  17 | elapsed:    0.3s finished
[Parallel(n_jobs=8)]: Using backend LokyBackend with 8 concurrent workers.
[Parallel(n_jobs=8)]: Done  10 tasks      | elapsed:    2.7s
[Parallel(n_jobs=8)]: Done  64 tasks      | elapsed:   17.0s
[Parallel(n_jobs=8)]: Done 136 out of 136 | elapsed:   35.5s finished
[Parallel(n_jobs=8)]: Using backend LokyBackend with 8 concurrent workers.
[Parallel(n_jobs=8)]: Done  10 tasks      | elapsed:    0.2s
[Parallel(n_jobs=8)]: Done  14 out of  17 | elapsed:    0.2s remaining:    0.0s
[Parallel(n_jobs=8)]: Done  17 out of  17 | elapsed:    0.3s finished
[Parallel(n_jobs=8)]: Using backend LokyBackend with 8 concurrent workers.
[Parallel(n_jobs=8)]: Done  10 tasks      | elapsed:    2.7s
[Parallel(n_jobs=8)]: Done  64 tasks      | elapsed:   17.4s
[Parallel(n_jobs=8)]: Done 136 out of 136 | elapsed:   36.7s finished
[Parallel(n_jobs=8)]: Using backend LokyBackend with 8 concurrent workers.
[Parallel(n_jobs=8)]: Done  10 tasks      | elapsed:    0.2s
[Parallel(n_jobs=8)]: Done  14 out of  17 | elapsed:    0.2s remaining:    0.0s
[Parallel(n_jobs=8)]: Done  17 out of  17 | elapsed:    0.2s finished
[Parallel(n_jobs=8)]: Using backend LokyBackend with 8 concurrent workers.
[Parallel(n_jobs=8)]: Done  10 tasks      | elapsed:    2.9s
[Parallel(n_jobs=8)]: Done  64 tasks      | elapsed:   17.1s
[Parallel(n_jobs=8)]: Done 136 out of 136 | elapsed:   36.3s finished
[Parallel(n_jobs=8)]: Using backend LokyBackend with 8 concurrent workers.
[Parallel(n_jobs=8)]: Done  10 tasks      | elapsed:    0.2s
[Parallel(n_jobs=8)]: Done  14 out of  17 | elapsed:    0.2s remaining:    0.0s
[Parallel(n_jobs=8)]: Done  17 out of  17 | elapsed:    0.2s finished
[Parallel(n_jobs=8)]: Using backend LokyBackend with 8 concurrent workers.
[Parallel(n_jobs=8)]: Done  10 tasks      | elapsed:    2.7s
[Parallel(n_jobs=8)]: Done  64 tasks      | elapsed:   17.2s
[Parallel(n_jobs=8)]: Done 136 out of 136 | elapsed:   36.5s finished
[Parallel(n_jobs=8)]: Using backend LokyBackend with 8 concurrent workers.
[Parallel(n_jobs=8)]: Done  10 tasks      | elapsed:    0.2s
[Parallel(n_jobs=8)]: Done  14 out of  17 | elapsed:    0.2s remaining:    0.0s
[Parallel(n_jobs=8)]: Done  17 out of  17 | elapsed:    0.2s finished
[Parallel(n_jobs=8)]: Using backend LokyBackend with 8 concurrent workers.
[Parallel(n_jobs=8)]: Done  10 tasks      | elapsed:    2.6s
[Parallel(n_jobs=8)]: Done  64 tasks      | elapsed:   17.1s
[Parallel(n_jobs=8)]: Done 136 out of 136 | elapsed:   36.5s finished
[Parallel(n_jobs=8)]: Using backend LokyBackend with 8 concurrent workers.
[Parallel(n_jobs=8)]: Done  10 tasks      | elapsed:    0.2s
[Parallel(n_jobs=8)]: Done  14 out of  17 | elapsed:    0.2s remaining:    0.0s
[Parallel(n_jobs=8)]: Done  17 out of  17 | elapsed:    0.2s finished
[Parallel(n_jobs=8)]: Using backend LokyBackend with 8 concurrent workers.
[Parallel(n_jobs=8)]: Done  10 tasks      | elapsed:    2.8s
[Parallel(n_jobs=8)]: Done  64 tasks      | elapsed:   17.5s
[Parallel(n_jobs=8)]: Done 136 out of 136 | elapsed:   36.3s finished
[Parallel(n_jobs=8)]: Using backend LokyBackend with 8 concurrent workers.
[Parallel(n_jobs=8)]: Done  10 tasks      | elapsed:    0.2s
[Parallel(n_jobs=8)]: Done  14 out of  17 | elapsed:    0.2s remaining:    0.0s
[Parallel(n_jobs=8)]: Done  17 out of  17 | elapsed:    0.2s finished
[Parallel(n_jobs=8)]: Using backend LokyBackend with 8 concurrent workers.
[Parallel(n_jobs=8)]: Done  10 tasks      | elapsed:    2.6s
[Parallel(n_jobs=8)]: Done  64 tasks      | elapsed:   16.3s
[Parallel(n_jobs=8)]: Done 136 out of 136 | elapsed:   35.0s finished
[Parallel(n_jobs=8)]: Using backend LokyBackend with 8 concurrent workers.
[Parallel(n_jobs=8)]: Done  10 tasks      | elapsed:    0.2s
[Parallel(n_jobs=8)]: Done  14 out of  17 | elapsed:    0.2s remaining:    0.0s
[Parallel(n_jobs=8)]: Done  17 out of  17 | elapsed:    0.3s finished
[Parallel(n_jobs=8)]: Using backend LokyBackend with 8 concurrent workers.
[Parallel(n_jobs=8)]: Done  10 tasks      | elapsed:    2.7s
[Parallel(n_jobs=8)]: Done  64 tasks      | elapsed:   16.3s
[Parallel(n_jobs=8)]: Done 136 out of 136 | elapsed:   34.5s finished
[Parallel(n_jobs=8)]: Using backend LokyBackend with 8 concurrent workers.
[Parallel(n_jobs=8)]: Done  10 tasks      | elapsed:    0.2s
[Parallel(n_jobs=8)]: Done  14 out of  17 | elapsed:    0.2s remaining:    0.0s
[Parallel(n_jobs=8)]: Done  17 out of  17 | elapsed:    0.2s finished
[Parallel(n_jobs=8)]: Using backend LokyBackend with 8 concurrent workers.
[Parallel(n_jobs=8)]: Done  10 tasks      | elapsed:    2.7s
[Parallel(n_jobs=8)]: Done  64 tasks      | elapsed:   16.7s
[Parallel(n_jobs=8)]: Done 136 out of 136 | elapsed:   35.6s finished
[Parallel(n_jobs=8)]: Using backend LokyBackend with 8 concurrent workers.
[Parallel(n_jobs=8)]: Done  10 tasks      | elapsed:    0.2s
[Parallel(n_jobs=8)]: Done  14 out of  17 | elapsed:    0.2s remaining:    0.0s
[Parallel(n_jobs=8)]: Done  17 out of  17 | elapsed:    0.2s finished
[Parallel(n_jobs=8)]: Using backend LokyBackend with 8 concurrent workers.
[Parallel(n_jobs=8)]: Done  10 tasks      | elapsed:    2.7s
[Parallel(n_jobs=8)]: Done  64 tasks      | elapsed:   17.8s
[Parallel(n_jobs=8)]: Done 136 out of 136 | elapsed:   38.7s finished
[Parallel(n_jobs=8)]: Using backend LokyBackend with 8 concurrent workers.
[Parallel(n_jobs=8)]: Done  10 tasks      | elapsed:    0.2s
[Parallel(n_jobs=8)]: Done  14 out of  17 | elapsed:    0.2s remaining:    0.0s
[Parallel(n_jobs=8)]: Done  17 out of  17 | elapsed:    0.2s finished
[Parallel(n_jobs=8)]: Using backend LokyBackend with 8 concurrent workers.
[Parallel(n_jobs=8)]: Done  10 tasks      | elapsed:    3.1s
[Parallel(n_jobs=8)]: Done  64 tasks      | elapsed:   19.0s
[Parallel(n_jobs=8)]: Done 136 out of 136 | elapsed:   40.3s finished
[Parallel(n_jobs=8)]: Using backend LokyBackend with 8 concurrent workers.
[Parallel(n_jobs=8)]: Done  10 tasks      | elapsed:    0.2s
[Parallel(n_jobs=8)]: Done  14 out of  17 | elapsed:    0.2s remaining:    0.1s
[Parallel(n_jobs=8)]: Done  17 out of  17 | elapsed:    0.3s finished
[Parallel(n_jobs=8)]: Using backend LokyBackend with 8 concurrent workers.
[Parallel(n_jobs=8)]: Done  10 tasks      | elapsed:    3.1s
[Parallel(n_jobs=8)]: Done  64 tasks      | elapsed:   19.0s
[Parallel(n_jobs=8)]: Done 136 out of 136 | elapsed:   38.9s finished
[Parallel(n_jobs=8)]: Using backend LokyBackend with 8 concurrent workers.
[Parallel(n_jobs=8)]: Done  10 tasks      | elapsed:    0.2s
[Parallel(n_jobs=8)]: Done  14 out of  17 | elapsed:    0.2s remaining:    0.1s
[Parallel(n_jobs=8)]: Done  17 out of  17 | elapsed:    0.3s finished
[Parallel(n_jobs=8)]: Using backend LokyBackend with 8 concurrent workers.
[Parallel(n_jobs=8)]: Done  10 tasks      | elapsed:    2.6s
[Parallel(n_jobs=8)]: Done  64 tasks      | elapsed:   17.1s
[Parallel(n_jobs=8)]: Done 136 out of 136 | elapsed:   36.7s finished
[Parallel(n_jobs=8)]: Using backend LokyBackend with 8 concurrent workers.
[Parallel(n_jobs=8)]: Done  10 tasks      | elapsed:    0.2s
[Parallel(n_jobs=8)]: Done  14 out of  17 | elapsed:    0.2s remaining:    0.0s
[Parallel(n_jobs=8)]: Done  17 out of  17 | elapsed:    0.3s finished
[Parallel(n_jobs=8)]: Using backend LokyBackend with 8 concurrent workers.
[Parallel(n_jobs=8)]: Done  10 tasks      | elapsed:    2.8s
[Parallel(n_jobs=8)]: Done  64 tasks      | elapsed:   17.5s
[Parallel(n_jobs=8)]: Done 136 out of 136 | elapsed:   37.3s finished
[Parallel(n_jobs=8)]: Using backend LokyBackend with 8 concurrent workers.
[Parallel(n_jobs=8)]: Done  10 tasks      | elapsed:    0.2s
[Parallel(n_jobs=8)]: Done  14 out of  17 | elapsed:    0.2s remaining:    0.0s
[Parallel(n_jobs=8)]: Done  17 out of  17 | elapsed:    0.2s finished
[Parallel(n_jobs=8)]: Using backend LokyBackend with 8 concurrent workers.
[Parallel(n_jobs=8)]: Done  10 tasks      | elapsed:    2.9s
[Parallel(n_jobs=8)]: Done  64 tasks      | elapsed:   18.4s
[Parallel(n_jobs=8)]: Done 136 out of 136 | elapsed:   39.0s finished
[Parallel(n_jobs=8)]: Using backend LokyBackend with 8 concurrent workers.
[Parallel(n_jobs=8)]: Done  10 tasks      | elapsed:    0.2s
[Parallel(n_jobs=8)]: Done  14 out of  17 | elapsed:    0.2s remaining:    0.0s
[Parallel(n_jobs=8)]: Done  17 out of  17 | elapsed:    0.3s finished
[Parallel(n_jobs=8)]: Using backend LokyBackend with 8 concurrent workers.
[Parallel(n_jobs=8)]: Done  10 tasks      | elapsed:    2.7s
[Parallel(n_jobs=8)]: Done  64 tasks      | elapsed:   17.5s
[Parallel(n_jobs=8)]: Done 136 out of 136 | elapsed:   37.1s finished
[Parallel(n_jobs=8)]: Using backend LokyBackend with 8 concurrent workers.
[Parallel(n_jobs=8)]: Done  10 tasks      | elapsed:    0.2s
[Parallel(n_jobs=8)]: Done  14 out of  17 | elapsed:    0.2s remaining:    0.0s
[Parallel(n_jobs=8)]: Done  17 out of  17 | elapsed:    0.3s finished
[Parallel(n_jobs=8)]: Using backend LokyBackend with 8 concurrent workers.
[Parallel(n_jobs=8)]: Done  10 tasks      | elapsed:    2.7s
[Parallel(n_jobs=8)]: Done  64 tasks      | elapsed:   17.0s
[Parallel(n_jobs=8)]: Done 136 out of 136 | elapsed:   36.2s finished
[Parallel(n_jobs=8)]: Using backend LokyBackend with 8 concurrent workers.
[Parallel(n_jobs=8)]: Done  10 tasks      | elapsed:    0.2s
[Parallel(n_jobs=8)]: Done  14 out of  17 | elapsed:    0.2s remaining:    0.0s
[Parallel(n_jobs=8)]: Done  17 out of  17 | elapsed:    0.2s finished
[Parallel(n_jobs=8)]: Using backend LokyBackend with 8 concurrent workers.
[Parallel(n_jobs=8)]: Done  10 tasks      | elapsed:    2.8s
[Parallel(n_jobs=8)]: Done  64 tasks      | elapsed:   18.4s
[Parallel(n_jobs=8)]: Done 136 out of 136 | elapsed:   39.5s finished
[Parallel(n_jobs=8)]: Using backend LokyBackend with 8 concurrent workers.
[Parallel(n_jobs=8)]: Done  10 tasks      | elapsed:    0.2s
[Parallel(n_jobs=8)]: Done  14 out of  17 | elapsed:    0.3s remaining:    0.1s
[Parallel(n_jobs=8)]: Done  17 out of  17 | elapsed:    0.3s finished
[Parallel(n_jobs=8)]: Using backend LokyBackend with 8 concurrent workers.
[Parallel(n_jobs=8)]: Done  10 tasks      | elapsed:    2.8s
[Parallel(n_jobs=8)]: Done  64 tasks      | elapsed:   17.9s
[Parallel(n_jobs=8)]: Done 136 out of 136 | elapsed:   37.1s finished
[Parallel(n_jobs=8)]: Using backend LokyBackend with 8 concurrent workers.
[Parallel(n_jobs=8)]: Done  10 tasks      | elapsed:    0.2s
[Parallel(n_jobs=8)]: Done  14 out of  17 | elapsed:    0.2s remaining:    0.0s
[Parallel(n_jobs=8)]: Done  17 out of  17 | elapsed:    0.2s finished
[Parallel(n_jobs=8)]: Using backend LokyBackend with 8 concurrent workers.
[Parallel(n_jobs=8)]: Done  10 tasks      | elapsed:    2.7s
[Parallel(n_jobs=8)]: Done  64 tasks      | elapsed:   16.7s
[Parallel(n_jobs=8)]: Done 136 out of 136 | elapsed:   35.5s finished
[Parallel(n_jobs=8)]: Using backend LokyBackend with 8 concurrent workers.
[Parallel(n_jobs=8)]: Done  10 tasks      | elapsed:    0.2s
[Parallel(n_jobs=8)]: Done  14 out of  17 | elapsed:    0.2s remaining:    0.0s
[Parallel(n_jobs=8)]: Done  17 out of  17 | elapsed:    0.2s finished
[Parallel(n_jobs=8)]: Using backend LokyBackend with 8 concurrent workers.
[Parallel(n_jobs=8)]: Done  10 tasks      | elapsed:    2.8s
[Parallel(n_jobs=8)]: Done  64 tasks      | elapsed:   17.0s
[Parallel(n_jobs=8)]: Done 136 out of 136 | elapsed:   36.1s finished
[Parallel(n_jobs=8)]: Using backend LokyBackend with 8 concurrent workers.
[Parallel(n_jobs=8)]: Done  10 tasks      | elapsed:    0.2s
[Parallel(n_jobs=8)]: Done  14 out of  17 | elapsed:    0.2s remaining:    0.1s
[Parallel(n_jobs=8)]: Done  17 out of  17 | elapsed:    0.3s finished
[Parallel(n_jobs=8)]: Using backend LokyBackend with 8 concurrent workers.
[Parallel(n_jobs=8)]: Done  10 tasks      | elapsed:    2.7s
[Parallel(n_jobs=8)]: Done  64 tasks      | elapsed:   17.0s
[Parallel(n_jobs=8)]: Done 136 out of 136 | elapsed:   36.9s finished
[Parallel(n_jobs=8)]: Using backend LokyBackend with 8 concurrent workers.
[Parallel(n_jobs=8)]: Done  10 tasks      | elapsed:    0.2s
[Parallel(n_jobs=8)]: Done  14 out of  17 | elapsed:    0.2s remaining:    0.0s
[Parallel(n_jobs=8)]: Done  17 out of  17 | elapsed:    0.2s finished
[Parallel(n_jobs=8)]: Using backend LokyBackend with 8 concurrent workers.
[Parallel(n_jobs=8)]: Done  10 tasks      | elapsed:    2.7s
[Parallel(n_jobs=8)]: Done  64 tasks      | elapsed:   17.1s
[Parallel(n_jobs=8)]: Done 136 out of 136 | elapsed:   36.4s finished
[Parallel(n_jobs=8)]: Using backend LokyBackend with 8 concurrent workers.
[Parallel(n_jobs=8)]: Done  10 tasks      | elapsed:    0.2s
[Parallel(n_jobs=8)]: Done  14 out of  17 | elapsed:    0.2s remaining:    0.0s
[Parallel(n_jobs=8)]: Done  17 out of  17 | elapsed:    0.2s finished
[Parallel(n_jobs=8)]: Using backend LokyBackend with 8 concurrent workers.
[Parallel(n_jobs=8)]: Done  10 tasks      | elapsed:    2.8s
[Parallel(n_jobs=8)]: Done  64 tasks      | elapsed:   17.2s
[Parallel(n_jobs=8)]: Done 136 out of 136 | elapsed:   36.3s finished
[Parallel(n_jobs=8)]: Using backend LokyBackend with 8 concurrent workers.
[Parallel(n_jobs=8)]: Done  10 tasks      | elapsed:    0.2s
[Parallel(n_jobs=8)]: Done  14 out of  17 | elapsed:    0.2s remaining:    0.0s
[Parallel(n_jobs=8)]: Done  17 out of  17 | elapsed:    0.2s finished
[Parallel(n_jobs=8)]: Using backend LokyBackend with 8 concurrent workers.
[Parallel(n_jobs=8)]: Done  10 tasks      | elapsed:    2.6s
[Parallel(n_jobs=8)]: Done  64 tasks      | elapsed:   17.2s
[Parallel(n_jobs=8)]: Done 136 out of 136 | elapsed:   36.1s finished
[Parallel(n_jobs=8)]: Using backend LokyBackend with 8 concurrent workers.
[Parallel(n_jobs=8)]: Done  10 tasks      | elapsed:    0.2s
[Parallel(n_jobs=8)]: Done  14 out of  17 | elapsed:    0.2s remaining:    0.1s
[Parallel(n_jobs=8)]: Done  17 out of  17 | elapsed:    0.3s finished
[Parallel(n_jobs=8)]: Using backend LokyBackend with 8 concurrent workers.
[Parallel(n_jobs=8)]: Done  10 tasks      | elapsed:    2.7s
[Parallel(n_jobs=8)]: Done  64 tasks      | elapsed:   16.7s
[Parallel(n_jobs=8)]: Done 136 out of 136 | elapsed:   36.1s finished
[Parallel(n_jobs=8)]: Using backend LokyBackend with 8 concurrent workers.
[Parallel(n_jobs=8)]: Done  10 tasks      | elapsed:    0.2s
[Parallel(n_jobs=8)]: Done  14 out of  17 | elapsed:    0.2s remaining:    0.0s
[Parallel(n_jobs=8)]: Done  17 out of  17 | elapsed:    0.3s finished
[Parallel(n_jobs=8)]: Using backend LokyBackend with 8 concurrent workers.
[Parallel(n_jobs=8)]: Done  10 tasks      | elapsed:    2.7s
[Parallel(n_jobs=8)]: Done  64 tasks      | elapsed:   16.8s
[Parallel(n_jobs=8)]: Done 136 out of 136 | elapsed:   35.8s finished
[Parallel(n_jobs=8)]: Using backend LokyBackend with 8 concurrent workers.
[Parallel(n_jobs=8)]: Done  10 tasks      | elapsed:    0.2s
[Parallel(n_jobs=8)]: Done  14 out of  17 | elapsed:    0.2s remaining:    0.0s
[Parallel(n_jobs=8)]: Done  17 out of  17 | elapsed:    0.3s finished
[Parallel(n_jobs=8)]: Using backend LokyBackend with 8 concurrent workers.
[Parallel(n_jobs=8)]: Done  10 tasks      | elapsed:    2.7s
[Parallel(n_jobs=8)]: Done  64 tasks      | elapsed:   17.2s
[Parallel(n_jobs=8)]: Done 136 out of 136 | elapsed:   36.3s finished
[Parallel(n_jobs=8)]: Using backend LokyBackend with 8 concurrent workers.
[Parallel(n_jobs=8)]: Done  10 tasks      | elapsed:    0.2s
[Parallel(n_jobs=8)]: Done  14 out of  17 | elapsed:    0.2s remaining:    0.0s
[Parallel(n_jobs=8)]: Done  17 out of  17 | elapsed:    0.2s finished
[Parallel(n_jobs=8)]: Using backend LokyBackend with 8 concurrent workers.
[Parallel(n_jobs=8)]: Done  10 tasks      | elapsed:    2.8s
[Parallel(n_jobs=8)]: Done  64 tasks      | elapsed:   17.2s
[Parallel(n_jobs=8)]: Done 136 out of 136 | elapsed:   36.2s finished
[Parallel(n_jobs=8)]: Using backend LokyBackend with 8 concurrent workers.
[Parallel(n_jobs=8)]: Done  10 tasks      | elapsed:    0.2s
[Parallel(n_jobs=8)]: Done  14 out of  17 | elapsed:    0.2s remaining:    0.0s
[Parallel(n_jobs=8)]: Done  17 out of  17 | elapsed:    0.2s finished
[Parallel(n_jobs=8)]: Using backend LokyBackend with 8 concurrent workers.
[Parallel(n_jobs=8)]: Done  10 tasks      | elapsed:    2.8s
[Parallel(n_jobs=8)]: Done  64 tasks      | elapsed:   17.1s
[Parallel(n_jobs=8)]: Done 136 out of 136 | elapsed:   36.4s finished
[Parallel(n_jobs=8)]: Using backend LokyBackend with 8 concurrent workers.
[Parallel(n_jobs=8)]: Done  10 tasks      | elapsed:    0.2s
[Parallel(n_jobs=8)]: Done  14 out of  17 | elapsed:    0.2s remaining:    0.0s
[Parallel(n_jobs=8)]: Done  17 out of  17 | elapsed:    0.3s finished
[Parallel(n_jobs=8)]: Using backend LokyBackend with 8 concurrent workers.
[Parallel(n_jobs=8)]: Done  10 tasks      | elapsed:    2.7s
[Parallel(n_jobs=8)]: Done  64 tasks      | elapsed:   17.3s
[Parallel(n_jobs=8)]: Done 136 out of 136 | elapsed:   36.5s finished
[Parallel(n_jobs=8)]: Using backend LokyBackend with 8 concurrent workers.
[Parallel(n_jobs=8)]: Done  10 tasks      | elapsed:    0.2s
[Parallel(n_jobs=8)]: Done  14 out of  17 | elapsed:    0.2s remaining:    0.0s
[Parallel(n_jobs=8)]: Done  17 out of  17 | elapsed:    0.2s finished
[Parallel(n_jobs=8)]: Using backend LokyBackend with 8 concurrent workers.
[Parallel(n_jobs=8)]: Done  10 tasks      | elapsed:    2.8s
[Parallel(n_jobs=8)]: Done  64 tasks      | elapsed:   17.1s
[Parallel(n_jobs=8)]: Done 136 out of 136 | elapsed:   36.5s finished
[Parallel(n_jobs=8)]: Using backend LokyBackend with 8 concurrent workers.
[Parallel(n_jobs=8)]: Done  10 tasks      | elapsed:    0.2s
[Parallel(n_jobs=8)]: Done  14 out of  17 | elapsed:    0.2s remaining:    0.1s
[Parallel(n_jobs=8)]: Done  17 out of  17 | elapsed:    0.3s finished
[Parallel(n_jobs=8)]: Using backend LokyBackend with 8 concurrent workers.
[Parallel(n_jobs=8)]: Done  10 tasks      | elapsed:    2.8s
[Parallel(n_jobs=8)]: Done  64 tasks      | elapsed:   17.2s
[Parallel(n_jobs=8)]: Done 136 out of 136 | elapsed:   36.0s finished
[Parallel(n_jobs=8)]: Using backend LokyBackend with 8 concurrent workers.
[Parallel(n_jobs=8)]: Done  10 tasks      | elapsed:    0.2s
[Parallel(n_jobs=8)]: Done  14 out of  17 | elapsed:    0.2s remaining:    0.0s
[Parallel(n_jobs=8)]: Done  17 out of  17 | elapsed:    0.3s finished
[Parallel(n_jobs=8)]: Using backend LokyBackend with 8 concurrent workers.
[Parallel(n_jobs=8)]: Done  10 tasks      | elapsed:    2.6s
[Parallel(n_jobs=8)]: Done  64 tasks      | elapsed:   16.6s
[Parallel(n_jobs=8)]: Done 136 out of 136 | elapsed:   34.7s finished
[Parallel(n_jobs=8)]: Using backend LokyBackend with 8 concurrent workers.
[Parallel(n_jobs=8)]: Done  10 tasks      | elapsed:    0.2s
[Parallel(n_jobs=8)]: Done  14 out of  17 | elapsed:    0.2s remaining:    0.1s
[Parallel(n_jobs=8)]: Done  17 out of  17 | elapsed:    0.3s finished
[Parallel(n_jobs=8)]: Using backend LokyBackend with 8 concurrent workers.
[Parallel(n_jobs=8)]: Done  10 tasks      | elapsed:    2.8s
[Parallel(n_jobs=8)]: Done  64 tasks      | elapsed:   17.3s
[Parallel(n_jobs=8)]: Done 136 out of 136 | elapsed:   37.3s finished
[Parallel(n_jobs=8)]: Using backend LokyBackend with 8 concurrent workers.
[Parallel(n_jobs=8)]: Done  10 tasks      | elapsed:    0.2s
[Parallel(n_jobs=8)]: Done  14 out of  17 | elapsed:    0.2s remaining:    0.0s
[Parallel(n_jobs=8)]: Done  17 out of  17 | elapsed:    0.3s finished
[Parallel(n_jobs=8)]: Using backend LokyBackend with 8 concurrent workers.
[Parallel(n_jobs=8)]: Done  10 tasks      | elapsed:    2.8s
[Parallel(n_jobs=8)]: Done  64 tasks      | elapsed:   17.6s
[Parallel(n_jobs=8)]: Done 136 out of 136 | elapsed:   37.3s finished
[Parallel(n_jobs=8)]: Using backend LokyBackend with 8 concurrent workers.
[Parallel(n_jobs=8)]: Done  10 tasks      | elapsed:    0.2s
[Parallel(n_jobs=8)]: Done  14 out of  17 | elapsed:    0.2s remaining:    0.1s
[Parallel(n_jobs=8)]: Done  17 out of  17 | elapsed:    0.3s finished
[Parallel(n_jobs=8)]: Using backend LokyBackend with 8 concurrent workers.
[Parallel(n_jobs=8)]: Done  10 tasks      | elapsed:    3.0s
[Parallel(n_jobs=8)]: Done  64 tasks      | elapsed:   17.6s
[Parallel(n_jobs=8)]: Done 136 out of 136 | elapsed:   37.2s finished
[Parallel(n_jobs=8)]: Using backend LokyBackend with 8 concurrent workers.
[Parallel(n_jobs=8)]: Done  10 tasks      | elapsed:    0.2s
[Parallel(n_jobs=8)]: Done  14 out of  17 | elapsed:    0.2s remaining:    0.0s
[Parallel(n_jobs=8)]: Done  17 out of  17 | elapsed:    0.3s finished
[Parallel(n_jobs=8)]: Using backend LokyBackend with 8 concurrent workers.
[Parallel(n_jobs=8)]: Done  10 tasks      | elapsed:    2.8s
[Parallel(n_jobs=8)]: Done  64 tasks      | elapsed:   17.6s
[Parallel(n_jobs=8)]: Done 136 out of 136 | elapsed:   36.6s finished
[Parallel(n_jobs=8)]: Using backend LokyBackend with 8 concurrent workers.
[Parallel(n_jobs=8)]: Done  10 tasks      | elapsed:    0.2s
[Parallel(n_jobs=8)]: Done  14 out of  17 | elapsed:    0.2s remaining:    0.0s
[Parallel(n_jobs=8)]: Done  17 out of  17 | elapsed:    0.3s finished
[Parallel(n_jobs=8)]: Using backend LokyBackend with 8 concurrent workers.
[Parallel(n_jobs=8)]: Done  10 tasks      | elapsed:    2.7s
[Parallel(n_jobs=8)]: Done  64 tasks      | elapsed:   17.1s
[Parallel(n_jobs=8)]: Done 136 out of 136 | elapsed:   36.3s finished
[Parallel(n_jobs=8)]: Using backend LokyBackend with 8 concurrent workers.
[Parallel(n_jobs=8)]: Done  10 tasks      | elapsed:    0.2s
[Parallel(n_jobs=8)]: Done  14 out of  17 | elapsed:    0.2s remaining:    0.0s
[Parallel(n_jobs=8)]: Done  17 out of  17 | elapsed:    0.2s finished
[Parallel(n_jobs=8)]: Using backend LokyBackend with 8 concurrent workers.
[Parallel(n_jobs=8)]: Done  10 tasks      | elapsed:    2.7s
[Parallel(n_jobs=8)]: Done  64 tasks      | elapsed:   17.1s
[Parallel(n_jobs=8)]: Done 136 out of 136 | elapsed:   36.3s finished
[Parallel(n_jobs=8)]: Using backend LokyBackend with 8 concurrent workers.
[Parallel(n_jobs=8)]: Done  10 tasks      | elapsed:    0.2s
[Parallel(n_jobs=8)]: Done  14 out of  17 | elapsed:    0.2s remaining:    0.0s
[Parallel(n_jobs=8)]: Done  17 out of  17 | elapsed:    0.2s finished
[Parallel(n_jobs=8)]: Using backend LokyBackend with 8 concurrent workers.
[Parallel(n_jobs=8)]: Done  10 tasks      | elapsed:    2.6s
[Parallel(n_jobs=8)]: Done  64 tasks      | elapsed:   17.1s
[Parallel(n_jobs=8)]: Done 136 out of 136 | elapsed:   36.0s finished
[Parallel(n_jobs=8)]: Using backend LokyBackend with 8 concurrent workers.
[Parallel(n_jobs=8)]: Done  10 tasks      | elapsed:    0.2s
[Parallel(n_jobs=8)]: Done  14 out of  17 | elapsed:    0.2s remaining:    0.0s
[Parallel(n_jobs=8)]: Done  17 out of  17 | elapsed:    0.2s finished
[Parallel(n_jobs=8)]: Using backend LokyBackend with 8 concurrent workers.
[Parallel(n_jobs=8)]: Done  10 tasks      | elapsed:    2.6s
[Parallel(n_jobs=8)]: Done  64 tasks      | elapsed:   16.6s
[Parallel(n_jobs=8)]: Done 136 out of 136 | elapsed:   34.8s finished
[Parallel(n_jobs=8)]: Using backend LokyBackend with 8 concurrent workers.
[Parallel(n_jobs=8)]: Done  10 tasks      | elapsed:    0.2s
[Parallel(n_jobs=8)]: Done  14 out of  17 | elapsed:    0.2s remaining:    0.0s
[Parallel(n_jobs=8)]: Done  17 out of  17 | elapsed:    0.2s finished
[Parallel(n_jobs=8)]: Using backend LokyBackend with 8 concurrent workers.
[Parallel(n_jobs=8)]: Done  10 tasks      | elapsed:    2.6s
[Parallel(n_jobs=8)]: Done  64 tasks      | elapsed:   16.6s
[Parallel(n_jobs=8)]: Done 136 out of 136 | elapsed:   35.3s finished
[Parallel(n_jobs=8)]: Using backend LokyBackend with 8 concurrent workers.
[Parallel(n_jobs=8)]: Done  10 tasks      | elapsed:    0.2s
[Parallel(n_jobs=8)]: Done  14 out of  17 | elapsed:    0.2s remaining:    0.0s
[Parallel(n_jobs=8)]: Done  17 out of  17 | elapsed:    0.2s finished
[Parallel(n_jobs=8)]: Using backend LokyBackend with 8 concurrent workers.
[Parallel(n_jobs=8)]: Done  10 tasks      | elapsed:    2.6s
[Parallel(n_jobs=8)]: Done  64 tasks      | elapsed:   16.2s
[Parallel(n_jobs=8)]: Done 136 out of 136 | elapsed:   34.4s finished
[Parallel(n_jobs=8)]: Using backend LokyBackend with 8 concurrent workers.
[Parallel(n_jobs=8)]: Done  10 tasks      | elapsed:    0.2s
[Parallel(n_jobs=8)]: Done  14 out of  17 | elapsed:    0.2s remaining:    0.0s
[Parallel(n_jobs=8)]: Done  17 out of  17 | elapsed:    0.2s finished
[Parallel(n_jobs=8)]: Using backend LokyBackend with 8 concurrent workers.
[Parallel(n_jobs=8)]: Done  10 tasks      | elapsed:    2.7s
[Parallel(n_jobs=8)]: Done  64 tasks      | elapsed:   16.3s
[Parallel(n_jobs=8)]: Done 136 out of 136 | elapsed:   34.6s finished
[Parallel(n_jobs=8)]: Using backend LokyBackend with 8 concurrent workers.
[Parallel(n_jobs=8)]: Done  10 tasks      | elapsed:    0.2s
[Parallel(n_jobs=8)]: Done  14 out of  17 | elapsed:    0.2s remaining:    0.0s
[Parallel(n_jobs=8)]: Done  17 out of  17 | elapsed:    0.2s finished
[Parallel(n_jobs=8)]: Using backend LokyBackend with 8 concurrent workers.
[Parallel(n_jobs=8)]: Done  10 tasks      | elapsed:    2.6s
[Parallel(n_jobs=8)]: Done  64 tasks      | elapsed:   16.6s
[Parallel(n_jobs=8)]: Done 136 out of 136 | elapsed:   35.1s finished
[Parallel(n_jobs=8)]: Using backend LokyBackend with 8 concurrent workers.
[Parallel(n_jobs=8)]: Done  10 tasks      | elapsed:    0.2s
[Parallel(n_jobs=8)]: Done  14 out of  17 | elapsed:    0.2s remaining:    0.0s
[Parallel(n_jobs=8)]: Done  17 out of  17 | elapsed:    0.2s finished
[Parallel(n_jobs=8)]: Using backend LokyBackend with 8 concurrent workers.
[Parallel(n_jobs=8)]: Done  10 tasks      | elapsed:    2.7s
[Parallel(n_jobs=8)]: Done  64 tasks      | elapsed:   16.5s
[Parallel(n_jobs=8)]: Done 136 out of 136 | elapsed:   34.7s finished
[Parallel(n_jobs=8)]: Using backend LokyBackend with 8 concurrent workers.
[Parallel(n_jobs=8)]: Done  10 tasks      | elapsed:    0.2s
[Parallel(n_jobs=8)]: Done  14 out of  17 | elapsed:    0.2s remaining:    0.0s
[Parallel(n_jobs=8)]: Done  17 out of  17 | elapsed:    0.2s finished
[Parallel(n_jobs=8)]: Using backend LokyBackend with 8 concurrent workers.
[Parallel(n_jobs=8)]: Done  10 tasks      | elapsed:    2.8s
[Parallel(n_jobs=8)]: Done  64 tasks      | elapsed:   16.2s
[Parallel(n_jobs=8)]: Done 136 out of 136 | elapsed:   34.4s finished
[Parallel(n_jobs=8)]: Using backend LokyBackend with 8 concurrent workers.
[Parallel(n_jobs=8)]: Done  10 tasks      | elapsed:    0.2s
[Parallel(n_jobs=8)]: Done  14 out of  17 | elapsed:    0.2s remaining:    0.0s
[Parallel(n_jobs=8)]: Done  17 out of  17 | elapsed:    0.2s finished
[Parallel(n_jobs=8)]: Using backend LokyBackend with 8 concurrent workers.
[Parallel(n_jobs=8)]: Done  10 tasks      | elapsed:    2.6s
[Parallel(n_jobs=8)]: Done  64 tasks      | elapsed:   16.5s
[Parallel(n_jobs=8)]: Done 136 out of 136 | elapsed:   34.7s finished
[Parallel(n_jobs=8)]: Using backend LokyBackend with 8 concurrent workers.
[Parallel(n_jobs=8)]: Done  10 tasks      | elapsed:    0.2s
[Parallel(n_jobs=8)]: Done  14 out of  17 | elapsed:    0.2s remaining:    0.0s
[Parallel(n_jobs=8)]: Done  17 out of  17 | elapsed:    0.3s finished
[Parallel(n_jobs=8)]: Using backend LokyBackend with 8 concurrent workers.
[Parallel(n_jobs=8)]: Done  10 tasks      | elapsed:    2.7s
[Parallel(n_jobs=8)]: Done  64 tasks      | elapsed:   16.4s
[Parallel(n_jobs=8)]: Done 136 out of 136 | elapsed:   34.8s finished
[Parallel(n_jobs=8)]: Using backend LokyBackend with 8 concurrent workers.
[Parallel(n_jobs=8)]: Done  10 tasks      | elapsed:    0.2s
[Parallel(n_jobs=8)]: Done  14 out of  17 | elapsed:    0.2s remaining:    0.0s
[Parallel(n_jobs=8)]: Done  17 out of  17 | elapsed:    0.3s finished
[Parallel(n_jobs=8)]: Using backend LokyBackend with 8 concurrent workers.
[Parallel(n_jobs=8)]: Done  10 tasks      | elapsed:    2.7s
[Parallel(n_jobs=8)]: Done  64 tasks      | elapsed:   17.3s
[Parallel(n_jobs=8)]: Done 136 out of 136 | elapsed:   36.3s finished
[Parallel(n_jobs=8)]: Using backend LokyBackend with 8 concurrent workers.
[Parallel(n_jobs=8)]: Done  10 tasks      | elapsed:    0.2s
[Parallel(n_jobs=8)]: Done  14 out of  17 | elapsed:    0.2s remaining:    0.0s
[Parallel(n_jobs=8)]: Done  17 out of  17 | elapsed:    0.2s finished
[Parallel(n_jobs=8)]: Using backend LokyBackend with 8 concurrent workers.
[Parallel(n_jobs=8)]: Done  10 tasks      | elapsed:    2.5s
[Parallel(n_jobs=8)]: Done  64 tasks      | elapsed:   16.3s
[Parallel(n_jobs=8)]: Done 136 out of 136 | elapsed:   34.0s finished
[Parallel(n_jobs=8)]: Using backend LokyBackend with 8 concurrent workers.
[Parallel(n_jobs=8)]: Done  10 tasks      | elapsed:    0.2s
[Parallel(n_jobs=8)]: Done  14 out of  17 | elapsed:    0.2s remaining:    0.0s
[Parallel(n_jobs=8)]: Done  17 out of  17 | elapsed:    0.2s finished
[Parallel(n_jobs=8)]: Using backend LokyBackend with 8 concurrent workers.
[Parallel(n_jobs=8)]: Done  10 tasks      | elapsed:    2.6s
[Parallel(n_jobs=8)]: Done  64 tasks      | elapsed:   16.1s
[Parallel(n_jobs=8)]: Done 136 out of 136 | elapsed:   34.1s finished
[Parallel(n_jobs=8)]: Using backend LokyBackend with 8 concurrent workers.
[Parallel(n_jobs=8)]: Done  10 tasks      | elapsed:    0.2s
[Parallel(n_jobs=8)]: Done  14 out of  17 | elapsed:    0.2s remaining:    0.1s
[Parallel(n_jobs=8)]: Done  17 out of  17 | elapsed:    0.3s finished
[Parallel(n_jobs=8)]: Using backend LokyBackend with 8 concurrent workers.
[Parallel(n_jobs=8)]: Done  10 tasks      | elapsed:    2.5s
[Parallel(n_jobs=8)]: Done  64 tasks      | elapsed:   15.8s
[Parallel(n_jobs=8)]: Done 136 out of 136 | elapsed:   33.5s finished
[Parallel(n_jobs=8)]: Using backend LokyBackend with 8 concurrent workers.
[Parallel(n_jobs=8)]: Done  10 tasks      | elapsed:    0.2s
[Parallel(n_jobs=8)]: Done  14 out of  17 | elapsed:    0.2s remaining:    0.1s
[Parallel(n_jobs=8)]: Done  17 out of  17 | elapsed:    0.3s finished
[Parallel(n_jobs=8)]: Using backend LokyBackend with 8 concurrent workers.
[Parallel(n_jobs=8)]: Done  10 tasks      | elapsed:    2.6s
[Parallel(n_jobs=8)]: Done  64 tasks      | elapsed:   16.2s
[Parallel(n_jobs=8)]: Done 136 out of 136 | elapsed:   34.1s finished
[Parallel(n_jobs=8)]: Using backend LokyBackend with 8 concurrent workers.
[Parallel(n_jobs=8)]: Done  10 tasks      | elapsed:    0.2s
[Parallel(n_jobs=8)]: Done  14 out of  17 | elapsed:    0.2s remaining:    0.1s
[Parallel(n_jobs=8)]: Done  17 out of  17 | elapsed:    0.3s finished
[Parallel(n_jobs=8)]: Using backend LokyBackend with 8 concurrent workers.
[Parallel(n_jobs=8)]: Done  10 tasks      | elapsed:    2.6s
[Parallel(n_jobs=8)]: Done  64 tasks      | elapsed:   16.3s
[Parallel(n_jobs=8)]: Done 136 out of 136 | elapsed:   34.7s finished
[Parallel(n_jobs=8)]: Using backend LokyBackend with 8 concurrent workers.
[Parallel(n_jobs=8)]: Done  10 tasks      | elapsed:    0.2s
[Parallel(n_jobs=8)]: Done  14 out of  17 | elapsed:    0.3s remaining:    0.1s
[Parallel(n_jobs=8)]: Done  17 out of  17 | elapsed:    0.3s finished
[Parallel(n_jobs=8)]: Using backend LokyBackend with 8 concurrent workers.
[Parallel(n_jobs=8)]: Done  10 tasks      | elapsed:    2.6s
[Parallel(n_jobs=8)]: Done  64 tasks      | elapsed:   15.9s
[Parallel(n_jobs=8)]: Done 136 out of 136 | elapsed:   33.9s finished
[Parallel(n_jobs=8)]: Using backend LokyBackend with 8 concurrent workers.
[Parallel(n_jobs=8)]: Done  10 tasks      | elapsed:    0.2s
[Parallel(n_jobs=8)]: Done  14 out of  17 | elapsed:    0.2s remaining:    0.0s
[Parallel(n_jobs=8)]: Done  17 out of  17 | elapsed:    0.2s finished
[Parallel(n_jobs=8)]: Using backend LokyBackend with 8 concurrent workers.
[Parallel(n_jobs=8)]: Done  10 tasks      | elapsed:    2.7s
[Parallel(n_jobs=8)]: Done  64 tasks      | elapsed:   16.4s
[Parallel(n_jobs=8)]: Done 136 out of 136 | elapsed:   35.2s finished
[Parallel(n_jobs=8)]: Using backend LokyBackend with 8 concurrent workers.
[Parallel(n_jobs=8)]: Done  10 tasks      | elapsed:    0.2s
[Parallel(n_jobs=8)]: Done  14 out of  17 | elapsed:    0.2s remaining:    0.0s
[Parallel(n_jobs=8)]: Done  17 out of  17 | elapsed:    0.2s finished
[Parallel(n_jobs=8)]: Using backend LokyBackend with 8 concurrent workers.
[Parallel(n_jobs=8)]: Done  10 tasks      | elapsed:    2.8s
[Parallel(n_jobs=8)]: Done  64 tasks      | elapsed:   16.3s
[Parallel(n_jobs=8)]: Done 136 out of 136 | elapsed:   34.5s finished
[Parallel(n_jobs=8)]: Using backend LokyBackend with 8 concurrent workers.
[Parallel(n_jobs=8)]: Done  10 tasks      | elapsed:    0.2s
[Parallel(n_jobs=8)]: Done  14 out of  17 | elapsed:    0.2s remaining:    0.0s
[Parallel(n_jobs=8)]: Done  17 out of  17 | elapsed:    0.2s finished
[Parallel(n_jobs=8)]: Using backend LokyBackend with 8 concurrent workers.
[Parallel(n_jobs=8)]: Done  10 tasks      | elapsed:    2.6s
[Parallel(n_jobs=8)]: Done  64 tasks      | elapsed:   16.0s
[Parallel(n_jobs=8)]: Done 136 out of 136 | elapsed:   33.9s finished
[Parallel(n_jobs=8)]: Using backend LokyBackend with 8 concurrent workers.
[Parallel(n_jobs=8)]: Done  10 tasks      | elapsed:    0.2s
[Parallel(n_jobs=8)]: Done  14 out of  17 | elapsed:    0.2s remaining:    0.0s
[Parallel(n_jobs=8)]: Done  17 out of  17 | elapsed:    0.2s finished
[Parallel(n_jobs=8)]: Using backend LokyBackend with 8 concurrent workers.
[Parallel(n_jobs=8)]: Done  10 tasks      | elapsed:    2.5s
[Parallel(n_jobs=8)]: Done  64 tasks      | elapsed:   15.9s
[Parallel(n_jobs=8)]: Done 136 out of 136 | elapsed:   33.2s finished
[Parallel(n_jobs=8)]: Using backend LokyBackend with 8 concurrent workers.
[Parallel(n_jobs=8)]: Done  10 tasks      | elapsed:    0.2s
[Parallel(n_jobs=8)]: Done  14 out of  17 | elapsed:    0.2s remaining:    0.0s
[Parallel(n_jobs=8)]: Done  17 out of  17 | elapsed:    0.2s finished
[Parallel(n_jobs=8)]: Using backend LokyBackend with 8 concurrent workers.
[Parallel(n_jobs=8)]: Done  10 tasks      | elapsed:    2.6s
[Parallel(n_jobs=8)]: Done  64 tasks      | elapsed:   16.1s
[Parallel(n_jobs=8)]: Done 136 out of 136 | elapsed:   34.1s finished
[Parallel(n_jobs=8)]: Using backend LokyBackend with 8 concurrent workers.
[Parallel(n_jobs=8)]: Done  10 tasks      | elapsed:    0.2s
[Parallel(n_jobs=8)]: Done  14 out of  17 | elapsed:    0.2s remaining:    0.0s
[Parallel(n_jobs=8)]: Done  17 out of  17 | elapsed:    0.2s finished
[Parallel(n_jobs=8)]: Using backend LokyBackend with 8 concurrent workers.
[Parallel(n_jobs=8)]: Done  10 tasks      | elapsed:    2.5s
[Parallel(n_jobs=8)]: Done  64 tasks      | elapsed:   15.6s
[Parallel(n_jobs=8)]: Done 136 out of 136 | elapsed:   33.4s finished
[Parallel(n_jobs=8)]: Using backend LokyBackend with 8 concurrent workers.
[Parallel(n_jobs=8)]: Done  10 tasks      | elapsed:    0.2s
[Parallel(n_jobs=8)]: Done  14 out of  17 | elapsed:    0.2s remaining:    0.0s
[Parallel(n_jobs=8)]: Done  17 out of  17 | elapsed:    0.2s finished
[Parallel(n_jobs=8)]: Using backend LokyBackend with 8 concurrent workers.
[Parallel(n_jobs=8)]: Done  10 tasks      | elapsed:    2.6s
[Parallel(n_jobs=8)]: Done  64 tasks      | elapsed:   16.7s
[Parallel(n_jobs=8)]: Done 136 out of 136 | elapsed:   35.0s finished
[Parallel(n_jobs=8)]: Using backend LokyBackend with 8 concurrent workers.
[Parallel(n_jobs=8)]: Done  10 tasks      | elapsed:    0.2s
[Parallel(n_jobs=8)]: Done  14 out of  17 | elapsed:    0.2s remaining:    0.0s
[Parallel(n_jobs=8)]: Done  17 out of  17 | elapsed:    0.2s finished
[Parallel(n_jobs=8)]: Using backend LokyBackend with 8 concurrent workers.
[Parallel(n_jobs=8)]: Done  10 tasks      | elapsed:    2.9s
[Parallel(n_jobs=8)]: Done  64 tasks      | elapsed:   18.4s
[Parallel(n_jobs=8)]: Done 136 out of 136 | elapsed:   37.0s finished
[Parallel(n_jobs=8)]: Using backend LokyBackend with 8 concurrent workers.
[Parallel(n_jobs=8)]: Done  10 tasks      | elapsed:    0.2s
[Parallel(n_jobs=8)]: Done  14 out of  17 | elapsed:    0.2s remaining:    0.0s
[Parallel(n_jobs=8)]: Done  17 out of  17 | elapsed:    0.2s finished
[Parallel(n_jobs=8)]: Using backend LokyBackend with 8 concurrent workers.
[Parallel(n_jobs=8)]: Done  10 tasks      | elapsed:    2.6s
[Parallel(n_jobs=8)]: Done  64 tasks      | elapsed:   16.1s
[Parallel(n_jobs=8)]: Done 136 out of 136 | elapsed:   34.0s finished
[Parallel(n_jobs=8)]: Using backend LokyBackend with 8 concurrent workers.
[Parallel(n_jobs=8)]: Done  10 tasks      | elapsed:    0.2s
[Parallel(n_jobs=8)]: Done  14 out of  17 | elapsed:    0.2s remaining:    0.0s
[Parallel(n_jobs=8)]: Done  17 out of  17 | elapsed:    0.3s finished
[Parallel(n_jobs=8)]: Using backend LokyBackend with 8 concurrent workers.
[Parallel(n_jobs=8)]: Done  10 tasks      | elapsed:    2.8s
[Parallel(n_jobs=8)]: Done  64 tasks      | elapsed:   16.1s
[Parallel(n_jobs=8)]: Done 136 out of 136 | elapsed:   34.1s finished
[Parallel(n_jobs=8)]: Using backend LokyBackend with 8 concurrent workers.
[Parallel(n_jobs=8)]: Done  10 tasks      | elapsed:    0.2s
[Parallel(n_jobs=8)]: Done  14 out of  17 | elapsed:    0.2s remaining:    0.0s
[Parallel(n_jobs=8)]: Done  17 out of  17 | elapsed:    0.2s finished
[Parallel(n_jobs=8)]: Using backend LokyBackend with 8 concurrent workers.
[Parallel(n_jobs=8)]: Done  10 tasks      | elapsed:    2.6s
[Parallel(n_jobs=8)]: Done  64 tasks      | elapsed:   16.3s
[Parallel(n_jobs=8)]: Done 136 out of 136 | elapsed:   34.2s finished
[Parallel(n_jobs=8)]: Using backend LokyBackend with 8 concurrent workers.
[Parallel(n_jobs=8)]: Done  10 tasks      | elapsed:    0.2s
[Parallel(n_jobs=8)]: Done  14 out of  17 | elapsed:    0.2s remaining:    0.0s
[Parallel(n_jobs=8)]: Done  17 out of  17 | elapsed:    0.2s finished
[Parallel(n_jobs=8)]: Using backend LokyBackend with 8 concurrent workers.
[Parallel(n_jobs=8)]: Done  10 tasks      | elapsed:    2.5s
[Parallel(n_jobs=8)]: Done  64 tasks      | elapsed:   16.0s
[Parallel(n_jobs=8)]: Done 136 out of 136 | elapsed:   33.9s finished
[Parallel(n_jobs=8)]: Using backend LokyBackend with 8 concurrent workers.
[Parallel(n_jobs=8)]: Done  10 tasks      | elapsed:    0.2s
[Parallel(n_jobs=8)]: Done  14 out of  17 | elapsed:    0.2s remaining:    0.0s
[Parallel(n_jobs=8)]: Done  17 out of  17 | elapsed:    0.2s finished
[Parallel(n_jobs=8)]: Using backend LokyBackend with 8 concurrent workers.
[Parallel(n_jobs=8)]: Done  10 tasks      | elapsed:    2.6s
[Parallel(n_jobs=8)]: Done  64 tasks      | elapsed:   16.3s
[Parallel(n_jobs=8)]: Done 136 out of 136 | elapsed:   34.2s finished
[Parallel(n_jobs=8)]: Using backend LokyBackend with 8 concurrent workers.
[Parallel(n_jobs=8)]: Done  10 tasks      | elapsed:    0.2s
[Parallel(n_jobs=8)]: Done  14 out of  17 | elapsed:    0.2s remaining:    0.0s
[Parallel(n_jobs=8)]: Done  17 out of  17 | elapsed:    0.2s finished
[Parallel(n_jobs=8)]: Using backend LokyBackend with 8 concurrent workers.
[Parallel(n_jobs=8)]: Done  10 tasks      | elapsed:    2.5s
[Parallel(n_jobs=8)]: Done  64 tasks      | elapsed:   15.8s
[Parallel(n_jobs=8)]: Done 136 out of 136 | elapsed:   33.5s finished
[Parallel(n_jobs=8)]: Using backend LokyBackend with 8 concurrent workers.
[Parallel(n_jobs=8)]: Done  10 tasks      | elapsed:    0.2s
[Parallel(n_jobs=8)]: Done  14 out of  17 | elapsed:    0.2s remaining:    0.0s
[Parallel(n_jobs=8)]: Done  17 out of  17 | elapsed:    0.3s finished
[Parallel(n_jobs=8)]: Using backend LokyBackend with 8 concurrent workers.
[Parallel(n_jobs=8)]: Done  10 tasks      | elapsed:    2.5s
[Parallel(n_jobs=8)]: Done  64 tasks      | elapsed:   15.8s
[Parallel(n_jobs=8)]: Done 136 out of 136 | elapsed:   34.0s finished
[Parallel(n_jobs=8)]: Using backend LokyBackend with 8 concurrent workers.
[Parallel(n_jobs=8)]: Done  10 tasks      | elapsed:    0.2s
[Parallel(n_jobs=8)]: Done  14 out of  17 | elapsed:    0.2s remaining:    0.0s
[Parallel(n_jobs=8)]: Done  17 out of  17 | elapsed:    0.2s finished
[Parallel(n_jobs=8)]: Using backend LokyBackend with 8 concurrent workers.
[Parallel(n_jobs=8)]: Done  10 tasks      | elapsed:    2.6s
[Parallel(n_jobs=8)]: Done  64 tasks      | elapsed:   16.5s
[Parallel(n_jobs=8)]: Done 136 out of 136 | elapsed:   35.4s finished
[Parallel(n_jobs=8)]: Using backend LokyBackend with 8 concurrent workers.
[Parallel(n_jobs=8)]: Done  10 tasks      | elapsed:    0.2s
[Parallel(n_jobs=8)]: Done  14 out of  17 | elapsed:    0.2s remaining:    0.0s
[Parallel(n_jobs=8)]: Done  17 out of  17 | elapsed:    0.2s finished
[Parallel(n_jobs=8)]: Using backend LokyBackend with 8 concurrent workers.
[Parallel(n_jobs=8)]: Done  10 tasks      | elapsed:    2.8s
[Parallel(n_jobs=8)]: Done  64 tasks      | elapsed:   17.2s
[Parallel(n_jobs=8)]: Done 136 out of 136 | elapsed:   37.7s finished
[Parallel(n_jobs=8)]: Using backend LokyBackend with 8 concurrent workers.
[Parallel(n_jobs=8)]: Done  10 tasks      | elapsed:    0.2s
[Parallel(n_jobs=8)]: Done  14 out of  17 | elapsed:    0.2s remaining:    0.1s
[Parallel(n_jobs=8)]: Done  17 out of  17 | elapsed:    0.3s finished
[Parallel(n_jobs=8)]: Using backend LokyBackend with 8 concurrent workers.
[Parallel(n_jobs=8)]: Done  10 tasks      | elapsed:    2.7s
[Parallel(n_jobs=8)]: Done  64 tasks      | elapsed:   16.8s
[Parallel(n_jobs=8)]: Done 136 out of 136 | elapsed:   36.0s finished
[Parallel(n_jobs=8)]: Using backend LokyBackend with 8 concurrent workers.
[Parallel(n_jobs=8)]: Done  10 tasks      | elapsed:    0.2s
[Parallel(n_jobs=8)]: Done  14 out of  17 | elapsed:    0.2s remaining:    0.0s
[Parallel(n_jobs=8)]: Done  17 out of  17 | elapsed:    0.3s finished
[Parallel(n_jobs=8)]: Using backend LokyBackend with 8 concurrent workers.
[Parallel(n_jobs=8)]: Done  10 tasks      | elapsed:    2.7s
[Parallel(n_jobs=8)]: Done  64 tasks      | elapsed:   17.1s
[Parallel(n_jobs=8)]: Done 136 out of 136 | elapsed:   36.9s finished
[Parallel(n_jobs=8)]: Using backend LokyBackend with 8 concurrent workers.
[Parallel(n_jobs=8)]: Done  10 tasks      | elapsed:    0.2s
[Parallel(n_jobs=8)]: Done  14 out of  17 | elapsed:    0.2s remaining:    0.0s
[Parallel(n_jobs=8)]: Done  17 out of  17 | elapsed:    0.2s finished
[Parallel(n_jobs=8)]: Using backend LokyBackend with 8 concurrent workers.
[Parallel(n_jobs=8)]: Done  10 tasks      | elapsed:    2.8s
[Parallel(n_jobs=8)]: Done  64 tasks      | elapsed:   17.7s
[Parallel(n_jobs=8)]: Done 136 out of 136 | elapsed:   37.8s finished
[Parallel(n_jobs=8)]: Using backend LokyBackend with 8 concurrent workers.
[Parallel(n_jobs=8)]: Done  10 tasks      | elapsed:    0.2s
[Parallel(n_jobs=8)]: Done  14 out of  17 | elapsed:    0.2s remaining:    0.0s
[Parallel(n_jobs=8)]: Done  17 out of  17 | elapsed:    0.2s finished
[Parallel(n_jobs=8)]: Using backend LokyBackend with 8 concurrent workers.
[Parallel(n_jobs=8)]: Done  10 tasks      | elapsed:    2.8s
[Parallel(n_jobs=8)]: Done  64 tasks      | elapsed:   17.9s
[Parallel(n_jobs=8)]: Done 136 out of 136 | elapsed:   38.2s finished
[Parallel(n_jobs=8)]: Using backend LokyBackend with 8 concurrent workers.
[Parallel(n_jobs=8)]: Done  10 tasks      | elapsed:    0.2s
[Parallel(n_jobs=8)]: Done  14 out of  17 | elapsed:    0.2s remaining:    0.0s
[Parallel(n_jobs=8)]: Done  17 out of  17 | elapsed:    0.3s finished
[Parallel(n_jobs=8)]: Using backend LokyBackend with 8 concurrent workers.
[Parallel(n_jobs=8)]: Done  10 tasks      | elapsed:    2.8s
[Parallel(n_jobs=8)]: Done  64 tasks      | elapsed:   17.9s
[Parallel(n_jobs=8)]: Done 136 out of 136 | elapsed:   38.0s finished
[Parallel(n_jobs=8)]: Using backend LokyBackend with 8 concurrent workers.
[Parallel(n_jobs=8)]: Done  10 tasks      | elapsed:    0.2s
[Parallel(n_jobs=8)]: Done  14 out of  17 | elapsed:    0.2s remaining:    0.1s
[Parallel(n_jobs=8)]: Done  17 out of  17 | elapsed:    0.3s finished
[Parallel(n_jobs=8)]: Using backend LokyBackend with 8 concurrent workers.
[Parallel(n_jobs=8)]: Done  10 tasks      | elapsed:    2.8s
[Parallel(n_jobs=8)]: Done  64 tasks      | elapsed:   17.4s
[Parallel(n_jobs=8)]: Done 136 out of 136 | elapsed:   36.6s finished
[Parallel(n_jobs=8)]: Using backend LokyBackend with 8 concurrent workers.
[Parallel(n_jobs=8)]: Done  10 tasks      | elapsed:    0.2s
[Parallel(n_jobs=8)]: Done  14 out of  17 | elapsed:    0.2s remaining:    0.0s
[Parallel(n_jobs=8)]: Done  17 out of  17 | elapsed:    0.2s finished
[Parallel(n_jobs=8)]: Using backend LokyBackend with 8 concurrent workers.
[Parallel(n_jobs=8)]: Done  10 tasks      | elapsed:    2.7s
[Parallel(n_jobs=8)]: Done  64 tasks      | elapsed:   17.3s
[Parallel(n_jobs=8)]: Done 136 out of 136 | elapsed:   36.5s finished
[Parallel(n_jobs=8)]: Using backend LokyBackend with 8 concurrent workers.
[Parallel(n_jobs=8)]: Done  10 tasks      | elapsed:    0.2s
[Parallel(n_jobs=8)]: Done  14 out of  17 | elapsed:    0.2s remaining:    0.0s
[Parallel(n_jobs=8)]: Done  17 out of  17 | elapsed:    0.2s finished
[Parallel(n_jobs=8)]: Using backend LokyBackend with 8 concurrent workers.
[Parallel(n_jobs=8)]: Done  10 tasks      | elapsed:    2.7s
[Parallel(n_jobs=8)]: Done  64 tasks      | elapsed:   17.7s
[Parallel(n_jobs=8)]: Done 136 out of 136 | elapsed:   38.1s finished
[Parallel(n_jobs=8)]: Using backend LokyBackend with 8 concurrent workers.
[Parallel(n_jobs=8)]: Done  10 tasks      | elapsed:    0.2s
[Parallel(n_jobs=8)]: Done  14 out of  17 | elapsed:    0.2s remaining:    0.0s
[Parallel(n_jobs=8)]: Done  17 out of  17 | elapsed:    0.2s finished
[Parallel(n_jobs=8)]: Using backend LokyBackend with 8 concurrent workers.
[Parallel(n_jobs=8)]: Done  10 tasks      | elapsed:    2.8s
[Parallel(n_jobs=8)]: Done  64 tasks      | elapsed:   18.0s
[Parallel(n_jobs=8)]: Done 136 out of 136 | elapsed:   38.2s finished
[Parallel(n_jobs=8)]: Using backend LokyBackend with 8 concurrent workers.
[Parallel(n_jobs=8)]: Done  10 tasks      | elapsed:    0.2s
[Parallel(n_jobs=8)]: Done  14 out of  17 | elapsed:    0.2s remaining:    0.0s
[Parallel(n_jobs=8)]: Done  17 out of  17 | elapsed:    0.3s finished
[Parallel(n_jobs=8)]: Using backend LokyBackend with 8 concurrent workers.
[Parallel(n_jobs=8)]: Done  10 tasks      | elapsed:    2.9s
[Parallel(n_jobs=8)]: Done  64 tasks      | elapsed:   18.1s
[Parallel(n_jobs=8)]: Done 136 out of 136 | elapsed:   38.4s finished
[Parallel(n_jobs=8)]: Using backend LokyBackend with 8 concurrent workers.
[Parallel(n_jobs=8)]: Done  10 tasks      | elapsed:    0.2s
[Parallel(n_jobs=8)]: Done  14 out of  17 | elapsed:    0.2s remaining:    0.1s
[Parallel(n_jobs=8)]: Done  17 out of  17 | elapsed:    0.3s finished
[Parallel(n_jobs=8)]: Using backend LokyBackend with 8 concurrent workers.
[Parallel(n_jobs=8)]: Done  10 tasks      | elapsed:    3.0s
[Parallel(n_jobs=8)]: Done  64 tasks      | elapsed:   18.2s
[Parallel(n_jobs=8)]: Done 136 out of 136 | elapsed:   38.1s finished
[Parallel(n_jobs=8)]: Using backend LokyBackend with 8 concurrent workers.
[Parallel(n_jobs=8)]: Done  10 tasks      | elapsed:    0.2s
[Parallel(n_jobs=8)]: Done  14 out of  17 | elapsed:    0.2s remaining:    0.0s
[Parallel(n_jobs=8)]: Done  17 out of  17 | elapsed:    0.3s finished
[Parallel(n_jobs=8)]: Using backend LokyBackend with 8 concurrent workers.
[Parallel(n_jobs=8)]: Done  10 tasks      | elapsed:    2.8s
[Parallel(n_jobs=8)]: Done  64 tasks      | elapsed:   17.4s
[Parallel(n_jobs=8)]: Done 136 out of 136 | elapsed:   36.5s finished
[Parallel(n_jobs=8)]: Using backend LokyBackend with 8 concurrent workers.
[Parallel(n_jobs=8)]: Done  10 tasks      | elapsed:    0.2s
[Parallel(n_jobs=8)]: Done  14 out of  17 | elapsed:    0.2s remaining:    0.0s
[Parallel(n_jobs=8)]: Done  17 out of  17 | elapsed:    0.2s finished
[Parallel(n_jobs=8)]: Using backend LokyBackend with 8 concurrent workers.
[Parallel(n_jobs=8)]: Done  10 tasks      | elapsed:    2.8s
[Parallel(n_jobs=8)]: Done  64 tasks      | elapsed:   17.5s
[Parallel(n_jobs=8)]: Done 136 out of 136 | elapsed:   37.1s finished
[Parallel(n_jobs=8)]: Using backend LokyBackend with 8 concurrent workers.
[Parallel(n_jobs=8)]: Done  10 tasks      | elapsed:    0.2s
[Parallel(n_jobs=8)]: Done  14 out of  17 | elapsed:    0.2s remaining:    0.0s
[Parallel(n_jobs=8)]: Done  17 out of  17 | elapsed:    0.2s finished
[Parallel(n_jobs=8)]: Using backend LokyBackend with 8 concurrent workers.
[Parallel(n_jobs=8)]: Done  10 tasks      | elapsed:    2.8s
[Parallel(n_jobs=8)]: Done  64 tasks      | elapsed:   17.5s
[Parallel(n_jobs=8)]: Done 136 out of 136 | elapsed:   36.8s finished
[Parallel(n_jobs=8)]: Using backend LokyBackend with 8 concurrent workers.
[Parallel(n_jobs=8)]: Done  10 tasks      | elapsed:    0.2s
[Parallel(n_jobs=8)]: Done  14 out of  17 | elapsed:    0.2s remaining:    0.0s
[Parallel(n_jobs=8)]: Done  17 out of  17 | elapsed:    0.2s finished
[Parallel(n_jobs=8)]: Using backend LokyBackend with 8 concurrent workers.
[Parallel(n_jobs=8)]: Done  10 tasks      | elapsed:    2.8s
[Parallel(n_jobs=8)]: Done  64 tasks      | elapsed:   16.9s
[Parallel(n_jobs=8)]: Done 136 out of 136 | elapsed:   35.1s finished
[Parallel(n_jobs=8)]: Using backend LokyBackend with 8 concurrent workers.
[Parallel(n_jobs=8)]: Done  10 tasks      | elapsed:    0.2s
[Parallel(n_jobs=8)]: Done  14 out of  17 | elapsed:    0.2s remaining:    0.0s
[Parallel(n_jobs=8)]: Done  17 out of  17 | elapsed:    0.2s finished
[Parallel(n_jobs=8)]: Using backend LokyBackend with 8 concurrent workers.
[Parallel(n_jobs=8)]: Done  10 tasks      | elapsed:    2.5s
[Parallel(n_jobs=8)]: Done  64 tasks      | elapsed:   15.8s
[Parallel(n_jobs=8)]: Done 136 out of 136 | elapsed:   33.5s finished
[Parallel(n_jobs=8)]: Using backend LokyBackend with 8 concurrent workers.
[Parallel(n_jobs=8)]: Done  10 tasks      | elapsed:    0.2s
[Parallel(n_jobs=8)]: Done  14 out of  17 | elapsed:    0.2s remaining:    0.0s
[Parallel(n_jobs=8)]: Done  17 out of  17 | elapsed:    0.2s finished
[Parallel(n_jobs=8)]: Using backend LokyBackend with 8 concurrent workers.
[Parallel(n_jobs=8)]: Done  10 tasks      | elapsed:    2.5s
[Parallel(n_jobs=8)]: Done  64 tasks      | elapsed:   16.1s
[Parallel(n_jobs=8)]: Done 136 out of 136 | elapsed:   33.9s finished
[Parallel(n_jobs=8)]: Using backend LokyBackend with 8 concurrent workers.
[Parallel(n_jobs=8)]: Done  10 tasks      | elapsed:    0.2s
[Parallel(n_jobs=8)]: Done  14 out of  17 | elapsed:    0.2s remaining:    0.0s
[Parallel(n_jobs=8)]: Done  17 out of  17 | elapsed:    0.2s finished
[Parallel(n_jobs=8)]: Using backend LokyBackend with 8 concurrent workers.
[Parallel(n_jobs=8)]: Done  10 tasks      | elapsed:    2.5s
[Parallel(n_jobs=8)]: Done  64 tasks      | elapsed:   16.0s
[Parallel(n_jobs=8)]: Done 136 out of 136 | elapsed:   33.8s finished
[Parallel(n_jobs=8)]: Using backend LokyBackend with 8 concurrent workers.
[Parallel(n_jobs=8)]: Done  10 tasks      | elapsed:    0.2s
[Parallel(n_jobs=8)]: Done  14 out of  17 | elapsed:    0.2s remaining:    0.0s
[Parallel(n_jobs=8)]: Done  17 out of  17 | elapsed:    0.3s finished
[Parallel(n_jobs=8)]: Using backend LokyBackend with 8 concurrent workers.
[Parallel(n_jobs=8)]: Done  10 tasks      | elapsed:    2.9s
[Parallel(n_jobs=8)]: Done  64 tasks      | elapsed:   18.4s
[Parallel(n_jobs=8)]: Done 136 out of 136 | elapsed:   39.3s finished
[Parallel(n_jobs=8)]: Using backend LokyBackend with 8 concurrent workers.
[Parallel(n_jobs=8)]: Done  10 tasks      | elapsed:    0.2s
[Parallel(n_jobs=8)]: Done  14 out of  17 | elapsed:    0.3s remaining:    0.1s
[Parallel(n_jobs=8)]: Done  17 out of  17 | elapsed:    0.3s finished
[Parallel(n_jobs=8)]: Using backend LokyBackend with 8 concurrent workers.
[Parallel(n_jobs=8)]: Done  10 tasks      | elapsed:    3.0s
[Parallel(n_jobs=8)]: Done  64 tasks      | elapsed:   18.4s
[Parallel(n_jobs=8)]: Done 136 out of 136 | elapsed:   39.1s finished
[Parallel(n_jobs=8)]: Using backend LokyBackend with 8 concurrent workers.
[Parallel(n_jobs=8)]: Done  10 tasks      | elapsed:    0.2s
[Parallel(n_jobs=8)]: Done  14 out of  17 | elapsed:    0.2s remaining:    0.0s
[Parallel(n_jobs=8)]: Done  17 out of  17 | elapsed:    0.2s finished
[Parallel(n_jobs=8)]: Using backend LokyBackend with 8 concurrent workers.
[Parallel(n_jobs=8)]: Done  10 tasks      | elapsed:    2.9s
[Parallel(n_jobs=8)]: Done  64 tasks      | elapsed:   18.4s
[Parallel(n_jobs=8)]: Done 136 out of 136 | elapsed:   38.9s finished
[Parallel(n_jobs=8)]: Using backend LokyBackend with 8 concurrent workers.
[Parallel(n_jobs=8)]: Done  10 tasks      | elapsed:    0.2s
[Parallel(n_jobs=8)]: Done  14 out of  17 | elapsed:    0.2s remaining:    0.0s
[Parallel(n_jobs=8)]: Done  17 out of  17 | elapsed:    0.2s finished
[Parallel(n_jobs=8)]: Using backend LokyBackend with 8 concurrent workers.
[Parallel(n_jobs=8)]: Done  10 tasks      | elapsed:    2.9s
[Parallel(n_jobs=8)]: Done  64 tasks      | elapsed:   18.2s
[Parallel(n_jobs=8)]: Done 136 out of 136 | elapsed:   38.7s finished
[Parallel(n_jobs=8)]: Using backend LokyBackend with 8 concurrent workers.
[Parallel(n_jobs=8)]: Done  10 tasks      | elapsed:    0.2s
[Parallel(n_jobs=8)]: Done  14 out of  17 | elapsed:    0.2s remaining:    0.1s
[Parallel(n_jobs=8)]: Done  17 out of  17 | elapsed:    0.3s finished
[Parallel(n_jobs=8)]: Using backend LokyBackend with 8 concurrent workers.
[Parallel(n_jobs=8)]: Done  10 tasks      | elapsed:    2.9s
[Parallel(n_jobs=8)]: Done  64 tasks      | elapsed:   18.5s
[Parallel(n_jobs=8)]: Done 136 out of 136 | elapsed:   39.2s finished
[Parallel(n_jobs=8)]: Using backend LokyBackend with 8 concurrent workers.
[Parallel(n_jobs=8)]: Done  10 tasks      | elapsed:    0.2s
[Parallel(n_jobs=8)]: Done  14 out of  17 | elapsed:    0.2s remaining:    0.0s
[Parallel(n_jobs=8)]: Done  17 out of  17 | elapsed:    0.2s finished
[Parallel(n_jobs=8)]: Using backend LokyBackend with 8 concurrent workers.
[Parallel(n_jobs=8)]: Done  10 tasks      | elapsed:    2.9s
[Parallel(n_jobs=8)]: Done  64 tasks      | elapsed:   18.5s
[Parallel(n_jobs=8)]: Done 136 out of 136 | elapsed:   39.0s finished
[Parallel(n_jobs=8)]: Using backend LokyBackend with 8 concurrent workers.
[Parallel(n_jobs=8)]: Done  10 tasks      | elapsed:    0.2s
[Parallel(n_jobs=8)]: Done  14 out of  17 | elapsed:    0.2s remaining:    0.0s
[Parallel(n_jobs=8)]: Done  17 out of  17 | elapsed:    0.2s finished
[Parallel(n_jobs=8)]: Using backend LokyBackend with 8 concurrent workers.
[Parallel(n_jobs=8)]: Done  10 tasks      | elapsed:    2.9s
[Parallel(n_jobs=8)]: Done  64 tasks      | elapsed:   18.3s
[Parallel(n_jobs=8)]: Done 136 out of 136 | elapsed:   37.2s finished
[Parallel(n_jobs=8)]: Using backend LokyBackend with 8 concurrent workers.
[Parallel(n_jobs=8)]: Done  10 tasks      | elapsed:    0.2s
[Parallel(n_jobs=8)]: Done  14 out of  17 | elapsed:    0.2s remaining:    0.0s
[Parallel(n_jobs=8)]: Done  17 out of  17 | elapsed:    0.2s finished
[Parallel(n_jobs=8)]: Using backend LokyBackend with 8 concurrent workers.
[Parallel(n_jobs=8)]: Done  10 tasks      | elapsed:    2.6s
[Parallel(n_jobs=8)]: Done  64 tasks      | elapsed:   16.4s
[Parallel(n_jobs=8)]: Done 136 out of 136 | elapsed:   34.0s finished
[Parallel(n_jobs=8)]: Using backend LokyBackend with 8 concurrent workers.
[Parallel(n_jobs=8)]: Done  10 tasks      | elapsed:    0.2s
[Parallel(n_jobs=8)]: Done  14 out of  17 | elapsed:    0.2s remaining:    0.0s
[Parallel(n_jobs=8)]: Done  17 out of  17 | elapsed:    0.2s finished
[Parallel(n_jobs=8)]: Using backend LokyBackend with 8 concurrent workers.
[Parallel(n_jobs=8)]: Done  10 tasks      | elapsed:    2.5s
[Parallel(n_jobs=8)]: Done  64 tasks      | elapsed:   15.8s
[Parallel(n_jobs=8)]: Done 136 out of 136 | elapsed:   33.2s finished
[Parallel(n_jobs=8)]: Using backend LokyBackend with 8 concurrent workers.
[Parallel(n_jobs=8)]: Done  10 tasks      | elapsed:    0.2s
[Parallel(n_jobs=8)]: Done  14 out of  17 | elapsed:    0.3s remaining:    0.1s
[Parallel(n_jobs=8)]: Done  17 out of  17 | elapsed:    0.3s finished
[Parallel(n_jobs=8)]: Using backend LokyBackend with 8 concurrent workers.
[Parallel(n_jobs=8)]: Done  10 tasks      | elapsed:    2.5s
[Parallel(n_jobs=8)]: Done  64 tasks      | elapsed:   15.7s
[Parallel(n_jobs=8)]: Done 136 out of 136 | elapsed:   33.5s finished
[Parallel(n_jobs=8)]: Using backend LokyBackend with 8 concurrent workers.
[Parallel(n_jobs=8)]: Done  10 tasks      | elapsed:    0.2s
[Parallel(n_jobs=8)]: Done  14 out of  17 | elapsed:    0.2s remaining:    0.0s
[Parallel(n_jobs=8)]: Done  17 out of  17 | elapsed:    0.2s finished
[Parallel(n_jobs=8)]: Using backend LokyBackend with 8 concurrent workers.
[Parallel(n_jobs=8)]: Done  10 tasks      | elapsed:    2.5s
[Parallel(n_jobs=8)]: Done  64 tasks      | elapsed:   16.1s
[Parallel(n_jobs=8)]: Done 136 out of 136 | elapsed:   34.2s finished
[Parallel(n_jobs=8)]: Using backend LokyBackend with 8 concurrent workers.
[Parallel(n_jobs=8)]: Done  10 tasks      | elapsed:    0.2s
[Parallel(n_jobs=8)]: Done  14 out of  17 | elapsed:    0.2s remaining:    0.0s
[Parallel(n_jobs=8)]: Done  17 out of  17 | elapsed:    0.2s finished
[Parallel(n_jobs=8)]: Using backend LokyBackend with 8 concurrent workers.
[Parallel(n_jobs=8)]: Done  10 tasks      | elapsed:    2.6s
[Parallel(n_jobs=8)]: Done  64 tasks      | elapsed:   16.1s
[Parallel(n_jobs=8)]: Done 136 out of 136 | elapsed:   33.9s finished
[Parallel(n_jobs=8)]: Using backend LokyBackend with 8 concurrent workers.
[Parallel(n_jobs=8)]: Done  10 tasks      | elapsed:    0.2s
[Parallel(n_jobs=8)]: Done  14 out of  17 | elapsed:    0.2s remaining:    0.0s
[Parallel(n_jobs=8)]: Done  17 out of  17 | elapsed:    0.3s finished
[Parallel(n_jobs=8)]: Using backend LokyBackend with 8 concurrent workers.
[Parallel(n_jobs=8)]: Done  10 tasks      | elapsed:    2.5s
[Parallel(n_jobs=8)]: Done  64 tasks      | elapsed:   16.2s
[Parallel(n_jobs=8)]: Done 136 out of 136 | elapsed:   34.4s finished
[Parallel(n_jobs=8)]: Using backend LokyBackend with 8 concurrent workers.
[Parallel(n_jobs=8)]: Done  10 tasks      | elapsed:    0.2s
[Parallel(n_jobs=8)]: Done  14 out of  17 | elapsed:    0.2s remaining:    0.0s
[Parallel(n_jobs=8)]: Done  17 out of  17 | elapsed:    0.2s finished
[Parallel(n_jobs=8)]: Using backend LokyBackend with 8 concurrent workers.
[Parallel(n_jobs=8)]: Done  10 tasks      | elapsed:    2.7s
[Parallel(n_jobs=8)]: Done  64 tasks      | elapsed:   16.5s
[Parallel(n_jobs=8)]: Done 136 out of 136 | elapsed:   35.1s finished
[Parallel(n_jobs=8)]: Using backend LokyBackend with 8 concurrent workers.
[Parallel(n_jobs=8)]: Done  10 tasks      | elapsed:    0.2s
[Parallel(n_jobs=8)]: Done  14 out of  17 | elapsed:    0.2s remaining:    0.0s
[Parallel(n_jobs=8)]: Done  17 out of  17 | elapsed:    0.3s finished
[Parallel(n_jobs=8)]: Using backend LokyBackend with 8 concurrent workers.
[Parallel(n_jobs=8)]: Done  10 tasks      | elapsed:    2.7s
[Parallel(n_jobs=8)]: Done  64 tasks      | elapsed:   16.5s
[Parallel(n_jobs=8)]: Done 136 out of 136 | elapsed:   35.0s finished
[Parallel(n_jobs=8)]: Using backend LokyBackend with 8 concurrent workers.
[Parallel(n_jobs=8)]: Done  10 tasks      | elapsed:    0.2s
[Parallel(n_jobs=8)]: Done  14 out of  17 | elapsed:    0.2s remaining:    0.0s
[Parallel(n_jobs=8)]: Done  17 out of  17 | elapsed:    0.2s finished
[Parallel(n_jobs=8)]: Using backend LokyBackend with 8 concurrent workers.
[Parallel(n_jobs=8)]: Done  10 tasks      | elapsed:    2.6s
[Parallel(n_jobs=8)]: Done  64 tasks      | elapsed:   16.2s
[Parallel(n_jobs=8)]: Done 136 out of 136 | elapsed:   34.1s finished
[Parallel(n_jobs=8)]: Using backend LokyBackend with 8 concurrent workers.
[Parallel(n_jobs=8)]: Done  10 tasks      | elapsed:    0.2s
[Parallel(n_jobs=8)]: Done  14 out of  17 | elapsed:    0.2s remaining:    0.0s
[Parallel(n_jobs=8)]: Done  17 out of  17 | elapsed:    0.2s finished
[Parallel(n_jobs=8)]: Using backend LokyBackend with 8 concurrent workers.
[Parallel(n_jobs=8)]: Done  10 tasks      | elapsed:    2.6s
[Parallel(n_jobs=8)]: Done  64 tasks      | elapsed:   16.6s
[Parallel(n_jobs=8)]: Done 136 out of 136 | elapsed:   34.7s finished
[Parallel(n_jobs=8)]: Using backend LokyBackend with 8 concurrent workers.
[Parallel(n_jobs=8)]: Done  10 tasks      | elapsed:    0.2s
[Parallel(n_jobs=8)]: Done  14 out of  17 | elapsed:    0.2s remaining:    0.0s
[Parallel(n_jobs=8)]: Done  17 out of  17 | elapsed:    0.2s finished
[Parallel(n_jobs=8)]: Using backend LokyBackend with 8 concurrent workers.
[Parallel(n_jobs=8)]: Done  10 tasks      | elapsed:    2.6s
[Parallel(n_jobs=8)]: Done  64 tasks      | elapsed:   16.5s
[Parallel(n_jobs=8)]: Done 136 out of 136 | elapsed:   36.9s finished
