[Parallel(n_jobs=8)]: Using backend LokyBackend with 8 concurrent workers.
[Parallel(n_jobs=8)]: Done  10 tasks      | elapsed:    9.2s
[Parallel(n_jobs=8)]: Done  28 out of  28 | elapsed:    9.4s finished
[Parallel(n_jobs=8)]: Using backend LokyBackend with 8 concurrent workers.
[Parallel(n_jobs=8)]: Done  10 tasks      | elapsed:    3.5s
[Parallel(n_jobs=8)]: Done  64 tasks      | elapsed:    7.9s
[Parallel(n_jobs=8)]: Done 154 tasks      | elapsed:   16.7s
[Parallel(n_jobs=8)]: Done 280 tasks      | elapsed:   28.8s
[Parallel(n_jobs=8)]: Done 378 out of 378 | elapsed:   37.6s finished
[Parallel(n_jobs=8)]: Using backend LokyBackend with 8 concurrent workers.
[Parallel(n_jobs=8)]: Done  12 tasks      | elapsed:    0.1s
[Parallel(n_jobs=8)]: Done  21 out of  28 | elapsed:    0.1s remaining:    0.0s
[Parallel(n_jobs=8)]: Done  28 out of  28 | elapsed:    0.1s finished
[Parallel(n_jobs=8)]: Using backend LokyBackend with 8 concurrent workers.
[Parallel(n_jobs=8)]: Done  12 tasks      | elapsed:    1.0s
[Parallel(n_jobs=8)]: Done 120 tasks      | elapsed:    5.9s
[Parallel(n_jobs=8)]: Done 300 tasks      | elapsed:   13.9s
[Parallel(n_jobs=8)]: Done 378 out of 378 | elapsed:   17.5s finished
[Parallel(n_jobs=8)]: Using backend LokyBackend with 8 concurrent workers.
[Parallel(n_jobs=8)]: Done  12 tasks      | elapsed:    0.1s
[Parallel(n_jobs=8)]: Done  28 out of  28 | elapsed:    0.1s finished
[Parallel(n_jobs=8)]: Using backend LokyBackend with 8 concurrent workers.
[Parallel(n_jobs=8)]: Done  12 tasks      | elapsed:    1.0s
[Parallel(n_jobs=8)]: Done 120 tasks      | elapsed:    5.9s
[Parallel(n_jobs=8)]: Done 300 tasks      | elapsed:   13.9s
[Parallel(n_jobs=8)]: Done 378 out of 378 | elapsed:   17.6s finished
[Parallel(n_jobs=8)]: Using backend LokyBackend with 8 concurrent workers.
[Parallel(n_jobs=8)]: Done  12 tasks      | elapsed:    0.1s
[Parallel(n_jobs=8)]: Done  28 out of  28 | elapsed:    0.1s finished
[Parallel(n_jobs=8)]: Using backend LokyBackend with 8 concurrent workers.
[Parallel(n_jobs=8)]: Done  12 tasks      | elapsed:    1.1s
[Parallel(n_jobs=8)]: Done 120 tasks      | elapsed:    6.0s
[Parallel(n_jobs=8)]: Done 300 tasks      | elapsed:   14.0s
[Parallel(n_jobs=8)]: Done 378 out of 378 | elapsed:   17.5s finished
[Parallel(n_jobs=8)]: Using backend LokyBackend with 8 concurrent workers.
[Parallel(n_jobs=8)]: Done  12 tasks      | elapsed:    0.2s
[Parallel(n_jobs=8)]: Done  28 out of  28 | elapsed:    0.2s finished
[Parallel(n_jobs=8)]: Using backend LokyBackend with 8 concurrent workers.
[Parallel(n_jobs=8)]: Done  12 tasks      | elapsed:    1.0s
[Parallel(n_jobs=8)]: Done 120 tasks      | elapsed:    5.8s
[Parallel(n_jobs=8)]: Done 300 tasks      | elapsed:   13.9s
[Parallel(n_jobs=8)]: Done 378 out of 378 | elapsed:   17.6s finished
[Parallel(n_jobs=8)]: Using backend LokyBackend with 8 concurrent workers.
[Parallel(n_jobs=8)]: Done  12 tasks      | elapsed:    0.1s
[Parallel(n_jobs=8)]: Done  28 out of  28 | elapsed:    0.2s finished
[Parallel(n_jobs=8)]: Using backend LokyBackend with 8 concurrent workers.
[Parallel(n_jobs=8)]: Done  12 tasks      | elapsed:    1.1s
[Parallel(n_jobs=8)]: Done 120 tasks      | elapsed:    6.1s
[Parallel(n_jobs=8)]: Done 300 tasks      | elapsed:   14.2s
[Parallel(n_jobs=8)]: Done 378 out of 378 | elapsed:   17.8s finished
[Parallel(n_jobs=8)]: Using backend LokyBackend with 8 concurrent workers.
[Parallel(n_jobs=8)]: Done  12 tasks      | elapsed:    0.1s
[Parallel(n_jobs=8)]: Done  21 out of  28 | elapsed:    0.1s remaining:    0.0s
[Parallel(n_jobs=8)]: Done  28 out of  28 | elapsed:    0.2s finished
[Parallel(n_jobs=8)]: Using backend LokyBackend with 8 concurrent workers.
[Parallel(n_jobs=8)]: Done  12 tasks      | elapsed:    1.1s
[Parallel(n_jobs=8)]: Done 120 tasks      | elapsed:    5.9s
[Parallel(n_jobs=8)]: Done 300 tasks      | elapsed:   14.0s
[Parallel(n_jobs=8)]: Done 378 out of 378 | elapsed:   17.6s finished
[Parallel(n_jobs=8)]: Using backend LokyBackend with 8 concurrent workers.
[Parallel(n_jobs=8)]: Done  12 tasks      | elapsed:    0.1s
[Parallel(n_jobs=8)]: Done  21 out of  28 | elapsed:    0.1s remaining:    0.0s
[Parallel(n_jobs=8)]: Done  28 out of  28 | elapsed:    0.1s finished
[Parallel(n_jobs=8)]: Using backend LokyBackend with 8 concurrent workers.
[Parallel(n_jobs=8)]: Done  12 tasks      | elapsed:    1.0s
[Parallel(n_jobs=8)]: Done 120 tasks      | elapsed:    5.8s
[Parallel(n_jobs=8)]: Done 300 tasks      | elapsed:   13.7s
[Parallel(n_jobs=8)]: Done 378 out of 378 | elapsed:   17.3s finished
[Parallel(n_jobs=8)]: Using backend LokyBackend with 8 concurrent workers.
[Parallel(n_jobs=8)]: Done  12 tasks      | elapsed:    0.1s
[Parallel(n_jobs=8)]: Done  28 out of  28 | elapsed:    0.1s finished
[Parallel(n_jobs=8)]: Using backend LokyBackend with 8 concurrent workers.
[Parallel(n_jobs=8)]: Done  12 tasks      | elapsed:    1.0s
[Parallel(n_jobs=8)]: Done 120 tasks      | elapsed:    5.9s
[Parallel(n_jobs=8)]: Done 300 tasks      | elapsed:   14.0s
[Parallel(n_jobs=8)]: Done 378 out of 378 | elapsed:   17.7s finished
[Parallel(n_jobs=8)]: Using backend LokyBackend with 8 concurrent workers.
[Parallel(n_jobs=8)]: Done  12 tasks      | elapsed:    0.1s
[Parallel(n_jobs=8)]: Done  21 out of  28 | elapsed:    0.1s remaining:    0.0s
[Parallel(n_jobs=8)]: Done  28 out of  28 | elapsed:    0.1s finished
[Parallel(n_jobs=8)]: Using backend LokyBackend with 8 concurrent workers.
[Parallel(n_jobs=8)]: Done  12 tasks      | elapsed:    1.0s
[Parallel(n_jobs=8)]: Done 120 tasks      | elapsed:    6.0s
[Parallel(n_jobs=8)]: Done 300 tasks      | elapsed:   13.9s
[Parallel(n_jobs=8)]: Done 378 out of 378 | elapsed:   17.4s finished
[Parallel(n_jobs=8)]: Using backend LokyBackend with 8 concurrent workers.
[Parallel(n_jobs=8)]: Done  12 tasks      | elapsed:    0.1s
[Parallel(n_jobs=8)]: Done  21 out of  28 | elapsed:    0.1s remaining:    0.0s
[Parallel(n_jobs=8)]: Done  28 out of  28 | elapsed:    0.1s finished
[Parallel(n_jobs=8)]: Using backend LokyBackend with 8 concurrent workers.
[Parallel(n_jobs=8)]: Done  12 tasks      | elapsed:    1.0s
[Parallel(n_jobs=8)]: Done 120 tasks      | elapsed:    5.9s
[Parallel(n_jobs=8)]: Done 300 tasks      | elapsed:   13.8s
[Parallel(n_jobs=8)]: Done 378 out of 378 | elapsed:   17.3s finished
[Parallel(n_jobs=8)]: Using backend LokyBackend with 8 concurrent workers.
[Parallel(n_jobs=8)]: Done  12 tasks      | elapsed:    0.1s
[Parallel(n_jobs=8)]: Done  21 out of  28 | elapsed:    0.1s remaining:    0.0s
[Parallel(n_jobs=8)]: Done  28 out of  28 | elapsed:    0.1s finished
[Parallel(n_jobs=8)]: Using backend LokyBackend with 8 concurrent workers.
[Parallel(n_jobs=8)]: Done  12 tasks      | elapsed:    1.0s
[Parallel(n_jobs=8)]: Done 120 tasks      | elapsed:    5.8s
[Parallel(n_jobs=8)]: Done 300 tasks      | elapsed:   13.7s
[Parallel(n_jobs=8)]: Done 378 out of 378 | elapsed:   17.2s finished
[Parallel(n_jobs=8)]: Using backend LokyBackend with 8 concurrent workers.
[Parallel(n_jobs=8)]: Done  12 tasks      | elapsed:    0.1s
[Parallel(n_jobs=8)]: Done  28 out of  28 | elapsed:    0.1s finished
[Parallel(n_jobs=8)]: Using backend LokyBackend with 8 concurrent workers.
[Parallel(n_jobs=8)]: Done  12 tasks      | elapsed:    0.9s
[Parallel(n_jobs=8)]: Done 120 tasks      | elapsed:    5.6s
[Parallel(n_jobs=8)]: Done 300 tasks      | elapsed:   13.4s
[Parallel(n_jobs=8)]: Done 378 out of 378 | elapsed:   16.9s finished
[Parallel(n_jobs=8)]: Using backend LokyBackend with 8 concurrent workers.
[Parallel(n_jobs=8)]: Done  12 tasks      | elapsed:    0.1s
[Parallel(n_jobs=8)]: Done  21 out of  28 | elapsed:    0.1s remaining:    0.0s
[Parallel(n_jobs=8)]: Done  28 out of  28 | elapsed:    0.1s finished
[Parallel(n_jobs=8)]: Using backend LokyBackend with 8 concurrent workers.
[Parallel(n_jobs=8)]: Done  12 tasks      | elapsed:    1.0s
[Parallel(n_jobs=8)]: Done 120 tasks      | elapsed:    5.8s
[Parallel(n_jobs=8)]: Done 300 tasks      | elapsed:   13.8s
[Parallel(n_jobs=8)]: Done 378 out of 378 | elapsed:   17.3s finished
[Parallel(n_jobs=8)]: Using backend LokyBackend with 8 concurrent workers.
[Parallel(n_jobs=8)]: Done  12 tasks      | elapsed:    0.1s
[Parallel(n_jobs=8)]: Done  21 out of  28 | elapsed:    0.1s remaining:    0.0s
[Parallel(n_jobs=8)]: Done  28 out of  28 | elapsed:    0.1s finished
[Parallel(n_jobs=8)]: Using backend LokyBackend with 8 concurrent workers.
[Parallel(n_jobs=8)]: Done  12 tasks      | elapsed:    1.0s
[Parallel(n_jobs=8)]: Done 120 tasks      | elapsed:    5.8s
[Parallel(n_jobs=8)]: Done 300 tasks      | elapsed:   13.8s
[Parallel(n_jobs=8)]: Done 378 out of 378 | elapsed:   17.3s finished
[Parallel(n_jobs=8)]: Using backend LokyBackend with 8 concurrent workers.
[Parallel(n_jobs=8)]: Done  12 tasks      | elapsed:    0.1s
[Parallel(n_jobs=8)]: Done  28 out of  28 | elapsed:    0.1s finished
[Parallel(n_jobs=8)]: Using backend LokyBackend with 8 concurrent workers.
[Parallel(n_jobs=8)]: Done  12 tasks      | elapsed:    0.9s
[Parallel(n_jobs=8)]: Done 120 tasks      | elapsed:    5.7s
[Parallel(n_jobs=8)]: Done 300 tasks      | elapsed:   14.0s
[Parallel(n_jobs=8)]: Done 378 out of 378 | elapsed:   17.6s finished
[Parallel(n_jobs=8)]: Using backend LokyBackend with 8 concurrent workers.
[Parallel(n_jobs=8)]: Done  12 tasks      | elapsed:    0.1s
[Parallel(n_jobs=8)]: Done  21 out of  28 | elapsed:    0.1s remaining:    0.0s
[Parallel(n_jobs=8)]: Done  28 out of  28 | elapsed:    0.1s finished
[Parallel(n_jobs=8)]: Using backend LokyBackend with 8 concurrent workers.
[Parallel(n_jobs=8)]: Done  12 tasks      | elapsed:    1.0s
[Parallel(n_jobs=8)]: Done 120 tasks      | elapsed:    5.8s
[Parallel(n_jobs=8)]: Done 300 tasks      | elapsed:   13.9s
[Parallel(n_jobs=8)]: Done 378 out of 378 | elapsed:   17.4s finished
[Parallel(n_jobs=8)]: Using backend LokyBackend with 8 concurrent workers.
[Parallel(n_jobs=8)]: Done  12 tasks      | elapsed:    0.1s
[Parallel(n_jobs=8)]: Done  28 out of  28 | elapsed:    0.1s finished
[Parallel(n_jobs=8)]: Using backend LokyBackend with 8 concurrent workers.
[Parallel(n_jobs=8)]: Done  12 tasks      | elapsed:    1.0s
[Parallel(n_jobs=8)]: Done 120 tasks      | elapsed:    5.8s
[Parallel(n_jobs=8)]: Done 300 tasks      | elapsed:   13.9s
[Parallel(n_jobs=8)]: Done 378 out of 378 | elapsed:   17.4s finished
[Parallel(n_jobs=8)]: Using backend LokyBackend with 8 concurrent workers.
[Parallel(n_jobs=8)]: Done  12 tasks      | elapsed:    0.1s
[Parallel(n_jobs=8)]: Done  21 out of  28 | elapsed:    0.1s remaining:    0.0s
[Parallel(n_jobs=8)]: Done  28 out of  28 | elapsed:    0.1s finished
[Parallel(n_jobs=8)]: Using backend LokyBackend with 8 concurrent workers.
[Parallel(n_jobs=8)]: Done  12 tasks      | elapsed:    1.0s
[Parallel(n_jobs=8)]: Done 120 tasks      | elapsed:    5.9s
[Parallel(n_jobs=8)]: Done 300 tasks      | elapsed:   14.0s
[Parallel(n_jobs=8)]: Done 378 out of 378 | elapsed:   17.6s finished
[Parallel(n_jobs=8)]: Using backend LokyBackend with 8 concurrent workers.
[Parallel(n_jobs=8)]: Done  12 tasks      | elapsed:    0.1s
[Parallel(n_jobs=8)]: Done  28 out of  28 | elapsed:    0.1s finished
[Parallel(n_jobs=8)]: Using backend LokyBackend with 8 concurrent workers.
[Parallel(n_jobs=8)]: Done  12 tasks      | elapsed:    1.0s
[Parallel(n_jobs=8)]: Done 120 tasks      | elapsed:    5.8s
[Parallel(n_jobs=8)]: Done 300 tasks      | elapsed:   13.8s
[Parallel(n_jobs=8)]: Done 378 out of 378 | elapsed:   17.3s finished
[Parallel(n_jobs=8)]: Using backend LokyBackend with 8 concurrent workers.
[Parallel(n_jobs=8)]: Done  12 tasks      | elapsed:    0.1s
[Parallel(n_jobs=8)]: Done  21 out of  28 | elapsed:    0.1s remaining:    0.0s
[Parallel(n_jobs=8)]: Done  28 out of  28 | elapsed:    0.1s finished
[Parallel(n_jobs=8)]: Using backend LokyBackend with 8 concurrent workers.
[Parallel(n_jobs=8)]: Done  12 tasks      | elapsed:    0.9s
[Parallel(n_jobs=8)]: Done 120 tasks      | elapsed:    5.8s
[Parallel(n_jobs=8)]: Done 300 tasks      | elapsed:   13.8s
[Parallel(n_jobs=8)]: Done 378 out of 378 | elapsed:   17.4s finished
[Parallel(n_jobs=8)]: Using backend LokyBackend with 8 concurrent workers.
[Parallel(n_jobs=8)]: Done  12 tasks      | elapsed:    0.4s
[Parallel(n_jobs=8)]: Done  21 out of  28 | elapsed:    0.4s remaining:    0.1s
[Parallel(n_jobs=8)]: Done  28 out of  28 | elapsed:    0.4s finished
[Parallel(n_jobs=8)]: Using backend LokyBackend with 8 concurrent workers.
[Parallel(n_jobs=8)]: Done  12 tasks      | elapsed:    1.1s
[Parallel(n_jobs=8)]: Done 120 tasks      | elapsed:    5.8s
[Parallel(n_jobs=8)]: Done 300 tasks      | elapsed:   13.8s
[Parallel(n_jobs=8)]: Done 378 out of 378 | elapsed:   17.3s finished
[Parallel(n_jobs=8)]: Using backend LokyBackend with 8 concurrent workers.
[Parallel(n_jobs=8)]: Done  12 tasks      | elapsed:    0.1s
[Parallel(n_jobs=8)]: Done  21 out of  28 | elapsed:    0.1s remaining:    0.0s
[Parallel(n_jobs=8)]: Done  28 out of  28 | elapsed:    0.1s finished
[Parallel(n_jobs=8)]: Using backend LokyBackend with 8 concurrent workers.
[Parallel(n_jobs=8)]: Done  12 tasks      | elapsed:    1.0s
[Parallel(n_jobs=8)]: Done 120 tasks      | elapsed:    5.8s
[Parallel(n_jobs=8)]: Done 300 tasks      | elapsed:   13.8s
[Parallel(n_jobs=8)]: Done 378 out of 378 | elapsed:   17.4s finished
[Parallel(n_jobs=8)]: Using backend LokyBackend with 8 concurrent workers.
[Parallel(n_jobs=8)]: Done  12 tasks      | elapsed:    0.1s
[Parallel(n_jobs=8)]: Done  21 out of  28 | elapsed:    0.1s remaining:    0.0s
[Parallel(n_jobs=8)]: Done  28 out of  28 | elapsed:    0.1s finished
[Parallel(n_jobs=8)]: Using backend LokyBackend with 8 concurrent workers.
[Parallel(n_jobs=8)]: Done  12 tasks      | elapsed:    1.0s
[Parallel(n_jobs=8)]: Done 120 tasks      | elapsed:    5.9s
[Parallel(n_jobs=8)]: Done 300 tasks      | elapsed:   13.9s
[Parallel(n_jobs=8)]: Done 378 out of 378 | elapsed:   17.6s finished
[Parallel(n_jobs=8)]: Using backend LokyBackend with 8 concurrent workers.
[Parallel(n_jobs=8)]: Done  12 tasks      | elapsed:    0.1s
[Parallel(n_jobs=8)]: Done  21 out of  28 | elapsed:    0.1s remaining:    0.0s
[Parallel(n_jobs=8)]: Done  28 out of  28 | elapsed:    0.1s finished
[Parallel(n_jobs=8)]: Using backend LokyBackend with 8 concurrent workers.
[Parallel(n_jobs=8)]: Done  12 tasks      | elapsed:    1.0s
[Parallel(n_jobs=8)]: Done 120 tasks      | elapsed:    5.8s
[Parallel(n_jobs=8)]: Done 300 tasks      | elapsed:   13.8s
[Parallel(n_jobs=8)]: Done 378 out of 378 | elapsed:   17.4s finished
[Parallel(n_jobs=8)]: Using backend LokyBackend with 8 concurrent workers.
[Parallel(n_jobs=8)]: Done  12 tasks      | elapsed:    0.1s
[Parallel(n_jobs=8)]: Done  21 out of  28 | elapsed:    0.1s remaining:    0.0s
[Parallel(n_jobs=8)]: Done  28 out of  28 | elapsed:    0.1s finished
[Parallel(n_jobs=8)]: Using backend LokyBackend with 8 concurrent workers.
[Parallel(n_jobs=8)]: Done  12 tasks      | elapsed:    1.0s
[Parallel(n_jobs=8)]: Done 120 tasks      | elapsed:    5.8s
[Parallel(n_jobs=8)]: Done 300 tasks      | elapsed:   13.9s
[Parallel(n_jobs=8)]: Done 378 out of 378 | elapsed:   17.4s finished
[Parallel(n_jobs=8)]: Using backend LokyBackend with 8 concurrent workers.
[Parallel(n_jobs=8)]: Done  12 tasks      | elapsed:    0.1s
[Parallel(n_jobs=8)]: Done  21 out of  28 | elapsed:    0.1s remaining:    0.0s
[Parallel(n_jobs=8)]: Done  28 out of  28 | elapsed:    0.1s finished
[Parallel(n_jobs=8)]: Using backend LokyBackend with 8 concurrent workers.
[Parallel(n_jobs=8)]: Done  12 tasks      | elapsed:    0.9s
[Parallel(n_jobs=8)]: Done 120 tasks      | elapsed:    5.7s
[Parallel(n_jobs=8)]: Done 300 tasks      | elapsed:   13.7s
[Parallel(n_jobs=8)]: Done 378 out of 378 | elapsed:   17.2s finished
[Parallel(n_jobs=8)]: Using backend LokyBackend with 8 concurrent workers.
[Parallel(n_jobs=8)]: Done  12 tasks      | elapsed:    0.1s
[Parallel(n_jobs=8)]: Done  28 out of  28 | elapsed:    0.1s finished
[Parallel(n_jobs=8)]: Using backend LokyBackend with 8 concurrent workers.
[Parallel(n_jobs=8)]: Done  12 tasks      | elapsed:    1.0s
[Parallel(n_jobs=8)]: Done 120 tasks      | elapsed:    5.9s
[Parallel(n_jobs=8)]: Done 300 tasks      | elapsed:   13.9s
[Parallel(n_jobs=8)]: Done 378 out of 378 | elapsed:   17.5s finished
[Parallel(n_jobs=8)]: Using backend LokyBackend with 8 concurrent workers.
[Parallel(n_jobs=8)]: Done  12 tasks      | elapsed:    0.1s
[Parallel(n_jobs=8)]: Done  21 out of  28 | elapsed:    0.1s remaining:    0.0s
[Parallel(n_jobs=8)]: Done  28 out of  28 | elapsed:    0.1s finished
[Parallel(n_jobs=8)]: Using backend LokyBackend with 8 concurrent workers.
[Parallel(n_jobs=8)]: Done  12 tasks      | elapsed:    1.1s
[Parallel(n_jobs=8)]: Done 120 tasks      | elapsed:    6.0s
[Parallel(n_jobs=8)]: Done 300 tasks      | elapsed:   14.1s
[Parallel(n_jobs=8)]: Done 378 out of 378 | elapsed:   17.7s finished
[Parallel(n_jobs=8)]: Using backend LokyBackend with 8 concurrent workers.
[Parallel(n_jobs=8)]: Done  12 tasks      | elapsed:    0.1s
[Parallel(n_jobs=8)]: Done  21 out of  28 | elapsed:    0.1s remaining:    0.0s
[Parallel(n_jobs=8)]: Done  28 out of  28 | elapsed:    0.1s finished
[Parallel(n_jobs=8)]: Using backend LokyBackend with 8 concurrent workers.
[Parallel(n_jobs=8)]: Done  12 tasks      | elapsed:    0.9s
[Parallel(n_jobs=8)]: Done 120 tasks      | elapsed:    5.9s
[Parallel(n_jobs=8)]: Done 300 tasks      | elapsed:   14.3s
[Parallel(n_jobs=8)]: Done 378 out of 378 | elapsed:   17.9s finished
[Parallel(n_jobs=8)]: Using backend LokyBackend with 8 concurrent workers.
[Parallel(n_jobs=8)]: Done  12 tasks      | elapsed:    0.1s
[Parallel(n_jobs=8)]: Done  28 out of  28 | elapsed:    0.1s finished
[Parallel(n_jobs=8)]: Using backend LokyBackend with 8 concurrent workers.
[Parallel(n_jobs=8)]: Done  12 tasks      | elapsed:    1.0s
[Parallel(n_jobs=8)]: Done 120 tasks      | elapsed:    5.8s
[Parallel(n_jobs=8)]: Done 300 tasks      | elapsed:   13.8s
[Parallel(n_jobs=8)]: Done 378 out of 378 | elapsed:   17.4s finished
[Parallel(n_jobs=8)]: Using backend LokyBackend with 8 concurrent workers.
[Parallel(n_jobs=8)]: Done  12 tasks      | elapsed:    0.1s
[Parallel(n_jobs=8)]: Done  21 out of  28 | elapsed:    0.1s remaining:    0.0s
[Parallel(n_jobs=8)]: Done  28 out of  28 | elapsed:    0.1s finished
[Parallel(n_jobs=8)]: Using backend LokyBackend with 8 concurrent workers.
[Parallel(n_jobs=8)]: Done  12 tasks      | elapsed:    0.9s
[Parallel(n_jobs=8)]: Done 120 tasks      | elapsed:    5.7s
[Parallel(n_jobs=8)]: Done 300 tasks      | elapsed:   13.8s
[Parallel(n_jobs=8)]: Done 378 out of 378 | elapsed:   17.4s finished
[Parallel(n_jobs=8)]: Using backend LokyBackend with 8 concurrent workers.
[Parallel(n_jobs=8)]: Done  12 tasks      | elapsed:    0.1s
[Parallel(n_jobs=8)]: Done  28 out of  28 | elapsed:    0.1s finished
[Parallel(n_jobs=8)]: Using backend LokyBackend with 8 concurrent workers.
[Parallel(n_jobs=8)]: Done  12 tasks      | elapsed:    1.0s
[Parallel(n_jobs=8)]: Done 120 tasks      | elapsed:    5.8s
[Parallel(n_jobs=8)]: Done 300 tasks      | elapsed:   14.0s
[Parallel(n_jobs=8)]: Done 378 out of 378 | elapsed:   17.6s finished
[Parallel(n_jobs=8)]: Using backend LokyBackend with 8 concurrent workers.
[Parallel(n_jobs=8)]: Done  12 tasks      | elapsed:    0.1s
[Parallel(n_jobs=8)]: Done  21 out of  28 | elapsed:    0.1s remaining:    0.0s
[Parallel(n_jobs=8)]: Done  28 out of  28 | elapsed:    0.1s finished
[Parallel(n_jobs=8)]: Using backend LokyBackend with 8 concurrent workers.
[Parallel(n_jobs=8)]: Done  12 tasks      | elapsed:    1.0s
[Parallel(n_jobs=8)]: Done 120 tasks      | elapsed:    5.8s
[Parallel(n_jobs=8)]: Done 300 tasks      | elapsed:   14.0s
[Parallel(n_jobs=8)]: Done 378 out of 378 | elapsed:   17.6s finished
[Parallel(n_jobs=8)]: Using backend LokyBackend with 8 concurrent workers.
[Parallel(n_jobs=8)]: Done  12 tasks      | elapsed:    0.1s
[Parallel(n_jobs=8)]: Done  21 out of  28 | elapsed:    0.1s remaining:    0.0s
[Parallel(n_jobs=8)]: Done  28 out of  28 | elapsed:    0.1s finished
[Parallel(n_jobs=8)]: Using backend LokyBackend with 8 concurrent workers.
[Parallel(n_jobs=8)]: Done  12 tasks      | elapsed:    1.0s
[Parallel(n_jobs=8)]: Done 120 tasks      | elapsed:    5.9s
[Parallel(n_jobs=8)]: Done 300 tasks      | elapsed:   14.3s
[Parallel(n_jobs=8)]: Done 378 out of 378 | elapsed:   17.9s finished
[Parallel(n_jobs=8)]: Using backend LokyBackend with 8 concurrent workers.
[Parallel(n_jobs=8)]: Done  12 tasks      | elapsed:    0.1s
[Parallel(n_jobs=8)]: Done  21 out of  28 | elapsed:    0.1s remaining:    0.0s
[Parallel(n_jobs=8)]: Done  28 out of  28 | elapsed:    0.1s finished
[Parallel(n_jobs=8)]: Using backend LokyBackend with 8 concurrent workers.
[Parallel(n_jobs=8)]: Done  12 tasks      | elapsed:    1.0s
[Parallel(n_jobs=8)]: Done 120 tasks      | elapsed:    5.9s
[Parallel(n_jobs=8)]: Done 300 tasks      | elapsed:   13.8s
[Parallel(n_jobs=8)]: Done 378 out of 378 | elapsed:   17.4s finished
[Parallel(n_jobs=8)]: Using backend LokyBackend with 8 concurrent workers.
[Parallel(n_jobs=8)]: Done  12 tasks      | elapsed:    0.1s
[Parallel(n_jobs=8)]: Done  28 out of  28 | elapsed:    0.1s finished
[Parallel(n_jobs=8)]: Using backend LokyBackend with 8 concurrent workers.
[Parallel(n_jobs=8)]: Done  12 tasks      | elapsed:    1.0s
[Parallel(n_jobs=8)]: Done 120 tasks      | elapsed:    5.8s
[Parallel(n_jobs=8)]: Done 300 tasks      | elapsed:   13.9s
[Parallel(n_jobs=8)]: Done 378 out of 378 | elapsed:   17.5s finished
[Parallel(n_jobs=8)]: Using backend LokyBackend with 8 concurrent workers.
[Parallel(n_jobs=8)]: Done  12 tasks      | elapsed:    0.1s
[Parallel(n_jobs=8)]: Done  21 out of  28 | elapsed:    0.1s remaining:    0.0s
[Parallel(n_jobs=8)]: Done  28 out of  28 | elapsed:    0.1s finished
[Parallel(n_jobs=8)]: Using backend LokyBackend with 8 concurrent workers.
[Parallel(n_jobs=8)]: Done  12 tasks      | elapsed:    1.0s
[Parallel(n_jobs=8)]: Done 120 tasks      | elapsed:    6.0s
[Parallel(n_jobs=8)]: Done 300 tasks      | elapsed:   14.0s
[Parallel(n_jobs=8)]: Done 378 out of 378 | elapsed:   17.6s finished
[Parallel(n_jobs=8)]: Using backend LokyBackend with 8 concurrent workers.
[Parallel(n_jobs=8)]: Done  12 tasks      | elapsed:    0.1s
[Parallel(n_jobs=8)]: Done  21 out of  28 | elapsed:    0.1s remaining:    0.0s
[Parallel(n_jobs=8)]: Done  28 out of  28 | elapsed:    0.1s finished
[Parallel(n_jobs=8)]: Using backend LokyBackend with 8 concurrent workers.
[Parallel(n_jobs=8)]: Done  12 tasks      | elapsed:    1.0s
[Parallel(n_jobs=8)]: Done 120 tasks      | elapsed:    5.8s
[Parallel(n_jobs=8)]: Done 300 tasks      | elapsed:   13.9s
[Parallel(n_jobs=8)]: Done 378 out of 378 | elapsed:   17.4s finished
[Parallel(n_jobs=8)]: Using backend LokyBackend with 8 concurrent workers.
[Parallel(n_jobs=8)]: Done  12 tasks      | elapsed:    0.1s
[Parallel(n_jobs=8)]: Done  28 out of  28 | elapsed:    0.1s finished
[Parallel(n_jobs=8)]: Using backend LokyBackend with 8 concurrent workers.
[Parallel(n_jobs=8)]: Done  12 tasks      | elapsed:    1.0s
[Parallel(n_jobs=8)]: Done 120 tasks      | elapsed:    6.0s
[Parallel(n_jobs=8)]: Done 300 tasks      | elapsed:   14.1s
[Parallel(n_jobs=8)]: Done 378 out of 378 | elapsed:   17.7s finished
[Parallel(n_jobs=8)]: Using backend LokyBackend with 8 concurrent workers.
[Parallel(n_jobs=8)]: Done  12 tasks      | elapsed:    0.1s
[Parallel(n_jobs=8)]: Done  28 out of  28 | elapsed:    0.1s finished
[Parallel(n_jobs=8)]: Using backend LokyBackend with 8 concurrent workers.
[Parallel(n_jobs=8)]: Done  12 tasks      | elapsed:    1.0s
[Parallel(n_jobs=8)]: Done 120 tasks      | elapsed:    6.1s
[Parallel(n_jobs=8)]: Done 300 tasks      | elapsed:   14.1s
[Parallel(n_jobs=8)]: Done 378 out of 378 | elapsed:   17.7s finished
[Parallel(n_jobs=8)]: Using backend LokyBackend with 8 concurrent workers.
[Parallel(n_jobs=8)]: Done  12 tasks      | elapsed:    0.1s
[Parallel(n_jobs=8)]: Done  28 out of  28 | elapsed:    0.1s finished
[Parallel(n_jobs=8)]: Using backend LokyBackend with 8 concurrent workers.
[Parallel(n_jobs=8)]: Done  12 tasks      | elapsed:    1.0s
[Parallel(n_jobs=8)]: Done 120 tasks      | elapsed:    5.9s
[Parallel(n_jobs=8)]: Done 300 tasks      | elapsed:   14.1s
[Parallel(n_jobs=8)]: Done 378 out of 378 | elapsed:   17.7s finished
[Parallel(n_jobs=8)]: Using backend LokyBackend with 8 concurrent workers.
[Parallel(n_jobs=8)]: Done  12 tasks      | elapsed:    0.1s
[Parallel(n_jobs=8)]: Done  28 out of  28 | elapsed:    0.1s finished
[Parallel(n_jobs=8)]: Using backend LokyBackend with 8 concurrent workers.
[Parallel(n_jobs=8)]: Done  12 tasks      | elapsed:    1.1s
[Parallel(n_jobs=8)]: Done 120 tasks      | elapsed:    5.8s
[Parallel(n_jobs=8)]: Done 300 tasks      | elapsed:   13.9s
[Parallel(n_jobs=8)]: Done 378 out of 378 | elapsed:   17.4s finished
[Parallel(n_jobs=8)]: Using backend LokyBackend with 8 concurrent workers.
[Parallel(n_jobs=8)]: Done  12 tasks      | elapsed:    0.1s
[Parallel(n_jobs=8)]: Done  28 out of  28 | elapsed:    0.1s finished
[Parallel(n_jobs=8)]: Using backend LokyBackend with 8 concurrent workers.
[Parallel(n_jobs=8)]: Done  12 tasks      | elapsed:    1.0s
[Parallel(n_jobs=8)]: Done 120 tasks      | elapsed:    5.9s
[Parallel(n_jobs=8)]: Done 300 tasks      | elapsed:   13.9s
[Parallel(n_jobs=8)]: Done 378 out of 378 | elapsed:   17.4s finished
[Parallel(n_jobs=8)]: Using backend LokyBackend with 8 concurrent workers.
[Parallel(n_jobs=8)]: Done  12 tasks      | elapsed:    0.1s
[Parallel(n_jobs=8)]: Done  21 out of  28 | elapsed:    0.1s remaining:    0.0s
[Parallel(n_jobs=8)]: Done  28 out of  28 | elapsed:    0.1s finished
[Parallel(n_jobs=8)]: Using backend LokyBackend with 8 concurrent workers.
[Parallel(n_jobs=8)]: Done  12 tasks      | elapsed:    1.0s
[Parallel(n_jobs=8)]: Done 120 tasks      | elapsed:    5.9s
[Parallel(n_jobs=8)]: Done 300 tasks      | elapsed:   14.0s
[Parallel(n_jobs=8)]: Done 378 out of 378 | elapsed:   17.6s finished
[Parallel(n_jobs=8)]: Using backend LokyBackend with 8 concurrent workers.
[Parallel(n_jobs=8)]: Done  12 tasks      | elapsed:    0.1s
[Parallel(n_jobs=8)]: Done  28 out of  28 | elapsed:    0.1s finished
[Parallel(n_jobs=8)]: Using backend LokyBackend with 8 concurrent workers.
[Parallel(n_jobs=8)]: Done  12 tasks      | elapsed:    0.9s
[Parallel(n_jobs=8)]: Done 120 tasks      | elapsed:    5.8s
[Parallel(n_jobs=8)]: Done 300 tasks      | elapsed:   14.0s
[Parallel(n_jobs=8)]: Done 378 out of 378 | elapsed:   17.6s finished
[Parallel(n_jobs=8)]: Using backend LokyBackend with 8 concurrent workers.
[Parallel(n_jobs=8)]: Done  12 tasks      | elapsed:    0.1s
[Parallel(n_jobs=8)]: Done  28 out of  28 | elapsed:    0.1s finished
[Parallel(n_jobs=8)]: Using backend LokyBackend with 8 concurrent workers.
[Parallel(n_jobs=8)]: Done  12 tasks      | elapsed:    1.0s
[Parallel(n_jobs=8)]: Done 120 tasks      | elapsed:    6.0s
[Parallel(n_jobs=8)]: Done 300 tasks      | elapsed:   14.1s
[Parallel(n_jobs=8)]: Done 378 out of 378 | elapsed:   17.6s finished
[Parallel(n_jobs=8)]: Using backend LokyBackend with 8 concurrent workers.
[Parallel(n_jobs=8)]: Done  12 tasks      | elapsed:    0.1s
[Parallel(n_jobs=8)]: Done  28 out of  28 | elapsed:    0.1s finished
[Parallel(n_jobs=8)]: Using backend LokyBackend with 8 concurrent workers.
[Parallel(n_jobs=8)]: Done  12 tasks      | elapsed:    1.1s
[Parallel(n_jobs=8)]: Done 120 tasks      | elapsed:    6.2s
[Parallel(n_jobs=8)]: Done 300 tasks      | elapsed:   14.3s
[Parallel(n_jobs=8)]: Done 378 out of 378 | elapsed:   17.9s finished
[Parallel(n_jobs=8)]: Using backend LokyBackend with 8 concurrent workers.
[Parallel(n_jobs=8)]: Done  12 tasks      | elapsed:    0.1s
[Parallel(n_jobs=8)]: Done  21 out of  28 | elapsed:    0.1s remaining:    0.0s
[Parallel(n_jobs=8)]: Done  28 out of  28 | elapsed:    0.1s finished
[Parallel(n_jobs=8)]: Using backend LokyBackend with 8 concurrent workers.
[Parallel(n_jobs=8)]: Done  12 tasks      | elapsed:    1.0s
[Parallel(n_jobs=8)]: Done 120 tasks      | elapsed:    5.9s
[Parallel(n_jobs=8)]: Done 300 tasks      | elapsed:   14.1s
[Parallel(n_jobs=8)]: Done 378 out of 378 | elapsed:   17.9s finished
[Parallel(n_jobs=8)]: Using backend LokyBackend with 8 concurrent workers.
[Parallel(n_jobs=8)]: Done  12 tasks      | elapsed:    0.1s
[Parallel(n_jobs=8)]: Done  21 out of  28 | elapsed:    0.1s remaining:    0.0s
[Parallel(n_jobs=8)]: Done  28 out of  28 | elapsed:    0.1s finished
[Parallel(n_jobs=8)]: Using backend LokyBackend with 8 concurrent workers.
[Parallel(n_jobs=8)]: Done  12 tasks      | elapsed:    1.0s
[Parallel(n_jobs=8)]: Done 120 tasks      | elapsed:    6.1s
[Parallel(n_jobs=8)]: Done 300 tasks      | elapsed:   14.4s
[Parallel(n_jobs=8)]: Done 378 out of 378 | elapsed:   18.1s finished
[Parallel(n_jobs=8)]: Using backend LokyBackend with 8 concurrent workers.
[Parallel(n_jobs=8)]: Done  12 tasks      | elapsed:    0.1s
[Parallel(n_jobs=8)]: Done  21 out of  28 | elapsed:    0.1s remaining:    0.0s
[Parallel(n_jobs=8)]: Done  28 out of  28 | elapsed:    0.1s finished
[Parallel(n_jobs=8)]: Using backend LokyBackend with 8 concurrent workers.
[Parallel(n_jobs=8)]: Done  12 tasks      | elapsed:    1.0s
[Parallel(n_jobs=8)]: Done 120 tasks      | elapsed:    5.8s
[Parallel(n_jobs=8)]: Done 300 tasks      | elapsed:   14.0s
[Parallel(n_jobs=8)]: Done 378 out of 378 | elapsed:   17.6s finished
[Parallel(n_jobs=8)]: Using backend LokyBackend with 8 concurrent workers.
[Parallel(n_jobs=8)]: Done  12 tasks      | elapsed:    0.1s
[Parallel(n_jobs=8)]: Done  28 out of  28 | elapsed:    0.1s finished
[Parallel(n_jobs=8)]: Using backend LokyBackend with 8 concurrent workers.
[Parallel(n_jobs=8)]: Done  12 tasks      | elapsed:    1.0s
[Parallel(n_jobs=8)]: Done 120 tasks      | elapsed:    5.9s
[Parallel(n_jobs=8)]: Done 300 tasks      | elapsed:   14.1s
[Parallel(n_jobs=8)]: Done 378 out of 378 | elapsed:   17.7s finished
[Parallel(n_jobs=8)]: Using backend LokyBackend with 8 concurrent workers.
[Parallel(n_jobs=8)]: Done  12 tasks      | elapsed:    0.1s
[Parallel(n_jobs=8)]: Done  21 out of  28 | elapsed:    0.1s remaining:    0.0s
[Parallel(n_jobs=8)]: Done  28 out of  28 | elapsed:    0.1s finished
[Parallel(n_jobs=8)]: Using backend LokyBackend with 8 concurrent workers.
[Parallel(n_jobs=8)]: Done  12 tasks      | elapsed:    1.0s
[Parallel(n_jobs=8)]: Done 120 tasks      | elapsed:    5.8s
[Parallel(n_jobs=8)]: Done 300 tasks      | elapsed:   14.0s
[Parallel(n_jobs=8)]: Done 378 out of 378 | elapsed:   17.6s finished
[Parallel(n_jobs=8)]: Using backend LokyBackend with 8 concurrent workers.
[Parallel(n_jobs=8)]: Done  12 tasks      | elapsed:    0.1s
[Parallel(n_jobs=8)]: Done  21 out of  28 | elapsed:    0.1s remaining:    0.0s
[Parallel(n_jobs=8)]: Done  28 out of  28 | elapsed:    0.1s finished
[Parallel(n_jobs=8)]: Using backend LokyBackend with 8 concurrent workers.
[Parallel(n_jobs=8)]: Done  12 tasks      | elapsed:    1.0s
[Parallel(n_jobs=8)]: Done 120 tasks      | elapsed:    5.8s
[Parallel(n_jobs=8)]: Done 300 tasks      | elapsed:   14.0s
[Parallel(n_jobs=8)]: Done 378 out of 378 | elapsed:   17.6s finished
[Parallel(n_jobs=8)]: Using backend LokyBackend with 8 concurrent workers.
[Parallel(n_jobs=8)]: Done  12 tasks      | elapsed:    0.1s
[Parallel(n_jobs=8)]: Done  21 out of  28 | elapsed:    0.1s remaining:    0.0s
[Parallel(n_jobs=8)]: Done  28 out of  28 | elapsed:    0.1s finished
[Parallel(n_jobs=8)]: Using backend LokyBackend with 8 concurrent workers.
[Parallel(n_jobs=8)]: Done  12 tasks      | elapsed:    1.0s
[Parallel(n_jobs=8)]: Done 120 tasks      | elapsed:    6.0s
[Parallel(n_jobs=8)]: Done 300 tasks      | elapsed:   14.4s
[Parallel(n_jobs=8)]: Done 378 out of 378 | elapsed:   18.0s finished
[Parallel(n_jobs=8)]: Using backend LokyBackend with 8 concurrent workers.
[Parallel(n_jobs=8)]: Done  12 tasks      | elapsed:    0.1s
[Parallel(n_jobs=8)]: Done  28 out of  28 | elapsed:    0.1s finished
[Parallel(n_jobs=8)]: Using backend LokyBackend with 8 concurrent workers.
[Parallel(n_jobs=8)]: Done  12 tasks      | elapsed:    1.0s
[Parallel(n_jobs=8)]: Done 120 tasks      | elapsed:    5.9s
[Parallel(n_jobs=8)]: Done 300 tasks      | elapsed:   14.1s
[Parallel(n_jobs=8)]: Done 378 out of 378 | elapsed:   17.7s finished
[Parallel(n_jobs=8)]: Using backend LokyBackend with 8 concurrent workers.
[Parallel(n_jobs=8)]: Done  12 tasks      | elapsed:    0.1s
[Parallel(n_jobs=8)]: Done  28 out of  28 | elapsed:    0.1s finished
[Parallel(n_jobs=8)]: Using backend LokyBackend with 8 concurrent workers.
[Parallel(n_jobs=8)]: Done  12 tasks      | elapsed:    1.0s
[Parallel(n_jobs=8)]: Done 120 tasks      | elapsed:    5.9s
[Parallel(n_jobs=8)]: Done 300 tasks      | elapsed:   14.0s
[Parallel(n_jobs=8)]: Done 378 out of 378 | elapsed:   17.7s finished
[Parallel(n_jobs=8)]: Using backend LokyBackend with 8 concurrent workers.
[Parallel(n_jobs=8)]: Done  12 tasks      | elapsed:    0.1s
[Parallel(n_jobs=8)]: Done  21 out of  28 | elapsed:    0.1s remaining:    0.0s
[Parallel(n_jobs=8)]: Done  28 out of  28 | elapsed:    0.1s finished
[Parallel(n_jobs=8)]: Using backend LokyBackend with 8 concurrent workers.
[Parallel(n_jobs=8)]: Done  12 tasks      | elapsed:    1.0s
[Parallel(n_jobs=8)]: Done 120 tasks      | elapsed:    5.9s
[Parallel(n_jobs=8)]: Done 300 tasks      | elapsed:   14.0s
[Parallel(n_jobs=8)]: Done 378 out of 378 | elapsed:   17.6s finished
[Parallel(n_jobs=8)]: Using backend LokyBackend with 8 concurrent workers.
[Parallel(n_jobs=8)]: Done  12 tasks      | elapsed:    0.1s
[Parallel(n_jobs=8)]: Done  28 out of  28 | elapsed:    0.1s finished
[Parallel(n_jobs=8)]: Using backend LokyBackend with 8 concurrent workers.
[Parallel(n_jobs=8)]: Done  12 tasks      | elapsed:    1.0s
[Parallel(n_jobs=8)]: Done 120 tasks      | elapsed:    5.9s
[Parallel(n_jobs=8)]: Done 300 tasks      | elapsed:   14.1s
[Parallel(n_jobs=8)]: Done 378 out of 378 | elapsed:   17.8s finished
[Parallel(n_jobs=8)]: Using backend LokyBackend with 8 concurrent workers.
[Parallel(n_jobs=8)]: Done  12 tasks      | elapsed:    0.1s
[Parallel(n_jobs=8)]: Done  28 out of  28 | elapsed:    0.1s finished
[Parallel(n_jobs=8)]: Using backend LokyBackend with 8 concurrent workers.
[Parallel(n_jobs=8)]: Done  12 tasks      | elapsed:    1.0s
[Parallel(n_jobs=8)]: Done 120 tasks      | elapsed:    6.0s
[Parallel(n_jobs=8)]: Done 300 tasks      | elapsed:   14.2s
[Parallel(n_jobs=8)]: Done 378 out of 378 | elapsed:   17.8s finished
[Parallel(n_jobs=8)]: Using backend LokyBackend with 8 concurrent workers.
[Parallel(n_jobs=8)]: Done  12 tasks      | elapsed:    0.1s
[Parallel(n_jobs=8)]: Done  21 out of  28 | elapsed:    0.1s remaining:    0.0s
[Parallel(n_jobs=8)]: Done  28 out of  28 | elapsed:    0.1s finished
[Parallel(n_jobs=8)]: Using backend LokyBackend with 8 concurrent workers.
[Parallel(n_jobs=8)]: Done  12 tasks      | elapsed:    1.0s
[Parallel(n_jobs=8)]: Done 120 tasks      | elapsed:    6.0s
[Parallel(n_jobs=8)]: Done 300 tasks      | elapsed:   14.2s
[Parallel(n_jobs=8)]: Done 378 out of 378 | elapsed:   17.8s finished
[Parallel(n_jobs=8)]: Using backend LokyBackend with 8 concurrent workers.
[Parallel(n_jobs=8)]: Done  12 tasks      | elapsed:    0.1s
[Parallel(n_jobs=8)]: Done  21 out of  28 | elapsed:    0.1s remaining:    0.0s
[Parallel(n_jobs=8)]: Done  28 out of  28 | elapsed:    0.1s finished
[Parallel(n_jobs=8)]: Using backend LokyBackend with 8 concurrent workers.
[Parallel(n_jobs=8)]: Done  12 tasks      | elapsed:    1.0s
[Parallel(n_jobs=8)]: Done 120 tasks      | elapsed:    5.9s
[Parallel(n_jobs=8)]: Done 300 tasks      | elapsed:   14.1s
[Parallel(n_jobs=8)]: Done 378 out of 378 | elapsed:   17.7s finished
[Parallel(n_jobs=8)]: Using backend LokyBackend with 8 concurrent workers.
[Parallel(n_jobs=8)]: Done  12 tasks      | elapsed:    0.1s
[Parallel(n_jobs=8)]: Done  21 out of  28 | elapsed:    0.1s remaining:    0.0s
[Parallel(n_jobs=8)]: Done  28 out of  28 | elapsed:    0.1s finished
[Parallel(n_jobs=8)]: Using backend LokyBackend with 8 concurrent workers.
[Parallel(n_jobs=8)]: Done  12 tasks      | elapsed:    1.0s
[Parallel(n_jobs=8)]: Done 120 tasks      | elapsed:    5.9s
[Parallel(n_jobs=8)]: Done 300 tasks      | elapsed:   14.0s
[Parallel(n_jobs=8)]: Done 378 out of 378 | elapsed:   17.7s finished
[Parallel(n_jobs=8)]: Using backend LokyBackend with 8 concurrent workers.
[Parallel(n_jobs=8)]: Done  12 tasks      | elapsed:    0.1s
[Parallel(n_jobs=8)]: Done  28 out of  28 | elapsed:    0.1s finished
[Parallel(n_jobs=8)]: Using backend LokyBackend with 8 concurrent workers.
[Parallel(n_jobs=8)]: Done  12 tasks      | elapsed:    1.0s
[Parallel(n_jobs=8)]: Done 120 tasks      | elapsed:    5.9s
[Parallel(n_jobs=8)]: Done 300 tasks      | elapsed:   14.1s
[Parallel(n_jobs=8)]: Done 378 out of 378 | elapsed:   17.7s finished
[Parallel(n_jobs=8)]: Using backend LokyBackend with 8 concurrent workers.
[Parallel(n_jobs=8)]: Done  12 tasks      | elapsed:    0.1s
[Parallel(n_jobs=8)]: Done  21 out of  28 | elapsed:    0.1s remaining:    0.0s
[Parallel(n_jobs=8)]: Done  28 out of  28 | elapsed:    0.1s finished
[Parallel(n_jobs=8)]: Using backend LokyBackend with 8 concurrent workers.
[Parallel(n_jobs=8)]: Done  12 tasks      | elapsed:    1.0s
[Parallel(n_jobs=8)]: Done 120 tasks      | elapsed:    6.0s
[Parallel(n_jobs=8)]: Done 300 tasks      | elapsed:   14.4s
[Parallel(n_jobs=8)]: Done 378 out of 378 | elapsed:   18.0s finished
[Parallel(n_jobs=8)]: Using backend LokyBackend with 8 concurrent workers.
[Parallel(n_jobs=8)]: Done  12 tasks      | elapsed:    0.1s
[Parallel(n_jobs=8)]: Done  28 out of  28 | elapsed:    0.1s finished
[Parallel(n_jobs=8)]: Using backend LokyBackend with 8 concurrent workers.
[Parallel(n_jobs=8)]: Done  12 tasks      | elapsed:    0.9s
[Parallel(n_jobs=8)]: Done 120 tasks      | elapsed:    5.8s
[Parallel(n_jobs=8)]: Done 300 tasks      | elapsed:   14.0s
[Parallel(n_jobs=8)]: Done 378 out of 378 | elapsed:   17.6s finished
[Parallel(n_jobs=8)]: Using backend LokyBackend with 8 concurrent workers.
[Parallel(n_jobs=8)]: Done  12 tasks      | elapsed:    0.1s
[Parallel(n_jobs=8)]: Done  28 out of  28 | elapsed:    0.1s finished
[Parallel(n_jobs=8)]: Using backend LokyBackend with 8 concurrent workers.
[Parallel(n_jobs=8)]: Done  12 tasks      | elapsed:    1.0s
[Parallel(n_jobs=8)]: Done 120 tasks      | elapsed:    5.9s
[Parallel(n_jobs=8)]: Done 300 tasks      | elapsed:   14.2s
[Parallel(n_jobs=8)]: Done 378 out of 378 | elapsed:   17.7s finished
[Parallel(n_jobs=8)]: Using backend LokyBackend with 8 concurrent workers.
[Parallel(n_jobs=8)]: Done  12 tasks      | elapsed:    0.1s
[Parallel(n_jobs=8)]: Done  21 out of  28 | elapsed:    0.1s remaining:    0.0s
[Parallel(n_jobs=8)]: Done  28 out of  28 | elapsed:    0.1s finished
[Parallel(n_jobs=8)]: Using backend LokyBackend with 8 concurrent workers.
[Parallel(n_jobs=8)]: Done  12 tasks      | elapsed:    1.0s
[Parallel(n_jobs=8)]: Done 120 tasks      | elapsed:    5.9s
[Parallel(n_jobs=8)]: Done 300 tasks      | elapsed:   14.1s
[Parallel(n_jobs=8)]: Done 378 out of 378 | elapsed:   17.7s finished
[Parallel(n_jobs=8)]: Using backend LokyBackend with 8 concurrent workers.
[Parallel(n_jobs=8)]: Done  12 tasks      | elapsed:    0.1s
[Parallel(n_jobs=8)]: Done  21 out of  28 | elapsed:    0.1s remaining:    0.0s
[Parallel(n_jobs=8)]: Done  28 out of  28 | elapsed:    0.1s finished
[Parallel(n_jobs=8)]: Using backend LokyBackend with 8 concurrent workers.
[Parallel(n_jobs=8)]: Done  12 tasks      | elapsed:    1.0s
[Parallel(n_jobs=8)]: Done 120 tasks      | elapsed:    6.1s
[Parallel(n_jobs=8)]: Done 300 tasks      | elapsed:   14.3s
[Parallel(n_jobs=8)]: Done 378 out of 378 | elapsed:   17.9s finished
[Parallel(n_jobs=8)]: Using backend LokyBackend with 8 concurrent workers.
[Parallel(n_jobs=8)]: Done  12 tasks      | elapsed:    0.1s
[Parallel(n_jobs=8)]: Done  21 out of  28 | elapsed:    0.1s remaining:    0.0s
[Parallel(n_jobs=8)]: Done  28 out of  28 | elapsed:    0.1s finished
[Parallel(n_jobs=8)]: Using backend LokyBackend with 8 concurrent workers.
[Parallel(n_jobs=8)]: Done  12 tasks      | elapsed:    1.0s
[Parallel(n_jobs=8)]: Done 120 tasks      | elapsed:    5.9s
[Parallel(n_jobs=8)]: Done 300 tasks      | elapsed:   14.2s
[Parallel(n_jobs=8)]: Done 378 out of 378 | elapsed:   17.9s finished
[Parallel(n_jobs=8)]: Using backend LokyBackend with 8 concurrent workers.
[Parallel(n_jobs=8)]: Done  12 tasks      | elapsed:    0.1s
[Parallel(n_jobs=8)]: Done  21 out of  28 | elapsed:    0.1s remaining:    0.0s
[Parallel(n_jobs=8)]: Done  28 out of  28 | elapsed:    0.1s finished
[Parallel(n_jobs=8)]: Using backend LokyBackend with 8 concurrent workers.
[Parallel(n_jobs=8)]: Done  12 tasks      | elapsed:    1.0s
[Parallel(n_jobs=8)]: Done 120 tasks      | elapsed:    5.9s
[Parallel(n_jobs=8)]: Done 300 tasks      | elapsed:   14.1s
[Parallel(n_jobs=8)]: Done 378 out of 378 | elapsed:   17.8s finished
[Parallel(n_jobs=8)]: Using backend LokyBackend with 8 concurrent workers.
[Parallel(n_jobs=8)]: Done  12 tasks      | elapsed:    0.1s
[Parallel(n_jobs=8)]: Done  28 out of  28 | elapsed:    0.1s finished
[Parallel(n_jobs=8)]: Using backend LokyBackend with 8 concurrent workers.
[Parallel(n_jobs=8)]: Done  12 tasks      | elapsed:    1.0s
[Parallel(n_jobs=8)]: Done 120 tasks      | elapsed:    5.9s
[Parallel(n_jobs=8)]: Done 300 tasks      | elapsed:   14.2s
[Parallel(n_jobs=8)]: Done 378 out of 378 | elapsed:   17.9s finished
[Parallel(n_jobs=8)]: Using backend LokyBackend with 8 concurrent workers.
[Parallel(n_jobs=8)]: Done  12 tasks      | elapsed:    0.1s
[Parallel(n_jobs=8)]: Done  21 out of  28 | elapsed:    0.1s remaining:    0.0s
[Parallel(n_jobs=8)]: Done  28 out of  28 | elapsed:    0.1s finished
[Parallel(n_jobs=8)]: Using backend LokyBackend with 8 concurrent workers.
[Parallel(n_jobs=8)]: Done  12 tasks      | elapsed:    1.0s
[Parallel(n_jobs=8)]: Done 120 tasks      | elapsed:    6.1s
[Parallel(n_jobs=8)]: Done 300 tasks      | elapsed:   14.2s
[Parallel(n_jobs=8)]: Done 378 out of 378 | elapsed:   17.9s finished
[Parallel(n_jobs=8)]: Using backend LokyBackend with 8 concurrent workers.
[Parallel(n_jobs=8)]: Done  12 tasks      | elapsed:    0.1s
[Parallel(n_jobs=8)]: Done  21 out of  28 | elapsed:    0.1s remaining:    0.0s
[Parallel(n_jobs=8)]: Done  28 out of  28 | elapsed:    0.1s finished
[Parallel(n_jobs=8)]: Using backend LokyBackend with 8 concurrent workers.
[Parallel(n_jobs=8)]: Done  12 tasks      | elapsed:    1.0s
[Parallel(n_jobs=8)]: Done 120 tasks      | elapsed:    5.8s
[Parallel(n_jobs=8)]: Done 300 tasks      | elapsed:   14.2s
[Parallel(n_jobs=8)]: Done 378 out of 378 | elapsed:   17.8s finished
[Parallel(n_jobs=8)]: Using backend LokyBackend with 8 concurrent workers.
[Parallel(n_jobs=8)]: Done  12 tasks      | elapsed:    0.1s
[Parallel(n_jobs=8)]: Done  21 out of  28 | elapsed:    0.1s remaining:    0.0s
[Parallel(n_jobs=8)]: Done  28 out of  28 | elapsed:    0.1s finished
[Parallel(n_jobs=8)]: Using backend LokyBackend with 8 concurrent workers.
[Parallel(n_jobs=8)]: Done  12 tasks      | elapsed:    1.0s
[Parallel(n_jobs=8)]: Done 120 tasks      | elapsed:    5.9s
[Parallel(n_jobs=8)]: Done 300 tasks      | elapsed:   14.2s
[Parallel(n_jobs=8)]: Done 378 out of 378 | elapsed:   17.8s finished
[Parallel(n_jobs=8)]: Using backend LokyBackend with 8 concurrent workers.
[Parallel(n_jobs=8)]: Done  12 tasks      | elapsed:    0.1s
[Parallel(n_jobs=8)]: Done  21 out of  28 | elapsed:    0.1s remaining:    0.0s
[Parallel(n_jobs=8)]: Done  28 out of  28 | elapsed:    0.1s finished
[Parallel(n_jobs=8)]: Using backend LokyBackend with 8 concurrent workers.
[Parallel(n_jobs=8)]: Done  12 tasks      | elapsed:    1.0s
[Parallel(n_jobs=8)]: Done 120 tasks      | elapsed:    6.0s
[Parallel(n_jobs=8)]: Done 300 tasks      | elapsed:   14.3s
[Parallel(n_jobs=8)]: Done 378 out of 378 | elapsed:   18.0s finished
[Parallel(n_jobs=8)]: Using backend LokyBackend with 8 concurrent workers.
[Parallel(n_jobs=8)]: Done  12 tasks      | elapsed:    0.1s
[Parallel(n_jobs=8)]: Done  21 out of  28 | elapsed:    0.1s remaining:    0.0s
[Parallel(n_jobs=8)]: Done  28 out of  28 | elapsed:    0.1s finished
[Parallel(n_jobs=8)]: Using backend LokyBackend with 8 concurrent workers.
[Parallel(n_jobs=8)]: Done  12 tasks      | elapsed:    1.0s
[Parallel(n_jobs=8)]: Done 120 tasks      | elapsed:    6.0s
[Parallel(n_jobs=8)]: Done 300 tasks      | elapsed:   14.4s
[Parallel(n_jobs=8)]: Done 378 out of 378 | elapsed:   17.9s finished
[Parallel(n_jobs=8)]: Using backend LokyBackend with 8 concurrent workers.
[Parallel(n_jobs=8)]: Done  12 tasks      | elapsed:    0.1s
[Parallel(n_jobs=8)]: Done  21 out of  28 | elapsed:    0.1s remaining:    0.0s
[Parallel(n_jobs=8)]: Done  28 out of  28 | elapsed:    0.1s finished
[Parallel(n_jobs=8)]: Using backend LokyBackend with 8 concurrent workers.
[Parallel(n_jobs=8)]: Done  12 tasks      | elapsed:    0.9s
[Parallel(n_jobs=8)]: Done 120 tasks      | elapsed:    5.9s
[Parallel(n_jobs=8)]: Done 300 tasks      | elapsed:   14.1s
[Parallel(n_jobs=8)]: Done 378 out of 378 | elapsed:   17.7s finished
[Parallel(n_jobs=8)]: Using backend LokyBackend with 8 concurrent workers.
[Parallel(n_jobs=8)]: Done  12 tasks      | elapsed:    0.1s
[Parallel(n_jobs=8)]: Done  21 out of  28 | elapsed:    0.1s remaining:    0.0s
[Parallel(n_jobs=8)]: Done  28 out of  28 | elapsed:    0.1s finished
[Parallel(n_jobs=8)]: Using backend LokyBackend with 8 concurrent workers.
[Parallel(n_jobs=8)]: Done  12 tasks      | elapsed:    1.0s
[Parallel(n_jobs=8)]: Done 120 tasks      | elapsed:    6.0s
[Parallel(n_jobs=8)]: Done 300 tasks      | elapsed:   14.2s
[Parallel(n_jobs=8)]: Done 378 out of 378 | elapsed:   17.7s finished
[Parallel(n_jobs=8)]: Using backend LokyBackend with 8 concurrent workers.
[Parallel(n_jobs=8)]: Done  12 tasks      | elapsed:    0.1s
[Parallel(n_jobs=8)]: Done  21 out of  28 | elapsed:    0.1s remaining:    0.0s
[Parallel(n_jobs=8)]: Done  28 out of  28 | elapsed:    0.1s finished
[Parallel(n_jobs=8)]: Using backend LokyBackend with 8 concurrent workers.
[Parallel(n_jobs=8)]: Done  12 tasks      | elapsed:    1.1s
[Parallel(n_jobs=8)]: Done 120 tasks      | elapsed:    6.0s
[Parallel(n_jobs=8)]: Done 300 tasks      | elapsed:   14.1s
[Parallel(n_jobs=8)]: Done 378 out of 378 | elapsed:   17.9s finished
[Parallel(n_jobs=8)]: Using backend LokyBackend with 8 concurrent workers.
[Parallel(n_jobs=8)]: Done  12 tasks      | elapsed:    0.1s
[Parallel(n_jobs=8)]: Done  21 out of  28 | elapsed:    0.1s remaining:    0.0s
[Parallel(n_jobs=8)]: Done  28 out of  28 | elapsed:    0.1s finished
[Parallel(n_jobs=8)]: Using backend LokyBackend with 8 concurrent workers.
[Parallel(n_jobs=8)]: Done  12 tasks      | elapsed:    1.0s
[Parallel(n_jobs=8)]: Done 120 tasks      | elapsed:    6.0s
[Parallel(n_jobs=8)]: Done 300 tasks      | elapsed:   14.1s
[Parallel(n_jobs=8)]: Done 378 out of 378 | elapsed:   17.7s finished
[Parallel(n_jobs=8)]: Using backend LokyBackend with 8 concurrent workers.
[Parallel(n_jobs=8)]: Done  12 tasks      | elapsed:    0.1s
[Parallel(n_jobs=8)]: Done  28 out of  28 | elapsed:    0.1s finished
[Parallel(n_jobs=8)]: Using backend LokyBackend with 8 concurrent workers.
[Parallel(n_jobs=8)]: Done  12 tasks      | elapsed:    1.0s
[Parallel(n_jobs=8)]: Done 120 tasks      | elapsed:    5.9s
[Parallel(n_jobs=8)]: Done 300 tasks      | elapsed:   14.1s
[Parallel(n_jobs=8)]: Done 378 out of 378 | elapsed:   17.7s finished
[Parallel(n_jobs=8)]: Using backend LokyBackend with 8 concurrent workers.
[Parallel(n_jobs=8)]: Done  12 tasks      | elapsed:    0.1s
[Parallel(n_jobs=8)]: Done  28 out of  28 | elapsed:    0.1s finished
[Parallel(n_jobs=8)]: Using backend LokyBackend with 8 concurrent workers.
[Parallel(n_jobs=8)]: Done  12 tasks      | elapsed:    1.0s
[Parallel(n_jobs=8)]: Done 120 tasks      | elapsed:    5.9s
[Parallel(n_jobs=8)]: Done 300 tasks      | elapsed:   14.2s
[Parallel(n_jobs=8)]: Done 378 out of 378 | elapsed:   17.8s finished
[Parallel(n_jobs=8)]: Using backend LokyBackend with 8 concurrent workers.
[Parallel(n_jobs=8)]: Done  12 tasks      | elapsed:    0.1s
[Parallel(n_jobs=8)]: Done  21 out of  28 | elapsed:    0.1s remaining:    0.0s
[Parallel(n_jobs=8)]: Done  28 out of  28 | elapsed:    0.1s finished
[Parallel(n_jobs=8)]: Using backend LokyBackend with 8 concurrent workers.
[Parallel(n_jobs=8)]: Done  12 tasks      | elapsed:    1.0s
[Parallel(n_jobs=8)]: Done 120 tasks      | elapsed:    6.0s
[Parallel(n_jobs=8)]: Done 300 tasks      | elapsed:   14.2s
[Parallel(n_jobs=8)]: Done 378 out of 378 | elapsed:   17.8s finished
[Parallel(n_jobs=8)]: Using backend LokyBackend with 8 concurrent workers.
[Parallel(n_jobs=8)]: Done  12 tasks      | elapsed:    0.1s
[Parallel(n_jobs=8)]: Done  28 out of  28 | elapsed:    0.1s finished
[Parallel(n_jobs=8)]: Using backend LokyBackend with 8 concurrent workers.
[Parallel(n_jobs=8)]: Done  12 tasks      | elapsed:    1.0s
[Parallel(n_jobs=8)]: Done 120 tasks      | elapsed:    6.1s
[Parallel(n_jobs=8)]: Done 300 tasks      | elapsed:   14.3s
[Parallel(n_jobs=8)]: Done 378 out of 378 | elapsed:   17.9s finished
[Parallel(n_jobs=8)]: Using backend LokyBackend with 8 concurrent workers.
[Parallel(n_jobs=8)]: Done  12 tasks      | elapsed:    0.1s
[Parallel(n_jobs=8)]: Done  21 out of  28 | elapsed:    0.1s remaining:    0.0s
[Parallel(n_jobs=8)]: Done  28 out of  28 | elapsed:    0.1s finished
[Parallel(n_jobs=8)]: Using backend LokyBackend with 8 concurrent workers.
[Parallel(n_jobs=8)]: Done  12 tasks      | elapsed:    1.0s
[Parallel(n_jobs=8)]: Done 120 tasks      | elapsed:    5.9s
[Parallel(n_jobs=8)]: Done 300 tasks      | elapsed:   14.2s
[Parallel(n_jobs=8)]: Done 378 out of 378 | elapsed:   17.8s finished
[Parallel(n_jobs=8)]: Using backend LokyBackend with 8 concurrent workers.
[Parallel(n_jobs=8)]: Done  12 tasks      | elapsed:    0.1s
[Parallel(n_jobs=8)]: Done  28 out of  28 | elapsed:    0.1s finished
[Parallel(n_jobs=8)]: Using backend LokyBackend with 8 concurrent workers.
[Parallel(n_jobs=8)]: Done  12 tasks      | elapsed:    1.0s
[Parallel(n_jobs=8)]: Done 120 tasks      | elapsed:    5.9s
[Parallel(n_jobs=8)]: Done 300 tasks      | elapsed:   14.1s
[Parallel(n_jobs=8)]: Done 378 out of 378 | elapsed:   18.1s finished
[Parallel(n_jobs=8)]: Using backend LokyBackend with 8 concurrent workers.
[Parallel(n_jobs=8)]: Done  12 tasks      | elapsed:    0.1s
[Parallel(n_jobs=8)]: Done  28 out of  28 | elapsed:    0.1s finished
[Parallel(n_jobs=8)]: Using backend LokyBackend with 8 concurrent workers.
[Parallel(n_jobs=8)]: Done  12 tasks      | elapsed:    1.1s
[Parallel(n_jobs=8)]: Done 120 tasks      | elapsed:    6.4s
[Parallel(n_jobs=8)]: Done 300 tasks      | elapsed:   15.4s
[Parallel(n_jobs=8)]: Done 378 out of 378 | elapsed:   19.3s finished
[Parallel(n_jobs=8)]: Using backend LokyBackend with 8 concurrent workers.
[Parallel(n_jobs=8)]: Done  12 tasks      | elapsed:    0.1s
[Parallel(n_jobs=8)]: Done  28 out of  28 | elapsed:    0.1s finished
[Parallel(n_jobs=8)]: Using backend LokyBackend with 8 concurrent workers.
[Parallel(n_jobs=8)]: Done  12 tasks      | elapsed:    1.1s
[Parallel(n_jobs=8)]: Done 120 tasks      | elapsed:    6.5s
[Parallel(n_jobs=8)]: Done 300 tasks      | elapsed:   15.5s
[Parallel(n_jobs=8)]: Done 378 out of 378 | elapsed:   19.5s finished
[Parallel(n_jobs=8)]: Using backend LokyBackend with 8 concurrent workers.
[Parallel(n_jobs=8)]: Done  12 tasks      | elapsed:    0.1s
[Parallel(n_jobs=8)]: Done  28 out of  28 | elapsed:    0.1s finished
[Parallel(n_jobs=8)]: Using backend LokyBackend with 8 concurrent workers.
[Parallel(n_jobs=8)]: Done  12 tasks      | elapsed:    1.1s
[Parallel(n_jobs=8)]: Done 120 tasks      | elapsed:    6.6s
[Parallel(n_jobs=8)]: Done 300 tasks      | elapsed:   15.6s
[Parallel(n_jobs=8)]: Done 378 out of 378 | elapsed:   19.6s finished
[Parallel(n_jobs=8)]: Using backend LokyBackend with 8 concurrent workers.
[Parallel(n_jobs=8)]: Done  12 tasks      | elapsed:    0.1s
[Parallel(n_jobs=8)]: Done  21 out of  28 | elapsed:    0.1s remaining:    0.0s
[Parallel(n_jobs=8)]: Done  28 out of  28 | elapsed:    0.1s finished
[Parallel(n_jobs=8)]: Using backend LokyBackend with 8 concurrent workers.
[Parallel(n_jobs=8)]: Done  12 tasks      | elapsed:    1.1s
[Parallel(n_jobs=8)]: Done 120 tasks      | elapsed:    6.5s
[Parallel(n_jobs=8)]: Done 300 tasks      | elapsed:   15.6s
[Parallel(n_jobs=8)]: Done 378 out of 378 | elapsed:   19.5s finished
[Parallel(n_jobs=8)]: Using backend LokyBackend with 8 concurrent workers.
[Parallel(n_jobs=8)]: Done  12 tasks      | elapsed:    0.1s
[Parallel(n_jobs=8)]: Done  28 out of  28 | elapsed:    0.1s finished
[Parallel(n_jobs=8)]: Using backend LokyBackend with 8 concurrent workers.
[Parallel(n_jobs=8)]: Done  12 tasks      | elapsed:    1.1s
[Parallel(n_jobs=8)]: Done 120 tasks      | elapsed:    6.5s
[Parallel(n_jobs=8)]: Done 300 tasks      | elapsed:   15.5s
[Parallel(n_jobs=8)]: Done 378 out of 378 | elapsed:   19.5s finished
[Parallel(n_jobs=8)]: Using backend LokyBackend with 8 concurrent workers.
[Parallel(n_jobs=8)]: Done  12 tasks      | elapsed:    0.1s
[Parallel(n_jobs=8)]: Done  21 out of  28 | elapsed:    0.1s remaining:    0.0s
[Parallel(n_jobs=8)]: Done  28 out of  28 | elapsed:    0.1s finished
[Parallel(n_jobs=8)]: Using backend LokyBackend with 8 concurrent workers.
[Parallel(n_jobs=8)]: Done  12 tasks      | elapsed:    1.0s
[Parallel(n_jobs=8)]: Done 120 tasks      | elapsed:    6.1s
[Parallel(n_jobs=8)]: Done 300 tasks      | elapsed:   14.3s
[Parallel(n_jobs=8)]: Done 378 out of 378 | elapsed:   18.1s finished
[Parallel(n_jobs=8)]: Using backend LokyBackend with 8 concurrent workers.
[Parallel(n_jobs=8)]: Done  12 tasks      | elapsed:    0.1s
[Parallel(n_jobs=8)]: Done  28 out of  28 | elapsed:    0.1s finished
[Parallel(n_jobs=8)]: Using backend LokyBackend with 8 concurrent workers.
[Parallel(n_jobs=8)]: Done  12 tasks      | elapsed:    1.0s
[Parallel(n_jobs=8)]: Done 120 tasks      | elapsed:    6.0s
[Parallel(n_jobs=8)]: Done 300 tasks      | elapsed:   14.4s
[Parallel(n_jobs=8)]: Done 378 out of 378 | elapsed:   18.1s finished
[Parallel(n_jobs=8)]: Using backend LokyBackend with 8 concurrent workers.
[Parallel(n_jobs=8)]: Done  12 tasks      | elapsed:    0.1s
[Parallel(n_jobs=8)]: Done  21 out of  28 | elapsed:    0.1s remaining:    0.0s
[Parallel(n_jobs=8)]: Done  28 out of  28 | elapsed:    0.1s finished
[Parallel(n_jobs=8)]: Using backend LokyBackend with 8 concurrent workers.
[Parallel(n_jobs=8)]: Done  12 tasks      | elapsed:    1.1s
[Parallel(n_jobs=8)]: Done 120 tasks      | elapsed:    6.2s
[Parallel(n_jobs=8)]: Done 300 tasks      | elapsed:   14.5s
[Parallel(n_jobs=8)]: Done 378 out of 378 | elapsed:   18.2s finished
[Parallel(n_jobs=8)]: Using backend LokyBackend with 8 concurrent workers.
[Parallel(n_jobs=8)]: Done  12 tasks      | elapsed:    0.1s
[Parallel(n_jobs=8)]: Done  21 out of  28 | elapsed:    0.1s remaining:    0.0s
[Parallel(n_jobs=8)]: Done  28 out of  28 | elapsed:    0.1s finished
[Parallel(n_jobs=8)]: Using backend LokyBackend with 8 concurrent workers.
[Parallel(n_jobs=8)]: Done  12 tasks      | elapsed:    1.0s
[Parallel(n_jobs=8)]: Done 120 tasks      | elapsed:    6.0s
[Parallel(n_jobs=8)]: Done 300 tasks      | elapsed:   14.5s
[Parallel(n_jobs=8)]: Done 378 out of 378 | elapsed:   18.1s finished
[Parallel(n_jobs=8)]: Using backend LokyBackend with 8 concurrent workers.
[Parallel(n_jobs=8)]: Done  12 tasks      | elapsed:    0.1s
[Parallel(n_jobs=8)]: Done  21 out of  28 | elapsed:    0.1s remaining:    0.0s
[Parallel(n_jobs=8)]: Done  28 out of  28 | elapsed:    0.1s finished
[Parallel(n_jobs=8)]: Using backend LokyBackend with 8 concurrent workers.
[Parallel(n_jobs=8)]: Done  12 tasks      | elapsed:    1.0s
[Parallel(n_jobs=8)]: Done 120 tasks      | elapsed:    6.1s
[Parallel(n_jobs=8)]: Done 300 tasks      | elapsed:   14.6s
[Parallel(n_jobs=8)]: Done 378 out of 378 | elapsed:   18.3s finished
[Parallel(n_jobs=8)]: Using backend LokyBackend with 8 concurrent workers.
[Parallel(n_jobs=8)]: Done  12 tasks      | elapsed:    0.1s
[Parallel(n_jobs=8)]: Done  21 out of  28 | elapsed:    0.1s remaining:    0.0s
[Parallel(n_jobs=8)]: Done  28 out of  28 | elapsed:    0.1s finished
[Parallel(n_jobs=8)]: Using backend LokyBackend with 8 concurrent workers.
[Parallel(n_jobs=8)]: Done  12 tasks      | elapsed:    1.0s
[Parallel(n_jobs=8)]: Done 120 tasks      | elapsed:    6.1s
[Parallel(n_jobs=8)]: Done 300 tasks      | elapsed:   14.4s
[Parallel(n_jobs=8)]: Done 378 out of 378 | elapsed:   18.1s finished
[Parallel(n_jobs=8)]: Using backend LokyBackend with 8 concurrent workers.
[Parallel(n_jobs=8)]: Done  12 tasks      | elapsed:    0.1s
[Parallel(n_jobs=8)]: Done  21 out of  28 | elapsed:    0.1s remaining:    0.0s
[Parallel(n_jobs=8)]: Done  28 out of  28 | elapsed:    0.1s finished
[Parallel(n_jobs=8)]: Using backend LokyBackend with 8 concurrent workers.
[Parallel(n_jobs=8)]: Done  12 tasks      | elapsed:    1.0s
[Parallel(n_jobs=8)]: Done 120 tasks      | elapsed:    6.0s
[Parallel(n_jobs=8)]: Done 300 tasks      | elapsed:   14.3s
[Parallel(n_jobs=8)]: Done 378 out of 378 | elapsed:   17.9s finished
[Parallel(n_jobs=8)]: Using backend LokyBackend with 8 concurrent workers.
[Parallel(n_jobs=8)]: Done  12 tasks      | elapsed:    0.1s
[Parallel(n_jobs=8)]: Done  21 out of  28 | elapsed:    0.1s remaining:    0.0s
[Parallel(n_jobs=8)]: Done  28 out of  28 | elapsed:    0.1s finished
[Parallel(n_jobs=8)]: Using backend LokyBackend with 8 concurrent workers.
[Parallel(n_jobs=8)]: Done  12 tasks      | elapsed:    1.0s
[Parallel(n_jobs=8)]: Done 120 tasks      | elapsed:    6.1s
[Parallel(n_jobs=8)]: Done 300 tasks      | elapsed:   14.4s
[Parallel(n_jobs=8)]: Done 378 out of 378 | elapsed:   18.2s finished
[Parallel(n_jobs=8)]: Using backend LokyBackend with 8 concurrent workers.
[Parallel(n_jobs=8)]: Done  12 tasks      | elapsed:    0.1s
[Parallel(n_jobs=8)]: Done  28 out of  28 | elapsed:    0.1s finished
[Parallel(n_jobs=8)]: Using backend LokyBackend with 8 concurrent workers.
[Parallel(n_jobs=8)]: Done  12 tasks      | elapsed:    1.1s
[Parallel(n_jobs=8)]: Done 120 tasks      | elapsed:    6.1s
[Parallel(n_jobs=8)]: Done 300 tasks      | elapsed:   14.4s
[Parallel(n_jobs=8)]: Done 378 out of 378 | elapsed:   18.2s finished
[Parallel(n_jobs=8)]: Using backend LokyBackend with 8 concurrent workers.
[Parallel(n_jobs=8)]: Done  12 tasks      | elapsed:    0.1s
[Parallel(n_jobs=8)]: Done  28 out of  28 | elapsed:    0.1s finished
[Parallel(n_jobs=8)]: Using backend LokyBackend with 8 concurrent workers.
[Parallel(n_jobs=8)]: Done  12 tasks      | elapsed:    1.0s
[Parallel(n_jobs=8)]: Done 120 tasks      | elapsed:    6.1s
[Parallel(n_jobs=8)]: Done 300 tasks      | elapsed:   14.6s
[Parallel(n_jobs=8)]: Done 378 out of 378 | elapsed:   18.3s finished
[Parallel(n_jobs=8)]: Using backend LokyBackend with 8 concurrent workers.
[Parallel(n_jobs=8)]: Done  12 tasks      | elapsed:    0.1s
[Parallel(n_jobs=8)]: Done  28 out of  28 | elapsed:    0.1s finished
[Parallel(n_jobs=8)]: Using backend LokyBackend with 8 concurrent workers.
[Parallel(n_jobs=8)]: Done  12 tasks      | elapsed:    1.1s
[Parallel(n_jobs=8)]: Done 120 tasks      | elapsed:    6.3s
[Parallel(n_jobs=8)]: Done 300 tasks      | elapsed:   14.6s
[Parallel(n_jobs=8)]: Done 378 out of 378 | elapsed:   18.3s finished
[Parallel(n_jobs=8)]: Using backend LokyBackend with 8 concurrent workers.
[Parallel(n_jobs=8)]: Done  12 tasks      | elapsed:    0.2s
[Parallel(n_jobs=8)]: Done  21 out of  28 | elapsed:    0.2s remaining:    0.1s
[Parallel(n_jobs=8)]: Done  28 out of  28 | elapsed:    0.2s finished
[Parallel(n_jobs=8)]: Using backend LokyBackend with 8 concurrent workers.
[Parallel(n_jobs=8)]: Done  12 tasks      | elapsed:    1.0s
[Parallel(n_jobs=8)]: Done 120 tasks      | elapsed:    6.1s
[Parallel(n_jobs=8)]: Done 300 tasks      | elapsed:   14.3s
[Parallel(n_jobs=8)]: Done 378 out of 378 | elapsed:   18.0s finished
[Parallel(n_jobs=8)]: Using backend LokyBackend with 8 concurrent workers.
[Parallel(n_jobs=8)]: Done  12 tasks      | elapsed:    0.1s
[Parallel(n_jobs=8)]: Done  21 out of  28 | elapsed:    0.1s remaining:    0.0s
[Parallel(n_jobs=8)]: Done  28 out of  28 | elapsed:    0.1s finished
[Parallel(n_jobs=8)]: Using backend LokyBackend with 8 concurrent workers.
[Parallel(n_jobs=8)]: Done  12 tasks      | elapsed:    1.0s
[Parallel(n_jobs=8)]: Done 120 tasks      | elapsed:    6.1s
[Parallel(n_jobs=8)]: Done 300 tasks      | elapsed:   14.6s
[Parallel(n_jobs=8)]: Done 378 out of 378 | elapsed:   18.4s finished
[Parallel(n_jobs=8)]: Using backend LokyBackend with 8 concurrent workers.
[Parallel(n_jobs=8)]: Done  12 tasks      | elapsed:    0.1s
[Parallel(n_jobs=8)]: Done  21 out of  28 | elapsed:    0.1s remaining:    0.0s
[Parallel(n_jobs=8)]: Done  28 out of  28 | elapsed:    0.1s finished
[Parallel(n_jobs=8)]: Using backend LokyBackend with 8 concurrent workers.
[Parallel(n_jobs=8)]: Done  12 tasks      | elapsed:    1.0s
[Parallel(n_jobs=8)]: Done 120 tasks      | elapsed:    6.1s
[Parallel(n_jobs=8)]: Done 300 tasks      | elapsed:   14.4s
[Parallel(n_jobs=8)]: Done 378 out of 378 | elapsed:   18.1s finished
[Parallel(n_jobs=8)]: Using backend LokyBackend with 8 concurrent workers.
[Parallel(n_jobs=8)]: Done  12 tasks      | elapsed:    0.1s
[Parallel(n_jobs=8)]: Done  21 out of  28 | elapsed:    0.1s remaining:    0.0s
[Parallel(n_jobs=8)]: Done  28 out of  28 | elapsed:    0.1s finished
[Parallel(n_jobs=8)]: Using backend LokyBackend with 8 concurrent workers.
[Parallel(n_jobs=8)]: Done  12 tasks      | elapsed:    1.0s
[Parallel(n_jobs=8)]: Done 120 tasks      | elapsed:    6.0s
[Parallel(n_jobs=8)]: Done 300 tasks      | elapsed:   14.3s
[Parallel(n_jobs=8)]: Done 378 out of 378 | elapsed:   18.1s finished
[Parallel(n_jobs=8)]: Using backend LokyBackend with 8 concurrent workers.
[Parallel(n_jobs=8)]: Done  12 tasks      | elapsed:    0.1s
[Parallel(n_jobs=8)]: Done  21 out of  28 | elapsed:    0.1s remaining:    0.0s
[Parallel(n_jobs=8)]: Done  28 out of  28 | elapsed:    0.1s finished
[Parallel(n_jobs=8)]: Using backend LokyBackend with 8 concurrent workers.
[Parallel(n_jobs=8)]: Done  12 tasks      | elapsed:    1.0s
[Parallel(n_jobs=8)]: Done 120 tasks      | elapsed:    6.0s
[Parallel(n_jobs=8)]: Done 300 tasks      | elapsed:   14.3s
[Parallel(n_jobs=8)]: Done 378 out of 378 | elapsed:   18.0s finished
[Parallel(n_jobs=8)]: Using backend LokyBackend with 8 concurrent workers.
[Parallel(n_jobs=8)]: Done  12 tasks      | elapsed:    0.1s
[Parallel(n_jobs=8)]: Done  21 out of  28 | elapsed:    0.1s remaining:    0.0s
[Parallel(n_jobs=8)]: Done  28 out of  28 | elapsed:    0.1s finished
[Parallel(n_jobs=8)]: Using backend LokyBackend with 8 concurrent workers.
[Parallel(n_jobs=8)]: Done  12 tasks      | elapsed:    1.0s
[Parallel(n_jobs=8)]: Done 120 tasks      | elapsed:    6.1s
[Parallel(n_jobs=8)]: Done 300 tasks      | elapsed:   14.5s
[Parallel(n_jobs=8)]: Done 378 out of 378 | elapsed:   18.3s finished
[Parallel(n_jobs=8)]: Using backend LokyBackend with 8 concurrent workers.
[Parallel(n_jobs=8)]: Done  12 tasks      | elapsed:    0.1s
[Parallel(n_jobs=8)]: Done  21 out of  28 | elapsed:    0.1s remaining:    0.0s
[Parallel(n_jobs=8)]: Done  28 out of  28 | elapsed:    0.1s finished
[Parallel(n_jobs=8)]: Using backend LokyBackend with 8 concurrent workers.
[Parallel(n_jobs=8)]: Done  12 tasks      | elapsed:    1.1s
[Parallel(n_jobs=8)]: Done 120 tasks      | elapsed:    6.2s
[Parallel(n_jobs=8)]: Done 300 tasks      | elapsed:   14.5s
[Parallel(n_jobs=8)]: Done 378 out of 378 | elapsed:   18.3s finished
[Parallel(n_jobs=8)]: Using backend LokyBackend with 8 concurrent workers.
[Parallel(n_jobs=8)]: Done  12 tasks      | elapsed:    0.1s
[Parallel(n_jobs=8)]: Done  28 out of  28 | elapsed:    0.1s finished
[Parallel(n_jobs=8)]: Using backend LokyBackend with 8 concurrent workers.
[Parallel(n_jobs=8)]: Done  12 tasks      | elapsed:    1.1s
[Parallel(n_jobs=8)]: Done 120 tasks      | elapsed:    6.1s
[Parallel(n_jobs=8)]: Done 300 tasks      | elapsed:   14.4s
[Parallel(n_jobs=8)]: Done 378 out of 378 | elapsed:   18.0s finished
[Parallel(n_jobs=8)]: Using backend LokyBackend with 8 concurrent workers.
[Parallel(n_jobs=8)]: Done  12 tasks      | elapsed:    0.8s
[Parallel(n_jobs=8)]: Done  21 out of  28 | elapsed:    0.8s remaining:    0.3s
[Parallel(n_jobs=8)]: Done  28 out of  28 | elapsed:    0.8s finished
[Parallel(n_jobs=8)]: Using backend LokyBackend with 8 concurrent workers.
[Parallel(n_jobs=8)]: Done  12 tasks      | elapsed:    1.1s
[Parallel(n_jobs=8)]: Done 120 tasks      | elapsed:    6.1s
[Parallel(n_jobs=8)]: Done 300 tasks      | elapsed:   14.5s
[Parallel(n_jobs=8)]: Done 378 out of 378 | elapsed:   18.1s finished
[Parallel(n_jobs=8)]: Using backend LokyBackend with 8 concurrent workers.
[Parallel(n_jobs=8)]: Done  12 tasks      | elapsed:    0.1s
[Parallel(n_jobs=8)]: Done  28 out of  28 | elapsed:    0.1s finished
[Parallel(n_jobs=8)]: Using backend LokyBackend with 8 concurrent workers.
[Parallel(n_jobs=8)]: Done  12 tasks      | elapsed:    1.1s
[Parallel(n_jobs=8)]: Done 120 tasks      | elapsed:    6.1s
[Parallel(n_jobs=8)]: Done 300 tasks      | elapsed:   14.5s
[Parallel(n_jobs=8)]: Done 378 out of 378 | elapsed:   18.2s finished
[Parallel(n_jobs=8)]: Using backend LokyBackend with 8 concurrent workers.
[Parallel(n_jobs=8)]: Done  12 tasks      | elapsed:    0.1s
[Parallel(n_jobs=8)]: Done  28 out of  28 | elapsed:    0.1s finished
[Parallel(n_jobs=8)]: Using backend LokyBackend with 8 concurrent workers.
[Parallel(n_jobs=8)]: Done  12 tasks      | elapsed:    1.0s
[Parallel(n_jobs=8)]: Done 120 tasks      | elapsed:    6.1s
[Parallel(n_jobs=8)]: Done 300 tasks      | elapsed:   14.4s
[Parallel(n_jobs=8)]: Done 378 out of 378 | elapsed:   18.1s finished
[Parallel(n_jobs=8)]: Using backend LokyBackend with 8 concurrent workers.
[Parallel(n_jobs=8)]: Done  12 tasks      | elapsed:    0.1s
[Parallel(n_jobs=8)]: Done  28 out of  28 | elapsed:    0.1s finished
[Parallel(n_jobs=8)]: Using backend LokyBackend with 8 concurrent workers.
[Parallel(n_jobs=8)]: Done  12 tasks      | elapsed:    1.1s
[Parallel(n_jobs=8)]: Done 120 tasks      | elapsed:    6.1s
[Parallel(n_jobs=8)]: Done 300 tasks      | elapsed:   14.4s
[Parallel(n_jobs=8)]: Done 378 out of 378 | elapsed:   18.0s finished
[Parallel(n_jobs=8)]: Using backend LokyBackend with 8 concurrent workers.
[Parallel(n_jobs=8)]: Done  12 tasks      | elapsed:    0.1s
[Parallel(n_jobs=8)]: Done  21 out of  28 | elapsed:    0.1s remaining:    0.0s
[Parallel(n_jobs=8)]: Done  28 out of  28 | elapsed:    0.1s finished
[Parallel(n_jobs=8)]: Using backend LokyBackend with 8 concurrent workers.
[Parallel(n_jobs=8)]: Done  12 tasks      | elapsed:    1.0s
[Parallel(n_jobs=8)]: Done 120 tasks      | elapsed:    6.0s
[Parallel(n_jobs=8)]: Done 300 tasks      | elapsed:   14.4s
[Parallel(n_jobs=8)]: Done 378 out of 378 | elapsed:   18.2s finished
[Parallel(n_jobs=8)]: Using backend LokyBackend with 8 concurrent workers.
[Parallel(n_jobs=8)]: Done  12 tasks      | elapsed:    0.1s
[Parallel(n_jobs=8)]: Done  21 out of  28 | elapsed:    0.1s remaining:    0.0s
[Parallel(n_jobs=8)]: Done  28 out of  28 | elapsed:    0.1s finished
[Parallel(n_jobs=8)]: Using backend LokyBackend with 8 concurrent workers.
[Parallel(n_jobs=8)]: Done  12 tasks      | elapsed:    1.0s
[Parallel(n_jobs=8)]: Done 120 tasks      | elapsed:    6.0s
[Parallel(n_jobs=8)]: Done 300 tasks      | elapsed:   14.4s
[Parallel(n_jobs=8)]: Done 378 out of 378 | elapsed:   18.0s finished
[Parallel(n_jobs=8)]: Using backend LokyBackend with 8 concurrent workers.
[Parallel(n_jobs=8)]: Done  12 tasks      | elapsed:    0.1s
[Parallel(n_jobs=8)]: Done  21 out of  28 | elapsed:    0.1s remaining:    0.0s
[Parallel(n_jobs=8)]: Done  28 out of  28 | elapsed:    0.1s finished
[Parallel(n_jobs=8)]: Using backend LokyBackend with 8 concurrent workers.
[Parallel(n_jobs=8)]: Done  12 tasks      | elapsed:    1.0s
[Parallel(n_jobs=8)]: Done 120 tasks      | elapsed:    6.0s
[Parallel(n_jobs=8)]: Done 300 tasks      | elapsed:   14.6s
[Parallel(n_jobs=8)]: Done 378 out of 378 | elapsed:   18.3s finished
[Parallel(n_jobs=8)]: Using backend LokyBackend with 8 concurrent workers.
[Parallel(n_jobs=8)]: Done  12 tasks      | elapsed:    0.1s
[Parallel(n_jobs=8)]: Done  28 out of  28 | elapsed:    0.1s finished
[Parallel(n_jobs=8)]: Using backend LokyBackend with 8 concurrent workers.
[Parallel(n_jobs=8)]: Done  12 tasks      | elapsed:    1.0s
[Parallel(n_jobs=8)]: Done 120 tasks      | elapsed:    6.0s
[Parallel(n_jobs=8)]: Done 300 tasks      | elapsed:   14.6s
[Parallel(n_jobs=8)]: Done 378 out of 378 | elapsed:   18.3s finished
[Parallel(n_jobs=8)]: Using backend LokyBackend with 8 concurrent workers.
[Parallel(n_jobs=8)]: Done  12 tasks      | elapsed:    0.1s
[Parallel(n_jobs=8)]: Done  21 out of  28 | elapsed:    0.1s remaining:    0.0s
[Parallel(n_jobs=8)]: Done  28 out of  28 | elapsed:    0.1s finished
[Parallel(n_jobs=8)]: Using backend LokyBackend with 8 concurrent workers.
[Parallel(n_jobs=8)]: Done  12 tasks      | elapsed:    1.1s
[Parallel(n_jobs=8)]: Done 120 tasks      | elapsed:    6.3s
[Parallel(n_jobs=8)]: Done 300 tasks      | elapsed:   14.7s
[Parallel(n_jobs=8)]: Done 378 out of 378 | elapsed:   18.4s finished
[Parallel(n_jobs=8)]: Using backend LokyBackend with 8 concurrent workers.
[Parallel(n_jobs=8)]: Done  12 tasks      | elapsed:    0.1s
[Parallel(n_jobs=8)]: Done  28 out of  28 | elapsed:    0.1s finished
[Parallel(n_jobs=8)]: Using backend LokyBackend with 8 concurrent workers.
[Parallel(n_jobs=8)]: Done  12 tasks      | elapsed:    1.1s
[Parallel(n_jobs=8)]: Done 120 tasks      | elapsed:    6.2s
[Parallel(n_jobs=8)]: Done 300 tasks      | elapsed:   14.5s
[Parallel(n_jobs=8)]: Done 378 out of 378 | elapsed:   18.2s finished
[Parallel(n_jobs=8)]: Using backend LokyBackend with 8 concurrent workers.
[Parallel(n_jobs=8)]: Done  12 tasks      | elapsed:    0.1s
[Parallel(n_jobs=8)]: Done  28 out of  28 | elapsed:    0.1s finished
[Parallel(n_jobs=8)]: Using backend LokyBackend with 8 concurrent workers.
[Parallel(n_jobs=8)]: Done  12 tasks      | elapsed:    1.0s
[Parallel(n_jobs=8)]: Done 120 tasks      | elapsed:    6.1s
[Parallel(n_jobs=8)]: Done 300 tasks      | elapsed:   14.4s
[Parallel(n_jobs=8)]: Done 378 out of 378 | elapsed:   18.2s finished
[Parallel(n_jobs=8)]: Using backend LokyBackend with 8 concurrent workers.
[Parallel(n_jobs=8)]: Done  12 tasks      | elapsed:    0.1s
[Parallel(n_jobs=8)]: Done  28 out of  28 | elapsed:    0.1s finished
[Parallel(n_jobs=8)]: Using backend LokyBackend with 8 concurrent workers.
[Parallel(n_jobs=8)]: Done  12 tasks      | elapsed:    1.0s
[Parallel(n_jobs=8)]: Done 120 tasks      | elapsed:    6.1s
[Parallel(n_jobs=8)]: Done 300 tasks      | elapsed:   14.5s
[Parallel(n_jobs=8)]: Done 378 out of 378 | elapsed:   18.4s finished
[Parallel(n_jobs=8)]: Using backend LokyBackend with 8 concurrent workers.
[Parallel(n_jobs=8)]: Done  12 tasks      | elapsed:    0.1s
[Parallel(n_jobs=8)]: Done  28 out of  28 | elapsed:    0.1s finished
[Parallel(n_jobs=8)]: Using backend LokyBackend with 8 concurrent workers.
[Parallel(n_jobs=8)]: Done  12 tasks      | elapsed:    1.0s
[Parallel(n_jobs=8)]: Done 120 tasks      | elapsed:    6.0s
[Parallel(n_jobs=8)]: Done 300 tasks      | elapsed:   14.5s
[Parallel(n_jobs=8)]: Done 378 out of 378 | elapsed:   18.2s finished
[Parallel(n_jobs=8)]: Using backend LokyBackend with 8 concurrent workers.
[Parallel(n_jobs=8)]: Done  12 tasks      | elapsed:    0.1s
[Parallel(n_jobs=8)]: Done  28 out of  28 | elapsed:    0.1s finished
[Parallel(n_jobs=8)]: Using backend LokyBackend with 8 concurrent workers.
[Parallel(n_jobs=8)]: Done  12 tasks      | elapsed:    1.0s
[Parallel(n_jobs=8)]: Done 120 tasks      | elapsed:    6.2s
[Parallel(n_jobs=8)]: Done 300 tasks      | elapsed:   14.5s
[Parallel(n_jobs=8)]: Done 378 out of 378 | elapsed:   18.2s finished
[Parallel(n_jobs=8)]: Using backend LokyBackend with 8 concurrent workers.
[Parallel(n_jobs=8)]: Done  12 tasks      | elapsed:    0.1s
[Parallel(n_jobs=8)]: Done  21 out of  28 | elapsed:    0.1s remaining:    0.0s
[Parallel(n_jobs=8)]: Done  28 out of  28 | elapsed:    0.1s finished
[Parallel(n_jobs=8)]: Using backend LokyBackend with 8 concurrent workers.
[Parallel(n_jobs=8)]: Done  12 tasks      | elapsed:    1.0s
[Parallel(n_jobs=8)]: Done 120 tasks      | elapsed:    6.1s
[Parallel(n_jobs=8)]: Done 300 tasks      | elapsed:   14.4s
[Parallel(n_jobs=8)]: Done 378 out of 378 | elapsed:   18.1s finished
[Parallel(n_jobs=8)]: Using backend LokyBackend with 8 concurrent workers.
[Parallel(n_jobs=8)]: Done  12 tasks      | elapsed:    0.1s
[Parallel(n_jobs=8)]: Done  21 out of  28 | elapsed:    0.1s remaining:    0.0s
[Parallel(n_jobs=8)]: Done  28 out of  28 | elapsed:    0.1s finished
[Parallel(n_jobs=8)]: Using backend LokyBackend with 8 concurrent workers.
[Parallel(n_jobs=8)]: Done  12 tasks      | elapsed:    1.0s
[Parallel(n_jobs=8)]: Done 120 tasks      | elapsed:    6.1s
[Parallel(n_jobs=8)]: Done 300 tasks      | elapsed:   14.3s
[Parallel(n_jobs=8)]: Done 378 out of 378 | elapsed:   18.1s finished
[Parallel(n_jobs=8)]: Using backend LokyBackend with 8 concurrent workers.
[Parallel(n_jobs=8)]: Done  12 tasks      | elapsed:    0.1s
[Parallel(n_jobs=8)]: Done  28 out of  28 | elapsed:    0.1s finished
[Parallel(n_jobs=8)]: Using backend LokyBackend with 8 concurrent workers.
[Parallel(n_jobs=8)]: Done  12 tasks      | elapsed:    1.1s
[Parallel(n_jobs=8)]: Done 120 tasks      | elapsed:    6.2s
[Parallel(n_jobs=8)]: Done 300 tasks      | elapsed:   14.5s
[Parallel(n_jobs=8)]: Done 378 out of 378 | elapsed:   18.2s finished
[Parallel(n_jobs=8)]: Using backend LokyBackend with 8 concurrent workers.
[Parallel(n_jobs=8)]: Done  12 tasks      | elapsed:    0.1s
[Parallel(n_jobs=8)]: Done  21 out of  28 | elapsed:    0.1s remaining:    0.0s
[Parallel(n_jobs=8)]: Done  28 out of  28 | elapsed:    0.1s finished
[Parallel(n_jobs=8)]: Using backend LokyBackend with 8 concurrent workers.
[Parallel(n_jobs=8)]: Done  12 tasks      | elapsed:    1.0s
[Parallel(n_jobs=8)]: Done 120 tasks      | elapsed:    6.0s
[Parallel(n_jobs=8)]: Done 300 tasks      | elapsed:   14.4s
[Parallel(n_jobs=8)]: Done 378 out of 378 | elapsed:   18.0s finished
[Parallel(n_jobs=8)]: Using backend LokyBackend with 8 concurrent workers.
[Parallel(n_jobs=8)]: Done  12 tasks      | elapsed:    0.1s
[Parallel(n_jobs=8)]: Done  28 out of  28 | elapsed:    0.1s finished
[Parallel(n_jobs=8)]: Using backend LokyBackend with 8 concurrent workers.
[Parallel(n_jobs=8)]: Done  12 tasks      | elapsed:    1.0s
[Parallel(n_jobs=8)]: Done 120 tasks      | elapsed:    6.1s
[Parallel(n_jobs=8)]: Done 300 tasks      | elapsed:   14.6s
[Parallel(n_jobs=8)]: Done 378 out of 378 | elapsed:   18.3s finished
[Parallel(n_jobs=8)]: Using backend LokyBackend with 8 concurrent workers.
[Parallel(n_jobs=8)]: Done  12 tasks      | elapsed:    0.1s
[Parallel(n_jobs=8)]: Done  28 out of  28 | elapsed:    0.1s finished
[Parallel(n_jobs=8)]: Using backend LokyBackend with 8 concurrent workers.
[Parallel(n_jobs=8)]: Done  12 tasks      | elapsed:    1.0s
[Parallel(n_jobs=8)]: Done 120 tasks      | elapsed:    6.2s
[Parallel(n_jobs=8)]: Done 300 tasks      | elapsed:   14.5s
[Parallel(n_jobs=8)]: Done 378 out of 378 | elapsed:   18.2s finished
[Parallel(n_jobs=8)]: Using backend LokyBackend with 8 concurrent workers.
[Parallel(n_jobs=8)]: Done  12 tasks      | elapsed:    0.1s
[Parallel(n_jobs=8)]: Done  28 out of  28 | elapsed:    0.1s finished
[Parallel(n_jobs=8)]: Using backend LokyBackend with 8 concurrent workers.
[Parallel(n_jobs=8)]: Done  12 tasks      | elapsed:    1.1s
[Parallel(n_jobs=8)]: Done 120 tasks      | elapsed:    6.1s
[Parallel(n_jobs=8)]: Done 300 tasks      | elapsed:   14.2s
[Parallel(n_jobs=8)]: Done 378 out of 378 | elapsed:   17.9s finished
[Parallel(n_jobs=8)]: Using backend LokyBackend with 8 concurrent workers.
[Parallel(n_jobs=8)]: Done  12 tasks      | elapsed:    0.1s
[Parallel(n_jobs=8)]: Done  28 out of  28 | elapsed:    0.1s finished
[Parallel(n_jobs=8)]: Using backend LokyBackend with 8 concurrent workers.
[Parallel(n_jobs=8)]: Done  12 tasks      | elapsed:    1.1s
[Parallel(n_jobs=8)]: Done 120 tasks      | elapsed:    6.0s
[Parallel(n_jobs=8)]: Done 300 tasks      | elapsed:   14.4s
[Parallel(n_jobs=8)]: Done 378 out of 378 | elapsed:   18.1s finished
[Parallel(n_jobs=8)]: Using backend LokyBackend with 8 concurrent workers.
[Parallel(n_jobs=8)]: Done  12 tasks      | elapsed:    0.1s
[Parallel(n_jobs=8)]: Done  21 out of  28 | elapsed:    0.1s remaining:    0.0s
[Parallel(n_jobs=8)]: Done  28 out of  28 | elapsed:    0.1s finished
[Parallel(n_jobs=8)]: Using backend LokyBackend with 8 concurrent workers.
[Parallel(n_jobs=8)]: Done  12 tasks      | elapsed:    1.1s
[Parallel(n_jobs=8)]: Done 120 tasks      | elapsed:    6.0s
[Parallel(n_jobs=8)]: Done 300 tasks      | elapsed:   14.1s
[Parallel(n_jobs=8)]: Done 378 out of 378 | elapsed:   17.7s finished
[Parallel(n_jobs=8)]: Using backend LokyBackend with 8 concurrent workers.
[Parallel(n_jobs=8)]: Done  12 tasks      | elapsed:    0.1s
[Parallel(n_jobs=8)]: Done  28 out of  28 | elapsed:    0.1s finished
[Parallel(n_jobs=8)]: Using backend LokyBackend with 8 concurrent workers.
[Parallel(n_jobs=8)]: Done  12 tasks      | elapsed:    1.0s
[Parallel(n_jobs=8)]: Done 120 tasks      | elapsed:    5.9s
[Parallel(n_jobs=8)]: Done 300 tasks      | elapsed:   14.1s
[Parallel(n_jobs=8)]: Done 378 out of 378 | elapsed:   17.7s finished
[Parallel(n_jobs=8)]: Using backend LokyBackend with 8 concurrent workers.
[Parallel(n_jobs=8)]: Done  12 tasks      | elapsed:    0.1s
[Parallel(n_jobs=8)]: Done  21 out of  28 | elapsed:    0.1s remaining:    0.0s
[Parallel(n_jobs=8)]: Done  28 out of  28 | elapsed:    0.1s finished
[Parallel(n_jobs=8)]: Using backend LokyBackend with 8 concurrent workers.
[Parallel(n_jobs=8)]: Done  12 tasks      | elapsed:    1.0s
[Parallel(n_jobs=8)]: Done 120 tasks      | elapsed:    5.8s
[Parallel(n_jobs=8)]: Done 300 tasks      | elapsed:   13.9s
[Parallel(n_jobs=8)]: Done 378 out of 378 | elapsed:   17.5s finished
[Parallel(n_jobs=8)]: Using backend LokyBackend with 8 concurrent workers.
[Parallel(n_jobs=8)]: Done  12 tasks      | elapsed:    0.1s
[Parallel(n_jobs=8)]: Done  28 out of  28 | elapsed:    0.1s finished
[Parallel(n_jobs=8)]: Using backend LokyBackend with 8 concurrent workers.
[Parallel(n_jobs=8)]: Done  12 tasks      | elapsed:    1.1s
[Parallel(n_jobs=8)]: Done 120 tasks      | elapsed:    6.0s
[Parallel(n_jobs=8)]: Done 300 tasks      | elapsed:   14.2s
[Parallel(n_jobs=8)]: Done 378 out of 378 | elapsed:   17.8s finished
[Parallel(n_jobs=8)]: Using backend LokyBackend with 8 concurrent workers.
[Parallel(n_jobs=8)]: Done  12 tasks      | elapsed:    0.1s
[Parallel(n_jobs=8)]: Done  28 out of  28 | elapsed:    0.1s finished
[Parallel(n_jobs=8)]: Using backend LokyBackend with 8 concurrent workers.
[Parallel(n_jobs=8)]: Done  12 tasks      | elapsed:    1.0s
[Parallel(n_jobs=8)]: Done 120 tasks      | elapsed:    6.1s
[Parallel(n_jobs=8)]: Done 300 tasks      | elapsed:   14.3s
[Parallel(n_jobs=8)]: Done 378 out of 378 | elapsed:   18.0s finished
[Parallel(n_jobs=8)]: Using backend LokyBackend with 8 concurrent workers.
[Parallel(n_jobs=8)]: Done  12 tasks      | elapsed:    0.1s
[Parallel(n_jobs=8)]: Done  21 out of  28 | elapsed:    0.1s remaining:    0.0s
[Parallel(n_jobs=8)]: Done  28 out of  28 | elapsed:    0.1s finished
[Parallel(n_jobs=8)]: Using backend LokyBackend with 8 concurrent workers.
[Parallel(n_jobs=8)]: Done  12 tasks      | elapsed:    1.0s
[Parallel(n_jobs=8)]: Done 120 tasks      | elapsed:    6.0s
[Parallel(n_jobs=8)]: Done 300 tasks      | elapsed:   14.2s
[Parallel(n_jobs=8)]: Done 378 out of 378 | elapsed:   17.8s finished
[Parallel(n_jobs=8)]: Using backend LokyBackend with 8 concurrent workers.
[Parallel(n_jobs=8)]: Done  12 tasks      | elapsed:    0.1s
[Parallel(n_jobs=8)]: Done  28 out of  28 | elapsed:    0.1s finished
[Parallel(n_jobs=8)]: Using backend LokyBackend with 8 concurrent workers.
[Parallel(n_jobs=8)]: Done  12 tasks      | elapsed:    1.1s
[Parallel(n_jobs=8)]: Done 120 tasks      | elapsed:    6.1s
[Parallel(n_jobs=8)]: Done 300 tasks      | elapsed:   14.3s
[Parallel(n_jobs=8)]: Done 378 out of 378 | elapsed:   18.0s finished
[Parallel(n_jobs=8)]: Using backend LokyBackend with 8 concurrent workers.
[Parallel(n_jobs=8)]: Done  12 tasks      | elapsed:    0.1s
[Parallel(n_jobs=8)]: Done  28 out of  28 | elapsed:    0.1s finished
[Parallel(n_jobs=8)]: Using backend LokyBackend with 8 concurrent workers.
[Parallel(n_jobs=8)]: Done  12 tasks      | elapsed:    1.1s
[Parallel(n_jobs=8)]: Done 120 tasks      | elapsed:    6.0s
[Parallel(n_jobs=8)]: Done 300 tasks      | elapsed:   14.1s
[Parallel(n_jobs=8)]: Done 378 out of 378 | elapsed:   17.7s finished
[Parallel(n_jobs=8)]: Using backend LokyBackend with 8 concurrent workers.
[Parallel(n_jobs=8)]: Done  12 tasks      | elapsed:    0.1s
[Parallel(n_jobs=8)]: Done  21 out of  28 | elapsed:    0.1s remaining:    0.0s
[Parallel(n_jobs=8)]: Done  28 out of  28 | elapsed:    0.1s finished
[Parallel(n_jobs=8)]: Using backend LokyBackend with 8 concurrent workers.
[Parallel(n_jobs=8)]: Done  12 tasks      | elapsed:    1.0s
[Parallel(n_jobs=8)]: Done 120 tasks      | elapsed:    5.9s
[Parallel(n_jobs=8)]: Done 300 tasks      | elapsed:   14.1s
[Parallel(n_jobs=8)]: Done 378 out of 378 | elapsed:   17.7s finished
[Parallel(n_jobs=8)]: Using backend LokyBackend with 8 concurrent workers.
[Parallel(n_jobs=8)]: Done  12 tasks      | elapsed:    0.1s
[Parallel(n_jobs=8)]: Done  28 out of  28 | elapsed:    0.1s finished
[Parallel(n_jobs=8)]: Using backend LokyBackend with 8 concurrent workers.
[Parallel(n_jobs=8)]: Done  12 tasks      | elapsed:    1.0s
[Parallel(n_jobs=8)]: Done 120 tasks      | elapsed:    5.9s
[Parallel(n_jobs=8)]: Done 300 tasks      | elapsed:   14.2s
[Parallel(n_jobs=8)]: Done 378 out of 378 | elapsed:   17.8s finished
[Parallel(n_jobs=8)]: Using backend LokyBackend with 8 concurrent workers.
[Parallel(n_jobs=8)]: Done  12 tasks      | elapsed:    0.1s
[Parallel(n_jobs=8)]: Done  28 out of  28 | elapsed:    0.1s finished
[Parallel(n_jobs=8)]: Using backend LokyBackend with 8 concurrent workers.
[Parallel(n_jobs=8)]: Done  12 tasks      | elapsed:    1.0s
[Parallel(n_jobs=8)]: Done 120 tasks      | elapsed:    6.0s
[Parallel(n_jobs=8)]: Done 300 tasks      | elapsed:   14.1s
[Parallel(n_jobs=8)]: Done 378 out of 378 | elapsed:   17.7s finished
[Parallel(n_jobs=8)]: Using backend LokyBackend with 8 concurrent workers.
[Parallel(n_jobs=8)]: Done  12 tasks      | elapsed:    0.1s
[Parallel(n_jobs=8)]: Done  21 out of  28 | elapsed:    0.1s remaining:    0.0s
[Parallel(n_jobs=8)]: Done  28 out of  28 | elapsed:    0.1s finished
[Parallel(n_jobs=8)]: Using backend LokyBackend with 8 concurrent workers.
[Parallel(n_jobs=8)]: Done  12 tasks      | elapsed:    1.0s
[Parallel(n_jobs=8)]: Done 120 tasks      | elapsed:    6.0s
[Parallel(n_jobs=8)]: Done 300 tasks      | elapsed:   14.3s
[Parallel(n_jobs=8)]: Done 378 out of 378 | elapsed:   17.9s finished
[Parallel(n_jobs=8)]: Using backend LokyBackend with 8 concurrent workers.
[Parallel(n_jobs=8)]: Done  12 tasks      | elapsed:    0.1s
[Parallel(n_jobs=8)]: Done  28 out of  28 | elapsed:    0.1s finished
[Parallel(n_jobs=8)]: Using backend LokyBackend with 8 concurrent workers.
[Parallel(n_jobs=8)]: Done  12 tasks      | elapsed:    1.0s
[Parallel(n_jobs=8)]: Done 120 tasks      | elapsed:    6.2s
[Parallel(n_jobs=8)]: Done 300 tasks      | elapsed:   14.3s
[Parallel(n_jobs=8)]: Done 378 out of 378 | elapsed:   18.0s finished
[Parallel(n_jobs=8)]: Using backend LokyBackend with 8 concurrent workers.
[Parallel(n_jobs=8)]: Done  12 tasks      | elapsed:    0.1s
[Parallel(n_jobs=8)]: Done  28 out of  28 | elapsed:    0.1s finished
[Parallel(n_jobs=8)]: Using backend LokyBackend with 8 concurrent workers.
[Parallel(n_jobs=8)]: Done  12 tasks      | elapsed:    1.0s
[Parallel(n_jobs=8)]: Done 120 tasks      | elapsed:    5.9s
[Parallel(n_jobs=8)]: Done 300 tasks      | elapsed:   14.0s
[Parallel(n_jobs=8)]: Done 378 out of 378 | elapsed:   17.7s finished
[Parallel(n_jobs=8)]: Using backend LokyBackend with 8 concurrent workers.
[Parallel(n_jobs=8)]: Done  12 tasks      | elapsed:    0.1s
[Parallel(n_jobs=8)]: Done  28 out of  28 | elapsed:    0.1s finished
[Parallel(n_jobs=8)]: Using backend LokyBackend with 8 concurrent workers.
[Parallel(n_jobs=8)]: Done  12 tasks      | elapsed:    1.0s
[Parallel(n_jobs=8)]: Done 120 tasks      | elapsed:    6.1s
[Parallel(n_jobs=8)]: Done 300 tasks      | elapsed:   14.5s
[Parallel(n_jobs=8)]: Done 378 out of 378 | elapsed:   18.1s finished
[Parallel(n_jobs=8)]: Using backend LokyBackend with 8 concurrent workers.
[Parallel(n_jobs=8)]: Done  12 tasks      | elapsed:    0.1s
[Parallel(n_jobs=8)]: Done  28 out of  28 | elapsed:    0.1s finished
[Parallel(n_jobs=8)]: Using backend LokyBackend with 8 concurrent workers.
[Parallel(n_jobs=8)]: Done  12 tasks      | elapsed:    1.1s
[Parallel(n_jobs=8)]: Done 120 tasks      | elapsed:    6.1s
[Parallel(n_jobs=8)]: Done 300 tasks      | elapsed:   14.2s
[Parallel(n_jobs=8)]: Done 378 out of 378 | elapsed:   17.8s finished
[Parallel(n_jobs=8)]: Using backend LokyBackend with 8 concurrent workers.
[Parallel(n_jobs=8)]: Done  12 tasks      | elapsed:    0.1s
[Parallel(n_jobs=8)]: Done  28 out of  28 | elapsed:    0.1s finished
[Parallel(n_jobs=8)]: Using backend LokyBackend with 8 concurrent workers.
[Parallel(n_jobs=8)]: Done  12 tasks      | elapsed:    1.0s
[Parallel(n_jobs=8)]: Done 120 tasks      | elapsed:    6.0s
[Parallel(n_jobs=8)]: Done 300 tasks      | elapsed:   14.2s
[Parallel(n_jobs=8)]: Done 378 out of 378 | elapsed:   17.8s finished
[Parallel(n_jobs=8)]: Using backend LokyBackend with 8 concurrent workers.
[Parallel(n_jobs=8)]: Done  12 tasks      | elapsed:    0.1s
[Parallel(n_jobs=8)]: Done  28 out of  28 | elapsed:    0.1s finished
[Parallel(n_jobs=8)]: Using backend LokyBackend with 8 concurrent workers.
[Parallel(n_jobs=8)]: Done  12 tasks      | elapsed:    1.0s
[Parallel(n_jobs=8)]: Done 120 tasks      | elapsed:    5.9s
[Parallel(n_jobs=8)]: Done 300 tasks      | elapsed:   14.1s
[Parallel(n_jobs=8)]: Done 378 out of 378 | elapsed:   17.7s finished
[Parallel(n_jobs=8)]: Using backend LokyBackend with 8 concurrent workers.
[Parallel(n_jobs=8)]: Done  12 tasks      | elapsed:    0.1s
[Parallel(n_jobs=8)]: Done  28 out of  28 | elapsed:    0.1s finished
[Parallel(n_jobs=8)]: Using backend LokyBackend with 8 concurrent workers.
[Parallel(n_jobs=8)]: Done  12 tasks      | elapsed:    1.0s
[Parallel(n_jobs=8)]: Done 120 tasks      | elapsed:    5.9s
[Parallel(n_jobs=8)]: Done 300 tasks      | elapsed:   14.1s
[Parallel(n_jobs=8)]: Done 378 out of 378 | elapsed:   17.6s finished
[Parallel(n_jobs=8)]: Using backend LokyBackend with 8 concurrent workers.
[Parallel(n_jobs=8)]: Done  12 tasks      | elapsed:    0.1s
[Parallel(n_jobs=8)]: Done  21 out of  28 | elapsed:    0.1s remaining:    0.0s
[Parallel(n_jobs=8)]: Done  28 out of  28 | elapsed:    0.1s finished
[Parallel(n_jobs=8)]: Using backend LokyBackend with 8 concurrent workers.
[Parallel(n_jobs=8)]: Done  12 tasks      | elapsed:    1.0s
[Parallel(n_jobs=8)]: Done 120 tasks      | elapsed:    6.0s
[Parallel(n_jobs=8)]: Done 300 tasks      | elapsed:   14.1s
[Parallel(n_jobs=8)]: Done 378 out of 378 | elapsed:   17.8s finished
[Parallel(n_jobs=8)]: Using backend LokyBackend with 8 concurrent workers.
[Parallel(n_jobs=8)]: Done  12 tasks      | elapsed:    0.1s
[Parallel(n_jobs=8)]: Done  28 out of  28 | elapsed:    0.1s finished
[Parallel(n_jobs=8)]: Using backend LokyBackend with 8 concurrent workers.
[Parallel(n_jobs=8)]: Done  12 tasks      | elapsed:    1.0s
[Parallel(n_jobs=8)]: Done 120 tasks      | elapsed:    5.9s
[Parallel(n_jobs=8)]: Done 300 tasks      | elapsed:   14.1s
[Parallel(n_jobs=8)]: Done 378 out of 378 | elapsed:   17.8s finished
[Parallel(n_jobs=8)]: Using backend LokyBackend with 8 concurrent workers.
[Parallel(n_jobs=8)]: Done  12 tasks      | elapsed:    0.1s
[Parallel(n_jobs=8)]: Done  28 out of  28 | elapsed:    0.1s finished
[Parallel(n_jobs=8)]: Using backend LokyBackend with 8 concurrent workers.
[Parallel(n_jobs=8)]: Done  12 tasks      | elapsed:    1.1s
[Parallel(n_jobs=8)]: Done 120 tasks      | elapsed:    6.0s
[Parallel(n_jobs=8)]: Done 300 tasks      | elapsed:   14.2s
[Parallel(n_jobs=8)]: Done 378 out of 378 | elapsed:   17.8s finished
[Parallel(n_jobs=8)]: Using backend LokyBackend with 8 concurrent workers.
[Parallel(n_jobs=8)]: Done  12 tasks      | elapsed:    0.1s
[Parallel(n_jobs=8)]: Done  21 out of  28 | elapsed:    0.1s remaining:    0.0s
[Parallel(n_jobs=8)]: Done  28 out of  28 | elapsed:    0.1s finished
[Parallel(n_jobs=8)]: Using backend LokyBackend with 8 concurrent workers.
[Parallel(n_jobs=8)]: Done  12 tasks      | elapsed:    1.1s
[Parallel(n_jobs=8)]: Done 120 tasks      | elapsed:    5.9s
[Parallel(n_jobs=8)]: Done 300 tasks      | elapsed:   14.2s
[Parallel(n_jobs=8)]: Done 378 out of 378 | elapsed:   17.9s finished
[Parallel(n_jobs=8)]: Using backend LokyBackend with 8 concurrent workers.
[Parallel(n_jobs=8)]: Done  12 tasks      | elapsed:    0.1s
[Parallel(n_jobs=8)]: Done  21 out of  28 | elapsed:    0.1s remaining:    0.0s
[Parallel(n_jobs=8)]: Done  28 out of  28 | elapsed:    0.1s finished
[Parallel(n_jobs=8)]: Using backend LokyBackend with 8 concurrent workers.
[Parallel(n_jobs=8)]: Done  12 tasks      | elapsed:    1.0s
[Parallel(n_jobs=8)]: Done 120 tasks      | elapsed:    5.9s
[Parallel(n_jobs=8)]: Done 300 tasks      | elapsed:   14.0s
[Parallel(n_jobs=8)]: Done 378 out of 378 | elapsed:   17.6s finished
[Parallel(n_jobs=8)]: Using backend LokyBackend with 8 concurrent workers.
[Parallel(n_jobs=8)]: Done  12 tasks      | elapsed:    0.1s
[Parallel(n_jobs=8)]: Done  21 out of  28 | elapsed:    0.1s remaining:    0.0s
[Parallel(n_jobs=8)]: Done  28 out of  28 | elapsed:    0.1s finished
[Parallel(n_jobs=8)]: Using backend LokyBackend with 8 concurrent workers.
[Parallel(n_jobs=8)]: Done  12 tasks      | elapsed:    1.0s
[Parallel(n_jobs=8)]: Done 120 tasks      | elapsed:    5.8s
[Parallel(n_jobs=8)]: Done 300 tasks      | elapsed:   14.1s
[Parallel(n_jobs=8)]: Done 378 out of 378 | elapsed:   17.7s finished
[Parallel(n_jobs=8)]: Using backend LokyBackend with 8 concurrent workers.
[Parallel(n_jobs=8)]: Done  12 tasks      | elapsed:    0.1s
[Parallel(n_jobs=8)]: Done  28 out of  28 | elapsed:    0.1s finished
[Parallel(n_jobs=8)]: Using backend LokyBackend with 8 concurrent workers.
[Parallel(n_jobs=8)]: Done  12 tasks      | elapsed:    1.0s
[Parallel(n_jobs=8)]: Done 120 tasks      | elapsed:    5.9s
[Parallel(n_jobs=8)]: Done 300 tasks      | elapsed:   14.2s
[Parallel(n_jobs=8)]: Done 378 out of 378 | elapsed:   17.8s finished
[Parallel(n_jobs=8)]: Using backend LokyBackend with 8 concurrent workers.
[Parallel(n_jobs=8)]: Done  12 tasks      | elapsed:    0.1s
[Parallel(n_jobs=8)]: Done  21 out of  28 | elapsed:    0.1s remaining:    0.0s
[Parallel(n_jobs=8)]: Done  28 out of  28 | elapsed:    0.1s finished
[Parallel(n_jobs=8)]: Using backend LokyBackend with 8 concurrent workers.
[Parallel(n_jobs=8)]: Done  12 tasks      | elapsed:    1.0s
[Parallel(n_jobs=8)]: Done 120 tasks      | elapsed:    5.9s
[Parallel(n_jobs=8)]: Done 300 tasks      | elapsed:   14.2s
[Parallel(n_jobs=8)]: Done 378 out of 378 | elapsed:   17.9s finished
[Parallel(n_jobs=8)]: Using backend LokyBackend with 8 concurrent workers.
[Parallel(n_jobs=8)]: Done  12 tasks      | elapsed:    0.1s
[Parallel(n_jobs=8)]: Done  21 out of  28 | elapsed:    0.1s remaining:    0.0s
[Parallel(n_jobs=8)]: Done  28 out of  28 | elapsed:    0.1s finished
[Parallel(n_jobs=8)]: Using backend LokyBackend with 8 concurrent workers.
[Parallel(n_jobs=8)]: Done  12 tasks      | elapsed:    1.0s
[Parallel(n_jobs=8)]: Done 120 tasks      | elapsed:    6.2s
[Parallel(n_jobs=8)]: Done 300 tasks      | elapsed:   14.4s
[Parallel(n_jobs=8)]: Done 378 out of 378 | elapsed:   17.9s finished
[Parallel(n_jobs=8)]: Using backend LokyBackend with 8 concurrent workers.
[Parallel(n_jobs=8)]: Done  12 tasks      | elapsed:    0.1s
[Parallel(n_jobs=8)]: Done  28 out of  28 | elapsed:    0.1s finished
[Parallel(n_jobs=8)]: Using backend LokyBackend with 8 concurrent workers.
[Parallel(n_jobs=8)]: Done  12 tasks      | elapsed:    1.1s
[Parallel(n_jobs=8)]: Done 120 tasks      | elapsed:    6.2s
[Parallel(n_jobs=8)]: Done 300 tasks      | elapsed:   14.3s
[Parallel(n_jobs=8)]: Done 378 out of 378 | elapsed:   17.9s finished
[Parallel(n_jobs=8)]: Using backend LokyBackend with 8 concurrent workers.
[Parallel(n_jobs=8)]: Done  12 tasks      | elapsed:    0.1s
[Parallel(n_jobs=8)]: Done  21 out of  28 | elapsed:    0.1s remaining:    0.0s
[Parallel(n_jobs=8)]: Done  28 out of  28 | elapsed:    0.1s finished
[Parallel(n_jobs=8)]: Using backend LokyBackend with 8 concurrent workers.
[Parallel(n_jobs=8)]: Done  12 tasks      | elapsed:    1.0s
[Parallel(n_jobs=8)]: Done 120 tasks      | elapsed:    6.0s
[Parallel(n_jobs=8)]: Done 300 tasks      | elapsed:   14.1s
[Parallel(n_jobs=8)]: Done 378 out of 378 | elapsed:   17.7s finished
[Parallel(n_jobs=8)]: Using backend LokyBackend with 8 concurrent workers.
[Parallel(n_jobs=8)]: Done  12 tasks      | elapsed:    0.1s
[Parallel(n_jobs=8)]: Done  28 out of  28 | elapsed:    0.1s finished
[Parallel(n_jobs=8)]: Using backend LokyBackend with 8 concurrent workers.
[Parallel(n_jobs=8)]: Done  12 tasks      | elapsed:    1.1s
[Parallel(n_jobs=8)]: Done 120 tasks      | elapsed:    6.1s
[Parallel(n_jobs=8)]: Done 300 tasks      | elapsed:   14.2s
[Parallel(n_jobs=8)]: Done 378 out of 378 | elapsed:   17.8s finished
[Parallel(n_jobs=8)]: Using backend LokyBackend with 8 concurrent workers.
[Parallel(n_jobs=8)]: Done  12 tasks      | elapsed:    0.1s
[Parallel(n_jobs=8)]: Done  28 out of  28 | elapsed:    0.1s finished
[Parallel(n_jobs=8)]: Using backend LokyBackend with 8 concurrent workers.
[Parallel(n_jobs=8)]: Done  12 tasks      | elapsed:    1.0s
[Parallel(n_jobs=8)]: Done 120 tasks      | elapsed:    6.1s
[Parallel(n_jobs=8)]: Done 300 tasks      | elapsed:   14.3s
[Parallel(n_jobs=8)]: Done 378 out of 378 | elapsed:   18.0s finished
[Parallel(n_jobs=8)]: Using backend LokyBackend with 8 concurrent workers.
[Parallel(n_jobs=8)]: Done  12 tasks      | elapsed:    0.1s
[Parallel(n_jobs=8)]: Done  21 out of  28 | elapsed:    0.1s remaining:    0.0s
[Parallel(n_jobs=8)]: Done  28 out of  28 | elapsed:    0.1s finished
[Parallel(n_jobs=8)]: Using backend LokyBackend with 8 concurrent workers.
[Parallel(n_jobs=8)]: Done  12 tasks      | elapsed:    1.0s
[Parallel(n_jobs=8)]: Done 120 tasks      | elapsed:    6.1s
[Parallel(n_jobs=8)]: Done 300 tasks      | elapsed:   14.6s
[Parallel(n_jobs=8)]: Done 378 out of 378 | elapsed:   18.3s finished
[Parallel(n_jobs=8)]: Using backend LokyBackend with 8 concurrent workers.
[Parallel(n_jobs=8)]: Done  12 tasks      | elapsed:    0.1s
[Parallel(n_jobs=8)]: Done  21 out of  28 | elapsed:    0.1s remaining:    0.0s
[Parallel(n_jobs=8)]: Done  28 out of  28 | elapsed:    0.1s finished
[Parallel(n_jobs=8)]: Using backend LokyBackend with 8 concurrent workers.
[Parallel(n_jobs=8)]: Done  12 tasks      | elapsed:    1.0s
[Parallel(n_jobs=8)]: Done 120 tasks      | elapsed:    6.0s
[Parallel(n_jobs=8)]: Done 300 tasks      | elapsed:   14.3s
[Parallel(n_jobs=8)]: Done 378 out of 378 | elapsed:   18.0s finished
[Parallel(n_jobs=8)]: Using backend LokyBackend with 8 concurrent workers.
[Parallel(n_jobs=8)]: Done  12 tasks      | elapsed:    0.1s
[Parallel(n_jobs=8)]: Done  21 out of  28 | elapsed:    0.1s remaining:    0.0s
[Parallel(n_jobs=8)]: Done  28 out of  28 | elapsed:    0.1s finished
[Parallel(n_jobs=8)]: Using backend LokyBackend with 8 concurrent workers.
[Parallel(n_jobs=8)]: Done  12 tasks      | elapsed:    1.0s
[Parallel(n_jobs=8)]: Done 120 tasks      | elapsed:    6.1s
[Parallel(n_jobs=8)]: Done 300 tasks      | elapsed:   14.6s
[Parallel(n_jobs=8)]: Done 378 out of 378 | elapsed:   18.5s finished
[Parallel(n_jobs=8)]: Using backend LokyBackend with 8 concurrent workers.
[Parallel(n_jobs=8)]: Done  12 tasks      | elapsed:    0.1s
[Parallel(n_jobs=8)]: Done  21 out of  28 | elapsed:    0.1s remaining:    0.0s
[Parallel(n_jobs=8)]: Done  28 out of  28 | elapsed:    0.1s finished
[Parallel(n_jobs=8)]: Using backend LokyBackend with 8 concurrent workers.
[Parallel(n_jobs=8)]: Done  12 tasks      | elapsed:    1.0s
[Parallel(n_jobs=8)]: Done 120 tasks      | elapsed:    6.2s
[Parallel(n_jobs=8)]: Done 300 tasks      | elapsed:   14.5s
[Parallel(n_jobs=8)]: Done 378 out of 378 | elapsed:   18.2s finished
