Subject D0057: loading epochs...
Reading /cwork/rl330/BIDS-1.1_GlobalLocal/BIDS/derivatives/freqFilt/figs/D0057/D0057_stimulus_s_(0.0, 0.5)_ev1-epo.fif ...
    Found the data of interest:
        t =       0.00 ...     500.00 ms
        0 CTF compensation matrices available
Not setting metadata
189 matching events found
No baseline correction applied
0 projection items activated
    Loaded 189 epochs for stimulus_s_(0.0, 0.5) (RAI1,RAI2,RAI3...)
Epoch summary saved.
Processing subject D0057...
Using ROIs: ['G_front_inf-Opercular', 'G_front_inf-Orbital', 'G_front_inf-Triangul', 'G_front_middle', 'G_front_sup', 'Lat_Fis-ant-Horizont', 'Lat_Fis-ant-Vertical', 'S_circular_insula_ant', 'S_circular_insula_sup', 'S_front_inf', 'S_front_middle', 'S_front_sup']
Found 17 ROI channels for D0057
NOTE: pick_channels() is a legacy function. New code should use inst.pick(...).
Adding metadata with 3 columns
Connectivity computation...
   Processing epoch 1 / 189 ...
   Processing epoch 2 / 189 ...
   Processing epoch 3 / 189 ...
   Processing epoch 4 / 189 ...
   Processing epoch 5 / 189 ...
   Processing epoch 6 / 189 ...
   Processing epoch 7 / 189 ...
   Processing epoch 8 / 189 ...
   Processing epoch 9 / 189 ...
   Processing epoch 10 / 189 ...
   Processing epoch 11 / 189 ...
   Processing epoch 12 / 189 ...
   Processing epoch 13 / 189 ...
   Processing epoch 14 / 189 ...
   Processing epoch 15 / 189 ...
   Processing epoch 16 / 189 ...
   Processing epoch 17 / 189 ...
   Processing epoch 18 / 189 ...
   Processing epoch 19 / 189 ...
   Processing epoch 20 / 189 ...
   Processing epoch 21 / 189 ...
   Processing epoch 22 / 189 ...
   Processing epoch 23 / 189 ...
   Processing epoch 24 / 189 ...
   Processing epoch 25 / 189 ...
   Processing epoch 26 / 189 ...
   Processing epoch 27 / 189 ...
   Processing epoch 28 / 189 ...
   Processing epoch 29 / 189 ...
   Processing epoch 30 / 189 ...
   Processing epoch 31 / 189 ...
   Processing epoch 32 / 189 ...
   Processing epoch 33 / 189 ...
   Processing epoch 34 / 189 ...
   Processing epoch 35 / 189 ...
   Processing epoch 36 / 189 ...
   Processing epoch 37 / 189 ...
   Processing epoch 38 / 189 ...
   Processing epoch 39 / 189 ...
   Processing epoch 40 / 189 ...
   Processing epoch 41 / 189 ...
   Processing epoch 42 / 189 ...
   Processing epoch 43 / 189 ...
   Processing epoch 44 / 189 ...
   Processing epoch 45 / 189 ...
   Processing epoch 46 / 189 ...
   Processing epoch 47 / 189 ...
   Processing epoch 48 / 189 ...
   Processing epoch 49 / 189 ...
   Processing epoch 50 / 189 ...
   Processing epoch 51 / 189 ...
   Processing epoch 52 / 189 ...
   Processing epoch 53 / 189 ...
   Processing epoch 54 / 189 ...
   Processing epoch 55 / 189 ...
   Processing epoch 56 / 189 ...
   Processing epoch 57 / 189 ...
   Processing epoch 58 / 189 ...
   Processing epoch 59 / 189 ...
   Processing epoch 60 / 189 ...
   Processing epoch 61 / 189 ...
   Processing epoch 62 / 189 ...
   Processing epoch 63 / 189 ...
   Processing epoch 64 / 189 ...
   Processing epoch 65 / 189 ...
   Processing epoch 66 / 189 ...
   Processing epoch 67 / 189 ...
   Processing epoch 68 / 189 ...
   Processing epoch 69 / 189 ...
   Processing epoch 70 / 189 ...
   Processing epoch 71 / 189 ...
   Processing epoch 72 / 189 ...
   Processing epoch 73 / 189 ...
   Processing epoch 74 / 189 ...
   Processing epoch 75 / 189 ...
   Processing epoch 76 / 189 ...
   Processing epoch 77 / 189 ...
   Processing epoch 78 / 189 ...
   Processing epoch 79 / 189 ...
   Processing epoch 80 / 189 ...
   Processing epoch 81 / 189 ...
   Processing epoch 82 / 189 ...
   Processing epoch 83 / 189 ...
   Processing epoch 84 / 189 ...
   Processing epoch 85 / 189 ...
   Processing epoch 86 / 189 ...
   Processing epoch 87 / 189 ...
   Processing epoch 88 / 189 ...
   Processing epoch 89 / 189 ...
   Processing epoch 90 / 189 ...
   Processing epoch 91 / 189 ...
   Processing epoch 92 / 189 ...
   Processing epoch 93 / 189 ...
   Processing epoch 94 / 189 ...
   Processing epoch 95 / 189 ...
   Processing epoch 96 / 189 ...
   Processing epoch 97 / 189 ...
   Processing epoch 98 / 189 ...
   Processing epoch 99 / 189 ...
   Processing epoch 100 / 189 ...
   Processing epoch 101 / 189 ...
   Processing epoch 102 / 189 ...
   Processing epoch 103 / 189 ...
   Processing epoch 104 / 189 ...
   Processing epoch 105 / 189 ...
   Processing epoch 106 / 189 ...
   Processing epoch 107 / 189 ...
   Processing epoch 108 / 189 ...
   Processing epoch 109 / 189 ...
   Processing epoch 110 / 189 ...
   Processing epoch 111 / 189 ...
   Processing epoch 112 / 189 ...
   Processing epoch 113 / 189 ...
   Processing epoch 114 / 189 ...
   Processing epoch 115 / 189 ...
   Processing epoch 116 / 189 ...
   Processing epoch 117 / 189 ...
   Processing epoch 118 / 189 ...
   Processing epoch 119 / 189 ...
   Processing epoch 120 / 189 ...
   Processing epoch 121 / 189 ...
   Processing epoch 122 / 189 ...
   Processing epoch 123 / 189 ...
   Processing epoch 124 / 189 ...
   Processing epoch 125 / 189 ...
   Processing epoch 126 / 189 ...
   Processing epoch 127 / 189 ...
   Processing epoch 128 / 189 ...
   Processing epoch 129 / 189 ...
   Processing epoch 130 / 189 ...
   Processing epoch 131 / 189 ...
   Processing epoch 132 / 189 ...
   Processing epoch 133 / 189 ...
   Processing epoch 134 / 189 ...
   Processing epoch 135 / 189 ...
   Processing epoch 136 / 189 ...
   Processing epoch 137 / 189 ...
   Processing epoch 138 / 189 ...
   Processing epoch 139 / 189 ...
   Processing epoch 140 / 189 ...
   Processing epoch 141 / 189 ...
   Processing epoch 142 / 189 ...
   Processing epoch 143 / 189 ...
   Processing epoch 144 / 189 ...
   Processing epoch 145 / 189 ...
   Processing epoch 146 / 189 ...
   Processing epoch 147 / 189 ...
   Processing epoch 148 / 189 ...
   Processing epoch 149 / 189 ...
   Processing epoch 150 / 189 ...
   Processing epoch 151 / 189 ...
   Processing epoch 152 / 189 ...
   Processing epoch 153 / 189 ...
   Processing epoch 154 / 189 ...
   Processing epoch 155 / 189 ...
   Processing epoch 156 / 189 ...
   Processing epoch 157 / 189 ...
   Processing epoch 158 / 189 ...
   Processing epoch 159 / 189 ...
   Processing epoch 160 / 189 ...
   Processing epoch 161 / 189 ...
   Processing epoch 162 / 189 ...
   Processing epoch 163 / 189 ...
   Processing epoch 164 / 189 ...
   Processing epoch 165 / 189 ...
   Processing epoch 166 / 189 ...
   Processing epoch 167 / 189 ...
   Processing epoch 168 / 189 ...
   Processing epoch 169 / 189 ...
   Processing epoch 170 / 189 ...
   Processing epoch 171 / 189 ...
   Processing epoch 172 / 189 ...
   Processing epoch 173 / 189 ...
   Processing epoch 174 / 189 ...
   Processing epoch 175 / 189 ...
   Processing epoch 176 / 189 ...
   Processing epoch 177 / 189 ...
   Processing epoch 178 / 189 ...
   Processing epoch 179 / 189 ...
   Processing epoch 180 / 189 ...
   Processing epoch 181 / 189 ...
   Processing epoch 182 / 189 ...
   Processing epoch 183 / 189 ...
   Processing epoch 184 / 189 ...
   Processing epoch 185 / 189 ...
   Processing epoch 186 / 189 ...
   Processing epoch 187 / 189 ...
   Processing epoch 188 / 189 ...
   Processing epoch 189 / 189 ...
[Connectivity computation done]
Saved coherence summary to ./coherence_D0057_lpfc_stimulus_s_(0.0, 0.5)_summary.csv
