Subject D0107A: loading epochs...
Reading /cwork/rl330/BIDS-1.1_GlobalLocal/BIDS/derivatives/freqFilt/figs/D0107A/D0107A_stimulus_i_(0.0, 0.5)_ev1-epo.fif ...
    Found the data of interest:
        t =       0.00 ...     500.00 ms
        0 CTF compensation matrices available
Not setting metadata
181 matching events found
No baseline correction applied
0 projection items activated
    Loaded 181 epochs for stimulus_i_(0.0, 0.5) (RFOP1,RFOP2,RFOP3...)
Epoch summary saved.
Processing subject D0107A...
Using ROIs: ['G_front_inf-Opercular', 'G_front_inf-Orbital', 'G_front_inf-Triangul', 'G_front_middle', 'G_front_sup', 'Lat_Fis-ant-Horizont', 'Lat_Fis-ant-Vertical', 'S_circular_insula_ant', 'S_circular_insula_sup', 'S_front_inf', 'S_front_middle', 'S_front_sup']
Found 25 ROI channels for D0107A
Warning: 1 ROI channels missing from epochs and will be skipped: ['RIA13']
NOTE: pick_channels() is a legacy function. New code should use inst.pick(...).
Adding metadata with 3 columns
Connectivity computation...
   Processing epoch 1 / 181 ...
   Processing epoch 2 / 181 ...
   Processing epoch 3 / 181 ...
   Processing epoch 4 / 181 ...
   Processing epoch 5 / 181 ...
   Processing epoch 6 / 181 ...
   Processing epoch 7 / 181 ...
   Processing epoch 8 / 181 ...
   Processing epoch 9 / 181 ...
   Processing epoch 10 / 181 ...
   Processing epoch 11 / 181 ...
   Processing epoch 12 / 181 ...
   Processing epoch 13 / 181 ...
   Processing epoch 14 / 181 ...
   Processing epoch 15 / 181 ...
   Processing epoch 16 / 181 ...
   Processing epoch 17 / 181 ...
   Processing epoch 18 / 181 ...
   Processing epoch 19 / 181 ...
   Processing epoch 20 / 181 ...
   Processing epoch 21 / 181 ...
   Processing epoch 22 / 181 ...
   Processing epoch 23 / 181 ...
   Processing epoch 24 / 181 ...
   Processing epoch 25 / 181 ...
   Processing epoch 26 / 181 ...
   Processing epoch 27 / 181 ...
   Processing epoch 28 / 181 ...
   Processing epoch 29 / 181 ...
   Processing epoch 30 / 181 ...
   Processing epoch 31 / 181 ...
   Processing epoch 32 / 181 ...
   Processing epoch 33 / 181 ...
   Processing epoch 34 / 181 ...
   Processing epoch 35 / 181 ...
   Processing epoch 36 / 181 ...
   Processing epoch 37 / 181 ...
   Processing epoch 38 / 181 ...
   Processing epoch 39 / 181 ...
   Processing epoch 40 / 181 ...
   Processing epoch 41 / 181 ...
   Processing epoch 42 / 181 ...
   Processing epoch 43 / 181 ...
   Processing epoch 44 / 181 ...
   Processing epoch 45 / 181 ...
   Processing epoch 46 / 181 ...
   Processing epoch 47 / 181 ...
   Processing epoch 48 / 181 ...
   Processing epoch 49 / 181 ...
   Processing epoch 50 / 181 ...
   Processing epoch 51 / 181 ...
   Processing epoch 52 / 181 ...
   Processing epoch 53 / 181 ...
   Processing epoch 54 / 181 ...
   Processing epoch 55 / 181 ...
   Processing epoch 56 / 181 ...
   Processing epoch 57 / 181 ...
   Processing epoch 58 / 181 ...
   Processing epoch 59 / 181 ...
   Processing epoch 60 / 181 ...
   Processing epoch 61 / 181 ...
   Processing epoch 62 / 181 ...
   Processing epoch 63 / 181 ...
   Processing epoch 64 / 181 ...
   Processing epoch 65 / 181 ...
   Processing epoch 66 / 181 ...
   Processing epoch 67 / 181 ...
   Processing epoch 68 / 181 ...
   Processing epoch 69 / 181 ...
   Processing epoch 70 / 181 ...
   Processing epoch 71 / 181 ...
   Processing epoch 72 / 181 ...
   Processing epoch 73 / 181 ...
   Processing epoch 74 / 181 ...
   Processing epoch 75 / 181 ...
   Processing epoch 76 / 181 ...
   Processing epoch 77 / 181 ...
   Processing epoch 78 / 181 ...
   Processing epoch 79 / 181 ...
   Processing epoch 80 / 181 ...
   Processing epoch 81 / 181 ...
   Processing epoch 82 / 181 ...
   Processing epoch 83 / 181 ...
   Processing epoch 84 / 181 ...
   Processing epoch 85 / 181 ...
   Processing epoch 86 / 181 ...
   Processing epoch 87 / 181 ...
   Processing epoch 88 / 181 ...
   Processing epoch 89 / 181 ...
   Processing epoch 90 / 181 ...
   Processing epoch 91 / 181 ...
   Processing epoch 92 / 181 ...
   Processing epoch 93 / 181 ...
   Processing epoch 94 / 181 ...
   Processing epoch 95 / 181 ...
   Processing epoch 96 / 181 ...
   Processing epoch 97 / 181 ...
   Processing epoch 98 / 181 ...
   Processing epoch 99 / 181 ...
   Processing epoch 100 / 181 ...
   Processing epoch 101 / 181 ...
   Processing epoch 102 / 181 ...
   Processing epoch 103 / 181 ...
   Processing epoch 104 / 181 ...
   Processing epoch 105 / 181 ...
   Processing epoch 106 / 181 ...
   Processing epoch 107 / 181 ...
   Processing epoch 108 / 181 ...
   Processing epoch 109 / 181 ...
   Processing epoch 110 / 181 ...
   Processing epoch 111 / 181 ...
   Processing epoch 112 / 181 ...
   Processing epoch 113 / 181 ...
   Processing epoch 114 / 181 ...
   Processing epoch 115 / 181 ...
   Processing epoch 116 / 181 ...
   Processing epoch 117 / 181 ...
   Processing epoch 118 / 181 ...
   Processing epoch 119 / 181 ...
   Processing epoch 120 / 181 ...
   Processing epoch 121 / 181 ...
   Processing epoch 122 / 181 ...
   Processing epoch 123 / 181 ...
   Processing epoch 124 / 181 ...
   Processing epoch 125 / 181 ...
   Processing epoch 126 / 181 ...
   Processing epoch 127 / 181 ...
   Processing epoch 128 / 181 ...
   Processing epoch 129 / 181 ...
   Processing epoch 130 / 181 ...
   Processing epoch 131 / 181 ...
   Processing epoch 132 / 181 ...
   Processing epoch 133 / 181 ...
   Processing epoch 134 / 181 ...
   Processing epoch 135 / 181 ...
   Processing epoch 136 / 181 ...
   Processing epoch 137 / 181 ...
   Processing epoch 138 / 181 ...
   Processing epoch 139 / 181 ...
   Processing epoch 140 / 181 ...
   Processing epoch 141 / 181 ...
   Processing epoch 142 / 181 ...
   Processing epoch 143 / 181 ...
   Processing epoch 144 / 181 ...
   Processing epoch 145 / 181 ...
   Processing epoch 146 / 181 ...
   Processing epoch 147 / 181 ...
   Processing epoch 148 / 181 ...
   Processing epoch 149 / 181 ...
   Processing epoch 150 / 181 ...
   Processing epoch 151 / 181 ...
   Processing epoch 152 / 181 ...
   Processing epoch 153 / 181 ...
   Processing epoch 154 / 181 ...
   Processing epoch 155 / 181 ...
   Processing epoch 156 / 181 ...
   Processing epoch 157 / 181 ...
   Processing epoch 158 / 181 ...
   Processing epoch 159 / 181 ...
   Processing epoch 160 / 181 ...
   Processing epoch 161 / 181 ...
   Processing epoch 162 / 181 ...
   Processing epoch 163 / 181 ...
   Processing epoch 164 / 181 ...
   Processing epoch 165 / 181 ...
   Processing epoch 166 / 181 ...
   Processing epoch 167 / 181 ...
   Processing epoch 168 / 181 ...
   Processing epoch 169 / 181 ...
   Processing epoch 170 / 181 ...
   Processing epoch 171 / 181 ...
   Processing epoch 172 / 181 ...
   Processing epoch 173 / 181 ...
   Processing epoch 174 / 181 ...
   Processing epoch 175 / 181 ...
   Processing epoch 176 / 181 ...
   Processing epoch 177 / 181 ...
   Processing epoch 178 / 181 ...
   Processing epoch 179 / 181 ...
   Processing epoch 180 / 181 ...
   Processing epoch 181 / 181 ...
[Connectivity computation done]
Saved coherence summary to ./coherence_D0107A_lpfc_stimulus_i_(0.0, 0.5)_summary.csv
