[Parallel(n_jobs=8)]: Using backend LokyBackend with 8 concurrent workers.
[Parallel(n_jobs=8)]: Done  13 out of  16 | elapsed:   11.0s remaining:    2.5s
[Parallel(n_jobs=8)]: Done  16 out of  16 | elapsed:   11.0s finished
[Parallel(n_jobs=8)]: Using backend LokyBackend with 8 concurrent workers.
[Parallel(n_jobs=8)]: Done  10 tasks      | elapsed:    4.3s
[Parallel(n_jobs=8)]: Done  64 tasks      | elapsed:    5.9s
[Parallel(n_jobs=8)]: Done 120 out of 120 | elapsed:    7.7s finished
[Parallel(n_jobs=8)]: Using backend LokyBackend with 8 concurrent workers.
[Parallel(n_jobs=8)]: Done  13 out of  16 | elapsed:    0.1s remaining:    0.0s
[Parallel(n_jobs=8)]: Done  16 out of  16 | elapsed:    0.1s finished
[Parallel(n_jobs=8)]: Using backend LokyBackend with 8 concurrent workers.
[Parallel(n_jobs=8)]: Done  12 tasks      | elapsed:    0.3s
[Parallel(n_jobs=8)]: Done 120 out of 120 | elapsed:    2.1s finished
[Parallel(n_jobs=8)]: Using backend LokyBackend with 8 concurrent workers.
[Parallel(n_jobs=8)]: Done  13 out of  16 | elapsed:    0.1s remaining:    0.0s
[Parallel(n_jobs=8)]: Done  16 out of  16 | elapsed:    0.1s finished
[Parallel(n_jobs=8)]: Using backend LokyBackend with 8 concurrent workers.
[Parallel(n_jobs=8)]: Done  12 tasks      | elapsed:    0.4s
[Parallel(n_jobs=8)]: Done 120 out of 120 | elapsed:    2.0s finished
[Parallel(n_jobs=8)]: Using backend LokyBackend with 8 concurrent workers.
[Parallel(n_jobs=8)]: Done  13 out of  16 | elapsed:    0.1s remaining:    0.0s
[Parallel(n_jobs=8)]: Done  16 out of  16 | elapsed:    0.1s finished
[Parallel(n_jobs=8)]: Using backend LokyBackend with 8 concurrent workers.
[Parallel(n_jobs=8)]: Done  12 tasks      | elapsed:    0.3s
[Parallel(n_jobs=8)]: Done 120 out of 120 | elapsed:    1.9s finished
[Parallel(n_jobs=8)]: Using backend LokyBackend with 8 concurrent workers.
[Parallel(n_jobs=8)]: Done  13 out of  16 | elapsed:    0.0s remaining:    0.0s
[Parallel(n_jobs=8)]: Done  16 out of  16 | elapsed:    0.0s finished
[Parallel(n_jobs=8)]: Using backend LokyBackend with 8 concurrent workers.
[Parallel(n_jobs=8)]: Done  12 tasks      | elapsed:    0.3s
[Parallel(n_jobs=8)]: Done 120 out of 120 | elapsed:    1.9s finished
[Parallel(n_jobs=8)]: Using backend LokyBackend with 8 concurrent workers.
[Parallel(n_jobs=8)]: Done  13 out of  16 | elapsed:    0.1s remaining:    0.0s
[Parallel(n_jobs=8)]: Done  16 out of  16 | elapsed:    0.1s finished
[Parallel(n_jobs=8)]: Using backend LokyBackend with 8 concurrent workers.
[Parallel(n_jobs=8)]: Done  12 tasks      | elapsed:    0.3s
[Parallel(n_jobs=8)]: Done 120 out of 120 | elapsed:    2.0s finished
[Parallel(n_jobs=8)]: Using backend LokyBackend with 8 concurrent workers.
[Parallel(n_jobs=8)]: Done  13 out of  16 | elapsed:    0.1s remaining:    0.0s
[Parallel(n_jobs=8)]: Done  16 out of  16 | elapsed:    0.1s finished
[Parallel(n_jobs=8)]: Using backend LokyBackend with 8 concurrent workers.
[Parallel(n_jobs=8)]: Done  12 tasks      | elapsed:    0.3s
[Parallel(n_jobs=8)]: Done 120 out of 120 | elapsed:    2.1s finished
[Parallel(n_jobs=8)]: Using backend LokyBackend with 8 concurrent workers.
[Parallel(n_jobs=8)]: Done  13 out of  16 | elapsed:    0.1s remaining:    0.0s
[Parallel(n_jobs=8)]: Done  16 out of  16 | elapsed:    0.1s finished
[Parallel(n_jobs=8)]: Using backend LokyBackend with 8 concurrent workers.
[Parallel(n_jobs=8)]: Done  12 tasks      | elapsed:    0.3s
[Parallel(n_jobs=8)]: Done 120 out of 120 | elapsed:    2.1s finished
[Parallel(n_jobs=8)]: Using backend LokyBackend with 8 concurrent workers.
[Parallel(n_jobs=8)]: Done  13 out of  16 | elapsed:    0.1s remaining:    0.0s
[Parallel(n_jobs=8)]: Done  16 out of  16 | elapsed:    0.1s finished
[Parallel(n_jobs=8)]: Using backend LokyBackend with 8 concurrent workers.
[Parallel(n_jobs=8)]: Done  12 tasks      | elapsed:    0.3s
[Parallel(n_jobs=8)]: Done 120 out of 120 | elapsed:    2.0s finished
[Parallel(n_jobs=8)]: Using backend LokyBackend with 8 concurrent workers.
[Parallel(n_jobs=8)]: Done  13 out of  16 | elapsed:    0.1s remaining:    0.0s
[Parallel(n_jobs=8)]: Done  16 out of  16 | elapsed:    0.1s finished
[Parallel(n_jobs=8)]: Using backend LokyBackend with 8 concurrent workers.
[Parallel(n_jobs=8)]: Done  12 tasks      | elapsed:    0.3s
[Parallel(n_jobs=8)]: Done 120 out of 120 | elapsed:    2.0s finished
[Parallel(n_jobs=8)]: Using backend LokyBackend with 8 concurrent workers.
[Parallel(n_jobs=8)]: Done  13 out of  16 | elapsed:    0.0s remaining:    0.0s
[Parallel(n_jobs=8)]: Done  16 out of  16 | elapsed:    0.1s finished
[Parallel(n_jobs=8)]: Using backend LokyBackend with 8 concurrent workers.
[Parallel(n_jobs=8)]: Done  12 tasks      | elapsed:    0.3s
[Parallel(n_jobs=8)]: Done 120 out of 120 | elapsed:    1.8s finished
[Parallel(n_jobs=8)]: Using backend LokyBackend with 8 concurrent workers.
[Parallel(n_jobs=8)]: Done  13 out of  16 | elapsed:    0.0s remaining:    0.0s
[Parallel(n_jobs=8)]: Done  16 out of  16 | elapsed:    0.1s finished
[Parallel(n_jobs=8)]: Using backend LokyBackend with 8 concurrent workers.
[Parallel(n_jobs=8)]: Done  12 tasks      | elapsed:    0.3s
[Parallel(n_jobs=8)]: Done 120 out of 120 | elapsed:    1.9s finished
[Parallel(n_jobs=8)]: Using backend LokyBackend with 8 concurrent workers.
[Parallel(n_jobs=8)]: Done  13 out of  16 | elapsed:    0.1s remaining:    0.0s
[Parallel(n_jobs=8)]: Done  16 out of  16 | elapsed:    0.1s finished
[Parallel(n_jobs=8)]: Using backend LokyBackend with 8 concurrent workers.
[Parallel(n_jobs=8)]: Done  12 tasks      | elapsed:    0.3s
[Parallel(n_jobs=8)]: Done 120 out of 120 | elapsed:    1.9s finished
[Parallel(n_jobs=8)]: Using backend LokyBackend with 8 concurrent workers.
[Parallel(n_jobs=8)]: Done  13 out of  16 | elapsed:    0.1s remaining:    0.0s
[Parallel(n_jobs=8)]: Done  16 out of  16 | elapsed:    0.1s finished
[Parallel(n_jobs=8)]: Using backend LokyBackend with 8 concurrent workers.
[Parallel(n_jobs=8)]: Done  12 tasks      | elapsed:    0.3s
[Parallel(n_jobs=8)]: Done 120 out of 120 | elapsed:    1.9s finished
[Parallel(n_jobs=8)]: Using backend LokyBackend with 8 concurrent workers.
[Parallel(n_jobs=8)]: Done  13 out of  16 | elapsed:    0.1s remaining:    0.0s
[Parallel(n_jobs=8)]: Done  16 out of  16 | elapsed:    0.1s finished
[Parallel(n_jobs=8)]: Using backend LokyBackend with 8 concurrent workers.
[Parallel(n_jobs=8)]: Done  12 tasks      | elapsed:    0.3s
[Parallel(n_jobs=8)]: Done 120 out of 120 | elapsed:    1.9s finished
[Parallel(n_jobs=8)]: Using backend LokyBackend with 8 concurrent workers.
[Parallel(n_jobs=8)]: Done  13 out of  16 | elapsed:    0.1s remaining:    0.0s
[Parallel(n_jobs=8)]: Done  16 out of  16 | elapsed:    0.1s finished
[Parallel(n_jobs=8)]: Using backend LokyBackend with 8 concurrent workers.
[Parallel(n_jobs=8)]: Done  12 tasks      | elapsed:    0.3s
[Parallel(n_jobs=8)]: Done 120 out of 120 | elapsed:    2.0s finished
[Parallel(n_jobs=8)]: Using backend LokyBackend with 8 concurrent workers.
[Parallel(n_jobs=8)]: Done  13 out of  16 | elapsed:    0.1s remaining:    0.0s
[Parallel(n_jobs=8)]: Done  16 out of  16 | elapsed:    0.1s finished
[Parallel(n_jobs=8)]: Using backend LokyBackend with 8 concurrent workers.
[Parallel(n_jobs=8)]: Done  12 tasks      | elapsed:    0.3s
[Parallel(n_jobs=8)]: Done 120 out of 120 | elapsed:    2.0s finished
[Parallel(n_jobs=8)]: Using backend LokyBackend with 8 concurrent workers.
[Parallel(n_jobs=8)]: Done  13 out of  16 | elapsed:    0.1s remaining:    0.0s
[Parallel(n_jobs=8)]: Done  16 out of  16 | elapsed:    0.1s finished
[Parallel(n_jobs=8)]: Using backend LokyBackend with 8 concurrent workers.
[Parallel(n_jobs=8)]: Done  12 tasks      | elapsed:    0.3s
[Parallel(n_jobs=8)]: Done 120 out of 120 | elapsed:    1.9s finished
[Parallel(n_jobs=8)]: Using backend LokyBackend with 8 concurrent workers.
[Parallel(n_jobs=8)]: Done  13 out of  16 | elapsed:    0.1s remaining:    0.0s
[Parallel(n_jobs=8)]: Done  16 out of  16 | elapsed:    0.1s finished
[Parallel(n_jobs=8)]: Using backend LokyBackend with 8 concurrent workers.
[Parallel(n_jobs=8)]: Done  12 tasks      | elapsed:    0.3s
[Parallel(n_jobs=8)]: Done 120 out of 120 | elapsed:    2.0s finished
[Parallel(n_jobs=8)]: Using backend LokyBackend with 8 concurrent workers.
[Parallel(n_jobs=8)]: Done  13 out of  16 | elapsed:    0.1s remaining:    0.0s
[Parallel(n_jobs=8)]: Done  16 out of  16 | elapsed:    0.1s finished
[Parallel(n_jobs=8)]: Using backend LokyBackend with 8 concurrent workers.
[Parallel(n_jobs=8)]: Done  12 tasks      | elapsed:    0.4s
[Parallel(n_jobs=8)]: Done 120 out of 120 | elapsed:    2.2s finished
[Parallel(n_jobs=8)]: Using backend LokyBackend with 8 concurrent workers.
[Parallel(n_jobs=8)]: Done  13 out of  16 | elapsed:    0.1s remaining:    0.0s
[Parallel(n_jobs=8)]: Done  16 out of  16 | elapsed:    0.1s finished
[Parallel(n_jobs=8)]: Using backend LokyBackend with 8 concurrent workers.
[Parallel(n_jobs=8)]: Done  12 tasks      | elapsed:    0.3s
[Parallel(n_jobs=8)]: Done 120 out of 120 | elapsed:    2.4s finished
[Parallel(n_jobs=8)]: Using backend LokyBackend with 8 concurrent workers.
[Parallel(n_jobs=8)]: Done  13 out of  16 | elapsed:    0.1s remaining:    0.0s
[Parallel(n_jobs=8)]: Done  16 out of  16 | elapsed:    0.1s finished
[Parallel(n_jobs=8)]: Using backend LokyBackend with 8 concurrent workers.
[Parallel(n_jobs=8)]: Done  12 tasks      | elapsed:    0.5s
[Parallel(n_jobs=8)]: Done 120 out of 120 | elapsed:    2.7s finished
[Parallel(n_jobs=8)]: Using backend LokyBackend with 8 concurrent workers.
[Parallel(n_jobs=8)]: Done  13 out of  16 | elapsed:    0.1s remaining:    0.0s
[Parallel(n_jobs=8)]: Done  16 out of  16 | elapsed:    0.1s finished
[Parallel(n_jobs=8)]: Using backend LokyBackend with 8 concurrent workers.
[Parallel(n_jobs=8)]: Done  12 tasks      | elapsed:    0.3s
[Parallel(n_jobs=8)]: Done 120 out of 120 | elapsed:    2.0s finished
[Parallel(n_jobs=8)]: Using backend LokyBackend with 8 concurrent workers.
[Parallel(n_jobs=8)]: Done  13 out of  16 | elapsed:    0.1s remaining:    0.0s
[Parallel(n_jobs=8)]: Done  16 out of  16 | elapsed:    0.1s finished
[Parallel(n_jobs=8)]: Using backend LokyBackend with 8 concurrent workers.
[Parallel(n_jobs=8)]: Done  12 tasks      | elapsed:    0.3s
[Parallel(n_jobs=8)]: Done 120 out of 120 | elapsed:    2.0s finished
[Parallel(n_jobs=8)]: Using backend LokyBackend with 8 concurrent workers.
[Parallel(n_jobs=8)]: Done  13 out of  16 | elapsed:    0.1s remaining:    0.0s
[Parallel(n_jobs=8)]: Done  16 out of  16 | elapsed:    0.1s finished
[Parallel(n_jobs=8)]: Using backend LokyBackend with 8 concurrent workers.
[Parallel(n_jobs=8)]: Done  12 tasks      | elapsed:    0.3s
[Parallel(n_jobs=8)]: Done 120 out of 120 | elapsed:    1.9s finished
[Parallel(n_jobs=8)]: Using backend LokyBackend with 8 concurrent workers.
[Parallel(n_jobs=8)]: Done  13 out of  16 | elapsed:    0.1s remaining:    0.0s
[Parallel(n_jobs=8)]: Done  16 out of  16 | elapsed:    0.1s finished
[Parallel(n_jobs=8)]: Using backend LokyBackend with 8 concurrent workers.
[Parallel(n_jobs=8)]: Done  12 tasks      | elapsed:    0.3s
[Parallel(n_jobs=8)]: Done 120 out of 120 | elapsed:    2.0s finished
[Parallel(n_jobs=8)]: Using backend LokyBackend with 8 concurrent workers.
[Parallel(n_jobs=8)]: Done  13 out of  16 | elapsed:    0.1s remaining:    0.0s
[Parallel(n_jobs=8)]: Done  16 out of  16 | elapsed:    0.1s finished
[Parallel(n_jobs=8)]: Using backend LokyBackend with 8 concurrent workers.
[Parallel(n_jobs=8)]: Done  12 tasks      | elapsed:    0.4s
[Parallel(n_jobs=8)]: Done 120 out of 120 | elapsed:    2.2s finished
[Parallel(n_jobs=8)]: Using backend LokyBackend with 8 concurrent workers.
[Parallel(n_jobs=8)]: Done  13 out of  16 | elapsed:    0.1s remaining:    0.0s
[Parallel(n_jobs=8)]: Done  16 out of  16 | elapsed:    0.1s finished
[Parallel(n_jobs=8)]: Using backend LokyBackend with 8 concurrent workers.
[Parallel(n_jobs=8)]: Done  12 tasks      | elapsed:    0.4s
[Parallel(n_jobs=8)]: Done 120 out of 120 | elapsed:    2.1s finished
[Parallel(n_jobs=8)]: Using backend LokyBackend with 8 concurrent workers.
[Parallel(n_jobs=8)]: Done  13 out of  16 | elapsed:    0.1s remaining:    0.0s
[Parallel(n_jobs=8)]: Done  16 out of  16 | elapsed:    0.1s finished
[Parallel(n_jobs=8)]: Using backend LokyBackend with 8 concurrent workers.
[Parallel(n_jobs=8)]: Done  12 tasks      | elapsed:    0.3s
[Parallel(n_jobs=8)]: Done 120 out of 120 | elapsed:    2.1s finished
[Parallel(n_jobs=8)]: Using backend LokyBackend with 8 concurrent workers.
[Parallel(n_jobs=8)]: Done  13 out of  16 | elapsed:    0.1s remaining:    0.0s
[Parallel(n_jobs=8)]: Done  16 out of  16 | elapsed:    0.1s finished
[Parallel(n_jobs=8)]: Using backend LokyBackend with 8 concurrent workers.
[Parallel(n_jobs=8)]: Done  12 tasks      | elapsed:    0.4s
[Parallel(n_jobs=8)]: Done 120 out of 120 | elapsed:    2.5s finished
[Parallel(n_jobs=8)]: Using backend LokyBackend with 8 concurrent workers.
[Parallel(n_jobs=8)]: Done  13 out of  16 | elapsed:    0.1s remaining:    0.0s
[Parallel(n_jobs=8)]: Done  16 out of  16 | elapsed:    0.1s finished
[Parallel(n_jobs=8)]: Using backend LokyBackend with 8 concurrent workers.
[Parallel(n_jobs=8)]: Done  12 tasks      | elapsed:    0.3s
[Parallel(n_jobs=8)]: Done 120 out of 120 | elapsed:    2.1s finished
[Parallel(n_jobs=8)]: Using backend LokyBackend with 8 concurrent workers.
[Parallel(n_jobs=8)]: Done  13 out of  16 | elapsed:    0.1s remaining:    0.0s
[Parallel(n_jobs=8)]: Done  16 out of  16 | elapsed:    0.1s finished
[Parallel(n_jobs=8)]: Using backend LokyBackend with 8 concurrent workers.
[Parallel(n_jobs=8)]: Done  12 tasks      | elapsed:    0.3s
[Parallel(n_jobs=8)]: Done 120 out of 120 | elapsed:    2.0s finished
[Parallel(n_jobs=8)]: Using backend LokyBackend with 8 concurrent workers.
[Parallel(n_jobs=8)]: Done  13 out of  16 | elapsed:    0.1s remaining:    0.0s
[Parallel(n_jobs=8)]: Done  16 out of  16 | elapsed:    0.1s finished
[Parallel(n_jobs=8)]: Using backend LokyBackend with 8 concurrent workers.
[Parallel(n_jobs=8)]: Done  12 tasks      | elapsed:    0.3s
[Parallel(n_jobs=8)]: Done 120 out of 120 | elapsed:    2.0s finished
[Parallel(n_jobs=8)]: Using backend LokyBackend with 8 concurrent workers.
[Parallel(n_jobs=8)]: Done  13 out of  16 | elapsed:    0.1s remaining:    0.0s
[Parallel(n_jobs=8)]: Done  16 out of  16 | elapsed:    0.1s finished
[Parallel(n_jobs=8)]: Using backend LokyBackend with 8 concurrent workers.
[Parallel(n_jobs=8)]: Done  12 tasks      | elapsed:    0.4s
[Parallel(n_jobs=8)]: Done 120 out of 120 | elapsed:    2.1s finished
[Parallel(n_jobs=8)]: Using backend LokyBackend with 8 concurrent workers.
[Parallel(n_jobs=8)]: Done  13 out of  16 | elapsed:    0.1s remaining:    0.0s
[Parallel(n_jobs=8)]: Done  16 out of  16 | elapsed:    0.1s finished
[Parallel(n_jobs=8)]: Using backend LokyBackend with 8 concurrent workers.
[Parallel(n_jobs=8)]: Done  12 tasks      | elapsed:    0.3s
[Parallel(n_jobs=8)]: Done 120 out of 120 | elapsed:    2.0s finished
[Parallel(n_jobs=8)]: Using backend LokyBackend with 8 concurrent workers.
[Parallel(n_jobs=8)]: Done  13 out of  16 | elapsed:    0.1s remaining:    0.0s
[Parallel(n_jobs=8)]: Done  16 out of  16 | elapsed:    0.1s finished
[Parallel(n_jobs=8)]: Using backend LokyBackend with 8 concurrent workers.
[Parallel(n_jobs=8)]: Done  12 tasks      | elapsed:    0.3s
[Parallel(n_jobs=8)]: Done 120 out of 120 | elapsed:    2.0s finished
[Parallel(n_jobs=8)]: Using backend LokyBackend with 8 concurrent workers.
[Parallel(n_jobs=8)]: Done  13 out of  16 | elapsed:    0.1s remaining:    0.0s
[Parallel(n_jobs=8)]: Done  16 out of  16 | elapsed:    0.1s finished
[Parallel(n_jobs=8)]: Using backend LokyBackend with 8 concurrent workers.
[Parallel(n_jobs=8)]: Done  12 tasks      | elapsed:    0.3s
[Parallel(n_jobs=8)]: Done 120 out of 120 | elapsed:    2.0s finished
[Parallel(n_jobs=8)]: Using backend LokyBackend with 8 concurrent workers.
[Parallel(n_jobs=8)]: Done  13 out of  16 | elapsed:    0.1s remaining:    0.0s
[Parallel(n_jobs=8)]: Done  16 out of  16 | elapsed:    0.1s finished
[Parallel(n_jobs=8)]: Using backend LokyBackend with 8 concurrent workers.
[Parallel(n_jobs=8)]: Done  12 tasks      | elapsed:    0.3s
[Parallel(n_jobs=8)]: Done 120 out of 120 | elapsed:    2.0s finished
[Parallel(n_jobs=8)]: Using backend LokyBackend with 8 concurrent workers.
[Parallel(n_jobs=8)]: Done  13 out of  16 | elapsed:    0.1s remaining:    0.0s
[Parallel(n_jobs=8)]: Done  16 out of  16 | elapsed:    0.1s finished
[Parallel(n_jobs=8)]: Using backend LokyBackend with 8 concurrent workers.
[Parallel(n_jobs=8)]: Done  12 tasks      | elapsed:    0.3s
[Parallel(n_jobs=8)]: Done 120 out of 120 | elapsed:    1.8s finished
[Parallel(n_jobs=8)]: Using backend LokyBackend with 8 concurrent workers.
[Parallel(n_jobs=8)]: Done  13 out of  16 | elapsed:    0.1s remaining:    0.0s
[Parallel(n_jobs=8)]: Done  16 out of  16 | elapsed:    0.1s finished
[Parallel(n_jobs=8)]: Using backend LokyBackend with 8 concurrent workers.
[Parallel(n_jobs=8)]: Done  12 tasks      | elapsed:    0.3s
[Parallel(n_jobs=8)]: Done 120 out of 120 | elapsed:    1.9s finished
[Parallel(n_jobs=8)]: Using backend LokyBackend with 8 concurrent workers.
[Parallel(n_jobs=8)]: Done  13 out of  16 | elapsed:    0.1s remaining:    0.0s
[Parallel(n_jobs=8)]: Done  16 out of  16 | elapsed:    0.1s finished
[Parallel(n_jobs=8)]: Using backend LokyBackend with 8 concurrent workers.
[Parallel(n_jobs=8)]: Done  12 tasks      | elapsed:    0.3s
[Parallel(n_jobs=8)]: Done 120 out of 120 | elapsed:    2.0s finished
[Parallel(n_jobs=8)]: Using backend LokyBackend with 8 concurrent workers.
[Parallel(n_jobs=8)]: Done  13 out of  16 | elapsed:    0.1s remaining:    0.0s
[Parallel(n_jobs=8)]: Done  16 out of  16 | elapsed:    0.1s finished
[Parallel(n_jobs=8)]: Using backend LokyBackend with 8 concurrent workers.
[Parallel(n_jobs=8)]: Done  12 tasks      | elapsed:    0.3s
[Parallel(n_jobs=8)]: Done 120 out of 120 | elapsed:    2.0s finished
[Parallel(n_jobs=8)]: Using backend LokyBackend with 8 concurrent workers.
[Parallel(n_jobs=8)]: Done  13 out of  16 | elapsed:    0.1s remaining:    0.0s
[Parallel(n_jobs=8)]: Done  16 out of  16 | elapsed:    0.1s finished
[Parallel(n_jobs=8)]: Using backend LokyBackend with 8 concurrent workers.
[Parallel(n_jobs=8)]: Done  12 tasks      | elapsed:    0.3s
[Parallel(n_jobs=8)]: Done 120 out of 120 | elapsed:    2.0s finished
[Parallel(n_jobs=8)]: Using backend LokyBackend with 8 concurrent workers.
[Parallel(n_jobs=8)]: Done  13 out of  16 | elapsed:    0.1s remaining:    0.0s
[Parallel(n_jobs=8)]: Done  16 out of  16 | elapsed:    0.1s finished
[Parallel(n_jobs=8)]: Using backend LokyBackend with 8 concurrent workers.
[Parallel(n_jobs=8)]: Done  12 tasks      | elapsed:    0.4s
[Parallel(n_jobs=8)]: Done 120 out of 120 | elapsed:    2.5s finished
[Parallel(n_jobs=8)]: Using backend LokyBackend with 8 concurrent workers.
[Parallel(n_jobs=8)]: Done  13 out of  16 | elapsed:    0.1s remaining:    0.0s
[Parallel(n_jobs=8)]: Done  16 out of  16 | elapsed:    0.1s finished
[Parallel(n_jobs=8)]: Using backend LokyBackend with 8 concurrent workers.
[Parallel(n_jobs=8)]: Done  12 tasks      | elapsed:    0.5s
[Parallel(n_jobs=8)]: Done 120 out of 120 | elapsed:    2.3s finished
[Parallel(n_jobs=8)]: Using backend LokyBackend with 8 concurrent workers.
[Parallel(n_jobs=8)]: Done  13 out of  16 | elapsed:    0.1s remaining:    0.0s
[Parallel(n_jobs=8)]: Done  16 out of  16 | elapsed:    0.1s finished
[Parallel(n_jobs=8)]: Using backend LokyBackend with 8 concurrent workers.
[Parallel(n_jobs=8)]: Done  12 tasks      | elapsed:    0.3s
[Parallel(n_jobs=8)]: Done 120 out of 120 | elapsed:    2.0s finished
[Parallel(n_jobs=8)]: Using backend LokyBackend with 8 concurrent workers.
[Parallel(n_jobs=8)]: Done  13 out of  16 | elapsed:    0.1s remaining:    0.0s
[Parallel(n_jobs=8)]: Done  16 out of  16 | elapsed:    0.1s finished
[Parallel(n_jobs=8)]: Using backend LokyBackend with 8 concurrent workers.
[Parallel(n_jobs=8)]: Done  12 tasks      | elapsed:    0.3s
[Parallel(n_jobs=8)]: Done 120 out of 120 | elapsed:    2.0s finished
[Parallel(n_jobs=8)]: Using backend LokyBackend with 8 concurrent workers.
[Parallel(n_jobs=8)]: Done  13 out of  16 | elapsed:    0.1s remaining:    0.0s
[Parallel(n_jobs=8)]: Done  16 out of  16 | elapsed:    0.1s finished
[Parallel(n_jobs=8)]: Using backend LokyBackend with 8 concurrent workers.
[Parallel(n_jobs=8)]: Done  12 tasks      | elapsed:    0.3s
[Parallel(n_jobs=8)]: Done 120 out of 120 | elapsed:    2.4s finished
[Parallel(n_jobs=8)]: Using backend LokyBackend with 8 concurrent workers.
[Parallel(n_jobs=8)]: Done  13 out of  16 | elapsed:    0.1s remaining:    0.0s
[Parallel(n_jobs=8)]: Done  16 out of  16 | elapsed:    0.1s finished
[Parallel(n_jobs=8)]: Using backend LokyBackend with 8 concurrent workers.
[Parallel(n_jobs=8)]: Done  12 tasks      | elapsed:    0.3s
[Parallel(n_jobs=8)]: Done 120 out of 120 | elapsed:    2.4s finished
[Parallel(n_jobs=8)]: Using backend LokyBackend with 8 concurrent workers.
[Parallel(n_jobs=8)]: Done  13 out of  16 | elapsed:    0.1s remaining:    0.0s
[Parallel(n_jobs=8)]: Done  16 out of  16 | elapsed:    0.1s finished
[Parallel(n_jobs=8)]: Using backend LokyBackend with 8 concurrent workers.
[Parallel(n_jobs=8)]: Done  12 tasks      | elapsed:    0.5s
[Parallel(n_jobs=8)]: Done 120 out of 120 | elapsed:    2.6s finished
[Parallel(n_jobs=8)]: Using backend LokyBackend with 8 concurrent workers.
[Parallel(n_jobs=8)]: Done  13 out of  16 | elapsed:    0.1s remaining:    0.0s
[Parallel(n_jobs=8)]: Done  16 out of  16 | elapsed:    0.1s finished
[Parallel(n_jobs=8)]: Using backend LokyBackend with 8 concurrent workers.
[Parallel(n_jobs=8)]: Done  12 tasks      | elapsed:    0.3s
[Parallel(n_jobs=8)]: Done 120 out of 120 | elapsed:    2.1s finished
[Parallel(n_jobs=8)]: Using backend LokyBackend with 8 concurrent workers.
[Parallel(n_jobs=8)]: Done  13 out of  16 | elapsed:    0.1s remaining:    0.0s
[Parallel(n_jobs=8)]: Done  16 out of  16 | elapsed:    0.1s finished
[Parallel(n_jobs=8)]: Using backend LokyBackend with 8 concurrent workers.
[Parallel(n_jobs=8)]: Done  12 tasks      | elapsed:    0.4s
[Parallel(n_jobs=8)]: Done 120 out of 120 | elapsed:    2.3s finished
[Parallel(n_jobs=8)]: Using backend LokyBackend with 8 concurrent workers.
[Parallel(n_jobs=8)]: Done  13 out of  16 | elapsed:    0.1s remaining:    0.0s
[Parallel(n_jobs=8)]: Done  16 out of  16 | elapsed:    0.1s finished
[Parallel(n_jobs=8)]: Using backend LokyBackend with 8 concurrent workers.
[Parallel(n_jobs=8)]: Done  12 tasks      | elapsed:    0.3s
[Parallel(n_jobs=8)]: Done 120 out of 120 | elapsed:    1.9s finished
[Parallel(n_jobs=8)]: Using backend LokyBackend with 8 concurrent workers.
[Parallel(n_jobs=8)]: Done  13 out of  16 | elapsed:    0.1s remaining:    0.0s
[Parallel(n_jobs=8)]: Done  16 out of  16 | elapsed:    0.1s finished
[Parallel(n_jobs=8)]: Using backend LokyBackend with 8 concurrent workers.
[Parallel(n_jobs=8)]: Done  12 tasks      | elapsed:    0.3s
[Parallel(n_jobs=8)]: Done 120 out of 120 | elapsed:    2.0s finished
[Parallel(n_jobs=8)]: Using backend LokyBackend with 8 concurrent workers.
[Parallel(n_jobs=8)]: Done  13 out of  16 | elapsed:    0.1s remaining:    0.0s
[Parallel(n_jobs=8)]: Done  16 out of  16 | elapsed:    0.1s finished
[Parallel(n_jobs=8)]: Using backend LokyBackend with 8 concurrent workers.
[Parallel(n_jobs=8)]: Done  12 tasks      | elapsed:    0.5s
[Parallel(n_jobs=8)]: Done 120 out of 120 | elapsed:    2.3s finished
[Parallel(n_jobs=8)]: Using backend LokyBackend with 8 concurrent workers.
[Parallel(n_jobs=8)]: Done  13 out of  16 | elapsed:    0.1s remaining:    0.0s
[Parallel(n_jobs=8)]: Done  16 out of  16 | elapsed:    0.1s finished
[Parallel(n_jobs=8)]: Using backend LokyBackend with 8 concurrent workers.
[Parallel(n_jobs=8)]: Done  12 tasks      | elapsed:    0.3s
[Parallel(n_jobs=8)]: Done 120 out of 120 | elapsed:    2.2s finished
[Parallel(n_jobs=8)]: Using backend LokyBackend with 8 concurrent workers.
[Parallel(n_jobs=8)]: Done  13 out of  16 | elapsed:    0.1s remaining:    0.0s
[Parallel(n_jobs=8)]: Done  16 out of  16 | elapsed:    0.1s finished
[Parallel(n_jobs=8)]: Using backend LokyBackend with 8 concurrent workers.
[Parallel(n_jobs=8)]: Done  12 tasks      | elapsed:    0.3s
[Parallel(n_jobs=8)]: Done 120 out of 120 | elapsed:    2.0s finished
[Parallel(n_jobs=8)]: Using backend LokyBackend with 8 concurrent workers.
[Parallel(n_jobs=8)]: Done  13 out of  16 | elapsed:    0.1s remaining:    0.0s
[Parallel(n_jobs=8)]: Done  16 out of  16 | elapsed:    0.1s finished
[Parallel(n_jobs=8)]: Using backend LokyBackend with 8 concurrent workers.
[Parallel(n_jobs=8)]: Done  12 tasks      | elapsed:    0.3s
[Parallel(n_jobs=8)]: Done 120 out of 120 | elapsed:    2.1s finished
[Parallel(n_jobs=8)]: Using backend LokyBackend with 8 concurrent workers.
[Parallel(n_jobs=8)]: Done  13 out of  16 | elapsed:    0.1s remaining:    0.0s
[Parallel(n_jobs=8)]: Done  16 out of  16 | elapsed:    0.1s finished
[Parallel(n_jobs=8)]: Using backend LokyBackend with 8 concurrent workers.
[Parallel(n_jobs=8)]: Done  12 tasks      | elapsed:    0.3s
[Parallel(n_jobs=8)]: Done 120 out of 120 | elapsed:    2.0s finished
[Parallel(n_jobs=8)]: Using backend LokyBackend with 8 concurrent workers.
[Parallel(n_jobs=8)]: Done  13 out of  16 | elapsed:    0.1s remaining:    0.0s
[Parallel(n_jobs=8)]: Done  16 out of  16 | elapsed:    0.1s finished
[Parallel(n_jobs=8)]: Using backend LokyBackend with 8 concurrent workers.
[Parallel(n_jobs=8)]: Done  12 tasks      | elapsed:    0.3s
[Parallel(n_jobs=8)]: Done 120 out of 120 | elapsed:    2.0s finished
[Parallel(n_jobs=8)]: Using backend LokyBackend with 8 concurrent workers.
[Parallel(n_jobs=8)]: Done  13 out of  16 | elapsed:    0.1s remaining:    0.0s
[Parallel(n_jobs=8)]: Done  16 out of  16 | elapsed:    0.1s finished
[Parallel(n_jobs=8)]: Using backend LokyBackend with 8 concurrent workers.
[Parallel(n_jobs=8)]: Done  12 tasks      | elapsed:    0.3s
[Parallel(n_jobs=8)]: Done 120 out of 120 | elapsed:    2.0s finished
[Parallel(n_jobs=8)]: Using backend LokyBackend with 8 concurrent workers.
[Parallel(n_jobs=8)]: Done  13 out of  16 | elapsed:    0.1s remaining:    0.0s
[Parallel(n_jobs=8)]: Done  16 out of  16 | elapsed:    0.1s finished
[Parallel(n_jobs=8)]: Using backend LokyBackend with 8 concurrent workers.
[Parallel(n_jobs=8)]: Done  12 tasks      | elapsed:    0.3s
[Parallel(n_jobs=8)]: Done 120 out of 120 | elapsed:    2.0s finished
[Parallel(n_jobs=8)]: Using backend LokyBackend with 8 concurrent workers.
[Parallel(n_jobs=8)]: Done  13 out of  16 | elapsed:    0.1s remaining:    0.0s
[Parallel(n_jobs=8)]: Done  16 out of  16 | elapsed:    0.1s finished
[Parallel(n_jobs=8)]: Using backend LokyBackend with 8 concurrent workers.
[Parallel(n_jobs=8)]: Done  12 tasks      | elapsed:    0.3s
[Parallel(n_jobs=8)]: Done 120 out of 120 | elapsed:    2.0s finished
[Parallel(n_jobs=8)]: Using backend LokyBackend with 8 concurrent workers.
[Parallel(n_jobs=8)]: Done  13 out of  16 | elapsed:    0.1s remaining:    0.0s
[Parallel(n_jobs=8)]: Done  16 out of  16 | elapsed:    0.1s finished
[Parallel(n_jobs=8)]: Using backend LokyBackend with 8 concurrent workers.
[Parallel(n_jobs=8)]: Done  12 tasks      | elapsed:    0.3s
[Parallel(n_jobs=8)]: Done 120 out of 120 | elapsed:    2.0s finished
[Parallel(n_jobs=8)]: Using backend LokyBackend with 8 concurrent workers.
[Parallel(n_jobs=8)]: Done  13 out of  16 | elapsed:    0.1s remaining:    0.0s
[Parallel(n_jobs=8)]: Done  16 out of  16 | elapsed:    0.1s finished
[Parallel(n_jobs=8)]: Using backend LokyBackend with 8 concurrent workers.
[Parallel(n_jobs=8)]: Done  12 tasks      | elapsed:    0.3s
[Parallel(n_jobs=8)]: Done 120 out of 120 | elapsed:    2.0s finished
[Parallel(n_jobs=8)]: Using backend LokyBackend with 8 concurrent workers.
[Parallel(n_jobs=8)]: Done  13 out of  16 | elapsed:    0.1s remaining:    0.0s
[Parallel(n_jobs=8)]: Done  16 out of  16 | elapsed:    0.1s finished
[Parallel(n_jobs=8)]: Using backend LokyBackend with 8 concurrent workers.
[Parallel(n_jobs=8)]: Done  12 tasks      | elapsed:    0.3s
[Parallel(n_jobs=8)]: Done 120 out of 120 | elapsed:    2.0s finished
[Parallel(n_jobs=8)]: Using backend LokyBackend with 8 concurrent workers.
[Parallel(n_jobs=8)]: Done  13 out of  16 | elapsed:    0.1s remaining:    0.0s
[Parallel(n_jobs=8)]: Done  16 out of  16 | elapsed:    0.1s finished
[Parallel(n_jobs=8)]: Using backend LokyBackend with 8 concurrent workers.
[Parallel(n_jobs=8)]: Done  12 tasks      | elapsed:    0.3s
[Parallel(n_jobs=8)]: Done 120 out of 120 | elapsed:    2.4s finished
[Parallel(n_jobs=8)]: Using backend LokyBackend with 8 concurrent workers.
[Parallel(n_jobs=8)]: Done  13 out of  16 | elapsed:    0.1s remaining:    0.0s
[Parallel(n_jobs=8)]: Done  16 out of  16 | elapsed:    0.1s finished
[Parallel(n_jobs=8)]: Using backend LokyBackend with 8 concurrent workers.
[Parallel(n_jobs=8)]: Done  12 tasks      | elapsed:    0.4s
[Parallel(n_jobs=8)]: Done 120 out of 120 | elapsed:    2.2s finished
[Parallel(n_jobs=8)]: Using backend LokyBackend with 8 concurrent workers.
[Parallel(n_jobs=8)]: Done  13 out of  16 | elapsed:    0.1s remaining:    0.0s
[Parallel(n_jobs=8)]: Done  16 out of  16 | elapsed:    0.1s finished
[Parallel(n_jobs=8)]: Using backend LokyBackend with 8 concurrent workers.
[Parallel(n_jobs=8)]: Done  12 tasks      | elapsed:    0.3s
[Parallel(n_jobs=8)]: Done 120 out of 120 | elapsed:    2.0s finished
[Parallel(n_jobs=8)]: Using backend LokyBackend with 8 concurrent workers.
[Parallel(n_jobs=8)]: Done  13 out of  16 | elapsed:    0.1s remaining:    0.0s
[Parallel(n_jobs=8)]: Done  16 out of  16 | elapsed:    0.1s finished
[Parallel(n_jobs=8)]: Using backend LokyBackend with 8 concurrent workers.
[Parallel(n_jobs=8)]: Done  12 tasks      | elapsed:    0.3s
[Parallel(n_jobs=8)]: Done 120 out of 120 | elapsed:    2.0s finished
[Parallel(n_jobs=8)]: Using backend LokyBackend with 8 concurrent workers.
[Parallel(n_jobs=8)]: Done  13 out of  16 | elapsed:    0.1s remaining:    0.0s
[Parallel(n_jobs=8)]: Done  16 out of  16 | elapsed:    0.1s finished
[Parallel(n_jobs=8)]: Using backend LokyBackend with 8 concurrent workers.
[Parallel(n_jobs=8)]: Done  12 tasks      | elapsed:    0.3s
[Parallel(n_jobs=8)]: Done 120 out of 120 | elapsed:    2.0s finished
[Parallel(n_jobs=8)]: Using backend LokyBackend with 8 concurrent workers.
[Parallel(n_jobs=8)]: Done  13 out of  16 | elapsed:    0.1s remaining:    0.0s
[Parallel(n_jobs=8)]: Done  16 out of  16 | elapsed:    0.1s finished
[Parallel(n_jobs=8)]: Using backend LokyBackend with 8 concurrent workers.
[Parallel(n_jobs=8)]: Done  12 tasks      | elapsed:    0.3s
[Parallel(n_jobs=8)]: Done 120 out of 120 | elapsed:    2.7s finished
[Parallel(n_jobs=8)]: Using backend LokyBackend with 8 concurrent workers.
[Parallel(n_jobs=8)]: Done  13 out of  16 | elapsed:    0.1s remaining:    0.0s
[Parallel(n_jobs=8)]: Done  16 out of  16 | elapsed:    0.1s finished
[Parallel(n_jobs=8)]: Using backend LokyBackend with 8 concurrent workers.
[Parallel(n_jobs=8)]: Done  12 tasks      | elapsed:    0.4s
[Parallel(n_jobs=8)]: Done 120 out of 120 | elapsed:    2.2s finished
[Parallel(n_jobs=8)]: Using backend LokyBackend with 8 concurrent workers.
[Parallel(n_jobs=8)]: Done  13 out of  16 | elapsed:    0.1s remaining:    0.0s
[Parallel(n_jobs=8)]: Done  16 out of  16 | elapsed:    0.1s finished
[Parallel(n_jobs=8)]: Using backend LokyBackend with 8 concurrent workers.
[Parallel(n_jobs=8)]: Done  12 tasks      | elapsed:    0.3s
[Parallel(n_jobs=8)]: Done 120 out of 120 | elapsed:    2.0s finished
[Parallel(n_jobs=8)]: Using backend LokyBackend with 8 concurrent workers.
[Parallel(n_jobs=8)]: Done  13 out of  16 | elapsed:    0.1s remaining:    0.0s
[Parallel(n_jobs=8)]: Done  16 out of  16 | elapsed:    0.1s finished
[Parallel(n_jobs=8)]: Using backend LokyBackend with 8 concurrent workers.
[Parallel(n_jobs=8)]: Done  12 tasks      | elapsed:    0.3s
[Parallel(n_jobs=8)]: Done 120 out of 120 | elapsed:    2.0s finished
[Parallel(n_jobs=8)]: Using backend LokyBackend with 8 concurrent workers.
[Parallel(n_jobs=8)]: Done  13 out of  16 | elapsed:    0.1s remaining:    0.0s
[Parallel(n_jobs=8)]: Done  16 out of  16 | elapsed:    0.1s finished
[Parallel(n_jobs=8)]: Using backend LokyBackend with 8 concurrent workers.
[Parallel(n_jobs=8)]: Done  12 tasks      | elapsed:    0.3s
[Parallel(n_jobs=8)]: Done 120 out of 120 | elapsed:    2.0s finished
[Parallel(n_jobs=8)]: Using backend LokyBackend with 8 concurrent workers.
[Parallel(n_jobs=8)]: Done  13 out of  16 | elapsed:    0.1s remaining:    0.0s
[Parallel(n_jobs=8)]: Done  16 out of  16 | elapsed:    0.1s finished
[Parallel(n_jobs=8)]: Using backend LokyBackend with 8 concurrent workers.
[Parallel(n_jobs=8)]: Done  12 tasks      | elapsed:    0.3s
[Parallel(n_jobs=8)]: Done 120 out of 120 | elapsed:    2.0s finished
[Parallel(n_jobs=8)]: Using backend LokyBackend with 8 concurrent workers.
[Parallel(n_jobs=8)]: Done  13 out of  16 | elapsed:    0.1s remaining:    0.0s
[Parallel(n_jobs=8)]: Done  16 out of  16 | elapsed:    0.1s finished
[Parallel(n_jobs=8)]: Using backend LokyBackend with 8 concurrent workers.
[Parallel(n_jobs=8)]: Done  12 tasks      | elapsed:    0.3s
[Parallel(n_jobs=8)]: Done 120 out of 120 | elapsed:    2.0s finished
[Parallel(n_jobs=8)]: Using backend LokyBackend with 8 concurrent workers.
[Parallel(n_jobs=8)]: Done  13 out of  16 | elapsed:    0.1s remaining:    0.0s
[Parallel(n_jobs=8)]: Done  16 out of  16 | elapsed:    0.1s finished
[Parallel(n_jobs=8)]: Using backend LokyBackend with 8 concurrent workers.
[Parallel(n_jobs=8)]: Done  12 tasks      | elapsed:    0.3s
[Parallel(n_jobs=8)]: Done 120 out of 120 | elapsed:    2.2s finished
[Parallel(n_jobs=8)]: Using backend LokyBackend with 8 concurrent workers.
[Parallel(n_jobs=8)]: Done  13 out of  16 | elapsed:    0.1s remaining:    0.0s
[Parallel(n_jobs=8)]: Done  16 out of  16 | elapsed:    0.1s finished
[Parallel(n_jobs=8)]: Using backend LokyBackend with 8 concurrent workers.
[Parallel(n_jobs=8)]: Done  12 tasks      | elapsed:    0.3s
[Parallel(n_jobs=8)]: Done 120 out of 120 | elapsed:    2.0s finished
[Parallel(n_jobs=8)]: Using backend LokyBackend with 8 concurrent workers.
[Parallel(n_jobs=8)]: Done  13 out of  16 | elapsed:    0.1s remaining:    0.0s
[Parallel(n_jobs=8)]: Done  16 out of  16 | elapsed:    0.1s finished
[Parallel(n_jobs=8)]: Using backend LokyBackend with 8 concurrent workers.
[Parallel(n_jobs=8)]: Done  12 tasks      | elapsed:    0.3s
[Parallel(n_jobs=8)]: Done 120 out of 120 | elapsed:    2.0s finished
[Parallel(n_jobs=8)]: Using backend LokyBackend with 8 concurrent workers.
[Parallel(n_jobs=8)]: Done  13 out of  16 | elapsed:    0.1s remaining:    0.0s
[Parallel(n_jobs=8)]: Done  16 out of  16 | elapsed:    0.1s finished
[Parallel(n_jobs=8)]: Using backend LokyBackend with 8 concurrent workers.
[Parallel(n_jobs=8)]: Done  12 tasks      | elapsed:    0.3s
[Parallel(n_jobs=8)]: Done 120 out of 120 | elapsed:    2.2s finished
[Parallel(n_jobs=8)]: Using backend LokyBackend with 8 concurrent workers.
[Parallel(n_jobs=8)]: Done  13 out of  16 | elapsed:    0.1s remaining:    0.0s
[Parallel(n_jobs=8)]: Done  16 out of  16 | elapsed:    0.1s finished
[Parallel(n_jobs=8)]: Using backend LokyBackend with 8 concurrent workers.
[Parallel(n_jobs=8)]: Done  12 tasks      | elapsed:    0.5s
[Parallel(n_jobs=8)]: Done 120 out of 120 | elapsed:    2.5s finished
[Parallel(n_jobs=8)]: Using backend LokyBackend with 8 concurrent workers.
[Parallel(n_jobs=8)]: Done  13 out of  16 | elapsed:    0.1s remaining:    0.0s
[Parallel(n_jobs=8)]: Done  16 out of  16 | elapsed:    0.1s finished
[Parallel(n_jobs=8)]: Using backend LokyBackend with 8 concurrent workers.
[Parallel(n_jobs=8)]: Done  12 tasks      | elapsed:    0.3s
[Parallel(n_jobs=8)]: Done 120 out of 120 | elapsed:    2.1s finished
[Parallel(n_jobs=8)]: Using backend LokyBackend with 8 concurrent workers.
[Parallel(n_jobs=8)]: Done  13 out of  16 | elapsed:    0.1s remaining:    0.0s
[Parallel(n_jobs=8)]: Done  16 out of  16 | elapsed:    0.1s finished
[Parallel(n_jobs=8)]: Using backend LokyBackend with 8 concurrent workers.
[Parallel(n_jobs=8)]: Done  12 tasks      | elapsed:    0.3s
[Parallel(n_jobs=8)]: Done 120 out of 120 | elapsed:    2.0s finished
[Parallel(n_jobs=8)]: Using backend LokyBackend with 8 concurrent workers.
[Parallel(n_jobs=8)]: Done  13 out of  16 | elapsed:    0.1s remaining:    0.0s
[Parallel(n_jobs=8)]: Done  16 out of  16 | elapsed:    0.1s finished
[Parallel(n_jobs=8)]: Using backend LokyBackend with 8 concurrent workers.
[Parallel(n_jobs=8)]: Done  12 tasks      | elapsed:    0.3s
[Parallel(n_jobs=8)]: Done 120 out of 120 | elapsed:    2.0s finished
[Parallel(n_jobs=8)]: Using backend LokyBackend with 8 concurrent workers.
[Parallel(n_jobs=8)]: Done  13 out of  16 | elapsed:    0.1s remaining:    0.0s
[Parallel(n_jobs=8)]: Done  16 out of  16 | elapsed:    0.1s finished
[Parallel(n_jobs=8)]: Using backend LokyBackend with 8 concurrent workers.
[Parallel(n_jobs=8)]: Done  12 tasks      | elapsed:    0.3s
[Parallel(n_jobs=8)]: Done 120 out of 120 | elapsed:    2.0s finished
[Parallel(n_jobs=8)]: Using backend LokyBackend with 8 concurrent workers.
[Parallel(n_jobs=8)]: Done  13 out of  16 | elapsed:    0.1s remaining:    0.0s
[Parallel(n_jobs=8)]: Done  16 out of  16 | elapsed:    0.1s finished
[Parallel(n_jobs=8)]: Using backend LokyBackend with 8 concurrent workers.
[Parallel(n_jobs=8)]: Done  12 tasks      | elapsed:    0.3s
[Parallel(n_jobs=8)]: Done 120 out of 120 | elapsed:    2.0s finished
[Parallel(n_jobs=8)]: Using backend LokyBackend with 8 concurrent workers.
[Parallel(n_jobs=8)]: Done  13 out of  16 | elapsed:    0.1s remaining:    0.0s
[Parallel(n_jobs=8)]: Done  16 out of  16 | elapsed:    0.1s finished
[Parallel(n_jobs=8)]: Using backend LokyBackend with 8 concurrent workers.
[Parallel(n_jobs=8)]: Done  12 tasks      | elapsed:    0.3s
[Parallel(n_jobs=8)]: Done 120 out of 120 | elapsed:    2.0s finished
[Parallel(n_jobs=8)]: Using backend LokyBackend with 8 concurrent workers.
[Parallel(n_jobs=8)]: Done  13 out of  16 | elapsed:    0.1s remaining:    0.0s
[Parallel(n_jobs=8)]: Done  16 out of  16 | elapsed:    0.1s finished
[Parallel(n_jobs=8)]: Using backend LokyBackend with 8 concurrent workers.
[Parallel(n_jobs=8)]: Done  12 tasks      | elapsed:    0.3s
[Parallel(n_jobs=8)]: Done 120 out of 120 | elapsed:    2.0s finished
[Parallel(n_jobs=8)]: Using backend LokyBackend with 8 concurrent workers.
[Parallel(n_jobs=8)]: Done  13 out of  16 | elapsed:    0.1s remaining:    0.0s
[Parallel(n_jobs=8)]: Done  16 out of  16 | elapsed:    0.1s finished
[Parallel(n_jobs=8)]: Using backend LokyBackend with 8 concurrent workers.
[Parallel(n_jobs=8)]: Done  12 tasks      | elapsed:    0.3s
[Parallel(n_jobs=8)]: Done 120 out of 120 | elapsed:    2.0s finished
[Parallel(n_jobs=8)]: Using backend LokyBackend with 8 concurrent workers.
[Parallel(n_jobs=8)]: Done  13 out of  16 | elapsed:    0.1s remaining:    0.0s
[Parallel(n_jobs=8)]: Done  16 out of  16 | elapsed:    0.1s finished
[Parallel(n_jobs=8)]: Using backend LokyBackend with 8 concurrent workers.
[Parallel(n_jobs=8)]: Done  12 tasks      | elapsed:    0.3s
[Parallel(n_jobs=8)]: Done 120 out of 120 | elapsed:    2.0s finished
[Parallel(n_jobs=8)]: Using backend LokyBackend with 8 concurrent workers.
[Parallel(n_jobs=8)]: Done  13 out of  16 | elapsed:    0.1s remaining:    0.0s
[Parallel(n_jobs=8)]: Done  16 out of  16 | elapsed:    0.1s finished
[Parallel(n_jobs=8)]: Using backend LokyBackend with 8 concurrent workers.
[Parallel(n_jobs=8)]: Done  12 tasks      | elapsed:    0.3s
[Parallel(n_jobs=8)]: Done 120 out of 120 | elapsed:    2.0s finished
[Parallel(n_jobs=8)]: Using backend LokyBackend with 8 concurrent workers.
[Parallel(n_jobs=8)]: Done  13 out of  16 | elapsed:    0.1s remaining:    0.0s
[Parallel(n_jobs=8)]: Done  16 out of  16 | elapsed:    0.1s finished
[Parallel(n_jobs=8)]: Using backend LokyBackend with 8 concurrent workers.
[Parallel(n_jobs=8)]: Done  12 tasks      | elapsed:    0.3s
[Parallel(n_jobs=8)]: Done 120 out of 120 | elapsed:    2.0s finished
[Parallel(n_jobs=8)]: Using backend LokyBackend with 8 concurrent workers.
[Parallel(n_jobs=8)]: Done  13 out of  16 | elapsed:    0.1s remaining:    0.0s
[Parallel(n_jobs=8)]: Done  16 out of  16 | elapsed:    0.1s finished
[Parallel(n_jobs=8)]: Using backend LokyBackend with 8 concurrent workers.
[Parallel(n_jobs=8)]: Done  12 tasks      | elapsed:    0.3s
[Parallel(n_jobs=8)]: Done 120 out of 120 | elapsed:    2.0s finished
[Parallel(n_jobs=8)]: Using backend LokyBackend with 8 concurrent workers.
[Parallel(n_jobs=8)]: Done  13 out of  16 | elapsed:    0.1s remaining:    0.0s
[Parallel(n_jobs=8)]: Done  16 out of  16 | elapsed:    0.1s finished
[Parallel(n_jobs=8)]: Using backend LokyBackend with 8 concurrent workers.
[Parallel(n_jobs=8)]: Done  12 tasks      | elapsed:    0.3s
[Parallel(n_jobs=8)]: Done 120 out of 120 | elapsed:    2.1s finished
[Parallel(n_jobs=8)]: Using backend LokyBackend with 8 concurrent workers.
[Parallel(n_jobs=8)]: Done  13 out of  16 | elapsed:    0.1s remaining:    0.0s
[Parallel(n_jobs=8)]: Done  16 out of  16 | elapsed:    0.1s finished
[Parallel(n_jobs=8)]: Using backend LokyBackend with 8 concurrent workers.
[Parallel(n_jobs=8)]: Done  12 tasks      | elapsed:    0.3s
[Parallel(n_jobs=8)]: Done 120 out of 120 | elapsed:    2.0s finished
[Parallel(n_jobs=8)]: Using backend LokyBackend with 8 concurrent workers.
[Parallel(n_jobs=8)]: Done  13 out of  16 | elapsed:    0.1s remaining:    0.0s
[Parallel(n_jobs=8)]: Done  16 out of  16 | elapsed:    0.1s finished
[Parallel(n_jobs=8)]: Using backend LokyBackend with 8 concurrent workers.
[Parallel(n_jobs=8)]: Done  12 tasks      | elapsed:    0.3s
[Parallel(n_jobs=8)]: Done 120 out of 120 | elapsed:    2.0s finished
[Parallel(n_jobs=8)]: Using backend LokyBackend with 8 concurrent workers.
[Parallel(n_jobs=8)]: Done  13 out of  16 | elapsed:    0.1s remaining:    0.0s
[Parallel(n_jobs=8)]: Done  16 out of  16 | elapsed:    0.1s finished
[Parallel(n_jobs=8)]: Using backend LokyBackend with 8 concurrent workers.
[Parallel(n_jobs=8)]: Done  12 tasks      | elapsed:    0.3s
[Parallel(n_jobs=8)]: Done 120 out of 120 | elapsed:    2.0s finished
[Parallel(n_jobs=8)]: Using backend LokyBackend with 8 concurrent workers.
[Parallel(n_jobs=8)]: Done  13 out of  16 | elapsed:    0.1s remaining:    0.0s
[Parallel(n_jobs=8)]: Done  16 out of  16 | elapsed:    0.1s finished
[Parallel(n_jobs=8)]: Using backend LokyBackend with 8 concurrent workers.
[Parallel(n_jobs=8)]: Done  12 tasks      | elapsed:    0.5s
[Parallel(n_jobs=8)]: Done 120 out of 120 | elapsed:    2.4s finished
[Parallel(n_jobs=8)]: Using backend LokyBackend with 8 concurrent workers.
[Parallel(n_jobs=8)]: Done  13 out of  16 | elapsed:    0.1s remaining:    0.0s
[Parallel(n_jobs=8)]: Done  16 out of  16 | elapsed:    0.1s finished
[Parallel(n_jobs=8)]: Using backend LokyBackend with 8 concurrent workers.
[Parallel(n_jobs=8)]: Done  12 tasks      | elapsed:    0.3s
[Parallel(n_jobs=8)]: Done 120 out of 120 | elapsed:    2.4s finished
[Parallel(n_jobs=8)]: Using backend LokyBackend with 8 concurrent workers.
[Parallel(n_jobs=8)]: Done  13 out of  16 | elapsed:    0.1s remaining:    0.0s
[Parallel(n_jobs=8)]: Done  16 out of  16 | elapsed:    0.1s finished
[Parallel(n_jobs=8)]: Using backend LokyBackend with 8 concurrent workers.
[Parallel(n_jobs=8)]: Done  12 tasks      | elapsed:    0.3s
[Parallel(n_jobs=8)]: Done 120 out of 120 | elapsed:    2.3s finished
[Parallel(n_jobs=8)]: Using backend LokyBackend with 8 concurrent workers.
[Parallel(n_jobs=8)]: Done  13 out of  16 | elapsed:    0.1s remaining:    0.0s
[Parallel(n_jobs=8)]: Done  16 out of  16 | elapsed:    0.1s finished
[Parallel(n_jobs=8)]: Using backend LokyBackend with 8 concurrent workers.
[Parallel(n_jobs=8)]: Done  12 tasks      | elapsed:    0.3s
[Parallel(n_jobs=8)]: Done 120 out of 120 | elapsed:    2.3s finished
[Parallel(n_jobs=8)]: Using backend LokyBackend with 8 concurrent workers.
[Parallel(n_jobs=8)]: Done  13 out of  16 | elapsed:    0.1s remaining:    0.0s
[Parallel(n_jobs=8)]: Done  16 out of  16 | elapsed:    0.1s finished
[Parallel(n_jobs=8)]: Using backend LokyBackend with 8 concurrent workers.
[Parallel(n_jobs=8)]: Done  12 tasks      | elapsed:    0.4s
[Parallel(n_jobs=8)]: Done 120 out of 120 | elapsed:    2.2s finished
[Parallel(n_jobs=8)]: Using backend LokyBackend with 8 concurrent workers.
[Parallel(n_jobs=8)]: Done  13 out of  16 | elapsed:    0.0s remaining:    0.0s
[Parallel(n_jobs=8)]: Done  16 out of  16 | elapsed:    0.0s finished
[Parallel(n_jobs=8)]: Using backend LokyBackend with 8 concurrent workers.
[Parallel(n_jobs=8)]: Done  12 tasks      | elapsed:    0.3s
[Parallel(n_jobs=8)]: Done 120 out of 120 | elapsed:    1.9s finished
[Parallel(n_jobs=8)]: Using backend LokyBackend with 8 concurrent workers.
[Parallel(n_jobs=8)]: Done  13 out of  16 | elapsed:    0.1s remaining:    0.0s
[Parallel(n_jobs=8)]: Done  16 out of  16 | elapsed:    0.1s finished
[Parallel(n_jobs=8)]: Using backend LokyBackend with 8 concurrent workers.
[Parallel(n_jobs=8)]: Done  12 tasks      | elapsed:    0.3s
[Parallel(n_jobs=8)]: Done 120 out of 120 | elapsed:    2.0s finished
[Parallel(n_jobs=8)]: Using backend LokyBackend with 8 concurrent workers.
[Parallel(n_jobs=8)]: Done  13 out of  16 | elapsed:    0.1s remaining:    0.0s
[Parallel(n_jobs=8)]: Done  16 out of  16 | elapsed:    0.1s finished
[Parallel(n_jobs=8)]: Using backend LokyBackend with 8 concurrent workers.
[Parallel(n_jobs=8)]: Done  12 tasks      | elapsed:    0.3s
[Parallel(n_jobs=8)]: Done 120 out of 120 | elapsed:    2.0s finished
[Parallel(n_jobs=8)]: Using backend LokyBackend with 8 concurrent workers.
[Parallel(n_jobs=8)]: Done  13 out of  16 | elapsed:    0.1s remaining:    0.0s
[Parallel(n_jobs=8)]: Done  16 out of  16 | elapsed:    0.1s finished
[Parallel(n_jobs=8)]: Using backend LokyBackend with 8 concurrent workers.
[Parallel(n_jobs=8)]: Done  12 tasks      | elapsed:    0.3s
[Parallel(n_jobs=8)]: Done 120 out of 120 | elapsed:    2.0s finished
[Parallel(n_jobs=8)]: Using backend LokyBackend with 8 concurrent workers.
[Parallel(n_jobs=8)]: Done  13 out of  16 | elapsed:    0.1s remaining:    0.0s
[Parallel(n_jobs=8)]: Done  16 out of  16 | elapsed:    0.1s finished
[Parallel(n_jobs=8)]: Using backend LokyBackend with 8 concurrent workers.
[Parallel(n_jobs=8)]: Done  12 tasks      | elapsed:    0.3s
[Parallel(n_jobs=8)]: Done 120 out of 120 | elapsed:    2.0s finished
[Parallel(n_jobs=8)]: Using backend LokyBackend with 8 concurrent workers.
[Parallel(n_jobs=8)]: Done  13 out of  16 | elapsed:    0.1s remaining:    0.0s
[Parallel(n_jobs=8)]: Done  16 out of  16 | elapsed:    0.1s finished
[Parallel(n_jobs=8)]: Using backend LokyBackend with 8 concurrent workers.
[Parallel(n_jobs=8)]: Done  12 tasks      | elapsed:    0.3s
[Parallel(n_jobs=8)]: Done 120 out of 120 | elapsed:    2.0s finished
[Parallel(n_jobs=8)]: Using backend LokyBackend with 8 concurrent workers.
[Parallel(n_jobs=8)]: Done  13 out of  16 | elapsed:    0.1s remaining:    0.0s
[Parallel(n_jobs=8)]: Done  16 out of  16 | elapsed:    0.1s finished
[Parallel(n_jobs=8)]: Using backend LokyBackend with 8 concurrent workers.
[Parallel(n_jobs=8)]: Done  12 tasks      | elapsed:    0.3s
[Parallel(n_jobs=8)]: Done 120 out of 120 | elapsed:    2.1s finished
[Parallel(n_jobs=8)]: Using backend LokyBackend with 8 concurrent workers.
[Parallel(n_jobs=8)]: Done  13 out of  16 | elapsed:    0.1s remaining:    0.0s
[Parallel(n_jobs=8)]: Done  16 out of  16 | elapsed:    0.1s finished
[Parallel(n_jobs=8)]: Using backend LokyBackend with 8 concurrent workers.
[Parallel(n_jobs=8)]: Done  12 tasks      | elapsed:    0.4s
[Parallel(n_jobs=8)]: Done 120 out of 120 | elapsed:    2.1s finished
[Parallel(n_jobs=8)]: Using backend LokyBackend with 8 concurrent workers.
[Parallel(n_jobs=8)]: Done  13 out of  16 | elapsed:    0.1s remaining:    0.0s
[Parallel(n_jobs=8)]: Done  16 out of  16 | elapsed:    0.1s finished
[Parallel(n_jobs=8)]: Using backend LokyBackend with 8 concurrent workers.
[Parallel(n_jobs=8)]: Done  12 tasks      | elapsed:    0.3s
[Parallel(n_jobs=8)]: Done 120 out of 120 | elapsed:    2.1s finished
[Parallel(n_jobs=8)]: Using backend LokyBackend with 8 concurrent workers.
[Parallel(n_jobs=8)]: Done  13 out of  16 | elapsed:    0.1s remaining:    0.0s
[Parallel(n_jobs=8)]: Done  16 out of  16 | elapsed:    0.1s finished
[Parallel(n_jobs=8)]: Using backend LokyBackend with 8 concurrent workers.
[Parallel(n_jobs=8)]: Done  12 tasks      | elapsed:    0.3s
[Parallel(n_jobs=8)]: Done 120 out of 120 | elapsed:    2.0s finished
[Parallel(n_jobs=8)]: Using backend LokyBackend with 8 concurrent workers.
[Parallel(n_jobs=8)]: Done  13 out of  16 | elapsed:    0.1s remaining:    0.0s
[Parallel(n_jobs=8)]: Done  16 out of  16 | elapsed:    0.1s finished
[Parallel(n_jobs=8)]: Using backend LokyBackend with 8 concurrent workers.
[Parallel(n_jobs=8)]: Done  12 tasks      | elapsed:    0.3s
[Parallel(n_jobs=8)]: Done 120 out of 120 | elapsed:    2.0s finished
[Parallel(n_jobs=8)]: Using backend LokyBackend with 8 concurrent workers.
[Parallel(n_jobs=8)]: Done  13 out of  16 | elapsed:    0.1s remaining:    0.0s
[Parallel(n_jobs=8)]: Done  16 out of  16 | elapsed:    0.1s finished
[Parallel(n_jobs=8)]: Using backend LokyBackend with 8 concurrent workers.
[Parallel(n_jobs=8)]: Done  12 tasks      | elapsed:    0.3s
[Parallel(n_jobs=8)]: Done 120 out of 120 | elapsed:    2.0s finished
[Parallel(n_jobs=8)]: Using backend LokyBackend with 8 concurrent workers.
[Parallel(n_jobs=8)]: Done  13 out of  16 | elapsed:    0.1s remaining:    0.0s
[Parallel(n_jobs=8)]: Done  16 out of  16 | elapsed:    0.1s finished
[Parallel(n_jobs=8)]: Using backend LokyBackend with 8 concurrent workers.
[Parallel(n_jobs=8)]: Done  12 tasks      | elapsed:    0.3s
[Parallel(n_jobs=8)]: Done 120 out of 120 | elapsed:    2.0s finished
[Parallel(n_jobs=8)]: Using backend LokyBackend with 8 concurrent workers.
[Parallel(n_jobs=8)]: Done  13 out of  16 | elapsed:    0.1s remaining:    0.0s
[Parallel(n_jobs=8)]: Done  16 out of  16 | elapsed:    0.1s finished
[Parallel(n_jobs=8)]: Using backend LokyBackend with 8 concurrent workers.
[Parallel(n_jobs=8)]: Done  12 tasks      | elapsed:    0.3s
[Parallel(n_jobs=8)]: Done 120 out of 120 | elapsed:    2.0s finished
[Parallel(n_jobs=8)]: Using backend LokyBackend with 8 concurrent workers.
[Parallel(n_jobs=8)]: Done  13 out of  16 | elapsed:    0.1s remaining:    0.0s
[Parallel(n_jobs=8)]: Done  16 out of  16 | elapsed:    0.1s finished
[Parallel(n_jobs=8)]: Using backend LokyBackend with 8 concurrent workers.
[Parallel(n_jobs=8)]: Done  12 tasks      | elapsed:    0.3s
[Parallel(n_jobs=8)]: Done 120 out of 120 | elapsed:    2.0s finished
[Parallel(n_jobs=8)]: Using backend LokyBackend with 8 concurrent workers.
[Parallel(n_jobs=8)]: Done  13 out of  16 | elapsed:    0.1s remaining:    0.0s
[Parallel(n_jobs=8)]: Done  16 out of  16 | elapsed:    0.1s finished
[Parallel(n_jobs=8)]: Using backend LokyBackend with 8 concurrent workers.
[Parallel(n_jobs=8)]: Done  12 tasks      | elapsed:    0.3s
[Parallel(n_jobs=8)]: Done 120 out of 120 | elapsed:    2.0s finished
[Parallel(n_jobs=8)]: Using backend LokyBackend with 8 concurrent workers.
[Parallel(n_jobs=8)]: Done  13 out of  16 | elapsed:    0.1s remaining:    0.0s
[Parallel(n_jobs=8)]: Done  16 out of  16 | elapsed:    0.1s finished
[Parallel(n_jobs=8)]: Using backend LokyBackend with 8 concurrent workers.
[Parallel(n_jobs=8)]: Done  12 tasks      | elapsed:    0.3s
[Parallel(n_jobs=8)]: Done 120 out of 120 | elapsed:    2.0s finished
[Parallel(n_jobs=8)]: Using backend LokyBackend with 8 concurrent workers.
[Parallel(n_jobs=8)]: Done  13 out of  16 | elapsed:    0.1s remaining:    0.0s
[Parallel(n_jobs=8)]: Done  16 out of  16 | elapsed:    0.1s finished
[Parallel(n_jobs=8)]: Using backend LokyBackend with 8 concurrent workers.
[Parallel(n_jobs=8)]: Done  12 tasks      | elapsed:    0.3s
[Parallel(n_jobs=8)]: Done 120 out of 120 | elapsed:    2.0s finished
[Parallel(n_jobs=8)]: Using backend LokyBackend with 8 concurrent workers.
[Parallel(n_jobs=8)]: Done  13 out of  16 | elapsed:    0.1s remaining:    0.0s
[Parallel(n_jobs=8)]: Done  16 out of  16 | elapsed:    0.1s finished
[Parallel(n_jobs=8)]: Using backend LokyBackend with 8 concurrent workers.
[Parallel(n_jobs=8)]: Done  12 tasks      | elapsed:    0.3s
[Parallel(n_jobs=8)]: Done 120 out of 120 | elapsed:    2.1s finished
[Parallel(n_jobs=8)]: Using backend LokyBackend with 8 concurrent workers.
[Parallel(n_jobs=8)]: Done  13 out of  16 | elapsed:    0.1s remaining:    0.0s
[Parallel(n_jobs=8)]: Done  16 out of  16 | elapsed:    0.1s finished
[Parallel(n_jobs=8)]: Using backend LokyBackend with 8 concurrent workers.
[Parallel(n_jobs=8)]: Done  12 tasks      | elapsed:    0.5s
[Parallel(n_jobs=8)]: Done 120 out of 120 | elapsed:    2.3s finished
[Parallel(n_jobs=8)]: Using backend LokyBackend with 8 concurrent workers.
[Parallel(n_jobs=8)]: Done  13 out of  16 | elapsed:    0.1s remaining:    0.0s
[Parallel(n_jobs=8)]: Done  16 out of  16 | elapsed:    0.1s finished
[Parallel(n_jobs=8)]: Using backend LokyBackend with 8 concurrent workers.
[Parallel(n_jobs=8)]: Done  12 tasks      | elapsed:    0.3s
[Parallel(n_jobs=8)]: Done 120 out of 120 | elapsed:    2.6s finished
[Parallel(n_jobs=8)]: Using backend LokyBackend with 8 concurrent workers.
[Parallel(n_jobs=8)]: Done  13 out of  16 | elapsed:    0.1s remaining:    0.0s
[Parallel(n_jobs=8)]: Done  16 out of  16 | elapsed:    0.1s finished
[Parallel(n_jobs=8)]: Using backend LokyBackend with 8 concurrent workers.
[Parallel(n_jobs=8)]: Done  12 tasks      | elapsed:    0.4s
[Parallel(n_jobs=8)]: Done 120 out of 120 | elapsed:    2.1s finished
[Parallel(n_jobs=8)]: Using backend LokyBackend with 8 concurrent workers.
[Parallel(n_jobs=8)]: Done  13 out of  16 | elapsed:    0.1s remaining:    0.0s
[Parallel(n_jobs=8)]: Done  16 out of  16 | elapsed:    0.1s finished
[Parallel(n_jobs=8)]: Using backend LokyBackend with 8 concurrent workers.
[Parallel(n_jobs=8)]: Done  12 tasks      | elapsed:    0.3s
[Parallel(n_jobs=8)]: Done 120 out of 120 | elapsed:    2.1s finished
[Parallel(n_jobs=8)]: Using backend LokyBackend with 8 concurrent workers.
[Parallel(n_jobs=8)]: Done  13 out of  16 | elapsed:    0.1s remaining:    0.0s
[Parallel(n_jobs=8)]: Done  16 out of  16 | elapsed:    0.1s finished
[Parallel(n_jobs=8)]: Using backend LokyBackend with 8 concurrent workers.
[Parallel(n_jobs=8)]: Done  12 tasks      | elapsed:    0.4s
[Parallel(n_jobs=8)]: Done 120 out of 120 | elapsed:    2.1s finished
[Parallel(n_jobs=8)]: Using backend LokyBackend with 8 concurrent workers.
[Parallel(n_jobs=8)]: Done  13 out of  16 | elapsed:    0.1s remaining:    0.0s
[Parallel(n_jobs=8)]: Done  16 out of  16 | elapsed:    0.1s finished
[Parallel(n_jobs=8)]: Using backend LokyBackend with 8 concurrent workers.
[Parallel(n_jobs=8)]: Done  12 tasks      | elapsed:    0.3s
[Parallel(n_jobs=8)]: Done 120 out of 120 | elapsed:    2.1s finished
[Parallel(n_jobs=8)]: Using backend LokyBackend with 8 concurrent workers.
[Parallel(n_jobs=8)]: Done  13 out of  16 | elapsed:    0.1s remaining:    0.0s
[Parallel(n_jobs=8)]: Done  16 out of  16 | elapsed:    0.1s finished
[Parallel(n_jobs=8)]: Using backend LokyBackend with 8 concurrent workers.
[Parallel(n_jobs=8)]: Done  12 tasks      | elapsed:    0.3s
[Parallel(n_jobs=8)]: Done 120 out of 120 | elapsed:    2.1s finished
[Parallel(n_jobs=8)]: Using backend LokyBackend with 8 concurrent workers.
[Parallel(n_jobs=8)]: Done  13 out of  16 | elapsed:    0.1s remaining:    0.0s
[Parallel(n_jobs=8)]: Done  16 out of  16 | elapsed:    0.1s finished
[Parallel(n_jobs=8)]: Using backend LokyBackend with 8 concurrent workers.
[Parallel(n_jobs=8)]: Done  12 tasks      | elapsed:    0.3s
[Parallel(n_jobs=8)]: Done 120 out of 120 | elapsed:    2.0s finished
[Parallel(n_jobs=8)]: Using backend LokyBackend with 8 concurrent workers.
[Parallel(n_jobs=8)]: Done  13 out of  16 | elapsed:    0.1s remaining:    0.0s
[Parallel(n_jobs=8)]: Done  16 out of  16 | elapsed:    0.1s finished
[Parallel(n_jobs=8)]: Using backend LokyBackend with 8 concurrent workers.
[Parallel(n_jobs=8)]: Done  12 tasks      | elapsed:    0.3s
[Parallel(n_jobs=8)]: Done 120 out of 120 | elapsed:    2.1s finished
[Parallel(n_jobs=8)]: Using backend LokyBackend with 8 concurrent workers.
[Parallel(n_jobs=8)]: Done  13 out of  16 | elapsed:    0.1s remaining:    0.0s
[Parallel(n_jobs=8)]: Done  16 out of  16 | elapsed:    0.1s finished
[Parallel(n_jobs=8)]: Using backend LokyBackend with 8 concurrent workers.
[Parallel(n_jobs=8)]: Done  12 tasks      | elapsed:    0.3s
[Parallel(n_jobs=8)]: Done 120 out of 120 | elapsed:    2.1s finished
[Parallel(n_jobs=8)]: Using backend LokyBackend with 8 concurrent workers.
[Parallel(n_jobs=8)]: Done  13 out of  16 | elapsed:    0.1s remaining:    0.0s
[Parallel(n_jobs=8)]: Done  16 out of  16 | elapsed:    0.1s finished
[Parallel(n_jobs=8)]: Using backend LokyBackend with 8 concurrent workers.
[Parallel(n_jobs=8)]: Done  12 tasks      | elapsed:    0.3s
[Parallel(n_jobs=8)]: Done 120 out of 120 | elapsed:    2.0s finished
[Parallel(n_jobs=8)]: Using backend LokyBackend with 8 concurrent workers.
[Parallel(n_jobs=8)]: Done  13 out of  16 | elapsed:    0.1s remaining:    0.0s
[Parallel(n_jobs=8)]: Done  16 out of  16 | elapsed:    0.1s finished
[Parallel(n_jobs=8)]: Using backend LokyBackend with 8 concurrent workers.
[Parallel(n_jobs=8)]: Done  12 tasks      | elapsed:    0.3s
[Parallel(n_jobs=8)]: Done 120 out of 120 | elapsed:    2.0s finished
[Parallel(n_jobs=8)]: Using backend LokyBackend with 8 concurrent workers.
[Parallel(n_jobs=8)]: Done  13 out of  16 | elapsed:    0.1s remaining:    0.0s
[Parallel(n_jobs=8)]: Done  16 out of  16 | elapsed:    0.1s finished
[Parallel(n_jobs=8)]: Using backend LokyBackend with 8 concurrent workers.
[Parallel(n_jobs=8)]: Done  12 tasks      | elapsed:    0.3s
[Parallel(n_jobs=8)]: Done 120 out of 120 | elapsed:    2.0s finished
[Parallel(n_jobs=8)]: Using backend LokyBackend with 8 concurrent workers.
[Parallel(n_jobs=8)]: Done  13 out of  16 | elapsed:    0.1s remaining:    0.0s
[Parallel(n_jobs=8)]: Done  16 out of  16 | elapsed:    0.1s finished
[Parallel(n_jobs=8)]: Using backend LokyBackend with 8 concurrent workers.
[Parallel(n_jobs=8)]: Done  12 tasks      | elapsed:    0.3s
[Parallel(n_jobs=8)]: Done 120 out of 120 | elapsed:    2.0s finished
[Parallel(n_jobs=8)]: Using backend LokyBackend with 8 concurrent workers.
[Parallel(n_jobs=8)]: Done  13 out of  16 | elapsed:    0.1s remaining:    0.0s
[Parallel(n_jobs=8)]: Done  16 out of  16 | elapsed:    0.1s finished
[Parallel(n_jobs=8)]: Using backend LokyBackend with 8 concurrent workers.
[Parallel(n_jobs=8)]: Done  12 tasks      | elapsed:    0.3s
[Parallel(n_jobs=8)]: Done 120 out of 120 | elapsed:    2.1s finished
[Parallel(n_jobs=8)]: Using backend LokyBackend with 8 concurrent workers.
[Parallel(n_jobs=8)]: Done  13 out of  16 | elapsed:    0.1s remaining:    0.0s
[Parallel(n_jobs=8)]: Done  16 out of  16 | elapsed:    0.1s finished
[Parallel(n_jobs=8)]: Using backend LokyBackend with 8 concurrent workers.
[Parallel(n_jobs=8)]: Done  12 tasks      | elapsed:    0.5s
[Parallel(n_jobs=8)]: Done 120 out of 120 | elapsed:    2.3s finished
[Parallel(n_jobs=8)]: Using backend LokyBackend with 8 concurrent workers.
[Parallel(n_jobs=8)]: Done  13 out of  16 | elapsed:    0.1s remaining:    0.0s
[Parallel(n_jobs=8)]: Done  16 out of  16 | elapsed:    0.1s finished
[Parallel(n_jobs=8)]: Using backend LokyBackend with 8 concurrent workers.
[Parallel(n_jobs=8)]: Done  12 tasks      | elapsed:    0.3s
[Parallel(n_jobs=8)]: Done 120 out of 120 | elapsed:    2.1s finished
[Parallel(n_jobs=8)]: Using backend LokyBackend with 8 concurrent workers.
[Parallel(n_jobs=8)]: Done  13 out of  16 | elapsed:    0.1s remaining:    0.0s
[Parallel(n_jobs=8)]: Done  16 out of  16 | elapsed:    0.1s finished
[Parallel(n_jobs=8)]: Using backend LokyBackend with 8 concurrent workers.
[Parallel(n_jobs=8)]: Done  12 tasks      | elapsed:    0.3s
[Parallel(n_jobs=8)]: Done 120 out of 120 | elapsed:    2.0s finished
[Parallel(n_jobs=8)]: Using backend LokyBackend with 8 concurrent workers.
[Parallel(n_jobs=8)]: Done  13 out of  16 | elapsed:    0.1s remaining:    0.0s
[Parallel(n_jobs=8)]: Done  16 out of  16 | elapsed:    0.1s finished
[Parallel(n_jobs=8)]: Using backend LokyBackend with 8 concurrent workers.
[Parallel(n_jobs=8)]: Done  12 tasks      | elapsed:    0.3s
[Parallel(n_jobs=8)]: Done 120 out of 120 | elapsed:    2.0s finished
[Parallel(n_jobs=8)]: Using backend LokyBackend with 8 concurrent workers.
[Parallel(n_jobs=8)]: Done  13 out of  16 | elapsed:    0.1s remaining:    0.0s
[Parallel(n_jobs=8)]: Done  16 out of  16 | elapsed:    0.1s finished
[Parallel(n_jobs=8)]: Using backend LokyBackend with 8 concurrent workers.
[Parallel(n_jobs=8)]: Done  12 tasks      | elapsed:    0.3s
[Parallel(n_jobs=8)]: Done 120 out of 120 | elapsed:    2.0s finished
[Parallel(n_jobs=8)]: Using backend LokyBackend with 8 concurrent workers.
[Parallel(n_jobs=8)]: Done  13 out of  16 | elapsed:    0.1s remaining:    0.0s
[Parallel(n_jobs=8)]: Done  16 out of  16 | elapsed:    0.1s finished
[Parallel(n_jobs=8)]: Using backend LokyBackend with 8 concurrent workers.
[Parallel(n_jobs=8)]: Done  12 tasks      | elapsed:    0.3s
[Parallel(n_jobs=8)]: Done 120 out of 120 | elapsed:    2.1s finished
[Parallel(n_jobs=8)]: Using backend LokyBackend with 8 concurrent workers.
[Parallel(n_jobs=8)]: Done  13 out of  16 | elapsed:    0.1s remaining:    0.0s
[Parallel(n_jobs=8)]: Done  16 out of  16 | elapsed:    0.1s finished
[Parallel(n_jobs=8)]: Using backend LokyBackend with 8 concurrent workers.
[Parallel(n_jobs=8)]: Done  12 tasks      | elapsed:    0.3s
[Parallel(n_jobs=8)]: Done 120 out of 120 | elapsed:    2.1s finished
[Parallel(n_jobs=8)]: Using backend LokyBackend with 8 concurrent workers.
[Parallel(n_jobs=8)]: Done  13 out of  16 | elapsed:    0.1s remaining:    0.0s
[Parallel(n_jobs=8)]: Done  16 out of  16 | elapsed:    0.1s finished
[Parallel(n_jobs=8)]: Using backend LokyBackend with 8 concurrent workers.
[Parallel(n_jobs=8)]: Done  12 tasks      | elapsed:    0.3s
[Parallel(n_jobs=8)]: Done 120 out of 120 | elapsed:    2.0s finished
[Parallel(n_jobs=8)]: Using backend LokyBackend with 8 concurrent workers.
[Parallel(n_jobs=8)]: Done  13 out of  16 | elapsed:    0.1s remaining:    0.0s
[Parallel(n_jobs=8)]: Done  16 out of  16 | elapsed:    0.1s finished
[Parallel(n_jobs=8)]: Using backend LokyBackend with 8 concurrent workers.
[Parallel(n_jobs=8)]: Done  12 tasks      | elapsed:    0.3s
[Parallel(n_jobs=8)]: Done 120 out of 120 | elapsed:    1.8s finished
[Parallel(n_jobs=8)]: Using backend LokyBackend with 8 concurrent workers.
[Parallel(n_jobs=8)]: Done  13 out of  16 | elapsed:    0.0s remaining:    0.0s
[Parallel(n_jobs=8)]: Done  16 out of  16 | elapsed:    0.0s finished
[Parallel(n_jobs=8)]: Using backend LokyBackend with 8 concurrent workers.
[Parallel(n_jobs=8)]: Done  12 tasks      | elapsed:    0.3s
[Parallel(n_jobs=8)]: Done 120 out of 120 | elapsed:    1.9s finished
[Parallel(n_jobs=8)]: Using backend LokyBackend with 8 concurrent workers.
[Parallel(n_jobs=8)]: Done  13 out of  16 | elapsed:    0.1s remaining:    0.0s
[Parallel(n_jobs=8)]: Done  16 out of  16 | elapsed:    0.1s finished
[Parallel(n_jobs=8)]: Using backend LokyBackend with 8 concurrent workers.
[Parallel(n_jobs=8)]: Done  12 tasks      | elapsed:    0.3s
[Parallel(n_jobs=8)]: Done 120 out of 120 | elapsed:    2.0s finished
[Parallel(n_jobs=8)]: Using backend LokyBackend with 8 concurrent workers.
[Parallel(n_jobs=8)]: Done  13 out of  16 | elapsed:    0.1s remaining:    0.0s
[Parallel(n_jobs=8)]: Done  16 out of  16 | elapsed:    0.1s finished
[Parallel(n_jobs=8)]: Using backend LokyBackend with 8 concurrent workers.
[Parallel(n_jobs=8)]: Done  12 tasks      | elapsed:    0.3s
[Parallel(n_jobs=8)]: Done 120 out of 120 | elapsed:    2.1s finished
[Parallel(n_jobs=8)]: Using backend LokyBackend with 8 concurrent workers.
[Parallel(n_jobs=8)]: Done  13 out of  16 | elapsed:    0.1s remaining:    0.0s
[Parallel(n_jobs=8)]: Done  16 out of  16 | elapsed:    0.1s finished
[Parallel(n_jobs=8)]: Using backend LokyBackend with 8 concurrent workers.
[Parallel(n_jobs=8)]: Done  12 tasks      | elapsed:    0.3s
[Parallel(n_jobs=8)]: Done 120 out of 120 | elapsed:    2.0s finished
[Parallel(n_jobs=8)]: Using backend LokyBackend with 8 concurrent workers.
[Parallel(n_jobs=8)]: Done  13 out of  16 | elapsed:    0.1s remaining:    0.0s
[Parallel(n_jobs=8)]: Done  16 out of  16 | elapsed:    0.1s finished
[Parallel(n_jobs=8)]: Using backend LokyBackend with 8 concurrent workers.
[Parallel(n_jobs=8)]: Done  12 tasks      | elapsed:    0.3s
[Parallel(n_jobs=8)]: Done 120 out of 120 | elapsed:    2.0s finished
[Parallel(n_jobs=8)]: Using backend LokyBackend with 8 concurrent workers.
[Parallel(n_jobs=8)]: Done  13 out of  16 | elapsed:    0.1s remaining:    0.0s
[Parallel(n_jobs=8)]: Done  16 out of  16 | elapsed:    0.1s finished
[Parallel(n_jobs=8)]: Using backend LokyBackend with 8 concurrent workers.
[Parallel(n_jobs=8)]: Done  12 tasks      | elapsed:    0.3s
[Parallel(n_jobs=8)]: Done 120 out of 120 | elapsed:    2.0s finished
[Parallel(n_jobs=8)]: Using backend LokyBackend with 8 concurrent workers.
[Parallel(n_jobs=8)]: Done  13 out of  16 | elapsed:    0.1s remaining:    0.0s
[Parallel(n_jobs=8)]: Done  16 out of  16 | elapsed:    0.1s finished
[Parallel(n_jobs=8)]: Using backend LokyBackend with 8 concurrent workers.
[Parallel(n_jobs=8)]: Done  12 tasks      | elapsed:    0.3s
[Parallel(n_jobs=8)]: Done 120 out of 120 | elapsed:    2.4s finished
[Parallel(n_jobs=8)]: Using backend LokyBackend with 8 concurrent workers.
[Parallel(n_jobs=8)]: Done  13 out of  16 | elapsed:    0.1s remaining:    0.0s
[Parallel(n_jobs=8)]: Done  16 out of  16 | elapsed:    0.1s finished
[Parallel(n_jobs=8)]: Using backend LokyBackend with 8 concurrent workers.
[Parallel(n_jobs=8)]: Done  12 tasks      | elapsed:    0.5s
[Parallel(n_jobs=8)]: Done 120 out of 120 | elapsed:    2.7s finished
[Parallel(n_jobs=8)]: Using backend LokyBackend with 8 concurrent workers.
[Parallel(n_jobs=8)]: Done  13 out of  16 | elapsed:    0.1s remaining:    0.0s
[Parallel(n_jobs=8)]: Done  16 out of  16 | elapsed:    0.1s finished
[Parallel(n_jobs=8)]: Using backend LokyBackend with 8 concurrent workers.
[Parallel(n_jobs=8)]: Done  12 tasks      | elapsed:    0.3s
[Parallel(n_jobs=8)]: Done 120 out of 120 | elapsed:    2.1s finished
[Parallel(n_jobs=8)]: Using backend LokyBackend with 8 concurrent workers.
[Parallel(n_jobs=8)]: Done  13 out of  16 | elapsed:    0.1s remaining:    0.0s
[Parallel(n_jobs=8)]: Done  16 out of  16 | elapsed:    0.1s finished
[Parallel(n_jobs=8)]: Using backend LokyBackend with 8 concurrent workers.
[Parallel(n_jobs=8)]: Done  12 tasks      | elapsed:    0.3s
[Parallel(n_jobs=8)]: Done 120 out of 120 | elapsed:    2.0s finished
[Parallel(n_jobs=8)]: Using backend LokyBackend with 8 concurrent workers.
[Parallel(n_jobs=8)]: Done  13 out of  16 | elapsed:    0.1s remaining:    0.0s
[Parallel(n_jobs=8)]: Done  16 out of  16 | elapsed:    0.1s finished
[Parallel(n_jobs=8)]: Using backend LokyBackend with 8 concurrent workers.
[Parallel(n_jobs=8)]: Done  12 tasks      | elapsed:    0.3s
[Parallel(n_jobs=8)]: Done 120 out of 120 | elapsed:    2.1s finished
[Parallel(n_jobs=8)]: Using backend LokyBackend with 8 concurrent workers.
[Parallel(n_jobs=8)]: Done  13 out of  16 | elapsed:    0.1s remaining:    0.0s
[Parallel(n_jobs=8)]: Done  16 out of  16 | elapsed:    0.1s finished
[Parallel(n_jobs=8)]: Using backend LokyBackend with 8 concurrent workers.
[Parallel(n_jobs=8)]: Done  12 tasks      | elapsed:    0.3s
[Parallel(n_jobs=8)]: Done 120 out of 120 | elapsed:    2.0s finished
[Parallel(n_jobs=8)]: Using backend LokyBackend with 8 concurrent workers.
[Parallel(n_jobs=8)]: Done  13 out of  16 | elapsed:    0.1s remaining:    0.0s
[Parallel(n_jobs=8)]: Done  16 out of  16 | elapsed:    0.1s finished
[Parallel(n_jobs=8)]: Using backend LokyBackend with 8 concurrent workers.
[Parallel(n_jobs=8)]: Done  12 tasks      | elapsed:    0.3s
[Parallel(n_jobs=8)]: Done 120 out of 120 | elapsed:    2.1s finished
[Parallel(n_jobs=8)]: Using backend LokyBackend with 8 concurrent workers.
[Parallel(n_jobs=8)]: Done  13 out of  16 | elapsed:    0.1s remaining:    0.0s
[Parallel(n_jobs=8)]: Done  16 out of  16 | elapsed:    0.1s finished
[Parallel(n_jobs=8)]: Using backend LokyBackend with 8 concurrent workers.
[Parallel(n_jobs=8)]: Done  12 tasks      | elapsed:    0.3s
[Parallel(n_jobs=8)]: Done 120 out of 120 | elapsed:    2.1s finished
[Parallel(n_jobs=8)]: Using backend LokyBackend with 8 concurrent workers.
[Parallel(n_jobs=8)]: Done  13 out of  16 | elapsed:    0.1s remaining:    0.0s
[Parallel(n_jobs=8)]: Done  16 out of  16 | elapsed:    0.1s finished
[Parallel(n_jobs=8)]: Using backend LokyBackend with 8 concurrent workers.
[Parallel(n_jobs=8)]: Done  12 tasks      | elapsed:    0.3s
[Parallel(n_jobs=8)]: Done 120 out of 120 | elapsed:    2.1s finished
[Parallel(n_jobs=8)]: Using backend LokyBackend with 8 concurrent workers.
[Parallel(n_jobs=8)]: Done  13 out of  16 | elapsed:    0.1s remaining:    0.0s
[Parallel(n_jobs=8)]: Done  16 out of  16 | elapsed:    0.1s finished
[Parallel(n_jobs=8)]: Using backend LokyBackend with 8 concurrent workers.
[Parallel(n_jobs=8)]: Done  12 tasks      | elapsed:    0.3s
[Parallel(n_jobs=8)]: Done 120 out of 120 | elapsed:    2.0s finished
[Parallel(n_jobs=8)]: Using backend LokyBackend with 8 concurrent workers.
[Parallel(n_jobs=8)]: Done  13 out of  16 | elapsed:    0.1s remaining:    0.0s
[Parallel(n_jobs=8)]: Done  16 out of  16 | elapsed:    0.1s finished
[Parallel(n_jobs=8)]: Using backend LokyBackend with 8 concurrent workers.
[Parallel(n_jobs=8)]: Done  12 tasks      | elapsed:    0.3s
[Parallel(n_jobs=8)]: Done 120 out of 120 | elapsed:    2.0s finished
[Parallel(n_jobs=8)]: Using backend LokyBackend with 8 concurrent workers.
[Parallel(n_jobs=8)]: Done  13 out of  16 | elapsed:    0.1s remaining:    0.0s
[Parallel(n_jobs=8)]: Done  16 out of  16 | elapsed:    0.1s finished
[Parallel(n_jobs=8)]: Using backend LokyBackend with 8 concurrent workers.
[Parallel(n_jobs=8)]: Done  12 tasks      | elapsed:    0.5s
[Parallel(n_jobs=8)]: Done 120 out of 120 | elapsed:    2.7s finished
[Parallel(n_jobs=8)]: Using backend LokyBackend with 8 concurrent workers.
[Parallel(n_jobs=8)]: Done  13 out of  16 | elapsed:    0.1s remaining:    0.0s
[Parallel(n_jobs=8)]: Done  16 out of  16 | elapsed:    0.1s finished
[Parallel(n_jobs=8)]: Using backend LokyBackend with 8 concurrent workers.
[Parallel(n_jobs=8)]: Done  12 tasks      | elapsed:    0.5s
[Parallel(n_jobs=8)]: Done 120 out of 120 | elapsed:    2.4s finished
[Parallel(n_jobs=8)]: Using backend LokyBackend with 8 concurrent workers.
[Parallel(n_jobs=8)]: Done  13 out of  16 | elapsed:    0.1s remaining:    0.0s
[Parallel(n_jobs=8)]: Done  16 out of  16 | elapsed:    0.1s finished
[Parallel(n_jobs=8)]: Using backend LokyBackend with 8 concurrent workers.
[Parallel(n_jobs=8)]: Done  12 tasks      | elapsed:    0.4s
[Parallel(n_jobs=8)]: Done 120 out of 120 | elapsed:    3.0s finished
[Parallel(n_jobs=8)]: Using backend LokyBackend with 8 concurrent workers.
[Parallel(n_jobs=8)]: Done  13 out of  16 | elapsed:    0.1s remaining:    0.0s
[Parallel(n_jobs=8)]: Done  16 out of  16 | elapsed:    0.1s finished
[Parallel(n_jobs=8)]: Using backend LokyBackend with 8 concurrent workers.
[Parallel(n_jobs=8)]: Done  12 tasks      | elapsed:    0.5s
[Parallel(n_jobs=8)]: Done 120 out of 120 | elapsed:    2.6s finished
