[Parallel(n_jobs=8)]: Using backend LokyBackend with 8 concurrent workers.
[Parallel(n_jobs=8)]: Done  10 tasks      | elapsed:   10.8s
[Parallel(n_jobs=8)]: Done  36 out of  36 | elapsed:   11.1s finished
[Parallel(n_jobs=8)]: Using backend LokyBackend with 8 concurrent workers.
[Parallel(n_jobs=8)]: Done  10 tasks      | elapsed:    5.2s
[Parallel(n_jobs=8)]: Done  64 tasks      | elapsed:   26.9s
[Parallel(n_jobs=8)]: Done 154 tasks      | elapsed:  1.1min
[Parallel(n_jobs=8)]: Done 280 tasks      | elapsed:  2.0min
[Parallel(n_jobs=8)]: Done 442 tasks      | elapsed:  3.1min
[Parallel(n_jobs=8)]: Done 630 out of 630 | elapsed:  4.5min finished
[Parallel(n_jobs=8)]: Using backend LokyBackend with 8 concurrent workers.
[Parallel(n_jobs=8)]: Done  12 tasks      | elapsed:    0.2s
[Parallel(n_jobs=8)]: Done  36 out of  36 | elapsed:    0.4s finished
[Parallel(n_jobs=8)]: Using backend LokyBackend with 8 concurrent workers.
[Parallel(n_jobs=8)]: Done  10 tasks      | elapsed:    4.8s
[Parallel(n_jobs=8)]: Done  64 tasks      | elapsed:   30.0s
[Parallel(n_jobs=8)]: Done 154 tasks      | elapsed:  1.2min
[Parallel(n_jobs=8)]: Done 280 tasks      | elapsed:  2.0min
[Parallel(n_jobs=8)]: Done 442 tasks      | elapsed:  3.1min
[Parallel(n_jobs=8)]: Done 630 out of 630 | elapsed:  4.3min finished
[Parallel(n_jobs=8)]: Using backend LokyBackend with 8 concurrent workers.
[Parallel(n_jobs=8)]: Done  12 tasks      | elapsed:    0.2s
[Parallel(n_jobs=8)]: Done  36 out of  36 | elapsed:    0.4s finished
[Parallel(n_jobs=8)]: Using backend LokyBackend with 8 concurrent workers.
[Parallel(n_jobs=8)]: Done  10 tasks      | elapsed:    4.8s
[Parallel(n_jobs=8)]: Done  64 tasks      | elapsed:   29.5s
[Parallel(n_jobs=8)]: Done 154 tasks      | elapsed:  1.2min
[Parallel(n_jobs=8)]: Done 280 tasks      | elapsed:  2.2min
[Parallel(n_jobs=8)]: Done 442 tasks      | elapsed:  3.4min
[Parallel(n_jobs=8)]: Done 630 out of 630 | elapsed:  4.8min finished
[Parallel(n_jobs=8)]: Using backend LokyBackend with 8 concurrent workers.
[Parallel(n_jobs=8)]: Done  12 tasks      | elapsed:    0.1s
[Parallel(n_jobs=8)]: Done  36 out of  36 | elapsed:    0.4s finished
[Parallel(n_jobs=8)]: Using backend LokyBackend with 8 concurrent workers.
[Parallel(n_jobs=8)]: Done  10 tasks      | elapsed:    4.1s
[Parallel(n_jobs=8)]: Done  64 tasks      | elapsed:   24.8s
[Parallel(n_jobs=8)]: Done 154 tasks      | elapsed:   58.5s
[Parallel(n_jobs=8)]: Done 280 tasks      | elapsed:  1.8min
[Parallel(n_jobs=8)]: Done 442 tasks      | elapsed:  2.8min
[Parallel(n_jobs=8)]: Done 630 out of 630 | elapsed:  4.0min finished
[Parallel(n_jobs=8)]: Using backend LokyBackend with 8 concurrent workers.
[Parallel(n_jobs=8)]: Done  12 tasks      | elapsed:    0.1s
[Parallel(n_jobs=8)]: Done  36 out of  36 | elapsed:    0.4s finished
[Parallel(n_jobs=8)]: Using backend LokyBackend with 8 concurrent workers.
[Parallel(n_jobs=8)]: Done  10 tasks      | elapsed:    4.2s
[Parallel(n_jobs=8)]: Done  64 tasks      | elapsed:   25.6s
[Parallel(n_jobs=8)]: Done 154 tasks      | elapsed:   59.9s
[Parallel(n_jobs=8)]: Done 280 tasks      | elapsed:  1.8min
[Parallel(n_jobs=8)]: Done 442 tasks      | elapsed:  2.9min
[Parallel(n_jobs=8)]: Done 630 out of 630 | elapsed:  4.1min finished
[Parallel(n_jobs=8)]: Using backend LokyBackend with 8 concurrent workers.
[Parallel(n_jobs=8)]: Done  12 tasks      | elapsed:    0.1s
[Parallel(n_jobs=8)]: Done  36 out of  36 | elapsed:    0.4s finished
[Parallel(n_jobs=8)]: Using backend LokyBackend with 8 concurrent workers.
[Parallel(n_jobs=8)]: Done  10 tasks      | elapsed:    4.1s
[Parallel(n_jobs=8)]: Done  64 tasks      | elapsed:   25.9s
[Parallel(n_jobs=8)]: Done 154 tasks      | elapsed:  1.0min
[Parallel(n_jobs=8)]: Done 280 tasks      | elapsed:  1.9min
[Parallel(n_jobs=8)]: Done 442 tasks      | elapsed:  2.9min
[Parallel(n_jobs=8)]: Done 630 out of 630 | elapsed:  4.1min finished
[Parallel(n_jobs=8)]: Using backend LokyBackend with 8 concurrent workers.
[Parallel(n_jobs=8)]: Done  12 tasks      | elapsed:    0.1s
[Parallel(n_jobs=8)]: Done  36 out of  36 | elapsed:    0.4s finished
[Parallel(n_jobs=8)]: Using backend LokyBackend with 8 concurrent workers.
[Parallel(n_jobs=8)]: Done  10 tasks      | elapsed:    4.2s
[Parallel(n_jobs=8)]: Done  64 tasks      | elapsed:   25.6s
[Parallel(n_jobs=8)]: Done 154 tasks      | elapsed:  1.0min
[Parallel(n_jobs=8)]: Done 280 tasks      | elapsed:  1.9min
[Parallel(n_jobs=8)]: Done 442 tasks      | elapsed:  3.1min
[Parallel(n_jobs=8)]: Done 630 out of 630 | elapsed:  4.5min finished
[Parallel(n_jobs=8)]: Using backend LokyBackend with 8 concurrent workers.
[Parallel(n_jobs=8)]: Done  12 tasks      | elapsed:    0.2s
[Parallel(n_jobs=8)]: Done  36 out of  36 | elapsed:    0.5s finished
[Parallel(n_jobs=8)]: Using backend LokyBackend with 8 concurrent workers.
[Parallel(n_jobs=8)]: Done  10 tasks      | elapsed:    4.6s
[Parallel(n_jobs=8)]: Done  64 tasks      | elapsed:   26.9s
[Parallel(n_jobs=8)]: Done 154 tasks      | elapsed:  1.1min
[Parallel(n_jobs=8)]: Done 280 tasks      | elapsed:  2.1min
[Parallel(n_jobs=8)]: Done 442 tasks      | elapsed:  3.4min
[Parallel(n_jobs=8)]: Done 630 out of 630 | elapsed:  4.9min finished
[Parallel(n_jobs=8)]: Using backend LokyBackend with 8 concurrent workers.
[Parallel(n_jobs=8)]: Done  12 tasks      | elapsed:    0.2s
[Parallel(n_jobs=8)]: Done  36 out of  36 | elapsed:    0.4s finished
[Parallel(n_jobs=8)]: Using backend LokyBackend with 8 concurrent workers.
[Parallel(n_jobs=8)]: Done  10 tasks      | elapsed:    5.3s
[Parallel(n_jobs=8)]: Done  64 tasks      | elapsed:   31.5s
[Parallel(n_jobs=8)]: Done 154 tasks      | elapsed:  1.3min
[Parallel(n_jobs=8)]: Done 280 tasks      | elapsed:  2.3min
[Parallel(n_jobs=8)]: Done 442 tasks      | elapsed:  3.6min
[Parallel(n_jobs=8)]: Done 630 out of 630 | elapsed:  5.0min finished
[Parallel(n_jobs=8)]: Using backend LokyBackend with 8 concurrent workers.
[Parallel(n_jobs=8)]: Done  12 tasks      | elapsed:    0.1s
[Parallel(n_jobs=8)]: Done  36 out of  36 | elapsed:    0.4s finished
[Parallel(n_jobs=8)]: Using backend LokyBackend with 8 concurrent workers.
[Parallel(n_jobs=8)]: Done  10 tasks      | elapsed:    4.5s
[Parallel(n_jobs=8)]: Done  64 tasks      | elapsed:   27.0s
[Parallel(n_jobs=8)]: Done 154 tasks      | elapsed:  1.1min
[Parallel(n_jobs=8)]: Done 280 tasks      | elapsed:  2.0min
[Parallel(n_jobs=8)]: Done 442 tasks      | elapsed:  3.3min
[Parallel(n_jobs=8)]: Done 630 out of 630 | elapsed:  4.6min finished
[Parallel(n_jobs=8)]: Using backend LokyBackend with 8 concurrent workers.
[Parallel(n_jobs=8)]: Done  12 tasks      | elapsed:    0.2s
[Parallel(n_jobs=8)]: Done  36 out of  36 | elapsed:    0.4s finished
[Parallel(n_jobs=8)]: Using backend LokyBackend with 8 concurrent workers.
[Parallel(n_jobs=8)]: Done  10 tasks      | elapsed:    4.8s
[Parallel(n_jobs=8)]: Done  64 tasks      | elapsed:   30.4s
[Parallel(n_jobs=8)]: Done 154 tasks      | elapsed:  1.1min
[Parallel(n_jobs=8)]: Done 280 tasks      | elapsed:  1.9min
[Parallel(n_jobs=8)]: Done 442 tasks      | elapsed:  2.9min
[Parallel(n_jobs=8)]: Done 630 out of 630 | elapsed:  4.1min finished
[Parallel(n_jobs=8)]: Using backend LokyBackend with 8 concurrent workers.
[Parallel(n_jobs=8)]: Done  12 tasks      | elapsed:    0.2s
[Parallel(n_jobs=8)]: Done  36 out of  36 | elapsed:    0.4s finished
[Parallel(n_jobs=8)]: Using backend LokyBackend with 8 concurrent workers.
[Parallel(n_jobs=8)]: Done  10 tasks      | elapsed:    4.0s
[Parallel(n_jobs=8)]: Done  64 tasks      | elapsed:   24.6s
[Parallel(n_jobs=8)]: Done 154 tasks      | elapsed:   58.8s
[Parallel(n_jobs=8)]: Done 280 tasks      | elapsed:  1.8min
[Parallel(n_jobs=8)]: Done 442 tasks      | elapsed:  2.8min
[Parallel(n_jobs=8)]: Done 630 out of 630 | elapsed:  4.1min finished
[Parallel(n_jobs=8)]: Using backend LokyBackend with 8 concurrent workers.
[Parallel(n_jobs=8)]: Done  12 tasks      | elapsed:    0.1s
[Parallel(n_jobs=8)]: Done  29 out of  36 | elapsed:    0.3s remaining:    0.1s
[Parallel(n_jobs=8)]: Done  36 out of  36 | elapsed:    0.4s finished
[Parallel(n_jobs=8)]: Using backend LokyBackend with 8 concurrent workers.
[Parallel(n_jobs=8)]: Done  10 tasks      | elapsed:    4.3s
[Parallel(n_jobs=8)]: Done  64 tasks      | elapsed:   25.7s
[Parallel(n_jobs=8)]: Done 154 tasks      | elapsed:  1.0min
[Parallel(n_jobs=8)]: Done 280 tasks      | elapsed:  1.9min
[Parallel(n_jobs=8)]: Done 442 tasks      | elapsed:  3.0min
[Parallel(n_jobs=8)]: Done 630 out of 630 | elapsed:  4.2min finished
[Parallel(n_jobs=8)]: Using backend LokyBackend with 8 concurrent workers.
[Parallel(n_jobs=8)]: Done  12 tasks      | elapsed:    0.1s
[Parallel(n_jobs=8)]: Done  36 out of  36 | elapsed:    0.4s finished
[Parallel(n_jobs=8)]: Using backend LokyBackend with 8 concurrent workers.
[Parallel(n_jobs=8)]: Done  10 tasks      | elapsed:    4.3s
[Parallel(n_jobs=8)]: Done  64 tasks      | elapsed:   26.2s
[Parallel(n_jobs=8)]: Done 154 tasks      | elapsed:  1.0min
[Parallel(n_jobs=8)]: Done 280 tasks      | elapsed:  2.1min
[Parallel(n_jobs=8)]: Done 442 tasks      | elapsed:  3.2min
[Parallel(n_jobs=8)]: Done 630 out of 630 | elapsed:  4.4min finished
[Parallel(n_jobs=8)]: Using backend LokyBackend with 8 concurrent workers.
[Parallel(n_jobs=8)]: Done  12 tasks      | elapsed:    0.1s
[Parallel(n_jobs=8)]: Done  36 out of  36 | elapsed:    0.4s finished
[Parallel(n_jobs=8)]: Using backend LokyBackend with 8 concurrent workers.
[Parallel(n_jobs=8)]: Done  10 tasks      | elapsed:    4.5s
[Parallel(n_jobs=8)]: Done  64 tasks      | elapsed:   26.1s
[Parallel(n_jobs=8)]: Done 154 tasks      | elapsed:  1.1min
[Parallel(n_jobs=8)]: Done 280 tasks      | elapsed:  1.9min
[Parallel(n_jobs=8)]: Done 442 tasks      | elapsed:  3.2min
[Parallel(n_jobs=8)]: Done 630 out of 630 | elapsed:  4.6min finished
[Parallel(n_jobs=8)]: Using backend LokyBackend with 8 concurrent workers.
[Parallel(n_jobs=8)]: Done  12 tasks      | elapsed:    0.2s
[Parallel(n_jobs=8)]: Done  36 out of  36 | elapsed:    0.4s finished
[Parallel(n_jobs=8)]: Using backend LokyBackend with 8 concurrent workers.
[Parallel(n_jobs=8)]: Done  10 tasks      | elapsed:    4.0s
[Parallel(n_jobs=8)]: Done  64 tasks      | elapsed:   25.5s
[Parallel(n_jobs=8)]: Done 154 tasks      | elapsed:  1.0min
[Parallel(n_jobs=8)]: Done 280 tasks      | elapsed:  1.9min
[Parallel(n_jobs=8)]: Done 442 tasks      | elapsed:  2.9min
[Parallel(n_jobs=8)]: Done 630 out of 630 | elapsed:  4.4min finished
[Parallel(n_jobs=8)]: Using backend LokyBackend with 8 concurrent workers.
[Parallel(n_jobs=8)]: Done  12 tasks      | elapsed:    0.2s
[Parallel(n_jobs=8)]: Done  36 out of  36 | elapsed:    0.4s finished
[Parallel(n_jobs=8)]: Using backend LokyBackend with 8 concurrent workers.
[Parallel(n_jobs=8)]: Done  10 tasks      | elapsed:    5.0s
[Parallel(n_jobs=8)]: Done  64 tasks      | elapsed:   30.7s
[Parallel(n_jobs=8)]: Done 154 tasks      | elapsed:  1.2min
[Parallel(n_jobs=8)]: Done 280 tasks      | elapsed:  2.2min
[Parallel(n_jobs=8)]: Done 442 tasks      | elapsed:  3.5min
[Parallel(n_jobs=8)]: Done 630 out of 630 | elapsed:  4.9min finished
[Parallel(n_jobs=8)]: Using backend LokyBackend with 8 concurrent workers.
[Parallel(n_jobs=8)]: Done  12 tasks      | elapsed:    0.2s
[Parallel(n_jobs=8)]: Done  36 out of  36 | elapsed:    0.4s finished
[Parallel(n_jobs=8)]: Using backend LokyBackend with 8 concurrent workers.
[Parallel(n_jobs=8)]: Done  10 tasks      | elapsed:    4.1s
[Parallel(n_jobs=8)]: Done  64 tasks      | elapsed:   25.4s
[Parallel(n_jobs=8)]: Done 154 tasks      | elapsed:  1.0min
[Parallel(n_jobs=8)]: Done 280 tasks      | elapsed:  1.8min
[Parallel(n_jobs=8)]: Done 442 tasks      | elapsed:  2.9min
[Parallel(n_jobs=8)]: Done 630 out of 630 | elapsed:  4.4min finished
[Parallel(n_jobs=8)]: Using backend LokyBackend with 8 concurrent workers.
[Parallel(n_jobs=8)]: Done  12 tasks      | elapsed:    0.2s
[Parallel(n_jobs=8)]: Done  36 out of  36 | elapsed:    0.4s finished
[Parallel(n_jobs=8)]: Using backend LokyBackend with 8 concurrent workers.
[Parallel(n_jobs=8)]: Done  10 tasks      | elapsed:    5.1s
[Parallel(n_jobs=8)]: Done  64 tasks      | elapsed:   31.3s
[Parallel(n_jobs=8)]: Done 154 tasks      | elapsed:  1.2min
[Parallel(n_jobs=8)]: Done 280 tasks      | elapsed:  2.3min
[Parallel(n_jobs=8)]: Done 442 tasks      | elapsed:  3.6min
[Parallel(n_jobs=8)]: Done 630 out of 630 | elapsed:  5.1min finished
[Parallel(n_jobs=8)]: Using backend LokyBackend with 8 concurrent workers.
[Parallel(n_jobs=8)]: Done  12 tasks      | elapsed:    0.2s
[Parallel(n_jobs=8)]: Done  36 out of  36 | elapsed:    0.5s finished
[Parallel(n_jobs=8)]: Using backend LokyBackend with 8 concurrent workers.
[Parallel(n_jobs=8)]: Done  10 tasks      | elapsed:    4.0s
[Parallel(n_jobs=8)]: Done  64 tasks      | elapsed:   24.8s
[Parallel(n_jobs=8)]: Done 154 tasks      | elapsed:   59.6s
[Parallel(n_jobs=8)]: Done 280 tasks      | elapsed:  1.8min
[Parallel(n_jobs=8)]: Done 442 tasks      | elapsed:  2.8min
[Parallel(n_jobs=8)]: Done 630 out of 630 | elapsed:  4.1min finished
[Parallel(n_jobs=8)]: Using backend LokyBackend with 8 concurrent workers.
[Parallel(n_jobs=8)]: Done  12 tasks      | elapsed:    0.1s
[Parallel(n_jobs=8)]: Done  36 out of  36 | elapsed:    0.3s finished
[Parallel(n_jobs=8)]: Using backend LokyBackend with 8 concurrent workers.
[Parallel(n_jobs=8)]: Done  10 tasks      | elapsed:    4.3s
[Parallel(n_jobs=8)]: Done  64 tasks      | elapsed:   25.5s
[Parallel(n_jobs=8)]: Done 154 tasks      | elapsed:  1.0min
[Parallel(n_jobs=8)]: Done 280 tasks      | elapsed:  1.9min
[Parallel(n_jobs=8)]: Done 442 tasks      | elapsed:  2.9min
[Parallel(n_jobs=8)]: Done 630 out of 630 | elapsed:  4.1min finished
[Parallel(n_jobs=8)]: Using backend LokyBackend with 8 concurrent workers.
[Parallel(n_jobs=8)]: Done  12 tasks      | elapsed:    0.1s
[Parallel(n_jobs=8)]: Done  36 out of  36 | elapsed:    0.4s finished
[Parallel(n_jobs=8)]: Using backend LokyBackend with 8 concurrent workers.
[Parallel(n_jobs=8)]: Done  10 tasks      | elapsed:    4.1s
[Parallel(n_jobs=8)]: Done  64 tasks      | elapsed:   26.0s
[Parallel(n_jobs=8)]: Done 154 tasks      | elapsed:  1.0min
[Parallel(n_jobs=8)]: Done 280 tasks      | elapsed:  1.9min
[Parallel(n_jobs=8)]: Done 442 tasks      | elapsed:  3.0min
[Parallel(n_jobs=8)]: Done 630 out of 630 | elapsed:  4.2min finished
[Parallel(n_jobs=8)]: Using backend LokyBackend with 8 concurrent workers.
[Parallel(n_jobs=8)]: Done  12 tasks      | elapsed:    0.2s
[Parallel(n_jobs=8)]: Done  36 out of  36 | elapsed:    0.5s finished
[Parallel(n_jobs=8)]: Using backend LokyBackend with 8 concurrent workers.
[Parallel(n_jobs=8)]: Done  10 tasks      | elapsed:    4.0s
[Parallel(n_jobs=8)]: Done  64 tasks      | elapsed:   24.8s
[Parallel(n_jobs=8)]: Done 154 tasks      | elapsed:   59.6s
[Parallel(n_jobs=8)]: Done 280 tasks      | elapsed:  1.8min
[Parallel(n_jobs=8)]: Done 442 tasks      | elapsed:  2.9min
[Parallel(n_jobs=8)]: Done 630 out of 630 | elapsed:  4.2min finished
[Parallel(n_jobs=8)]: Using backend LokyBackend with 8 concurrent workers.
[Parallel(n_jobs=8)]: Done  12 tasks      | elapsed:    0.1s
[Parallel(n_jobs=8)]: Done  36 out of  36 | elapsed:    0.4s finished
[Parallel(n_jobs=8)]: Using backend LokyBackend with 8 concurrent workers.
[Parallel(n_jobs=8)]: Done  10 tasks      | elapsed:    4.5s
[Parallel(n_jobs=8)]: Done  64 tasks      | elapsed:   27.5s
[Parallel(n_jobs=8)]: Done 154 tasks      | elapsed:  1.1min
[Parallel(n_jobs=8)]: Done 280 tasks      | elapsed:  2.0min
[Parallel(n_jobs=8)]: Done 442 tasks      | elapsed:  3.0min
[Parallel(n_jobs=8)]: Done 630 out of 630 | elapsed:  4.4min finished
[Parallel(n_jobs=8)]: Using backend LokyBackend with 8 concurrent workers.
[Parallel(n_jobs=8)]: Done  13 tasks      | elapsed:    0.2s
[Parallel(n_jobs=8)]: Done  36 out of  36 | elapsed:    0.4s finished
[Parallel(n_jobs=8)]: Using backend LokyBackend with 8 concurrent workers.
[Parallel(n_jobs=8)]: Done  10 tasks      | elapsed:    5.1s
[Parallel(n_jobs=8)]: Done  64 tasks      | elapsed:   31.3s
[Parallel(n_jobs=8)]: Done 154 tasks      | elapsed:  1.1min
[Parallel(n_jobs=8)]: Done 280 tasks      | elapsed:  2.0min
[Parallel(n_jobs=8)]: Done 442 tasks      | elapsed:  3.0min
[Parallel(n_jobs=8)]: Done 630 out of 630 | elapsed:  4.2min finished
[Parallel(n_jobs=8)]: Using backend LokyBackend with 8 concurrent workers.
[Parallel(n_jobs=8)]: Done  12 tasks      | elapsed:    0.2s
[Parallel(n_jobs=8)]: Done  36 out of  36 | elapsed:    0.5s finished
[Parallel(n_jobs=8)]: Using backend LokyBackend with 8 concurrent workers.
[Parallel(n_jobs=8)]: Done  10 tasks      | elapsed:    4.1s
[Parallel(n_jobs=8)]: Done  64 tasks      | elapsed:   25.0s
[Parallel(n_jobs=8)]: Done 154 tasks      | elapsed:   59.9s
[Parallel(n_jobs=8)]: Done 280 tasks      | elapsed:  1.8min
[Parallel(n_jobs=8)]: Done 442 tasks      | elapsed:  2.9min
[Parallel(n_jobs=8)]: Done 630 out of 630 | elapsed:  4.1min finished
[Parallel(n_jobs=8)]: Using backend LokyBackend with 8 concurrent workers.
[Parallel(n_jobs=8)]: Done  12 tasks      | elapsed:    0.1s
[Parallel(n_jobs=8)]: Done  36 out of  36 | elapsed:    0.4s finished
[Parallel(n_jobs=8)]: Using backend LokyBackend with 8 concurrent workers.
[Parallel(n_jobs=8)]: Done  10 tasks      | elapsed:    4.2s
[Parallel(n_jobs=8)]: Done  64 tasks      | elapsed:   26.1s
[Parallel(n_jobs=8)]: Done 154 tasks      | elapsed:  1.1min
[Parallel(n_jobs=8)]: Done 280 tasks      | elapsed:  2.1min
[Parallel(n_jobs=8)]: Done 442 tasks      | elapsed:  3.3min
[Parallel(n_jobs=8)]: Done 630 out of 630 | elapsed:  4.7min finished
[Parallel(n_jobs=8)]: Using backend LokyBackend with 8 concurrent workers.
[Parallel(n_jobs=8)]: Done  12 tasks      | elapsed:    0.1s
[Parallel(n_jobs=8)]: Done  36 out of  36 | elapsed:    0.4s finished
[Parallel(n_jobs=8)]: Using backend LokyBackend with 8 concurrent workers.
[Parallel(n_jobs=8)]: Done  10 tasks      | elapsed:    4.6s
[Parallel(n_jobs=8)]: Done  64 tasks      | elapsed:   27.8s
[Parallel(n_jobs=8)]: Done 154 tasks      | elapsed:  1.1min
[Parallel(n_jobs=8)]: Done 280 tasks      | elapsed:  2.1min
[Parallel(n_jobs=8)]: Done 442 tasks      | elapsed:  3.2min
[Parallel(n_jobs=8)]: Done 630 out of 630 | elapsed:  4.4min finished
[Parallel(n_jobs=8)]: Using backend LokyBackend with 8 concurrent workers.
[Parallel(n_jobs=8)]: Done  12 tasks      | elapsed:    0.1s
[Parallel(n_jobs=8)]: Done  36 out of  36 | elapsed:    0.4s finished
[Parallel(n_jobs=8)]: Using backend LokyBackend with 8 concurrent workers.
[Parallel(n_jobs=8)]: Done  10 tasks      | elapsed:    4.2s
[Parallel(n_jobs=8)]: Done  64 tasks      | elapsed:   24.9s
[Parallel(n_jobs=8)]: Done 154 tasks      | elapsed:   59.8s
[Parallel(n_jobs=8)]: Done 280 tasks      | elapsed:  1.8min
[Parallel(n_jobs=8)]: Done 442 tasks      | elapsed:  3.1min
[Parallel(n_jobs=8)]: Done 630 out of 630 | elapsed:  4.8min finished
[Parallel(n_jobs=8)]: Using backend LokyBackend with 8 concurrent workers.
[Parallel(n_jobs=8)]: Done  12 tasks      | elapsed:    0.1s
[Parallel(n_jobs=8)]: Done  36 out of  36 | elapsed:    0.3s finished
[Parallel(n_jobs=8)]: Using backend LokyBackend with 8 concurrent workers.
[Parallel(n_jobs=8)]: Done  10 tasks      | elapsed:    4.2s
[Parallel(n_jobs=8)]: Done  64 tasks      | elapsed:   26.1s
[Parallel(n_jobs=8)]: Done 154 tasks      | elapsed:  1.0min
[Parallel(n_jobs=8)]: Done 280 tasks      | elapsed:  1.8min
[Parallel(n_jobs=8)]: Done 442 tasks      | elapsed:  2.8min
[Parallel(n_jobs=8)]: Done 630 out of 630 | elapsed:  4.0min finished
[Parallel(n_jobs=8)]: Using backend LokyBackend with 8 concurrent workers.
[Parallel(n_jobs=8)]: Done  12 tasks      | elapsed:    0.2s
[Parallel(n_jobs=8)]: Done  36 out of  36 | elapsed:    0.5s finished
[Parallel(n_jobs=8)]: Using backend LokyBackend with 8 concurrent workers.
[Parallel(n_jobs=8)]: Done  10 tasks      | elapsed:    3.9s
[Parallel(n_jobs=8)]: Done  64 tasks      | elapsed:   24.4s
[Parallel(n_jobs=8)]: Done 154 tasks      | elapsed:   58.5s
[Parallel(n_jobs=8)]: Done 280 tasks      | elapsed:  1.8min
[Parallel(n_jobs=8)]: Done 442 tasks      | elapsed:  2.8min
[Parallel(n_jobs=8)]: Done 630 out of 630 | elapsed:  4.1min finished
[Parallel(n_jobs=8)]: Using backend LokyBackend with 8 concurrent workers.
[Parallel(n_jobs=8)]: Done  12 tasks      | elapsed:    0.2s
[Parallel(n_jobs=8)]: Done  36 out of  36 | elapsed:    0.5s finished
[Parallel(n_jobs=8)]: Using backend LokyBackend with 8 concurrent workers.
[Parallel(n_jobs=8)]: Done  10 tasks      | elapsed:    4.2s
[Parallel(n_jobs=8)]: Done  64 tasks      | elapsed:   26.4s
[Parallel(n_jobs=8)]: Done 154 tasks      | elapsed:  1.1min
[Parallel(n_jobs=8)]: Done 280 tasks      | elapsed:  1.9min
[Parallel(n_jobs=8)]: Done 442 tasks      | elapsed:  3.0min
[Parallel(n_jobs=8)]: Done 630 out of 630 | elapsed:  4.2min finished
[Parallel(n_jobs=8)]: Using backend LokyBackend with 8 concurrent workers.
[Parallel(n_jobs=8)]: Done  13 tasks      | elapsed:    0.2s
[Parallel(n_jobs=8)]: Done  36 out of  36 | elapsed:    0.4s finished
[Parallel(n_jobs=8)]: Using backend LokyBackend with 8 concurrent workers.
[Parallel(n_jobs=8)]: Done  10 tasks      | elapsed:    4.0s
[Parallel(n_jobs=8)]: Done  64 tasks      | elapsed:   23.8s
[Parallel(n_jobs=8)]: Done 154 tasks      | elapsed:   57.3s
[Parallel(n_jobs=8)]: Done 280 tasks      | elapsed:  1.7min
[Parallel(n_jobs=8)]: Done 442 tasks      | elapsed:  2.8min
[Parallel(n_jobs=8)]: Done 630 out of 630 | elapsed:  3.9min finished
[Parallel(n_jobs=8)]: Using backend LokyBackend with 8 concurrent workers.
[Parallel(n_jobs=8)]: Done  12 tasks      | elapsed:    0.1s
[Parallel(n_jobs=8)]: Done  36 out of  36 | elapsed:    0.4s finished
[Parallel(n_jobs=8)]: Using backend LokyBackend with 8 concurrent workers.
[Parallel(n_jobs=8)]: Done  10 tasks      | elapsed:    4.1s
[Parallel(n_jobs=8)]: Done  64 tasks      | elapsed:   24.7s
[Parallel(n_jobs=8)]: Done 154 tasks      | elapsed:   59.1s
[Parallel(n_jobs=8)]: Done 280 tasks      | elapsed:  1.8min
[Parallel(n_jobs=8)]: Done 442 tasks      | elapsed:  2.8min
[Parallel(n_jobs=8)]: Done 630 out of 630 | elapsed:  4.1min finished
[Parallel(n_jobs=8)]: Using backend LokyBackend with 8 concurrent workers.
[Parallel(n_jobs=8)]: Done  12 tasks      | elapsed:    0.1s
[Parallel(n_jobs=8)]: Done  36 out of  36 | elapsed:    0.4s finished
[Parallel(n_jobs=8)]: Using backend LokyBackend with 8 concurrent workers.
[Parallel(n_jobs=8)]: Done  10 tasks      | elapsed:    4.3s
[Parallel(n_jobs=8)]: Done  64 tasks      | elapsed:   25.7s
[Parallel(n_jobs=8)]: Done 154 tasks      | elapsed:  1.0min
[Parallel(n_jobs=8)]: Done 280 tasks      | elapsed:  1.8min
[Parallel(n_jobs=8)]: Done 442 tasks      | elapsed:  2.9min
[Parallel(n_jobs=8)]: Done 630 out of 630 | elapsed:  4.2min finished
[Parallel(n_jobs=8)]: Using backend LokyBackend with 8 concurrent workers.
[Parallel(n_jobs=8)]: Done  12 tasks      | elapsed:    0.2s
[Parallel(n_jobs=8)]: Done  36 out of  36 | elapsed:    0.5s finished
[Parallel(n_jobs=8)]: Using backend LokyBackend with 8 concurrent workers.
[Parallel(n_jobs=8)]: Done  10 tasks      | elapsed:    4.5s
[Parallel(n_jobs=8)]: Done  64 tasks      | elapsed:   26.5s
[Parallel(n_jobs=8)]: Done 154 tasks      | elapsed:  1.1min
[Parallel(n_jobs=8)]: Done 280 tasks      | elapsed:  2.0min
[Parallel(n_jobs=8)]: Done 442 tasks      | elapsed:  3.3min
[Parallel(n_jobs=8)]: Done 630 out of 630 | elapsed:  4.6min finished
[Parallel(n_jobs=8)]: Using backend LokyBackend with 8 concurrent workers.
[Parallel(n_jobs=8)]: Done  12 tasks      | elapsed:    0.2s
[Parallel(n_jobs=8)]: Done  36 out of  36 | elapsed:    0.4s finished
[Parallel(n_jobs=8)]: Using backend LokyBackend with 8 concurrent workers.
[Parallel(n_jobs=8)]: Done  10 tasks      | elapsed:    5.1s
[Parallel(n_jobs=8)]: Done  64 tasks      | elapsed:   30.9s
[Parallel(n_jobs=8)]: Done 154 tasks      | elapsed:  1.2min
[Parallel(n_jobs=8)]: Done 280 tasks      | elapsed:  2.1min
[Parallel(n_jobs=8)]: Done 442 tasks      | elapsed:  3.2min
[Parallel(n_jobs=8)]: Done 630 out of 630 | elapsed:  4.4min finished
[Parallel(n_jobs=8)]: Using backend LokyBackend with 8 concurrent workers.
[Parallel(n_jobs=8)]: Done  12 tasks      | elapsed:    0.2s
[Parallel(n_jobs=8)]: Done  36 out of  36 | elapsed:    0.4s finished
[Parallel(n_jobs=8)]: Using backend LokyBackend with 8 concurrent workers.
[Parallel(n_jobs=8)]: Done  10 tasks      | elapsed:    4.1s
[Parallel(n_jobs=8)]: Done  64 tasks      | elapsed:   24.9s
[Parallel(n_jobs=8)]: Done 154 tasks      | elapsed:   59.7s
[Parallel(n_jobs=8)]: Done 280 tasks      | elapsed:  1.8min
[Parallel(n_jobs=8)]: Done 442 tasks      | elapsed:  2.8min
[Parallel(n_jobs=8)]: Done 630 out of 630 | elapsed:  4.0min finished
[Parallel(n_jobs=8)]: Using backend LokyBackend with 8 concurrent workers.
[Parallel(n_jobs=8)]: Done  12 tasks      | elapsed:    0.2s
[Parallel(n_jobs=8)]: Done  36 out of  36 | elapsed:    0.4s finished
[Parallel(n_jobs=8)]: Using backend LokyBackend with 8 concurrent workers.
[Parallel(n_jobs=8)]: Done  10 tasks      | elapsed:    4.2s
[Parallel(n_jobs=8)]: Done  64 tasks      | elapsed:   24.9s
[Parallel(n_jobs=8)]: Done 154 tasks      | elapsed:   59.6s
[Parallel(n_jobs=8)]: Done 280 tasks      | elapsed:  1.8min
[Parallel(n_jobs=8)]: Done 442 tasks      | elapsed:  2.8min
[Parallel(n_jobs=8)]: Done 630 out of 630 | elapsed:  4.1min finished
[Parallel(n_jobs=8)]: Using backend LokyBackend with 8 concurrent workers.
[Parallel(n_jobs=8)]: Done  12 tasks      | elapsed:    0.2s
[Parallel(n_jobs=8)]: Done  36 out of  36 | elapsed:    0.4s finished
[Parallel(n_jobs=8)]: Using backend LokyBackend with 8 concurrent workers.
[Parallel(n_jobs=8)]: Done  10 tasks      | elapsed:    4.3s
[Parallel(n_jobs=8)]: Done  64 tasks      | elapsed:   26.4s
[Parallel(n_jobs=8)]: Done 154 tasks      | elapsed:  1.1min
[Parallel(n_jobs=8)]: Done 280 tasks      | elapsed:  1.9min
[Parallel(n_jobs=8)]: Done 442 tasks      | elapsed:  3.0min
[Parallel(n_jobs=8)]: Done 630 out of 630 | elapsed:  4.3min finished
[Parallel(n_jobs=8)]: Using backend LokyBackend with 8 concurrent workers.
[Parallel(n_jobs=8)]: Done  12 tasks      | elapsed:    0.1s
[Parallel(n_jobs=8)]: Done  36 out of  36 | elapsed:    0.4s finished
[Parallel(n_jobs=8)]: Using backend LokyBackend with 8 concurrent workers.
[Parallel(n_jobs=8)]: Done  10 tasks      | elapsed:    4.2s
[Parallel(n_jobs=8)]: Done  64 tasks      | elapsed:   25.8s
[Parallel(n_jobs=8)]: Done 154 tasks      | elapsed:  1.0min
[Parallel(n_jobs=8)]: Done 280 tasks      | elapsed:  1.9min
[Parallel(n_jobs=8)]: Done 442 tasks      | elapsed:  2.9min
[Parallel(n_jobs=8)]: Done 630 out of 630 | elapsed:  4.2min finished
[Parallel(n_jobs=8)]: Using backend LokyBackend with 8 concurrent workers.
[Parallel(n_jobs=8)]: Done  12 tasks      | elapsed:    0.2s
[Parallel(n_jobs=8)]: Done  36 out of  36 | elapsed:    0.4s finished
[Parallel(n_jobs=8)]: Using backend LokyBackend with 8 concurrent workers.
[Parallel(n_jobs=8)]: Done  10 tasks      | elapsed:    4.2s
[Parallel(n_jobs=8)]: Done  64 tasks      | elapsed:   25.8s
[Parallel(n_jobs=8)]: Done 154 tasks      | elapsed:  1.0min
[Parallel(n_jobs=8)]: Done 280 tasks      | elapsed:  1.8min
[Parallel(n_jobs=8)]: Done 442 tasks      | elapsed:  2.9min
[Parallel(n_jobs=8)]: Done 630 out of 630 | elapsed:  4.2min finished
[Parallel(n_jobs=8)]: Using backend LokyBackend with 8 concurrent workers.
[Parallel(n_jobs=8)]: Done  12 tasks      | elapsed:    0.2s
[Parallel(n_jobs=8)]: Done  36 out of  36 | elapsed:    0.4s finished
[Parallel(n_jobs=8)]: Using backend LokyBackend with 8 concurrent workers.
[Parallel(n_jobs=8)]: Done  10 tasks      | elapsed:    4.9s
[Parallel(n_jobs=8)]: Done  64 tasks      | elapsed:   30.9s
[Parallel(n_jobs=8)]: Done 154 tasks      | elapsed:  1.2min
[Parallel(n_jobs=8)]: Done 280 tasks      | elapsed:  2.2min
[Parallel(n_jobs=8)]: Done 442 tasks      | elapsed:  3.6min
[Parallel(n_jobs=8)]: Done 630 out of 630 | elapsed:  5.1min finished
[Parallel(n_jobs=8)]: Using backend LokyBackend with 8 concurrent workers.
[Parallel(n_jobs=8)]: Done  12 tasks      | elapsed:    0.2s
[Parallel(n_jobs=8)]: Done  36 out of  36 | elapsed:    0.6s finished
[Parallel(n_jobs=8)]: Using backend LokyBackend with 8 concurrent workers.
[Parallel(n_jobs=8)]: Done  10 tasks      | elapsed:    5.3s
[Parallel(n_jobs=8)]: Done  64 tasks      | elapsed:   32.5s
[Parallel(n_jobs=8)]: Done 154 tasks      | elapsed:  1.3min
[Parallel(n_jobs=8)]: Done 280 tasks      | elapsed:  2.2min
[Parallel(n_jobs=8)]: Done 442 tasks      | elapsed:  3.4min
[Parallel(n_jobs=8)]: Done 630 out of 630 | elapsed:  4.8min finished
[Parallel(n_jobs=8)]: Using backend LokyBackend with 8 concurrent workers.
[Parallel(n_jobs=8)]: Done  12 tasks      | elapsed:    0.2s
[Parallel(n_jobs=8)]: Done  36 out of  36 | elapsed:    0.4s finished
[Parallel(n_jobs=8)]: Using backend LokyBackend with 8 concurrent workers.
[Parallel(n_jobs=8)]: Done  10 tasks      | elapsed:    4.1s
[Parallel(n_jobs=8)]: Done  64 tasks      | elapsed:   30.5s
[Parallel(n_jobs=8)]: Done 154 tasks      | elapsed:  1.2min
[Parallel(n_jobs=8)]: Done 280 tasks      | elapsed:  2.2min
[Parallel(n_jobs=8)]: Done 442 tasks      | elapsed:  3.3min
[Parallel(n_jobs=8)]: Done 630 out of 630 | elapsed:  4.6min finished
[Parallel(n_jobs=8)]: Using backend LokyBackend with 8 concurrent workers.
[Parallel(n_jobs=8)]: Done  12 tasks      | elapsed:    0.2s
[Parallel(n_jobs=8)]: Done  36 out of  36 | elapsed:    0.4s finished
[Parallel(n_jobs=8)]: Using backend LokyBackend with 8 concurrent workers.
[Parallel(n_jobs=8)]: Done  10 tasks      | elapsed:    4.1s
[Parallel(n_jobs=8)]: Done  64 tasks      | elapsed:   25.0s
[Parallel(n_jobs=8)]: Done 154 tasks      | elapsed:   59.6s
[Parallel(n_jobs=8)]: Done 280 tasks      | elapsed:  1.8min
[Parallel(n_jobs=8)]: Done 442 tasks      | elapsed:  2.9min
[Parallel(n_jobs=8)]: Done 630 out of 630 | elapsed:  4.2min finished
[Parallel(n_jobs=8)]: Using backend LokyBackend with 8 concurrent workers.
[Parallel(n_jobs=8)]: Done  12 tasks      | elapsed:    0.1s
[Parallel(n_jobs=8)]: Done  36 out of  36 | elapsed:    0.4s finished
[Parallel(n_jobs=8)]: Using backend LokyBackend with 8 concurrent workers.
[Parallel(n_jobs=8)]: Done  10 tasks      | elapsed:    4.1s
[Parallel(n_jobs=8)]: Done  64 tasks      | elapsed:   25.4s
[Parallel(n_jobs=8)]: Done 154 tasks      | elapsed:  1.0min
[Parallel(n_jobs=8)]: Done 280 tasks      | elapsed:  1.9min
[Parallel(n_jobs=8)]: Done 442 tasks      | elapsed:  3.0min
[Parallel(n_jobs=8)]: Done 630 out of 630 | elapsed:  4.6min finished
[Parallel(n_jobs=8)]: Using backend LokyBackend with 8 concurrent workers.
[Parallel(n_jobs=8)]: Done  13 tasks      | elapsed:    0.2s
[Parallel(n_jobs=8)]: Done  36 out of  36 | elapsed:    0.4s finished
[Parallel(n_jobs=8)]: Using backend LokyBackend with 8 concurrent workers.
[Parallel(n_jobs=8)]: Done  10 tasks      | elapsed:    5.1s
[Parallel(n_jobs=8)]: Done  64 tasks      | elapsed:   29.3s
[Parallel(n_jobs=8)]: Done 154 tasks      | elapsed:  1.1min
[Parallel(n_jobs=8)]: Done 280 tasks      | elapsed:  1.9min
[Parallel(n_jobs=8)]: Done 442 tasks      | elapsed:  3.1min
[Parallel(n_jobs=8)]: Done 630 out of 630 | elapsed:  4.5min finished
[Parallel(n_jobs=8)]: Using backend LokyBackend with 8 concurrent workers.
[Parallel(n_jobs=8)]: Done  12 tasks      | elapsed:    0.2s
[Parallel(n_jobs=8)]: Done  36 out of  36 | elapsed:    0.4s finished
[Parallel(n_jobs=8)]: Using backend LokyBackend with 8 concurrent workers.
[Parallel(n_jobs=8)]: Done  10 tasks      | elapsed:    4.6s
[Parallel(n_jobs=8)]: Done  64 tasks      | elapsed:   27.2s
[Parallel(n_jobs=8)]: Done 154 tasks      | elapsed:  1.1min
[Parallel(n_jobs=8)]: Done 280 tasks      | elapsed:  2.0min
[Parallel(n_jobs=8)]: Done 442 tasks      | elapsed:  3.1min
[Parallel(n_jobs=8)]: Done 630 out of 630 | elapsed:  4.4min finished
[Parallel(n_jobs=8)]: Using backend LokyBackend with 8 concurrent workers.
[Parallel(n_jobs=8)]: Done  12 tasks      | elapsed:    0.2s
[Parallel(n_jobs=8)]: Done  36 out of  36 | elapsed:    0.5s finished
[Parallel(n_jobs=8)]: Using backend LokyBackend with 8 concurrent workers.
[Parallel(n_jobs=8)]: Done  10 tasks      | elapsed:    4.2s
[Parallel(n_jobs=8)]: Done  64 tasks      | elapsed:   25.1s
[Parallel(n_jobs=8)]: Done 154 tasks      | elapsed:  1.0min
[Parallel(n_jobs=8)]: Done 280 tasks      | elapsed:  1.8min
[Parallel(n_jobs=8)]: Done 442 tasks      | elapsed:  2.9min
[Parallel(n_jobs=8)]: Done 630 out of 630 | elapsed:  4.2min finished
[Parallel(n_jobs=8)]: Using backend LokyBackend with 8 concurrent workers.
[Parallel(n_jobs=8)]: Done  12 tasks      | elapsed:    0.1s
[Parallel(n_jobs=8)]: Done  36 out of  36 | elapsed:    0.4s finished
[Parallel(n_jobs=8)]: Using backend LokyBackend with 8 concurrent workers.
[Parallel(n_jobs=8)]: Done  10 tasks      | elapsed:    4.4s
[Parallel(n_jobs=8)]: Done  64 tasks      | elapsed:   26.5s
[Parallel(n_jobs=8)]: Done 154 tasks      | elapsed:  1.1min
[Parallel(n_jobs=8)]: Done 280 tasks      | elapsed:  1.9min
[Parallel(n_jobs=8)]: Done 442 tasks      | elapsed:  3.0min
[Parallel(n_jobs=8)]: Done 630 out of 630 | elapsed:  4.2min finished
[Parallel(n_jobs=8)]: Using backend LokyBackend with 8 concurrent workers.
[Parallel(n_jobs=8)]: Done  12 tasks      | elapsed:    0.1s
[Parallel(n_jobs=8)]: Done  36 out of  36 | elapsed:    0.4s finished
[Parallel(n_jobs=8)]: Using backend LokyBackend with 8 concurrent workers.
[Parallel(n_jobs=8)]: Done  10 tasks      | elapsed:    4.1s
[Parallel(n_jobs=8)]: Done  64 tasks      | elapsed:   25.2s
[Parallel(n_jobs=8)]: Done 154 tasks      | elapsed:  1.0min
[Parallel(n_jobs=8)]: Done 280 tasks      | elapsed:  1.8min
[Parallel(n_jobs=8)]: Done 442 tasks      | elapsed:  2.9min
[Parallel(n_jobs=8)]: Done 630 out of 630 | elapsed:  4.1min finished
[Parallel(n_jobs=8)]: Using backend LokyBackend with 8 concurrent workers.
[Parallel(n_jobs=8)]: Done  12 tasks      | elapsed:    0.1s
[Parallel(n_jobs=8)]: Done  36 out of  36 | elapsed:    0.4s finished
[Parallel(n_jobs=8)]: Using backend LokyBackend with 8 concurrent workers.
[Parallel(n_jobs=8)]: Done  10 tasks      | elapsed:    4.4s
[Parallel(n_jobs=8)]: Done  64 tasks      | elapsed:   28.6s
[Parallel(n_jobs=8)]: Done 154 tasks      | elapsed:  1.1min
[Parallel(n_jobs=8)]: Done 280 tasks      | elapsed:  2.1min
[Parallel(n_jobs=8)]: Done 442 tasks      | elapsed:  3.4min
[Parallel(n_jobs=8)]: Done 630 out of 630 | elapsed:  4.8min finished
[Parallel(n_jobs=8)]: Using backend LokyBackend with 8 concurrent workers.
[Parallel(n_jobs=8)]: Done  12 tasks      | elapsed:    0.2s
[Parallel(n_jobs=8)]: Done  36 out of  36 | elapsed:    0.4s finished
[Parallel(n_jobs=8)]: Using backend LokyBackend with 8 concurrent workers.
[Parallel(n_jobs=8)]: Done  10 tasks      | elapsed:    4.8s
[Parallel(n_jobs=8)]: Done  64 tasks      | elapsed:   30.0s
[Parallel(n_jobs=8)]: Done 154 tasks      | elapsed:  1.2min
[Parallel(n_jobs=8)]: Done 280 tasks      | elapsed:  2.1min
[Parallel(n_jobs=8)]: Done 442 tasks      | elapsed:  3.2min
[Parallel(n_jobs=8)]: Done 630 out of 630 | elapsed:  4.4min finished
[Parallel(n_jobs=8)]: Using backend LokyBackend with 8 concurrent workers.
[Parallel(n_jobs=8)]: Done  12 tasks      | elapsed:    0.1s
[Parallel(n_jobs=8)]: Done  36 out of  36 | elapsed:    0.4s finished
[Parallel(n_jobs=8)]: Using backend LokyBackend with 8 concurrent workers.
[Parallel(n_jobs=8)]: Done  10 tasks      | elapsed:    4.3s
[Parallel(n_jobs=8)]: Done  64 tasks      | elapsed:   26.1s
[Parallel(n_jobs=8)]: Done 154 tasks      | elapsed:  1.0min
[Parallel(n_jobs=8)]: Done 280 tasks      | elapsed:  1.8min
[Parallel(n_jobs=8)]: Done 442 tasks      | elapsed:  2.9min
[Parallel(n_jobs=8)]: Done 630 out of 630 | elapsed:  4.1min finished
[Parallel(n_jobs=8)]: Using backend LokyBackend with 8 concurrent workers.
[Parallel(n_jobs=8)]: Done  12 tasks      | elapsed:    0.1s
[Parallel(n_jobs=8)]: Done  36 out of  36 | elapsed:    0.4s finished
[Parallel(n_jobs=8)]: Using backend LokyBackend with 8 concurrent workers.
[Parallel(n_jobs=8)]: Done  10 tasks      | elapsed:    4.1s
[Parallel(n_jobs=8)]: Done  64 tasks      | elapsed:   25.6s
[Parallel(n_jobs=8)]: Done 154 tasks      | elapsed:  1.0min
[Parallel(n_jobs=8)]: Done 280 tasks      | elapsed:  2.0min
[Parallel(n_jobs=8)]: Done 442 tasks      | elapsed:  3.3min
[Parallel(n_jobs=8)]: Done 630 out of 630 | elapsed:  4.7min finished
