[Parallel(n_jobs=8)]: Using backend LokyBackend with 8 concurrent workers.
[Parallel(n_jobs=8)]: Done   7 out of  11 | elapsed:    9.2s remaining:    5.3s
[Parallel(n_jobs=8)]: Done  11 out of  11 | elapsed:    9.4s finished
[Parallel(n_jobs=8)]: Using backend LokyBackend with 8 concurrent workers.
[Parallel(n_jobs=8)]: Done  10 tasks      | elapsed:    3.6s
[Parallel(n_jobs=8)]: Done  55 out of  55 | elapsed:    4.8s finished
[Parallel(n_jobs=8)]: Using backend LokyBackend with 8 concurrent workers.
[Parallel(n_jobs=8)]: Done   7 out of  11 | elapsed:    0.0s remaining:    0.0s
[Parallel(n_jobs=8)]: Done  11 out of  11 | elapsed:    0.0s finished
[Parallel(n_jobs=8)]: Using backend LokyBackend with 8 concurrent workers.
[Parallel(n_jobs=8)]: Done  12 tasks      | elapsed:    0.3s
[Parallel(n_jobs=8)]: Done  55 out of  55 | elapsed:    1.2s finished
[Parallel(n_jobs=8)]: Using backend LokyBackend with 8 concurrent workers.
[Parallel(n_jobs=8)]: Done   7 out of  11 | elapsed:    0.1s remaining:    0.0s
[Parallel(n_jobs=8)]: Done  11 out of  11 | elapsed:    0.1s finished
[Parallel(n_jobs=8)]: Using backend LokyBackend with 8 concurrent workers.
[Parallel(n_jobs=8)]: Done  12 tasks      | elapsed:    0.3s
[Parallel(n_jobs=8)]: Done  55 out of  55 | elapsed:    1.2s finished
[Parallel(n_jobs=8)]: Using backend LokyBackend with 8 concurrent workers.
[Parallel(n_jobs=8)]: Done   7 out of  11 | elapsed:    0.1s remaining:    0.0s
[Parallel(n_jobs=8)]: Done  11 out of  11 | elapsed:    0.1s finished
[Parallel(n_jobs=8)]: Using backend LokyBackend with 8 concurrent workers.
[Parallel(n_jobs=8)]: Done  12 tasks      | elapsed:    0.4s
[Parallel(n_jobs=8)]: Done  55 out of  55 | elapsed:    1.3s finished
[Parallel(n_jobs=8)]: Using backend LokyBackend with 8 concurrent workers.
[Parallel(n_jobs=8)]: Done   7 out of  11 | elapsed:    0.0s remaining:    0.0s
[Parallel(n_jobs=8)]: Done  11 out of  11 | elapsed:    0.1s finished
[Parallel(n_jobs=8)]: Using backend LokyBackend with 8 concurrent workers.
[Parallel(n_jobs=8)]: Done  12 tasks      | elapsed:    0.3s
[Parallel(n_jobs=8)]: Done  55 out of  55 | elapsed:    1.2s finished
[Parallel(n_jobs=8)]: Using backend LokyBackend with 8 concurrent workers.
[Parallel(n_jobs=8)]: Done   7 out of  11 | elapsed:    0.0s remaining:    0.0s
[Parallel(n_jobs=8)]: Done  11 out of  11 | elapsed:    0.1s finished
[Parallel(n_jobs=8)]: Using backend LokyBackend with 8 concurrent workers.
[Parallel(n_jobs=8)]: Done  12 tasks      | elapsed:    0.3s
[Parallel(n_jobs=8)]: Done  55 out of  55 | elapsed:    1.3s finished
[Parallel(n_jobs=8)]: Using backend LokyBackend with 8 concurrent workers.
[Parallel(n_jobs=8)]: Done   7 out of  11 | elapsed:    0.0s remaining:    0.0s
[Parallel(n_jobs=8)]: Done  11 out of  11 | elapsed:    0.1s finished
[Parallel(n_jobs=8)]: Using backend LokyBackend with 8 concurrent workers.
[Parallel(n_jobs=8)]: Done  12 tasks      | elapsed:    0.3s
[Parallel(n_jobs=8)]: Done  55 out of  55 | elapsed:    1.2s finished
[Parallel(n_jobs=8)]: Using backend LokyBackend with 8 concurrent workers.
[Parallel(n_jobs=8)]: Done   7 out of  11 | elapsed:    0.0s remaining:    0.0s
[Parallel(n_jobs=8)]: Done  11 out of  11 | elapsed:    0.1s finished
[Parallel(n_jobs=8)]: Using backend LokyBackend with 8 concurrent workers.
[Parallel(n_jobs=8)]: Done  12 tasks      | elapsed:    0.3s
[Parallel(n_jobs=8)]: Done  55 out of  55 | elapsed:    1.2s finished
[Parallel(n_jobs=8)]: Using backend LokyBackend with 8 concurrent workers.
[Parallel(n_jobs=8)]: Done   7 out of  11 | elapsed:    0.0s remaining:    0.0s
[Parallel(n_jobs=8)]: Done  11 out of  11 | elapsed:    0.1s finished
[Parallel(n_jobs=8)]: Using backend LokyBackend with 8 concurrent workers.
[Parallel(n_jobs=8)]: Done  12 tasks      | elapsed:    0.3s
[Parallel(n_jobs=8)]: Done  55 out of  55 | elapsed:    1.3s finished
[Parallel(n_jobs=8)]: Using backend LokyBackend with 8 concurrent workers.
[Parallel(n_jobs=8)]: Done   7 out of  11 | elapsed:    0.0s remaining:    0.0s
[Parallel(n_jobs=8)]: Done  11 out of  11 | elapsed:    0.1s finished
[Parallel(n_jobs=8)]: Using backend LokyBackend with 8 concurrent workers.
[Parallel(n_jobs=8)]: Done  12 tasks      | elapsed:    0.3s
[Parallel(n_jobs=8)]: Done  55 out of  55 | elapsed:    1.2s finished
[Parallel(n_jobs=8)]: Using backend LokyBackend with 8 concurrent workers.
[Parallel(n_jobs=8)]: Done   7 out of  11 | elapsed:    0.0s remaining:    0.0s
[Parallel(n_jobs=8)]: Done  11 out of  11 | elapsed:    0.1s finished
[Parallel(n_jobs=8)]: Using backend LokyBackend with 8 concurrent workers.
[Parallel(n_jobs=8)]: Done  12 tasks      | elapsed:    0.4s
[Parallel(n_jobs=8)]: Done  55 out of  55 | elapsed:    1.3s finished
[Parallel(n_jobs=8)]: Using backend LokyBackend with 8 concurrent workers.
[Parallel(n_jobs=8)]: Done   7 out of  11 | elapsed:    0.0s remaining:    0.0s
[Parallel(n_jobs=8)]: Done  11 out of  11 | elapsed:    0.1s finished
[Parallel(n_jobs=8)]: Using backend LokyBackend with 8 concurrent workers.
[Parallel(n_jobs=8)]: Done  12 tasks      | elapsed:    0.3s
[Parallel(n_jobs=8)]: Done  55 out of  55 | elapsed:    1.2s finished
[Parallel(n_jobs=8)]: Using backend LokyBackend with 8 concurrent workers.
[Parallel(n_jobs=8)]: Done   7 out of  11 | elapsed:    0.0s remaining:    0.0s
[Parallel(n_jobs=8)]: Done  11 out of  11 | elapsed:    0.0s finished
[Parallel(n_jobs=8)]: Using backend LokyBackend with 8 concurrent workers.
[Parallel(n_jobs=8)]: Done  12 tasks      | elapsed:    0.3s
[Parallel(n_jobs=8)]: Done  55 out of  55 | elapsed:    1.2s finished
[Parallel(n_jobs=8)]: Using backend LokyBackend with 8 concurrent workers.
[Parallel(n_jobs=8)]: Done   7 out of  11 | elapsed:    0.0s remaining:    0.0s
[Parallel(n_jobs=8)]: Done  11 out of  11 | elapsed:    0.1s finished
[Parallel(n_jobs=8)]: Using backend LokyBackend with 8 concurrent workers.
[Parallel(n_jobs=8)]: Done  12 tasks      | elapsed:    0.3s
[Parallel(n_jobs=8)]: Done  55 out of  55 | elapsed:    1.2s finished
[Parallel(n_jobs=8)]: Using backend LokyBackend with 8 concurrent workers.
[Parallel(n_jobs=8)]: Done   7 out of  11 | elapsed:    0.0s remaining:    0.0s
[Parallel(n_jobs=8)]: Done  11 out of  11 | elapsed:    0.1s finished
[Parallel(n_jobs=8)]: Using backend LokyBackend with 8 concurrent workers.
[Parallel(n_jobs=8)]: Done  12 tasks      | elapsed:    0.3s
[Parallel(n_jobs=8)]: Done  55 out of  55 | elapsed:    1.2s finished
[Parallel(n_jobs=8)]: Using backend LokyBackend with 8 concurrent workers.
[Parallel(n_jobs=8)]: Done   7 out of  11 | elapsed:    0.0s remaining:    0.0s
[Parallel(n_jobs=8)]: Done  11 out of  11 | elapsed:    0.1s finished
[Parallel(n_jobs=8)]: Using backend LokyBackend with 8 concurrent workers.
[Parallel(n_jobs=8)]: Done  12 tasks      | elapsed:    0.3s
[Parallel(n_jobs=8)]: Done  55 out of  55 | elapsed:    1.3s finished
[Parallel(n_jobs=8)]: Using backend LokyBackend with 8 concurrent workers.
[Parallel(n_jobs=8)]: Done   7 out of  11 | elapsed:    0.1s remaining:    0.0s
[Parallel(n_jobs=8)]: Done  11 out of  11 | elapsed:    0.1s finished
[Parallel(n_jobs=8)]: Using backend LokyBackend with 8 concurrent workers.
[Parallel(n_jobs=8)]: Done  12 tasks      | elapsed:    0.3s
[Parallel(n_jobs=8)]: Done  55 out of  55 | elapsed:    1.2s finished
[Parallel(n_jobs=8)]: Using backend LokyBackend with 8 concurrent workers.
[Parallel(n_jobs=8)]: Done   7 out of  11 | elapsed:    0.1s remaining:    0.0s
[Parallel(n_jobs=8)]: Done  11 out of  11 | elapsed:    0.1s finished
[Parallel(n_jobs=8)]: Using backend LokyBackend with 8 concurrent workers.
[Parallel(n_jobs=8)]: Done  12 tasks      | elapsed:    0.3s
[Parallel(n_jobs=8)]: Done  55 out of  55 | elapsed:    1.2s finished
[Parallel(n_jobs=8)]: Using backend LokyBackend with 8 concurrent workers.
[Parallel(n_jobs=8)]: Done   7 out of  11 | elapsed:    0.0s remaining:    0.0s
[Parallel(n_jobs=8)]: Done  11 out of  11 | elapsed:    0.1s finished
[Parallel(n_jobs=8)]: Using backend LokyBackend with 8 concurrent workers.
[Parallel(n_jobs=8)]: Done  12 tasks      | elapsed:    0.3s
[Parallel(n_jobs=8)]: Done  55 out of  55 | elapsed:    1.2s finished
[Parallel(n_jobs=8)]: Using backend LokyBackend with 8 concurrent workers.
[Parallel(n_jobs=8)]: Done   7 out of  11 | elapsed:    0.0s remaining:    0.0s
[Parallel(n_jobs=8)]: Done  11 out of  11 | elapsed:    0.1s finished
[Parallel(n_jobs=8)]: Using backend LokyBackend with 8 concurrent workers.
[Parallel(n_jobs=8)]: Done  12 tasks      | elapsed:    0.3s
[Parallel(n_jobs=8)]: Done  55 out of  55 | elapsed:    1.2s finished
[Parallel(n_jobs=8)]: Using backend LokyBackend with 8 concurrent workers.
[Parallel(n_jobs=8)]: Done   7 out of  11 | elapsed:    0.0s remaining:    0.0s
[Parallel(n_jobs=8)]: Done  11 out of  11 | elapsed:    0.0s finished
[Parallel(n_jobs=8)]: Using backend LokyBackend with 8 concurrent workers.
[Parallel(n_jobs=8)]: Done  12 tasks      | elapsed:    0.3s
[Parallel(n_jobs=8)]: Done  55 out of  55 | elapsed:    1.1s finished
[Parallel(n_jobs=8)]: Using backend LokyBackend with 8 concurrent workers.
[Parallel(n_jobs=8)]: Done   7 out of  11 | elapsed:    0.0s remaining:    0.0s
[Parallel(n_jobs=8)]: Done  11 out of  11 | elapsed:    0.1s finished
[Parallel(n_jobs=8)]: Using backend LokyBackend with 8 concurrent workers.
[Parallel(n_jobs=8)]: Done  12 tasks      | elapsed:    0.3s
[Parallel(n_jobs=8)]: Done  55 out of  55 | elapsed:    1.1s finished
[Parallel(n_jobs=8)]: Using backend LokyBackend with 8 concurrent workers.
[Parallel(n_jobs=8)]: Done   7 out of  11 | elapsed:    0.0s remaining:    0.0s
[Parallel(n_jobs=8)]: Done  11 out of  11 | elapsed:    0.0s finished
[Parallel(n_jobs=8)]: Using backend LokyBackend with 8 concurrent workers.
[Parallel(n_jobs=8)]: Done  12 tasks      | elapsed:    0.3s
[Parallel(n_jobs=8)]: Done  55 out of  55 | elapsed:    1.1s finished
[Parallel(n_jobs=8)]: Using backend LokyBackend with 8 concurrent workers.
[Parallel(n_jobs=8)]: Done   7 out of  11 | elapsed:    0.0s remaining:    0.0s
[Parallel(n_jobs=8)]: Done  11 out of  11 | elapsed:    0.1s finished
[Parallel(n_jobs=8)]: Using backend LokyBackend with 8 concurrent workers.
[Parallel(n_jobs=8)]: Done  12 tasks      | elapsed:    0.3s
[Parallel(n_jobs=8)]: Done  55 out of  55 | elapsed:    1.2s finished
[Parallel(n_jobs=8)]: Using backend LokyBackend with 8 concurrent workers.
[Parallel(n_jobs=8)]: Done   7 out of  11 | elapsed:    0.0s remaining:    0.0s
[Parallel(n_jobs=8)]: Done  11 out of  11 | elapsed:    0.0s finished
[Parallel(n_jobs=8)]: Using backend LokyBackend with 8 concurrent workers.
[Parallel(n_jobs=8)]: Done  12 tasks      | elapsed:    0.3s
[Parallel(n_jobs=8)]: Done  55 out of  55 | elapsed:    1.1s finished
[Parallel(n_jobs=8)]: Using backend LokyBackend with 8 concurrent workers.
[Parallel(n_jobs=8)]: Done   7 out of  11 | elapsed:    0.0s remaining:    0.0s
[Parallel(n_jobs=8)]: Done  11 out of  11 | elapsed:    0.0s finished
[Parallel(n_jobs=8)]: Using backend LokyBackend with 8 concurrent workers.
[Parallel(n_jobs=8)]: Done  12 tasks      | elapsed:    0.3s
[Parallel(n_jobs=8)]: Done  55 out of  55 | elapsed:    1.2s finished
[Parallel(n_jobs=8)]: Using backend LokyBackend with 8 concurrent workers.
[Parallel(n_jobs=8)]: Done   7 out of  11 | elapsed:    0.0s remaining:    0.0s
[Parallel(n_jobs=8)]: Done  11 out of  11 | elapsed:    0.1s finished
[Parallel(n_jobs=8)]: Using backend LokyBackend with 8 concurrent workers.
[Parallel(n_jobs=8)]: Done  12 tasks      | elapsed:    0.3s
[Parallel(n_jobs=8)]: Done  55 out of  55 | elapsed:    1.1s finished
[Parallel(n_jobs=8)]: Using backend LokyBackend with 8 concurrent workers.
[Parallel(n_jobs=8)]: Done   7 out of  11 | elapsed:    0.0s remaining:    0.0s
[Parallel(n_jobs=8)]: Done  11 out of  11 | elapsed:    0.0s finished
[Parallel(n_jobs=8)]: Using backend LokyBackend with 8 concurrent workers.
[Parallel(n_jobs=8)]: Done  12 tasks      | elapsed:    0.3s
[Parallel(n_jobs=8)]: Done  55 out of  55 | elapsed:    1.1s finished
[Parallel(n_jobs=8)]: Using backend LokyBackend with 8 concurrent workers.
[Parallel(n_jobs=8)]: Done   7 out of  11 | elapsed:    0.0s remaining:    0.0s
[Parallel(n_jobs=8)]: Done  11 out of  11 | elapsed:    0.1s finished
[Parallel(n_jobs=8)]: Using backend LokyBackend with 8 concurrent workers.
[Parallel(n_jobs=8)]: Done  12 tasks      | elapsed:    0.3s
[Parallel(n_jobs=8)]: Done  55 out of  55 | elapsed:    1.2s finished
[Parallel(n_jobs=8)]: Using backend LokyBackend with 8 concurrent workers.
[Parallel(n_jobs=8)]: Done   7 out of  11 | elapsed:    0.0s remaining:    0.0s
[Parallel(n_jobs=8)]: Done  11 out of  11 | elapsed:    0.0s finished
[Parallel(n_jobs=8)]: Using backend LokyBackend with 8 concurrent workers.
[Parallel(n_jobs=8)]: Done  12 tasks      | elapsed:    0.3s
[Parallel(n_jobs=8)]: Done  55 out of  55 | elapsed:    1.2s finished
[Parallel(n_jobs=8)]: Using backend LokyBackend with 8 concurrent workers.
[Parallel(n_jobs=8)]: Done   7 out of  11 | elapsed:    0.0s remaining:    0.0s
[Parallel(n_jobs=8)]: Done  11 out of  11 | elapsed:    0.1s finished
[Parallel(n_jobs=8)]: Using backend LokyBackend with 8 concurrent workers.
[Parallel(n_jobs=8)]: Done  12 tasks      | elapsed:    0.4s
[Parallel(n_jobs=8)]: Done  55 out of  55 | elapsed:    1.3s finished
[Parallel(n_jobs=8)]: Using backend LokyBackend with 8 concurrent workers.
[Parallel(n_jobs=8)]: Done   7 out of  11 | elapsed:    0.0s remaining:    0.0s
[Parallel(n_jobs=8)]: Done  11 out of  11 | elapsed:    0.0s finished
[Parallel(n_jobs=8)]: Using backend LokyBackend with 8 concurrent workers.
[Parallel(n_jobs=8)]: Done  12 tasks      | elapsed:    0.3s
[Parallel(n_jobs=8)]: Done  55 out of  55 | elapsed:    1.2s finished
[Parallel(n_jobs=8)]: Using backend LokyBackend with 8 concurrent workers.
[Parallel(n_jobs=8)]: Done   7 out of  11 | elapsed:    0.0s remaining:    0.0s
[Parallel(n_jobs=8)]: Done  11 out of  11 | elapsed:    0.1s finished
[Parallel(n_jobs=8)]: Using backend LokyBackend with 8 concurrent workers.
[Parallel(n_jobs=8)]: Done  12 tasks      | elapsed:    0.3s
[Parallel(n_jobs=8)]: Done  55 out of  55 | elapsed:    1.2s finished
[Parallel(n_jobs=8)]: Using backend LokyBackend with 8 concurrent workers.
[Parallel(n_jobs=8)]: Done   7 out of  11 | elapsed:    0.0s remaining:    0.0s
[Parallel(n_jobs=8)]: Done  11 out of  11 | elapsed:    0.1s finished
[Parallel(n_jobs=8)]: Using backend LokyBackend with 8 concurrent workers.
[Parallel(n_jobs=8)]: Done  12 tasks      | elapsed:    0.3s
[Parallel(n_jobs=8)]: Done  55 out of  55 | elapsed:    1.2s finished
[Parallel(n_jobs=8)]: Using backend LokyBackend with 8 concurrent workers.
[Parallel(n_jobs=8)]: Done   7 out of  11 | elapsed:    0.0s remaining:    0.0s
[Parallel(n_jobs=8)]: Done  11 out of  11 | elapsed:    0.0s finished
[Parallel(n_jobs=8)]: Using backend LokyBackend with 8 concurrent workers.
[Parallel(n_jobs=8)]: Done  12 tasks      | elapsed:    0.3s
[Parallel(n_jobs=8)]: Done  55 out of  55 | elapsed:    1.2s finished
[Parallel(n_jobs=8)]: Using backend LokyBackend with 8 concurrent workers.
[Parallel(n_jobs=8)]: Done   7 out of  11 | elapsed:    0.0s remaining:    0.0s
[Parallel(n_jobs=8)]: Done  11 out of  11 | elapsed:    0.1s finished
[Parallel(n_jobs=8)]: Using backend LokyBackend with 8 concurrent workers.
[Parallel(n_jobs=8)]: Done  12 tasks      | elapsed:    0.3s
[Parallel(n_jobs=8)]: Done  55 out of  55 | elapsed:    1.2s finished
[Parallel(n_jobs=8)]: Using backend LokyBackend with 8 concurrent workers.
[Parallel(n_jobs=8)]: Done   7 out of  11 | elapsed:    0.1s remaining:    0.0s
[Parallel(n_jobs=8)]: Done  11 out of  11 | elapsed:    0.1s finished
[Parallel(n_jobs=8)]: Using backend LokyBackend with 8 concurrent workers.
[Parallel(n_jobs=8)]: Done  12 tasks      | elapsed:    0.3s
[Parallel(n_jobs=8)]: Done  55 out of  55 | elapsed:    1.2s finished
[Parallel(n_jobs=8)]: Using backend LokyBackend with 8 concurrent workers.
[Parallel(n_jobs=8)]: Done   7 out of  11 | elapsed:    0.0s remaining:    0.0s
[Parallel(n_jobs=8)]: Done  11 out of  11 | elapsed:    0.1s finished
[Parallel(n_jobs=8)]: Using backend LokyBackend with 8 concurrent workers.
[Parallel(n_jobs=8)]: Done  12 tasks      | elapsed:    0.3s
[Parallel(n_jobs=8)]: Done  55 out of  55 | elapsed:    1.2s finished
[Parallel(n_jobs=8)]: Using backend LokyBackend with 8 concurrent workers.
[Parallel(n_jobs=8)]: Done   7 out of  11 | elapsed:    0.0s remaining:    0.0s
[Parallel(n_jobs=8)]: Done  11 out of  11 | elapsed:    0.1s finished
[Parallel(n_jobs=8)]: Using backend LokyBackend with 8 concurrent workers.
[Parallel(n_jobs=8)]: Done  12 tasks      | elapsed:    0.3s
[Parallel(n_jobs=8)]: Done  55 out of  55 | elapsed:    1.2s finished
[Parallel(n_jobs=8)]: Using backend LokyBackend with 8 concurrent workers.
[Parallel(n_jobs=8)]: Done   7 out of  11 | elapsed:    0.0s remaining:    0.0s
[Parallel(n_jobs=8)]: Done  11 out of  11 | elapsed:    0.1s finished
[Parallel(n_jobs=8)]: Using backend LokyBackend with 8 concurrent workers.
[Parallel(n_jobs=8)]: Done  12 tasks      | elapsed:    0.3s
[Parallel(n_jobs=8)]: Done  55 out of  55 | elapsed:    1.2s finished
[Parallel(n_jobs=8)]: Using backend LokyBackend with 8 concurrent workers.
[Parallel(n_jobs=8)]: Done   7 out of  11 | elapsed:    0.0s remaining:    0.0s
[Parallel(n_jobs=8)]: Done  11 out of  11 | elapsed:    0.1s finished
[Parallel(n_jobs=8)]: Using backend LokyBackend with 8 concurrent workers.
[Parallel(n_jobs=8)]: Done  12 tasks      | elapsed:    0.3s
[Parallel(n_jobs=8)]: Done  55 out of  55 | elapsed:    1.2s finished
[Parallel(n_jobs=8)]: Using backend LokyBackend with 8 concurrent workers.
[Parallel(n_jobs=8)]: Done   7 out of  11 | elapsed:    0.0s remaining:    0.0s
[Parallel(n_jobs=8)]: Done  11 out of  11 | elapsed:    0.1s finished
[Parallel(n_jobs=8)]: Using backend LokyBackend with 8 concurrent workers.
[Parallel(n_jobs=8)]: Done  12 tasks      | elapsed:    0.3s
[Parallel(n_jobs=8)]: Done  55 out of  55 | elapsed:    1.2s finished
[Parallel(n_jobs=8)]: Using backend LokyBackend with 8 concurrent workers.
[Parallel(n_jobs=8)]: Done   7 out of  11 | elapsed:    0.0s remaining:    0.0s
[Parallel(n_jobs=8)]: Done  11 out of  11 | elapsed:    0.1s finished
[Parallel(n_jobs=8)]: Using backend LokyBackend with 8 concurrent workers.
[Parallel(n_jobs=8)]: Done  12 tasks      | elapsed:    0.3s
[Parallel(n_jobs=8)]: Done  55 out of  55 | elapsed:    1.2s finished
[Parallel(n_jobs=8)]: Using backend LokyBackend with 8 concurrent workers.
[Parallel(n_jobs=8)]: Done   7 out of  11 | elapsed:    0.0s remaining:    0.0s
[Parallel(n_jobs=8)]: Done  11 out of  11 | elapsed:    0.1s finished
[Parallel(n_jobs=8)]: Using backend LokyBackend with 8 concurrent workers.
[Parallel(n_jobs=8)]: Done  12 tasks      | elapsed:    0.3s
[Parallel(n_jobs=8)]: Done  55 out of  55 | elapsed:    1.2s finished
[Parallel(n_jobs=8)]: Using backend LokyBackend with 8 concurrent workers.
[Parallel(n_jobs=8)]: Done   7 out of  11 | elapsed:    0.0s remaining:    0.0s
[Parallel(n_jobs=8)]: Done  11 out of  11 | elapsed:    0.0s finished
[Parallel(n_jobs=8)]: Using backend LokyBackend with 8 concurrent workers.
[Parallel(n_jobs=8)]: Done  12 tasks      | elapsed:    0.3s
[Parallel(n_jobs=8)]: Done  55 out of  55 | elapsed:    1.1s finished
[Parallel(n_jobs=8)]: Using backend LokyBackend with 8 concurrent workers.
[Parallel(n_jobs=8)]: Done   7 out of  11 | elapsed:    0.0s remaining:    0.0s
[Parallel(n_jobs=8)]: Done  11 out of  11 | elapsed:    0.1s finished
[Parallel(n_jobs=8)]: Using backend LokyBackend with 8 concurrent workers.
[Parallel(n_jobs=8)]: Done  12 tasks      | elapsed:    0.3s
[Parallel(n_jobs=8)]: Done  55 out of  55 | elapsed:    1.2s finished
[Parallel(n_jobs=8)]: Using backend LokyBackend with 8 concurrent workers.
[Parallel(n_jobs=8)]: Done   7 out of  11 | elapsed:    0.0s remaining:    0.0s
[Parallel(n_jobs=8)]: Done  11 out of  11 | elapsed:    0.1s finished
[Parallel(n_jobs=8)]: Using backend LokyBackend with 8 concurrent workers.
[Parallel(n_jobs=8)]: Done  12 tasks      | elapsed:    0.3s
[Parallel(n_jobs=8)]: Done  55 out of  55 | elapsed:    1.2s finished
[Parallel(n_jobs=8)]: Using backend LokyBackend with 8 concurrent workers.
[Parallel(n_jobs=8)]: Done   7 out of  11 | elapsed:    0.1s remaining:    0.0s
[Parallel(n_jobs=8)]: Done  11 out of  11 | elapsed:    0.1s finished
[Parallel(n_jobs=8)]: Using backend LokyBackend with 8 concurrent workers.
[Parallel(n_jobs=8)]: Done  12 tasks      | elapsed:    0.3s
[Parallel(n_jobs=8)]: Done  55 out of  55 | elapsed:    1.2s finished
[Parallel(n_jobs=8)]: Using backend LokyBackend with 8 concurrent workers.
[Parallel(n_jobs=8)]: Done   7 out of  11 | elapsed:    0.0s remaining:    0.0s
[Parallel(n_jobs=8)]: Done  11 out of  11 | elapsed:    0.1s finished
[Parallel(n_jobs=8)]: Using backend LokyBackend with 8 concurrent workers.
[Parallel(n_jobs=8)]: Done  12 tasks      | elapsed:    0.3s
[Parallel(n_jobs=8)]: Done  55 out of  55 | elapsed:    1.2s finished
[Parallel(n_jobs=8)]: Using backend LokyBackend with 8 concurrent workers.
[Parallel(n_jobs=8)]: Done   7 out of  11 | elapsed:    0.0s remaining:    0.0s
[Parallel(n_jobs=8)]: Done  11 out of  11 | elapsed:    0.1s finished
[Parallel(n_jobs=8)]: Using backend LokyBackend with 8 concurrent workers.
[Parallel(n_jobs=8)]: Done  12 tasks      | elapsed:    0.3s
[Parallel(n_jobs=8)]: Done  55 out of  55 | elapsed:    1.2s finished
[Parallel(n_jobs=8)]: Using backend LokyBackend with 8 concurrent workers.
[Parallel(n_jobs=8)]: Done   7 out of  11 | elapsed:    0.0s remaining:    0.0s
[Parallel(n_jobs=8)]: Done  11 out of  11 | elapsed:    0.1s finished
[Parallel(n_jobs=8)]: Using backend LokyBackend with 8 concurrent workers.
[Parallel(n_jobs=8)]: Done  12 tasks      | elapsed:    0.3s
[Parallel(n_jobs=8)]: Done  55 out of  55 | elapsed:    1.2s finished
[Parallel(n_jobs=8)]: Using backend LokyBackend with 8 concurrent workers.
[Parallel(n_jobs=8)]: Done   7 out of  11 | elapsed:    0.1s remaining:    0.0s
[Parallel(n_jobs=8)]: Done  11 out of  11 | elapsed:    0.1s finished
[Parallel(n_jobs=8)]: Using backend LokyBackend with 8 concurrent workers.
[Parallel(n_jobs=8)]: Done  12 tasks      | elapsed:    0.3s
[Parallel(n_jobs=8)]: Done  55 out of  55 | elapsed:    1.3s finished
[Parallel(n_jobs=8)]: Using backend LokyBackend with 8 concurrent workers.
[Parallel(n_jobs=8)]: Done   7 out of  11 | elapsed:    0.0s remaining:    0.0s
[Parallel(n_jobs=8)]: Done  11 out of  11 | elapsed:    0.1s finished
[Parallel(n_jobs=8)]: Using backend LokyBackend with 8 concurrent workers.
[Parallel(n_jobs=8)]: Done  12 tasks      | elapsed:    0.3s
[Parallel(n_jobs=8)]: Done  55 out of  55 | elapsed:    1.2s finished
[Parallel(n_jobs=8)]: Using backend LokyBackend with 8 concurrent workers.
[Parallel(n_jobs=8)]: Done   7 out of  11 | elapsed:    0.0s remaining:    0.0s
[Parallel(n_jobs=8)]: Done  11 out of  11 | elapsed:    0.1s finished
[Parallel(n_jobs=8)]: Using backend LokyBackend with 8 concurrent workers.
[Parallel(n_jobs=8)]: Done  12 tasks      | elapsed:    0.3s
[Parallel(n_jobs=8)]: Done  55 out of  55 | elapsed:    1.2s finished
[Parallel(n_jobs=8)]: Using backend LokyBackend with 8 concurrent workers.
[Parallel(n_jobs=8)]: Done   7 out of  11 | elapsed:    0.0s remaining:    0.0s
[Parallel(n_jobs=8)]: Done  11 out of  11 | elapsed:    0.0s finished
[Parallel(n_jobs=8)]: Using backend LokyBackend with 8 concurrent workers.
[Parallel(n_jobs=8)]: Done  12 tasks      | elapsed:    0.3s
[Parallel(n_jobs=8)]: Done  55 out of  55 | elapsed:    1.2s finished
[Parallel(n_jobs=8)]: Using backend LokyBackend with 8 concurrent workers.
[Parallel(n_jobs=8)]: Done   7 out of  11 | elapsed:    0.0s remaining:    0.0s
[Parallel(n_jobs=8)]: Done  11 out of  11 | elapsed:    0.1s finished
[Parallel(n_jobs=8)]: Using backend LokyBackend with 8 concurrent workers.
[Parallel(n_jobs=8)]: Done  12 tasks      | elapsed:    0.3s
[Parallel(n_jobs=8)]: Done  55 out of  55 | elapsed:    1.2s finished
[Parallel(n_jobs=8)]: Using backend LokyBackend with 8 concurrent workers.
[Parallel(n_jobs=8)]: Done   7 out of  11 | elapsed:    0.0s remaining:    0.0s
[Parallel(n_jobs=8)]: Done  11 out of  11 | elapsed:    0.1s finished
[Parallel(n_jobs=8)]: Using backend LokyBackend with 8 concurrent workers.
[Parallel(n_jobs=8)]: Done  12 tasks      | elapsed:    0.3s
[Parallel(n_jobs=8)]: Done  55 out of  55 | elapsed:    1.2s finished
[Parallel(n_jobs=8)]: Using backend LokyBackend with 8 concurrent workers.
[Parallel(n_jobs=8)]: Done   7 out of  11 | elapsed:    0.0s remaining:    0.0s
[Parallel(n_jobs=8)]: Done  11 out of  11 | elapsed:    0.1s finished
[Parallel(n_jobs=8)]: Using backend LokyBackend with 8 concurrent workers.
[Parallel(n_jobs=8)]: Done  12 tasks      | elapsed:    0.3s
[Parallel(n_jobs=8)]: Done  55 out of  55 | elapsed:    1.2s finished
[Parallel(n_jobs=8)]: Using backend LokyBackend with 8 concurrent workers.
[Parallel(n_jobs=8)]: Done   7 out of  11 | elapsed:    0.0s remaining:    0.0s
[Parallel(n_jobs=8)]: Done  11 out of  11 | elapsed:    0.1s finished
[Parallel(n_jobs=8)]: Using backend LokyBackend with 8 concurrent workers.
[Parallel(n_jobs=8)]: Done  12 tasks      | elapsed:    0.3s
[Parallel(n_jobs=8)]: Done  55 out of  55 | elapsed:    1.2s finished
[Parallel(n_jobs=8)]: Using backend LokyBackend with 8 concurrent workers.
[Parallel(n_jobs=8)]: Done   7 out of  11 | elapsed:    0.0s remaining:    0.0s
[Parallel(n_jobs=8)]: Done  11 out of  11 | elapsed:    0.0s finished
[Parallel(n_jobs=8)]: Using backend LokyBackend with 8 concurrent workers.
[Parallel(n_jobs=8)]: Done  12 tasks      | elapsed:    0.3s
[Parallel(n_jobs=8)]: Done  55 out of  55 | elapsed:    1.2s finished
[Parallel(n_jobs=8)]: Using backend LokyBackend with 8 concurrent workers.
[Parallel(n_jobs=8)]: Done   7 out of  11 | elapsed:    0.0s remaining:    0.0s
[Parallel(n_jobs=8)]: Done  11 out of  11 | elapsed:    0.1s finished
[Parallel(n_jobs=8)]: Using backend LokyBackend with 8 concurrent workers.
[Parallel(n_jobs=8)]: Done  12 tasks      | elapsed:    0.3s
[Parallel(n_jobs=8)]: Done  55 out of  55 | elapsed:    1.2s finished
[Parallel(n_jobs=8)]: Using backend LokyBackend with 8 concurrent workers.
[Parallel(n_jobs=8)]: Done   7 out of  11 | elapsed:    0.1s remaining:    0.0s
[Parallel(n_jobs=8)]: Done  11 out of  11 | elapsed:    0.1s finished
[Parallel(n_jobs=8)]: Using backend LokyBackend with 8 concurrent workers.
[Parallel(n_jobs=8)]: Done  12 tasks      | elapsed:    0.3s
[Parallel(n_jobs=8)]: Done  55 out of  55 | elapsed:    1.2s finished
[Parallel(n_jobs=8)]: Using backend LokyBackend with 8 concurrent workers.
[Parallel(n_jobs=8)]: Done   7 out of  11 | elapsed:    0.0s remaining:    0.0s
[Parallel(n_jobs=8)]: Done  11 out of  11 | elapsed:    0.1s finished
[Parallel(n_jobs=8)]: Using backend LokyBackend with 8 concurrent workers.
[Parallel(n_jobs=8)]: Done  12 tasks      | elapsed:    0.3s
[Parallel(n_jobs=8)]: Done  55 out of  55 | elapsed:    1.1s finished
[Parallel(n_jobs=8)]: Using backend LokyBackend with 8 concurrent workers.
[Parallel(n_jobs=8)]: Done   7 out of  11 | elapsed:    0.0s remaining:    0.0s
[Parallel(n_jobs=8)]: Done  11 out of  11 | elapsed:    0.1s finished
[Parallel(n_jobs=8)]: Using backend LokyBackend with 8 concurrent workers.
[Parallel(n_jobs=8)]: Done  12 tasks      | elapsed:    0.3s
[Parallel(n_jobs=8)]: Done  55 out of  55 | elapsed:    1.3s finished
[Parallel(n_jobs=8)]: Using backend LokyBackend with 8 concurrent workers.
[Parallel(n_jobs=8)]: Done   7 out of  11 | elapsed:    0.1s remaining:    0.0s
[Parallel(n_jobs=8)]: Done  11 out of  11 | elapsed:    0.1s finished
[Parallel(n_jobs=8)]: Using backend LokyBackend with 8 concurrent workers.
[Parallel(n_jobs=8)]: Done  10 tasks      | elapsed:    0.4s
[Parallel(n_jobs=8)]: Done  55 out of  55 | elapsed:    2.6s finished
[Parallel(n_jobs=8)]: Using backend LokyBackend with 8 concurrent workers.
[Parallel(n_jobs=8)]: Done   7 out of  11 | elapsed:    0.0s remaining:    0.0s
[Parallel(n_jobs=8)]: Done  11 out of  11 | elapsed:    0.0s finished
[Parallel(n_jobs=8)]: Using backend LokyBackend with 8 concurrent workers.
[Parallel(n_jobs=8)]: Done  12 tasks      | elapsed:    0.3s
[Parallel(n_jobs=8)]: Done  55 out of  55 | elapsed:    1.2s finished
[Parallel(n_jobs=8)]: Using backend LokyBackend with 8 concurrent workers.
[Parallel(n_jobs=8)]: Done   7 out of  11 | elapsed:    0.2s remaining:    0.1s
[Parallel(n_jobs=8)]: Done  11 out of  11 | elapsed:    0.2s finished
[Parallel(n_jobs=8)]: Using backend LokyBackend with 8 concurrent workers.
[Parallel(n_jobs=8)]: Done  12 tasks      | elapsed:    0.3s
[Parallel(n_jobs=8)]: Done  55 out of  55 | elapsed:    1.0s finished
[Parallel(n_jobs=8)]: Using backend LokyBackend with 8 concurrent workers.
[Parallel(n_jobs=8)]: Done   7 out of  11 | elapsed:    0.0s remaining:    0.0s
[Parallel(n_jobs=8)]: Done  11 out of  11 | elapsed:    0.0s finished
[Parallel(n_jobs=8)]: Using backend LokyBackend with 8 concurrent workers.
[Parallel(n_jobs=8)]: Done  12 tasks      | elapsed:    0.3s
[Parallel(n_jobs=8)]: Done  55 out of  55 | elapsed:    1.1s finished
[Parallel(n_jobs=8)]: Using backend LokyBackend with 8 concurrent workers.
[Parallel(n_jobs=8)]: Done   7 out of  11 | elapsed:    0.0s remaining:    0.0s
[Parallel(n_jobs=8)]: Done  11 out of  11 | elapsed:    0.0s finished
[Parallel(n_jobs=8)]: Using backend LokyBackend with 8 concurrent workers.
[Parallel(n_jobs=8)]: Done  12 tasks      | elapsed:    0.3s
[Parallel(n_jobs=8)]: Done  55 out of  55 | elapsed:    1.0s finished
[Parallel(n_jobs=8)]: Using backend LokyBackend with 8 concurrent workers.
[Parallel(n_jobs=8)]: Done   7 out of  11 | elapsed:    0.1s remaining:    0.1s
[Parallel(n_jobs=8)]: Done  11 out of  11 | elapsed:    0.1s finished
[Parallel(n_jobs=8)]: Using backend LokyBackend with 8 concurrent workers.
[Parallel(n_jobs=8)]: Done  12 tasks      | elapsed:    0.3s
[Parallel(n_jobs=8)]: Done  55 out of  55 | elapsed:    1.1s finished
[Parallel(n_jobs=8)]: Using backend LokyBackend with 8 concurrent workers.
[Parallel(n_jobs=8)]: Done   7 out of  11 | elapsed:    0.0s remaining:    0.0s
[Parallel(n_jobs=8)]: Done  11 out of  11 | elapsed:    0.1s finished
[Parallel(n_jobs=8)]: Using backend LokyBackend with 8 concurrent workers.
[Parallel(n_jobs=8)]: Done  12 tasks      | elapsed:    0.3s
[Parallel(n_jobs=8)]: Done  55 out of  55 | elapsed:    1.2s finished
[Parallel(n_jobs=8)]: Using backend LokyBackend with 8 concurrent workers.
[Parallel(n_jobs=8)]: Done   7 out of  11 | elapsed:    0.0s remaining:    0.0s
[Parallel(n_jobs=8)]: Done  11 out of  11 | elapsed:    0.0s finished
[Parallel(n_jobs=8)]: Using backend LokyBackend with 8 concurrent workers.
[Parallel(n_jobs=8)]: Done  12 tasks      | elapsed:    0.3s
[Parallel(n_jobs=8)]: Done  55 out of  55 | elapsed:    1.0s finished
[Parallel(n_jobs=8)]: Using backend LokyBackend with 8 concurrent workers.
[Parallel(n_jobs=8)]: Done   7 out of  11 | elapsed:    0.1s remaining:    0.1s
[Parallel(n_jobs=8)]: Done  11 out of  11 | elapsed:    0.1s finished
[Parallel(n_jobs=8)]: Using backend LokyBackend with 8 concurrent workers.
[Parallel(n_jobs=8)]: Done  12 tasks      | elapsed:    0.3s
[Parallel(n_jobs=8)]: Done  55 out of  55 | elapsed:    1.0s finished
[Parallel(n_jobs=8)]: Using backend LokyBackend with 8 concurrent workers.
[Parallel(n_jobs=8)]: Done   7 out of  11 | elapsed:    0.0s remaining:    0.0s
[Parallel(n_jobs=8)]: Done  11 out of  11 | elapsed:    0.0s finished
[Parallel(n_jobs=8)]: Using backend LokyBackend with 8 concurrent workers.
[Parallel(n_jobs=8)]: Done  12 tasks      | elapsed:    0.3s
[Parallel(n_jobs=8)]: Done  55 out of  55 | elapsed:    1.1s finished
[Parallel(n_jobs=8)]: Using backend LokyBackend with 8 concurrent workers.
[Parallel(n_jobs=8)]: Done   7 out of  11 | elapsed:    0.0s remaining:    0.0s
[Parallel(n_jobs=8)]: Done  11 out of  11 | elapsed:    0.0s finished
[Parallel(n_jobs=8)]: Using backend LokyBackend with 8 concurrent workers.
[Parallel(n_jobs=8)]: Done  12 tasks      | elapsed:    0.3s
[Parallel(n_jobs=8)]: Done  55 out of  55 | elapsed:    1.2s finished
[Parallel(n_jobs=8)]: Using backend LokyBackend with 8 concurrent workers.
[Parallel(n_jobs=8)]: Done   7 out of  11 | elapsed:    0.1s remaining:    0.1s
[Parallel(n_jobs=8)]: Done  11 out of  11 | elapsed:    0.1s finished
[Parallel(n_jobs=8)]: Using backend LokyBackend with 8 concurrent workers.
[Parallel(n_jobs=8)]: Done  12 tasks      | elapsed:    0.3s
[Parallel(n_jobs=8)]: Done  55 out of  55 | elapsed:    1.0s finished
[Parallel(n_jobs=8)]: Using backend LokyBackend with 8 concurrent workers.
[Parallel(n_jobs=8)]: Done   7 out of  11 | elapsed:    0.0s remaining:    0.0s
[Parallel(n_jobs=8)]: Done  11 out of  11 | elapsed:    0.0s finished
[Parallel(n_jobs=8)]: Using backend LokyBackend with 8 concurrent workers.
[Parallel(n_jobs=8)]: Done  12 tasks      | elapsed:    0.3s
[Parallel(n_jobs=8)]: Done  55 out of  55 | elapsed:    1.1s finished
[Parallel(n_jobs=8)]: Using backend LokyBackend with 8 concurrent workers.
[Parallel(n_jobs=8)]: Done   7 out of  11 | elapsed:    0.0s remaining:    0.0s
[Parallel(n_jobs=8)]: Done  11 out of  11 | elapsed:    0.0s finished
[Parallel(n_jobs=8)]: Using backend LokyBackend with 8 concurrent workers.
[Parallel(n_jobs=8)]: Done  12 tasks      | elapsed:    0.3s
[Parallel(n_jobs=8)]: Done  55 out of  55 | elapsed:    1.1s finished
[Parallel(n_jobs=8)]: Using backend LokyBackend with 8 concurrent workers.
[Parallel(n_jobs=8)]: Done   7 out of  11 | elapsed:    0.0s remaining:    0.0s
[Parallel(n_jobs=8)]: Done  11 out of  11 | elapsed:    0.0s finished
[Parallel(n_jobs=8)]: Using backend LokyBackend with 8 concurrent workers.
[Parallel(n_jobs=8)]: Done  12 tasks      | elapsed:    0.3s
[Parallel(n_jobs=8)]: Done  55 out of  55 | elapsed:    1.1s finished
[Parallel(n_jobs=8)]: Using backend LokyBackend with 8 concurrent workers.
[Parallel(n_jobs=8)]: Done   7 out of  11 | elapsed:    0.0s remaining:    0.0s
[Parallel(n_jobs=8)]: Done  11 out of  11 | elapsed:    0.1s finished
[Parallel(n_jobs=8)]: Using backend LokyBackend with 8 concurrent workers.
[Parallel(n_jobs=8)]: Done  12 tasks      | elapsed:    0.3s
[Parallel(n_jobs=8)]: Done  55 out of  55 | elapsed:    1.2s finished
[Parallel(n_jobs=8)]: Using backend LokyBackend with 8 concurrent workers.
[Parallel(n_jobs=8)]: Done   7 out of  11 | elapsed:    0.0s remaining:    0.0s
[Parallel(n_jobs=8)]: Done  11 out of  11 | elapsed:    0.1s finished
[Parallel(n_jobs=8)]: Using backend LokyBackend with 8 concurrent workers.
[Parallel(n_jobs=8)]: Done  12 tasks      | elapsed:    0.3s
[Parallel(n_jobs=8)]: Done  55 out of  55 | elapsed:    1.2s finished
[Parallel(n_jobs=8)]: Using backend LokyBackend with 8 concurrent workers.
[Parallel(n_jobs=8)]: Done   7 out of  11 | elapsed:    0.0s remaining:    0.0s
[Parallel(n_jobs=8)]: Done  11 out of  11 | elapsed:    0.0s finished
[Parallel(n_jobs=8)]: Using backend LokyBackend with 8 concurrent workers.
[Parallel(n_jobs=8)]: Done  12 tasks      | elapsed:    0.3s
[Parallel(n_jobs=8)]: Done  55 out of  55 | elapsed:    1.2s finished
[Parallel(n_jobs=8)]: Using backend LokyBackend with 8 concurrent workers.
[Parallel(n_jobs=8)]: Done   7 out of  11 | elapsed:    0.0s remaining:    0.0s
[Parallel(n_jobs=8)]: Done  11 out of  11 | elapsed:    0.1s finished
[Parallel(n_jobs=8)]: Using backend LokyBackend with 8 concurrent workers.
[Parallel(n_jobs=8)]: Done  12 tasks      | elapsed:    0.3s
[Parallel(n_jobs=8)]: Done  55 out of  55 | elapsed:    1.2s finished
[Parallel(n_jobs=8)]: Using backend LokyBackend with 8 concurrent workers.
[Parallel(n_jobs=8)]: Done   7 out of  11 | elapsed:    0.0s remaining:    0.0s
[Parallel(n_jobs=8)]: Done  11 out of  11 | elapsed:    0.0s finished
[Parallel(n_jobs=8)]: Using backend LokyBackend with 8 concurrent workers.
[Parallel(n_jobs=8)]: Done  12 tasks      | elapsed:    0.3s
[Parallel(n_jobs=8)]: Done  55 out of  55 | elapsed:    1.2s finished
[Parallel(n_jobs=8)]: Using backend LokyBackend with 8 concurrent workers.
[Parallel(n_jobs=8)]: Done   7 out of  11 | elapsed:    0.0s remaining:    0.0s
[Parallel(n_jobs=8)]: Done  11 out of  11 | elapsed:    0.1s finished
[Parallel(n_jobs=8)]: Using backend LokyBackend with 8 concurrent workers.
[Parallel(n_jobs=8)]: Done  12 tasks      | elapsed:    0.3s
[Parallel(n_jobs=8)]: Done  55 out of  55 | elapsed:    1.2s finished
[Parallel(n_jobs=8)]: Using backend LokyBackend with 8 concurrent workers.
[Parallel(n_jobs=8)]: Done   7 out of  11 | elapsed:    0.0s remaining:    0.0s
[Parallel(n_jobs=8)]: Done  11 out of  11 | elapsed:    0.1s finished
[Parallel(n_jobs=8)]: Using backend LokyBackend with 8 concurrent workers.
[Parallel(n_jobs=8)]: Done  12 tasks      | elapsed:    0.3s
[Parallel(n_jobs=8)]: Done  55 out of  55 | elapsed:    1.2s finished
[Parallel(n_jobs=8)]: Using backend LokyBackend with 8 concurrent workers.
[Parallel(n_jobs=8)]: Done   7 out of  11 | elapsed:    0.0s remaining:    0.0s
[Parallel(n_jobs=8)]: Done  11 out of  11 | elapsed:    0.1s finished
[Parallel(n_jobs=8)]: Using backend LokyBackend with 8 concurrent workers.
[Parallel(n_jobs=8)]: Done  12 tasks      | elapsed:    0.3s
[Parallel(n_jobs=8)]: Done  55 out of  55 | elapsed:    1.2s finished
[Parallel(n_jobs=8)]: Using backend LokyBackend with 8 concurrent workers.
[Parallel(n_jobs=8)]: Done   7 out of  11 | elapsed:    0.0s remaining:    0.0s
[Parallel(n_jobs=8)]: Done  11 out of  11 | elapsed:    0.1s finished
[Parallel(n_jobs=8)]: Using backend LokyBackend with 8 concurrent workers.
[Parallel(n_jobs=8)]: Done  12 tasks      | elapsed:    0.3s
[Parallel(n_jobs=8)]: Done  55 out of  55 | elapsed:    1.2s finished
[Parallel(n_jobs=8)]: Using backend LokyBackend with 8 concurrent workers.
[Parallel(n_jobs=8)]: Done   7 out of  11 | elapsed:    0.0s remaining:    0.0s
[Parallel(n_jobs=8)]: Done  11 out of  11 | elapsed:    0.1s finished
[Parallel(n_jobs=8)]: Using backend LokyBackend with 8 concurrent workers.
[Parallel(n_jobs=8)]: Done  12 tasks      | elapsed:    0.3s
[Parallel(n_jobs=8)]: Done  55 out of  55 | elapsed:    1.2s finished
[Parallel(n_jobs=8)]: Using backend LokyBackend with 8 concurrent workers.
[Parallel(n_jobs=8)]: Done   7 out of  11 | elapsed:    0.0s remaining:    0.0s
[Parallel(n_jobs=8)]: Done  11 out of  11 | elapsed:    0.1s finished
[Parallel(n_jobs=8)]: Using backend LokyBackend with 8 concurrent workers.
[Parallel(n_jobs=8)]: Done  12 tasks      | elapsed:    0.3s
[Parallel(n_jobs=8)]: Done  55 out of  55 | elapsed:    1.2s finished
[Parallel(n_jobs=8)]: Using backend LokyBackend with 8 concurrent workers.
[Parallel(n_jobs=8)]: Done   7 out of  11 | elapsed:    0.0s remaining:    0.0s
[Parallel(n_jobs=8)]: Done  11 out of  11 | elapsed:    0.1s finished
[Parallel(n_jobs=8)]: Using backend LokyBackend with 8 concurrent workers.
[Parallel(n_jobs=8)]: Done  12 tasks      | elapsed:    0.3s
[Parallel(n_jobs=8)]: Done  55 out of  55 | elapsed:    1.2s finished
[Parallel(n_jobs=8)]: Using backend LokyBackend with 8 concurrent workers.
[Parallel(n_jobs=8)]: Done   7 out of  11 | elapsed:    0.0s remaining:    0.0s
[Parallel(n_jobs=8)]: Done  11 out of  11 | elapsed:    0.0s finished
[Parallel(n_jobs=8)]: Using backend LokyBackend with 8 concurrent workers.
[Parallel(n_jobs=8)]: Done  12 tasks      | elapsed:    0.3s
[Parallel(n_jobs=8)]: Done  55 out of  55 | elapsed:    1.2s finished
[Parallel(n_jobs=8)]: Using backend LokyBackend with 8 concurrent workers.
[Parallel(n_jobs=8)]: Done   7 out of  11 | elapsed:    0.0s remaining:    0.0s
[Parallel(n_jobs=8)]: Done  11 out of  11 | elapsed:    0.1s finished
[Parallel(n_jobs=8)]: Using backend LokyBackend with 8 concurrent workers.
[Parallel(n_jobs=8)]: Done  12 tasks      | elapsed:    0.3s
[Parallel(n_jobs=8)]: Done  55 out of  55 | elapsed:    1.2s finished
[Parallel(n_jobs=8)]: Using backend LokyBackend with 8 concurrent workers.
[Parallel(n_jobs=8)]: Done   7 out of  11 | elapsed:    0.0s remaining:    0.0s
[Parallel(n_jobs=8)]: Done  11 out of  11 | elapsed:    0.1s finished
[Parallel(n_jobs=8)]: Using backend LokyBackend with 8 concurrent workers.
[Parallel(n_jobs=8)]: Done  12 tasks      | elapsed:    0.3s
[Parallel(n_jobs=8)]: Done  55 out of  55 | elapsed:    1.2s finished
[Parallel(n_jobs=8)]: Using backend LokyBackend with 8 concurrent workers.
[Parallel(n_jobs=8)]: Done   7 out of  11 | elapsed:    0.0s remaining:    0.0s
[Parallel(n_jobs=8)]: Done  11 out of  11 | elapsed:    0.1s finished
[Parallel(n_jobs=8)]: Using backend LokyBackend with 8 concurrent workers.
[Parallel(n_jobs=8)]: Done  12 tasks      | elapsed:    0.3s
[Parallel(n_jobs=8)]: Done  55 out of  55 | elapsed:    1.2s finished
[Parallel(n_jobs=8)]: Using backend LokyBackend with 8 concurrent workers.
[Parallel(n_jobs=8)]: Done   7 out of  11 | elapsed:    0.0s remaining:    0.0s
[Parallel(n_jobs=8)]: Done  11 out of  11 | elapsed:    0.1s finished
[Parallel(n_jobs=8)]: Using backend LokyBackend with 8 concurrent workers.
[Parallel(n_jobs=8)]: Done  12 tasks      | elapsed:    0.3s
[Parallel(n_jobs=8)]: Done  55 out of  55 | elapsed:    1.2s finished
[Parallel(n_jobs=8)]: Using backend LokyBackend with 8 concurrent workers.
[Parallel(n_jobs=8)]: Done   7 out of  11 | elapsed:    0.0s remaining:    0.0s
[Parallel(n_jobs=8)]: Done  11 out of  11 | elapsed:    0.1s finished
[Parallel(n_jobs=8)]: Using backend LokyBackend with 8 concurrent workers.
[Parallel(n_jobs=8)]: Done  12 tasks      | elapsed:    0.3s
[Parallel(n_jobs=8)]: Done  55 out of  55 | elapsed:    1.2s finished
[Parallel(n_jobs=8)]: Using backend LokyBackend with 8 concurrent workers.
[Parallel(n_jobs=8)]: Done   7 out of  11 | elapsed:    0.0s remaining:    0.0s
[Parallel(n_jobs=8)]: Done  11 out of  11 | elapsed:    0.1s finished
[Parallel(n_jobs=8)]: Using backend LokyBackend with 8 concurrent workers.
[Parallel(n_jobs=8)]: Done  12 tasks      | elapsed:    0.3s
[Parallel(n_jobs=8)]: Done  55 out of  55 | elapsed:    1.2s finished
[Parallel(n_jobs=8)]: Using backend LokyBackend with 8 concurrent workers.
[Parallel(n_jobs=8)]: Done   7 out of  11 | elapsed:    0.0s remaining:    0.0s
[Parallel(n_jobs=8)]: Done  11 out of  11 | elapsed:    0.1s finished
[Parallel(n_jobs=8)]: Using backend LokyBackend with 8 concurrent workers.
[Parallel(n_jobs=8)]: Done  12 tasks      | elapsed:    0.3s
[Parallel(n_jobs=8)]: Done  55 out of  55 | elapsed:    1.2s finished
[Parallel(n_jobs=8)]: Using backend LokyBackend with 8 concurrent workers.
[Parallel(n_jobs=8)]: Done   7 out of  11 | elapsed:    0.0s remaining:    0.0s
[Parallel(n_jobs=8)]: Done  11 out of  11 | elapsed:    0.1s finished
[Parallel(n_jobs=8)]: Using backend LokyBackend with 8 concurrent workers.
[Parallel(n_jobs=8)]: Done  12 tasks      | elapsed:    0.3s
[Parallel(n_jobs=8)]: Done  55 out of  55 | elapsed:    1.2s finished
[Parallel(n_jobs=8)]: Using backend LokyBackend with 8 concurrent workers.
[Parallel(n_jobs=8)]: Done   7 out of  11 | elapsed:    0.0s remaining:    0.0s
[Parallel(n_jobs=8)]: Done  11 out of  11 | elapsed:    0.1s finished
[Parallel(n_jobs=8)]: Using backend LokyBackend with 8 concurrent workers.
[Parallel(n_jobs=8)]: Done  12 tasks      | elapsed:    0.3s
[Parallel(n_jobs=8)]: Done  55 out of  55 | elapsed:    1.2s finished
[Parallel(n_jobs=8)]: Using backend LokyBackend with 8 concurrent workers.
[Parallel(n_jobs=8)]: Done   7 out of  11 | elapsed:    0.0s remaining:    0.0s
[Parallel(n_jobs=8)]: Done  11 out of  11 | elapsed:    0.1s finished
[Parallel(n_jobs=8)]: Using backend LokyBackend with 8 concurrent workers.
[Parallel(n_jobs=8)]: Done  12 tasks      | elapsed:    0.3s
[Parallel(n_jobs=8)]: Done  55 out of  55 | elapsed:    1.2s finished
[Parallel(n_jobs=8)]: Using backend LokyBackend with 8 concurrent workers.
[Parallel(n_jobs=8)]: Done   7 out of  11 | elapsed:    0.0s remaining:    0.0s
[Parallel(n_jobs=8)]: Done  11 out of  11 | elapsed:    0.1s finished
[Parallel(n_jobs=8)]: Using backend LokyBackend with 8 concurrent workers.
[Parallel(n_jobs=8)]: Done  12 tasks      | elapsed:    0.3s
[Parallel(n_jobs=8)]: Done  55 out of  55 | elapsed:    1.2s finished
[Parallel(n_jobs=8)]: Using backend LokyBackend with 8 concurrent workers.
[Parallel(n_jobs=8)]: Done   7 out of  11 | elapsed:    0.0s remaining:    0.0s
[Parallel(n_jobs=8)]: Done  11 out of  11 | elapsed:    0.0s finished
[Parallel(n_jobs=8)]: Using backend LokyBackend with 8 concurrent workers.
[Parallel(n_jobs=8)]: Done  12 tasks      | elapsed:    0.3s
[Parallel(n_jobs=8)]: Done  55 out of  55 | elapsed:    1.1s finished
[Parallel(n_jobs=8)]: Using backend LokyBackend with 8 concurrent workers.
[Parallel(n_jobs=8)]: Done   7 out of  11 | elapsed:    0.0s remaining:    0.0s
[Parallel(n_jobs=8)]: Done  11 out of  11 | elapsed:    0.0s finished
[Parallel(n_jobs=8)]: Using backend LokyBackend with 8 concurrent workers.
[Parallel(n_jobs=8)]: Done  12 tasks      | elapsed:    0.3s
[Parallel(n_jobs=8)]: Done  55 out of  55 | elapsed:    1.1s finished
[Parallel(n_jobs=8)]: Using backend LokyBackend with 8 concurrent workers.
[Parallel(n_jobs=8)]: Done   7 out of  11 | elapsed:    0.0s remaining:    0.0s
[Parallel(n_jobs=8)]: Done  11 out of  11 | elapsed:    0.0s finished
[Parallel(n_jobs=8)]: Using backend LokyBackend with 8 concurrent workers.
[Parallel(n_jobs=8)]: Done  12 tasks      | elapsed:    0.3s
[Parallel(n_jobs=8)]: Done  55 out of  55 | elapsed:    1.2s finished
[Parallel(n_jobs=8)]: Using backend LokyBackend with 8 concurrent workers.
[Parallel(n_jobs=8)]: Done   7 out of  11 | elapsed:    0.0s remaining:    0.0s
[Parallel(n_jobs=8)]: Done  11 out of  11 | elapsed:    0.1s finished
[Parallel(n_jobs=8)]: Using backend LokyBackend with 8 concurrent workers.
[Parallel(n_jobs=8)]: Done  12 tasks      | elapsed:    0.3s
[Parallel(n_jobs=8)]: Done  55 out of  55 | elapsed:    1.1s finished
[Parallel(n_jobs=8)]: Using backend LokyBackend with 8 concurrent workers.
[Parallel(n_jobs=8)]: Done   7 out of  11 | elapsed:    0.0s remaining:    0.0s
[Parallel(n_jobs=8)]: Done  11 out of  11 | elapsed:    0.1s finished
[Parallel(n_jobs=8)]: Using backend LokyBackend with 8 concurrent workers.
[Parallel(n_jobs=8)]: Done  12 tasks      | elapsed:    0.3s
[Parallel(n_jobs=8)]: Done  55 out of  55 | elapsed:    1.2s finished
[Parallel(n_jobs=8)]: Using backend LokyBackend with 8 concurrent workers.
[Parallel(n_jobs=8)]: Done   7 out of  11 | elapsed:    0.0s remaining:    0.0s
[Parallel(n_jobs=8)]: Done  11 out of  11 | elapsed:    0.1s finished
[Parallel(n_jobs=8)]: Using backend LokyBackend with 8 concurrent workers.
[Parallel(n_jobs=8)]: Done  12 tasks      | elapsed:    0.3s
[Parallel(n_jobs=8)]: Done  55 out of  55 | elapsed:    1.2s finished
[Parallel(n_jobs=8)]: Using backend LokyBackend with 8 concurrent workers.
[Parallel(n_jobs=8)]: Done   7 out of  11 | elapsed:    0.0s remaining:    0.0s
[Parallel(n_jobs=8)]: Done  11 out of  11 | elapsed:    0.0s finished
[Parallel(n_jobs=8)]: Using backend LokyBackend with 8 concurrent workers.
[Parallel(n_jobs=8)]: Done  12 tasks      | elapsed:    0.3s
[Parallel(n_jobs=8)]: Done  55 out of  55 | elapsed:    1.2s finished
[Parallel(n_jobs=8)]: Using backend LokyBackend with 8 concurrent workers.
[Parallel(n_jobs=8)]: Done   7 out of  11 | elapsed:    0.0s remaining:    0.0s
[Parallel(n_jobs=8)]: Done  11 out of  11 | elapsed:    0.1s finished
[Parallel(n_jobs=8)]: Using backend LokyBackend with 8 concurrent workers.
[Parallel(n_jobs=8)]: Done  12 tasks      | elapsed:    0.3s
[Parallel(n_jobs=8)]: Done  55 out of  55 | elapsed:    1.2s finished
[Parallel(n_jobs=8)]: Using backend LokyBackend with 8 concurrent workers.
[Parallel(n_jobs=8)]: Done   7 out of  11 | elapsed:    0.0s remaining:    0.0s
[Parallel(n_jobs=8)]: Done  11 out of  11 | elapsed:    0.1s finished
[Parallel(n_jobs=8)]: Using backend LokyBackend with 8 concurrent workers.
[Parallel(n_jobs=8)]: Done  12 tasks      | elapsed:    0.3s
[Parallel(n_jobs=8)]: Done  55 out of  55 | elapsed:    1.2s finished
[Parallel(n_jobs=8)]: Using backend LokyBackend with 8 concurrent workers.
[Parallel(n_jobs=8)]: Done   7 out of  11 | elapsed:    0.0s remaining:    0.0s
[Parallel(n_jobs=8)]: Done  11 out of  11 | elapsed:    0.1s finished
[Parallel(n_jobs=8)]: Using backend LokyBackend with 8 concurrent workers.
[Parallel(n_jobs=8)]: Done  12 tasks      | elapsed:    0.3s
[Parallel(n_jobs=8)]: Done  55 out of  55 | elapsed:    1.2s finished
[Parallel(n_jobs=8)]: Using backend LokyBackend with 8 concurrent workers.
[Parallel(n_jobs=8)]: Done   7 out of  11 | elapsed:    0.0s remaining:    0.0s
[Parallel(n_jobs=8)]: Done  11 out of  11 | elapsed:    0.1s finished
[Parallel(n_jobs=8)]: Using backend LokyBackend with 8 concurrent workers.
[Parallel(n_jobs=8)]: Done  12 tasks      | elapsed:    0.3s
[Parallel(n_jobs=8)]: Done  55 out of  55 | elapsed:    1.1s finished
[Parallel(n_jobs=8)]: Using backend LokyBackend with 8 concurrent workers.
[Parallel(n_jobs=8)]: Done   7 out of  11 | elapsed:    0.0s remaining:    0.0s
[Parallel(n_jobs=8)]: Done  11 out of  11 | elapsed:    0.1s finished
[Parallel(n_jobs=8)]: Using backend LokyBackend with 8 concurrent workers.
[Parallel(n_jobs=8)]: Done  12 tasks      | elapsed:    0.3s
[Parallel(n_jobs=8)]: Done  55 out of  55 | elapsed:    1.1s finished
[Parallel(n_jobs=8)]: Using backend LokyBackend with 8 concurrent workers.
[Parallel(n_jobs=8)]: Done   7 out of  11 | elapsed:    0.0s remaining:    0.0s
[Parallel(n_jobs=8)]: Done  11 out of  11 | elapsed:    0.0s finished
[Parallel(n_jobs=8)]: Using backend LokyBackend with 8 concurrent workers.
[Parallel(n_jobs=8)]: Done  12 tasks      | elapsed:    0.3s
[Parallel(n_jobs=8)]: Done  55 out of  55 | elapsed:    1.1s finished
[Parallel(n_jobs=8)]: Using backend LokyBackend with 8 concurrent workers.
[Parallel(n_jobs=8)]: Done   7 out of  11 | elapsed:    0.0s remaining:    0.0s
[Parallel(n_jobs=8)]: Done  11 out of  11 | elapsed:    0.1s finished
[Parallel(n_jobs=8)]: Using backend LokyBackend with 8 concurrent workers.
[Parallel(n_jobs=8)]: Done  12 tasks      | elapsed:    0.3s
[Parallel(n_jobs=8)]: Done  55 out of  55 | elapsed:    1.2s finished
[Parallel(n_jobs=8)]: Using backend LokyBackend with 8 concurrent workers.
[Parallel(n_jobs=8)]: Done   7 out of  11 | elapsed:    0.0s remaining:    0.0s
[Parallel(n_jobs=8)]: Done  11 out of  11 | elapsed:    0.0s finished
[Parallel(n_jobs=8)]: Using backend LokyBackend with 8 concurrent workers.
[Parallel(n_jobs=8)]: Done  12 tasks      | elapsed:    0.3s
[Parallel(n_jobs=8)]: Done  55 out of  55 | elapsed:    1.2s finished
[Parallel(n_jobs=8)]: Using backend LokyBackend with 8 concurrent workers.
[Parallel(n_jobs=8)]: Done   7 out of  11 | elapsed:    0.0s remaining:    0.0s
[Parallel(n_jobs=8)]: Done  11 out of  11 | elapsed:    0.1s finished
[Parallel(n_jobs=8)]: Using backend LokyBackend with 8 concurrent workers.
[Parallel(n_jobs=8)]: Done  12 tasks      | elapsed:    0.3s
[Parallel(n_jobs=8)]: Done  55 out of  55 | elapsed:    1.2s finished
[Parallel(n_jobs=8)]: Using backend LokyBackend with 8 concurrent workers.
[Parallel(n_jobs=8)]: Done   7 out of  11 | elapsed:    0.0s remaining:    0.0s
[Parallel(n_jobs=8)]: Done  11 out of  11 | elapsed:    0.0s finished
[Parallel(n_jobs=8)]: Using backend LokyBackend with 8 concurrent workers.
[Parallel(n_jobs=8)]: Done  12 tasks      | elapsed:    0.3s
[Parallel(n_jobs=8)]: Done  55 out of  55 | elapsed:    1.2s finished
[Parallel(n_jobs=8)]: Using backend LokyBackend with 8 concurrent workers.
[Parallel(n_jobs=8)]: Done   7 out of  11 | elapsed:    0.0s remaining:    0.0s
[Parallel(n_jobs=8)]: Done  11 out of  11 | elapsed:    0.1s finished
[Parallel(n_jobs=8)]: Using backend LokyBackend with 8 concurrent workers.
[Parallel(n_jobs=8)]: Done  12 tasks      | elapsed:    0.3s
[Parallel(n_jobs=8)]: Done  55 out of  55 | elapsed:    1.2s finished
[Parallel(n_jobs=8)]: Using backend LokyBackend with 8 concurrent workers.
[Parallel(n_jobs=8)]: Done   7 out of  11 | elapsed:    0.0s remaining:    0.0s
[Parallel(n_jobs=8)]: Done  11 out of  11 | elapsed:    0.1s finished
[Parallel(n_jobs=8)]: Using backend LokyBackend with 8 concurrent workers.
[Parallel(n_jobs=8)]: Done  12 tasks      | elapsed:    0.3s
[Parallel(n_jobs=8)]: Done  55 out of  55 | elapsed:    1.1s finished
[Parallel(n_jobs=8)]: Using backend LokyBackend with 8 concurrent workers.
[Parallel(n_jobs=8)]: Done   7 out of  11 | elapsed:    0.0s remaining:    0.0s
[Parallel(n_jobs=8)]: Done  11 out of  11 | elapsed:    0.1s finished
[Parallel(n_jobs=8)]: Using backend LokyBackend with 8 concurrent workers.
[Parallel(n_jobs=8)]: Done  12 tasks      | elapsed:    0.3s
[Parallel(n_jobs=8)]: Done  55 out of  55 | elapsed:    1.2s finished
[Parallel(n_jobs=8)]: Using backend LokyBackend with 8 concurrent workers.
[Parallel(n_jobs=8)]: Done   7 out of  11 | elapsed:    0.0s remaining:    0.0s
[Parallel(n_jobs=8)]: Done  11 out of  11 | elapsed:    0.1s finished
[Parallel(n_jobs=8)]: Using backend LokyBackend with 8 concurrent workers.
[Parallel(n_jobs=8)]: Done  12 tasks      | elapsed:    0.3s
[Parallel(n_jobs=8)]: Done  55 out of  55 | elapsed:    1.2s finished
[Parallel(n_jobs=8)]: Using backend LokyBackend with 8 concurrent workers.
[Parallel(n_jobs=8)]: Done   7 out of  11 | elapsed:    0.0s remaining:    0.0s
[Parallel(n_jobs=8)]: Done  11 out of  11 | elapsed:    0.1s finished
[Parallel(n_jobs=8)]: Using backend LokyBackend with 8 concurrent workers.
[Parallel(n_jobs=8)]: Done  12 tasks      | elapsed:    0.3s
[Parallel(n_jobs=8)]: Done  55 out of  55 | elapsed:    1.1s finished
[Parallel(n_jobs=8)]: Using backend LokyBackend with 8 concurrent workers.
[Parallel(n_jobs=8)]: Done   7 out of  11 | elapsed:    0.0s remaining:    0.0s
[Parallel(n_jobs=8)]: Done  11 out of  11 | elapsed:    0.1s finished
[Parallel(n_jobs=8)]: Using backend LokyBackend with 8 concurrent workers.
[Parallel(n_jobs=8)]: Done  12 tasks      | elapsed:    0.3s
[Parallel(n_jobs=8)]: Done  55 out of  55 | elapsed:    1.2s finished
[Parallel(n_jobs=8)]: Using backend LokyBackend with 8 concurrent workers.
[Parallel(n_jobs=8)]: Done   7 out of  11 | elapsed:    0.0s remaining:    0.0s
[Parallel(n_jobs=8)]: Done  11 out of  11 | elapsed:    0.1s finished
[Parallel(n_jobs=8)]: Using backend LokyBackend with 8 concurrent workers.
[Parallel(n_jobs=8)]: Done  12 tasks      | elapsed:    0.3s
[Parallel(n_jobs=8)]: Done  55 out of  55 | elapsed:    1.1s finished
[Parallel(n_jobs=8)]: Using backend LokyBackend with 8 concurrent workers.
[Parallel(n_jobs=8)]: Done   7 out of  11 | elapsed:    0.0s remaining:    0.0s
[Parallel(n_jobs=8)]: Done  11 out of  11 | elapsed:    0.1s finished
[Parallel(n_jobs=8)]: Using backend LokyBackend with 8 concurrent workers.
[Parallel(n_jobs=8)]: Done  12 tasks      | elapsed:    0.3s
[Parallel(n_jobs=8)]: Done  55 out of  55 | elapsed:    1.1s finished
[Parallel(n_jobs=8)]: Using backend LokyBackend with 8 concurrent workers.
[Parallel(n_jobs=8)]: Done   7 out of  11 | elapsed:    0.0s remaining:    0.0s
[Parallel(n_jobs=8)]: Done  11 out of  11 | elapsed:    0.1s finished
[Parallel(n_jobs=8)]: Using backend LokyBackend with 8 concurrent workers.
[Parallel(n_jobs=8)]: Done  12 tasks      | elapsed:    0.3s
[Parallel(n_jobs=8)]: Done  55 out of  55 | elapsed:    1.1s finished
[Parallel(n_jobs=8)]: Using backend LokyBackend with 8 concurrent workers.
[Parallel(n_jobs=8)]: Done   7 out of  11 | elapsed:    0.0s remaining:    0.0s
[Parallel(n_jobs=8)]: Done  11 out of  11 | elapsed:    0.1s finished
[Parallel(n_jobs=8)]: Using backend LokyBackend with 8 concurrent workers.
[Parallel(n_jobs=8)]: Done  12 tasks      | elapsed:    0.3s
[Parallel(n_jobs=8)]: Done  55 out of  55 | elapsed:    1.2s finished
[Parallel(n_jobs=8)]: Using backend LokyBackend with 8 concurrent workers.
[Parallel(n_jobs=8)]: Done   7 out of  11 | elapsed:    0.0s remaining:    0.0s
[Parallel(n_jobs=8)]: Done  11 out of  11 | elapsed:    0.1s finished
[Parallel(n_jobs=8)]: Using backend LokyBackend with 8 concurrent workers.
[Parallel(n_jobs=8)]: Done  12 tasks      | elapsed:    0.3s
[Parallel(n_jobs=8)]: Done  55 out of  55 | elapsed:    1.2s finished
[Parallel(n_jobs=8)]: Using backend LokyBackend with 8 concurrent workers.
[Parallel(n_jobs=8)]: Done   7 out of  11 | elapsed:    0.0s remaining:    0.0s
[Parallel(n_jobs=8)]: Done  11 out of  11 | elapsed:    0.1s finished
[Parallel(n_jobs=8)]: Using backend LokyBackend with 8 concurrent workers.
[Parallel(n_jobs=8)]: Done  12 tasks      | elapsed:    0.3s
[Parallel(n_jobs=8)]: Done  55 out of  55 | elapsed:    1.1s finished
[Parallel(n_jobs=8)]: Using backend LokyBackend with 8 concurrent workers.
[Parallel(n_jobs=8)]: Done   7 out of  11 | elapsed:    0.0s remaining:    0.0s
[Parallel(n_jobs=8)]: Done  11 out of  11 | elapsed:    0.1s finished
[Parallel(n_jobs=8)]: Using backend LokyBackend with 8 concurrent workers.
[Parallel(n_jobs=8)]: Done  12 tasks      | elapsed:    0.3s
[Parallel(n_jobs=8)]: Done  55 out of  55 | elapsed:    1.1s finished
[Parallel(n_jobs=8)]: Using backend LokyBackend with 8 concurrent workers.
[Parallel(n_jobs=8)]: Done   7 out of  11 | elapsed:    0.0s remaining:    0.0s
[Parallel(n_jobs=8)]: Done  11 out of  11 | elapsed:    0.0s finished
[Parallel(n_jobs=8)]: Using backend LokyBackend with 8 concurrent workers.
[Parallel(n_jobs=8)]: Done  12 tasks      | elapsed:    0.3s
[Parallel(n_jobs=8)]: Done  55 out of  55 | elapsed:    1.2s finished
[Parallel(n_jobs=8)]: Using backend LokyBackend with 8 concurrent workers.
[Parallel(n_jobs=8)]: Done   7 out of  11 | elapsed:    0.0s remaining:    0.0s
[Parallel(n_jobs=8)]: Done  11 out of  11 | elapsed:    0.1s finished
[Parallel(n_jobs=8)]: Using backend LokyBackend with 8 concurrent workers.
[Parallel(n_jobs=8)]: Done  12 tasks      | elapsed:    0.3s
[Parallel(n_jobs=8)]: Done  55 out of  55 | elapsed:    1.2s finished
[Parallel(n_jobs=8)]: Using backend LokyBackend with 8 concurrent workers.
[Parallel(n_jobs=8)]: Done   7 out of  11 | elapsed:    0.0s remaining:    0.0s
[Parallel(n_jobs=8)]: Done  11 out of  11 | elapsed:    0.1s finished
[Parallel(n_jobs=8)]: Using backend LokyBackend with 8 concurrent workers.
[Parallel(n_jobs=8)]: Done  12 tasks      | elapsed:    0.3s
[Parallel(n_jobs=8)]: Done  55 out of  55 | elapsed:    1.2s finished
[Parallel(n_jobs=8)]: Using backend LokyBackend with 8 concurrent workers.
[Parallel(n_jobs=8)]: Done   7 out of  11 | elapsed:    0.0s remaining:    0.0s
[Parallel(n_jobs=8)]: Done  11 out of  11 | elapsed:    0.1s finished
[Parallel(n_jobs=8)]: Using backend LokyBackend with 8 concurrent workers.
[Parallel(n_jobs=8)]: Done  12 tasks      | elapsed:    0.3s
[Parallel(n_jobs=8)]: Done  55 out of  55 | elapsed:    1.2s finished
[Parallel(n_jobs=8)]: Using backend LokyBackend with 8 concurrent workers.
[Parallel(n_jobs=8)]: Done   7 out of  11 | elapsed:    0.0s remaining:    0.0s
[Parallel(n_jobs=8)]: Done  11 out of  11 | elapsed:    0.1s finished
[Parallel(n_jobs=8)]: Using backend LokyBackend with 8 concurrent workers.
[Parallel(n_jobs=8)]: Done  12 tasks      | elapsed:    0.3s
[Parallel(n_jobs=8)]: Done  55 out of  55 | elapsed:    1.2s finished
[Parallel(n_jobs=8)]: Using backend LokyBackend with 8 concurrent workers.
[Parallel(n_jobs=8)]: Done   7 out of  11 | elapsed:    0.0s remaining:    0.0s
[Parallel(n_jobs=8)]: Done  11 out of  11 | elapsed:    0.1s finished
[Parallel(n_jobs=8)]: Using backend LokyBackend with 8 concurrent workers.
[Parallel(n_jobs=8)]: Done  12 tasks      | elapsed:    0.3s
[Parallel(n_jobs=8)]: Done  55 out of  55 | elapsed:    1.1s finished
[Parallel(n_jobs=8)]: Using backend LokyBackend with 8 concurrent workers.
[Parallel(n_jobs=8)]: Done   7 out of  11 | elapsed:    0.0s remaining:    0.0s
[Parallel(n_jobs=8)]: Done  11 out of  11 | elapsed:    0.1s finished
[Parallel(n_jobs=8)]: Using backend LokyBackend with 8 concurrent workers.
[Parallel(n_jobs=8)]: Done  12 tasks      | elapsed:    0.3s
[Parallel(n_jobs=8)]: Done  55 out of  55 | elapsed:    1.2s finished
[Parallel(n_jobs=8)]: Using backend LokyBackend with 8 concurrent workers.
[Parallel(n_jobs=8)]: Done   7 out of  11 | elapsed:    0.0s remaining:    0.0s
[Parallel(n_jobs=8)]: Done  11 out of  11 | elapsed:    0.1s finished
[Parallel(n_jobs=8)]: Using backend LokyBackend with 8 concurrent workers.
[Parallel(n_jobs=8)]: Done  12 tasks      | elapsed:    0.3s
[Parallel(n_jobs=8)]: Done  55 out of  55 | elapsed:    1.2s finished
[Parallel(n_jobs=8)]: Using backend LokyBackend with 8 concurrent workers.
[Parallel(n_jobs=8)]: Done   7 out of  11 | elapsed:    0.0s remaining:    0.0s
[Parallel(n_jobs=8)]: Done  11 out of  11 | elapsed:    0.1s finished
[Parallel(n_jobs=8)]: Using backend LokyBackend with 8 concurrent workers.
[Parallel(n_jobs=8)]: Done  12 tasks      | elapsed:    0.3s
[Parallel(n_jobs=8)]: Done  55 out of  55 | elapsed:    1.2s finished
[Parallel(n_jobs=8)]: Using backend LokyBackend with 8 concurrent workers.
[Parallel(n_jobs=8)]: Done   7 out of  11 | elapsed:    0.0s remaining:    0.0s
[Parallel(n_jobs=8)]: Done  11 out of  11 | elapsed:    0.1s finished
[Parallel(n_jobs=8)]: Using backend LokyBackend with 8 concurrent workers.
[Parallel(n_jobs=8)]: Done  12 tasks      | elapsed:    0.3s
[Parallel(n_jobs=8)]: Done  55 out of  55 | elapsed:    1.1s finished
[Parallel(n_jobs=8)]: Using backend LokyBackend with 8 concurrent workers.
[Parallel(n_jobs=8)]: Done   7 out of  11 | elapsed:    0.0s remaining:    0.0s
[Parallel(n_jobs=8)]: Done  11 out of  11 | elapsed:    0.1s finished
[Parallel(n_jobs=8)]: Using backend LokyBackend with 8 concurrent workers.
[Parallel(n_jobs=8)]: Done  12 tasks      | elapsed:    0.3s
[Parallel(n_jobs=8)]: Done  55 out of  55 | elapsed:    1.2s finished
[Parallel(n_jobs=8)]: Using backend LokyBackend with 8 concurrent workers.
[Parallel(n_jobs=8)]: Done   7 out of  11 | elapsed:    0.0s remaining:    0.0s
[Parallel(n_jobs=8)]: Done  11 out of  11 | elapsed:    0.1s finished
[Parallel(n_jobs=8)]: Using backend LokyBackend with 8 concurrent workers.
[Parallel(n_jobs=8)]: Done  12 tasks      | elapsed:    0.3s
[Parallel(n_jobs=8)]: Done  55 out of  55 | elapsed:    1.2s finished
[Parallel(n_jobs=8)]: Using backend LokyBackend with 8 concurrent workers.
[Parallel(n_jobs=8)]: Done   7 out of  11 | elapsed:    0.0s remaining:    0.0s
[Parallel(n_jobs=8)]: Done  11 out of  11 | elapsed:    0.1s finished
[Parallel(n_jobs=8)]: Using backend LokyBackend with 8 concurrent workers.
[Parallel(n_jobs=8)]: Done  12 tasks      | elapsed:    0.3s
[Parallel(n_jobs=8)]: Done  55 out of  55 | elapsed:    1.1s finished
[Parallel(n_jobs=8)]: Using backend LokyBackend with 8 concurrent workers.
[Parallel(n_jobs=8)]: Done   7 out of  11 | elapsed:    0.0s remaining:    0.0s
[Parallel(n_jobs=8)]: Done  11 out of  11 | elapsed:    0.1s finished
[Parallel(n_jobs=8)]: Using backend LokyBackend with 8 concurrent workers.
[Parallel(n_jobs=8)]: Done  12 tasks      | elapsed:    0.3s
[Parallel(n_jobs=8)]: Done  55 out of  55 | elapsed:    1.1s finished
[Parallel(n_jobs=8)]: Using backend LokyBackend with 8 concurrent workers.
[Parallel(n_jobs=8)]: Done   7 out of  11 | elapsed:    0.1s remaining:    0.0s
[Parallel(n_jobs=8)]: Done  11 out of  11 | elapsed:    0.1s finished
[Parallel(n_jobs=8)]: Using backend LokyBackend with 8 concurrent workers.
[Parallel(n_jobs=8)]: Done  12 tasks      | elapsed:    0.3s
[Parallel(n_jobs=8)]: Done  55 out of  55 | elapsed:    1.2s finished
[Parallel(n_jobs=8)]: Using backend LokyBackend with 8 concurrent workers.
[Parallel(n_jobs=8)]: Done   7 out of  11 | elapsed:    0.0s remaining:    0.0s
[Parallel(n_jobs=8)]: Done  11 out of  11 | elapsed:    0.1s finished
[Parallel(n_jobs=8)]: Using backend LokyBackend with 8 concurrent workers.
[Parallel(n_jobs=8)]: Done  12 tasks      | elapsed:    0.3s
[Parallel(n_jobs=8)]: Done  55 out of  55 | elapsed:    1.2s finished
[Parallel(n_jobs=8)]: Using backend LokyBackend with 8 concurrent workers.
[Parallel(n_jobs=8)]: Done   7 out of  11 | elapsed:    0.0s remaining:    0.0s
[Parallel(n_jobs=8)]: Done  11 out of  11 | elapsed:    0.1s finished
[Parallel(n_jobs=8)]: Using backend LokyBackend with 8 concurrent workers.
[Parallel(n_jobs=8)]: Done  12 tasks      | elapsed:    0.3s
[Parallel(n_jobs=8)]: Done  55 out of  55 | elapsed:    1.2s finished
[Parallel(n_jobs=8)]: Using backend LokyBackend with 8 concurrent workers.
[Parallel(n_jobs=8)]: Done   7 out of  11 | elapsed:    0.0s remaining:    0.0s
[Parallel(n_jobs=8)]: Done  11 out of  11 | elapsed:    0.1s finished
[Parallel(n_jobs=8)]: Using backend LokyBackend with 8 concurrent workers.
[Parallel(n_jobs=8)]: Done  12 tasks      | elapsed:    0.3s
[Parallel(n_jobs=8)]: Done  55 out of  55 | elapsed:    1.2s finished
[Parallel(n_jobs=8)]: Using backend LokyBackend with 8 concurrent workers.
[Parallel(n_jobs=8)]: Done   7 out of  11 | elapsed:    0.0s remaining:    0.0s
[Parallel(n_jobs=8)]: Done  11 out of  11 | elapsed:    0.1s finished
[Parallel(n_jobs=8)]: Using backend LokyBackend with 8 concurrent workers.
[Parallel(n_jobs=8)]: Done  12 tasks      | elapsed:    0.3s
[Parallel(n_jobs=8)]: Done  55 out of  55 | elapsed:    1.2s finished
[Parallel(n_jobs=8)]: Using backend LokyBackend with 8 concurrent workers.
[Parallel(n_jobs=8)]: Done   7 out of  11 | elapsed:    0.0s remaining:    0.0s
[Parallel(n_jobs=8)]: Done  11 out of  11 | elapsed:    0.1s finished
[Parallel(n_jobs=8)]: Using backend LokyBackend with 8 concurrent workers.
[Parallel(n_jobs=8)]: Done  12 tasks      | elapsed:    0.3s
[Parallel(n_jobs=8)]: Done  55 out of  55 | elapsed:    1.2s finished
[Parallel(n_jobs=8)]: Using backend LokyBackend with 8 concurrent workers.
[Parallel(n_jobs=8)]: Done   7 out of  11 | elapsed:    0.0s remaining:    0.0s
[Parallel(n_jobs=8)]: Done  11 out of  11 | elapsed:    0.1s finished
[Parallel(n_jobs=8)]: Using backend LokyBackend with 8 concurrent workers.
[Parallel(n_jobs=8)]: Done  12 tasks      | elapsed:    0.3s
[Parallel(n_jobs=8)]: Done  55 out of  55 | elapsed:    1.2s finished
[Parallel(n_jobs=8)]: Using backend LokyBackend with 8 concurrent workers.
[Parallel(n_jobs=8)]: Done   7 out of  11 | elapsed:    0.0s remaining:    0.0s
[Parallel(n_jobs=8)]: Done  11 out of  11 | elapsed:    0.1s finished
[Parallel(n_jobs=8)]: Using backend LokyBackend with 8 concurrent workers.
[Parallel(n_jobs=8)]: Done  12 tasks      | elapsed:    0.3s
[Parallel(n_jobs=8)]: Done  55 out of  55 | elapsed:    1.1s finished
[Parallel(n_jobs=8)]: Using backend LokyBackend with 8 concurrent workers.
[Parallel(n_jobs=8)]: Done   7 out of  11 | elapsed:    0.0s remaining:    0.0s
[Parallel(n_jobs=8)]: Done  11 out of  11 | elapsed:    0.1s finished
[Parallel(n_jobs=8)]: Using backend LokyBackend with 8 concurrent workers.
[Parallel(n_jobs=8)]: Done  12 tasks      | elapsed:    0.3s
[Parallel(n_jobs=8)]: Done  55 out of  55 | elapsed:    1.2s finished
[Parallel(n_jobs=8)]: Using backend LokyBackend with 8 concurrent workers.
[Parallel(n_jobs=8)]: Done   7 out of  11 | elapsed:    0.0s remaining:    0.0s
[Parallel(n_jobs=8)]: Done  11 out of  11 | elapsed:    0.1s finished
[Parallel(n_jobs=8)]: Using backend LokyBackend with 8 concurrent workers.
[Parallel(n_jobs=8)]: Done  12 tasks      | elapsed:    0.3s
[Parallel(n_jobs=8)]: Done  55 out of  55 | elapsed:    1.1s finished
[Parallel(n_jobs=8)]: Using backend LokyBackend with 8 concurrent workers.
[Parallel(n_jobs=8)]: Done   7 out of  11 | elapsed:    0.0s remaining:    0.0s
[Parallel(n_jobs=8)]: Done  11 out of  11 | elapsed:    0.0s finished
[Parallel(n_jobs=8)]: Using backend LokyBackend with 8 concurrent workers.
[Parallel(n_jobs=8)]: Done  12 tasks      | elapsed:    0.3s
[Parallel(n_jobs=8)]: Done  55 out of  55 | elapsed:    1.1s finished
[Parallel(n_jobs=8)]: Using backend LokyBackend with 8 concurrent workers.
[Parallel(n_jobs=8)]: Done   7 out of  11 | elapsed:    0.0s remaining:    0.0s
[Parallel(n_jobs=8)]: Done  11 out of  11 | elapsed:    0.1s finished
[Parallel(n_jobs=8)]: Using backend LokyBackend with 8 concurrent workers.
[Parallel(n_jobs=8)]: Done  12 tasks      | elapsed:    0.3s
[Parallel(n_jobs=8)]: Done  55 out of  55 | elapsed:    1.1s finished
[Parallel(n_jobs=8)]: Using backend LokyBackend with 8 concurrent workers.
[Parallel(n_jobs=8)]: Done   7 out of  11 | elapsed:    0.0s remaining:    0.0s
[Parallel(n_jobs=8)]: Done  11 out of  11 | elapsed:    0.0s finished
[Parallel(n_jobs=8)]: Using backend LokyBackend with 8 concurrent workers.
[Parallel(n_jobs=8)]: Done  12 tasks      | elapsed:    0.3s
[Parallel(n_jobs=8)]: Done  55 out of  55 | elapsed:    1.1s finished
[Parallel(n_jobs=8)]: Using backend LokyBackend with 8 concurrent workers.
[Parallel(n_jobs=8)]: Done   7 out of  11 | elapsed:    0.0s remaining:    0.0s
[Parallel(n_jobs=8)]: Done  11 out of  11 | elapsed:    0.1s finished
[Parallel(n_jobs=8)]: Using backend LokyBackend with 8 concurrent workers.
[Parallel(n_jobs=8)]: Done  12 tasks      | elapsed:    0.3s
[Parallel(n_jobs=8)]: Done  55 out of  55 | elapsed:    1.2s finished
[Parallel(n_jobs=8)]: Using backend LokyBackend with 8 concurrent workers.
[Parallel(n_jobs=8)]: Done   7 out of  11 | elapsed:    0.0s remaining:    0.0s
[Parallel(n_jobs=8)]: Done  11 out of  11 | elapsed:    0.1s finished
[Parallel(n_jobs=8)]: Using backend LokyBackend with 8 concurrent workers.
[Parallel(n_jobs=8)]: Done  12 tasks      | elapsed:    0.3s
[Parallel(n_jobs=8)]: Done  55 out of  55 | elapsed:    1.2s finished
