[Parallel(n_jobs=8)]: Using backend LokyBackend with 8 concurrent workers.
[Parallel(n_jobs=8)]: Done  10 tasks      | elapsed:   11.1s
[Parallel(n_jobs=8)]: Done  14 out of  17 | elapsed:   11.1s remaining:    2.4s
[Parallel(n_jobs=8)]: Done  17 out of  17 | elapsed:   11.2s finished
[Parallel(n_jobs=8)]: Using backend LokyBackend with 8 concurrent workers.
[Parallel(n_jobs=8)]: Done  10 tasks      | elapsed:    4.4s
[Parallel(n_jobs=8)]: Done  64 tasks      | elapsed:    7.1s
[Parallel(n_jobs=8)]: Done 136 out of 136 | elapsed:   10.8s finished
[Parallel(n_jobs=8)]: Using backend LokyBackend with 8 concurrent workers.
[Parallel(n_jobs=8)]: Done  10 tasks      | elapsed:    0.1s
[Parallel(n_jobs=8)]: Done  14 out of  17 | elapsed:    0.1s remaining:    0.0s
[Parallel(n_jobs=8)]: Done  17 out of  17 | elapsed:    0.1s finished
[Parallel(n_jobs=8)]: Using backend LokyBackend with 8 concurrent workers.
[Parallel(n_jobs=8)]: Done  12 tasks      | elapsed:    0.5s
[Parallel(n_jobs=8)]: Done 120 tasks      | elapsed:    3.4s
[Parallel(n_jobs=8)]: Done 136 out of 136 | elapsed:    3.8s finished
[Parallel(n_jobs=8)]: Using backend LokyBackend with 8 concurrent workers.
[Parallel(n_jobs=8)]: Done  10 tasks      | elapsed:    0.1s
[Parallel(n_jobs=8)]: Done  14 out of  17 | elapsed:    0.1s remaining:    0.0s
[Parallel(n_jobs=8)]: Done  17 out of  17 | elapsed:    0.1s finished
[Parallel(n_jobs=8)]: Using backend LokyBackend with 8 concurrent workers.
[Parallel(n_jobs=8)]: Done  12 tasks      | elapsed:    0.6s
[Parallel(n_jobs=8)]: Done 120 tasks      | elapsed:    3.4s
[Parallel(n_jobs=8)]: Done 136 out of 136 | elapsed:    3.8s finished
[Parallel(n_jobs=8)]: Using backend LokyBackend with 8 concurrent workers.
[Parallel(n_jobs=8)]: Done  10 tasks      | elapsed:    0.1s
[Parallel(n_jobs=8)]: Done  14 out of  17 | elapsed:    0.1s remaining:    0.0s
[Parallel(n_jobs=8)]: Done  17 out of  17 | elapsed:    0.1s finished
[Parallel(n_jobs=8)]: Using backend LokyBackend with 8 concurrent workers.
[Parallel(n_jobs=8)]: Done  12 tasks      | elapsed:    0.6s
[Parallel(n_jobs=8)]: Done 120 tasks      | elapsed:    3.3s
[Parallel(n_jobs=8)]: Done 136 out of 136 | elapsed:    3.8s finished
[Parallel(n_jobs=8)]: Using backend LokyBackend with 8 concurrent workers.
[Parallel(n_jobs=8)]: Done  10 tasks      | elapsed:    0.1s
[Parallel(n_jobs=8)]: Done  14 out of  17 | elapsed:    0.1s remaining:    0.0s
[Parallel(n_jobs=8)]: Done  17 out of  17 | elapsed:    0.1s finished
[Parallel(n_jobs=8)]: Using backend LokyBackend with 8 concurrent workers.
[Parallel(n_jobs=8)]: Done  12 tasks      | elapsed:    0.5s
[Parallel(n_jobs=8)]: Done 120 tasks      | elapsed:    3.4s
[Parallel(n_jobs=8)]: Done 136 out of 136 | elapsed:    3.8s finished
[Parallel(n_jobs=8)]: Using backend LokyBackend with 8 concurrent workers.
[Parallel(n_jobs=8)]: Done  10 tasks      | elapsed:    0.1s
[Parallel(n_jobs=8)]: Done  14 out of  17 | elapsed:    0.1s remaining:    0.0s
[Parallel(n_jobs=8)]: Done  17 out of  17 | elapsed:    0.1s finished
[Parallel(n_jobs=8)]: Using backend LokyBackend with 8 concurrent workers.
[Parallel(n_jobs=8)]: Done  12 tasks      | elapsed:    0.5s
[Parallel(n_jobs=8)]: Done 120 tasks      | elapsed:    3.4s
[Parallel(n_jobs=8)]: Done 136 out of 136 | elapsed:    3.8s finished
[Parallel(n_jobs=8)]: Using backend LokyBackend with 8 concurrent workers.
[Parallel(n_jobs=8)]: Done  10 tasks      | elapsed:    0.1s
[Parallel(n_jobs=8)]: Done  14 out of  17 | elapsed:    0.1s remaining:    0.0s
[Parallel(n_jobs=8)]: Done  17 out of  17 | elapsed:    0.1s finished
[Parallel(n_jobs=8)]: Using backend LokyBackend with 8 concurrent workers.
[Parallel(n_jobs=8)]: Done  12 tasks      | elapsed:    0.5s
[Parallel(n_jobs=8)]: Done 120 tasks      | elapsed:    3.3s
[Parallel(n_jobs=8)]: Done 136 out of 136 | elapsed:    3.7s finished
[Parallel(n_jobs=8)]: Using backend LokyBackend with 8 concurrent workers.
[Parallel(n_jobs=8)]: Done  10 tasks      | elapsed:    0.1s
[Parallel(n_jobs=8)]: Done  14 out of  17 | elapsed:    0.1s remaining:    0.0s
[Parallel(n_jobs=8)]: Done  17 out of  17 | elapsed:    0.1s finished
[Parallel(n_jobs=8)]: Using backend LokyBackend with 8 concurrent workers.
[Parallel(n_jobs=8)]: Done  12 tasks      | elapsed:    0.5s
[Parallel(n_jobs=8)]: Done 120 tasks      | elapsed:    3.4s
[Parallel(n_jobs=8)]: Done 136 out of 136 | elapsed:    3.8s finished
[Parallel(n_jobs=8)]: Using backend LokyBackend with 8 concurrent workers.
[Parallel(n_jobs=8)]: Done  10 tasks      | elapsed:    0.1s
[Parallel(n_jobs=8)]: Done  14 out of  17 | elapsed:    0.1s remaining:    0.0s
[Parallel(n_jobs=8)]: Done  17 out of  17 | elapsed:    0.1s finished
[Parallel(n_jobs=8)]: Using backend LokyBackend with 8 concurrent workers.
[Parallel(n_jobs=8)]: Done  12 tasks      | elapsed:    0.5s
[Parallel(n_jobs=8)]: Done 120 tasks      | elapsed:    3.3s
[Parallel(n_jobs=8)]: Done 136 out of 136 | elapsed:    3.8s finished
[Parallel(n_jobs=8)]: Using backend LokyBackend with 8 concurrent workers.
[Parallel(n_jobs=8)]: Done  10 tasks      | elapsed:    0.1s
[Parallel(n_jobs=8)]: Done  14 out of  17 | elapsed:    0.1s remaining:    0.0s
[Parallel(n_jobs=8)]: Done  17 out of  17 | elapsed:    0.1s finished
[Parallel(n_jobs=8)]: Using backend LokyBackend with 8 concurrent workers.
[Parallel(n_jobs=8)]: Done  12 tasks      | elapsed:    0.5s
[Parallel(n_jobs=8)]: Done 120 tasks      | elapsed:    3.4s
[Parallel(n_jobs=8)]: Done 136 out of 136 | elapsed:    3.8s finished
[Parallel(n_jobs=8)]: Using backend LokyBackend with 8 concurrent workers.
[Parallel(n_jobs=8)]: Done  10 tasks      | elapsed:    0.1s
[Parallel(n_jobs=8)]: Done  14 out of  17 | elapsed:    0.1s remaining:    0.0s
[Parallel(n_jobs=8)]: Done  17 out of  17 | elapsed:    0.1s finished
[Parallel(n_jobs=8)]: Using backend LokyBackend with 8 concurrent workers.
[Parallel(n_jobs=8)]: Done  12 tasks      | elapsed:    0.6s
[Parallel(n_jobs=8)]: Done 120 tasks      | elapsed:    3.3s
[Parallel(n_jobs=8)]: Done 136 out of 136 | elapsed:    3.8s finished
[Parallel(n_jobs=8)]: Using backend LokyBackend with 8 concurrent workers.
[Parallel(n_jobs=8)]: Done  10 tasks      | elapsed:    0.1s
[Parallel(n_jobs=8)]: Done  14 out of  17 | elapsed:    0.1s remaining:    0.0s
[Parallel(n_jobs=8)]: Done  17 out of  17 | elapsed:    0.1s finished
[Parallel(n_jobs=8)]: Using backend LokyBackend with 8 concurrent workers.
[Parallel(n_jobs=8)]: Done  12 tasks      | elapsed:    0.5s
[Parallel(n_jobs=8)]: Done 120 tasks      | elapsed:    3.4s
[Parallel(n_jobs=8)]: Done 136 out of 136 | elapsed:    3.8s finished
[Parallel(n_jobs=8)]: Using backend LokyBackend with 8 concurrent workers.
[Parallel(n_jobs=8)]: Done  10 tasks      | elapsed:    0.1s
[Parallel(n_jobs=8)]: Done  14 out of  17 | elapsed:    0.1s remaining:    0.0s
[Parallel(n_jobs=8)]: Done  17 out of  17 | elapsed:    0.1s finished
[Parallel(n_jobs=8)]: Using backend LokyBackend with 8 concurrent workers.
[Parallel(n_jobs=8)]: Done  12 tasks      | elapsed:    0.5s
[Parallel(n_jobs=8)]: Done 120 tasks      | elapsed:    3.4s
[Parallel(n_jobs=8)]: Done 136 out of 136 | elapsed:    3.9s finished
[Parallel(n_jobs=8)]: Using backend LokyBackend with 8 concurrent workers.
[Parallel(n_jobs=8)]: Done  10 tasks      | elapsed:    0.1s
[Parallel(n_jobs=8)]: Done  14 out of  17 | elapsed:    0.1s remaining:    0.0s
[Parallel(n_jobs=8)]: Done  17 out of  17 | elapsed:    0.1s finished
[Parallel(n_jobs=8)]: Using backend LokyBackend with 8 concurrent workers.
[Parallel(n_jobs=8)]: Done  12 tasks      | elapsed:    0.6s
[Parallel(n_jobs=8)]: Done 120 tasks      | elapsed:    3.5s
[Parallel(n_jobs=8)]: Done 136 out of 136 | elapsed:    3.9s finished
[Parallel(n_jobs=8)]: Using backend LokyBackend with 8 concurrent workers.
[Parallel(n_jobs=8)]: Done  10 tasks      | elapsed:    0.1s
[Parallel(n_jobs=8)]: Done  14 out of  17 | elapsed:    0.1s remaining:    0.0s
[Parallel(n_jobs=8)]: Done  17 out of  17 | elapsed:    0.1s finished
[Parallel(n_jobs=8)]: Using backend LokyBackend with 8 concurrent workers.
[Parallel(n_jobs=8)]: Done  12 tasks      | elapsed:    0.5s
[Parallel(n_jobs=8)]: Done 120 tasks      | elapsed:    3.4s
[Parallel(n_jobs=8)]: Done 136 out of 136 | elapsed:    3.9s finished
[Parallel(n_jobs=8)]: Using backend LokyBackend with 8 concurrent workers.
[Parallel(n_jobs=8)]: Done  10 tasks      | elapsed:    0.1s
[Parallel(n_jobs=8)]: Done  14 out of  17 | elapsed:    0.1s remaining:    0.0s
[Parallel(n_jobs=8)]: Done  17 out of  17 | elapsed:    0.1s finished
[Parallel(n_jobs=8)]: Using backend LokyBackend with 8 concurrent workers.
[Parallel(n_jobs=8)]: Done  12 tasks      | elapsed:    0.6s
[Parallel(n_jobs=8)]: Done 120 tasks      | elapsed:    3.5s
[Parallel(n_jobs=8)]: Done 136 out of 136 | elapsed:    4.0s finished
[Parallel(n_jobs=8)]: Using backend LokyBackend with 8 concurrent workers.
[Parallel(n_jobs=8)]: Done  10 tasks      | elapsed:    0.1s
[Parallel(n_jobs=8)]: Done  14 out of  17 | elapsed:    0.1s remaining:    0.0s
[Parallel(n_jobs=8)]: Done  17 out of  17 | elapsed:    0.1s finished
[Parallel(n_jobs=8)]: Using backend LokyBackend with 8 concurrent workers.
[Parallel(n_jobs=8)]: Done  12 tasks      | elapsed:    0.6s
[Parallel(n_jobs=8)]: Done 120 tasks      | elapsed:    3.5s
[Parallel(n_jobs=8)]: Done 136 out of 136 | elapsed:    3.9s finished
[Parallel(n_jobs=8)]: Using backend LokyBackend with 8 concurrent workers.
[Parallel(n_jobs=8)]: Done  10 tasks      | elapsed:    0.1s
[Parallel(n_jobs=8)]: Done  14 out of  17 | elapsed:    0.1s remaining:    0.0s
[Parallel(n_jobs=8)]: Done  17 out of  17 | elapsed:    0.1s finished
[Parallel(n_jobs=8)]: Using backend LokyBackend with 8 concurrent workers.
[Parallel(n_jobs=8)]: Done  12 tasks      | elapsed:    0.6s
[Parallel(n_jobs=8)]: Done 120 tasks      | elapsed:    3.5s
[Parallel(n_jobs=8)]: Done 136 out of 136 | elapsed:    4.0s finished
[Parallel(n_jobs=8)]: Using backend LokyBackend with 8 concurrent workers.
[Parallel(n_jobs=8)]: Done  10 tasks      | elapsed:    0.1s
[Parallel(n_jobs=8)]: Done  14 out of  17 | elapsed:    0.1s remaining:    0.0s
[Parallel(n_jobs=8)]: Done  17 out of  17 | elapsed:    0.1s finished
[Parallel(n_jobs=8)]: Using backend LokyBackend with 8 concurrent workers.
[Parallel(n_jobs=8)]: Done  12 tasks      | elapsed:    0.6s
[Parallel(n_jobs=8)]: Done 120 tasks      | elapsed:    3.5s
[Parallel(n_jobs=8)]: Done 136 out of 136 | elapsed:    3.9s finished
[Parallel(n_jobs=8)]: Using backend LokyBackend with 8 concurrent workers.
[Parallel(n_jobs=8)]: Done  10 tasks      | elapsed:    0.1s
[Parallel(n_jobs=8)]: Done  14 out of  17 | elapsed:    0.1s remaining:    0.0s
[Parallel(n_jobs=8)]: Done  17 out of  17 | elapsed:    0.1s finished
[Parallel(n_jobs=8)]: Using backend LokyBackend with 8 concurrent workers.
[Parallel(n_jobs=8)]: Done  12 tasks      | elapsed:    0.6s
[Parallel(n_jobs=8)]: Done 120 tasks      | elapsed:    3.5s
[Parallel(n_jobs=8)]: Done 136 out of 136 | elapsed:    3.9s finished
[Parallel(n_jobs=8)]: Using backend LokyBackend with 8 concurrent workers.
[Parallel(n_jobs=8)]: Done  10 tasks      | elapsed:    0.1s
[Parallel(n_jobs=8)]: Done  14 out of  17 | elapsed:    0.1s remaining:    0.0s
[Parallel(n_jobs=8)]: Done  17 out of  17 | elapsed:    0.1s finished
[Parallel(n_jobs=8)]: Using backend LokyBackend with 8 concurrent workers.
[Parallel(n_jobs=8)]: Done  12 tasks      | elapsed:    0.6s
[Parallel(n_jobs=8)]: Done 120 tasks      | elapsed:    3.5s
[Parallel(n_jobs=8)]: Done 136 out of 136 | elapsed:    3.9s finished
[Parallel(n_jobs=8)]: Using backend LokyBackend with 8 concurrent workers.
[Parallel(n_jobs=8)]: Done  10 tasks      | elapsed:    0.1s
[Parallel(n_jobs=8)]: Done  14 out of  17 | elapsed:    0.1s remaining:    0.0s
[Parallel(n_jobs=8)]: Done  17 out of  17 | elapsed:    0.1s finished
[Parallel(n_jobs=8)]: Using backend LokyBackend with 8 concurrent workers.
[Parallel(n_jobs=8)]: Done  12 tasks      | elapsed:    0.6s
slurmstepd: error: *** JOB 38877949 ON dcc-core-04 CANCELLED AT 2025-10-28T20:20:37 ***
