Subject D0103: loading epochs...
Reading /cwork/rl330/BIDS-1.1_GlobalLocal/BIDS/derivatives/freqFilt/figs/D0103/D0103_stimulus_i_(-0.5, 0.0)_ev1-epo.fif ...
    Found the data of interest:
        t =    -500.00 ...       0.00 ms
        0 CTF compensation matrices available
Not setting metadata
159 matching events found
No baseline correction applied
0 projection items activated
    Loaded 159 epochs for stimulus_i_(-0.5, 0.0) (LTAS1,LTAS2,LTAS3...)
Epoch summary saved.
Processing subject D0103...
Using ROIs: ['G_front_inf-Opercular', 'G_front_inf-Orbital', 'G_front_inf-Triangul', 'G_front_middle', 'G_front_sup', 'Lat_Fis-ant-Horizont', 'Lat_Fis-ant-Vertical', 'S_circular_insula_ant', 'S_circular_insula_sup', 'S_front_inf', 'S_front_middle', 'S_front_sup']
Found 11 ROI channels for D0103
NOTE: pick_channels() is a legacy function. New code should use inst.pick(...).
Adding metadata with 3 columns
Connectivity computation...
   Processing epoch 1 / 159 ...
   Processing epoch 2 / 159 ...
   Processing epoch 3 / 159 ...
   Processing epoch 4 / 159 ...
   Processing epoch 5 / 159 ...
   Processing epoch 6 / 159 ...
   Processing epoch 7 / 159 ...
   Processing epoch 8 / 159 ...
   Processing epoch 9 / 159 ...
   Processing epoch 10 / 159 ...
   Processing epoch 11 / 159 ...
   Processing epoch 12 / 159 ...
   Processing epoch 13 / 159 ...
   Processing epoch 14 / 159 ...
   Processing epoch 15 / 159 ...
   Processing epoch 16 / 159 ...
   Processing epoch 17 / 159 ...
   Processing epoch 18 / 159 ...
   Processing epoch 19 / 159 ...
   Processing epoch 20 / 159 ...
   Processing epoch 21 / 159 ...
   Processing epoch 22 / 159 ...
   Processing epoch 23 / 159 ...
   Processing epoch 24 / 159 ...
   Processing epoch 25 / 159 ...
   Processing epoch 26 / 159 ...
   Processing epoch 27 / 159 ...
   Processing epoch 28 / 159 ...
   Processing epoch 29 / 159 ...
   Processing epoch 30 / 159 ...
   Processing epoch 31 / 159 ...
   Processing epoch 32 / 159 ...
   Processing epoch 33 / 159 ...
   Processing epoch 34 / 159 ...
   Processing epoch 35 / 159 ...
   Processing epoch 36 / 159 ...
   Processing epoch 37 / 159 ...
   Processing epoch 38 / 159 ...
   Processing epoch 39 / 159 ...
   Processing epoch 40 / 159 ...
   Processing epoch 41 / 159 ...
   Processing epoch 42 / 159 ...
   Processing epoch 43 / 159 ...
   Processing epoch 44 / 159 ...
   Processing epoch 45 / 159 ...
   Processing epoch 46 / 159 ...
   Processing epoch 47 / 159 ...
   Processing epoch 48 / 159 ...
   Processing epoch 49 / 159 ...
   Processing epoch 50 / 159 ...
   Processing epoch 51 / 159 ...
   Processing epoch 52 / 159 ...
   Processing epoch 53 / 159 ...
   Processing epoch 54 / 159 ...
   Processing epoch 55 / 159 ...
   Processing epoch 56 / 159 ...
   Processing epoch 57 / 159 ...
   Processing epoch 58 / 159 ...
   Processing epoch 59 / 159 ...
   Processing epoch 60 / 159 ...
   Processing epoch 61 / 159 ...
   Processing epoch 62 / 159 ...
   Processing epoch 63 / 159 ...
   Processing epoch 64 / 159 ...
   Processing epoch 65 / 159 ...
   Processing epoch 66 / 159 ...
   Processing epoch 67 / 159 ...
   Processing epoch 68 / 159 ...
   Processing epoch 69 / 159 ...
   Processing epoch 70 / 159 ...
   Processing epoch 71 / 159 ...
   Processing epoch 72 / 159 ...
   Processing epoch 73 / 159 ...
   Processing epoch 74 / 159 ...
   Processing epoch 75 / 159 ...
   Processing epoch 76 / 159 ...
   Processing epoch 77 / 159 ...
   Processing epoch 78 / 159 ...
   Processing epoch 79 / 159 ...
   Processing epoch 80 / 159 ...
   Processing epoch 81 / 159 ...
   Processing epoch 82 / 159 ...
   Processing epoch 83 / 159 ...
   Processing epoch 84 / 159 ...
   Processing epoch 85 / 159 ...
   Processing epoch 86 / 159 ...
   Processing epoch 87 / 159 ...
   Processing epoch 88 / 159 ...
   Processing epoch 89 / 159 ...
   Processing epoch 90 / 159 ...
   Processing epoch 91 / 159 ...
   Processing epoch 92 / 159 ...
   Processing epoch 93 / 159 ...
   Processing epoch 94 / 159 ...
   Processing epoch 95 / 159 ...
   Processing epoch 96 / 159 ...
   Processing epoch 97 / 159 ...
   Processing epoch 98 / 159 ...
   Processing epoch 99 / 159 ...
   Processing epoch 100 / 159 ...
   Processing epoch 101 / 159 ...
   Processing epoch 102 / 159 ...
   Processing epoch 103 / 159 ...
   Processing epoch 104 / 159 ...
   Processing epoch 105 / 159 ...
   Processing epoch 106 / 159 ...
   Processing epoch 107 / 159 ...
   Processing epoch 108 / 159 ...
   Processing epoch 109 / 159 ...
   Processing epoch 110 / 159 ...
   Processing epoch 111 / 159 ...
   Processing epoch 112 / 159 ...
   Processing epoch 113 / 159 ...
   Processing epoch 114 / 159 ...
   Processing epoch 115 / 159 ...
   Processing epoch 116 / 159 ...
   Processing epoch 117 / 159 ...
   Processing epoch 118 / 159 ...
   Processing epoch 119 / 159 ...
   Processing epoch 120 / 159 ...
   Processing epoch 121 / 159 ...
   Processing epoch 122 / 159 ...
   Processing epoch 123 / 159 ...
   Processing epoch 124 / 159 ...
   Processing epoch 125 / 159 ...
   Processing epoch 126 / 159 ...
   Processing epoch 127 / 159 ...
   Processing epoch 128 / 159 ...
   Processing epoch 129 / 159 ...
   Processing epoch 130 / 159 ...
   Processing epoch 131 / 159 ...
   Processing epoch 132 / 159 ...
   Processing epoch 133 / 159 ...
   Processing epoch 134 / 159 ...
   Processing epoch 135 / 159 ...
   Processing epoch 136 / 159 ...
   Processing epoch 137 / 159 ...
   Processing epoch 138 / 159 ...
   Processing epoch 139 / 159 ...
   Processing epoch 140 / 159 ...
   Processing epoch 141 / 159 ...
   Processing epoch 142 / 159 ...
   Processing epoch 143 / 159 ...
   Processing epoch 144 / 159 ...
   Processing epoch 145 / 159 ...
   Processing epoch 146 / 159 ...
   Processing epoch 147 / 159 ...
   Processing epoch 148 / 159 ...
   Processing epoch 149 / 159 ...
   Processing epoch 150 / 159 ...
   Processing epoch 151 / 159 ...
   Processing epoch 152 / 159 ...
   Processing epoch 153 / 159 ...
   Processing epoch 154 / 159 ...
   Processing epoch 155 / 159 ...
   Processing epoch 156 / 159 ...
   Processing epoch 157 / 159 ...
   Processing epoch 158 / 159 ...
   Processing epoch 159 / 159 ...
[Connectivity computation done]
Saved coherence summary to ./coherence_D0103_lpfc_stimulus_i_(-0.5, 0.0)_summary.csv
