Subject D0063: loading epochs...
Reading /cwork/rl330/BIDS-1.1_GlobalLocal/BIDS/derivatives/freqFilt/figs/D0063/D0063_Stimulus_c75.0_Accuracy1.0_(0.0, 0.5)_ev1-epo.fif ...
    Found the data of interest:
        t =       0.00 ...     500.00 ms
        0 CTF compensation matrices available
Not setting metadata
56 matching events found
No baseline correction applied
0 projection items activated
    Loaded 56 epochs for Stimulus_c75.0_Accuracy1.0_(0.0, 0.5) (LOF1,LOF2,LOF3...)
Epoch summary saved.
Processing subject D0063...
Using ROIs: ['G_and_S_cingul-Ant', 'G_and_S_cingul-Mid-Ant']
Computing coherence for D0063, 16 channels, 120 pairs
NOTE: pick_channels() is a legacy function. New code should use inst.pick(...).
Adding metadata with 3 columns
Connectivity computation...
   Processing epoch 1 / 56 ...
   Processing epoch 2 / 56 ...
   Processing epoch 3 / 56 ...
   Processing epoch 4 / 56 ...
   Processing epoch 5 / 56 ...
   Processing epoch 6 / 56 ...
   Processing epoch 7 / 56 ...
   Processing epoch 8 / 56 ...
   Processing epoch 9 / 56 ...
   Processing epoch 10 / 56 ...
   Processing epoch 11 / 56 ...
   Processing epoch 12 / 56 ...
   Processing epoch 13 / 56 ...
   Processing epoch 14 / 56 ...
   Processing epoch 15 / 56 ...
   Processing epoch 16 / 56 ...
   Processing epoch 17 / 56 ...
   Processing epoch 18 / 56 ...
   Processing epoch 19 / 56 ...
   Processing epoch 20 / 56 ...
   Processing epoch 21 / 56 ...
   Processing epoch 22 / 56 ...
   Processing epoch 23 / 56 ...
   Processing epoch 24 / 56 ...
   Processing epoch 25 / 56 ...
   Processing epoch 26 / 56 ...
   Processing epoch 27 / 56 ...
   Processing epoch 28 / 56 ...
   Processing epoch 29 / 56 ...
   Processing epoch 30 / 56 ...
   Processing epoch 31 / 56 ...
   Processing epoch 32 / 56 ...
   Processing epoch 33 / 56 ...
   Processing epoch 34 / 56 ...
   Processing epoch 35 / 56 ...
   Processing epoch 36 / 56 ...
   Processing epoch 37 / 56 ...
   Processing epoch 38 / 56 ...
   Processing epoch 39 / 56 ...
   Processing epoch 40 / 56 ...
   Processing epoch 41 / 56 ...
   Processing epoch 42 / 56 ...
   Processing epoch 43 / 56 ...
   Processing epoch 44 / 56 ...
   Processing epoch 45 / 56 ...
   Processing epoch 46 / 56 ...
   Processing epoch 47 / 56 ...
   Processing epoch 48 / 56 ...
   Processing epoch 49 / 56 ...
   Processing epoch 50 / 56 ...
   Processing epoch 51 / 56 ...
   Processing epoch 52 / 56 ...
   Processing epoch 53 / 56 ...
   Processing epoch 54 / 56 ...
   Processing epoch 55 / 56 ...
   Processing epoch 56 / 56 ...
[Connectivity computation done]
Saved coherence summary to ./coherence_D0063_acc_Stimulus_c75.0_Accuracy1.0_(0.0, 0.5)_summary.csv
