Subject D0057: loading epochs...
Reading /cwork/rl330/BIDS-1.1_GlobalLocal/BIDS/derivatives/freqFilt/figs/D0057/D0057_stimulus_i_(-0.5, 0.0)_ev1-epo.fif ...
    Found the data of interest:
        t =    -500.00 ...       0.00 ms
        0 CTF compensation matrices available
Not setting metadata
207 matching events found
No baseline correction applied
0 projection items activated
    Loaded 207 epochs for stimulus_i_(-0.5, 0.0) (RAI1,RAI2,RAI3...)
Epoch summary saved.
Processing subject D0057...
Using ROIs: ['G_front_inf-Opercular', 'G_front_inf-Orbital', 'G_front_inf-Triangul', 'G_front_middle', 'G_front_sup', 'Lat_Fis-ant-Horizont', 'Lat_Fis-ant-Vertical', 'S_circular_insula_ant', 'S_circular_insula_sup', 'S_front_inf', 'S_front_middle', 'S_front_sup']
Computing coherence for D0057, 17 channels, 136 pairs
NOTE: pick_channels() is a legacy function. New code should use inst.pick(...).
Adding metadata with 3 columns
Connectivity computation...
   Processing epoch 1 / 207 ...
   Processing epoch 2 / 207 ...
   Processing epoch 3 / 207 ...
   Processing epoch 4 / 207 ...
   Processing epoch 5 / 207 ...
   Processing epoch 6 / 207 ...
   Processing epoch 7 / 207 ...
   Processing epoch 8 / 207 ...
   Processing epoch 9 / 207 ...
   Processing epoch 10 / 207 ...
   Processing epoch 11 / 207 ...
   Processing epoch 12 / 207 ...
   Processing epoch 13 / 207 ...
   Processing epoch 14 / 207 ...
   Processing epoch 15 / 207 ...
   Processing epoch 16 / 207 ...
   Processing epoch 17 / 207 ...
   Processing epoch 18 / 207 ...
   Processing epoch 19 / 207 ...
   Processing epoch 20 / 207 ...
   Processing epoch 21 / 207 ...
   Processing epoch 22 / 207 ...
