Subject D0057: loading epochs...
Reading /cwork/rl330/BIDS-1.1_GlobalLocal/BIDS/derivatives/freqFilt/figs/D0057/D0057_stimulus_i_(0.0, 0.5)_ev1-epo.fif ...
    Found the data of interest:
        t =       0.00 ...     500.00 ms
        0 CTF compensation matrices available
Not setting metadata
207 matching events found
No baseline correction applied
0 projection items activated
    Loaded 207 epochs for stimulus_i_(0.0, 0.5) (RAI1,RAI2,RAI3...)
Epoch summary saved.
Processing subject D0057...
Using ROIs: ['G_front_inf-Opercular', 'G_front_inf-Orbital', 'G_front_inf-Triangul', 'G_front_middle', 'G_front_sup', 'Lat_Fis-ant-Horizont', 'Lat_Fis-ant-Vertical', 'S_circular_insula_ant', 'S_circular_insula_sup', 'S_front_inf', 'S_front_middle', 'S_front_sup']
Found 17 ROI channels for D0057
NOTE: pick_channels() is a legacy function. New code should use inst.pick(...).
Adding metadata with 3 columns
Connectivity computation...
   Processing epoch 1 / 207 ...
   Processing epoch 2 / 207 ...
   Processing epoch 3 / 207 ...
   Processing epoch 4 / 207 ...
   Processing epoch 5 / 207 ...
   Processing epoch 6 / 207 ...
   Processing epoch 7 / 207 ...
   Processing epoch 8 / 207 ...
   Processing epoch 9 / 207 ...
   Processing epoch 10 / 207 ...
   Processing epoch 11 / 207 ...
   Processing epoch 12 / 207 ...
   Processing epoch 13 / 207 ...
   Processing epoch 14 / 207 ...
   Processing epoch 15 / 207 ...
   Processing epoch 16 / 207 ...
   Processing epoch 17 / 207 ...
   Processing epoch 18 / 207 ...
   Processing epoch 19 / 207 ...
   Processing epoch 20 / 207 ...
   Processing epoch 21 / 207 ...
   Processing epoch 22 / 207 ...
   Processing epoch 23 / 207 ...
   Processing epoch 24 / 207 ...
   Processing epoch 25 / 207 ...
   Processing epoch 26 / 207 ...
   Processing epoch 27 / 207 ...
   Processing epoch 28 / 207 ...
   Processing epoch 29 / 207 ...
   Processing epoch 30 / 207 ...
   Processing epoch 31 / 207 ...
   Processing epoch 32 / 207 ...
   Processing epoch 33 / 207 ...
   Processing epoch 34 / 207 ...
   Processing epoch 35 / 207 ...
   Processing epoch 36 / 207 ...
   Processing epoch 37 / 207 ...
   Processing epoch 38 / 207 ...
   Processing epoch 39 / 207 ...
   Processing epoch 40 / 207 ...
   Processing epoch 41 / 207 ...
   Processing epoch 42 / 207 ...
   Processing epoch 43 / 207 ...
   Processing epoch 44 / 207 ...
   Processing epoch 45 / 207 ...
   Processing epoch 46 / 207 ...
   Processing epoch 47 / 207 ...
   Processing epoch 48 / 207 ...
   Processing epoch 49 / 207 ...
   Processing epoch 50 / 207 ...
   Processing epoch 51 / 207 ...
   Processing epoch 52 / 207 ...
   Processing epoch 53 / 207 ...
   Processing epoch 54 / 207 ...
   Processing epoch 55 / 207 ...
   Processing epoch 56 / 207 ...
   Processing epoch 57 / 207 ...
   Processing epoch 58 / 207 ...
   Processing epoch 59 / 207 ...
   Processing epoch 60 / 207 ...
   Processing epoch 61 / 207 ...
   Processing epoch 62 / 207 ...
   Processing epoch 63 / 207 ...
   Processing epoch 64 / 207 ...
   Processing epoch 65 / 207 ...
   Processing epoch 66 / 207 ...
   Processing epoch 67 / 207 ...
   Processing epoch 68 / 207 ...
   Processing epoch 69 / 207 ...
   Processing epoch 70 / 207 ...
   Processing epoch 71 / 207 ...
   Processing epoch 72 / 207 ...
   Processing epoch 73 / 207 ...
   Processing epoch 74 / 207 ...
   Processing epoch 75 / 207 ...
   Processing epoch 76 / 207 ...
   Processing epoch 77 / 207 ...
   Processing epoch 78 / 207 ...
   Processing epoch 79 / 207 ...
   Processing epoch 80 / 207 ...
   Processing epoch 81 / 207 ...
   Processing epoch 82 / 207 ...
   Processing epoch 83 / 207 ...
   Processing epoch 84 / 207 ...
   Processing epoch 85 / 207 ...
   Processing epoch 86 / 207 ...
   Processing epoch 87 / 207 ...
   Processing epoch 88 / 207 ...
   Processing epoch 89 / 207 ...
   Processing epoch 90 / 207 ...
   Processing epoch 91 / 207 ...
   Processing epoch 92 / 207 ...
   Processing epoch 93 / 207 ...
   Processing epoch 94 / 207 ...
   Processing epoch 95 / 207 ...
   Processing epoch 96 / 207 ...
   Processing epoch 97 / 207 ...
   Processing epoch 98 / 207 ...
   Processing epoch 99 / 207 ...
   Processing epoch 100 / 207 ...
   Processing epoch 101 / 207 ...
   Processing epoch 102 / 207 ...
   Processing epoch 103 / 207 ...
   Processing epoch 104 / 207 ...
   Processing epoch 105 / 207 ...
   Processing epoch 106 / 207 ...
   Processing epoch 107 / 207 ...
   Processing epoch 108 / 207 ...
   Processing epoch 109 / 207 ...
   Processing epoch 110 / 207 ...
   Processing epoch 111 / 207 ...
   Processing epoch 112 / 207 ...
   Processing epoch 113 / 207 ...
   Processing epoch 114 / 207 ...
   Processing epoch 115 / 207 ...
   Processing epoch 116 / 207 ...
   Processing epoch 117 / 207 ...
   Processing epoch 118 / 207 ...
   Processing epoch 119 / 207 ...
   Processing epoch 120 / 207 ...
   Processing epoch 121 / 207 ...
   Processing epoch 122 / 207 ...
   Processing epoch 123 / 207 ...
   Processing epoch 124 / 207 ...
   Processing epoch 125 / 207 ...
   Processing epoch 126 / 207 ...
   Processing epoch 127 / 207 ...
   Processing epoch 128 / 207 ...
   Processing epoch 129 / 207 ...
   Processing epoch 130 / 207 ...
   Processing epoch 131 / 207 ...
   Processing epoch 132 / 207 ...
   Processing epoch 133 / 207 ...
   Processing epoch 134 / 207 ...
   Processing epoch 135 / 207 ...
   Processing epoch 136 / 207 ...
   Processing epoch 137 / 207 ...
   Processing epoch 138 / 207 ...
   Processing epoch 139 / 207 ...
   Processing epoch 140 / 207 ...
   Processing epoch 141 / 207 ...
   Processing epoch 142 / 207 ...
   Processing epoch 143 / 207 ...
   Processing epoch 144 / 207 ...
   Processing epoch 145 / 207 ...
   Processing epoch 146 / 207 ...
   Processing epoch 147 / 207 ...
   Processing epoch 148 / 207 ...
   Processing epoch 149 / 207 ...
   Processing epoch 150 / 207 ...
   Processing epoch 151 / 207 ...
   Processing epoch 152 / 207 ...
   Processing epoch 153 / 207 ...
   Processing epoch 154 / 207 ...
   Processing epoch 155 / 207 ...
   Processing epoch 156 / 207 ...
   Processing epoch 157 / 207 ...
   Processing epoch 158 / 207 ...
   Processing epoch 159 / 207 ...
   Processing epoch 160 / 207 ...
   Processing epoch 161 / 207 ...
   Processing epoch 162 / 207 ...
   Processing epoch 163 / 207 ...
   Processing epoch 164 / 207 ...
   Processing epoch 165 / 207 ...
   Processing epoch 166 / 207 ...
   Processing epoch 167 / 207 ...
   Processing epoch 168 / 207 ...
   Processing epoch 169 / 207 ...
   Processing epoch 170 / 207 ...
   Processing epoch 171 / 207 ...
   Processing epoch 172 / 207 ...
   Processing epoch 173 / 207 ...
   Processing epoch 174 / 207 ...
   Processing epoch 175 / 207 ...
   Processing epoch 176 / 207 ...
   Processing epoch 177 / 207 ...
   Processing epoch 178 / 207 ...
   Processing epoch 179 / 207 ...
   Processing epoch 180 / 207 ...
   Processing epoch 181 / 207 ...
   Processing epoch 182 / 207 ...
   Processing epoch 183 / 207 ...
   Processing epoch 184 / 207 ...
   Processing epoch 185 / 207 ...
   Processing epoch 186 / 207 ...
   Processing epoch 187 / 207 ...
   Processing epoch 188 / 207 ...
   Processing epoch 189 / 207 ...
   Processing epoch 190 / 207 ...
   Processing epoch 191 / 207 ...
   Processing epoch 192 / 207 ...
   Processing epoch 193 / 207 ...
   Processing epoch 194 / 207 ...
   Processing epoch 195 / 207 ...
   Processing epoch 196 / 207 ...
   Processing epoch 197 / 207 ...
   Processing epoch 198 / 207 ...
   Processing epoch 199 / 207 ...
   Processing epoch 200 / 207 ...
   Processing epoch 201 / 207 ...
   Processing epoch 202 / 207 ...
   Processing epoch 203 / 207 ...
   Processing epoch 204 / 207 ...
   Processing epoch 205 / 207 ...
   Processing epoch 206 / 207 ...
   Processing epoch 207 / 207 ...
[Connectivity computation done]
Saved coherence summary to ./coherence_D0057_lpfc_stimulus_i_(0.0, 0.5)_summary.csv
Saved full trial data to ./coherence_D0057_lpfc_stimulus_i_(0.0, 0.5)_trials.pkl
