[Parallel(n_jobs=8)]: Using backend LokyBackend with 8 concurrent workers.
[Parallel(n_jobs=8)]: Done   4 out of   9 | elapsed:   10.4s remaining:   13.0s
[Parallel(n_jobs=8)]: Done   6 out of   9 | elapsed:   10.4s remaining:    5.2s
[Parallel(n_jobs=8)]: Done   9 out of   9 | elapsed:   10.4s finished
[Parallel(n_jobs=8)]: Using backend LokyBackend with 8 concurrent workers.
[Parallel(n_jobs=8)]: Done  10 tasks      | elapsed:    4.1s
[Parallel(n_jobs=8)]: Done  36 out of  36 | elapsed:    4.8s finished
[Parallel(n_jobs=8)]: Using backend LokyBackend with 8 concurrent workers.
[Parallel(n_jobs=8)]: Done   4 out of   9 | elapsed:    0.0s remaining:    0.0s
[Parallel(n_jobs=8)]: Done   6 out of   9 | elapsed:    0.0s remaining:    0.0s
[Parallel(n_jobs=8)]: Done   9 out of   9 | elapsed:    0.0s finished
[Parallel(n_jobs=8)]: Using backend LokyBackend with 8 concurrent workers.
[Parallel(n_jobs=8)]: Done  12 tasks      | elapsed:    0.3s
[Parallel(n_jobs=8)]: Done  36 out of  36 | elapsed:    0.9s finished
[Parallel(n_jobs=8)]: Using backend LokyBackend with 8 concurrent workers.
[Parallel(n_jobs=8)]: Done   4 out of   9 | elapsed:    0.0s remaining:    0.0s
[Parallel(n_jobs=8)]: Done   6 out of   9 | elapsed:    0.0s remaining:    0.0s
[Parallel(n_jobs=8)]: Done   9 out of   9 | elapsed:    0.0s finished
[Parallel(n_jobs=8)]: Using backend LokyBackend with 8 concurrent workers.
[Parallel(n_jobs=8)]: Done  12 tasks      | elapsed:    0.4s
[Parallel(n_jobs=8)]: Done  36 out of  36 | elapsed:    1.0s finished
[Parallel(n_jobs=8)]: Using backend LokyBackend with 8 concurrent workers.
[Parallel(n_jobs=8)]: Done   4 out of   9 | elapsed:    0.0s remaining:    0.1s
[Parallel(n_jobs=8)]: Done   6 out of   9 | elapsed:    0.1s remaining:    0.0s
[Parallel(n_jobs=8)]: Done   9 out of   9 | elapsed:    0.1s finished
[Parallel(n_jobs=8)]: Using backend LokyBackend with 8 concurrent workers.
[Parallel(n_jobs=8)]: Done  12 tasks      | elapsed:    0.4s
[Parallel(n_jobs=8)]: Done  36 out of  36 | elapsed:    1.0s finished
[Parallel(n_jobs=8)]: Using backend LokyBackend with 8 concurrent workers.
[Parallel(n_jobs=8)]: Done   4 out of   9 | elapsed:    0.0s remaining:    0.0s
[Parallel(n_jobs=8)]: Done   6 out of   9 | elapsed:    0.0s remaining:    0.0s
[Parallel(n_jobs=8)]: Done   9 out of   9 | elapsed:    0.1s finished
[Parallel(n_jobs=8)]: Using backend LokyBackend with 8 concurrent workers.
[Parallel(n_jobs=8)]: Done  12 tasks      | elapsed:    0.4s
[Parallel(n_jobs=8)]: Done  36 out of  36 | elapsed:    0.9s finished
[Parallel(n_jobs=8)]: Using backend LokyBackend with 8 concurrent workers.
[Parallel(n_jobs=8)]: Done   4 out of   9 | elapsed:    0.0s remaining:    0.0s
[Parallel(n_jobs=8)]: Done   6 out of   9 | elapsed:    0.0s remaining:    0.0s
[Parallel(n_jobs=8)]: Done   9 out of   9 | elapsed:    0.1s finished
[Parallel(n_jobs=8)]: Using backend LokyBackend with 8 concurrent workers.
[Parallel(n_jobs=8)]: Done  12 tasks      | elapsed:    0.3s
[Parallel(n_jobs=8)]: Done  36 out of  36 | elapsed:    0.9s finished
[Parallel(n_jobs=8)]: Using backend LokyBackend with 8 concurrent workers.
[Parallel(n_jobs=8)]: Done   4 out of   9 | elapsed:    0.0s remaining:    0.0s
[Parallel(n_jobs=8)]: Done   6 out of   9 | elapsed:    0.0s remaining:    0.0s
[Parallel(n_jobs=8)]: Done   9 out of   9 | elapsed:    0.1s finished
[Parallel(n_jobs=8)]: Using backend LokyBackend with 8 concurrent workers.
[Parallel(n_jobs=8)]: Done  12 tasks      | elapsed:    0.3s
[Parallel(n_jobs=8)]: Done  36 out of  36 | elapsed:    0.8s finished
[Parallel(n_jobs=8)]: Using backend LokyBackend with 8 concurrent workers.
[Parallel(n_jobs=8)]: Done   4 out of   9 | elapsed:    0.0s remaining:    0.0s
[Parallel(n_jobs=8)]: Done   6 out of   9 | elapsed:    0.0s remaining:    0.0s
[Parallel(n_jobs=8)]: Done   9 out of   9 | elapsed:    0.1s finished
[Parallel(n_jobs=8)]: Using backend LokyBackend with 8 concurrent workers.
[Parallel(n_jobs=8)]: Done  12 tasks      | elapsed:    0.3s
[Parallel(n_jobs=8)]: Done  36 out of  36 | elapsed:    0.8s finished
[Parallel(n_jobs=8)]: Using backend LokyBackend with 8 concurrent workers.
[Parallel(n_jobs=8)]: Done   4 out of   9 | elapsed:    0.0s remaining:    0.0s
[Parallel(n_jobs=8)]: Done   6 out of   9 | elapsed:    0.0s remaining:    0.0s
[Parallel(n_jobs=8)]: Done   9 out of   9 | elapsed:    0.1s finished
[Parallel(n_jobs=8)]: Using backend LokyBackend with 8 concurrent workers.
[Parallel(n_jobs=8)]: Done  12 tasks      | elapsed:    0.3s
[Parallel(n_jobs=8)]: Done  36 out of  36 | elapsed:    0.8s finished
[Parallel(n_jobs=8)]: Using backend LokyBackend with 8 concurrent workers.
[Parallel(n_jobs=8)]: Done   4 out of   9 | elapsed:    0.0s remaining:    0.0s
[Parallel(n_jobs=8)]: Done   6 out of   9 | elapsed:    0.0s remaining:    0.0s
[Parallel(n_jobs=8)]: Done   9 out of   9 | elapsed:    0.1s finished
[Parallel(n_jobs=8)]: Using backend LokyBackend with 8 concurrent workers.
[Parallel(n_jobs=8)]: Done  12 tasks      | elapsed:    0.3s
[Parallel(n_jobs=8)]: Done  36 out of  36 | elapsed:    0.8s finished
[Parallel(n_jobs=8)]: Using backend LokyBackend with 8 concurrent workers.
[Parallel(n_jobs=8)]: Done   4 out of   9 | elapsed:    0.0s remaining:    0.0s
[Parallel(n_jobs=8)]: Done   6 out of   9 | elapsed:    0.0s remaining:    0.0s
[Parallel(n_jobs=8)]: Done   9 out of   9 | elapsed:    0.0s finished
[Parallel(n_jobs=8)]: Using backend LokyBackend with 8 concurrent workers.
[Parallel(n_jobs=8)]: Done  12 tasks      | elapsed:    0.3s
[Parallel(n_jobs=8)]: Done  36 out of  36 | elapsed:    0.8s finished
[Parallel(n_jobs=8)]: Using backend LokyBackend with 8 concurrent workers.
[Parallel(n_jobs=8)]: Done   4 out of   9 | elapsed:    0.0s remaining:    0.0s
[Parallel(n_jobs=8)]: Done   6 out of   9 | elapsed:    0.0s remaining:    0.0s
[Parallel(n_jobs=8)]: Done   9 out of   9 | elapsed:    0.1s finished
[Parallel(n_jobs=8)]: Using backend LokyBackend with 8 concurrent workers.
[Parallel(n_jobs=8)]: Done  12 tasks      | elapsed:    0.3s
[Parallel(n_jobs=8)]: Done  36 out of  36 | elapsed:    0.9s finished
[Parallel(n_jobs=8)]: Using backend LokyBackend with 8 concurrent workers.
[Parallel(n_jobs=8)]: Done   4 out of   9 | elapsed:    0.0s remaining:    0.0s
[Parallel(n_jobs=8)]: Done   6 out of   9 | elapsed:    0.0s remaining:    0.0s
[Parallel(n_jobs=8)]: Done   9 out of   9 | elapsed:    0.1s finished
[Parallel(n_jobs=8)]: Using backend LokyBackend with 8 concurrent workers.
[Parallel(n_jobs=8)]: Done  12 tasks      | elapsed:    0.3s
[Parallel(n_jobs=8)]: Done  36 out of  36 | elapsed:    0.8s finished
[Parallel(n_jobs=8)]: Using backend LokyBackend with 8 concurrent workers.
[Parallel(n_jobs=8)]: Done   4 out of   9 | elapsed:    0.0s remaining:    0.0s
[Parallel(n_jobs=8)]: Done   6 out of   9 | elapsed:    0.0s remaining:    0.0s
[Parallel(n_jobs=8)]: Done   9 out of   9 | elapsed:    0.1s finished
[Parallel(n_jobs=8)]: Using backend LokyBackend with 8 concurrent workers.
[Parallel(n_jobs=8)]: Done  12 tasks      | elapsed:    0.3s
[Parallel(n_jobs=8)]: Done  36 out of  36 | elapsed:    0.8s finished
[Parallel(n_jobs=8)]: Using backend LokyBackend with 8 concurrent workers.
[Parallel(n_jobs=8)]: Done   4 out of   9 | elapsed:    0.0s remaining:    0.0s
[Parallel(n_jobs=8)]: Done   6 out of   9 | elapsed:    0.0s remaining:    0.0s
[Parallel(n_jobs=8)]: Done   9 out of   9 | elapsed:    0.1s finished
[Parallel(n_jobs=8)]: Using backend LokyBackend with 8 concurrent workers.
[Parallel(n_jobs=8)]: Done  12 tasks      | elapsed:    0.3s
[Parallel(n_jobs=8)]: Done  36 out of  36 | elapsed:    0.8s finished
[Parallel(n_jobs=8)]: Using backend LokyBackend with 8 concurrent workers.
[Parallel(n_jobs=8)]: Done   4 out of   9 | elapsed:    0.0s remaining:    0.0s
[Parallel(n_jobs=8)]: Done   6 out of   9 | elapsed:    0.0s remaining:    0.0s
[Parallel(n_jobs=8)]: Done   9 out of   9 | elapsed:    0.0s finished
[Parallel(n_jobs=8)]: Using backend LokyBackend with 8 concurrent workers.
[Parallel(n_jobs=8)]: Done  12 tasks      | elapsed:    0.3s
[Parallel(n_jobs=8)]: Done  36 out of  36 | elapsed:    0.8s finished
[Parallel(n_jobs=8)]: Using backend LokyBackend with 8 concurrent workers.
[Parallel(n_jobs=8)]: Done   4 out of   9 | elapsed:    0.0s remaining:    0.0s
[Parallel(n_jobs=8)]: Done   6 out of   9 | elapsed:    0.0s remaining:    0.0s
[Parallel(n_jobs=8)]: Done   9 out of   9 | elapsed:    0.0s finished
[Parallel(n_jobs=8)]: Using backend LokyBackend with 8 concurrent workers.
[Parallel(n_jobs=8)]: Done  12 tasks      | elapsed:    0.3s
[Parallel(n_jobs=8)]: Done  36 out of  36 | elapsed:    0.8s finished
[Parallel(n_jobs=8)]: Using backend LokyBackend with 8 concurrent workers.
[Parallel(n_jobs=8)]: Done   4 out of   9 | elapsed:    0.0s remaining:    0.0s
[Parallel(n_jobs=8)]: Done   6 out of   9 | elapsed:    0.0s remaining:    0.0s
[Parallel(n_jobs=8)]: Done   9 out of   9 | elapsed:    0.0s finished
[Parallel(n_jobs=8)]: Using backend LokyBackend with 8 concurrent workers.
[Parallel(n_jobs=8)]: Done  12 tasks      | elapsed:    0.3s
[Parallel(n_jobs=8)]: Done  36 out of  36 | elapsed:    0.8s finished
[Parallel(n_jobs=8)]: Using backend LokyBackend with 8 concurrent workers.
[Parallel(n_jobs=8)]: Done   4 out of   9 | elapsed:    0.0s remaining:    0.0s
[Parallel(n_jobs=8)]: Done   6 out of   9 | elapsed:    0.0s remaining:    0.0s
[Parallel(n_jobs=8)]: Done   9 out of   9 | elapsed:    0.0s finished
[Parallel(n_jobs=8)]: Using backend LokyBackend with 8 concurrent workers.
[Parallel(n_jobs=8)]: Done  12 tasks      | elapsed:    0.3s
[Parallel(n_jobs=8)]: Done  36 out of  36 | elapsed:    0.8s finished
[Parallel(n_jobs=8)]: Using backend LokyBackend with 8 concurrent workers.
[Parallel(n_jobs=8)]: Done   4 out of   9 | elapsed:    0.0s remaining:    0.0s
[Parallel(n_jobs=8)]: Done   6 out of   9 | elapsed:    0.0s remaining:    0.0s
[Parallel(n_jobs=8)]: Done   9 out of   9 | elapsed:    0.0s finished
[Parallel(n_jobs=8)]: Using backend LokyBackend with 8 concurrent workers.
[Parallel(n_jobs=8)]: Done  12 tasks      | elapsed:    0.3s
[Parallel(n_jobs=8)]: Done  36 out of  36 | elapsed:    0.8s finished
[Parallel(n_jobs=8)]: Using backend LokyBackend with 8 concurrent workers.
[Parallel(n_jobs=8)]: Done   4 out of   9 | elapsed:    0.0s remaining:    0.0s
[Parallel(n_jobs=8)]: Done   6 out of   9 | elapsed:    0.0s remaining:    0.0s
[Parallel(n_jobs=8)]: Done   9 out of   9 | elapsed:    0.0s finished
[Parallel(n_jobs=8)]: Using backend LokyBackend with 8 concurrent workers.
[Parallel(n_jobs=8)]: Done  12 tasks      | elapsed:    0.3s
[Parallel(n_jobs=8)]: Done  36 out of  36 | elapsed:    0.8s finished
[Parallel(n_jobs=8)]: Using backend LokyBackend with 8 concurrent workers.
[Parallel(n_jobs=8)]: Done   4 out of   9 | elapsed:    0.0s remaining:    0.0s
[Parallel(n_jobs=8)]: Done   6 out of   9 | elapsed:    0.0s remaining:    0.0s
[Parallel(n_jobs=8)]: Done   9 out of   9 | elapsed:    0.0s finished
[Parallel(n_jobs=8)]: Using backend LokyBackend with 8 concurrent workers.
[Parallel(n_jobs=8)]: Done  12 tasks      | elapsed:    0.3s
[Parallel(n_jobs=8)]: Done  36 out of  36 | elapsed:    0.8s finished
[Parallel(n_jobs=8)]: Using backend LokyBackend with 8 concurrent workers.
[Parallel(n_jobs=8)]: Done   4 out of   9 | elapsed:    0.0s remaining:    0.0s
[Parallel(n_jobs=8)]: Done   6 out of   9 | elapsed:    0.0s remaining:    0.0s
[Parallel(n_jobs=8)]: Done   9 out of   9 | elapsed:    0.0s finished
[Parallel(n_jobs=8)]: Using backend LokyBackend with 8 concurrent workers.
[Parallel(n_jobs=8)]: Done  12 tasks      | elapsed:    0.3s
[Parallel(n_jobs=8)]: Done  36 out of  36 | elapsed:    0.9s finished
[Parallel(n_jobs=8)]: Using backend LokyBackend with 8 concurrent workers.
[Parallel(n_jobs=8)]: Done   4 out of   9 | elapsed:    0.0s remaining:    0.0s
[Parallel(n_jobs=8)]: Done   6 out of   9 | elapsed:    0.0s remaining:    0.0s
[Parallel(n_jobs=8)]: Done   9 out of   9 | elapsed:    0.0s finished
[Parallel(n_jobs=8)]: Using backend LokyBackend with 8 concurrent workers.
[Parallel(n_jobs=8)]: Done  12 tasks      | elapsed:    0.3s
[Parallel(n_jobs=8)]: Done  36 out of  36 | elapsed:    0.8s finished
[Parallel(n_jobs=8)]: Using backend LokyBackend with 8 concurrent workers.
[Parallel(n_jobs=8)]: Done   4 out of   9 | elapsed:    0.0s remaining:    0.0s
[Parallel(n_jobs=8)]: Done   6 out of   9 | elapsed:    0.0s remaining:    0.0s
[Parallel(n_jobs=8)]: Done   9 out of   9 | elapsed:    0.0s finished
[Parallel(n_jobs=8)]: Using backend LokyBackend with 8 concurrent workers.
[Parallel(n_jobs=8)]: Done  12 tasks      | elapsed:    0.3s
[Parallel(n_jobs=8)]: Done  36 out of  36 | elapsed:    0.9s finished
[Parallel(n_jobs=8)]: Using backend LokyBackend with 8 concurrent workers.
[Parallel(n_jobs=8)]: Done   4 out of   9 | elapsed:    0.0s remaining:    0.0s
[Parallel(n_jobs=8)]: Done   6 out of   9 | elapsed:    0.0s remaining:    0.0s
[Parallel(n_jobs=8)]: Done   9 out of   9 | elapsed:    0.0s finished
[Parallel(n_jobs=8)]: Using backend LokyBackend with 8 concurrent workers.
[Parallel(n_jobs=8)]: Done  12 tasks      | elapsed:    0.3s
[Parallel(n_jobs=8)]: Done  36 out of  36 | elapsed:    0.9s finished
[Parallel(n_jobs=8)]: Using backend LokyBackend with 8 concurrent workers.
[Parallel(n_jobs=8)]: Done   4 out of   9 | elapsed:    0.0s remaining:    0.0s
[Parallel(n_jobs=8)]: Done   6 out of   9 | elapsed:    0.0s remaining:    0.0s
[Parallel(n_jobs=8)]: Done   9 out of   9 | elapsed:    0.0s finished
[Parallel(n_jobs=8)]: Using backend LokyBackend with 8 concurrent workers.
[Parallel(n_jobs=8)]: Done  12 tasks      | elapsed:    0.3s
[Parallel(n_jobs=8)]: Done  36 out of  36 | elapsed:    0.9s finished
[Parallel(n_jobs=8)]: Using backend LokyBackend with 8 concurrent workers.
[Parallel(n_jobs=8)]: Done   4 out of   9 | elapsed:    0.0s remaining:    0.0s
[Parallel(n_jobs=8)]: Done   6 out of   9 | elapsed:    0.0s remaining:    0.0s
[Parallel(n_jobs=8)]: Done   9 out of   9 | elapsed:    0.0s finished
[Parallel(n_jobs=8)]: Using backend LokyBackend with 8 concurrent workers.
[Parallel(n_jobs=8)]: Done  12 tasks      | elapsed:    0.4s
[Parallel(n_jobs=8)]: Done  36 out of  36 | elapsed:    0.9s finished
[Parallel(n_jobs=8)]: Using backend LokyBackend with 8 concurrent workers.
[Parallel(n_jobs=8)]: Done   4 out of   9 | elapsed:    0.0s remaining:    0.0s
[Parallel(n_jobs=8)]: Done   6 out of   9 | elapsed:    0.0s remaining:    0.0s
[Parallel(n_jobs=8)]: Done   9 out of   9 | elapsed:    0.0s finished
[Parallel(n_jobs=8)]: Using backend LokyBackend with 8 concurrent workers.
[Parallel(n_jobs=8)]: Done  12 tasks      | elapsed:    0.3s
[Parallel(n_jobs=8)]: Done  36 out of  36 | elapsed:    0.8s finished
[Parallel(n_jobs=8)]: Using backend LokyBackend with 8 concurrent workers.
[Parallel(n_jobs=8)]: Done   4 out of   9 | elapsed:    0.0s remaining:    0.0s
[Parallel(n_jobs=8)]: Done   6 out of   9 | elapsed:    0.0s remaining:    0.0s
[Parallel(n_jobs=8)]: Done   9 out of   9 | elapsed:    0.0s finished
[Parallel(n_jobs=8)]: Using backend LokyBackend with 8 concurrent workers.
[Parallel(n_jobs=8)]: Done  12 tasks      | elapsed:    0.3s
[Parallel(n_jobs=8)]: Done  36 out of  36 | elapsed:    0.8s finished
[Parallel(n_jobs=8)]: Using backend LokyBackend with 8 concurrent workers.
[Parallel(n_jobs=8)]: Done   4 out of   9 | elapsed:    0.0s remaining:    0.0s
[Parallel(n_jobs=8)]: Done   6 out of   9 | elapsed:    0.0s remaining:    0.0s
[Parallel(n_jobs=8)]: Done   9 out of   9 | elapsed:    0.0s finished
[Parallel(n_jobs=8)]: Using backend LokyBackend with 8 concurrent workers.
[Parallel(n_jobs=8)]: Done  12 tasks      | elapsed:    0.3s
[Parallel(n_jobs=8)]: Done  36 out of  36 | elapsed:    0.8s finished
[Parallel(n_jobs=8)]: Using backend LokyBackend with 8 concurrent workers.
[Parallel(n_jobs=8)]: Done   4 out of   9 | elapsed:    0.0s remaining:    0.0s
[Parallel(n_jobs=8)]: Done   6 out of   9 | elapsed:    0.0s remaining:    0.0s
[Parallel(n_jobs=8)]: Done   9 out of   9 | elapsed:    0.0s finished
[Parallel(n_jobs=8)]: Using backend LokyBackend with 8 concurrent workers.
[Parallel(n_jobs=8)]: Done  12 tasks      | elapsed:    0.3s
[Parallel(n_jobs=8)]: Done  36 out of  36 | elapsed:    0.8s finished
[Parallel(n_jobs=8)]: Using backend LokyBackend with 8 concurrent workers.
[Parallel(n_jobs=8)]: Done   4 out of   9 | elapsed:    0.0s remaining:    0.0s
[Parallel(n_jobs=8)]: Done   6 out of   9 | elapsed:    0.0s remaining:    0.0s
[Parallel(n_jobs=8)]: Done   9 out of   9 | elapsed:    0.0s finished
[Parallel(n_jobs=8)]: Using backend LokyBackend with 8 concurrent workers.
[Parallel(n_jobs=8)]: Done  12 tasks      | elapsed:    0.3s
[Parallel(n_jobs=8)]: Done  36 out of  36 | elapsed:    0.8s finished
[Parallel(n_jobs=8)]: Using backend LokyBackend with 8 concurrent workers.
[Parallel(n_jobs=8)]: Done   4 out of   9 | elapsed:    0.0s remaining:    0.0s
[Parallel(n_jobs=8)]: Done   6 out of   9 | elapsed:    0.0s remaining:    0.0s
[Parallel(n_jobs=8)]: Done   9 out of   9 | elapsed:    0.0s finished
[Parallel(n_jobs=8)]: Using backend LokyBackend with 8 concurrent workers.
[Parallel(n_jobs=8)]: Done  12 tasks      | elapsed:    0.3s
[Parallel(n_jobs=8)]: Done  36 out of  36 | elapsed:    0.8s finished
[Parallel(n_jobs=8)]: Using backend LokyBackend with 8 concurrent workers.
[Parallel(n_jobs=8)]: Done   4 out of   9 | elapsed:    0.0s remaining:    0.0s
[Parallel(n_jobs=8)]: Done   6 out of   9 | elapsed:    0.0s remaining:    0.0s
[Parallel(n_jobs=8)]: Done   9 out of   9 | elapsed:    0.0s finished
[Parallel(n_jobs=8)]: Using backend LokyBackend with 8 concurrent workers.
[Parallel(n_jobs=8)]: Done  12 tasks      | elapsed:    0.3s
[Parallel(n_jobs=8)]: Done  36 out of  36 | elapsed:    0.8s finished
[Parallel(n_jobs=8)]: Using backend LokyBackend with 8 concurrent workers.
[Parallel(n_jobs=8)]: Done   4 out of   9 | elapsed:    0.0s remaining:    0.0s
[Parallel(n_jobs=8)]: Done   6 out of   9 | elapsed:    0.0s remaining:    0.0s
[Parallel(n_jobs=8)]: Done   9 out of   9 | elapsed:    0.0s finished
[Parallel(n_jobs=8)]: Using backend LokyBackend with 8 concurrent workers.
[Parallel(n_jobs=8)]: Done  12 tasks      | elapsed:    0.3s
[Parallel(n_jobs=8)]: Done  36 out of  36 | elapsed:    0.9s finished
[Parallel(n_jobs=8)]: Using backend LokyBackend with 8 concurrent workers.
[Parallel(n_jobs=8)]: Done   4 out of   9 | elapsed:    0.0s remaining:    0.0s
[Parallel(n_jobs=8)]: Done   6 out of   9 | elapsed:    0.0s remaining:    0.0s
[Parallel(n_jobs=8)]: Done   9 out of   9 | elapsed:    0.0s finished
[Parallel(n_jobs=8)]: Using backend LokyBackend with 8 concurrent workers.
[Parallel(n_jobs=8)]: Done  12 tasks      | elapsed:    0.3s
[Parallel(n_jobs=8)]: Done  36 out of  36 | elapsed:    0.9s finished
[Parallel(n_jobs=8)]: Using backend LokyBackend with 8 concurrent workers.
[Parallel(n_jobs=8)]: Done   4 out of   9 | elapsed:    0.0s remaining:    0.0s
[Parallel(n_jobs=8)]: Done   6 out of   9 | elapsed:    0.0s remaining:    0.0s
[Parallel(n_jobs=8)]: Done   9 out of   9 | elapsed:    0.0s finished
[Parallel(n_jobs=8)]: Using backend LokyBackend with 8 concurrent workers.
[Parallel(n_jobs=8)]: Done  12 tasks      | elapsed:    0.3s
[Parallel(n_jobs=8)]: Done  36 out of  36 | elapsed:    0.8s finished
[Parallel(n_jobs=8)]: Using backend LokyBackend with 8 concurrent workers.
[Parallel(n_jobs=8)]: Done   4 out of   9 | elapsed:    0.0s remaining:    0.0s
[Parallel(n_jobs=8)]: Done   6 out of   9 | elapsed:    0.0s remaining:    0.0s
[Parallel(n_jobs=8)]: Done   9 out of   9 | elapsed:    0.0s finished
[Parallel(n_jobs=8)]: Using backend LokyBackend with 8 concurrent workers.
[Parallel(n_jobs=8)]: Done  12 tasks      | elapsed:    0.3s
[Parallel(n_jobs=8)]: Done  36 out of  36 | elapsed:    0.8s finished
[Parallel(n_jobs=8)]: Using backend LokyBackend with 8 concurrent workers.
[Parallel(n_jobs=8)]: Done   4 out of   9 | elapsed:    0.0s remaining:    0.0s
[Parallel(n_jobs=8)]: Done   6 out of   9 | elapsed:    0.0s remaining:    0.0s
[Parallel(n_jobs=8)]: Done   9 out of   9 | elapsed:    0.0s finished
[Parallel(n_jobs=8)]: Using backend LokyBackend with 8 concurrent workers.
[Parallel(n_jobs=8)]: Done  12 tasks      | elapsed:    0.3s
[Parallel(n_jobs=8)]: Done  36 out of  36 | elapsed:    0.9s finished
[Parallel(n_jobs=8)]: Using backend LokyBackend with 8 concurrent workers.
[Parallel(n_jobs=8)]: Done   4 out of   9 | elapsed:    0.0s remaining:    0.0s
[Parallel(n_jobs=8)]: Done   6 out of   9 | elapsed:    0.0s remaining:    0.0s
[Parallel(n_jobs=8)]: Done   9 out of   9 | elapsed:    0.0s finished
[Parallel(n_jobs=8)]: Using backend LokyBackend with 8 concurrent workers.
[Parallel(n_jobs=8)]: Done  12 tasks      | elapsed:    0.3s
[Parallel(n_jobs=8)]: Done  36 out of  36 | elapsed:    0.8s finished
[Parallel(n_jobs=8)]: Using backend LokyBackend with 8 concurrent workers.
[Parallel(n_jobs=8)]: Done   4 out of   9 | elapsed:    0.0s remaining:    0.0s
[Parallel(n_jobs=8)]: Done   6 out of   9 | elapsed:    0.0s remaining:    0.0s
[Parallel(n_jobs=8)]: Done   9 out of   9 | elapsed:    0.0s finished
[Parallel(n_jobs=8)]: Using backend LokyBackend with 8 concurrent workers.
[Parallel(n_jobs=8)]: Done  12 tasks      | elapsed:    0.3s
[Parallel(n_jobs=8)]: Done  36 out of  36 | elapsed:    0.8s finished
[Parallel(n_jobs=8)]: Using backend LokyBackend with 8 concurrent workers.
[Parallel(n_jobs=8)]: Done   4 out of   9 | elapsed:    0.0s remaining:    0.0s
[Parallel(n_jobs=8)]: Done   6 out of   9 | elapsed:    0.0s remaining:    0.0s
[Parallel(n_jobs=8)]: Done   9 out of   9 | elapsed:    0.0s finished
[Parallel(n_jobs=8)]: Using backend LokyBackend with 8 concurrent workers.
[Parallel(n_jobs=8)]: Done  12 tasks      | elapsed:    0.3s
[Parallel(n_jobs=8)]: Done  36 out of  36 | elapsed:    0.8s finished
[Parallel(n_jobs=8)]: Using backend LokyBackend with 8 concurrent workers.
[Parallel(n_jobs=8)]: Done   4 out of   9 | elapsed:    0.0s remaining:    0.0s
[Parallel(n_jobs=8)]: Done   6 out of   9 | elapsed:    0.0s remaining:    0.0s
[Parallel(n_jobs=8)]: Done   9 out of   9 | elapsed:    0.0s finished
[Parallel(n_jobs=8)]: Using backend LokyBackend with 8 concurrent workers.
[Parallel(n_jobs=8)]: Done  12 tasks      | elapsed:    0.3s
[Parallel(n_jobs=8)]: Done  36 out of  36 | elapsed:    0.9s finished
[Parallel(n_jobs=8)]: Using backend LokyBackend with 8 concurrent workers.
[Parallel(n_jobs=8)]: Done   4 out of   9 | elapsed:    0.0s remaining:    0.0s
[Parallel(n_jobs=8)]: Done   6 out of   9 | elapsed:    0.0s remaining:    0.0s
[Parallel(n_jobs=8)]: Done   9 out of   9 | elapsed:    0.0s finished
[Parallel(n_jobs=8)]: Using backend LokyBackend with 8 concurrent workers.
[Parallel(n_jobs=8)]: Done  12 tasks      | elapsed:    0.3s
[Parallel(n_jobs=8)]: Done  36 out of  36 | elapsed:    0.9s finished
[Parallel(n_jobs=8)]: Using backend LokyBackend with 8 concurrent workers.
[Parallel(n_jobs=8)]: Done   4 out of   9 | elapsed:    0.0s remaining:    0.0s
[Parallel(n_jobs=8)]: Done   6 out of   9 | elapsed:    0.0s remaining:    0.0s
[Parallel(n_jobs=8)]: Done   9 out of   9 | elapsed:    0.0s finished
[Parallel(n_jobs=8)]: Using backend LokyBackend with 8 concurrent workers.
[Parallel(n_jobs=8)]: Done  12 tasks      | elapsed:    0.3s
[Parallel(n_jobs=8)]: Done  36 out of  36 | elapsed:    0.9s finished
[Parallel(n_jobs=8)]: Using backend LokyBackend with 8 concurrent workers.
[Parallel(n_jobs=8)]: Done   4 out of   9 | elapsed:    0.0s remaining:    0.0s
[Parallel(n_jobs=8)]: Done   6 out of   9 | elapsed:    0.0s remaining:    0.0s
[Parallel(n_jobs=8)]: Done   9 out of   9 | elapsed:    0.0s finished
[Parallel(n_jobs=8)]: Using backend LokyBackend with 8 concurrent workers.
[Parallel(n_jobs=8)]: Done  12 tasks      | elapsed:    0.3s
[Parallel(n_jobs=8)]: Done  36 out of  36 | elapsed:    0.9s finished
[Parallel(n_jobs=8)]: Using backend LokyBackend with 8 concurrent workers.
[Parallel(n_jobs=8)]: Done   4 out of   9 | elapsed:    0.0s remaining:    0.0s
[Parallel(n_jobs=8)]: Done   6 out of   9 | elapsed:    0.0s remaining:    0.0s
[Parallel(n_jobs=8)]: Done   9 out of   9 | elapsed:    0.0s finished
[Parallel(n_jobs=8)]: Using backend LokyBackend with 8 concurrent workers.
[Parallel(n_jobs=8)]: Done  12 tasks      | elapsed:    0.3s
[Parallel(n_jobs=8)]: Done  36 out of  36 | elapsed:    0.9s finished
[Parallel(n_jobs=8)]: Using backend LokyBackend with 8 concurrent workers.
[Parallel(n_jobs=8)]: Done   4 out of   9 | elapsed:    0.0s remaining:    0.0s
[Parallel(n_jobs=8)]: Done   6 out of   9 | elapsed:    0.0s remaining:    0.0s
[Parallel(n_jobs=8)]: Done   9 out of   9 | elapsed:    0.0s finished
[Parallel(n_jobs=8)]: Using backend LokyBackend with 8 concurrent workers.
[Parallel(n_jobs=8)]: Done  12 tasks      | elapsed:    0.3s
[Parallel(n_jobs=8)]: Done  36 out of  36 | elapsed:    0.9s finished
[Parallel(n_jobs=8)]: Using backend LokyBackend with 8 concurrent workers.
[Parallel(n_jobs=8)]: Done   4 out of   9 | elapsed:    0.0s remaining:    0.0s
[Parallel(n_jobs=8)]: Done   6 out of   9 | elapsed:    0.0s remaining:    0.0s
[Parallel(n_jobs=8)]: Done   9 out of   9 | elapsed:    0.0s finished
[Parallel(n_jobs=8)]: Using backend LokyBackend with 8 concurrent workers.
[Parallel(n_jobs=8)]: Done  12 tasks      | elapsed:    0.3s
[Parallel(n_jobs=8)]: Done  36 out of  36 | elapsed:    0.9s finished
[Parallel(n_jobs=8)]: Using backend LokyBackend with 8 concurrent workers.
[Parallel(n_jobs=8)]: Done   4 out of   9 | elapsed:    0.0s remaining:    0.0s
[Parallel(n_jobs=8)]: Done   6 out of   9 | elapsed:    0.0s remaining:    0.0s
[Parallel(n_jobs=8)]: Done   9 out of   9 | elapsed:    0.0s finished
[Parallel(n_jobs=8)]: Using backend LokyBackend with 8 concurrent workers.
[Parallel(n_jobs=8)]: Done  12 tasks      | elapsed:    0.3s
[Parallel(n_jobs=8)]: Done  36 out of  36 | elapsed:    0.9s finished
[Parallel(n_jobs=8)]: Using backend LokyBackend with 8 concurrent workers.
[Parallel(n_jobs=8)]: Done   4 out of   9 | elapsed:    0.0s remaining:    0.0s
[Parallel(n_jobs=8)]: Done   6 out of   9 | elapsed:    0.0s remaining:    0.0s
[Parallel(n_jobs=8)]: Done   9 out of   9 | elapsed:    0.0s finished
[Parallel(n_jobs=8)]: Using backend LokyBackend with 8 concurrent workers.
[Parallel(n_jobs=8)]: Done  12 tasks      | elapsed:    0.3s
[Parallel(n_jobs=8)]: Done  36 out of  36 | elapsed:    1.0s finished
[Parallel(n_jobs=8)]: Using backend LokyBackend with 8 concurrent workers.
[Parallel(n_jobs=8)]: Done   4 out of   9 | elapsed:    0.0s remaining:    0.0s
[Parallel(n_jobs=8)]: Done   6 out of   9 | elapsed:    0.0s remaining:    0.0s
[Parallel(n_jobs=8)]: Done   9 out of   9 | elapsed:    0.0s finished
[Parallel(n_jobs=8)]: Using backend LokyBackend with 8 concurrent workers.
[Parallel(n_jobs=8)]: Done  12 tasks      | elapsed:    0.4s
[Parallel(n_jobs=8)]: Done  36 out of  36 | elapsed:    1.2s finished
[Parallel(n_jobs=8)]: Using backend LokyBackend with 8 concurrent workers.
[Parallel(n_jobs=8)]: Done   4 out of   9 | elapsed:    0.0s remaining:    0.0s
[Parallel(n_jobs=8)]: Done   6 out of   9 | elapsed:    0.0s remaining:    0.0s
[Parallel(n_jobs=8)]: Done   9 out of   9 | elapsed:    0.1s finished
[Parallel(n_jobs=8)]: Using backend LokyBackend with 8 concurrent workers.
[Parallel(n_jobs=8)]: Done  12 tasks      | elapsed:    0.5s
[Parallel(n_jobs=8)]: Done  36 out of  36 | elapsed:    1.4s finished
[Parallel(n_jobs=8)]: Using backend LokyBackend with 8 concurrent workers.
[Parallel(n_jobs=8)]: Done   4 out of   9 | elapsed:    0.0s remaining:    0.0s
[Parallel(n_jobs=8)]: Done   6 out of   9 | elapsed:    0.0s remaining:    0.0s
[Parallel(n_jobs=8)]: Done   9 out of   9 | elapsed:    0.1s finished
[Parallel(n_jobs=8)]: Using backend LokyBackend with 8 concurrent workers.
[Parallel(n_jobs=8)]: Done  12 tasks      | elapsed:    0.5s
[Parallel(n_jobs=8)]: Done  36 out of  36 | elapsed:    1.5s finished
[Parallel(n_jobs=8)]: Using backend LokyBackend with 8 concurrent workers.
[Parallel(n_jobs=8)]: Done   4 out of   9 | elapsed:    0.0s remaining:    0.1s
[Parallel(n_jobs=8)]: Done   6 out of   9 | elapsed:    0.1s remaining:    0.0s
[Parallel(n_jobs=8)]: Done   9 out of   9 | elapsed:    0.1s finished
[Parallel(n_jobs=8)]: Using backend LokyBackend with 8 concurrent workers.
[Parallel(n_jobs=8)]: Done  12 tasks      | elapsed:    0.6s
[Parallel(n_jobs=8)]: Done  36 out of  36 | elapsed:    1.5s finished
[Parallel(n_jobs=8)]: Using backend LokyBackend with 8 concurrent workers.
[Parallel(n_jobs=8)]: Done   4 out of   9 | elapsed:    0.0s remaining:    0.0s
[Parallel(n_jobs=8)]: Done   6 out of   9 | elapsed:    0.1s remaining:    0.0s
[Parallel(n_jobs=8)]: Done   9 out of   9 | elapsed:    0.1s finished
[Parallel(n_jobs=8)]: Using backend LokyBackend with 8 concurrent workers.
[Parallel(n_jobs=8)]: Done  12 tasks      | elapsed:    0.4s
[Parallel(n_jobs=8)]: Done  36 out of  36 | elapsed:    0.9s finished
[Parallel(n_jobs=8)]: Using backend LokyBackend with 8 concurrent workers.
[Parallel(n_jobs=8)]: Done   4 out of   9 | elapsed:    0.0s remaining:    0.0s
[Parallel(n_jobs=8)]: Done   6 out of   9 | elapsed:    0.0s remaining:    0.0s
[Parallel(n_jobs=8)]: Done   9 out of   9 | elapsed:    0.1s finished
[Parallel(n_jobs=8)]: Using backend LokyBackend with 8 concurrent workers.
[Parallel(n_jobs=8)]: Done  12 tasks      | elapsed:    0.3s
[Parallel(n_jobs=8)]: Done  36 out of  36 | elapsed:    0.8s finished
[Parallel(n_jobs=8)]: Using backend LokyBackend with 8 concurrent workers.
[Parallel(n_jobs=8)]: Done   4 out of   9 | elapsed:    0.0s remaining:    0.0s
[Parallel(n_jobs=8)]: Done   6 out of   9 | elapsed:    0.0s remaining:    0.0s
[Parallel(n_jobs=8)]: Done   9 out of   9 | elapsed:    0.1s finished
[Parallel(n_jobs=8)]: Using backend LokyBackend with 8 concurrent workers.
[Parallel(n_jobs=8)]: Done  12 tasks      | elapsed:    0.3s
[Parallel(n_jobs=8)]: Done  36 out of  36 | elapsed:    0.8s finished
[Parallel(n_jobs=8)]: Using backend LokyBackend with 8 concurrent workers.
[Parallel(n_jobs=8)]: Done   4 out of   9 | elapsed:    0.0s remaining:    0.0s
[Parallel(n_jobs=8)]: Done   6 out of   9 | elapsed:    0.0s remaining:    0.0s
[Parallel(n_jobs=8)]: Done   9 out of   9 | elapsed:    0.0s finished
[Parallel(n_jobs=8)]: Using backend LokyBackend with 8 concurrent workers.
[Parallel(n_jobs=8)]: Done  12 tasks      | elapsed:    0.3s
[Parallel(n_jobs=8)]: Done  36 out of  36 | elapsed:    0.8s finished
[Parallel(n_jobs=8)]: Using backend LokyBackend with 8 concurrent workers.
[Parallel(n_jobs=8)]: Done   4 out of   9 | elapsed:    0.0s remaining:    0.0s
[Parallel(n_jobs=8)]: Done   6 out of   9 | elapsed:    0.0s remaining:    0.0s
[Parallel(n_jobs=8)]: Done   9 out of   9 | elapsed:    0.1s finished
[Parallel(n_jobs=8)]: Using backend LokyBackend with 8 concurrent workers.
[Parallel(n_jobs=8)]: Done  12 tasks      | elapsed:    0.3s
[Parallel(n_jobs=8)]: Done  36 out of  36 | elapsed:    0.8s finished
[Parallel(n_jobs=8)]: Using backend LokyBackend with 8 concurrent workers.
[Parallel(n_jobs=8)]: Done   4 out of   9 | elapsed:    0.0s remaining:    0.0s
[Parallel(n_jobs=8)]: Done   6 out of   9 | elapsed:    0.0s remaining:    0.0s
[Parallel(n_jobs=8)]: Done   9 out of   9 | elapsed:    0.1s finished
[Parallel(n_jobs=8)]: Using backend LokyBackend with 8 concurrent workers.
[Parallel(n_jobs=8)]: Done  12 tasks      | elapsed:    0.3s
[Parallel(n_jobs=8)]: Done  36 out of  36 | elapsed:    0.8s finished
[Parallel(n_jobs=8)]: Using backend LokyBackend with 8 concurrent workers.
[Parallel(n_jobs=8)]: Done   4 out of   9 | elapsed:    0.0s remaining:    0.0s
[Parallel(n_jobs=8)]: Done   6 out of   9 | elapsed:    0.0s remaining:    0.0s
[Parallel(n_jobs=8)]: Done   9 out of   9 | elapsed:    0.1s finished
[Parallel(n_jobs=8)]: Using backend LokyBackend with 8 concurrent workers.
[Parallel(n_jobs=8)]: Done  12 tasks      | elapsed:    0.3s
[Parallel(n_jobs=8)]: Done  36 out of  36 | elapsed:    0.8s finished
[Parallel(n_jobs=8)]: Using backend LokyBackend with 8 concurrent workers.
[Parallel(n_jobs=8)]: Done   4 out of   9 | elapsed:    0.0s remaining:    0.0s
[Parallel(n_jobs=8)]: Done   6 out of   9 | elapsed:    0.0s remaining:    0.0s
[Parallel(n_jobs=8)]: Done   9 out of   9 | elapsed:    0.1s finished
[Parallel(n_jobs=8)]: Using backend LokyBackend with 8 concurrent workers.
[Parallel(n_jobs=8)]: Done  12 tasks      | elapsed:    0.3s
[Parallel(n_jobs=8)]: Done  36 out of  36 | elapsed:    0.8s finished
[Parallel(n_jobs=8)]: Using backend LokyBackend with 8 concurrent workers.
[Parallel(n_jobs=8)]: Done   4 out of   9 | elapsed:    0.0s remaining:    0.0s
[Parallel(n_jobs=8)]: Done   6 out of   9 | elapsed:    0.0s remaining:    0.0s
[Parallel(n_jobs=8)]: Done   9 out of   9 | elapsed:    0.1s finished
[Parallel(n_jobs=8)]: Using backend LokyBackend with 8 concurrent workers.
[Parallel(n_jobs=8)]: Done  12 tasks      | elapsed:    0.3s
[Parallel(n_jobs=8)]: Done  36 out of  36 | elapsed:    0.8s finished
[Parallel(n_jobs=8)]: Using backend LokyBackend with 8 concurrent workers.
[Parallel(n_jobs=8)]: Done   4 out of   9 | elapsed:    0.0s remaining:    0.0s
[Parallel(n_jobs=8)]: Done   6 out of   9 | elapsed:    0.0s remaining:    0.0s
[Parallel(n_jobs=8)]: Done   9 out of   9 | elapsed:    0.1s finished
[Parallel(n_jobs=8)]: Using backend LokyBackend with 8 concurrent workers.
[Parallel(n_jobs=8)]: Done  12 tasks      | elapsed:    0.3s
[Parallel(n_jobs=8)]: Done  36 out of  36 | elapsed:    0.8s finished
[Parallel(n_jobs=8)]: Using backend LokyBackend with 8 concurrent workers.
[Parallel(n_jobs=8)]: Done   4 out of   9 | elapsed:    0.0s remaining:    0.0s
[Parallel(n_jobs=8)]: Done   6 out of   9 | elapsed:    0.0s remaining:    0.0s
[Parallel(n_jobs=8)]: Done   9 out of   9 | elapsed:    0.0s finished
[Parallel(n_jobs=8)]: Using backend LokyBackend with 8 concurrent workers.
[Parallel(n_jobs=8)]: Done  12 tasks      | elapsed:    0.3s
[Parallel(n_jobs=8)]: Done  36 out of  36 | elapsed:    0.8s finished
[Parallel(n_jobs=8)]: Using backend LokyBackend with 8 concurrent workers.
[Parallel(n_jobs=8)]: Done   4 out of   9 | elapsed:    0.0s remaining:    0.0s
[Parallel(n_jobs=8)]: Done   6 out of   9 | elapsed:    0.0s remaining:    0.0s
[Parallel(n_jobs=8)]: Done   9 out of   9 | elapsed:    0.0s finished
[Parallel(n_jobs=8)]: Using backend LokyBackend with 8 concurrent workers.
[Parallel(n_jobs=8)]: Done  12 tasks      | elapsed:    0.3s
[Parallel(n_jobs=8)]: Done  36 out of  36 | elapsed:    0.8s finished
[Parallel(n_jobs=8)]: Using backend LokyBackend with 8 concurrent workers.
[Parallel(n_jobs=8)]: Done   4 out of   9 | elapsed:    0.0s remaining:    0.0s
[Parallel(n_jobs=8)]: Done   6 out of   9 | elapsed:    0.0s remaining:    0.0s
[Parallel(n_jobs=8)]: Done   9 out of   9 | elapsed:    0.0s finished
[Parallel(n_jobs=8)]: Using backend LokyBackend with 8 concurrent workers.
[Parallel(n_jobs=8)]: Done  12 tasks      | elapsed:    0.3s
[Parallel(n_jobs=8)]: Done  36 out of  36 | elapsed:    0.8s finished
[Parallel(n_jobs=8)]: Using backend LokyBackend with 8 concurrent workers.
[Parallel(n_jobs=8)]: Done   4 out of   9 | elapsed:    0.0s remaining:    0.0s
[Parallel(n_jobs=8)]: Done   6 out of   9 | elapsed:    0.0s remaining:    0.0s
[Parallel(n_jobs=8)]: Done   9 out of   9 | elapsed:    0.0s finished
[Parallel(n_jobs=8)]: Using backend LokyBackend with 8 concurrent workers.
[Parallel(n_jobs=8)]: Done  12 tasks      | elapsed:    0.3s
[Parallel(n_jobs=8)]: Done  36 out of  36 | elapsed:    0.8s finished
[Parallel(n_jobs=8)]: Using backend LokyBackend with 8 concurrent workers.
[Parallel(n_jobs=8)]: Done   4 out of   9 | elapsed:    0.0s remaining:    0.0s
[Parallel(n_jobs=8)]: Done   6 out of   9 | elapsed:    0.0s remaining:    0.0s
[Parallel(n_jobs=8)]: Done   9 out of   9 | elapsed:    0.0s finished
[Parallel(n_jobs=8)]: Using backend LokyBackend with 8 concurrent workers.
[Parallel(n_jobs=8)]: Done  12 tasks      | elapsed:    0.3s
[Parallel(n_jobs=8)]: Done  36 out of  36 | elapsed:    0.8s finished
[Parallel(n_jobs=8)]: Using backend LokyBackend with 8 concurrent workers.
[Parallel(n_jobs=8)]: Done   4 out of   9 | elapsed:    0.0s remaining:    0.0s
[Parallel(n_jobs=8)]: Done   6 out of   9 | elapsed:    0.0s remaining:    0.0s
[Parallel(n_jobs=8)]: Done   9 out of   9 | elapsed:    0.0s finished
[Parallel(n_jobs=8)]: Using backend LokyBackend with 8 concurrent workers.
[Parallel(n_jobs=8)]: Done  12 tasks      | elapsed:    0.3s
[Parallel(n_jobs=8)]: Done  36 out of  36 | elapsed:    0.9s finished
[Parallel(n_jobs=8)]: Using backend LokyBackend with 8 concurrent workers.
[Parallel(n_jobs=8)]: Done   4 out of   9 | elapsed:    0.0s remaining:    0.0s
[Parallel(n_jobs=8)]: Done   6 out of   9 | elapsed:    0.0s remaining:    0.0s
[Parallel(n_jobs=8)]: Done   9 out of   9 | elapsed:    0.0s finished
[Parallel(n_jobs=8)]: Using backend LokyBackend with 8 concurrent workers.
[Parallel(n_jobs=8)]: Done  12 tasks      | elapsed:    0.3s
[Parallel(n_jobs=8)]: Done  36 out of  36 | elapsed:    0.9s finished
[Parallel(n_jobs=8)]: Using backend LokyBackend with 8 concurrent workers.
[Parallel(n_jobs=8)]: Done   4 out of   9 | elapsed:    0.0s remaining:    0.0s
[Parallel(n_jobs=8)]: Done   6 out of   9 | elapsed:    0.0s remaining:    0.0s
[Parallel(n_jobs=8)]: Done   9 out of   9 | elapsed:    0.0s finished
[Parallel(n_jobs=8)]: Using backend LokyBackend with 8 concurrent workers.
[Parallel(n_jobs=8)]: Done  12 tasks      | elapsed:    0.3s
[Parallel(n_jobs=8)]: Done  36 out of  36 | elapsed:    0.9s finished
[Parallel(n_jobs=8)]: Using backend LokyBackend with 8 concurrent workers.
[Parallel(n_jobs=8)]: Done   4 out of   9 | elapsed:    0.0s remaining:    0.0s
[Parallel(n_jobs=8)]: Done   6 out of   9 | elapsed:    0.0s remaining:    0.0s
[Parallel(n_jobs=8)]: Done   9 out of   9 | elapsed:    0.0s finished
[Parallel(n_jobs=8)]: Using backend LokyBackend with 8 concurrent workers.
[Parallel(n_jobs=8)]: Done  12 tasks      | elapsed:    0.3s
[Parallel(n_jobs=8)]: Done  36 out of  36 | elapsed:    0.9s finished
[Parallel(n_jobs=8)]: Using backend LokyBackend with 8 concurrent workers.
[Parallel(n_jobs=8)]: Done   4 out of   9 | elapsed:    0.0s remaining:    0.0s
[Parallel(n_jobs=8)]: Done   6 out of   9 | elapsed:    0.0s remaining:    0.0s
[Parallel(n_jobs=8)]: Done   9 out of   9 | elapsed:    0.0s finished
[Parallel(n_jobs=8)]: Using backend LokyBackend with 8 concurrent workers.
[Parallel(n_jobs=8)]: Done  12 tasks      | elapsed:    0.3s
[Parallel(n_jobs=8)]: Done  36 out of  36 | elapsed:    0.9s finished
[Parallel(n_jobs=8)]: Using backend LokyBackend with 8 concurrent workers.
[Parallel(n_jobs=8)]: Done   4 out of   9 | elapsed:    0.0s remaining:    0.0s
[Parallel(n_jobs=8)]: Done   6 out of   9 | elapsed:    0.0s remaining:    0.0s
[Parallel(n_jobs=8)]: Done   9 out of   9 | elapsed:    0.0s finished
[Parallel(n_jobs=8)]: Using backend LokyBackend with 8 concurrent workers.
[Parallel(n_jobs=8)]: Done  12 tasks      | elapsed:    0.3s
[Parallel(n_jobs=8)]: Done  36 out of  36 | elapsed:    0.9s finished
[Parallel(n_jobs=8)]: Using backend LokyBackend with 8 concurrent workers.
[Parallel(n_jobs=8)]: Done   4 out of   9 | elapsed:    0.0s remaining:    0.0s
[Parallel(n_jobs=8)]: Done   6 out of   9 | elapsed:    0.0s remaining:    0.0s
[Parallel(n_jobs=8)]: Done   9 out of   9 | elapsed:    0.0s finished
[Parallel(n_jobs=8)]: Using backend LokyBackend with 8 concurrent workers.
[Parallel(n_jobs=8)]: Done  12 tasks      | elapsed:    0.3s
[Parallel(n_jobs=8)]: Done  36 out of  36 | elapsed:    0.9s finished
[Parallel(n_jobs=8)]: Using backend LokyBackend with 8 concurrent workers.
[Parallel(n_jobs=8)]: Done   4 out of   9 | elapsed:    0.0s remaining:    0.0s
[Parallel(n_jobs=8)]: Done   6 out of   9 | elapsed:    0.0s remaining:    0.0s
[Parallel(n_jobs=8)]: Done   9 out of   9 | elapsed:    0.0s finished
[Parallel(n_jobs=8)]: Using backend LokyBackend with 8 concurrent workers.
[Parallel(n_jobs=8)]: Done  12 tasks      | elapsed:    0.3s
[Parallel(n_jobs=8)]: Done  36 out of  36 | elapsed:    0.9s finished
[Parallel(n_jobs=8)]: Using backend LokyBackend with 8 concurrent workers.
[Parallel(n_jobs=8)]: Done   4 out of   9 | elapsed:    0.0s remaining:    0.0s
[Parallel(n_jobs=8)]: Done   6 out of   9 | elapsed:    0.0s remaining:    0.0s
[Parallel(n_jobs=8)]: Done   9 out of   9 | elapsed:    0.0s finished
[Parallel(n_jobs=8)]: Using backend LokyBackend with 8 concurrent workers.
[Parallel(n_jobs=8)]: Done  12 tasks      | elapsed:    0.3s
[Parallel(n_jobs=8)]: Done  36 out of  36 | elapsed:    0.9s finished
[Parallel(n_jobs=8)]: Using backend LokyBackend with 8 concurrent workers.
[Parallel(n_jobs=8)]: Done   4 out of   9 | elapsed:    0.0s remaining:    0.0s
[Parallel(n_jobs=8)]: Done   6 out of   9 | elapsed:    0.0s remaining:    0.0s
[Parallel(n_jobs=8)]: Done   9 out of   9 | elapsed:    0.0s finished
[Parallel(n_jobs=8)]: Using backend LokyBackend with 8 concurrent workers.
[Parallel(n_jobs=8)]: Done  12 tasks      | elapsed:    0.3s
[Parallel(n_jobs=8)]: Done  36 out of  36 | elapsed:    0.9s finished
[Parallel(n_jobs=8)]: Using backend LokyBackend with 8 concurrent workers.
[Parallel(n_jobs=8)]: Done   4 out of   9 | elapsed:    0.0s remaining:    0.0s
[Parallel(n_jobs=8)]: Done   6 out of   9 | elapsed:    0.0s remaining:    0.0s
[Parallel(n_jobs=8)]: Done   9 out of   9 | elapsed:    0.0s finished
[Parallel(n_jobs=8)]: Using backend LokyBackend with 8 concurrent workers.
[Parallel(n_jobs=8)]: Done  12 tasks      | elapsed:    0.3s
[Parallel(n_jobs=8)]: Done  36 out of  36 | elapsed:    0.8s finished
[Parallel(n_jobs=8)]: Using backend LokyBackend with 8 concurrent workers.
[Parallel(n_jobs=8)]: Done   4 out of   9 | elapsed:    0.0s remaining:    0.0s
[Parallel(n_jobs=8)]: Done   6 out of   9 | elapsed:    0.0s remaining:    0.0s
[Parallel(n_jobs=8)]: Done   9 out of   9 | elapsed:    0.0s finished
[Parallel(n_jobs=8)]: Using backend LokyBackend with 8 concurrent workers.
[Parallel(n_jobs=8)]: Done  12 tasks      | elapsed:    0.3s
[Parallel(n_jobs=8)]: Done  36 out of  36 | elapsed:    0.9s finished
[Parallel(n_jobs=8)]: Using backend LokyBackend with 8 concurrent workers.
[Parallel(n_jobs=8)]: Done   4 out of   9 | elapsed:    0.0s remaining:    0.0s
[Parallel(n_jobs=8)]: Done   6 out of   9 | elapsed:    0.0s remaining:    0.0s
[Parallel(n_jobs=8)]: Done   9 out of   9 | elapsed:    0.0s finished
[Parallel(n_jobs=8)]: Using backend LokyBackend with 8 concurrent workers.
[Parallel(n_jobs=8)]: Done  12 tasks      | elapsed:    0.3s
[Parallel(n_jobs=8)]: Done  36 out of  36 | elapsed:    0.9s finished
[Parallel(n_jobs=8)]: Using backend LokyBackend with 8 concurrent workers.
[Parallel(n_jobs=8)]: Done   4 out of   9 | elapsed:    0.0s remaining:    0.0s
[Parallel(n_jobs=8)]: Done   6 out of   9 | elapsed:    0.0s remaining:    0.0s
[Parallel(n_jobs=8)]: Done   9 out of   9 | elapsed:    0.0s finished
[Parallel(n_jobs=8)]: Using backend LokyBackend with 8 concurrent workers.
[Parallel(n_jobs=8)]: Done  12 tasks      | elapsed:    0.3s
[Parallel(n_jobs=8)]: Done  36 out of  36 | elapsed:    0.8s finished
[Parallel(n_jobs=8)]: Using backend LokyBackend with 8 concurrent workers.
[Parallel(n_jobs=8)]: Done   4 out of   9 | elapsed:    0.0s remaining:    0.0s
[Parallel(n_jobs=8)]: Done   6 out of   9 | elapsed:    0.0s remaining:    0.0s
[Parallel(n_jobs=8)]: Done   9 out of   9 | elapsed:    0.0s finished
[Parallel(n_jobs=8)]: Using backend LokyBackend with 8 concurrent workers.
[Parallel(n_jobs=8)]: Done  12 tasks      | elapsed:    0.3s
[Parallel(n_jobs=8)]: Done  36 out of  36 | elapsed:    0.8s finished
[Parallel(n_jobs=8)]: Using backend LokyBackend with 8 concurrent workers.
[Parallel(n_jobs=8)]: Done   4 out of   9 | elapsed:    0.0s remaining:    0.0s
[Parallel(n_jobs=8)]: Done   6 out of   9 | elapsed:    0.0s remaining:    0.0s
[Parallel(n_jobs=8)]: Done   9 out of   9 | elapsed:    0.0s finished
[Parallel(n_jobs=8)]: Using backend LokyBackend with 8 concurrent workers.
[Parallel(n_jobs=8)]: Done  12 tasks      | elapsed:    0.3s
[Parallel(n_jobs=8)]: Done  36 out of  36 | elapsed:    0.9s finished
[Parallel(n_jobs=8)]: Using backend LokyBackend with 8 concurrent workers.
[Parallel(n_jobs=8)]: Done   4 out of   9 | elapsed:    0.0s remaining:    0.0s
[Parallel(n_jobs=8)]: Done   6 out of   9 | elapsed:    0.0s remaining:    0.0s
[Parallel(n_jobs=8)]: Done   9 out of   9 | elapsed:    0.0s finished
[Parallel(n_jobs=8)]: Using backend LokyBackend with 8 concurrent workers.
[Parallel(n_jobs=8)]: Done  12 tasks      | elapsed:    0.3s
[Parallel(n_jobs=8)]: Done  36 out of  36 | elapsed:    0.9s finished
[Parallel(n_jobs=8)]: Using backend LokyBackend with 8 concurrent workers.
[Parallel(n_jobs=8)]: Done   4 out of   9 | elapsed:    0.0s remaining:    0.0s
[Parallel(n_jobs=8)]: Done   6 out of   9 | elapsed:    0.0s remaining:    0.0s
[Parallel(n_jobs=8)]: Done   9 out of   9 | elapsed:    0.0s finished
[Parallel(n_jobs=8)]: Using backend LokyBackend with 8 concurrent workers.
[Parallel(n_jobs=8)]: Done  12 tasks      | elapsed:    0.3s
[Parallel(n_jobs=8)]: Done  36 out of  36 | elapsed:    0.8s finished
[Parallel(n_jobs=8)]: Using backend LokyBackend with 8 concurrent workers.
[Parallel(n_jobs=8)]: Done   4 out of   9 | elapsed:    0.0s remaining:    0.0s
[Parallel(n_jobs=8)]: Done   6 out of   9 | elapsed:    0.0s remaining:    0.0s
[Parallel(n_jobs=8)]: Done   9 out of   9 | elapsed:    0.0s finished
[Parallel(n_jobs=8)]: Using backend LokyBackend with 8 concurrent workers.
[Parallel(n_jobs=8)]: Done  12 tasks      | elapsed:    0.3s
[Parallel(n_jobs=8)]: Done  36 out of  36 | elapsed:    0.9s finished
[Parallel(n_jobs=8)]: Using backend LokyBackend with 8 concurrent workers.
[Parallel(n_jobs=8)]: Done   4 out of   9 | elapsed:    0.0s remaining:    0.0s
[Parallel(n_jobs=8)]: Done   6 out of   9 | elapsed:    0.0s remaining:    0.0s
[Parallel(n_jobs=8)]: Done   9 out of   9 | elapsed:    0.0s finished
[Parallel(n_jobs=8)]: Using backend LokyBackend with 8 concurrent workers.
[Parallel(n_jobs=8)]: Done  12 tasks      | elapsed:    0.3s
[Parallel(n_jobs=8)]: Done  36 out of  36 | elapsed:    0.9s finished
[Parallel(n_jobs=8)]: Using backend LokyBackend with 8 concurrent workers.
[Parallel(n_jobs=8)]: Done   4 out of   9 | elapsed:    0.0s remaining:    0.0s
[Parallel(n_jobs=8)]: Done   6 out of   9 | elapsed:    0.0s remaining:    0.0s
[Parallel(n_jobs=8)]: Done   9 out of   9 | elapsed:    0.0s finished
[Parallel(n_jobs=8)]: Using backend LokyBackend with 8 concurrent workers.
[Parallel(n_jobs=8)]: Done  12 tasks      | elapsed:    0.3s
[Parallel(n_jobs=8)]: Done  36 out of  36 | elapsed:    0.9s finished
[Parallel(n_jobs=8)]: Using backend LokyBackend with 8 concurrent workers.
[Parallel(n_jobs=8)]: Done   4 out of   9 | elapsed:    0.0s remaining:    0.0s
[Parallel(n_jobs=8)]: Done   6 out of   9 | elapsed:    0.0s remaining:    0.0s
[Parallel(n_jobs=8)]: Done   9 out of   9 | elapsed:    0.0s finished
[Parallel(n_jobs=8)]: Using backend LokyBackend with 8 concurrent workers.
[Parallel(n_jobs=8)]: Done  12 tasks      | elapsed:    0.3s
[Parallel(n_jobs=8)]: Done  36 out of  36 | elapsed:    0.8s finished
[Parallel(n_jobs=8)]: Using backend LokyBackend with 8 concurrent workers.
[Parallel(n_jobs=8)]: Done   4 out of   9 | elapsed:    0.0s remaining:    0.0s
[Parallel(n_jobs=8)]: Done   6 out of   9 | elapsed:    0.0s remaining:    0.0s
[Parallel(n_jobs=8)]: Done   9 out of   9 | elapsed:    0.0s finished
[Parallel(n_jobs=8)]: Using backend LokyBackend with 8 concurrent workers.
[Parallel(n_jobs=8)]: Done  12 tasks      | elapsed:    0.3s
[Parallel(n_jobs=8)]: Done  36 out of  36 | elapsed:    0.8s finished
[Parallel(n_jobs=8)]: Using backend LokyBackend with 8 concurrent workers.
[Parallel(n_jobs=8)]: Done   4 out of   9 | elapsed:    0.0s remaining:    0.0s
[Parallel(n_jobs=8)]: Done   6 out of   9 | elapsed:    0.0s remaining:    0.0s
[Parallel(n_jobs=8)]: Done   9 out of   9 | elapsed:    0.0s finished
[Parallel(n_jobs=8)]: Using backend LokyBackend with 8 concurrent workers.
[Parallel(n_jobs=8)]: Done  12 tasks      | elapsed:    0.3s
[Parallel(n_jobs=8)]: Done  36 out of  36 | elapsed:    0.9s finished
[Parallel(n_jobs=8)]: Using backend LokyBackend with 8 concurrent workers.
[Parallel(n_jobs=8)]: Done   4 out of   9 | elapsed:    0.0s remaining:    0.0s
[Parallel(n_jobs=8)]: Done   6 out of   9 | elapsed:    0.0s remaining:    0.0s
[Parallel(n_jobs=8)]: Done   9 out of   9 | elapsed:    0.0s finished
[Parallel(n_jobs=8)]: Using backend LokyBackend with 8 concurrent workers.
[Parallel(n_jobs=8)]: Done  12 tasks      | elapsed:    0.3s
[Parallel(n_jobs=8)]: Done  36 out of  36 | elapsed:    0.9s finished
[Parallel(n_jobs=8)]: Using backend LokyBackend with 8 concurrent workers.
[Parallel(n_jobs=8)]: Done   4 out of   9 | elapsed:    0.0s remaining:    0.0s
[Parallel(n_jobs=8)]: Done   6 out of   9 | elapsed:    0.0s remaining:    0.0s
[Parallel(n_jobs=8)]: Done   9 out of   9 | elapsed:    0.0s finished
[Parallel(n_jobs=8)]: Using backend LokyBackend with 8 concurrent workers.
[Parallel(n_jobs=8)]: Done  12 tasks      | elapsed:    0.3s
[Parallel(n_jobs=8)]: Done  36 out of  36 | elapsed:    0.8s finished
[Parallel(n_jobs=8)]: Using backend LokyBackend with 8 concurrent workers.
[Parallel(n_jobs=8)]: Done   4 out of   9 | elapsed:    0.0s remaining:    0.0s
[Parallel(n_jobs=8)]: Done   6 out of   9 | elapsed:    0.0s remaining:    0.0s
[Parallel(n_jobs=8)]: Done   9 out of   9 | elapsed:    0.0s finished
[Parallel(n_jobs=8)]: Using backend LokyBackend with 8 concurrent workers.
[Parallel(n_jobs=8)]: Done  12 tasks      | elapsed:    0.3s
[Parallel(n_jobs=8)]: Done  36 out of  36 | elapsed:    0.8s finished
[Parallel(n_jobs=8)]: Using backend LokyBackend with 8 concurrent workers.
[Parallel(n_jobs=8)]: Done   4 out of   9 | elapsed:    0.0s remaining:    0.0s
[Parallel(n_jobs=8)]: Done   6 out of   9 | elapsed:    0.0s remaining:    0.0s
[Parallel(n_jobs=8)]: Done   9 out of   9 | elapsed:    0.0s finished
[Parallel(n_jobs=8)]: Using backend LokyBackend with 8 concurrent workers.
[Parallel(n_jobs=8)]: Done  12 tasks      | elapsed:    0.3s
[Parallel(n_jobs=8)]: Done  36 out of  36 | elapsed:    0.8s finished
[Parallel(n_jobs=8)]: Using backend LokyBackend with 8 concurrent workers.
[Parallel(n_jobs=8)]: Done   4 out of   9 | elapsed:    0.0s remaining:    0.0s
[Parallel(n_jobs=8)]: Done   6 out of   9 | elapsed:    0.0s remaining:    0.0s
[Parallel(n_jobs=8)]: Done   9 out of   9 | elapsed:    0.0s finished
[Parallel(n_jobs=8)]: Using backend LokyBackend with 8 concurrent workers.
[Parallel(n_jobs=8)]: Done  12 tasks      | elapsed:    0.3s
[Parallel(n_jobs=8)]: Done  36 out of  36 | elapsed:    0.8s finished
[Parallel(n_jobs=8)]: Using backend LokyBackend with 8 concurrent workers.
[Parallel(n_jobs=8)]: Done   4 out of   9 | elapsed:    0.0s remaining:    0.0s
[Parallel(n_jobs=8)]: Done   6 out of   9 | elapsed:    0.0s remaining:    0.0s
[Parallel(n_jobs=8)]: Done   9 out of   9 | elapsed:    0.0s finished
[Parallel(n_jobs=8)]: Using backend LokyBackend with 8 concurrent workers.
[Parallel(n_jobs=8)]: Done  12 tasks      | elapsed:    0.3s
[Parallel(n_jobs=8)]: Done  36 out of  36 | elapsed:    0.9s finished
[Parallel(n_jobs=8)]: Using backend LokyBackend with 8 concurrent workers.
[Parallel(n_jobs=8)]: Done   4 out of   9 | elapsed:    0.0s remaining:    0.0s
[Parallel(n_jobs=8)]: Done   6 out of   9 | elapsed:    0.0s remaining:    0.0s
[Parallel(n_jobs=8)]: Done   9 out of   9 | elapsed:    0.0s finished
[Parallel(n_jobs=8)]: Using backend LokyBackend with 8 concurrent workers.
[Parallel(n_jobs=8)]: Done  12 tasks      | elapsed:    0.3s
[Parallel(n_jobs=8)]: Done  36 out of  36 | elapsed:    0.9s finished
[Parallel(n_jobs=8)]: Using backend LokyBackend with 8 concurrent workers.
[Parallel(n_jobs=8)]: Done   4 out of   9 | elapsed:    0.0s remaining:    0.0s
[Parallel(n_jobs=8)]: Done   6 out of   9 | elapsed:    0.0s remaining:    0.0s
[Parallel(n_jobs=8)]: Done   9 out of   9 | elapsed:    0.0s finished
[Parallel(n_jobs=8)]: Using backend LokyBackend with 8 concurrent workers.
[Parallel(n_jobs=8)]: Done  12 tasks      | elapsed:    0.3s
[Parallel(n_jobs=8)]: Done  36 out of  36 | elapsed:    0.9s finished
[Parallel(n_jobs=8)]: Using backend LokyBackend with 8 concurrent workers.
[Parallel(n_jobs=8)]: Done   4 out of   9 | elapsed:    0.0s remaining:    0.0s
[Parallel(n_jobs=8)]: Done   6 out of   9 | elapsed:    0.0s remaining:    0.0s
[Parallel(n_jobs=8)]: Done   9 out of   9 | elapsed:    0.0s finished
[Parallel(n_jobs=8)]: Using backend LokyBackend with 8 concurrent workers.
[Parallel(n_jobs=8)]: Done  12 tasks      | elapsed:    0.3s
[Parallel(n_jobs=8)]: Done  36 out of  36 | elapsed:    0.8s finished
[Parallel(n_jobs=8)]: Using backend LokyBackend with 8 concurrent workers.
[Parallel(n_jobs=8)]: Done   4 out of   9 | elapsed:    0.0s remaining:    0.0s
[Parallel(n_jobs=8)]: Done   6 out of   9 | elapsed:    0.0s remaining:    0.0s
[Parallel(n_jobs=8)]: Done   9 out of   9 | elapsed:    0.0s finished
[Parallel(n_jobs=8)]: Using backend LokyBackend with 8 concurrent workers.
[Parallel(n_jobs=8)]: Done  12 tasks      | elapsed:    0.3s
[Parallel(n_jobs=8)]: Done  36 out of  36 | elapsed:    0.8s finished
[Parallel(n_jobs=8)]: Using backend LokyBackend with 8 concurrent workers.
[Parallel(n_jobs=8)]: Done   4 out of   9 | elapsed:    0.0s remaining:    0.0s
[Parallel(n_jobs=8)]: Done   6 out of   9 | elapsed:    0.0s remaining:    0.0s
[Parallel(n_jobs=8)]: Done   9 out of   9 | elapsed:    0.0s finished
[Parallel(n_jobs=8)]: Using backend LokyBackend with 8 concurrent workers.
[Parallel(n_jobs=8)]: Done  12 tasks      | elapsed:    0.3s
[Parallel(n_jobs=8)]: Done  36 out of  36 | elapsed:    0.9s finished
[Parallel(n_jobs=8)]: Using backend LokyBackend with 8 concurrent workers.
[Parallel(n_jobs=8)]: Done   4 out of   9 | elapsed:    0.0s remaining:    0.0s
[Parallel(n_jobs=8)]: Done   6 out of   9 | elapsed:    0.0s remaining:    0.0s
[Parallel(n_jobs=8)]: Done   9 out of   9 | elapsed:    0.0s finished
[Parallel(n_jobs=8)]: Using backend LokyBackend with 8 concurrent workers.
[Parallel(n_jobs=8)]: Done  12 tasks      | elapsed:    0.4s
[Parallel(n_jobs=8)]: Done  36 out of  36 | elapsed:    1.1s finished
[Parallel(n_jobs=8)]: Using backend LokyBackend with 8 concurrent workers.
[Parallel(n_jobs=8)]: Done   4 out of   9 | elapsed:    0.0s remaining:    0.0s
[Parallel(n_jobs=8)]: Done   6 out of   9 | elapsed:    0.0s remaining:    0.0s
[Parallel(n_jobs=8)]: Done   9 out of   9 | elapsed:    0.0s finished
[Parallel(n_jobs=8)]: Using backend LokyBackend with 8 concurrent workers.
[Parallel(n_jobs=8)]: Done  12 tasks      | elapsed:    0.5s
[Parallel(n_jobs=8)]: Done  36 out of  36 | elapsed:    1.7s finished
[Parallel(n_jobs=8)]: Using backend LokyBackend with 8 concurrent workers.
[Parallel(n_jobs=8)]: Done   4 out of   9 | elapsed:    0.0s remaining:    0.1s
[Parallel(n_jobs=8)]: Done   6 out of   9 | elapsed:    0.1s remaining:    0.0s
[Parallel(n_jobs=8)]: Done   9 out of   9 | elapsed:    0.1s finished
[Parallel(n_jobs=8)]: Using backend LokyBackend with 8 concurrent workers.
[Parallel(n_jobs=8)]: Done  12 tasks      | elapsed:    0.5s
[Parallel(n_jobs=8)]: Done  36 out of  36 | elapsed:    1.1s finished
[Parallel(n_jobs=8)]: Using backend LokyBackend with 8 concurrent workers.
[Parallel(n_jobs=8)]: Done   4 out of   9 | elapsed:    0.0s remaining:    0.0s
[Parallel(n_jobs=8)]: Done   6 out of   9 | elapsed:    0.0s remaining:    0.0s
[Parallel(n_jobs=8)]: Done   9 out of   9 | elapsed:    0.0s finished
[Parallel(n_jobs=8)]: Using backend LokyBackend with 8 concurrent workers.
[Parallel(n_jobs=8)]: Done  12 tasks      | elapsed:    0.3s
[Parallel(n_jobs=8)]: Done  36 out of  36 | elapsed:    0.8s finished
[Parallel(n_jobs=8)]: Using backend LokyBackend with 8 concurrent workers.
[Parallel(n_jobs=8)]: Done   4 out of   9 | elapsed:    0.0s remaining:    0.0s
[Parallel(n_jobs=8)]: Done   6 out of   9 | elapsed:    0.0s remaining:    0.0s
[Parallel(n_jobs=8)]: Done   9 out of   9 | elapsed:    0.1s finished
[Parallel(n_jobs=8)]: Using backend LokyBackend with 8 concurrent workers.
[Parallel(n_jobs=8)]: Done  12 tasks      | elapsed:    0.3s
[Parallel(n_jobs=8)]: Done  36 out of  36 | elapsed:    0.8s finished
[Parallel(n_jobs=8)]: Using backend LokyBackend with 8 concurrent workers.
[Parallel(n_jobs=8)]: Done   4 out of   9 | elapsed:    0.0s remaining:    0.0s
[Parallel(n_jobs=8)]: Done   6 out of   9 | elapsed:    0.0s remaining:    0.0s
[Parallel(n_jobs=8)]: Done   9 out of   9 | elapsed:    0.1s finished
[Parallel(n_jobs=8)]: Using backend LokyBackend with 8 concurrent workers.
[Parallel(n_jobs=8)]: Done  12 tasks      | elapsed:    0.3s
[Parallel(n_jobs=8)]: Done  36 out of  36 | elapsed:    0.8s finished
[Parallel(n_jobs=8)]: Using backend LokyBackend with 8 concurrent workers.
[Parallel(n_jobs=8)]: Done   4 out of   9 | elapsed:    0.0s remaining:    0.0s
[Parallel(n_jobs=8)]: Done   6 out of   9 | elapsed:    0.0s remaining:    0.0s
[Parallel(n_jobs=8)]: Done   9 out of   9 | elapsed:    0.0s finished
[Parallel(n_jobs=8)]: Using backend LokyBackend with 8 concurrent workers.
[Parallel(n_jobs=8)]: Done  12 tasks      | elapsed:    0.3s
[Parallel(n_jobs=8)]: Done  36 out of  36 | elapsed:    0.8s finished
[Parallel(n_jobs=8)]: Using backend LokyBackend with 8 concurrent workers.
[Parallel(n_jobs=8)]: Done   4 out of   9 | elapsed:    0.0s remaining:    0.0s
[Parallel(n_jobs=8)]: Done   6 out of   9 | elapsed:    0.0s remaining:    0.0s
[Parallel(n_jobs=8)]: Done   9 out of   9 | elapsed:    0.1s finished
[Parallel(n_jobs=8)]: Using backend LokyBackend with 8 concurrent workers.
[Parallel(n_jobs=8)]: Done  12 tasks      | elapsed:    0.3s
[Parallel(n_jobs=8)]: Done  36 out of  36 | elapsed:    0.8s finished
[Parallel(n_jobs=8)]: Using backend LokyBackend with 8 concurrent workers.
[Parallel(n_jobs=8)]: Done   4 out of   9 | elapsed:    0.0s remaining:    0.0s
[Parallel(n_jobs=8)]: Done   6 out of   9 | elapsed:    0.0s remaining:    0.0s
[Parallel(n_jobs=8)]: Done   9 out of   9 | elapsed:    0.1s finished
[Parallel(n_jobs=8)]: Using backend LokyBackend with 8 concurrent workers.
[Parallel(n_jobs=8)]: Done  12 tasks      | elapsed:    0.3s
[Parallel(n_jobs=8)]: Done  36 out of  36 | elapsed:    0.8s finished
[Parallel(n_jobs=8)]: Using backend LokyBackend with 8 concurrent workers.
[Parallel(n_jobs=8)]: Done   4 out of   9 | elapsed:    0.0s remaining:    0.0s
[Parallel(n_jobs=8)]: Done   6 out of   9 | elapsed:    0.0s remaining:    0.0s
[Parallel(n_jobs=8)]: Done   9 out of   9 | elapsed:    0.0s finished
[Parallel(n_jobs=8)]: Using backend LokyBackend with 8 concurrent workers.
[Parallel(n_jobs=8)]: Done  12 tasks      | elapsed:    0.3s
[Parallel(n_jobs=8)]: Done  36 out of  36 | elapsed:    0.8s finished
[Parallel(n_jobs=8)]: Using backend LokyBackend with 8 concurrent workers.
[Parallel(n_jobs=8)]: Done   4 out of   9 | elapsed:    0.0s remaining:    0.0s
[Parallel(n_jobs=8)]: Done   6 out of   9 | elapsed:    0.0s remaining:    0.0s
[Parallel(n_jobs=8)]: Done   9 out of   9 | elapsed:    0.0s finished
[Parallel(n_jobs=8)]: Using backend LokyBackend with 8 concurrent workers.
[Parallel(n_jobs=8)]: Done  12 tasks      | elapsed:    0.3s
[Parallel(n_jobs=8)]: Done  36 out of  36 | elapsed:    0.8s finished
[Parallel(n_jobs=8)]: Using backend LokyBackend with 8 concurrent workers.
[Parallel(n_jobs=8)]: Done   4 out of   9 | elapsed:    0.0s remaining:    0.0s
[Parallel(n_jobs=8)]: Done   6 out of   9 | elapsed:    0.0s remaining:    0.0s
[Parallel(n_jobs=8)]: Done   9 out of   9 | elapsed:    0.0s finished
[Parallel(n_jobs=8)]: Using backend LokyBackend with 8 concurrent workers.
[Parallel(n_jobs=8)]: Done  12 tasks      | elapsed:    0.3s
[Parallel(n_jobs=8)]: Done  36 out of  36 | elapsed:    0.9s finished
[Parallel(n_jobs=8)]: Using backend LokyBackend with 8 concurrent workers.
[Parallel(n_jobs=8)]: Done   4 out of   9 | elapsed:    0.0s remaining:    0.0s
[Parallel(n_jobs=8)]: Done   6 out of   9 | elapsed:    0.0s remaining:    0.0s
[Parallel(n_jobs=8)]: Done   9 out of   9 | elapsed:    0.0s finished
[Parallel(n_jobs=8)]: Using backend LokyBackend with 8 concurrent workers.
[Parallel(n_jobs=8)]: Done  12 tasks      | elapsed:    0.3s
[Parallel(n_jobs=8)]: Done  36 out of  36 | elapsed:    0.9s finished
[Parallel(n_jobs=8)]: Using backend LokyBackend with 8 concurrent workers.
[Parallel(n_jobs=8)]: Done   4 out of   9 | elapsed:    0.0s remaining:    0.0s
[Parallel(n_jobs=8)]: Done   6 out of   9 | elapsed:    0.0s remaining:    0.0s
[Parallel(n_jobs=8)]: Done   9 out of   9 | elapsed:    0.0s finished
[Parallel(n_jobs=8)]: Using backend LokyBackend with 8 concurrent workers.
[Parallel(n_jobs=8)]: Done  12 tasks      | elapsed:    0.3s
[Parallel(n_jobs=8)]: Done  36 out of  36 | elapsed:    0.9s finished
[Parallel(n_jobs=8)]: Using backend LokyBackend with 8 concurrent workers.
[Parallel(n_jobs=8)]: Done   4 out of   9 | elapsed:    0.0s remaining:    0.0s
[Parallel(n_jobs=8)]: Done   6 out of   9 | elapsed:    0.0s remaining:    0.0s
[Parallel(n_jobs=8)]: Done   9 out of   9 | elapsed:    0.0s finished
[Parallel(n_jobs=8)]: Using backend LokyBackend with 8 concurrent workers.
[Parallel(n_jobs=8)]: Done  12 tasks      | elapsed:    0.3s
[Parallel(n_jobs=8)]: Done  36 out of  36 | elapsed:    0.9s finished
[Parallel(n_jobs=8)]: Using backend LokyBackend with 8 concurrent workers.
[Parallel(n_jobs=8)]: Done   4 out of   9 | elapsed:    0.0s remaining:    0.0s
[Parallel(n_jobs=8)]: Done   6 out of   9 | elapsed:    0.0s remaining:    0.0s
[Parallel(n_jobs=8)]: Done   9 out of   9 | elapsed:    0.0s finished
[Parallel(n_jobs=8)]: Using backend LokyBackend with 8 concurrent workers.
[Parallel(n_jobs=8)]: Done  12 tasks      | elapsed:    0.3s
[Parallel(n_jobs=8)]: Done  36 out of  36 | elapsed:    0.9s finished
[Parallel(n_jobs=8)]: Using backend LokyBackend with 8 concurrent workers.
[Parallel(n_jobs=8)]: Done   4 out of   9 | elapsed:    0.0s remaining:    0.0s
[Parallel(n_jobs=8)]: Done   6 out of   9 | elapsed:    0.0s remaining:    0.0s
[Parallel(n_jobs=8)]: Done   9 out of   9 | elapsed:    0.0s finished
[Parallel(n_jobs=8)]: Using backend LokyBackend with 8 concurrent workers.
[Parallel(n_jobs=8)]: Done  12 tasks      | elapsed:    0.3s
[Parallel(n_jobs=8)]: Done  36 out of  36 | elapsed:    0.9s finished
[Parallel(n_jobs=8)]: Using backend LokyBackend with 8 concurrent workers.
[Parallel(n_jobs=8)]: Done   4 out of   9 | elapsed:    0.0s remaining:    0.0s
[Parallel(n_jobs=8)]: Done   6 out of   9 | elapsed:    0.0s remaining:    0.0s
[Parallel(n_jobs=8)]: Done   9 out of   9 | elapsed:    0.0s finished
[Parallel(n_jobs=8)]: Using backend LokyBackend with 8 concurrent workers.
[Parallel(n_jobs=8)]: Done  12 tasks      | elapsed:    0.3s
[Parallel(n_jobs=8)]: Done  36 out of  36 | elapsed:    0.9s finished
[Parallel(n_jobs=8)]: Using backend LokyBackend with 8 concurrent workers.
[Parallel(n_jobs=8)]: Done   4 out of   9 | elapsed:    0.0s remaining:    0.0s
[Parallel(n_jobs=8)]: Done   6 out of   9 | elapsed:    0.0s remaining:    0.0s
[Parallel(n_jobs=8)]: Done   9 out of   9 | elapsed:    0.0s finished
[Parallel(n_jobs=8)]: Using backend LokyBackend with 8 concurrent workers.
[Parallel(n_jobs=8)]: Done  12 tasks      | elapsed:    0.3s
[Parallel(n_jobs=8)]: Done  36 out of  36 | elapsed:    0.8s finished
[Parallel(n_jobs=8)]: Using backend LokyBackend with 8 concurrent workers.
[Parallel(n_jobs=8)]: Done   4 out of   9 | elapsed:    0.0s remaining:    0.0s
[Parallel(n_jobs=8)]: Done   6 out of   9 | elapsed:    0.0s remaining:    0.0s
[Parallel(n_jobs=8)]: Done   9 out of   9 | elapsed:    0.0s finished
[Parallel(n_jobs=8)]: Using backend LokyBackend with 8 concurrent workers.
[Parallel(n_jobs=8)]: Done  12 tasks      | elapsed:    0.3s
[Parallel(n_jobs=8)]: Done  36 out of  36 | elapsed:    0.9s finished
[Parallel(n_jobs=8)]: Using backend LokyBackend with 8 concurrent workers.
[Parallel(n_jobs=8)]: Done   4 out of   9 | elapsed:    0.0s remaining:    0.0s
[Parallel(n_jobs=8)]: Done   6 out of   9 | elapsed:    0.0s remaining:    0.0s
[Parallel(n_jobs=8)]: Done   9 out of   9 | elapsed:    0.0s finished
[Parallel(n_jobs=8)]: Using backend LokyBackend with 8 concurrent workers.
[Parallel(n_jobs=8)]: Done  12 tasks      | elapsed:    0.3s
[Parallel(n_jobs=8)]: Done  36 out of  36 | elapsed:    0.9s finished
[Parallel(n_jobs=8)]: Using backend LokyBackend with 8 concurrent workers.
[Parallel(n_jobs=8)]: Done   4 out of   9 | elapsed:    0.0s remaining:    0.0s
[Parallel(n_jobs=8)]: Done   6 out of   9 | elapsed:    0.0s remaining:    0.0s
[Parallel(n_jobs=8)]: Done   9 out of   9 | elapsed:    0.0s finished
[Parallel(n_jobs=8)]: Using backend LokyBackend with 8 concurrent workers.
[Parallel(n_jobs=8)]: Done  12 tasks      | elapsed:    0.3s
[Parallel(n_jobs=8)]: Done  36 out of  36 | elapsed:    0.8s finished
[Parallel(n_jobs=8)]: Using backend LokyBackend with 8 concurrent workers.
[Parallel(n_jobs=8)]: Done   4 out of   9 | elapsed:    0.0s remaining:    0.0s
[Parallel(n_jobs=8)]: Done   6 out of   9 | elapsed:    0.0s remaining:    0.0s
[Parallel(n_jobs=8)]: Done   9 out of   9 | elapsed:    0.0s finished
[Parallel(n_jobs=8)]: Using backend LokyBackend with 8 concurrent workers.
[Parallel(n_jobs=8)]: Done  12 tasks      | elapsed:    0.3s
[Parallel(n_jobs=8)]: Done  36 out of  36 | elapsed:    0.8s finished
[Parallel(n_jobs=8)]: Using backend LokyBackend with 8 concurrent workers.
[Parallel(n_jobs=8)]: Done   4 out of   9 | elapsed:    0.0s remaining:    0.0s
[Parallel(n_jobs=8)]: Done   6 out of   9 | elapsed:    0.0s remaining:    0.0s
[Parallel(n_jobs=8)]: Done   9 out of   9 | elapsed:    0.0s finished
[Parallel(n_jobs=8)]: Using backend LokyBackend with 8 concurrent workers.
[Parallel(n_jobs=8)]: Done  12 tasks      | elapsed:    0.3s
[Parallel(n_jobs=8)]: Done  36 out of  36 | elapsed:    0.8s finished
[Parallel(n_jobs=8)]: Using backend LokyBackend with 8 concurrent workers.
[Parallel(n_jobs=8)]: Done   4 out of   9 | elapsed:    0.0s remaining:    0.0s
[Parallel(n_jobs=8)]: Done   6 out of   9 | elapsed:    0.0s remaining:    0.0s
[Parallel(n_jobs=8)]: Done   9 out of   9 | elapsed:    0.0s finished
[Parallel(n_jobs=8)]: Using backend LokyBackend with 8 concurrent workers.
[Parallel(n_jobs=8)]: Done  12 tasks      | elapsed:    0.3s
[Parallel(n_jobs=8)]: Done  36 out of  36 | elapsed:    0.8s finished
[Parallel(n_jobs=8)]: Using backend LokyBackend with 8 concurrent workers.
[Parallel(n_jobs=8)]: Done   4 out of   9 | elapsed:    0.0s remaining:    0.0s
[Parallel(n_jobs=8)]: Done   6 out of   9 | elapsed:    0.0s remaining:    0.0s
[Parallel(n_jobs=8)]: Done   9 out of   9 | elapsed:    0.0s finished
[Parallel(n_jobs=8)]: Using backend LokyBackend with 8 concurrent workers.
[Parallel(n_jobs=8)]: Done  12 tasks      | elapsed:    0.3s
[Parallel(n_jobs=8)]: Done  36 out of  36 | elapsed:    0.8s finished
[Parallel(n_jobs=8)]: Using backend LokyBackend with 8 concurrent workers.
[Parallel(n_jobs=8)]: Done   4 out of   9 | elapsed:    0.0s remaining:    0.0s
[Parallel(n_jobs=8)]: Done   6 out of   9 | elapsed:    0.0s remaining:    0.0s
[Parallel(n_jobs=8)]: Done   9 out of   9 | elapsed:    0.0s finished
[Parallel(n_jobs=8)]: Using backend LokyBackend with 8 concurrent workers.
[Parallel(n_jobs=8)]: Done  12 tasks      | elapsed:    0.3s
[Parallel(n_jobs=8)]: Done  36 out of  36 | elapsed:    0.8s finished
[Parallel(n_jobs=8)]: Using backend LokyBackend with 8 concurrent workers.
[Parallel(n_jobs=8)]: Done   4 out of   9 | elapsed:    0.0s remaining:    0.0s
[Parallel(n_jobs=8)]: Done   6 out of   9 | elapsed:    0.0s remaining:    0.0s
[Parallel(n_jobs=8)]: Done   9 out of   9 | elapsed:    0.0s finished
[Parallel(n_jobs=8)]: Using backend LokyBackend with 8 concurrent workers.
[Parallel(n_jobs=8)]: Done  12 tasks      | elapsed:    0.3s
[Parallel(n_jobs=8)]: Done  36 out of  36 | elapsed:    0.8s finished
[Parallel(n_jobs=8)]: Using backend LokyBackend with 8 concurrent workers.
[Parallel(n_jobs=8)]: Done   4 out of   9 | elapsed:    0.0s remaining:    0.0s
[Parallel(n_jobs=8)]: Done   6 out of   9 | elapsed:    0.0s remaining:    0.0s
[Parallel(n_jobs=8)]: Done   9 out of   9 | elapsed:    0.0s finished
[Parallel(n_jobs=8)]: Using backend LokyBackend with 8 concurrent workers.
[Parallel(n_jobs=8)]: Done  12 tasks      | elapsed:    0.3s
[Parallel(n_jobs=8)]: Done  36 out of  36 | elapsed:    0.8s finished
[Parallel(n_jobs=8)]: Using backend LokyBackend with 8 concurrent workers.
[Parallel(n_jobs=8)]: Done   4 out of   9 | elapsed:    0.0s remaining:    0.0s
[Parallel(n_jobs=8)]: Done   6 out of   9 | elapsed:    0.0s remaining:    0.0s
[Parallel(n_jobs=8)]: Done   9 out of   9 | elapsed:    0.0s finished
[Parallel(n_jobs=8)]: Using backend LokyBackend with 8 concurrent workers.
[Parallel(n_jobs=8)]: Done  12 tasks      | elapsed:    0.3s
[Parallel(n_jobs=8)]: Done  36 out of  36 | elapsed:    0.8s finished
[Parallel(n_jobs=8)]: Using backend LokyBackend with 8 concurrent workers.
[Parallel(n_jobs=8)]: Done   4 out of   9 | elapsed:    0.0s remaining:    0.0s
[Parallel(n_jobs=8)]: Done   6 out of   9 | elapsed:    0.0s remaining:    0.0s
[Parallel(n_jobs=8)]: Done   9 out of   9 | elapsed:    0.0s finished
[Parallel(n_jobs=8)]: Using backend LokyBackend with 8 concurrent workers.
[Parallel(n_jobs=8)]: Done  12 tasks      | elapsed:    0.3s
[Parallel(n_jobs=8)]: Done  36 out of  36 | elapsed:    0.8s finished
[Parallel(n_jobs=8)]: Using backend LokyBackend with 8 concurrent workers.
[Parallel(n_jobs=8)]: Done   4 out of   9 | elapsed:    0.0s remaining:    0.0s
[Parallel(n_jobs=8)]: Done   6 out of   9 | elapsed:    0.0s remaining:    0.0s
[Parallel(n_jobs=8)]: Done   9 out of   9 | elapsed:    0.0s finished
[Parallel(n_jobs=8)]: Using backend LokyBackend with 8 concurrent workers.
[Parallel(n_jobs=8)]: Done  12 tasks      | elapsed:    0.3s
[Parallel(n_jobs=8)]: Done  36 out of  36 | elapsed:    0.8s finished
[Parallel(n_jobs=8)]: Using backend LokyBackend with 8 concurrent workers.
[Parallel(n_jobs=8)]: Done   4 out of   9 | elapsed:    0.0s remaining:    0.0s
[Parallel(n_jobs=8)]: Done   6 out of   9 | elapsed:    0.0s remaining:    0.0s
[Parallel(n_jobs=8)]: Done   9 out of   9 | elapsed:    0.0s finished
[Parallel(n_jobs=8)]: Using backend LokyBackend with 8 concurrent workers.
[Parallel(n_jobs=8)]: Done  12 tasks      | elapsed:    0.3s
[Parallel(n_jobs=8)]: Done  36 out of  36 | elapsed:    0.8s finished
[Parallel(n_jobs=8)]: Using backend LokyBackend with 8 concurrent workers.
[Parallel(n_jobs=8)]: Done   4 out of   9 | elapsed:    0.0s remaining:    0.0s
[Parallel(n_jobs=8)]: Done   6 out of   9 | elapsed:    0.0s remaining:    0.0s
[Parallel(n_jobs=8)]: Done   9 out of   9 | elapsed:    0.0s finished
[Parallel(n_jobs=8)]: Using backend LokyBackend with 8 concurrent workers.
[Parallel(n_jobs=8)]: Done  12 tasks      | elapsed:    0.3s
[Parallel(n_jobs=8)]: Done  36 out of  36 | elapsed:    0.8s finished
