Intel(R) Extension for Scikit-learn* enabled (https://github.com/intel/scikit-learn-intelex)
/hpc/home/jz421/coganlab/jz421/GlobalLocal/src/analysis/utils/general_utils.py:422: RuntimeWarning: Concatenation of Annotations within Epochs is not supported yet. All annotations will be dropped.
  event_epochs = mne.concatenate_epochs(combined_epochs)
/hpc/home/jz421/coganlab/jz421/GlobalLocal/src/analysis/utils/general_utils.py:422: RuntimeWarning: Concatenation of Annotations within Epochs is not supported yet. All annotations will be dropped.
  event_epochs = mne.concatenate_epochs(combined_epochs)
/hpc/home/jz421/coganlab/jz421/GlobalLocal/src/analysis/utils/general_utils.py:422: RuntimeWarning: Concatenation of Annotations within Epochs is not supported yet. All annotations will be dropped.
  event_epochs = mne.concatenate_epochs(combined_epochs)
/hpc/home/jz421/coganlab/jz421/GlobalLocal/src/analysis/utils/general_utils.py:422: RuntimeWarning: Concatenation of Annotations within Epochs is not supported yet. All annotations will be dropped.
  event_epochs = mne.concatenate_epochs(combined_epochs)
/hpc/home/jz421/coganlab/jz421/GlobalLocal/src/analysis/utils/general_utils.py:422: RuntimeWarning: Concatenation of Annotations within Epochs is not supported yet. All annotations will be dropped.
  event_epochs = mne.concatenate_epochs(combined_epochs)
/hpc/home/jz421/coganlab/jz421/GlobalLocal/src/analysis/utils/general_utils.py:422: RuntimeWarning: Concatenation of Annotations within Epochs is not supported yet. All annotations will be dropped.
  event_epochs = mne.concatenate_epochs(combined_epochs)
/hpc/home/jz421/coganlab/jz421/GlobalLocal/src/analysis/utils/general_utils.py:422: RuntimeWarning: Concatenation of Annotations within Epochs is not supported yet. All annotations will be dropped.
  event_epochs = mne.concatenate_epochs(combined_epochs)
/hpc/home/jz421/coganlab/jz421/GlobalLocal/src/analysis/utils/general_utils.py:422: RuntimeWarning: Concatenation of Annotations within Epochs is not supported yet. All annotations will be dropped.
  event_epochs = mne.concatenate_epochs(combined_epochs)
/hpc/home/jz421/coganlab/jz421/GlobalLocal/src/analysis/utils/general_utils.py:422: RuntimeWarning: Concatenation of Annotations within Epochs is not supported yet. All annotations will be dropped.
  event_epochs = mne.concatenate_epochs(combined_epochs)
/hpc/home/jz421/coganlab/jz421/GlobalLocal/src/analysis/utils/general_utils.py:422: RuntimeWarning: Concatenation of Annotations within Epochs is not supported yet. All annotations will be dropped.
  event_epochs = mne.concatenate_epochs(combined_epochs)
/hpc/home/jz421/coganlab/jz421/GlobalLocal/src/analysis/utils/general_utils.py:422: RuntimeWarning: Concatenation of Annotations within Epochs is not supported yet. All annotations will be dropped.
  event_epochs = mne.concatenate_epochs(combined_epochs)
/hpc/home/jz421/coganlab/jz421/GlobalLocal/src/analysis/utils/general_utils.py:422: RuntimeWarning: Concatenation of Annotations within Epochs is not supported yet. All annotations will be dropped.
  event_epochs = mne.concatenate_epochs(combined_epochs)
/hpc/home/jz421/coganlab/jz421/GlobalLocal/src/analysis/utils/general_utils.py:422: RuntimeWarning: Concatenation of Annotations within Epochs is not supported yet. All annotations will be dropped.
  event_epochs = mne.concatenate_epochs(combined_epochs)
/hpc/home/jz421/coganlab/jz421/GlobalLocal/src/analysis/utils/general_utils.py:422: RuntimeWarning: Concatenation of Annotations within Epochs is not supported yet. All annotations will be dropped.
  event_epochs = mne.concatenate_epochs(combined_epochs)
/hpc/home/jz421/coganlab/jz421/GlobalLocal/src/analysis/utils/general_utils.py:422: RuntimeWarning: Concatenation of Annotations within Epochs is not supported yet. All annotations will be dropped.
  event_epochs = mne.concatenate_epochs(combined_epochs)
/hpc/home/jz421/coganlab/jz421/GlobalLocal/src/analysis/utils/general_utils.py:422: RuntimeWarning: Concatenation of Annotations within Epochs is not supported yet. All annotations will be dropped.
  event_epochs = mne.concatenate_epochs(combined_epochs)
/hpc/home/jz421/coganlab/jz421/GlobalLocal/src/analysis/utils/general_utils.py:422: RuntimeWarning: Concatenation of Annotations within Epochs is not supported yet. All annotations will be dropped.
  event_epochs = mne.concatenate_epochs(combined_epochs)
/hpc/home/jz421/coganlab/jz421/GlobalLocal/src/analysis/utils/general_utils.py:422: RuntimeWarning: Concatenation of Annotations within Epochs is not supported yet. All annotations will be dropped.
  event_epochs = mne.concatenate_epochs(combined_epochs)
/hpc/home/jz421/coganlab/jz421/GlobalLocal/src/analysis/utils/general_utils.py:422: RuntimeWarning: Concatenation of Annotations within Epochs is not supported yet. All annotations will be dropped.
  event_epochs = mne.concatenate_epochs(combined_epochs)
/hpc/home/jz421/coganlab/jz421/GlobalLocal/src/analysis/utils/general_utils.py:422: RuntimeWarning: Concatenation of Annotations within Epochs is not supported yet. All annotations will be dropped.
  event_epochs = mne.concatenate_epochs(combined_epochs)
/hpc/home/jz421/coganlab/jz421/GlobalLocal/src/analysis/utils/general_utils.py:422: RuntimeWarning: Concatenation of Annotations within Epochs is not supported yet. All annotations will be dropped.
  event_epochs = mne.concatenate_epochs(combined_epochs)
/hpc/home/jz421/coganlab/jz421/GlobalLocal/src/analysis/utils/general_utils.py:422: RuntimeWarning: Concatenation of Annotations within Epochs is not supported yet. All annotations will be dropped.
  event_epochs = mne.concatenate_epochs(combined_epochs)
/hpc/home/jz421/coganlab/jz421/GlobalLocal/src/analysis/utils/general_utils.py:422: RuntimeWarning: Concatenation of Annotations within Epochs is not supported yet. All annotations will be dropped.
  event_epochs = mne.concatenate_epochs(combined_epochs)
/hpc/home/jz421/coganlab/jz421/GlobalLocal/src/analysis/utils/general_utils.py:422: RuntimeWarning: Concatenation of Annotations within Epochs is not supported yet. All annotations will be dropped.
  event_epochs = mne.concatenate_epochs(combined_epochs)
/hpc/home/jz421/coganlab/jz421/GlobalLocal/src/analysis/utils/general_utils.py:422: RuntimeWarning: Concatenation of Annotations within Epochs is not supported yet. All annotations will be dropped.
  event_epochs = mne.concatenate_epochs(combined_epochs)
/hpc/home/jz421/coganlab/jz421/GlobalLocal/src/analysis/utils/general_utils.py:422: RuntimeWarning: Concatenation of Annotations within Epochs is not supported yet. All annotations will be dropped.
  event_epochs = mne.concatenate_epochs(combined_epochs)
/hpc/home/jz421/coganlab/jz421/GlobalLocal/src/analysis/utils/general_utils.py:422: RuntimeWarning: Concatenation of Annotations within Epochs is not supported yet. All annotations will be dropped.
  event_epochs = mne.concatenate_epochs(combined_epochs)
/hpc/home/jz421/coganlab/jz421/GlobalLocal/src/analysis/utils/general_utils.py:422: RuntimeWarning: Concatenation of Annotations within Epochs is not supported yet. All annotations will be dropped.
  event_epochs = mne.concatenate_epochs(combined_epochs)
/hpc/home/jz421/coganlab/jz421/GlobalLocal/src/analysis/utils/general_utils.py:422: RuntimeWarning: Concatenation of Annotations within Epochs is not supported yet. All annotations will be dropped.
  event_epochs = mne.concatenate_epochs(combined_epochs)
/hpc/home/jz421/coganlab/jz421/GlobalLocal/src/analysis/utils/general_utils.py:422: RuntimeWarning: Concatenation of Annotations within Epochs is not supported yet. All annotations will be dropped.
  event_epochs = mne.concatenate_epochs(combined_epochs)
/hpc/home/jz421/coganlab/jz421/GlobalLocal/src/analysis/utils/general_utils.py:422: RuntimeWarning: Concatenation of Annotations within Epochs is not supported yet. All annotations will be dropped.
  event_epochs = mne.concatenate_epochs(combined_epochs)
/hpc/home/jz421/coganlab/jz421/GlobalLocal/src/analysis/utils/general_utils.py:422: RuntimeWarning: Concatenation of Annotations within Epochs is not supported yet. All annotations will be dropped.
  event_epochs = mne.concatenate_epochs(combined_epochs)
/hpc/home/jz421/coganlab/jz421/GlobalLocal/src/analysis/utils/general_utils.py:422: RuntimeWarning: Concatenation of Annotations within Epochs is not supported yet. All annotations will be dropped.
  event_epochs = mne.concatenate_epochs(combined_epochs)
/hpc/home/jz421/coganlab/jz421/GlobalLocal/src/analysis/utils/general_utils.py:422: RuntimeWarning: Concatenation of Annotations within Epochs is not supported yet. All annotations will be dropped.
  event_epochs = mne.concatenate_epochs(combined_epochs)
/hpc/home/jz421/coganlab/jz421/GlobalLocal/src/analysis/utils/general_utils.py:422: RuntimeWarning: Concatenation of Annotations within Epochs is not supported yet. All annotations will be dropped.
  event_epochs = mne.concatenate_epochs(combined_epochs)
/hpc/home/jz421/coganlab/jz421/GlobalLocal/src/analysis/utils/general_utils.py:422: RuntimeWarning: Concatenation of Annotations within Epochs is not supported yet. All annotations will be dropped.
  event_epochs = mne.concatenate_epochs(combined_epochs)
/hpc/home/jz421/coganlab/jz421/GlobalLocal/src/analysis/utils/general_utils.py:422: RuntimeWarning: Concatenation of Annotations within Epochs is not supported yet. All annotations will be dropped.
  event_epochs = mne.concatenate_epochs(combined_epochs)
/hpc/home/jz421/coganlab/jz421/GlobalLocal/src/analysis/utils/general_utils.py:422: RuntimeWarning: Concatenation of Annotations within Epochs is not supported yet. All annotations will be dropped.
  event_epochs = mne.concatenate_epochs(combined_epochs)
/hpc/home/jz421/coganlab/jz421/GlobalLocal/src/analysis/utils/general_utils.py:422: RuntimeWarning: Concatenation of Annotations within Epochs is not supported yet. All annotations will be dropped.
  event_epochs = mne.concatenate_epochs(combined_epochs)
/hpc/home/jz421/coganlab/jz421/GlobalLocal/src/analysis/utils/general_utils.py:422: RuntimeWarning: Concatenation of Annotations within Epochs is not supported yet. All annotations will be dropped.
  event_epochs = mne.concatenate_epochs(combined_epochs)
/hpc/home/jz421/coganlab/jz421/GlobalLocal/src/analysis/utils/general_utils.py:422: RuntimeWarning: Concatenation of Annotations within Epochs is not supported yet. All annotations will be dropped.
  event_epochs = mne.concatenate_epochs(combined_epochs)
/hpc/home/jz421/coganlab/jz421/GlobalLocal/src/analysis/utils/general_utils.py:422: RuntimeWarning: Concatenation of Annotations within Epochs is not supported yet. All annotations will be dropped.
  event_epochs = mne.concatenate_epochs(combined_epochs)
/hpc/home/jz421/coganlab/jz421/GlobalLocal/src/analysis/utils/general_utils.py:422: RuntimeWarning: Concatenation of Annotations within Epochs is not supported yet. All annotations will be dropped.
  event_epochs = mne.concatenate_epochs(combined_epochs)
/hpc/home/jz421/coganlab/jz421/GlobalLocal/src/analysis/utils/general_utils.py:422: RuntimeWarning: Concatenation of Annotations within Epochs is not supported yet. All annotations will be dropped.
  event_epochs = mne.concatenate_epochs(combined_epochs)
/hpc/home/jz421/coganlab/jz421/GlobalLocal/src/analysis/utils/general_utils.py:422: RuntimeWarning: Concatenation of Annotations within Epochs is not supported yet. All annotations will be dropped.
  event_epochs = mne.concatenate_epochs(combined_epochs)
/hpc/home/jz421/coganlab/jz421/GlobalLocal/src/analysis/utils/general_utils.py:422: RuntimeWarning: Concatenation of Annotations within Epochs is not supported yet. All annotations will be dropped.
  event_epochs = mne.concatenate_epochs(combined_epochs)
/hpc/home/jz421/coganlab/jz421/GlobalLocal/src/analysis/utils/general_utils.py:422: RuntimeWarning: Concatenation of Annotations within Epochs is not supported yet. All annotations will be dropped.
  event_epochs = mne.concatenate_epochs(combined_epochs)
/hpc/home/jz421/coganlab/jz421/GlobalLocal/src/analysis/utils/general_utils.py:422: RuntimeWarning: Concatenation of Annotations within Epochs is not supported yet. All annotations will be dropped.
  event_epochs = mne.concatenate_epochs(combined_epochs)
/hpc/home/jz421/coganlab/jz421/GlobalLocal/src/analysis/utils/general_utils.py:422: RuntimeWarning: Concatenation of Annotations within Epochs is not supported yet. All annotations will be dropped.
  event_epochs = mne.concatenate_epochs(combined_epochs)
/hpc/home/jz421/coganlab/jz421/GlobalLocal/src/analysis/utils/general_utils.py:422: RuntimeWarning: Concatenation of Annotations within Epochs is not supported yet. All annotations will be dropped.
  event_epochs = mne.concatenate_epochs(combined_epochs)
/hpc/home/jz421/coganlab/jz421/GlobalLocal/src/analysis/utils/general_utils.py:422: RuntimeWarning: Concatenation of Annotations within Epochs is not supported yet. All annotations will be dropped.
  event_epochs = mne.concatenate_epochs(combined_epochs)
/hpc/home/jz421/coganlab/jz421/GlobalLocal/src/analysis/utils/general_utils.py:422: RuntimeWarning: Concatenation of Annotations within Epochs is not supported yet. All annotations will be dropped.
  event_epochs = mne.concatenate_epochs(combined_epochs)
/hpc/home/jz421/coganlab/jz421/GlobalLocal/src/analysis/utils/general_utils.py:422: RuntimeWarning: Concatenation of Annotations within Epochs is not supported yet. All annotations will be dropped.
  event_epochs = mne.concatenate_epochs(combined_epochs)
/hpc/home/jz421/coganlab/jz421/GlobalLocal/src/analysis/utils/general_utils.py:422: RuntimeWarning: Concatenation of Annotations within Epochs is not supported yet. All annotations will be dropped.
  event_epochs = mne.concatenate_epochs(combined_epochs)
/hpc/home/jz421/coganlab/jz421/GlobalLocal/src/analysis/utils/general_utils.py:422: RuntimeWarning: Concatenation of Annotations within Epochs is not supported yet. All annotations will be dropped.
  event_epochs = mne.concatenate_epochs(combined_epochs)
/hpc/home/jz421/coganlab/jz421/GlobalLocal/src/analysis/utils/general_utils.py:422: RuntimeWarning: Concatenation of Annotations within Epochs is not supported yet. All annotations will be dropped.
  event_epochs = mne.concatenate_epochs(combined_epochs)
/hpc/home/jz421/coganlab/jz421/GlobalLocal/src/analysis/utils/general_utils.py:422: RuntimeWarning: Concatenation of Annotations within Epochs is not supported yet. All annotations will be dropped.
  event_epochs = mne.concatenate_epochs(combined_epochs)
/hpc/home/jz421/coganlab/jz421/GlobalLocal/src/analysis/utils/general_utils.py:422: RuntimeWarning: Concatenation of Annotations within Epochs is not supported yet. All annotations will be dropped.
  event_epochs = mne.concatenate_epochs(combined_epochs)
/hpc/home/jz421/coganlab/jz421/GlobalLocal/src/analysis/utils/general_utils.py:422: RuntimeWarning: Concatenation of Annotations within Epochs is not supported yet. All annotations will be dropped.
  event_epochs = mne.concatenate_epochs(combined_epochs)
/hpc/home/jz421/coganlab/jz421/GlobalLocal/src/analysis/utils/general_utils.py:422: RuntimeWarning: Concatenation of Annotations within Epochs is not supported yet. All annotations will be dropped.
  event_epochs = mne.concatenate_epochs(combined_epochs)
/hpc/home/jz421/coganlab/jz421/GlobalLocal/src/analysis/utils/general_utils.py:422: RuntimeWarning: Concatenation of Annotations within Epochs is not supported yet. All annotations will be dropped.
  event_epochs = mne.concatenate_epochs(combined_epochs)
/hpc/home/jz421/coganlab/jz421/GlobalLocal/src/analysis/utils/general_utils.py:422: RuntimeWarning: Concatenation of Annotations within Epochs is not supported yet. All annotations will be dropped.
  event_epochs = mne.concatenate_epochs(combined_epochs)
/hpc/home/jz421/coganlab/jz421/GlobalLocal/src/analysis/utils/general_utils.py:422: RuntimeWarning: Concatenation of Annotations within Epochs is not supported yet. All annotations will be dropped.
  event_epochs = mne.concatenate_epochs(combined_epochs)
/hpc/home/jz421/coganlab/jz421/GlobalLocal/src/analysis/utils/general_utils.py:422: RuntimeWarning: Concatenation of Annotations within Epochs is not supported yet. All annotations will be dropped.
  event_epochs = mne.concatenate_epochs(combined_epochs)
[Parallel(n_jobs=-1)]: Using backend LokyBackend with 20 concurrent workers.
Intel(R) Extension for Scikit-learn* enabled (https://github.com/intel/scikit-learn-intelex)
Intel(R) Extension for Scikit-learn* enabled (https://github.com/intel/scikit-learn-intelex)
Intel(R) Extension for Scikit-learn* enabled (https://github.com/intel/scikit-learn-intelex)
Intel(R) Extension for Scikit-learn* enabled (https://github.com/intel/scikit-learn-intelex)
Intel(R) Extension for Scikit-learn* enabled (https://github.com/intel/scikit-learn-intelex)
Intel(R) Extension for Scikit-learn* enabled (https://github.com/intel/scikit-learn-intelex)
Intel(R) Extension for Scikit-learn* enabled (https://github.com/intel/scikit-learn-intelex)
Intel(R) Extension for Scikit-learn* enabled (https://github.com/intel/scikit-learn-intelex)
Intel(R) Extension for Scikit-learn* enabled (https://github.com/intel/scikit-learn-intelex)
Intel(R) Extension for Scikit-learn* enabled (https://github.com/intel/scikit-learn-intelex)
Intel(R) Extension for Scikit-learn* enabled (https://github.com/intel/scikit-learn-intelex)
Intel(R) Extension for Scikit-learn* enabled (https://github.com/intel/scikit-learn-intelex)
Intel(R) Extension for Scikit-learn* enabled (https://github.com/intel/scikit-learn-intelex)
Intel(R) Extension for Scikit-learn* enabled (https://github.com/intel/scikit-learn-intelex)
Intel(R) Extension for Scikit-learn* enabled (https://github.com/intel/scikit-learn-intelex)
Intel(R) Extension for Scikit-learn* enabled (https://github.com/intel/scikit-learn-intelex)
Intel(R) Extension for Scikit-learn* enabled (https://github.com/intel/scikit-learn-intelex)
Intel(R) Extension for Scikit-learn* enabled (https://github.com/intel/scikit-learn-intelex)
Intel(R) Extension for Scikit-learn* enabled (https://github.com/intel/scikit-learn-intelex)
Intel(R) Extension for Scikit-learn* enabled (https://github.com/intel/scikit-learn-intelex)
[Parallel(n_jobs=-1)]: Done   2 out of  20 | elapsed: 215.9min remaining: 1943.5min
[Parallel(n_jobs=-1)]: Done   5 out of  20 | elapsed: 222.2min remaining: 666.5min
[Parallel(n_jobs=-1)]: Done   8 out of  20 | elapsed: 225.9min remaining: 338.9min
[Parallel(n_jobs=-1)]: Done  11 out of  20 | elapsed: 228.3min remaining: 186.8min
[Parallel(n_jobs=-1)]: Done  14 out of  20 | elapsed: 229.9min remaining: 98.5min
[Parallel(n_jobs=-1)]: Done  17 out of  20 | elapsed: 230.8min remaining: 40.7min
[Parallel(n_jobs=-1)]: Done  20 out of  20 | elapsed: 234.1min finished
The PostScript backend does not support transparency; partially transparent artists will be rendered opaque.
The PostScript backend does not support transparency; partially transparent artists will be rendered opaque.
The PostScript backend does not support transparency; partially transparent artists will be rendered opaque.
The PostScript backend does not support transparency; partially transparent artists will be rendered opaque.
The PostScript backend does not support transparency; partially transparent artists will be rendered opaque.
