/hpc/home/etb28/coganlab/etb28/GlobalLocal/src/analysis/utils/general_utils.py:441: RuntimeWarning: Concatenation of Annotations within Epochs is not supported yet. All annotations will be dropped.
  event_epochs = mne.concatenate_epochs(combined_epochs_list)
/hpc/home/etb28/coganlab/etb28/GlobalLocal/src/analysis/utils/general_utils.py:441: RuntimeWarning: Concatenation of Annotations within Epochs is not supported yet. All annotations will be dropped.
  event_epochs = mne.concatenate_epochs(combined_epochs_list)
/hpc/home/etb28/coganlab/etb28/GlobalLocal/src/analysis/utils/general_utils.py:441: RuntimeWarning: Concatenation of Annotations within Epochs is not supported yet. All annotations will be dropped.
  event_epochs = mne.concatenate_epochs(combined_epochs_list)
/hpc/home/etb28/coganlab/etb28/GlobalLocal/src/analysis/utils/general_utils.py:441: RuntimeWarning: Concatenation of Annotations within Epochs is not supported yet. All annotations will be dropped.
  event_epochs = mne.concatenate_epochs(combined_epochs_list)
/hpc/home/etb28/coganlab/etb28/GlobalLocal/src/analysis/utils/general_utils.py:441: RuntimeWarning: Concatenation of Annotations within Epochs is not supported yet. All annotations will be dropped.
  event_epochs = mne.concatenate_epochs(combined_epochs_list)
/hpc/home/etb28/coganlab/etb28/GlobalLocal/src/analysis/utils/general_utils.py:441: RuntimeWarning: Concatenation of Annotations within Epochs is not supported yet. All annotations will be dropped.
  event_epochs = mne.concatenate_epochs(combined_epochs_list)
/hpc/home/etb28/coganlab/etb28/GlobalLocal/src/analysis/utils/general_utils.py:441: RuntimeWarning: Concatenation of Annotations within Epochs is not supported yet. All annotations will be dropped.
  event_epochs = mne.concatenate_epochs(combined_epochs_list)
/hpc/home/etb28/coganlab/etb28/GlobalLocal/src/analysis/utils/general_utils.py:441: RuntimeWarning: Concatenation of Annotations within Epochs is not supported yet. All annotations will be dropped.
  event_epochs = mne.concatenate_epochs(combined_epochs_list)
/hpc/home/etb28/coganlab/etb28/GlobalLocal/src/analysis/utils/general_utils.py:441: RuntimeWarning: Concatenation of Annotations within Epochs is not supported yet. All annotations will be dropped.
  event_epochs = mne.concatenate_epochs(combined_epochs_list)
/hpc/home/etb28/coganlab/etb28/GlobalLocal/src/analysis/utils/general_utils.py:441: RuntimeWarning: Concatenation of Annotations within Epochs is not supported yet. All annotations will be dropped.
  event_epochs = mne.concatenate_epochs(combined_epochs_list)
/hpc/home/etb28/coganlab/etb28/GlobalLocal/src/analysis/utils/general_utils.py:441: RuntimeWarning: Concatenation of Annotations within Epochs is not supported yet. All annotations will be dropped.
  event_epochs = mne.concatenate_epochs(combined_epochs_list)
/hpc/home/etb28/coganlab/etb28/GlobalLocal/src/analysis/utils/general_utils.py:441: RuntimeWarning: Concatenation of Annotations within Epochs is not supported yet. All annotations will be dropped.
  event_epochs = mne.concatenate_epochs(combined_epochs_list)
/hpc/home/etb28/coganlab/etb28/GlobalLocal/src/analysis/utils/general_utils.py:441: RuntimeWarning: Concatenation of Annotations within Epochs is not supported yet. All annotations will be dropped.
  event_epochs = mne.concatenate_epochs(combined_epochs_list)
/hpc/home/etb28/coganlab/etb28/GlobalLocal/src/analysis/utils/general_utils.py:441: RuntimeWarning: Concatenation of Annotations within Epochs is not supported yet. All annotations will be dropped.
  event_epochs = mne.concatenate_epochs(combined_epochs_list)
/hpc/home/etb28/coganlab/etb28/GlobalLocal/src/analysis/utils/general_utils.py:441: RuntimeWarning: Concatenation of Annotations within Epochs is not supported yet. All annotations will be dropped.
  event_epochs = mne.concatenate_epochs(combined_epochs_list)
/hpc/home/etb28/coganlab/etb28/GlobalLocal/src/analysis/utils/general_utils.py:441: RuntimeWarning: Concatenation of Annotations within Epochs is not supported yet. All annotations will be dropped.
  event_epochs = mne.concatenate_epochs(combined_epochs_list)
/hpc/home/etb28/coganlab/etb28/GlobalLocal/src/analysis/utils/general_utils.py:441: RuntimeWarning: Concatenation of Annotations within Epochs is not supported yet. All annotations will be dropped.
  event_epochs = mne.concatenate_epochs(combined_epochs_list)
/hpc/home/etb28/coganlab/etb28/GlobalLocal/src/analysis/utils/general_utils.py:441: RuntimeWarning: Concatenation of Annotations within Epochs is not supported yet. All annotations will be dropped.
  event_epochs = mne.concatenate_epochs(combined_epochs_list)
/hpc/home/etb28/coganlab/etb28/GlobalLocal/src/analysis/utils/general_utils.py:441: RuntimeWarning: Concatenation of Annotations within Epochs is not supported yet. All annotations will be dropped.
  event_epochs = mne.concatenate_epochs(combined_epochs_list)
/hpc/home/etb28/coganlab/etb28/GlobalLocal/src/analysis/utils/general_utils.py:441: RuntimeWarning: Concatenation of Annotations within Epochs is not supported yet. All annotations will be dropped.
  event_epochs = mne.concatenate_epochs(combined_epochs_list)
/hpc/home/etb28/coganlab/etb28/GlobalLocal/src/analysis/utils/general_utils.py:441: RuntimeWarning: Concatenation of Annotations within Epochs is not supported yet. All annotations will be dropped.
  event_epochs = mne.concatenate_epochs(combined_epochs_list)
/hpc/home/etb28/coganlab/etb28/GlobalLocal/src/analysis/utils/general_utils.py:441: RuntimeWarning: Concatenation of Annotations within Epochs is not supported yet. All annotations will be dropped.
  event_epochs = mne.concatenate_epochs(combined_epochs_list)
/hpc/home/etb28/coganlab/etb28/GlobalLocal/src/analysis/utils/general_utils.py:441: RuntimeWarning: Concatenation of Annotations within Epochs is not supported yet. All annotations will be dropped.
  event_epochs = mne.concatenate_epochs(combined_epochs_list)
/hpc/home/etb28/coganlab/etb28/GlobalLocal/src/analysis/utils/general_utils.py:441: RuntimeWarning: Concatenation of Annotations within Epochs is not supported yet. All annotations will be dropped.
  event_epochs = mne.concatenate_epochs(combined_epochs_list)
/hpc/home/etb28/coganlab/etb28/GlobalLocal/src/analysis/utils/general_utils.py:441: RuntimeWarning: Concatenation of Annotations within Epochs is not supported yet. All annotations will be dropped.
  event_epochs = mne.concatenate_epochs(combined_epochs_list)
/hpc/home/etb28/coganlab/etb28/GlobalLocal/src/analysis/utils/general_utils.py:441: RuntimeWarning: Concatenation of Annotations within Epochs is not supported yet. All annotations will be dropped.
  event_epochs = mne.concatenate_epochs(combined_epochs_list)
/hpc/home/etb28/coganlab/etb28/GlobalLocal/src/analysis/utils/general_utils.py:441: RuntimeWarning: Concatenation of Annotations within Epochs is not supported yet. All annotations will be dropped.
  event_epochs = mne.concatenate_epochs(combined_epochs_list)
/hpc/home/etb28/coganlab/etb28/GlobalLocal/src/analysis/utils/general_utils.py:441: RuntimeWarning: Concatenation of Annotations within Epochs is not supported yet. All annotations will be dropped.
  event_epochs = mne.concatenate_epochs(combined_epochs_list)
/hpc/home/etb28/coganlab/etb28/GlobalLocal/src/analysis/utils/general_utils.py:441: RuntimeWarning: Concatenation of Annotations within Epochs is not supported yet. All annotations will be dropped.
  event_epochs = mne.concatenate_epochs(combined_epochs_list)
/hpc/home/etb28/coganlab/etb28/GlobalLocal/src/analysis/utils/general_utils.py:441: RuntimeWarning: Concatenation of Annotations within Epochs is not supported yet. All annotations will be dropped.
  event_epochs = mne.concatenate_epochs(combined_epochs_list)
/hpc/home/etb28/coganlab/etb28/GlobalLocal/src/analysis/utils/general_utils.py:441: RuntimeWarning: Concatenation of Annotations within Epochs is not supported yet. All annotations will be dropped.
  event_epochs = mne.concatenate_epochs(combined_epochs_list)
/hpc/home/etb28/coganlab/etb28/GlobalLocal/src/analysis/utils/general_utils.py:441: RuntimeWarning: Concatenation of Annotations within Epochs is not supported yet. All annotations will be dropped.
  event_epochs = mne.concatenate_epochs(combined_epochs_list)
[Parallel(n_jobs=-1)]: Using backend LokyBackend with 20 concurrent workers.
[Parallel(n_jobs=-1)]: Done   2 out of  20 | elapsed:  3.4min remaining: 30.7min
[Parallel(n_jobs=-1)]: Done   5 out of  20 | elapsed:  3.6min remaining: 10.7min
[Parallel(n_jobs=-1)]: Done   8 out of  20 | elapsed:  3.7min remaining:  5.6min
[Parallel(n_jobs=-1)]: Done  11 out of  20 | elapsed:  3.9min remaining:  3.2min
[Parallel(n_jobs=-1)]: Done  14 out of  20 | elapsed:  3.9min remaining:  1.7min
[Parallel(n_jobs=-1)]: Done  17 out of  20 | elapsed:  4.1min remaining:   43.7s
[Parallel(n_jobs=-1)]: Done  20 out of  20 | elapsed:  4.3min finished
The PostScript backend does not support transparency; partially transparent artists will be rendered opaque.
