Intel(R) Extension for Scikit-learn* enabled (https://github.com/intel/scikit-learn-intelex)
/hpc/home/jz421/miniconda3/envs/ieeg/lib/python3.11/site-packages/ieeg/io.py:113: RuntimeWarning: The number of channels in the channels.tsv sidecar file (179) does not match the number of channels in the raw data file (178). Will not try to set channel names.
  new_raw = read_raw_bids(bids_path=BIDS_path, verbose=verbose)
/hpc/home/jz421/miniconda3/envs/ieeg/lib/python3.11/site-packages/ieeg/io.py:113: RuntimeWarning: Cannot set channel type for the following channels, as they are missing in the raw data: Trigger
  new_raw = read_raw_bids(bids_path=BIDS_path, verbose=verbose)
/hpc/home/jz421/miniconda3/envs/ieeg/lib/python3.11/site-packages/ieeg/io.py:113: RuntimeWarning: Omitted 228 annotation(s) that were outside data range.
  new_raw = read_raw_bids(bids_path=BIDS_path, verbose=verbose)
/hpc/home/jz421/miniconda3/envs/ieeg/lib/python3.11/site-packages/ieeg/io.py:113: RuntimeWarning: The number of channels in the channels.tsv sidecar file (179) does not match the number of channels in the raw data file (178). Will not try to set channel names.
  new_raw = read_raw_bids(bids_path=BIDS_path, verbose=verbose)
/hpc/home/jz421/miniconda3/envs/ieeg/lib/python3.11/site-packages/ieeg/io.py:113: RuntimeWarning: Cannot set channel type for the following channels, as they are missing in the raw data: Trigger
  new_raw = read_raw_bids(bids_path=BIDS_path, verbose=verbose)
/hpc/home/jz421/miniconda3/envs/ieeg/lib/python3.11/site-packages/ieeg/io.py:113: RuntimeWarning: Omitted 228 annotation(s) that were outside data range.
  new_raw = read_raw_bids(bids_path=BIDS_path, verbose=verbose)
/hpc/home/jz421/miniconda3/envs/ieeg/lib/python3.11/site-packages/ieeg/io.py:113: RuntimeWarning: The number of channels in the channels.tsv sidecar file (179) does not match the number of channels in the raw data file (178). Will not try to set channel names.
  new_raw = read_raw_bids(bids_path=BIDS_path, verbose=verbose)
/hpc/home/jz421/miniconda3/envs/ieeg/lib/python3.11/site-packages/ieeg/io.py:113: RuntimeWarning: Cannot set channel type for the following channels, as they are missing in the raw data: Trigger
  new_raw = read_raw_bids(bids_path=BIDS_path, verbose=verbose)
/hpc/home/jz421/miniconda3/envs/ieeg/lib/python3.11/site-packages/ieeg/io.py:113: RuntimeWarning: Omitted 226 annotation(s) that were outside data range.
  new_raw = read_raw_bids(bids_path=BIDS_path, verbose=verbose)
/hpc/home/jz421/miniconda3/envs/ieeg/lib/python3.11/site-packages/ieeg/io.py:113: RuntimeWarning: The number of channels in the channels.tsv sidecar file (179) does not match the number of channels in the raw data file (178). Will not try to set channel names.
  new_raw = read_raw_bids(bids_path=BIDS_path, verbose=verbose)
/hpc/home/jz421/miniconda3/envs/ieeg/lib/python3.11/site-packages/ieeg/io.py:113: RuntimeWarning: Cannot set channel type for the following channels, as they are missing in the raw data: Trigger
  new_raw = read_raw_bids(bids_path=BIDS_path, verbose=verbose)
/hpc/home/jz421/coganlab/jz421/GlobalLocal/src/analysis/utils/general_utils.py:1621: RuntimeWarning: Concatenation of Annotations within Epochs is not supported yet. All annotations will be dropped.
  all_trials = mne.concatenate_epochs(all_trials_list)
[Parallel(n_jobs=2)]: Using backend LokyBackend with 2 concurrent workers.
[Parallel(n_jobs=2)]: Done  16 tasks      | elapsed:  3.0min
[Parallel(n_jobs=2)]: Done  70 tasks      | elapsed: 11.9min
[Parallel(n_jobs=2)]: Done 160 tasks      | elapsed: 27.8min
[Parallel(n_jobs=2)]: Done 175 out of 175 | elapsed: 30.5min finished
/hpc/home/jz421/miniconda3/envs/ieeg/lib/python3.11/site-packages/ieeg/io.py:113: RuntimeWarning: The number of channels in the channels.tsv sidecar file (179) does not match the number of channels in the raw data file (178). Will not try to set channel names.
  new_raw = read_raw_bids(bids_path=BIDS_path, verbose=verbose)
/hpc/home/jz421/miniconda3/envs/ieeg/lib/python3.11/site-packages/ieeg/io.py:113: RuntimeWarning: Cannot set channel type for the following channels, as they are missing in the raw data: Trigger
  new_raw = read_raw_bids(bids_path=BIDS_path, verbose=verbose)
/hpc/home/jz421/miniconda3/envs/ieeg/lib/python3.11/site-packages/ieeg/io.py:113: RuntimeWarning: Omitted 228 annotation(s) that were outside data range.
  new_raw = read_raw_bids(bids_path=BIDS_path, verbose=verbose)
/hpc/home/jz421/miniconda3/envs/ieeg/lib/python3.11/site-packages/ieeg/io.py:113: RuntimeWarning: The number of channels in the channels.tsv sidecar file (179) does not match the number of channels in the raw data file (178). Will not try to set channel names.
  new_raw = read_raw_bids(bids_path=BIDS_path, verbose=verbose)
/hpc/home/jz421/miniconda3/envs/ieeg/lib/python3.11/site-packages/ieeg/io.py:113: RuntimeWarning: Cannot set channel type for the following channels, as they are missing in the raw data: Trigger
  new_raw = read_raw_bids(bids_path=BIDS_path, verbose=verbose)
/hpc/home/jz421/miniconda3/envs/ieeg/lib/python3.11/site-packages/ieeg/io.py:113: RuntimeWarning: Omitted 228 annotation(s) that were outside data range.
  new_raw = read_raw_bids(bids_path=BIDS_path, verbose=verbose)
/hpc/home/jz421/miniconda3/envs/ieeg/lib/python3.11/site-packages/ieeg/io.py:113: RuntimeWarning: The number of channels in the channels.tsv sidecar file (179) does not match the number of channels in the raw data file (178). Will not try to set channel names.
  new_raw = read_raw_bids(bids_path=BIDS_path, verbose=verbose)
/hpc/home/jz421/miniconda3/envs/ieeg/lib/python3.11/site-packages/ieeg/io.py:113: RuntimeWarning: Cannot set channel type for the following channels, as they are missing in the raw data: Trigger
  new_raw = read_raw_bids(bids_path=BIDS_path, verbose=verbose)
/hpc/home/jz421/miniconda3/envs/ieeg/lib/python3.11/site-packages/ieeg/io.py:113: RuntimeWarning: Omitted 226 annotation(s) that were outside data range.
  new_raw = read_raw_bids(bids_path=BIDS_path, verbose=verbose)
/hpc/home/jz421/miniconda3/envs/ieeg/lib/python3.11/site-packages/ieeg/io.py:113: RuntimeWarning: The number of channels in the channels.tsv sidecar file (179) does not match the number of channels in the raw data file (178). Will not try to set channel names.
  new_raw = read_raw_bids(bids_path=BIDS_path, verbose=verbose)
/hpc/home/jz421/miniconda3/envs/ieeg/lib/python3.11/site-packages/ieeg/io.py:113: RuntimeWarning: Cannot set channel type for the following channels, as they are missing in the raw data: Trigger
  new_raw = read_raw_bids(bids_path=BIDS_path, verbose=verbose)
/hpc/home/jz421/coganlab/jz421/GlobalLocal/src/analysis/utils/general_utils.py:1621: RuntimeWarning: Concatenation of Annotations within Epochs is not supported yet. All annotations will be dropped.
  all_trials = mne.concatenate_epochs(all_trials_list)
[Parallel(n_jobs=2)]: Using backend LokyBackend with 2 concurrent workers.
[Parallel(n_jobs=2)]: Done  16 tasks      | elapsed:  3.4min
[Parallel(n_jobs=2)]: Done  70 tasks      | elapsed: 16.5min
[Parallel(n_jobs=2)]: Done 160 tasks      | elapsed: 37.8min
[Parallel(n_jobs=2)]: Done 175 out of 175 | elapsed: 41.5min finished
/hpc/home/jz421/miniconda3/envs/ieeg/lib/python3.11/site-packages/ieeg/io.py:113: RuntimeWarning: The number of channels in the channels.tsv sidecar file (179) does not match the number of channels in the raw data file (178). Will not try to set channel names.
  new_raw = read_raw_bids(bids_path=BIDS_path, verbose=verbose)
/hpc/home/jz421/miniconda3/envs/ieeg/lib/python3.11/site-packages/ieeg/io.py:113: RuntimeWarning: Cannot set channel type for the following channels, as they are missing in the raw data: Trigger
  new_raw = read_raw_bids(bids_path=BIDS_path, verbose=verbose)
/hpc/home/jz421/miniconda3/envs/ieeg/lib/python3.11/site-packages/ieeg/io.py:113: RuntimeWarning: Omitted 228 annotation(s) that were outside data range.
  new_raw = read_raw_bids(bids_path=BIDS_path, verbose=verbose)
/hpc/home/jz421/miniconda3/envs/ieeg/lib/python3.11/site-packages/ieeg/io.py:113: RuntimeWarning: The number of channels in the channels.tsv sidecar file (179) does not match the number of channels in the raw data file (178). Will not try to set channel names.
  new_raw = read_raw_bids(bids_path=BIDS_path, verbose=verbose)
/hpc/home/jz421/miniconda3/envs/ieeg/lib/python3.11/site-packages/ieeg/io.py:113: RuntimeWarning: Cannot set channel type for the following channels, as they are missing in the raw data: Trigger
  new_raw = read_raw_bids(bids_path=BIDS_path, verbose=verbose)
/hpc/home/jz421/miniconda3/envs/ieeg/lib/python3.11/site-packages/ieeg/io.py:113: RuntimeWarning: Omitted 228 annotation(s) that were outside data range.
  new_raw = read_raw_bids(bids_path=BIDS_path, verbose=verbose)
/hpc/home/jz421/miniconda3/envs/ieeg/lib/python3.11/site-packages/ieeg/io.py:113: RuntimeWarning: The number of channels in the channels.tsv sidecar file (179) does not match the number of channels in the raw data file (178). Will not try to set channel names.
  new_raw = read_raw_bids(bids_path=BIDS_path, verbose=verbose)
/hpc/home/jz421/miniconda3/envs/ieeg/lib/python3.11/site-packages/ieeg/io.py:113: RuntimeWarning: Cannot set channel type for the following channels, as they are missing in the raw data: Trigger
  new_raw = read_raw_bids(bids_path=BIDS_path, verbose=verbose)
/hpc/home/jz421/miniconda3/envs/ieeg/lib/python3.11/site-packages/ieeg/io.py:113: RuntimeWarning: Omitted 226 annotation(s) that were outside data range.
  new_raw = read_raw_bids(bids_path=BIDS_path, verbose=verbose)
/hpc/home/jz421/miniconda3/envs/ieeg/lib/python3.11/site-packages/ieeg/io.py:113: RuntimeWarning: The number of channels in the channels.tsv sidecar file (179) does not match the number of channels in the raw data file (178). Will not try to set channel names.
  new_raw = read_raw_bids(bids_path=BIDS_path, verbose=verbose)
/hpc/home/jz421/miniconda3/envs/ieeg/lib/python3.11/site-packages/ieeg/io.py:113: RuntimeWarning: Cannot set channel type for the following channels, as they are missing in the raw data: Trigger
  new_raw = read_raw_bids(bids_path=BIDS_path, verbose=verbose)
/hpc/home/jz421/coganlab/jz421/GlobalLocal/src/analysis/utils/general_utils.py:1621: RuntimeWarning: Concatenation of Annotations within Epochs is not supported yet. All annotations will be dropped.
  all_trials = mne.concatenate_epochs(all_trials_list)
[Parallel(n_jobs=2)]: Using backend LokyBackend with 2 concurrent workers.
[Parallel(n_jobs=2)]: Done  16 tasks      | elapsed:  2.5min
[Parallel(n_jobs=2)]: Done  70 tasks      | elapsed: 12.3min
