['/hpc/home/jz421/coganlab/jz421/GlobalLocal', '/hpc/group/coganlab/jz421/GlobalLocal/dcc_scripts/decoding', '/hpc/home/jz421/miniconda3/envs/ieeg/lib/python311.zip', '/hpc/home/jz421/miniconda3/envs/ieeg/lib/python3.11', '/hpc/home/jz421/miniconda3/envs/ieeg/lib/python3.11/lib-dynload', '/hpc/home/jz421/miniconda3/envs/ieeg/lib/python3.11/site-packages', '/hpc/home/jz421/coganlab/jz421/GlobalLocal/IEEG_Pipelines/']
Qt5Agg backend not available, using default backend
Qt5Agg backend not available, using default backend

WARNING: Keras package is not installed. You will be unable to useall neural net decoders
['/hpc/home/jz421/coganlab/jz421/GlobalLocal', '/hpc/group/coganlab/jz421/GlobalLocal/dcc_scripts/decoding', '/hpc/home/jz421/miniconda3/envs/ieeg/lib/python311.zip', '/hpc/home/jz421/miniconda3/envs/ieeg/lib/python3.11', '/hpc/home/jz421/miniconda3/envs/ieeg/lib/python3.11/lib-dynload', '/hpc/home/jz421/miniconda3/envs/ieeg/lib/python3.11/site-packages', '/hpc/home/jz421/coganlab/jz421/GlobalLocal/IEEG_Pipelines/']
======================================================================
BANDPASS FILTERED DECODING ANALYSIS
======================================================================
Subjects:          ['D0103', 'D0057']
Conditions:        ['Stimulus_c25', 'Stimulus_c75', 'Stimulus_i25', 'Stimulus_i75']
ROIs:              ['lpfc']
Epochs file:       Stimulus_0.5sec_within-1.0-0.0sec_base_decFactor_8_outliers_10_drop_thresh_perc_5.0_70.0-150.0_Hz_padLength_0.5s_stat_func_ttest_ind_equal_var_False_nan_policy_omit
Electrodes (all or sig):       sig
Explained variance: 0.95
Balance method:     subsample
Obs axs:            0
Chans axs:          1
Time axs:           -1
----------------------------------------------------------------------
Decoding Parameters:
  CV Splits/Repeats: 2/2
  Balance Method:    subsample
  Explained Variance:0.95
  Window/Step (samp):32/16
  Sampling Rate (Hz):256
----------------------------------------------------------------------
Perm Cluster Statistical Parameters:
  P-value Threshold: 0.05
  P cluster: 0.05
  Tails:             2
 unit of analysis for stats (bootstrap, repeat, or fold): repeat
Percentile Statistical Parameters:
  Percentile: 95
  Cluster Percentile: 95
  N Cluster Perms: 2
======================================================================
======================================================================

Starting analysis...
Loaded data from /hpc/home/jz421/coganlab/jz421/GlobalLocal/src/analysis/config/subjects_electrodestoROIs_dict.json
Save directory created or already exists at: /cwork/jz421/BIDS-1.1_GlobalLocal/BIDS/derivatives/decoding/figs/Stimulus_0.5sec_within-1.0-0.0sec_base_decFactor_8_outliers_10_drop_thresh_perc_5.0_70.0-150.0_Hz_padLength_0.5s_stat_func_ttest_ind_equal_var_False_nan_policy_omit
Loaded significant channels for subject D0103
Loaded significant channels for subject D0057
For subject D0057, G_front_inf-Opercular, G_front_inf-Orbital, G_front_inf-Triangul, G_front_middle, G_front_sup, Lat_Fis-ant-Horizont, Lat_Fis-ant-Vertical, S_circular_insula_ant, S_circular_insula_sup, S_front_inf, S_front_middle, S_front_sup electrodes are: ['RAI6', 'RAI12', 'RAI13', 'RAI14', 'RAI15', 'RAI16', 'RPI15', 'RPI14', 'RAMF10', 'RAMF11', 'RAMF12', 'RAMF13', 'RAMF14', 'RAIF11', 'RAIF12', 'RAIF13', 'RAIF14']
For subject D0059, G_front_inf-Opercular, G_front_inf-Orbital, G_front_inf-Triangul, G_front_middle, G_front_sup, Lat_Fis-ant-Horizont, Lat_Fis-ant-Vertical, S_circular_insula_ant, S_circular_insula_sup, S_front_inf, S_front_middle, S_front_sup electrodes are: ['LMMF9', 'LMMF11', 'LMMF10', 'LMMF12', 'LPSF16']
For subject D0063, G_front_inf-Opercular, G_front_inf-Orbital, G_front_inf-Triangul, G_front_middle, G_front_sup, Lat_Fis-ant-Horizont, Lat_Fis-ant-Vertical, S_circular_insula_ant, S_circular_insula_sup, S_front_inf, S_front_middle, S_front_sup electrodes are: ['LASF10', 'LASF11', 'LASF14', 'LASF15', 'LASF16', 'LMSF5', 'LMSF6', 'LMSF12', 'LPSF10', 'LPSF12', 'ROF16', 'RAI16', 'RAMF11', 'RAMF12', 'RAMF13', 'RAMF14', 'RMMF13', 'RMMF14', 'RAI4', 'RAI6', 'RAI5', 'RAI10', 'RAI11', 'RASF15', 'RASF16', 'RMSF8', 'RMSF9', 'RMSF10', 'RMSF11', 'RMSF12', 'RMSF7', 'RAMF8', 'RAMF9', 'RAMF10', 'RMMF9', 'RMMF10']
For subject D0065, G_front_inf-Opercular, G_front_inf-Orbital, G_front_inf-Triangul, G_front_middle, G_front_sup, Lat_Fis-ant-Horizont, Lat_Fis-ant-Vertical, S_circular_insula_ant, S_circular_insula_sup, S_front_inf, S_front_middle, S_front_sup electrodes are: ['RASF13', 'RASF14', 'RASF15', 'RASF16', 'RMSF11', 'RMSF12', 'RMSF13', 'RMSF14', 'RI7']
For subject D0069, G_front_inf-Opercular, G_front_inf-Orbital, G_front_inf-Triangul, G_front_middle, G_front_sup, Lat_Fis-ant-Horizont, Lat_Fis-ant-Vertical, S_circular_insula_ant, S_circular_insula_sup, S_front_inf, S_front_middle, S_front_sup electrodes are: ['LOF8']
For subject D0071, G_front_inf-Opercular, G_front_inf-Orbital, G_front_inf-Triangul, G_front_middle, G_front_sup, Lat_Fis-ant-Horizont, Lat_Fis-ant-Vertical, S_circular_insula_ant, S_circular_insula_sup, S_front_inf, S_front_middle, S_front_sup electrodes are: ['RFO14', 'RFO16', 'RIA4', 'RIP6', 'RIA5', 'RIA11', 'RIA12', 'RIA13', 'RIA14', 'RIA16', 'RIP14', 'RIP15', 'RIP16']
For subject D0077, G_front_inf-Opercular, G_front_inf-Orbital, G_front_inf-Triangul, G_front_middle, G_front_sup, Lat_Fis-ant-Horizont, Lat_Fis-ant-Vertical, S_circular_insula_ant, S_circular_insula_sup, S_front_inf, S_front_middle, S_front_sup electrodes are: []
For subject D0090, G_front_inf-Opercular, G_front_inf-Orbital, G_front_inf-Triangul, G_front_middle, G_front_sup, Lat_Fis-ant-Horizont, Lat_Fis-ant-Vertical, S_circular_insula_ant, S_circular_insula_sup, S_front_inf, S_front_middle, S_front_sup electrodes are: ['RFO15', 'RIA6', 'RIA11', 'RIA12', 'RIA14', 'RIA15', 'RIA16', 'RIP7']
For subject D0094, G_front_inf-Opercular, G_front_inf-Orbital, G_front_inf-Triangul, G_front_middle, G_front_sup, Lat_Fis-ant-Horizont, Lat_Fis-ant-Vertical, S_circular_insula_ant, S_circular_insula_sup, S_front_inf, S_front_middle, S_front_sup electrodes are: ['LFO12', 'LFO13', 'LFO15', 'LFO16', 'LFAM8', 'LFAM9', 'LFAM10', 'LFAM13', 'LFAM14', 'LFPM10', 'LFPM11', 'LFPM12', 'LPAS1', 'LIA16', 'LFAI3', 'LFAI4', 'LFAI5', 'LFPI10', 'LPAI9', 'LPAI10', 'LIA4', 'LIA5', 'LFAI9', 'LFAI10', 'LIA11', 'LIA12', 'LIA13', 'LIA14']
For subject D0100, G_front_inf-Opercular, G_front_inf-Orbital, G_front_inf-Triangul, G_front_middle, G_front_sup, Lat_Fis-ant-Horizont, Lat_Fis-ant-Vertical, S_circular_insula_ant, S_circular_insula_sup, S_front_inf, S_front_middle, S_front_sup electrodes are: []
For subject D0102, G_front_inf-Opercular, G_front_inf-Orbital, G_front_inf-Triangul, G_front_middle, G_front_sup, Lat_Fis-ant-Horizont, Lat_Fis-ant-Vertical, S_circular_insula_ant, S_circular_insula_sup, S_front_inf, S_front_middle, S_front_sup electrodes are: ['RFO13', 'RFO14', 'RFAM15', 'RFAI2', 'RFAI3']
For subject D0103, G_front_inf-Opercular, G_front_inf-Orbital, G_front_inf-Triangul, G_front_middle, G_front_sup, Lat_Fis-ant-Horizont, Lat_Fis-ant-Vertical, S_circular_insula_ant, S_circular_insula_sup, S_front_inf, S_front_middle, S_front_sup electrodes are: ['LFAM8', 'LFAM9', 'LAI13', 'LAI14', 'LFAM15', 'LAI4', 'LAI7', 'LAI8', 'LAI18', 'LFO15', 'LFAI4']
For subject D0107A, G_front_inf-Opercular, G_front_inf-Orbital, G_front_inf-Triangul, G_front_middle, G_front_sup, Lat_Fis-ant-Horizont, Lat_Fis-ant-Vertical, S_circular_insula_ant, S_circular_insula_sup, S_front_inf, S_front_middle, S_front_sup electrodes are: ['RFOA16', 'RFOA17', 'RFOA18', 'RFAI3', 'RIA5', 'RIA6', 'RFAM7', 'RFAM9', 'RFAM10', 'RFAM11', 'RFAM12', 'RFMM9', 'RFMM11', 'RFMM12', 'RFMM13', 'RFMM14', 'RFMM15', 'RFMM8', 'RIA12', 'RIA13', 'RIA14', 'RIA15', 'RIA16', 'RIA17', 'RIA18']
For subject D0110, G_front_inf-Opercular, G_front_inf-Orbital, G_front_inf-Triangul, G_front_middle, G_front_sup, Lat_Fis-ant-Horizont, Lat_Fis-ant-Vertical, S_circular_insula_ant, S_circular_insula_sup, S_front_inf, S_front_middle, S_front_sup electrodes are: ['LASF10', 'LOF13', 'LOF15', 'LINS4', 'LINS5']
For subject D0116, G_front_inf-Opercular, G_front_inf-Orbital, G_front_inf-Triangul, G_front_middle, G_front_sup, Lat_Fis-ant-Horizont, Lat_Fis-ant-Vertical, S_circular_insula_ant, S_circular_insula_sup, S_front_inf, S_front_middle, S_front_sup electrodes are: ['LFOA14', 'LFOA17', 'LFOA18', 'LFOP15', 'LFAM10', 'LFAM11', 'LFMM14', 'LAI12', 'LAI16', 'LFAM12', 'LAI7', 'LAI8', 'LFMI3', 'LFMI5', 'LFMI6', 'RFOA14', 'RFOA15', 'RFOA16', 'RFOP15', 'RFMM10', 'RFMM11', 'RFMM12', 'RAI7', 'RAI11', 'RAI12', 'RAI14', 'RAI15', 'RAI16', 'RAI17', 'RFMI4']
For subject D0117, G_front_inf-Opercular, G_front_inf-Orbital, G_front_inf-Triangul, G_front_middle, G_front_sup, Lat_Fis-ant-Horizont, Lat_Fis-ant-Vertical, S_circular_insula_ant, S_circular_insula_sup, S_front_inf, S_front_middle, S_front_sup electrodes are: ['RMOF15', 'RINSA15', 'RINSA16', 'RLOF10', 'RLOF11', 'RLOF16', 'RINSA3', 'RINSA11', 'RINSA12', 'RINSA13', 'RINSA14']
For subject D0121, G_front_inf-Opercular, G_front_inf-Orbital, G_front_inf-Triangul, G_front_middle, G_front_sup, Lat_Fis-ant-Horizont, Lat_Fis-ant-Vertical, S_circular_insula_ant, S_circular_insula_sup, S_front_inf, S_front_middle, S_front_sup electrodes are: ['LFOA15', 'LFOP12', 'LFO5', 'LFO6', 'LFO8', 'LFO9', 'LFO12', 'LFO13', 'LFO14', 'LFO15', 'LFO16', 'LFO17', 'LFO18', 'LFA1', 'LFA2', 'LFP16', 'LFP17', 'LFPS1', 'LFPS2', 'LFPP1', 'LFOP13', 'LFOP15', 'LFOP16', 'LFOP18', 'LFA7', 'LFA8', 'LFAS6', 'LFAM8', 'LFAM9', 'LFA9', 'LFA10', 'LFA11', 'LFA12', 'LFAM10', 'LFAM11', 'LFAM12', 'LFMM8', 'LFMM9', 'LFMM10', 'LFMM11', 'LFMM12', 'LFAS7', 'LFAS8', 'LFAS9', 'LFAS10', 'LFMS7', 'LFMS9', 'LFMS10', 'LFMS11', 'LFMS12', 'LFPS6', 'LFPS7', 'LFPS9', 'LFPS10', 'LFPP7', 'LFPP9', 'LFPP10', 'LFMI4', 'LFMI5', 'LFMI8', 'LFMI9']
Subject D0057 significant G_front_inf-Opercular, G_front_inf-Orbital, G_front_inf-Triangul, G_front_middle, G_front_sup, Lat_Fis-ant-Horizont, Lat_Fis-ant-Vertical, S_circular_insula_ant, S_circular_insula_sup, S_front_inf, S_front_middle, S_front_sup electrodes: ['RAI6', 'RPI15', 'RPI14', 'RAMF13', 'RAMF14', 'RAIF12']
Subject D0059 significant G_front_inf-Opercular, G_front_inf-Orbital, G_front_inf-Triangul, G_front_middle, G_front_sup, Lat_Fis-ant-Horizont, Lat_Fis-ant-Vertical, S_circular_insula_ant, S_circular_insula_sup, S_front_inf, S_front_middle, S_front_sup electrodes: []
Subject D0063 significant G_front_inf-Opercular, G_front_inf-Orbital, G_front_inf-Triangul, G_front_middle, G_front_sup, Lat_Fis-ant-Horizont, Lat_Fis-ant-Vertical, S_circular_insula_ant, S_circular_insula_sup, S_front_inf, S_front_middle, S_front_sup electrodes: []
Subject D0065 significant G_front_inf-Opercular, G_front_inf-Orbital, G_front_inf-Triangul, G_front_middle, G_front_sup, Lat_Fis-ant-Horizont, Lat_Fis-ant-Vertical, S_circular_insula_ant, S_circular_insula_sup, S_front_inf, S_front_middle, S_front_sup electrodes: []
Subject D0069 significant G_front_inf-Opercular, G_front_inf-Orbital, G_front_inf-Triangul, G_front_middle, G_front_sup, Lat_Fis-ant-Horizont, Lat_Fis-ant-Vertical, S_circular_insula_ant, S_circular_insula_sup, S_front_inf, S_front_middle, S_front_sup electrodes: []
Subject D0071 significant G_front_inf-Opercular, G_front_inf-Orbital, G_front_inf-Triangul, G_front_middle, G_front_sup, Lat_Fis-ant-Horizont, Lat_Fis-ant-Vertical, S_circular_insula_ant, S_circular_insula_sup, S_front_inf, S_front_middle, S_front_sup electrodes: []
Subject D0077 significant G_front_inf-Opercular, G_front_inf-Orbital, G_front_inf-Triangul, G_front_middle, G_front_sup, Lat_Fis-ant-Horizont, Lat_Fis-ant-Vertical, S_circular_insula_ant, S_circular_insula_sup, S_front_inf, S_front_middle, S_front_sup electrodes: []
Subject D0090 significant G_front_inf-Opercular, G_front_inf-Orbital, G_front_inf-Triangul, G_front_middle, G_front_sup, Lat_Fis-ant-Horizont, Lat_Fis-ant-Vertical, S_circular_insula_ant, S_circular_insula_sup, S_front_inf, S_front_middle, S_front_sup electrodes: []
Subject D0094 significant G_front_inf-Opercular, G_front_inf-Orbital, G_front_inf-Triangul, G_front_middle, G_front_sup, Lat_Fis-ant-Horizont, Lat_Fis-ant-Vertical, S_circular_insula_ant, S_circular_insula_sup, S_front_inf, S_front_middle, S_front_sup electrodes: []
Subject D0100 significant G_front_inf-Opercular, G_front_inf-Orbital, G_front_inf-Triangul, G_front_middle, G_front_sup, Lat_Fis-ant-Horizont, Lat_Fis-ant-Vertical, S_circular_insula_ant, S_circular_insula_sup, S_front_inf, S_front_middle, S_front_sup electrodes: []
Subject D0102 significant G_front_inf-Opercular, G_front_inf-Orbital, G_front_inf-Triangul, G_front_middle, G_front_sup, Lat_Fis-ant-Horizont, Lat_Fis-ant-Vertical, S_circular_insula_ant, S_circular_insula_sup, S_front_inf, S_front_middle, S_front_sup electrodes: []
Subject D0103 significant G_front_inf-Opercular, G_front_inf-Orbital, G_front_inf-Triangul, G_front_middle, G_front_sup, Lat_Fis-ant-Horizont, Lat_Fis-ant-Vertical, S_circular_insula_ant, S_circular_insula_sup, S_front_inf, S_front_middle, S_front_sup electrodes: ['LFAM8', 'LFAM9', 'LAI13', 'LAI14', 'LAI4', 'LAI7', 'LAI8', 'LFAI4']
Subject D0107A significant G_front_inf-Opercular, G_front_inf-Orbital, G_front_inf-Triangul, G_front_middle, G_front_sup, Lat_Fis-ant-Horizont, Lat_Fis-ant-Vertical, S_circular_insula_ant, S_circular_insula_sup, S_front_inf, S_front_middle, S_front_sup electrodes: []
Subject D0110 significant G_front_inf-Opercular, G_front_inf-Orbital, G_front_inf-Triangul, G_front_middle, G_front_sup, Lat_Fis-ant-Horizont, Lat_Fis-ant-Vertical, S_circular_insula_ant, S_circular_insula_sup, S_front_inf, S_front_middle, S_front_sup electrodes: []
Subject D0116 significant G_front_inf-Opercular, G_front_inf-Orbital, G_front_inf-Triangul, G_front_middle, G_front_sup, Lat_Fis-ant-Horizont, Lat_Fis-ant-Vertical, S_circular_insula_ant, S_circular_insula_sup, S_front_inf, S_front_middle, S_front_sup electrodes: []
Subject D0117 significant G_front_inf-Opercular, G_front_inf-Orbital, G_front_inf-Triangul, G_front_middle, G_front_sup, Lat_Fis-ant-Horizont, Lat_Fis-ant-Vertical, S_circular_insula_ant, S_circular_insula_sup, S_front_inf, S_front_middle, S_front_sup electrodes: []
Subject D0121 significant G_front_inf-Opercular, G_front_inf-Orbital, G_front_inf-Triangul, G_front_middle, G_front_sup, Lat_Fis-ant-Horizont, Lat_Fis-ant-Vertical, S_circular_insula_ant, S_circular_insula_sup, S_front_inf, S_front_middle, S_front_sup electrodes: []
Loading data for subject: D0103
Reading /cwork/jz421/BIDS-1.1_GlobalLocal/BIDS/derivatives/freqFilt/figs/D0103/D0103_Stimulus_0.5sec_within-1.0-0.0sec_base_decFactor_8_outliers_10_drop_thresh_perc_5.0_70.0-150.0_Hz_padLength_0.5s_stat_func_ttest_ind_equal_var_False_nan_policy_omit_HG_ev1_rescaled-epo.fif ...
    Found the data of interest:
        t =   -1000.00 ...    1500.00 ms
        0 CTF compensation matrices available
Not setting metadata
448 matching events found
No baseline correction applied
0 projection items activated
Reading /cwork/jz421/BIDS-1.1_GlobalLocal/BIDS/derivatives/freqFilt/figs/D0103/D0103_Stimulus_0.5sec_within-1.0-0.0sec_base_decFactor_8_outliers_10_drop_thresh_perc_5.0_70.0-150.0_Hz_padLength_0.5s_stat_func_ttest_ind_equal_var_False_nan_policy_omit_HG_ev1_power_rescaled-epo.fif ...
    Found the data of interest:
        t =   -1000.00 ...    1500.00 ms
        0 CTF compensation matrices available
Not setting metadata
448 matching events found
No baseline correction applied
0 projection items activated
  Loading condition: Stimulus_c25
Not setting metadata
159 matching events found
No baseline correction applied
    Stimulus_c25: 159 valid trials out of 159
  Loading condition: Stimulus_c75
Not setting metadata
41 matching events found
No baseline correction applied
    Stimulus_c75: 41 valid trials out of 41
  Loading condition: Stimulus_i25
Not setting metadata
46 matching events found
No baseline correction applied
    Stimulus_i25: 46 valid trials out of 46
  Loading condition: Stimulus_i75
Not setting metadata
113 matching events found
No baseline correction applied
    Stimulus_i75: 113 valid trials out of 113
  Loading condition: Stimulus_c25
Not setting metadata
159 matching events found
No baseline correction applied
    Stimulus_c25: 159 valid trials out of 159
  Loading condition: Stimulus_c75
Not setting metadata
41 matching events found
No baseline correction applied
    Stimulus_c75: 41 valid trials out of 41
  Loading condition: Stimulus_i25
Not setting metadata
46 matching events found
No baseline correction applied
    Stimulus_i25: 46 valid trials out of 46
  Loading condition: Stimulus_i75
Not setting metadata
113 matching events found
No baseline correction applied
    Stimulus_i75: 113 valid trials out of 113
Loading data for subject: D0057
Reading /cwork/jz421/BIDS-1.1_GlobalLocal/BIDS/derivatives/freqFilt/figs/D0057/D0057_Stimulus_0.5sec_within-1.0-0.0sec_base_decFactor_8_outliers_10_drop_thresh_perc_5.0_70.0-150.0_Hz_padLength_0.5s_stat_func_ttest_ind_equal_var_False_nan_policy_omit_HG_ev1_rescaled-epo.fif ...
    Found the data of interest:
        t =   -1000.00 ...    1500.00 ms
        0 CTF compensation matrices available
Not setting metadata
449 matching events found
No baseline correction applied
0 projection items activated
Reading /cwork/jz421/BIDS-1.1_GlobalLocal/BIDS/derivatives/freqFilt/figs/D0057/D0057_Stimulus_0.5sec_within-1.0-0.0sec_base_decFactor_8_outliers_10_drop_thresh_perc_5.0_70.0-150.0_Hz_padLength_0.5s_stat_func_ttest_ind_equal_var_False_nan_policy_omit_HG_ev1_power_rescaled-epo.fif ...
    Found the data of interest:
        t =   -1000.00 ...    1500.00 ms
        0 CTF compensation matrices available
Not setting metadata
449 matching events found
No baseline correction applied
0 projection items activated
  Loading condition: Stimulus_c25
Not setting metadata
143 matching events found
No baseline correction applied
    Stimulus_c25: 143 valid trials out of 143
  Loading condition: Stimulus_c75
Not setting metadata
55 matching events found
No baseline correction applied
    Stimulus_c75: 55 valid trials out of 55
  Loading condition: Stimulus_i25
Not setting metadata
43 matching events found
No baseline correction applied
    Stimulus_i25: 43 valid trials out of 43
  Loading condition: Stimulus_i75
Not setting metadata
164 matching events found
No baseline correction applied
    Stimulus_i75: 164 valid trials out of 164
  Loading condition: Stimulus_c25
Not setting metadata
143 matching events found
No baseline correction applied
    Stimulus_c25: 143 valid trials out of 143
  Loading condition: Stimulus_c75
Not setting metadata
55 matching events found
No baseline correction applied
    Stimulus_c75: 55 valid trials out of 55
  Loading condition: Stimulus_i25
Not setting metadata
43 matching events found
No baseline correction applied
    Stimulus_i25: 43 valid trials out of 43
  Loading condition: Stimulus_i75
Not setting metadata
164 matching events found
No baseline correction applied
    Stimulus_i75: 164 valid trials out of 164

--- Summary of Dropped Electrodes ---
Total electrodes dropped across all subjects/ROIs: 0
-------------------------------------


==================== STARTING PARALLEL BOOTSTRAPPING (2 samples across 1 jobs) ====================


====================) PROCESSING BOOTSTRAP 1/2 ====================

Bootstrap 1: Generating data sample...

Making LabeledArray for ROI: lpfc with NaN trials removed within each channel
ROI lpfc: Processing condition Stimulus_c25 for subject D0103, electrode LFAM8
ROI lpfc: Processing condition Stimulus_c75 for subject D0103, electrode LFAM8
ROI lpfc: Processing condition Stimulus_i25 for subject D0103, electrode LFAM8
ROI lpfc: Processing condition Stimulus_i75 for subject D0103, electrode LFAM8
ROI lpfc: Processing condition Stimulus_c25 for subject D0103, electrode LFAM9
ROI lpfc: Processing condition Stimulus_c75 for subject D0103, electrode LFAM9
ROI lpfc: Processing condition Stimulus_i25 for subject D0103, electrode LFAM9
ROI lpfc: Processing condition Stimulus_i75 for subject D0103, electrode LFAM9
ROI lpfc: Processing condition Stimulus_c25 for subject D0103, electrode LAI13
ROI lpfc: Processing condition Stimulus_c75 for subject D0103, electrode LAI13
ROI lpfc: Processing condition Stimulus_i25 for subject D0103, electrode LAI13
ROI lpfc: Processing condition Stimulus_i75 for subject D0103, electrode LAI13
ROI lpfc: Processing condition Stimulus_c25 for subject D0103, electrode LAI14
ROI lpfc: Processing condition Stimulus_c75 for subject D0103, electrode LAI14
ROI lpfc: Processing condition Stimulus_i25 for subject D0103, electrode LAI14
ROI lpfc: Processing condition Stimulus_i75 for subject D0103, electrode LAI14
ROI lpfc: Processing condition Stimulus_c25 for subject D0103, electrode LAI4
ROI lpfc: Processing condition Stimulus_c75 for subject D0103, electrode LAI4
ROI lpfc: Processing condition Stimulus_i25 for subject D0103, electrode LAI4
ROI lpfc: Processing condition Stimulus_i75 for subject D0103, electrode LAI4
ROI lpfc: Processing condition Stimulus_c25 for subject D0103, electrode LAI7
ROI lpfc: Processing condition Stimulus_c75 for subject D0103, electrode LAI7
ROI lpfc: Processing condition Stimulus_i25 for subject D0103, electrode LAI7
ROI lpfc: Processing condition Stimulus_i75 for subject D0103, electrode LAI7
ROI lpfc: Processing condition Stimulus_c25 for subject D0103, electrode LAI8
ROI lpfc: Processing condition Stimulus_c75 for subject D0103, electrode LAI8
ROI lpfc: Processing condition Stimulus_i25 for subject D0103, electrode LAI8
ROI lpfc: Processing condition Stimulus_i75 for subject D0103, electrode LAI8
ROI lpfc: Processing condition Stimulus_c25 for subject D0103, electrode LFAI4
ROI lpfc: Processing condition Stimulus_c75 for subject D0103, electrode LFAI4
ROI lpfc: Processing condition Stimulus_i25 for subject D0103, electrode LFAI4
ROI lpfc: Processing condition Stimulus_i75 for subject D0103, electrode LFAI4
ROI lpfc: Processing condition Stimulus_c25 for subject D0057, electrode RAI6
ROI lpfc: Processing condition Stimulus_c75 for subject D0057, electrode RAI6
ROI lpfc: Processing condition Stimulus_i25 for subject D0057, electrode RAI6
ROI lpfc: Processing condition Stimulus_i75 for subject D0057, electrode RAI6
ROI lpfc: Processing condition Stimulus_c25 for subject D0057, electrode RPI15
ROI lpfc: Processing condition Stimulus_c75 for subject D0057, electrode RPI15
ROI lpfc: Processing condition Stimulus_i25 for subject D0057, electrode RPI15
ROI lpfc: Processing condition Stimulus_i75 for subject D0057, electrode RPI15
ROI lpfc: Processing condition Stimulus_c25 for subject D0057, electrode RPI14
ROI lpfc: Processing condition Stimulus_c75 for subject D0057, electrode RPI14
ROI lpfc: Processing condition Stimulus_i25 for subject D0057, electrode RPI14
ROI lpfc: Processing condition Stimulus_i75 for subject D0057, electrode RPI14
ROI lpfc: Processing condition Stimulus_c25 for subject D0057, electrode RAMF13
ROI lpfc: Processing condition Stimulus_c75 for subject D0057, electrode RAMF13
ROI lpfc: Processing condition Stimulus_i25 for subject D0057, electrode RAMF13
ROI lpfc: Processing condition Stimulus_i75 for subject D0057, electrode RAMF13
ROI lpfc: Processing condition Stimulus_c25 for subject D0057, electrode RAMF14
ROI lpfc: Processing condition Stimulus_c75 for subject D0057, electrode RAMF14
ROI lpfc: Processing condition Stimulus_i25 for subject D0057, electrode RAMF14
ROI lpfc: Processing condition Stimulus_i75 for subject D0057, electrode RAMF14
ROI lpfc: Processing condition Stimulus_c25 for subject D0057, electrode RAIF12
ROI lpfc: Processing condition Stimulus_c75 for subject D0057, electrode RAIF12
ROI lpfc: Processing condition Stimulus_i25 for subject D0057, electrode RAIF12
ROI lpfc: Processing condition Stimulus_i75 for subject D0057, electrode RAIF12
ROI lpfc: Final conditions in nan_removed_data_dict: ['Stimulus_c25', 'Stimulus_c75', 'Stimulus_i25', 'Stimulus_i75']
condition 'Stimulus_c25': subsampling to 143 trials
condition 'Stimulus_c75': subsampling to 41 trials
condition 'Stimulus_i25': subsampling to 43 trials
condition 'Stimulus_i75': subsampling to 113 trials
generating 1 bootstrap sample(s)
Built bootstrapped_conditions_data with conditions: ['Stimulus_c25', 'Stimulus_c75', 'Stimulus_i25', 'Stimulus_i75']
Bootstrap 0: LabeledArray has conditions: ['Stimulus_c25', 'Stimulus_c75', 'Stimulus_i25', 'Stimulus_i75']

Bootstrap 1: Extracted labeled arrays for ROIs:
  ROI lpfc: conditions = ['Stimulus_c25', 'Stimulus_c75', 'Stimulus_i25', 'Stimulus_i75']

==================== DEBUGGING ====================
Top-level keys in roi_labeled_arrays: ['lpfc']
Data for ROI 'lpfc' found.
Object type for this ROI is: <class 'ieeg.calc.mat.LabeledArray'>
Actual condition keys in the LabeledArray: ['Stimulus_c25', 'Stimulus_c75', 'Stimulus_i25', 'Stimulus_i75']
The code is searching for strings: ['c25', 'i25']
===================================================


============================================================
ROI: lpfc
============================================================
Initial concatenated data shape: (286, 14, 641)
  Trials: 286
  Channels: 14
  Time points: 641

--- Detailed NaN Analysis ---

Missing Channels (all NaN across all trials): 0/14

Trial-level NaN Statistics:
  Trials with ANY NaN: 100/286 (35.0%)
  Trials with outlier NaNs (sparse): 0/286 (0.0%)
  Trials with missing channel NaNs (dense): 100/286 (35.0%)
  Trials with both types: 0/286 (0.0%)

Missing Channel Statistics (for affected trials):
  Mean missing channels per affected trial: 14.0
  Max missing channels in a trial: 14

Overall NaN Percentage: 34.97%

--- NaN Impact by Condition ---
  c25: 0/143 trials with NaNs (0.0%)
  i25: 100/143 trials with NaNs (69.9%)

After removing NaN trials:
  Trials kept: 186/286 (65.0%)
  New data shape: (186, 14, 641)

--- Final Trial Counts by Condition ---
  Condition c25: 143 trials
  Condition i25: 43 trials

Subsampling to min trial count: 43
  Subsampled condition 0: 143 -> 43

Final balanced data shape: (86, 14, 641)
============================================================


==================== DEBUGGING ====================
Top-level keys in roi_labeled_arrays: ['lpfc']
Data for ROI 'lpfc' found.
Object type for this ROI is: <class 'ieeg.calc.mat.LabeledArray'>
Actual condition keys in the LabeledArray: ['Stimulus_c25', 'Stimulus_c75', 'Stimulus_i25', 'Stimulus_i75']
The code is searching for strings: ['c75', 'i75']
===================================================


============================================================
ROI: lpfc
============================================================
Initial concatenated data shape: (286, 14, 641)
  Trials: 286
  Channels: 14
  Time points: 641

--- Detailed NaN Analysis ---

Missing Channels (all NaN across all trials): 0/14

Trial-level NaN Statistics:
  Trials with ANY NaN: 132/286 (46.2%)
  Trials with outlier NaNs (sparse): 0/286 (0.0%)
  Trials with missing channel NaNs (dense): 132/286 (46.2%)
  Trials with both types: 0/286 (0.0%)

Missing Channel Statistics (for affected trials):
  Mean missing channels per affected trial: 14.0
  Max missing channels in a trial: 14

Overall NaN Percentage: 46.15%

--- NaN Impact by Condition ---
  c75: 102/143 trials with NaNs (71.3%)
  i75: 30/143 trials with NaNs (21.0%)

After removing NaN trials:
  Trials kept: 154/286 (53.8%)
  New data shape: (154, 14, 641)

--- Final Trial Counts by Condition ---
  Condition c75: 41 trials
  Condition i75: 113 trials

Subsampling to min trial count: 41
  Subsampled condition 1: 113 -> 41

Final balanced data shape: (82, 14, 641)
============================================================


==================== DEBUGGING ====================
Top-level keys in roi_labeled_arrays: ['lpfc']
Data for ROI 'lpfc' found.
Object type for this ROI is: <class 'ieeg.calc.mat.LabeledArray'>
Actual condition keys in the LabeledArray: ['Stimulus_c25', 'Stimulus_c75', 'Stimulus_i25', 'Stimulus_i75']
The code is searching for strings: ['c25', 'i75']
===================================================


============================================================
ROI: lpfc
============================================================
Initial concatenated data shape: (286, 14, 641)
  Trials: 286
  Channels: 14
  Time points: 641

--- Detailed NaN Analysis ---

Missing Channels (all NaN across all trials): 0/14

Trial-level NaN Statistics:
  Trials with ANY NaN: 30/286 (10.5%)
  Trials with outlier NaNs (sparse): 0/286 (0.0%)
  Trials with missing channel NaNs (dense): 30/286 (10.5%)
  Trials with both types: 0/286 (0.0%)

Missing Channel Statistics (for affected trials):
  Mean missing channels per affected trial: 14.0
  Max missing channels in a trial: 14

Overall NaN Percentage: 10.49%

--- NaN Impact by Condition ---
  c25: 0/143 trials with NaNs (0.0%)
  i75: 30/143 trials with NaNs (21.0%)

After removing NaN trials:
  Trials kept: 256/286 (89.5%)
  New data shape: (256, 14, 641)

--- Final Trial Counts by Condition ---
  Condition c25: 143 trials
  Condition i75: 113 trials

Subsampling to min trial count: 113
  Subsampled condition 0: 143 -> 113

Final balanced data shape: (226, 14, 641)
============================================================


==================== DEBUGGING ====================
Top-level keys in roi_labeled_arrays: ['lpfc']
Data for ROI 'lpfc' found.
Object type for this ROI is: <class 'ieeg.calc.mat.LabeledArray'>
Actual condition keys in the LabeledArray: ['Stimulus_c25', 'Stimulus_c75', 'Stimulus_i25', 'Stimulus_i75']
The code is searching for strings: ['c75', 'i25']
===================================================


============================================================
ROI: lpfc
============================================================
Initial concatenated data shape: (286, 14, 641)
  Trials: 286
  Channels: 14
  Time points: 641

--- Detailed NaN Analysis ---

Missing Channels (all NaN across all trials): 0/14

Trial-level NaN Statistics:
  Trials with ANY NaN: 202/286 (70.6%)
  Trials with outlier NaNs (sparse): 0/286 (0.0%)
  Trials with missing channel NaNs (dense): 202/286 (70.6%)
  Trials with both types: 0/286 (0.0%)

Missing Channel Statistics (for affected trials):
  Mean missing channels per affected trial: 14.0
  Max missing channels in a trial: 14

Overall NaN Percentage: 70.63%

--- NaN Impact by Condition ---
  c75: 102/143 trials with NaNs (71.3%)
  i25: 100/143 trials with NaNs (69.9%)

After removing NaN trials:
  Trials kept: 84/286 (29.4%)
  New data shape: (84, 14, 641)

--- Final Trial Counts by Condition ---
  Condition c75: 41 trials
  Condition i25: 43 trials

Subsampling to min trial count: 41
  Subsampled condition 1: 43 -> 41

Final balanced data shape: (82, 14, 641)
============================================================


==================== DEBUGGING ====================
Top-level keys in roi_labeled_arrays: ['lpfc']
Data for ROI 'lpfc' found.
Object type for this ROI is: <class 'ieeg.calc.mat.LabeledArray'>
Actual condition keys in the LabeledArray: ['Stimulus_c25', 'Stimulus_c75', 'Stimulus_i25', 'Stimulus_i75']
The code is searching for strings: ['c25', 'c75']
===================================================


============================================================
ROI: lpfc
============================================================
Initial concatenated data shape: (286, 14, 641)
  Trials: 286
  Channels: 14
  Time points: 641

--- Detailed NaN Analysis ---

Missing Channels (all NaN across all trials): 0/14

Trial-level NaN Statistics:
  Trials with ANY NaN: 102/286 (35.7%)
  Trials with outlier NaNs (sparse): 0/286 (0.0%)
  Trials with missing channel NaNs (dense): 102/286 (35.7%)
  Trials with both types: 0/286 (0.0%)

Missing Channel Statistics (for affected trials):
  Mean missing channels per affected trial: 14.0
  Max missing channels in a trial: 14

Overall NaN Percentage: 35.66%

--- NaN Impact by Condition ---
  c25: 0/143 trials with NaNs (0.0%)
  c75: 102/143 trials with NaNs (71.3%)

After removing NaN trials:
  Trials kept: 184/286 (64.3%)
  New data shape: (184, 14, 641)

--- Final Trial Counts by Condition ---
  Condition c25: 143 trials
  Condition c75: 41 trials

Subsampling to min trial count: 41
  Subsampled condition 0: 143 -> 41

Final balanced data shape: (82, 14, 641)
============================================================


==================== DEBUGGING ====================
Top-level keys in roi_labeled_arrays: ['lpfc']
Data for ROI 'lpfc' found.
Object type for this ROI is: <class 'ieeg.calc.mat.LabeledArray'>
Actual condition keys in the LabeledArray: ['Stimulus_c25', 'Stimulus_c75', 'Stimulus_i25', 'Stimulus_i75']
The code is searching for strings: ['i25', 'i75']
===================================================


============================================================
ROI: lpfc
============================================================
Initial concatenated data shape: (286, 14, 641)
  Trials: 286
  Channels: 14
  Time points: 641

--- Detailed NaN Analysis ---

Missing Channels (all NaN across all trials): 0/14

Trial-level NaN Statistics:
  Trials with ANY NaN: 130/286 (45.5%)
  Trials with outlier NaNs (sparse): 0/286 (0.0%)
  Trials with missing channel NaNs (dense): 130/286 (45.5%)
  Trials with both types: 0/286 (0.0%)

Missing Channel Statistics (for affected trials):
  Mean missing channels per affected trial: 14.0
  Max missing channels in a trial: 14

Overall NaN Percentage: 45.45%

--- NaN Impact by Condition ---
  i25: 100/143 trials with NaNs (69.9%)
  i75: 30/143 trials with NaNs (21.0%)

After removing NaN trials:
  Trials kept: 156/286 (54.5%)
  New data shape: (156, 14, 641)

--- Final Trial Counts by Condition ---
  Condition i25: 43 trials
  Condition i75: 113 trials

Subsampling to min trial count: 43
  Subsampled condition 1: 113 -> 43

Final balanced data shape: (86, 14, 641)
============================================================

Processing ROI: lpfc

==================== DEBUGGING ====================
Top-level keys in roi_labeled_arrays: ['lpfc']
Data for ROI 'lpfc' found.
Object type for this ROI is: <class 'ieeg.calc.mat.LabeledArray'>
Actual condition keys in the LabeledArray: ['Stimulus_c25', 'Stimulus_c75', 'Stimulus_i25', 'Stimulus_i75']
The code is searching for strings: ['c25', 'i25']
===================================================


============================================================
ROI: lpfc
============================================================
Initial concatenated data shape: (286, 14, 641)
  Trials: 286
  Channels: 14
  Time points: 641

--- Detailed NaN Analysis ---

Missing Channels (all NaN across all trials): 0/14

Trial-level NaN Statistics:
  Trials with ANY NaN: 100/286 (35.0%)
  Trials with outlier NaNs (sparse): 0/286 (0.0%)
  Trials with missing channel NaNs (dense): 100/286 (35.0%)
  Trials with both types: 0/286 (0.0%)

Missing Channel Statistics (for affected trials):
  Mean missing channels per affected trial: 14.0
  Max missing channels in a trial: 14

Overall NaN Percentage: 34.97%

--- NaN Impact by Condition ---
  c25: 0/143 trials with NaNs (0.0%)
  i25: 100/143 trials with NaNs (69.9%)

After removing NaN trials:
  Trials kept: 186/286 (65.0%)
  New data shape: (186, 14, 641)

--- Final Trial Counts by Condition ---
  Condition c25: 143 trials
  Condition i25: 43 trials

Subsampling to min trial count: 43
  Subsampled condition 0: 143 -> 43

Final balanced data shape: (86, 14, 641)
============================================================

start times are: [-256, -240, -224, -208, -192, -176, -160, -144, -128, -112, -96, -80, -64, -48, -32, -16, 0, 16, 32, 48, 64, 80, 96, 112, 128, 144, 160, 176, 192, 208, 224, 240, 256, 272, 288, 304, 320, 336, 352]
Effective window size: 32
Effective step size: 16
Number of windows: 39
time_window_centers are: [-0.9375, -0.875, -0.8125, -0.75, -0.6875, -0.625, -0.5625, -0.5, -0.4375, -0.375, -0.3125, -0.25, -0.1875, -0.125, -0.0625, 0.0, 0.0625, 0.125, 0.1875, 0.25, 0.3125, 0.375, 0.4375, 0.5, 0.5625, 0.625, 0.6875, 0.75, 0.8125, 0.875, 0.9375, 1.0, 1.0625, 1.125, 1.1875, 1.25, 1.3125, 1.375, 1.4375]
Processing ROI: lpfc

==================== DEBUGGING ====================
Top-level keys in roi_labeled_arrays: ['lpfc']
Data for ROI 'lpfc' found.
Object type for this ROI is: <class 'ieeg.calc.mat.LabeledArray'>
Actual condition keys in the LabeledArray: ['Stimulus_c25', 'Stimulus_c75', 'Stimulus_i25', 'Stimulus_i75']
The code is searching for strings: ['c75', 'i75']
===================================================


============================================================
ROI: lpfc
============================================================
Initial concatenated data shape: (286, 14, 641)
  Trials: 286
  Channels: 14
  Time points: 641

--- Detailed NaN Analysis ---

Missing Channels (all NaN across all trials): 0/14

Trial-level NaN Statistics:
  Trials with ANY NaN: 132/286 (46.2%)
  Trials with outlier NaNs (sparse): 0/286 (0.0%)
  Trials with missing channel NaNs (dense): 132/286 (46.2%)
  Trials with both types: 0/286 (0.0%)

Missing Channel Statistics (for affected trials):
  Mean missing channels per affected trial: 14.0
  Max missing channels in a trial: 14

Overall NaN Percentage: 46.15%

--- NaN Impact by Condition ---
  c75: 102/143 trials with NaNs (71.3%)
  i75: 30/143 trials with NaNs (21.0%)

After removing NaN trials:
  Trials kept: 154/286 (53.8%)
  New data shape: (154, 14, 641)

--- Final Trial Counts by Condition ---
  Condition c75: 41 trials
  Condition i75: 113 trials

Subsampling to min trial count: 41
  Subsampled condition 1: 113 -> 41

Final balanced data shape: (82, 14, 641)
============================================================

start times are: [-256, -240, -224, -208, -192, -176, -160, -144, -128, -112, -96, -80, -64, -48, -32, -16, 0, 16, 32, 48, 64, 80, 96, 112, 128, 144, 160, 176, 192, 208, 224, 240, 256, 272, 288, 304, 320, 336, 352]
Effective window size: 32
Effective step size: 16
Number of windows: 39
time_window_centers are: [-0.9375, -0.875, -0.8125, -0.75, -0.6875, -0.625, -0.5625, -0.5, -0.4375, -0.375, -0.3125, -0.25, -0.1875, -0.125, -0.0625, 0.0, 0.0625, 0.125, 0.1875, 0.25, 0.3125, 0.375, 0.4375, 0.5, 0.5625, 0.625, 0.6875, 0.75, 0.8125, 0.875, 0.9375, 1.0, 1.0625, 1.125, 1.1875, 1.25, 1.3125, 1.375, 1.4375]
Processing ROI: lpfc

==================== DEBUGGING ====================
Top-level keys in roi_labeled_arrays: ['lpfc']
Data for ROI 'lpfc' found.
Object type for this ROI is: <class 'ieeg.calc.mat.LabeledArray'>
Actual condition keys in the LabeledArray: ['Stimulus_c25', 'Stimulus_c75', 'Stimulus_i25', 'Stimulus_i75']
The code is searching for strings: ['c25', 'i75']
===================================================


============================================================
ROI: lpfc
============================================================
Initial concatenated data shape: (286, 14, 641)
  Trials: 286
  Channels: 14
  Time points: 641

--- Detailed NaN Analysis ---

Missing Channels (all NaN across all trials): 0/14

Trial-level NaN Statistics:
  Trials with ANY NaN: 30/286 (10.5%)
  Trials with outlier NaNs (sparse): 0/286 (0.0%)
  Trials with missing channel NaNs (dense): 30/286 (10.5%)
  Trials with both types: 0/286 (0.0%)

Missing Channel Statistics (for affected trials):
  Mean missing channels per affected trial: 14.0
  Max missing channels in a trial: 14

Overall NaN Percentage: 10.49%

--- NaN Impact by Condition ---
  c25: 0/143 trials with NaNs (0.0%)
  i75: 30/143 trials with NaNs (21.0%)

After removing NaN trials:
  Trials kept: 256/286 (89.5%)
  New data shape: (256, 14, 641)

--- Final Trial Counts by Condition ---
  Condition c25: 143 trials
  Condition i75: 113 trials

Subsampling to min trial count: 113
  Subsampled condition 0: 143 -> 113

Final balanced data shape: (226, 14, 641)
============================================================

start times are: [-256, -240, -224, -208, -192, -176, -160, -144, -128, -112, -96, -80, -64, -48, -32, -16, 0, 16, 32, 48, 64, 80, 96, 112, 128, 144, 160, 176, 192, 208, 224, 240, 256, 272, 288, 304, 320, 336, 352]
Effective window size: 32
Effective step size: 16
Number of windows: 39
time_window_centers are: [-0.9375, -0.875, -0.8125, -0.75, -0.6875, -0.625, -0.5625, -0.5, -0.4375, -0.375, -0.3125, -0.25, -0.1875, -0.125, -0.0625, 0.0, 0.0625, 0.125, 0.1875, 0.25, 0.3125, 0.375, 0.4375, 0.5, 0.5625, 0.625, 0.6875, 0.75, 0.8125, 0.875, 0.9375, 1.0, 1.0625, 1.125, 1.1875, 1.25, 1.3125, 1.375, 1.4375]
Processing ROI: lpfc

==================== DEBUGGING ====================
Top-level keys in roi_labeled_arrays: ['lpfc']
Data for ROI 'lpfc' found.
Object type for this ROI is: <class 'ieeg.calc.mat.LabeledArray'>
Actual condition keys in the LabeledArray: ['Stimulus_c25', 'Stimulus_c75', 'Stimulus_i25', 'Stimulus_i75']
The code is searching for strings: ['c75', 'i25']
===================================================


============================================================
ROI: lpfc
============================================================
Initial concatenated data shape: (286, 14, 641)
  Trials: 286
  Channels: 14
  Time points: 641

--- Detailed NaN Analysis ---

Missing Channels (all NaN across all trials): 0/14

Trial-level NaN Statistics:
  Trials with ANY NaN: 202/286 (70.6%)
  Trials with outlier NaNs (sparse): 0/286 (0.0%)
  Trials with missing channel NaNs (dense): 202/286 (70.6%)
  Trials with both types: 0/286 (0.0%)

Missing Channel Statistics (for affected trials):
  Mean missing channels per affected trial: 14.0
  Max missing channels in a trial: 14

Overall NaN Percentage: 70.63%

--- NaN Impact by Condition ---
  c75: 102/143 trials with NaNs (71.3%)
  i25: 100/143 trials with NaNs (69.9%)

After removing NaN trials:
  Trials kept: 84/286 (29.4%)
  New data shape: (84, 14, 641)

--- Final Trial Counts by Condition ---
  Condition c75: 41 trials
  Condition i25: 43 trials

Subsampling to min trial count: 41
  Subsampled condition 1: 43 -> 41

Final balanced data shape: (82, 14, 641)
============================================================

start times are: [-256, -240, -224, -208, -192, -176, -160, -144, -128, -112, -96, -80, -64, -48, -32, -16, 0, 16, 32, 48, 64, 80, 96, 112, 128, 144, 160, 176, 192, 208, 224, 240, 256, 272, 288, 304, 320, 336, 352]
Effective window size: 32
Effective step size: 16
Number of windows: 39
time_window_centers are: [-0.9375, -0.875, -0.8125, -0.75, -0.6875, -0.625, -0.5625, -0.5, -0.4375, -0.375, -0.3125, -0.25, -0.1875, -0.125, -0.0625, 0.0, 0.0625, 0.125, 0.1875, 0.25, 0.3125, 0.375, 0.4375, 0.5, 0.5625, 0.625, 0.6875, 0.75, 0.8125, 0.875, 0.9375, 1.0, 1.0625, 1.125, 1.1875, 1.25, 1.3125, 1.375, 1.4375]
Processing ROI: lpfc

==================== DEBUGGING ====================
Top-level keys in roi_labeled_arrays: ['lpfc']
Data for ROI 'lpfc' found.
Object type for this ROI is: <class 'ieeg.calc.mat.LabeledArray'>
Actual condition keys in the LabeledArray: ['Stimulus_c25', 'Stimulus_c75', 'Stimulus_i25', 'Stimulus_i75']
The code is searching for strings: ['c25', 'c75']
===================================================


============================================================
ROI: lpfc
============================================================
Initial concatenated data shape: (286, 14, 641)
  Trials: 286
  Channels: 14
  Time points: 641

--- Detailed NaN Analysis ---

Missing Channels (all NaN across all trials): 0/14

Trial-level NaN Statistics:
  Trials with ANY NaN: 102/286 (35.7%)
  Trials with outlier NaNs (sparse): 0/286 (0.0%)
  Trials with missing channel NaNs (dense): 102/286 (35.7%)
  Trials with both types: 0/286 (0.0%)

Missing Channel Statistics (for affected trials):
  Mean missing channels per affected trial: 14.0
  Max missing channels in a trial: 14

Overall NaN Percentage: 35.66%

--- NaN Impact by Condition ---
  c25: 0/143 trials with NaNs (0.0%)
  c75: 102/143 trials with NaNs (71.3%)

After removing NaN trials:
  Trials kept: 184/286 (64.3%)
  New data shape: (184, 14, 641)

--- Final Trial Counts by Condition ---
  Condition c25: 143 trials
  Condition c75: 41 trials

Subsampling to min trial count: 41
  Subsampled condition 0: 143 -> 41

Final balanced data shape: (82, 14, 641)
============================================================

start times are: [-256, -240, -224, -208, -192, -176, -160, -144, -128, -112, -96, -80, -64, -48, -32, -16, 0, 16, 32, 48, 64, 80, 96, 112, 128, 144, 160, 176, 192, 208, 224, 240, 256, 272, 288, 304, 320, 336, 352]
Effective window size: 32
Effective step size: 16
Number of windows: 39
time_window_centers are: [-0.9375, -0.875, -0.8125, -0.75, -0.6875, -0.625, -0.5625, -0.5, -0.4375, -0.375, -0.3125, -0.25, -0.1875, -0.125, -0.0625, 0.0, 0.0625, 0.125, 0.1875, 0.25, 0.3125, 0.375, 0.4375, 0.5, 0.5625, 0.625, 0.6875, 0.75, 0.8125, 0.875, 0.9375, 1.0, 1.0625, 1.125, 1.1875, 1.25, 1.3125, 1.375, 1.4375]
Processing ROI: lpfc

==================== DEBUGGING ====================
Top-level keys in roi_labeled_arrays: ['lpfc']
Data for ROI 'lpfc' found.
Object type for this ROI is: <class 'ieeg.calc.mat.LabeledArray'>
Actual condition keys in the LabeledArray: ['Stimulus_c25', 'Stimulus_c75', 'Stimulus_i25', 'Stimulus_i75']
The code is searching for strings: ['i25', 'i75']
===================================================


============================================================
ROI: lpfc
============================================================
Initial concatenated data shape: (286, 14, 641)
  Trials: 286
  Channels: 14
  Time points: 641

--- Detailed NaN Analysis ---

Missing Channels (all NaN across all trials): 0/14

Trial-level NaN Statistics:
  Trials with ANY NaN: 130/286 (45.5%)
  Trials with outlier NaNs (sparse): 0/286 (0.0%)
  Trials with missing channel NaNs (dense): 130/286 (45.5%)
  Trials with both types: 0/286 (0.0%)

Missing Channel Statistics (for affected trials):
  Mean missing channels per affected trial: 14.0
  Max missing channels in a trial: 14

Overall NaN Percentage: 45.45%

--- NaN Impact by Condition ---
  i25: 100/143 trials with NaNs (69.9%)
  i75: 30/143 trials with NaNs (21.0%)

After removing NaN trials:
  Trials kept: 156/286 (54.5%)
  New data shape: (156, 14, 641)

--- Final Trial Counts by Condition ---
  Condition i25: 43 trials
  Condition i75: 113 trials

Subsampling to min trial count: 43
  Subsampled condition 1: 113 -> 43

Final balanced data shape: (86, 14, 641)
============================================================

start times are: [-256, -240, -224, -208, -192, -176, -160, -144, -128, -112, -96, -80, -64, -48, -32, -16, 0, 16, 32, 48, 64, 80, 96, 112, 128, 144, 160, 176, 192, 208, 224, 240, 256, 272, 288, 304, 320, 336, 352]
Effective window size: 32
Effective step size: 16
Number of windows: 39
time_window_centers are: [-0.9375, -0.875, -0.8125, -0.75, -0.6875, -0.625, -0.5625, -0.5, -0.4375, -0.375, -0.3125, -0.25, -0.1875, -0.125, -0.0625, 0.0, 0.0625, 0.125, 0.1875, 0.25, 0.3125, 0.375, 0.4375, 0.5, 0.5625, 0.625, 0.6875, 0.75, 0.8125, 0.875, 0.9375, 1.0, 1.0625, 1.125, 1.1875, 1.25, 1.3125, 1.375, 1.4375]
Generating pooled shuffle distribution for ROI: lpfc...

==================== DEBUGGING ====================
Top-level keys in roi_labeled_arrays: ['lpfc']
Data for ROI 'lpfc' found.
Object type for this ROI is: <class 'ieeg.calc.mat.LabeledArray'>
Actual condition keys in the LabeledArray: ['Stimulus_c25', 'Stimulus_c75', 'Stimulus_i25', 'Stimulus_i75']
The code is searching for strings: [['c25', 'c75'], ['i25', 'i75']]
===================================================


============================================================
ROI: lpfc
============================================================
Initial concatenated data shape: (572, 14, 641)
  Trials: 572
  Channels: 14
  Time points: 641

--- Detailed NaN Analysis ---

Missing Channels (all NaN across all trials): 0/14

Trial-level NaN Statistics:
  Trials with ANY NaN: 232/572 (40.6%)
  Trials with outlier NaNs (sparse): 0/572 (0.0%)
  Trials with missing channel NaNs (dense): 232/572 (40.6%)
  Trials with both types: 0/572 (0.0%)

Missing Channel Statistics (for affected trials):
  Mean missing channels per affected trial: 14.0
  Max missing channels in a trial: 14

Overall NaN Percentage: 40.56%

--- NaN Impact by Condition ---
  ['c25', 'c75']: 102/286 trials with NaNs (35.7%)
  ['i25', 'i75']: 130/286 trials with NaNs (45.5%)

After removing NaN trials:
  Trials kept: 340/572 (59.4%)
  New data shape: (340, 14, 641)

--- Final Trial Counts by Condition ---
  Condition ['c25', 'c75']: 184 trials
  Condition ['i25', 'i75']: 156 trials

Subsampling to min trial count: 156
  Subsampled condition 0: 184 -> 156

Final balanced data shape: (312, 14, 641)
============================================================


====================) PROCESSING BOOTSTRAP 2/2 ====================

Bootstrap 2: Generating data sample...

Making LabeledArray for ROI: lpfc with NaN trials removed within each channel
ROI lpfc: Processing condition Stimulus_c25 for subject D0103, electrode LFAM8
ROI lpfc: Processing condition Stimulus_c75 for subject D0103, electrode LFAM8
ROI lpfc: Processing condition Stimulus_i25 for subject D0103, electrode LFAM8
ROI lpfc: Processing condition Stimulus_i75 for subject D0103, electrode LFAM8
ROI lpfc: Processing condition Stimulus_c25 for subject D0103, electrode LFAM9
ROI lpfc: Processing condition Stimulus_c75 for subject D0103, electrode LFAM9
ROI lpfc: Processing condition Stimulus_i25 for subject D0103, electrode LFAM9
ROI lpfc: Processing condition Stimulus_i75 for subject D0103, electrode LFAM9
ROI lpfc: Processing condition Stimulus_c25 for subject D0103, electrode LAI13
ROI lpfc: Processing condition Stimulus_c75 for subject D0103, electrode LAI13
ROI lpfc: Processing condition Stimulus_i25 for subject D0103, electrode LAI13
ROI lpfc: Processing condition Stimulus_i75 for subject D0103, electrode LAI13
ROI lpfc: Processing condition Stimulus_c25 for subject D0103, electrode LAI14
ROI lpfc: Processing condition Stimulus_c75 for subject D0103, electrode LAI14
ROI lpfc: Processing condition Stimulus_i25 for subject D0103, electrode LAI14
ROI lpfc: Processing condition Stimulus_i75 for subject D0103, electrode LAI14
ROI lpfc: Processing condition Stimulus_c25 for subject D0103, electrode LAI4
ROI lpfc: Processing condition Stimulus_c75 for subject D0103, electrode LAI4
ROI lpfc: Processing condition Stimulus_i25 for subject D0103, electrode LAI4
ROI lpfc: Processing condition Stimulus_i75 for subject D0103, electrode LAI4
ROI lpfc: Processing condition Stimulus_c25 for subject D0103, electrode LAI7
ROI lpfc: Processing condition Stimulus_c75 for subject D0103, electrode LAI7
ROI lpfc: Processing condition Stimulus_i25 for subject D0103, electrode LAI7
ROI lpfc: Processing condition Stimulus_i75 for subject D0103, electrode LAI7
ROI lpfc: Processing condition Stimulus_c25 for subject D0103, electrode LAI8
ROI lpfc: Processing condition Stimulus_c75 for subject D0103, electrode LAI8
ROI lpfc: Processing condition Stimulus_i25 for subject D0103, electrode LAI8
ROI lpfc: Processing condition Stimulus_i75 for subject D0103, electrode LAI8
ROI lpfc: Processing condition Stimulus_c25 for subject D0103, electrode LFAI4
ROI lpfc: Processing condition Stimulus_c75 for subject D0103, electrode LFAI4
ROI lpfc: Processing condition Stimulus_i25 for subject D0103, electrode LFAI4
ROI lpfc: Processing condition Stimulus_i75 for subject D0103, electrode LFAI4
ROI lpfc: Processing condition Stimulus_c25 for subject D0057, electrode RAI6
ROI lpfc: Processing condition Stimulus_c75 for subject D0057, electrode RAI6
ROI lpfc: Processing condition Stimulus_i25 for subject D0057, electrode RAI6
ROI lpfc: Processing condition Stimulus_i75 for subject D0057, electrode RAI6
ROI lpfc: Processing condition Stimulus_c25 for subject D0057, electrode RPI15
ROI lpfc: Processing condition Stimulus_c75 for subject D0057, electrode RPI15
ROI lpfc: Processing condition Stimulus_i25 for subject D0057, electrode RPI15
ROI lpfc: Processing condition Stimulus_i75 for subject D0057, electrode RPI15
ROI lpfc: Processing condition Stimulus_c25 for subject D0057, electrode RPI14
ROI lpfc: Processing condition Stimulus_c75 for subject D0057, electrode RPI14
ROI lpfc: Processing condition Stimulus_i25 for subject D0057, electrode RPI14
ROI lpfc: Processing condition Stimulus_i75 for subject D0057, electrode RPI14
ROI lpfc: Processing condition Stimulus_c25 for subject D0057, electrode RAMF13
ROI lpfc: Processing condition Stimulus_c75 for subject D0057, electrode RAMF13
ROI lpfc: Processing condition Stimulus_i25 for subject D0057, electrode RAMF13
ROI lpfc: Processing condition Stimulus_i75 for subject D0057, electrode RAMF13
ROI lpfc: Processing condition Stimulus_c25 for subject D0057, electrode RAMF14
ROI lpfc: Processing condition Stimulus_c75 for subject D0057, electrode RAMF14
ROI lpfc: Processing condition Stimulus_i25 for subject D0057, electrode RAMF14
ROI lpfc: Processing condition Stimulus_i75 for subject D0057, electrode RAMF14
ROI lpfc: Processing condition Stimulus_c25 for subject D0057, electrode RAIF12
ROI lpfc: Processing condition Stimulus_c75 for subject D0057, electrode RAIF12
ROI lpfc: Processing condition Stimulus_i25 for subject D0057, electrode RAIF12
ROI lpfc: Processing condition Stimulus_i75 for subject D0057, electrode RAIF12
ROI lpfc: Final conditions in nan_removed_data_dict: ['Stimulus_c25', 'Stimulus_c75', 'Stimulus_i25', 'Stimulus_i75']
condition 'Stimulus_c25': subsampling to 143 trials
condition 'Stimulus_c75': subsampling to 41 trials
condition 'Stimulus_i25': subsampling to 43 trials
condition 'Stimulus_i75': subsampling to 113 trials
generating 1 bootstrap sample(s)
Built bootstrapped_conditions_data with conditions: ['Stimulus_c25', 'Stimulus_c75', 'Stimulus_i25', 'Stimulus_i75']
Bootstrap 0: LabeledArray has conditions: ['Stimulus_c25', 'Stimulus_c75', 'Stimulus_i25', 'Stimulus_i75']

Bootstrap 2: Extracted labeled arrays for ROIs:
  ROI lpfc: conditions = ['Stimulus_c25', 'Stimulus_c75', 'Stimulus_i25', 'Stimulus_i75']

==================== DEBUGGING ====================
Top-level keys in roi_labeled_arrays: ['lpfc']
Data for ROI 'lpfc' found.
Object type for this ROI is: <class 'ieeg.calc.mat.LabeledArray'>
Actual condition keys in the LabeledArray: ['Stimulus_c25', 'Stimulus_c75', 'Stimulus_i25', 'Stimulus_i75']
The code is searching for strings: ['c25', 'i25']
===================================================


============================================================
ROI: lpfc
============================================================
Initial concatenated data shape: (286, 14, 641)
  Trials: 286
  Channels: 14
  Time points: 641

--- Detailed NaN Analysis ---

Missing Channels (all NaN across all trials): 0/14

Trial-level NaN Statistics:
  Trials with ANY NaN: 100/286 (35.0%)
  Trials with outlier NaNs (sparse): 0/286 (0.0%)
  Trials with missing channel NaNs (dense): 100/286 (35.0%)
  Trials with both types: 0/286 (0.0%)

Missing Channel Statistics (for affected trials):
  Mean missing channels per affected trial: 14.0
  Max missing channels in a trial: 14

Overall NaN Percentage: 34.97%

--- NaN Impact by Condition ---
  c25: 0/143 trials with NaNs (0.0%)
  i25: 100/143 trials with NaNs (69.9%)

After removing NaN trials:
  Trials kept: 186/286 (65.0%)
  New data shape: (186, 14, 641)

--- Final Trial Counts by Condition ---
  Condition c25: 143 trials
  Condition i25: 43 trials

Subsampling to min trial count: 43
  Subsampled condition 0: 143 -> 43

Final balanced data shape: (86, 14, 641)
============================================================


==================== DEBUGGING ====================
Top-level keys in roi_labeled_arrays: ['lpfc']
Data for ROI 'lpfc' found.
Object type for this ROI is: <class 'ieeg.calc.mat.LabeledArray'>
Actual condition keys in the LabeledArray: ['Stimulus_c25', 'Stimulus_c75', 'Stimulus_i25', 'Stimulus_i75']
The code is searching for strings: ['c75', 'i75']
===================================================


============================================================
ROI: lpfc
============================================================
Initial concatenated data shape: (286, 14, 641)
  Trials: 286
  Channels: 14
  Time points: 641

--- Detailed NaN Analysis ---

Missing Channels (all NaN across all trials): 0/14

Trial-level NaN Statistics:
  Trials with ANY NaN: 132/286 (46.2%)
  Trials with outlier NaNs (sparse): 0/286 (0.0%)
  Trials with missing channel NaNs (dense): 132/286 (46.2%)
  Trials with both types: 0/286 (0.0%)

Missing Channel Statistics (for affected trials):
  Mean missing channels per affected trial: 14.0
  Max missing channels in a trial: 14

Overall NaN Percentage: 46.15%

--- NaN Impact by Condition ---
  c75: 102/143 trials with NaNs (71.3%)
  i75: 30/143 trials with NaNs (21.0%)

After removing NaN trials:
  Trials kept: 154/286 (53.8%)
  New data shape: (154, 14, 641)

--- Final Trial Counts by Condition ---
  Condition c75: 41 trials
  Condition i75: 113 trials

Subsampling to min trial count: 41
  Subsampled condition 1: 113 -> 41

Final balanced data shape: (82, 14, 641)
============================================================


==================== DEBUGGING ====================
Top-level keys in roi_labeled_arrays: ['lpfc']
Data for ROI 'lpfc' found.
Object type for this ROI is: <class 'ieeg.calc.mat.LabeledArray'>
Actual condition keys in the LabeledArray: ['Stimulus_c25', 'Stimulus_c75', 'Stimulus_i25', 'Stimulus_i75']
The code is searching for strings: ['c25', 'i75']
===================================================


============================================================
ROI: lpfc
============================================================
Initial concatenated data shape: (286, 14, 641)
  Trials: 286
  Channels: 14
  Time points: 641

--- Detailed NaN Analysis ---

Missing Channels (all NaN across all trials): 0/14

Trial-level NaN Statistics:
  Trials with ANY NaN: 30/286 (10.5%)
  Trials with outlier NaNs (sparse): 0/286 (0.0%)
  Trials with missing channel NaNs (dense): 30/286 (10.5%)
  Trials with both types: 0/286 (0.0%)

Missing Channel Statistics (for affected trials):
  Mean missing channels per affected trial: 14.0
  Max missing channels in a trial: 14

Overall NaN Percentage: 10.49%

--- NaN Impact by Condition ---
  c25: 0/143 trials with NaNs (0.0%)
  i75: 30/143 trials with NaNs (21.0%)

After removing NaN trials:
  Trials kept: 256/286 (89.5%)
  New data shape: (256, 14, 641)

--- Final Trial Counts by Condition ---
  Condition c25: 143 trials
  Condition i75: 113 trials

Subsampling to min trial count: 113
  Subsampled condition 0: 143 -> 113

Final balanced data shape: (226, 14, 641)
============================================================


==================== DEBUGGING ====================
Top-level keys in roi_labeled_arrays: ['lpfc']
Data for ROI 'lpfc' found.
Object type for this ROI is: <class 'ieeg.calc.mat.LabeledArray'>
Actual condition keys in the LabeledArray: ['Stimulus_c25', 'Stimulus_c75', 'Stimulus_i25', 'Stimulus_i75']
The code is searching for strings: ['c75', 'i25']
===================================================


============================================================
ROI: lpfc
============================================================
Initial concatenated data shape: (286, 14, 641)
  Trials: 286
  Channels: 14
  Time points: 641

--- Detailed NaN Analysis ---

Missing Channels (all NaN across all trials): 0/14

Trial-level NaN Statistics:
  Trials with ANY NaN: 202/286 (70.6%)
  Trials with outlier NaNs (sparse): 0/286 (0.0%)
  Trials with missing channel NaNs (dense): 202/286 (70.6%)
  Trials with both types: 0/286 (0.0%)

Missing Channel Statistics (for affected trials):
  Mean missing channels per affected trial: 14.0
  Max missing channels in a trial: 14

Overall NaN Percentage: 70.63%

--- NaN Impact by Condition ---
  c75: 102/143 trials with NaNs (71.3%)
  i25: 100/143 trials with NaNs (69.9%)

After removing NaN trials:
  Trials kept: 84/286 (29.4%)
  New data shape: (84, 14, 641)

--- Final Trial Counts by Condition ---
  Condition c75: 41 trials
  Condition i25: 43 trials

Subsampling to min trial count: 41
  Subsampled condition 1: 43 -> 41

Final balanced data shape: (82, 14, 641)
============================================================


==================== DEBUGGING ====================
Top-level keys in roi_labeled_arrays: ['lpfc']
Data for ROI 'lpfc' found.
Object type for this ROI is: <class 'ieeg.calc.mat.LabeledArray'>
Actual condition keys in the LabeledArray: ['Stimulus_c25', 'Stimulus_c75', 'Stimulus_i25', 'Stimulus_i75']
The code is searching for strings: ['c25', 'c75']
===================================================


============================================================
ROI: lpfc
============================================================
Initial concatenated data shape: (286, 14, 641)
  Trials: 286
  Channels: 14
  Time points: 641

--- Detailed NaN Analysis ---

Missing Channels (all NaN across all trials): 0/14

Trial-level NaN Statistics:
  Trials with ANY NaN: 102/286 (35.7%)
  Trials with outlier NaNs (sparse): 0/286 (0.0%)
  Trials with missing channel NaNs (dense): 102/286 (35.7%)
  Trials with both types: 0/286 (0.0%)

Missing Channel Statistics (for affected trials):
  Mean missing channels per affected trial: 14.0
  Max missing channels in a trial: 14

Overall NaN Percentage: 35.66%

--- NaN Impact by Condition ---
  c25: 0/143 trials with NaNs (0.0%)
  c75: 102/143 trials with NaNs (71.3%)

After removing NaN trials:
  Trials kept: 184/286 (64.3%)
  New data shape: (184, 14, 641)

--- Final Trial Counts by Condition ---
  Condition c25: 143 trials
  Condition c75: 41 trials

Subsampling to min trial count: 41
  Subsampled condition 0: 143 -> 41

Final balanced data shape: (82, 14, 641)
============================================================


==================== DEBUGGING ====================
Top-level keys in roi_labeled_arrays: ['lpfc']
Data for ROI 'lpfc' found.
Object type for this ROI is: <class 'ieeg.calc.mat.LabeledArray'>
Actual condition keys in the LabeledArray: ['Stimulus_c25', 'Stimulus_c75', 'Stimulus_i25', 'Stimulus_i75']
The code is searching for strings: ['i25', 'i75']
===================================================


============================================================
ROI: lpfc
============================================================
Initial concatenated data shape: (286, 14, 641)
  Trials: 286
  Channels: 14
  Time points: 641

--- Detailed NaN Analysis ---

Missing Channels (all NaN across all trials): 0/14

Trial-level NaN Statistics:
  Trials with ANY NaN: 130/286 (45.5%)
  Trials with outlier NaNs (sparse): 0/286 (0.0%)
  Trials with missing channel NaNs (dense): 130/286 (45.5%)
  Trials with both types: 0/286 (0.0%)

Missing Channel Statistics (for affected trials):
  Mean missing channels per affected trial: 14.0
  Max missing channels in a trial: 14

Overall NaN Percentage: 45.45%

--- NaN Impact by Condition ---
  i25: 100/143 trials with NaNs (69.9%)
  i75: 30/143 trials with NaNs (21.0%)

After removing NaN trials:
  Trials kept: 156/286 (54.5%)
  New data shape: (156, 14, 641)

--- Final Trial Counts by Condition ---
  Condition i25: 43 trials
  Condition i75: 113 trials

Subsampling to min trial count: 43
  Subsampled condition 1: 113 -> 43

Final balanced data shape: (86, 14, 641)
============================================================

Processing ROI: lpfc

==================== DEBUGGING ====================
Top-level keys in roi_labeled_arrays: ['lpfc']
Data for ROI 'lpfc' found.
Object type for this ROI is: <class 'ieeg.calc.mat.LabeledArray'>
Actual condition keys in the LabeledArray: ['Stimulus_c25', 'Stimulus_c75', 'Stimulus_i25', 'Stimulus_i75']
The code is searching for strings: ['c25', 'i25']
===================================================


============================================================
ROI: lpfc
============================================================
Initial concatenated data shape: (286, 14, 641)
  Trials: 286
  Channels: 14
  Time points: 641

--- Detailed NaN Analysis ---

Missing Channels (all NaN across all trials): 0/14

Trial-level NaN Statistics:
  Trials with ANY NaN: 100/286 (35.0%)
  Trials with outlier NaNs (sparse): 0/286 (0.0%)
  Trials with missing channel NaNs (dense): 100/286 (35.0%)
  Trials with both types: 0/286 (0.0%)

Missing Channel Statistics (for affected trials):
  Mean missing channels per affected trial: 14.0
  Max missing channels in a trial: 14

Overall NaN Percentage: 34.97%

--- NaN Impact by Condition ---
  c25: 0/143 trials with NaNs (0.0%)
  i25: 100/143 trials with NaNs (69.9%)

After removing NaN trials:
  Trials kept: 186/286 (65.0%)
  New data shape: (186, 14, 641)

--- Final Trial Counts by Condition ---
  Condition c25: 143 trials
  Condition i25: 43 trials

Subsampling to min trial count: 43
  Subsampled condition 0: 143 -> 43

Final balanced data shape: (86, 14, 641)
============================================================

start times are: [-256, -240, -224, -208, -192, -176, -160, -144, -128, -112, -96, -80, -64, -48, -32, -16, 0, 16, 32, 48, 64, 80, 96, 112, 128, 144, 160, 176, 192, 208, 224, 240, 256, 272, 288, 304, 320, 336, 352]
Effective window size: 32
Effective step size: 16
Number of windows: 39
time_window_centers are: [-0.9375, -0.875, -0.8125, -0.75, -0.6875, -0.625, -0.5625, -0.5, -0.4375, -0.375, -0.3125, -0.25, -0.1875, -0.125, -0.0625, 0.0, 0.0625, 0.125, 0.1875, 0.25, 0.3125, 0.375, 0.4375, 0.5, 0.5625, 0.625, 0.6875, 0.75, 0.8125, 0.875, 0.9375, 1.0, 1.0625, 1.125, 1.1875, 1.25, 1.3125, 1.375, 1.4375]
Processing ROI: lpfc

==================== DEBUGGING ====================
Top-level keys in roi_labeled_arrays: ['lpfc']
Data for ROI 'lpfc' found.
Object type for this ROI is: <class 'ieeg.calc.mat.LabeledArray'>
Actual condition keys in the LabeledArray: ['Stimulus_c25', 'Stimulus_c75', 'Stimulus_i25', 'Stimulus_i75']
The code is searching for strings: ['c75', 'i75']
===================================================


============================================================
ROI: lpfc
============================================================
Initial concatenated data shape: (286, 14, 641)
  Trials: 286
  Channels: 14
  Time points: 641

--- Detailed NaN Analysis ---

Missing Channels (all NaN across all trials): 0/14

Trial-level NaN Statistics:
  Trials with ANY NaN: 132/286 (46.2%)
  Trials with outlier NaNs (sparse): 0/286 (0.0%)
  Trials with missing channel NaNs (dense): 132/286 (46.2%)
  Trials with both types: 0/286 (0.0%)

Missing Channel Statistics (for affected trials):
  Mean missing channels per affected trial: 14.0
  Max missing channels in a trial: 14

Overall NaN Percentage: 46.15%

--- NaN Impact by Condition ---
  c75: 102/143 trials with NaNs (71.3%)
  i75: 30/143 trials with NaNs (21.0%)

After removing NaN trials:
  Trials kept: 154/286 (53.8%)
  New data shape: (154, 14, 641)

--- Final Trial Counts by Condition ---
  Condition c75: 41 trials
  Condition i75: 113 trials

Subsampling to min trial count: 41
  Subsampled condition 1: 113 -> 41

Final balanced data shape: (82, 14, 641)
============================================================

start times are: [-256, -240, -224, -208, -192, -176, -160, -144, -128, -112, -96, -80, -64, -48, -32, -16, 0, 16, 32, 48, 64, 80, 96, 112, 128, 144, 160, 176, 192, 208, 224, 240, 256, 272, 288, 304, 320, 336, 352]
Effective window size: 32
Effective step size: 16
Number of windows: 39
time_window_centers are: [-0.9375, -0.875, -0.8125, -0.75, -0.6875, -0.625, -0.5625, -0.5, -0.4375, -0.375, -0.3125, -0.25, -0.1875, -0.125, -0.0625, 0.0, 0.0625, 0.125, 0.1875, 0.25, 0.3125, 0.375, 0.4375, 0.5, 0.5625, 0.625, 0.6875, 0.75, 0.8125, 0.875, 0.9375, 1.0, 1.0625, 1.125, 1.1875, 1.25, 1.3125, 1.375, 1.4375]
Processing ROI: lpfc

==================== DEBUGGING ====================
Top-level keys in roi_labeled_arrays: ['lpfc']
Data for ROI 'lpfc' found.
Object type for this ROI is: <class 'ieeg.calc.mat.LabeledArray'>
Actual condition keys in the LabeledArray: ['Stimulus_c25', 'Stimulus_c75', 'Stimulus_i25', 'Stimulus_i75']
The code is searching for strings: ['c25', 'i75']
===================================================


============================================================
ROI: lpfc
============================================================
Initial concatenated data shape: (286, 14, 641)
  Trials: 286
  Channels: 14
  Time points: 641

--- Detailed NaN Analysis ---

Missing Channels (all NaN across all trials): 0/14

Trial-level NaN Statistics:
  Trials with ANY NaN: 30/286 (10.5%)
  Trials with outlier NaNs (sparse): 0/286 (0.0%)
  Trials with missing channel NaNs (dense): 30/286 (10.5%)
  Trials with both types: 0/286 (0.0%)

Missing Channel Statistics (for affected trials):
  Mean missing channels per affected trial: 14.0
  Max missing channels in a trial: 14

Overall NaN Percentage: 10.49%

--- NaN Impact by Condition ---
  c25: 0/143 trials with NaNs (0.0%)
  i75: 30/143 trials with NaNs (21.0%)

After removing NaN trials:
  Trials kept: 256/286 (89.5%)
  New data shape: (256, 14, 641)

--- Final Trial Counts by Condition ---
  Condition c25: 143 trials
  Condition i75: 113 trials

Subsampling to min trial count: 113
  Subsampled condition 0: 143 -> 113

Final balanced data shape: (226, 14, 641)
============================================================

start times are: [-256, -240, -224, -208, -192, -176, -160, -144, -128, -112, -96, -80, -64, -48, -32, -16, 0, 16, 32, 48, 64, 80, 96, 112, 128, 144, 160, 176, 192, 208, 224, 240, 256, 272, 288, 304, 320, 336, 352]
Effective window size: 32
Effective step size: 16
Number of windows: 39
time_window_centers are: [-0.9375, -0.875, -0.8125, -0.75, -0.6875, -0.625, -0.5625, -0.5, -0.4375, -0.375, -0.3125, -0.25, -0.1875, -0.125, -0.0625, 0.0, 0.0625, 0.125, 0.1875, 0.25, 0.3125, 0.375, 0.4375, 0.5, 0.5625, 0.625, 0.6875, 0.75, 0.8125, 0.875, 0.9375, 1.0, 1.0625, 1.125, 1.1875, 1.25, 1.3125, 1.375, 1.4375]
Processing ROI: lpfc

==================== DEBUGGING ====================
Top-level keys in roi_labeled_arrays: ['lpfc']
Data for ROI 'lpfc' found.
Object type for this ROI is: <class 'ieeg.calc.mat.LabeledArray'>
Actual condition keys in the LabeledArray: ['Stimulus_c25', 'Stimulus_c75', 'Stimulus_i25', 'Stimulus_i75']
The code is searching for strings: ['c75', 'i25']
===================================================


============================================================
ROI: lpfc
============================================================
Initial concatenated data shape: (286, 14, 641)
  Trials: 286
  Channels: 14
  Time points: 641

--- Detailed NaN Analysis ---

Missing Channels (all NaN across all trials): 0/14

Trial-level NaN Statistics:
  Trials with ANY NaN: 202/286 (70.6%)
  Trials with outlier NaNs (sparse): 0/286 (0.0%)
  Trials with missing channel NaNs (dense): 202/286 (70.6%)
  Trials with both types: 0/286 (0.0%)

Missing Channel Statistics (for affected trials):
  Mean missing channels per affected trial: 14.0
  Max missing channels in a trial: 14

Overall NaN Percentage: 70.63%

--- NaN Impact by Condition ---
  c75: 102/143 trials with NaNs (71.3%)
  i25: 100/143 trials with NaNs (69.9%)

After removing NaN trials:
  Trials kept: 84/286 (29.4%)
  New data shape: (84, 14, 641)

--- Final Trial Counts by Condition ---
  Condition c75: 41 trials
  Condition i25: 43 trials

Subsampling to min trial count: 41
  Subsampled condition 1: 43 -> 41

Final balanced data shape: (82, 14, 641)
============================================================

start times are: [-256, -240, -224, -208, -192, -176, -160, -144, -128, -112, -96, -80, -64, -48, -32, -16, 0, 16, 32, 48, 64, 80, 96, 112, 128, 144, 160, 176, 192, 208, 224, 240, 256, 272, 288, 304, 320, 336, 352]
Effective window size: 32
Effective step size: 16
Number of windows: 39
time_window_centers are: [-0.9375, -0.875, -0.8125, -0.75, -0.6875, -0.625, -0.5625, -0.5, -0.4375, -0.375, -0.3125, -0.25, -0.1875, -0.125, -0.0625, 0.0, 0.0625, 0.125, 0.1875, 0.25, 0.3125, 0.375, 0.4375, 0.5, 0.5625, 0.625, 0.6875, 0.75, 0.8125, 0.875, 0.9375, 1.0, 1.0625, 1.125, 1.1875, 1.25, 1.3125, 1.375, 1.4375]
Processing ROI: lpfc

==================== DEBUGGING ====================
Top-level keys in roi_labeled_arrays: ['lpfc']
Data for ROI 'lpfc' found.
Object type for this ROI is: <class 'ieeg.calc.mat.LabeledArray'>
Actual condition keys in the LabeledArray: ['Stimulus_c25', 'Stimulus_c75', 'Stimulus_i25', 'Stimulus_i75']
The code is searching for strings: ['c25', 'c75']
===================================================


============================================================
ROI: lpfc
============================================================
Initial concatenated data shape: (286, 14, 641)
  Trials: 286
  Channels: 14
  Time points: 641

--- Detailed NaN Analysis ---

Missing Channels (all NaN across all trials): 0/14

Trial-level NaN Statistics:
  Trials with ANY NaN: 102/286 (35.7%)
  Trials with outlier NaNs (sparse): 0/286 (0.0%)
  Trials with missing channel NaNs (dense): 102/286 (35.7%)
  Trials with both types: 0/286 (0.0%)

Missing Channel Statistics (for affected trials):
  Mean missing channels per affected trial: 14.0
  Max missing channels in a trial: 14

Overall NaN Percentage: 35.66%

--- NaN Impact by Condition ---
  c25: 0/143 trials with NaNs (0.0%)
  c75: 102/143 trials with NaNs (71.3%)

After removing NaN trials:
  Trials kept: 184/286 (64.3%)
  New data shape: (184, 14, 641)

--- Final Trial Counts by Condition ---
  Condition c25: 143 trials
  Condition c75: 41 trials

Subsampling to min trial count: 41
  Subsampled condition 0: 143 -> 41

Final balanced data shape: (82, 14, 641)
============================================================

start times are: [-256, -240, -224, -208, -192, -176, -160, -144, -128, -112, -96, -80, -64, -48, -32, -16, 0, 16, 32, 48, 64, 80, 96, 112, 128, 144, 160, 176, 192, 208, 224, 240, 256, 272, 288, 304, 320, 336, 352]
Effective window size: 32
Effective step size: 16
Number of windows: 39
time_window_centers are: [-0.9375, -0.875, -0.8125, -0.75, -0.6875, -0.625, -0.5625, -0.5, -0.4375, -0.375, -0.3125, -0.25, -0.1875, -0.125, -0.0625, 0.0, 0.0625, 0.125, 0.1875, 0.25, 0.3125, 0.375, 0.4375, 0.5, 0.5625, 0.625, 0.6875, 0.75, 0.8125, 0.875, 0.9375, 1.0, 1.0625, 1.125, 1.1875, 1.25, 1.3125, 1.375, 1.4375]
Processing ROI: lpfc

==================== DEBUGGING ====================
Top-level keys in roi_labeled_arrays: ['lpfc']
Data for ROI 'lpfc' found.
Object type for this ROI is: <class 'ieeg.calc.mat.LabeledArray'>
Actual condition keys in the LabeledArray: ['Stimulus_c25', 'Stimulus_c75', 'Stimulus_i25', 'Stimulus_i75']
The code is searching for strings: ['i25', 'i75']
===================================================


============================================================
ROI: lpfc
============================================================
Initial concatenated data shape: (286, 14, 641)
  Trials: 286
  Channels: 14
  Time points: 641

--- Detailed NaN Analysis ---

Missing Channels (all NaN across all trials): 0/14

Trial-level NaN Statistics:
  Trials with ANY NaN: 130/286 (45.5%)
  Trials with outlier NaNs (sparse): 0/286 (0.0%)
  Trials with missing channel NaNs (dense): 130/286 (45.5%)
  Trials with both types: 0/286 (0.0%)

Missing Channel Statistics (for affected trials):
  Mean missing channels per affected trial: 14.0
  Max missing channels in a trial: 14

Overall NaN Percentage: 45.45%

--- NaN Impact by Condition ---
  i25: 100/143 trials with NaNs (69.9%)
  i75: 30/143 trials with NaNs (21.0%)

After removing NaN trials:
  Trials kept: 156/286 (54.5%)
  New data shape: (156, 14, 641)

--- Final Trial Counts by Condition ---
  Condition i25: 43 trials
  Condition i75: 113 trials

Subsampling to min trial count: 43
  Subsampled condition 1: 113 -> 43

Final balanced data shape: (86, 14, 641)
============================================================

start times are: [-256, -240, -224, -208, -192, -176, -160, -144, -128, -112, -96, -80, -64, -48, -32, -16, 0, 16, 32, 48, 64, 80, 96, 112, 128, 144, 160, 176, 192, 208, 224, 240, 256, 272, 288, 304, 320, 336, 352]
Effective window size: 32
Effective step size: 16
Number of windows: 39
time_window_centers are: [-0.9375, -0.875, -0.8125, -0.75, -0.6875, -0.625, -0.5625, -0.5, -0.4375, -0.375, -0.3125, -0.25, -0.1875, -0.125, -0.0625, 0.0, 0.0625, 0.125, 0.1875, 0.25, 0.3125, 0.375, 0.4375, 0.5, 0.5625, 0.625, 0.6875, 0.75, 0.8125, 0.875, 0.9375, 1.0, 1.0625, 1.125, 1.1875, 1.25, 1.3125, 1.375, 1.4375]
Generating pooled shuffle distribution for ROI: lpfc...

==================== DEBUGGING ====================
Top-level keys in roi_labeled_arrays: ['lpfc']
Data for ROI 'lpfc' found.
Object type for this ROI is: <class 'ieeg.calc.mat.LabeledArray'>
Actual condition keys in the LabeledArray: ['Stimulus_c25', 'Stimulus_c75', 'Stimulus_i25', 'Stimulus_i75']
The code is searching for strings: [['c25', 'c75'], ['i25', 'i75']]
===================================================


============================================================
ROI: lpfc
============================================================
Initial concatenated data shape: (572, 14, 641)
  Trials: 572
  Channels: 14
  Time points: 641

--- Detailed NaN Analysis ---

Missing Channels (all NaN across all trials): 0/14

Trial-level NaN Statistics:
  Trials with ANY NaN: 232/572 (40.6%)
  Trials with outlier NaNs (sparse): 0/572 (0.0%)
  Trials with missing channel NaNs (dense): 232/572 (40.6%)
  Trials with both types: 0/572 (0.0%)

Missing Channel Statistics (for affected trials):
  Mean missing channels per affected trial: 14.0
  Max missing channels in a trial: 14

Overall NaN Percentage: 40.56%

--- NaN Impact by Condition ---
  ['c25', 'c75']: 102/286 trials with NaNs (35.7%)
  ['i25', 'i75']: 130/286 trials with NaNs (45.5%)

After removing NaN trials:
  Trials kept: 340/572 (59.4%)
  New data shape: (340, 14, 641)

--- Final Trial Counts by Condition ---
  Condition ['c25', 'c75']: 184 trials
  Condition ['i25', 'i75']: 156 trials

Subsampling to min trial count: 156
  Subsampled condition 0: 184 -> 156

Final balanced data shape: (312, 14, 641)
============================================================


 Aggregating and plotting time-averaged confusion matrices...
 Saved summed & normalized CM for lpfc to /cwork/jz421/BIDS-1.1_GlobalLocal/BIDS/derivatives/decoding/figs/Stimulus_0.5sec_within-1.0-0.0sec_base_decFactor_8_outliers_10_drop_thresh_perc_5.0_70.0-150.0_Hz_padLength_0.5s_stat_func_ttest_ind_equal_var_False_nan_policy_omit/c25_vs_i25/lpfc
 Saved summed & normalized CM for lpfc to /cwork/jz421/BIDS-1.1_GlobalLocal/BIDS/derivatives/decoding/figs/Stimulus_0.5sec_within-1.0-0.0sec_base_decFactor_8_outliers_10_drop_thresh_perc_5.0_70.0-150.0_Hz_padLength_0.5s_stat_func_ttest_ind_equal_var_False_nan_policy_omit/c75_vs_i75/lpfc
 Saved summed & normalized CM for lpfc to /cwork/jz421/BIDS-1.1_GlobalLocal/BIDS/derivatives/decoding/figs/Stimulus_0.5sec_within-1.0-0.0sec_base_decFactor_8_outliers_10_drop_thresh_perc_5.0_70.0-150.0_Hz_padLength_0.5s_stat_func_ttest_ind_equal_var_False_nan_policy_omit/c25_vs_i75/lpfc
 Saved summed & normalized CM for lpfc to /cwork/jz421/BIDS-1.1_GlobalLocal/BIDS/derivatives/decoding/figs/Stimulus_0.5sec_within-1.0-0.0sec_base_decFactor_8_outliers_10_drop_thresh_perc_5.0_70.0-150.0_Hz_padLength_0.5s_stat_func_ttest_ind_equal_var_False_nan_policy_omit/c75_vs_i25/lpfc
 Saved summed & normalized CM for lpfc to /cwork/jz421/BIDS-1.1_GlobalLocal/BIDS/derivatives/decoding/figs/Stimulus_0.5sec_within-1.0-0.0sec_base_decFactor_8_outliers_10_drop_thresh_perc_5.0_70.0-150.0_Hz_padLength_0.5s_stat_func_ttest_ind_equal_var_False_nan_policy_omit/c25_vs_c75/lpfc
 Saved summed & normalized CM for lpfc to /cwork/jz421/BIDS-1.1_GlobalLocal/BIDS/derivatives/decoding/figs/Stimulus_0.5sec_within-1.0-0.0sec_base_decFactor_8_outliers_10_drop_thresh_perc_5.0_70.0-150.0_Hz_padLength_0.5s_stat_func_ttest_ind_equal_var_False_nan_policy_omit/i25_vs_i75/lpfc

-------------------- PARALLEL BOOTSTRAPPING COMPLETE ====================

Saved Nature-style plot to: /cwork/jz421/BIDS-1.1_GlobalLocal/BIDS/derivatives/decoding/figs/Stimulus_0.5sec_within-1.0-0.0sec_base_decFactor_8_outliers_10_drop_thresh_perc_5.0_70.0-150.0_Hz_padLength_0.5s_stat_func_ttest_ind_equal_var_False_nan_policy_omit/c25_vs_i25/lpfc/20251022_170701_bootstrap_true_vs_shuffle_c25_vs_i25_lpfc_2_subs_sig_elecs_2boots_2splits_2reps_repeat_unit.pdf
Saved Nature-style plot to: /cwork/jz421/BIDS-1.1_GlobalLocal/BIDS/derivatives/decoding/figs/Stimulus_0.5sec_within-1.0-0.0sec_base_decFactor_8_outliers_10_drop_thresh_perc_5.0_70.0-150.0_Hz_padLength_0.5s_stat_func_ttest_ind_equal_var_False_nan_policy_omit/c75_vs_i75/lpfc/20251022_170701_bootstrap_true_vs_shuffle_c75_vs_i75_lpfc_2_subs_sig_elecs_2boots_2splits_2reps_repeat_unit.pdf
Saved Nature-style plot to: /cwork/jz421/BIDS-1.1_GlobalLocal/BIDS/derivatives/decoding/figs/Stimulus_0.5sec_within-1.0-0.0sec_base_decFactor_8_outliers_10_drop_thresh_perc_5.0_70.0-150.0_Hz_padLength_0.5s_stat_func_ttest_ind_equal_var_False_nan_policy_omit/c25_vs_i75/lpfc/20251022_170701_bootstrap_true_vs_shuffle_c25_vs_i75_lpfc_2_subs_sig_elecs_2boots_2splits_2reps_repeat_unit.pdf
Saved Nature-style plot to: /cwork/jz421/BIDS-1.1_GlobalLocal/BIDS/derivatives/decoding/figs/Stimulus_0.5sec_within-1.0-0.0sec_base_decFactor_8_outliers_10_drop_thresh_perc_5.0_70.0-150.0_Hz_padLength_0.5s_stat_func_ttest_ind_equal_var_False_nan_policy_omit/c75_vs_i25/lpfc/20251022_170701_bootstrap_true_vs_shuffle_c75_vs_i25_lpfc_2_subs_sig_elecs_2boots_2splits_2reps_repeat_unit.pdf
Saved Nature-style plot to: /cwork/jz421/BIDS-1.1_GlobalLocal/BIDS/derivatives/decoding/figs/Stimulus_0.5sec_within-1.0-0.0sec_base_decFactor_8_outliers_10_drop_thresh_perc_5.0_70.0-150.0_Hz_padLength_0.5s_stat_func_ttest_ind_equal_var_False_nan_policy_omit/c25_vs_c75/lpfc/20251022_170701_bootstrap_true_vs_shuffle_c25_vs_c75_lpfc_2_subs_sig_elecs_2boots_2splits_2reps_repeat_unit.pdf
Saved Nature-style plot to: /cwork/jz421/BIDS-1.1_GlobalLocal/BIDS/derivatives/decoding/figs/Stimulus_0.5sec_within-1.0-0.0sec_base_decFactor_8_outliers_10_drop_thresh_perc_5.0_70.0-150.0_Hz_padLength_0.5s_stat_func_ttest_ind_equal_var_False_nan_policy_omit/i25_vs_i75/lpfc/20251022_170701_bootstrap_true_vs_shuffle_i25_vs_i75_lpfc_2_subs_sig_elecs_2boots_2splits_2reps_repeat_unit.pdf

--- Running LWPC Comparison Statistics (c25_vs_i25 vs c75_vs_i75) using 'repeat' as unit of analysis ---
 Building null distribution with 2 permutations across 1 jobs...
 Found 3 significant cluster(s) using duration statistic.
Saved Nature-style plot to: /cwork/jz421/BIDS-1.1_GlobalLocal/BIDS/derivatives/decoding/figs/Stimulus_0.5sec_within-1.0-0.0sec_base_decFactor_8_outliers_10_drop_thresh_perc_5.0_70.0-150.0_Hz_padLength_0.5s_stat_func_ttest_ind_equal_var_False_nan_policy_omit/LWPC_comparison/lpfc/20251022_170701_bootstrap_LWPC_comparison_lpfc_2_subs_sig_elecs_2boots_2splits_2reps_repeat_unit.pdf
Plotting accuracy DIFFERENCE for LWPC in lpfc...
Saved Nature-style plot to: /cwork/jz421/BIDS-1.1_GlobalLocal/BIDS/derivatives/decoding/figs/Stimulus_0.5sec_within-1.0-0.0sec_base_decFactor_8_outliers_10_drop_thresh_perc_5.0_70.0-150.0_Hz_padLength_0.5s_stat_func_ttest_ind_equal_var_False_nan_policy_omit/LWPC_comparison/lpfc/20251022_170701_bootstrap_LWPC_ACC_DIFFERENCE_plot_lpfc_2_subs_sig_elecs_2boots_2splits_2reps_repeat_unit_ACC_DIFFERENCE.pdf

 Analysis completed successfully!
