Intel(R) Extension for Scikit-learn* enabled (https://github.com/intel/scikit-learn-intelex)
/hpc/home/jz421/coganlab/jz421/GlobalLocal/src/analysis/utils/general_utils.py:422: RuntimeWarning: Concatenation of Annotations within Epochs is not supported yet. All annotations will be dropped.
  event_epochs = mne.concatenate_epochs(combined_epochs)
/hpc/home/jz421/coganlab/jz421/GlobalLocal/src/analysis/utils/general_utils.py:422: RuntimeWarning: Concatenation of Annotations within Epochs is not supported yet. All annotations will be dropped.
  event_epochs = mne.concatenate_epochs(combined_epochs)
/hpc/home/jz421/coganlab/jz421/GlobalLocal/src/analysis/utils/general_utils.py:422: RuntimeWarning: Concatenation of Annotations within Epochs is not supported yet. All annotations will be dropped.
  event_epochs = mne.concatenate_epochs(combined_epochs)
/hpc/home/jz421/coganlab/jz421/GlobalLocal/src/analysis/utils/general_utils.py:422: RuntimeWarning: Concatenation of Annotations within Epochs is not supported yet. All annotations will be dropped.
  event_epochs = mne.concatenate_epochs(combined_epochs)
/hpc/home/jz421/coganlab/jz421/GlobalLocal/src/analysis/utils/general_utils.py:422: RuntimeWarning: Concatenation of Annotations within Epochs is not supported yet. All annotations will be dropped.
  event_epochs = mne.concatenate_epochs(combined_epochs)
/hpc/home/jz421/coganlab/jz421/GlobalLocal/src/analysis/utils/general_utils.py:422: RuntimeWarning: Concatenation of Annotations within Epochs is not supported yet. All annotations will be dropped.
  event_epochs = mne.concatenate_epochs(combined_epochs)
/hpc/home/jz421/coganlab/jz421/GlobalLocal/src/analysis/utils/general_utils.py:422: RuntimeWarning: Concatenation of Annotations within Epochs is not supported yet. All annotations will be dropped.
  event_epochs = mne.concatenate_epochs(combined_epochs)
/hpc/home/jz421/coganlab/jz421/GlobalLocal/src/analysis/utils/general_utils.py:422: RuntimeWarning: Concatenation of Annotations within Epochs is not supported yet. All annotations will be dropped.
  event_epochs = mne.concatenate_epochs(combined_epochs)
[Parallel(n_jobs=1)]: Done   1 tasks      | elapsed:  1.6min
The PostScript backend does not support transparency; partially transparent artists will be rendered opaque.
The PostScript backend does not support transparency; partially transparent artists will be rendered opaque.
The PostScript backend does not support transparency; partially transparent artists will be rendered opaque.
The PostScript backend does not support transparency; partially transparent artists will be rendered opaque.
The PostScript backend does not support transparency; partially transparent artists will be rendered opaque.
The PostScript backend does not support transparency; partially transparent artists will be rendered opaque.
Traceback (most recent call last):
  File "/hpc/home/jz421/coganlab/jz421/GlobalLocal/dcc_scripts/decoding/run_decoding_dcc.py", line 233, in run_analysis
    main(args)
  File "/hpc/home/jz421/coganlab/jz421/GlobalLocal/dcc_scripts/decoding/decoding_dcc.py", line 692, in main
    lwpc_comparison_stats = do_time_perm_cluster_comparing_two_true_bootstrap_accuracy_distributions(
                            ^^^^^^^^^^^^^^^^^^^^^^^^^^^^^^^^^^^^^^^^^^^^^^^^^^^^^^^^^^^^^^^^^^^^^^^^^
  File "/hpc/home/jz421/coganlab/jz421/GlobalLocal/src/analysis/decoding/decoding.py", line 2763, in do_time_perm_cluster_comparing_two_true_bootstrap_accuracy_distributions
    significant_clusters, p_values = do_time_perm_cluster_comparing_two_true_bootstrap_accuracy_distributions_for_one_roi(
                                     ^^^^^^^^^^^^^^^^^^^^^^^^^^^^^^^^^^^^^^^^^^^^^^^^^^^^^^^^^^^^^^^^^^^^^^^^^^^^^^^^^^^^^
  File "/hpc/home/jz421/coganlab/jz421/GlobalLocal/src/analysis/decoding/decoding.py", line 2712, in do_time_perm_cluster_comparing_two_true_bootstrap_accuracy_distributions_for_one_roi
    pooled_condition_comparison_1_true_accs, pooled_condition_comparison_2_true_accs = get_two_true_bootstrap_accuracy_distributions_for_one_roi(time_window_decoding_results, n_bootstraps, condition_comparison_1, condition_comparison_2, roi)
                                                                                       ^^^^^^^^^^^^^^^^^^^^^^^^^^^^^^^^^^^^^^^^^^^^^^^^^^^^^^^^^^^^^^^^^^^^^^^^^^^^^^^^^^^^^^^^^^^^^^^^^^^^^^^^^^^^^^^^^^^^^^^^^^^^^^^^^^^^^^^^^^^^^^^^^^^^^^^^^^
  File "/hpc/home/jz421/coganlab/jz421/GlobalLocal/src/analysis/decoding/decoding.py", line 2757, in get_two_true_bootstrap_accuracy_distributions_for_one_roi
    return pooled_condition_comparison_1_true_bootstrap_accs, pooled_condition_comparison_2_true_bootstrap_accs
           ^^^^^^^^^^^^^^^^^^^^^^^^^^^^^^^^^^^^^^^^^^^^^^^^^
NameError: name 'pooled_condition_comparison_1_true_bootstrap_accs' is not defined
