Intel(R) Extension for Scikit-learn* enabled (https://github.com/intel/scikit-learn-intelex)
/hpc/home/jz421/coganlab/jz421/GlobalLocal/src/analysis/utils/general_utils.py:422: RuntimeWarning: Concatenation of Annotations within Epochs is not supported yet. All annotations will be dropped.
  event_epochs = mne.concatenate_epochs(combined_epochs)
/hpc/home/jz421/coganlab/jz421/GlobalLocal/src/analysis/utils/general_utils.py:422: RuntimeWarning: Concatenation of Annotations within Epochs is not supported yet. All annotations will be dropped.
  event_epochs = mne.concatenate_epochs(combined_epochs)
/hpc/home/jz421/coganlab/jz421/GlobalLocal/src/analysis/utils/general_utils.py:422: RuntimeWarning: Concatenation of Annotations within Epochs is not supported yet. All annotations will be dropped.
  event_epochs = mne.concatenate_epochs(combined_epochs)
/hpc/home/jz421/coganlab/jz421/GlobalLocal/src/analysis/utils/general_utils.py:422: RuntimeWarning: Concatenation of Annotations within Epochs is not supported yet. All annotations will be dropped.
  event_epochs = mne.concatenate_epochs(combined_epochs)
/hpc/home/jz421/coganlab/jz421/GlobalLocal/src/analysis/utils/general_utils.py:422: RuntimeWarning: Concatenation of Annotations within Epochs is not supported yet. All annotations will be dropped.
  event_epochs = mne.concatenate_epochs(combined_epochs)
/hpc/home/jz421/coganlab/jz421/GlobalLocal/src/analysis/utils/general_utils.py:422: RuntimeWarning: Concatenation of Annotations within Epochs is not supported yet. All annotations will be dropped.
  event_epochs = mne.concatenate_epochs(combined_epochs)
/hpc/home/jz421/coganlab/jz421/GlobalLocal/src/analysis/utils/general_utils.py:422: RuntimeWarning: Concatenation of Annotations within Epochs is not supported yet. All annotations will be dropped.
  event_epochs = mne.concatenate_epochs(combined_epochs)
/hpc/home/jz421/coganlab/jz421/GlobalLocal/src/analysis/utils/general_utils.py:422: RuntimeWarning: Concatenation of Annotations within Epochs is not supported yet. All annotations will be dropped.
  event_epochs = mne.concatenate_epochs(combined_epochs)
/hpc/home/jz421/coganlab/jz421/GlobalLocal/src/analysis/utils/general_utils.py:422: RuntimeWarning: Concatenation of Annotations within Epochs is not supported yet. All annotations will be dropped.
  event_epochs = mne.concatenate_epochs(combined_epochs)
/hpc/home/jz421/coganlab/jz421/GlobalLocal/src/analysis/utils/general_utils.py:422: RuntimeWarning: Concatenation of Annotations within Epochs is not supported yet. All annotations will be dropped.
  event_epochs = mne.concatenate_epochs(combined_epochs)
/hpc/home/jz421/coganlab/jz421/GlobalLocal/src/analysis/utils/general_utils.py:422: RuntimeWarning: Concatenation of Annotations within Epochs is not supported yet. All annotations will be dropped.
  event_epochs = mne.concatenate_epochs(combined_epochs)
/hpc/home/jz421/coganlab/jz421/GlobalLocal/src/analysis/utils/general_utils.py:422: RuntimeWarning: Concatenation of Annotations within Epochs is not supported yet. All annotations will be dropped.
  event_epochs = mne.concatenate_epochs(combined_epochs)
/hpc/home/jz421/coganlab/jz421/GlobalLocal/src/analysis/utils/general_utils.py:422: RuntimeWarning: Concatenation of Annotations within Epochs is not supported yet. All annotations will be dropped.
  event_epochs = mne.concatenate_epochs(combined_epochs)
/hpc/home/jz421/coganlab/jz421/GlobalLocal/src/analysis/utils/general_utils.py:422: RuntimeWarning: Concatenation of Annotations within Epochs is not supported yet. All annotations will be dropped.
  event_epochs = mne.concatenate_epochs(combined_epochs)
/hpc/home/jz421/coganlab/jz421/GlobalLocal/src/analysis/utils/general_utils.py:422: RuntimeWarning: Concatenation of Annotations within Epochs is not supported yet. All annotations will be dropped.
  event_epochs = mne.concatenate_epochs(combined_epochs)
/hpc/home/jz421/coganlab/jz421/GlobalLocal/src/analysis/utils/general_utils.py:422: RuntimeWarning: Concatenation of Annotations within Epochs is not supported yet. All annotations will be dropped.
  event_epochs = mne.concatenate_epochs(combined_epochs)
/hpc/home/jz421/coganlab/jz421/GlobalLocal/src/analysis/utils/general_utils.py:422: RuntimeWarning: Concatenation of Annotations within Epochs is not supported yet. All annotations will be dropped.
  event_epochs = mne.concatenate_epochs(combined_epochs)
/hpc/home/jz421/coganlab/jz421/GlobalLocal/src/analysis/utils/general_utils.py:422: RuntimeWarning: Concatenation of Annotations within Epochs is not supported yet. All annotations will be dropped.
  event_epochs = mne.concatenate_epochs(combined_epochs)
/hpc/home/jz421/coganlab/jz421/GlobalLocal/src/analysis/utils/general_utils.py:422: RuntimeWarning: Concatenation of Annotations within Epochs is not supported yet. All annotations will be dropped.
  event_epochs = mne.concatenate_epochs(combined_epochs)
/hpc/home/jz421/coganlab/jz421/GlobalLocal/src/analysis/utils/general_utils.py:422: RuntimeWarning: Concatenation of Annotations within Epochs is not supported yet. All annotations will be dropped.
  event_epochs = mne.concatenate_epochs(combined_epochs)
/hpc/home/jz421/coganlab/jz421/GlobalLocal/src/analysis/utils/general_utils.py:422: RuntimeWarning: Concatenation of Annotations within Epochs is not supported yet. All annotations will be dropped.
  event_epochs = mne.concatenate_epochs(combined_epochs)
/hpc/home/jz421/coganlab/jz421/GlobalLocal/src/analysis/utils/general_utils.py:422: RuntimeWarning: Concatenation of Annotations within Epochs is not supported yet. All annotations will be dropped.
  event_epochs = mne.concatenate_epochs(combined_epochs)
/hpc/home/jz421/coganlab/jz421/GlobalLocal/src/analysis/utils/general_utils.py:422: RuntimeWarning: Concatenation of Annotations within Epochs is not supported yet. All annotations will be dropped.
  event_epochs = mne.concatenate_epochs(combined_epochs)
/hpc/home/jz421/coganlab/jz421/GlobalLocal/src/analysis/utils/general_utils.py:422: RuntimeWarning: Concatenation of Annotations within Epochs is not supported yet. All annotations will be dropped.
  event_epochs = mne.concatenate_epochs(combined_epochs)
/hpc/home/jz421/coganlab/jz421/GlobalLocal/src/analysis/utils/general_utils.py:422: RuntimeWarning: Concatenation of Annotations within Epochs is not supported yet. All annotations will be dropped.
  event_epochs = mne.concatenate_epochs(combined_epochs)
/hpc/home/jz421/coganlab/jz421/GlobalLocal/src/analysis/utils/general_utils.py:422: RuntimeWarning: Concatenation of Annotations within Epochs is not supported yet. All annotations will be dropped.
  event_epochs = mne.concatenate_epochs(combined_epochs)
/hpc/home/jz421/coganlab/jz421/GlobalLocal/src/analysis/utils/general_utils.py:422: RuntimeWarning: Concatenation of Annotations within Epochs is not supported yet. All annotations will be dropped.
  event_epochs = mne.concatenate_epochs(combined_epochs)
/hpc/home/jz421/coganlab/jz421/GlobalLocal/src/analysis/utils/general_utils.py:422: RuntimeWarning: Concatenation of Annotations within Epochs is not supported yet. All annotations will be dropped.
  event_epochs = mne.concatenate_epochs(combined_epochs)
/hpc/home/jz421/coganlab/jz421/GlobalLocal/src/analysis/utils/general_utils.py:422: RuntimeWarning: Concatenation of Annotations within Epochs is not supported yet. All annotations will be dropped.
  event_epochs = mne.concatenate_epochs(combined_epochs)
/hpc/home/jz421/coganlab/jz421/GlobalLocal/src/analysis/utils/general_utils.py:422: RuntimeWarning: Concatenation of Annotations within Epochs is not supported yet. All annotations will be dropped.
  event_epochs = mne.concatenate_epochs(combined_epochs)
/hpc/home/jz421/coganlab/jz421/GlobalLocal/src/analysis/utils/general_utils.py:422: RuntimeWarning: Concatenation of Annotations within Epochs is not supported yet. All annotations will be dropped.
  event_epochs = mne.concatenate_epochs(combined_epochs)
/hpc/home/jz421/coganlab/jz421/GlobalLocal/src/analysis/utils/general_utils.py:422: RuntimeWarning: Concatenation of Annotations within Epochs is not supported yet. All annotations will be dropped.
  event_epochs = mne.concatenate_epochs(combined_epochs)
/hpc/home/jz421/coganlab/jz421/GlobalLocal/src/analysis/utils/general_utils.py:422: RuntimeWarning: Concatenation of Annotations within Epochs is not supported yet. All annotations will be dropped.
  event_epochs = mne.concatenate_epochs(combined_epochs)
/hpc/home/jz421/coganlab/jz421/GlobalLocal/src/analysis/utils/general_utils.py:422: RuntimeWarning: Concatenation of Annotations within Epochs is not supported yet. All annotations will be dropped.
  event_epochs = mne.concatenate_epochs(combined_epochs)
/hpc/home/jz421/coganlab/jz421/GlobalLocal/src/analysis/utils/general_utils.py:422: RuntimeWarning: Concatenation of Annotations within Epochs is not supported yet. All annotations will be dropped.
  event_epochs = mne.concatenate_epochs(combined_epochs)
/hpc/home/jz421/coganlab/jz421/GlobalLocal/src/analysis/utils/general_utils.py:422: RuntimeWarning: Concatenation of Annotations within Epochs is not supported yet. All annotations will be dropped.
  event_epochs = mne.concatenate_epochs(combined_epochs)
/hpc/home/jz421/coganlab/jz421/GlobalLocal/src/analysis/utils/general_utils.py:422: RuntimeWarning: Concatenation of Annotations within Epochs is not supported yet. All annotations will be dropped.
  event_epochs = mne.concatenate_epochs(combined_epochs)
/hpc/home/jz421/coganlab/jz421/GlobalLocal/src/analysis/utils/general_utils.py:422: RuntimeWarning: Concatenation of Annotations within Epochs is not supported yet. All annotations will be dropped.
  event_epochs = mne.concatenate_epochs(combined_epochs)
/hpc/home/jz421/coganlab/jz421/GlobalLocal/src/analysis/utils/general_utils.py:422: RuntimeWarning: Concatenation of Annotations within Epochs is not supported yet. All annotations will be dropped.
  event_epochs = mne.concatenate_epochs(combined_epochs)
/hpc/home/jz421/coganlab/jz421/GlobalLocal/src/analysis/utils/general_utils.py:422: RuntimeWarning: Concatenation of Annotations within Epochs is not supported yet. All annotations will be dropped.
  event_epochs = mne.concatenate_epochs(combined_epochs)
/hpc/home/jz421/coganlab/jz421/GlobalLocal/src/analysis/utils/general_utils.py:422: RuntimeWarning: Concatenation of Annotations within Epochs is not supported yet. All annotations will be dropped.
  event_epochs = mne.concatenate_epochs(combined_epochs)
/hpc/home/jz421/coganlab/jz421/GlobalLocal/src/analysis/utils/general_utils.py:422: RuntimeWarning: Concatenation of Annotations within Epochs is not supported yet. All annotations will be dropped.
  event_epochs = mne.concatenate_epochs(combined_epochs)
/hpc/home/jz421/coganlab/jz421/GlobalLocal/src/analysis/utils/general_utils.py:422: RuntimeWarning: Concatenation of Annotations within Epochs is not supported yet. All annotations will be dropped.
  event_epochs = mne.concatenate_epochs(combined_epochs)
/hpc/home/jz421/coganlab/jz421/GlobalLocal/src/analysis/utils/general_utils.py:422: RuntimeWarning: Concatenation of Annotations within Epochs is not supported yet. All annotations will be dropped.
  event_epochs = mne.concatenate_epochs(combined_epochs)
/hpc/home/jz421/coganlab/jz421/GlobalLocal/src/analysis/utils/general_utils.py:422: RuntimeWarning: Concatenation of Annotations within Epochs is not supported yet. All annotations will be dropped.
  event_epochs = mne.concatenate_epochs(combined_epochs)
/hpc/home/jz421/coganlab/jz421/GlobalLocal/src/analysis/utils/general_utils.py:422: RuntimeWarning: Concatenation of Annotations within Epochs is not supported yet. All annotations will be dropped.
  event_epochs = mne.concatenate_epochs(combined_epochs)
/hpc/home/jz421/coganlab/jz421/GlobalLocal/src/analysis/utils/general_utils.py:422: RuntimeWarning: Concatenation of Annotations within Epochs is not supported yet. All annotations will be dropped.
  event_epochs = mne.concatenate_epochs(combined_epochs)
/hpc/home/jz421/coganlab/jz421/GlobalLocal/src/analysis/utils/general_utils.py:422: RuntimeWarning: Concatenation of Annotations within Epochs is not supported yet. All annotations will be dropped.
  event_epochs = mne.concatenate_epochs(combined_epochs)
/hpc/home/jz421/coganlab/jz421/GlobalLocal/src/analysis/utils/general_utils.py:422: RuntimeWarning: Concatenation of Annotations within Epochs is not supported yet. All annotations will be dropped.
  event_epochs = mne.concatenate_epochs(combined_epochs)
/hpc/home/jz421/coganlab/jz421/GlobalLocal/src/analysis/utils/general_utils.py:422: RuntimeWarning: Concatenation of Annotations within Epochs is not supported yet. All annotations will be dropped.
  event_epochs = mne.concatenate_epochs(combined_epochs)
/hpc/home/jz421/coganlab/jz421/GlobalLocal/src/analysis/utils/general_utils.py:422: RuntimeWarning: Concatenation of Annotations within Epochs is not supported yet. All annotations will be dropped.
  event_epochs = mne.concatenate_epochs(combined_epochs)
/hpc/home/jz421/coganlab/jz421/GlobalLocal/src/analysis/utils/general_utils.py:422: RuntimeWarning: Concatenation of Annotations within Epochs is not supported yet. All annotations will be dropped.
  event_epochs = mne.concatenate_epochs(combined_epochs)
/hpc/home/jz421/coganlab/jz421/GlobalLocal/src/analysis/utils/general_utils.py:422: RuntimeWarning: Concatenation of Annotations within Epochs is not supported yet. All annotations will be dropped.
  event_epochs = mne.concatenate_epochs(combined_epochs)
/hpc/home/jz421/coganlab/jz421/GlobalLocal/src/analysis/utils/general_utils.py:422: RuntimeWarning: Concatenation of Annotations within Epochs is not supported yet. All annotations will be dropped.
  event_epochs = mne.concatenate_epochs(combined_epochs)
/hpc/home/jz421/coganlab/jz421/GlobalLocal/src/analysis/utils/general_utils.py:422: RuntimeWarning: Concatenation of Annotations within Epochs is not supported yet. All annotations will be dropped.
  event_epochs = mne.concatenate_epochs(combined_epochs)
/hpc/home/jz421/coganlab/jz421/GlobalLocal/src/analysis/utils/general_utils.py:422: RuntimeWarning: Concatenation of Annotations within Epochs is not supported yet. All annotations will be dropped.
  event_epochs = mne.concatenate_epochs(combined_epochs)
/hpc/home/jz421/coganlab/jz421/GlobalLocal/src/analysis/utils/general_utils.py:422: RuntimeWarning: Concatenation of Annotations within Epochs is not supported yet. All annotations will be dropped.
  event_epochs = mne.concatenate_epochs(combined_epochs)
/hpc/home/jz421/coganlab/jz421/GlobalLocal/src/analysis/utils/general_utils.py:422: RuntimeWarning: Concatenation of Annotations within Epochs is not supported yet. All annotations will be dropped.
  event_epochs = mne.concatenate_epochs(combined_epochs)
/hpc/home/jz421/coganlab/jz421/GlobalLocal/src/analysis/utils/general_utils.py:422: RuntimeWarning: Concatenation of Annotations within Epochs is not supported yet. All annotations will be dropped.
  event_epochs = mne.concatenate_epochs(combined_epochs)
/hpc/home/jz421/coganlab/jz421/GlobalLocal/src/analysis/utils/general_utils.py:422: RuntimeWarning: Concatenation of Annotations within Epochs is not supported yet. All annotations will be dropped.
  event_epochs = mne.concatenate_epochs(combined_epochs)
/hpc/home/jz421/coganlab/jz421/GlobalLocal/src/analysis/utils/general_utils.py:422: RuntimeWarning: Concatenation of Annotations within Epochs is not supported yet. All annotations will be dropped.
  event_epochs = mne.concatenate_epochs(combined_epochs)
/hpc/home/jz421/coganlab/jz421/GlobalLocal/src/analysis/utils/general_utils.py:422: RuntimeWarning: Concatenation of Annotations within Epochs is not supported yet. All annotations will be dropped.
  event_epochs = mne.concatenate_epochs(combined_epochs)
/hpc/home/jz421/coganlab/jz421/GlobalLocal/src/analysis/utils/general_utils.py:422: RuntimeWarning: Concatenation of Annotations within Epochs is not supported yet. All annotations will be dropped.
  event_epochs = mne.concatenate_epochs(combined_epochs)
/hpc/home/jz421/coganlab/jz421/GlobalLocal/src/analysis/utils/general_utils.py:422: RuntimeWarning: Concatenation of Annotations within Epochs is not supported yet. All annotations will be dropped.
  event_epochs = mne.concatenate_epochs(combined_epochs)
/hpc/home/jz421/coganlab/jz421/GlobalLocal/src/analysis/utils/general_utils.py:422: RuntimeWarning: Concatenation of Annotations within Epochs is not supported yet. All annotations will be dropped.
  event_epochs = mne.concatenate_epochs(combined_epochs)
/hpc/home/jz421/coganlab/jz421/GlobalLocal/src/analysis/utils/general_utils.py:422: RuntimeWarning: Concatenation of Annotations within Epochs is not supported yet. All annotations will be dropped.
  event_epochs = mne.concatenate_epochs(combined_epochs)
/hpc/home/jz421/coganlab/jz421/GlobalLocal/src/analysis/utils/general_utils.py:422: RuntimeWarning: Concatenation of Annotations within Epochs is not supported yet. All annotations will be dropped.
  event_epochs = mne.concatenate_epochs(combined_epochs)
/hpc/home/jz421/coganlab/jz421/GlobalLocal/src/analysis/utils/general_utils.py:422: RuntimeWarning: Concatenation of Annotations within Epochs is not supported yet. All annotations will be dropped.
  event_epochs = mne.concatenate_epochs(combined_epochs)
/hpc/home/jz421/coganlab/jz421/GlobalLocal/src/analysis/utils/general_utils.py:422: RuntimeWarning: Concatenation of Annotations within Epochs is not supported yet. All annotations will be dropped.
  event_epochs = mne.concatenate_epochs(combined_epochs)
/hpc/home/jz421/coganlab/jz421/GlobalLocal/src/analysis/utils/general_utils.py:422: RuntimeWarning: Concatenation of Annotations within Epochs is not supported yet. All annotations will be dropped.
  event_epochs = mne.concatenate_epochs(combined_epochs)
/hpc/home/jz421/coganlab/jz421/GlobalLocal/src/analysis/utils/general_utils.py:422: RuntimeWarning: Concatenation of Annotations within Epochs is not supported yet. All annotations will be dropped.
  event_epochs = mne.concatenate_epochs(combined_epochs)
/hpc/home/jz421/coganlab/jz421/GlobalLocal/src/analysis/utils/general_utils.py:422: RuntimeWarning: Concatenation of Annotations within Epochs is not supported yet. All annotations will be dropped.
  event_epochs = mne.concatenate_epochs(combined_epochs)
/hpc/home/jz421/coganlab/jz421/GlobalLocal/src/analysis/utils/general_utils.py:422: RuntimeWarning: Concatenation of Annotations within Epochs is not supported yet. All annotations will be dropped.
  event_epochs = mne.concatenate_epochs(combined_epochs)
/hpc/home/jz421/coganlab/jz421/GlobalLocal/src/analysis/utils/general_utils.py:422: RuntimeWarning: Concatenation of Annotations within Epochs is not supported yet. All annotations will be dropped.
  event_epochs = mne.concatenate_epochs(combined_epochs)
/hpc/home/jz421/coganlab/jz421/GlobalLocal/src/analysis/utils/general_utils.py:422: RuntimeWarning: Concatenation of Annotations within Epochs is not supported yet. All annotations will be dropped.
  event_epochs = mne.concatenate_epochs(combined_epochs)
/hpc/home/jz421/coganlab/jz421/GlobalLocal/src/analysis/utils/general_utils.py:422: RuntimeWarning: Concatenation of Annotations within Epochs is not supported yet. All annotations will be dropped.
  event_epochs = mne.concatenate_epochs(combined_epochs)
/hpc/home/jz421/coganlab/jz421/GlobalLocal/src/analysis/utils/general_utils.py:422: RuntimeWarning: Concatenation of Annotations within Epochs is not supported yet. All annotations will be dropped.
  event_epochs = mne.concatenate_epochs(combined_epochs)
/hpc/home/jz421/coganlab/jz421/GlobalLocal/src/analysis/utils/general_utils.py:422: RuntimeWarning: Concatenation of Annotations within Epochs is not supported yet. All annotations will be dropped.
  event_epochs = mne.concatenate_epochs(combined_epochs)
/hpc/home/jz421/coganlab/jz421/GlobalLocal/src/analysis/utils/general_utils.py:422: RuntimeWarning: Concatenation of Annotations within Epochs is not supported yet. All annotations will be dropped.
  event_epochs = mne.concatenate_epochs(combined_epochs)
/hpc/home/jz421/coganlab/jz421/GlobalLocal/src/analysis/utils/general_utils.py:422: RuntimeWarning: Concatenation of Annotations within Epochs is not supported yet. All annotations will be dropped.
  event_epochs = mne.concatenate_epochs(combined_epochs)
/hpc/home/jz421/coganlab/jz421/GlobalLocal/src/analysis/utils/general_utils.py:422: RuntimeWarning: Concatenation of Annotations within Epochs is not supported yet. All annotations will be dropped.
  event_epochs = mne.concatenate_epochs(combined_epochs)
/hpc/home/jz421/coganlab/jz421/GlobalLocal/src/analysis/utils/general_utils.py:422: RuntimeWarning: Concatenation of Annotations within Epochs is not supported yet. All annotations will be dropped.
  event_epochs = mne.concatenate_epochs(combined_epochs)
/hpc/home/jz421/coganlab/jz421/GlobalLocal/src/analysis/utils/general_utils.py:422: RuntimeWarning: Concatenation of Annotations within Epochs is not supported yet. All annotations will be dropped.
  event_epochs = mne.concatenate_epochs(combined_epochs)
/hpc/home/jz421/coganlab/jz421/GlobalLocal/src/analysis/utils/general_utils.py:422: RuntimeWarning: Concatenation of Annotations within Epochs is not supported yet. All annotations will be dropped.
  event_epochs = mne.concatenate_epochs(combined_epochs)
/hpc/home/jz421/coganlab/jz421/GlobalLocal/src/analysis/utils/general_utils.py:422: RuntimeWarning: Concatenation of Annotations within Epochs is not supported yet. All annotations will be dropped.
  event_epochs = mne.concatenate_epochs(combined_epochs)
/hpc/home/jz421/coganlab/jz421/GlobalLocal/src/analysis/utils/general_utils.py:422: RuntimeWarning: Concatenation of Annotations within Epochs is not supported yet. All annotations will be dropped.
  event_epochs = mne.concatenate_epochs(combined_epochs)
/hpc/home/jz421/coganlab/jz421/GlobalLocal/src/analysis/utils/general_utils.py:422: RuntimeWarning: Concatenation of Annotations within Epochs is not supported yet. All annotations will be dropped.
  event_epochs = mne.concatenate_epochs(combined_epochs)
/hpc/home/jz421/coganlab/jz421/GlobalLocal/src/analysis/utils/general_utils.py:422: RuntimeWarning: Concatenation of Annotations within Epochs is not supported yet. All annotations will be dropped.
  event_epochs = mne.concatenate_epochs(combined_epochs)
/hpc/home/jz421/coganlab/jz421/GlobalLocal/src/analysis/utils/general_utils.py:422: RuntimeWarning: Concatenation of Annotations within Epochs is not supported yet. All annotations will be dropped.
  event_epochs = mne.concatenate_epochs(combined_epochs)
/hpc/home/jz421/coganlab/jz421/GlobalLocal/src/analysis/utils/general_utils.py:422: RuntimeWarning: Concatenation of Annotations within Epochs is not supported yet. All annotations will be dropped.
  event_epochs = mne.concatenate_epochs(combined_epochs)
/hpc/home/jz421/coganlab/jz421/GlobalLocal/src/analysis/utils/general_utils.py:422: RuntimeWarning: Concatenation of Annotations within Epochs is not supported yet. All annotations will be dropped.
  event_epochs = mne.concatenate_epochs(combined_epochs)
/hpc/home/jz421/coganlab/jz421/GlobalLocal/src/analysis/utils/general_utils.py:422: RuntimeWarning: Concatenation of Annotations within Epochs is not supported yet. All annotations will be dropped.
  event_epochs = mne.concatenate_epochs(combined_epochs)
/hpc/home/jz421/coganlab/jz421/GlobalLocal/src/analysis/utils/general_utils.py:422: RuntimeWarning: Concatenation of Annotations within Epochs is not supported yet. All annotations will be dropped.
  event_epochs = mne.concatenate_epochs(combined_epochs)
/hpc/home/jz421/coganlab/jz421/GlobalLocal/src/analysis/utils/general_utils.py:422: RuntimeWarning: Concatenation of Annotations within Epochs is not supported yet. All annotations will be dropped.
  event_epochs = mne.concatenate_epochs(combined_epochs)
/hpc/home/jz421/coganlab/jz421/GlobalLocal/src/analysis/utils/general_utils.py:422: RuntimeWarning: Concatenation of Annotations within Epochs is not supported yet. All annotations will be dropped.
  event_epochs = mne.concatenate_epochs(combined_epochs)
/hpc/home/jz421/coganlab/jz421/GlobalLocal/src/analysis/utils/general_utils.py:422: RuntimeWarning: Concatenation of Annotations within Epochs is not supported yet. All annotations will be dropped.
  event_epochs = mne.concatenate_epochs(combined_epochs)
/hpc/home/jz421/coganlab/jz421/GlobalLocal/src/analysis/utils/general_utils.py:422: RuntimeWarning: Concatenation of Annotations within Epochs is not supported yet. All annotations will be dropped.
  event_epochs = mne.concatenate_epochs(combined_epochs)
/hpc/home/jz421/coganlab/jz421/GlobalLocal/src/analysis/utils/general_utils.py:422: RuntimeWarning: Concatenation of Annotations within Epochs is not supported yet. All annotations will be dropped.
  event_epochs = mne.concatenate_epochs(combined_epochs)
/hpc/home/jz421/coganlab/jz421/GlobalLocal/src/analysis/utils/general_utils.py:422: RuntimeWarning: Concatenation of Annotations within Epochs is not supported yet. All annotations will be dropped.
  event_epochs = mne.concatenate_epochs(combined_epochs)
/hpc/home/jz421/coganlab/jz421/GlobalLocal/src/analysis/utils/general_utils.py:422: RuntimeWarning: Concatenation of Annotations within Epochs is not supported yet. All annotations will be dropped.
  event_epochs = mne.concatenate_epochs(combined_epochs)
/hpc/home/jz421/coganlab/jz421/GlobalLocal/src/analysis/utils/general_utils.py:422: RuntimeWarning: Concatenation of Annotations within Epochs is not supported yet. All annotations will be dropped.
  event_epochs = mne.concatenate_epochs(combined_epochs)
/hpc/home/jz421/coganlab/jz421/GlobalLocal/src/analysis/utils/general_utils.py:422: RuntimeWarning: Concatenation of Annotations within Epochs is not supported yet. All annotations will be dropped.
  event_epochs = mne.concatenate_epochs(combined_epochs)
/hpc/home/jz421/coganlab/jz421/GlobalLocal/src/analysis/utils/general_utils.py:422: RuntimeWarning: Concatenation of Annotations within Epochs is not supported yet. All annotations will be dropped.
  event_epochs = mne.concatenate_epochs(combined_epochs)
/hpc/home/jz421/coganlab/jz421/GlobalLocal/src/analysis/utils/general_utils.py:422: RuntimeWarning: Concatenation of Annotations within Epochs is not supported yet. All annotations will be dropped.
  event_epochs = mne.concatenate_epochs(combined_epochs)
/hpc/home/jz421/coganlab/jz421/GlobalLocal/src/analysis/utils/general_utils.py:422: RuntimeWarning: Concatenation of Annotations within Epochs is not supported yet. All annotations will be dropped.
  event_epochs = mne.concatenate_epochs(combined_epochs)
/hpc/home/jz421/coganlab/jz421/GlobalLocal/src/analysis/utils/general_utils.py:422: RuntimeWarning: Concatenation of Annotations within Epochs is not supported yet. All annotations will be dropped.
  event_epochs = mne.concatenate_epochs(combined_epochs)
/hpc/home/jz421/coganlab/jz421/GlobalLocal/src/analysis/utils/general_utils.py:422: RuntimeWarning: Concatenation of Annotations within Epochs is not supported yet. All annotations will be dropped.
  event_epochs = mne.concatenate_epochs(combined_epochs)
/hpc/home/jz421/coganlab/jz421/GlobalLocal/src/analysis/utils/general_utils.py:422: RuntimeWarning: Concatenation of Annotations within Epochs is not supported yet. All annotations will be dropped.
  event_epochs = mne.concatenate_epochs(combined_epochs)
/hpc/home/jz421/coganlab/jz421/GlobalLocal/src/analysis/utils/general_utils.py:422: RuntimeWarning: Concatenation of Annotations within Epochs is not supported yet. All annotations will be dropped.
  event_epochs = mne.concatenate_epochs(combined_epochs)
/hpc/home/jz421/coganlab/jz421/GlobalLocal/src/analysis/utils/general_utils.py:422: RuntimeWarning: Concatenation of Annotations within Epochs is not supported yet. All annotations will be dropped.
  event_epochs = mne.concatenate_epochs(combined_epochs)
/hpc/home/jz421/coganlab/jz421/GlobalLocal/src/analysis/utils/general_utils.py:422: RuntimeWarning: Concatenation of Annotations within Epochs is not supported yet. All annotations will be dropped.
  event_epochs = mne.concatenate_epochs(combined_epochs)
/hpc/home/jz421/coganlab/jz421/GlobalLocal/src/analysis/utils/general_utils.py:422: RuntimeWarning: Concatenation of Annotations within Epochs is not supported yet. All annotations will be dropped.
  event_epochs = mne.concatenate_epochs(combined_epochs)
/hpc/home/jz421/coganlab/jz421/GlobalLocal/src/analysis/utils/general_utils.py:422: RuntimeWarning: Concatenation of Annotations within Epochs is not supported yet. All annotations will be dropped.
  event_epochs = mne.concatenate_epochs(combined_epochs)
/hpc/home/jz421/coganlab/jz421/GlobalLocal/src/analysis/utils/general_utils.py:422: RuntimeWarning: Concatenation of Annotations within Epochs is not supported yet. All annotations will be dropped.
  event_epochs = mne.concatenate_epochs(combined_epochs)
/hpc/home/jz421/coganlab/jz421/GlobalLocal/src/analysis/utils/general_utils.py:422: RuntimeWarning: Concatenation of Annotations within Epochs is not supported yet. All annotations will be dropped.
  event_epochs = mne.concatenate_epochs(combined_epochs)
/hpc/home/jz421/coganlab/jz421/GlobalLocal/src/analysis/utils/general_utils.py:422: RuntimeWarning: Concatenation of Annotations within Epochs is not supported yet. All annotations will be dropped.
  event_epochs = mne.concatenate_epochs(combined_epochs)
/hpc/home/jz421/coganlab/jz421/GlobalLocal/src/analysis/utils/general_utils.py:422: RuntimeWarning: Concatenation of Annotations within Epochs is not supported yet. All annotations will be dropped.
  event_epochs = mne.concatenate_epochs(combined_epochs)
/hpc/home/jz421/coganlab/jz421/GlobalLocal/src/analysis/utils/general_utils.py:422: RuntimeWarning: Concatenation of Annotations within Epochs is not supported yet. All annotations will be dropped.
  event_epochs = mne.concatenate_epochs(combined_epochs)
/hpc/home/jz421/coganlab/jz421/GlobalLocal/src/analysis/utils/general_utils.py:422: RuntimeWarning: Concatenation of Annotations within Epochs is not supported yet. All annotations will be dropped.
  event_epochs = mne.concatenate_epochs(combined_epochs)
/hpc/home/jz421/coganlab/jz421/GlobalLocal/src/analysis/utils/general_utils.py:422: RuntimeWarning: Concatenation of Annotations within Epochs is not supported yet. All annotations will be dropped.
  event_epochs = mne.concatenate_epochs(combined_epochs)
/hpc/home/jz421/coganlab/jz421/GlobalLocal/src/analysis/utils/general_utils.py:422: RuntimeWarning: Concatenation of Annotations within Epochs is not supported yet. All annotations will be dropped.
  event_epochs = mne.concatenate_epochs(combined_epochs)
/hpc/home/jz421/coganlab/jz421/GlobalLocal/src/analysis/utils/general_utils.py:422: RuntimeWarning: Concatenation of Annotations within Epochs is not supported yet. All annotations will be dropped.
  event_epochs = mne.concatenate_epochs(combined_epochs)
/hpc/home/jz421/coganlab/jz421/GlobalLocal/src/analysis/utils/general_utils.py:422: RuntimeWarning: Concatenation of Annotations within Epochs is not supported yet. All annotations will be dropped.
  event_epochs = mne.concatenate_epochs(combined_epochs)
/hpc/home/jz421/coganlab/jz421/GlobalLocal/src/analysis/utils/general_utils.py:422: RuntimeWarning: Concatenation of Annotations within Epochs is not supported yet. All annotations will be dropped.
  event_epochs = mne.concatenate_epochs(combined_epochs)
/hpc/home/jz421/coganlab/jz421/GlobalLocal/src/analysis/utils/general_utils.py:422: RuntimeWarning: Concatenation of Annotations within Epochs is not supported yet. All annotations will be dropped.
  event_epochs = mne.concatenate_epochs(combined_epochs)
/hpc/home/jz421/coganlab/jz421/GlobalLocal/src/analysis/utils/general_utils.py:422: RuntimeWarning: Concatenation of Annotations within Epochs is not supported yet. All annotations will be dropped.
  event_epochs = mne.concatenate_epochs(combined_epochs)
/hpc/home/jz421/coganlab/jz421/GlobalLocal/src/analysis/utils/general_utils.py:422: RuntimeWarning: Concatenation of Annotations within Epochs is not supported yet. All annotations will be dropped.
  event_epochs = mne.concatenate_epochs(combined_epochs)
/hpc/home/jz421/coganlab/jz421/GlobalLocal/src/analysis/utils/general_utils.py:422: RuntimeWarning: Concatenation of Annotations within Epochs is not supported yet. All annotations will be dropped.
  event_epochs = mne.concatenate_epochs(combined_epochs)
[Parallel(n_jobs=-1)]: Using backend LokyBackend with 20 concurrent workers.
Intel(R) Extension for Scikit-learn* enabled (https://github.com/intel/scikit-learn-intelex)
Intel(R) Extension for Scikit-learn* enabled (https://github.com/intel/scikit-learn-intelex)
Intel(R) Extension for Scikit-learn* enabled (https://github.com/intel/scikit-learn-intelex)
Intel(R) Extension for Scikit-learn* enabled (https://github.com/intel/scikit-learn-intelex)
Intel(R) Extension for Scikit-learn* enabled (https://github.com/intel/scikit-learn-intelex)
Intel(R) Extension for Scikit-learn* enabled (https://github.com/intel/scikit-learn-intelex)
Intel(R) Extension for Scikit-learn* enabled (https://github.com/intel/scikit-learn-intelex)
Intel(R) Extension for Scikit-learn* enabled (https://github.com/intel/scikit-learn-intelex)
Intel(R) Extension for Scikit-learn* enabled (https://github.com/intel/scikit-learn-intelex)
Intel(R) Extension for Scikit-learn* enabled (https://github.com/intel/scikit-learn-intelex)
Intel(R) Extension for Scikit-learn* enabled (https://github.com/intel/scikit-learn-intelex)
Intel(R) Extension for Scikit-learn* enabled (https://github.com/intel/scikit-learn-intelex)
Intel(R) Extension for Scikit-learn* enabled (https://github.com/intel/scikit-learn-intelex)
Intel(R) Extension for Scikit-learn* enabled (https://github.com/intel/scikit-learn-intelex)
Intel(R) Extension for Scikit-learn* enabled (https://github.com/intel/scikit-learn-intelex)
Intel(R) Extension for Scikit-learn* enabled (https://github.com/intel/scikit-learn-intelex)
Intel(R) Extension for Scikit-learn* enabled (https://github.com/intel/scikit-learn-intelex)
Intel(R) Extension for Scikit-learn* enabled (https://github.com/intel/scikit-learn-intelex)
Intel(R) Extension for Scikit-learn* enabled (https://github.com/intel/scikit-learn-intelex)
Intel(R) Extension for Scikit-learn* enabled (https://github.com/intel/scikit-learn-intelex)
slurmstepd: error: *** JOB 37778208 ON dcc-core-44 CANCELLED AT 2025-10-06T10:26:57 ***
