Intel(R) Extension for Scikit-learn* enabled (https://github.com/intel/scikit-learn-intelex)
/hpc/home/jz421/miniconda3/envs/ieeg/lib/python3.11/site-packages/ieeg/io.py:113: RuntimeWarning: The number of channels in the channels.tsv sidecar file (179) does not match the number of channels in the raw data file (178). Will not try to set channel names.
  new_raw = read_raw_bids(bids_path=BIDS_path, verbose=verbose)
/hpc/home/jz421/miniconda3/envs/ieeg/lib/python3.11/site-packages/ieeg/io.py:113: RuntimeWarning: Cannot set channel type for the following channels, as they are missing in the raw data: Trigger
  new_raw = read_raw_bids(bids_path=BIDS_path, verbose=verbose)
/hpc/home/jz421/miniconda3/envs/ieeg/lib/python3.11/site-packages/ieeg/io.py:113: RuntimeWarning: Omitted 228 annotation(s) that were outside data range.
  new_raw = read_raw_bids(bids_path=BIDS_path, verbose=verbose)
/hpc/home/jz421/miniconda3/envs/ieeg/lib/python3.11/site-packages/ieeg/io.py:113: RuntimeWarning: The number of channels in the channels.tsv sidecar file (179) does not match the number of channels in the raw data file (178). Will not try to set channel names.
  new_raw = read_raw_bids(bids_path=BIDS_path, verbose=verbose)
/hpc/home/jz421/miniconda3/envs/ieeg/lib/python3.11/site-packages/ieeg/io.py:113: RuntimeWarning: Cannot set channel type for the following channels, as they are missing in the raw data: Trigger
  new_raw = read_raw_bids(bids_path=BIDS_path, verbose=verbose)
/hpc/home/jz421/miniconda3/envs/ieeg/lib/python3.11/site-packages/ieeg/io.py:113: RuntimeWarning: Omitted 228 annotation(s) that were outside data range.
  new_raw = read_raw_bids(bids_path=BIDS_path, verbose=verbose)
/hpc/home/jz421/miniconda3/envs/ieeg/lib/python3.11/site-packages/ieeg/io.py:113: RuntimeWarning: The number of channels in the channels.tsv sidecar file (179) does not match the number of channels in the raw data file (178). Will not try to set channel names.
  new_raw = read_raw_bids(bids_path=BIDS_path, verbose=verbose)
/hpc/home/jz421/miniconda3/envs/ieeg/lib/python3.11/site-packages/ieeg/io.py:113: RuntimeWarning: Cannot set channel type for the following channels, as they are missing in the raw data: Trigger
  new_raw = read_raw_bids(bids_path=BIDS_path, verbose=verbose)
/hpc/home/jz421/miniconda3/envs/ieeg/lib/python3.11/site-packages/ieeg/io.py:113: RuntimeWarning: Omitted 226 annotation(s) that were outside data range.
  new_raw = read_raw_bids(bids_path=BIDS_path, verbose=verbose)
/hpc/home/jz421/miniconda3/envs/ieeg/lib/python3.11/site-packages/ieeg/io.py:113: RuntimeWarning: The number of channels in the channels.tsv sidecar file (179) does not match the number of channels in the raw data file (178). Will not try to set channel names.
  new_raw = read_raw_bids(bids_path=BIDS_path, verbose=verbose)
/hpc/home/jz421/miniconda3/envs/ieeg/lib/python3.11/site-packages/ieeg/io.py:113: RuntimeWarning: Cannot set channel type for the following channels, as they are missing in the raw data: Trigger
  new_raw = read_raw_bids(bids_path=BIDS_path, verbose=verbose)
/hpc/home/jz421/coganlab/jz421/GlobalLocal/src/analysis/utils/general_utils.py:1621: RuntimeWarning: Concatenation of Annotations within Epochs is not supported yet. All annotations will be dropped.
  all_trials = mne.concatenate_epochs(all_trials_list)
[Parallel(n_jobs=2)]: Using backend LokyBackend with 2 concurrent workers.
[Parallel(n_jobs=2)]: Done  16 tasks      | elapsed:  2.2min
[Parallel(n_jobs=2)]: Done  70 tasks      | elapsed:  9.3min
[Parallel(n_jobs=2)]: Done 160 tasks      | elapsed: 22.2min
[Parallel(n_jobs=2)]: Done 175 out of 175 | elapsed: 24.5min finished
/hpc/home/jz421/miniconda3/envs/ieeg/lib/python3.11/site-packages/ieeg/io.py:113: RuntimeWarning: The number of channels in the channels.tsv sidecar file (179) does not match the number of channels in the raw data file (178). Will not try to set channel names.
  new_raw = read_raw_bids(bids_path=BIDS_path, verbose=verbose)
/hpc/home/jz421/miniconda3/envs/ieeg/lib/python3.11/site-packages/ieeg/io.py:113: RuntimeWarning: Cannot set channel type for the following channels, as they are missing in the raw data: Trigger
  new_raw = read_raw_bids(bids_path=BIDS_path, verbose=verbose)
/hpc/home/jz421/miniconda3/envs/ieeg/lib/python3.11/site-packages/ieeg/io.py:113: RuntimeWarning: Omitted 228 annotation(s) that were outside data range.
  new_raw = read_raw_bids(bids_path=BIDS_path, verbose=verbose)
/hpc/home/jz421/miniconda3/envs/ieeg/lib/python3.11/site-packages/ieeg/io.py:113: RuntimeWarning: The number of channels in the channels.tsv sidecar file (179) does not match the number of channels in the raw data file (178). Will not try to set channel names.
  new_raw = read_raw_bids(bids_path=BIDS_path, verbose=verbose)
/hpc/home/jz421/miniconda3/envs/ieeg/lib/python3.11/site-packages/ieeg/io.py:113: RuntimeWarning: Cannot set channel type for the following channels, as they are missing in the raw data: Trigger
  new_raw = read_raw_bids(bids_path=BIDS_path, verbose=verbose)
/hpc/home/jz421/miniconda3/envs/ieeg/lib/python3.11/site-packages/ieeg/io.py:113: RuntimeWarning: Omitted 228 annotation(s) that were outside data range.
  new_raw = read_raw_bids(bids_path=BIDS_path, verbose=verbose)
/hpc/home/jz421/miniconda3/envs/ieeg/lib/python3.11/site-packages/ieeg/io.py:113: RuntimeWarning: The number of channels in the channels.tsv sidecar file (179) does not match the number of channels in the raw data file (178). Will not try to set channel names.
  new_raw = read_raw_bids(bids_path=BIDS_path, verbose=verbose)
/hpc/home/jz421/miniconda3/envs/ieeg/lib/python3.11/site-packages/ieeg/io.py:113: RuntimeWarning: Cannot set channel type for the following channels, as they are missing in the raw data: Trigger
  new_raw = read_raw_bids(bids_path=BIDS_path, verbose=verbose)
/hpc/home/jz421/miniconda3/envs/ieeg/lib/python3.11/site-packages/ieeg/io.py:113: RuntimeWarning: Omitted 226 annotation(s) that were outside data range.
  new_raw = read_raw_bids(bids_path=BIDS_path, verbose=verbose)
/hpc/home/jz421/miniconda3/envs/ieeg/lib/python3.11/site-packages/ieeg/io.py:113: RuntimeWarning: The number of channels in the channels.tsv sidecar file (179) does not match the number of channels in the raw data file (178). Will not try to set channel names.
  new_raw = read_raw_bids(bids_path=BIDS_path, verbose=verbose)
/hpc/home/jz421/miniconda3/envs/ieeg/lib/python3.11/site-packages/ieeg/io.py:113: RuntimeWarning: Cannot set channel type for the following channels, as they are missing in the raw data: Trigger
  new_raw = read_raw_bids(bids_path=BIDS_path, verbose=verbose)
/hpc/home/jz421/coganlab/jz421/GlobalLocal/src/analysis/utils/general_utils.py:1621: RuntimeWarning: Concatenation of Annotations within Epochs is not supported yet. All annotations will be dropped.
  all_trials = mne.concatenate_epochs(all_trials_list)
[Parallel(n_jobs=2)]: Using backend LokyBackend with 2 concurrent workers.
[Parallel(n_jobs=2)]: Done  16 tasks      | elapsed:  2.4min
[Parallel(n_jobs=2)]: Done  70 tasks      | elapsed:  9.7min
[Parallel(n_jobs=2)]: Done 160 tasks      | elapsed: 22.0min
[Parallel(n_jobs=2)]: Done 175 out of 175 | elapsed: 24.0min finished
/hpc/home/jz421/miniconda3/envs/ieeg/lib/python3.11/site-packages/ieeg/io.py:113: RuntimeWarning: The number of channels in the channels.tsv sidecar file (185) does not match the number of channels in the raw data file (184). Will not try to set channel names.
  new_raw = read_raw_bids(bids_path=BIDS_path, verbose=verbose)
/hpc/home/jz421/miniconda3/envs/ieeg/lib/python3.11/site-packages/ieeg/io.py:113: RuntimeWarning: Cannot set channel type for the following channels, as they are missing in the raw data: Trigger
  new_raw = read_raw_bids(bids_path=BIDS_path, verbose=verbose)
/hpc/home/jz421/miniconda3/envs/ieeg/lib/python3.11/site-packages/ieeg/io.py:113: RuntimeWarning: Omitted 228 annotation(s) that were outside data range.
  new_raw = read_raw_bids(bids_path=BIDS_path, verbose=verbose)
/hpc/home/jz421/miniconda3/envs/ieeg/lib/python3.11/site-packages/ieeg/io.py:113: RuntimeWarning: The number of channels in the channels.tsv sidecar file (185) does not match the number of channels in the raw data file (184). Will not try to set channel names.
  new_raw = read_raw_bids(bids_path=BIDS_path, verbose=verbose)
/hpc/home/jz421/miniconda3/envs/ieeg/lib/python3.11/site-packages/ieeg/io.py:113: RuntimeWarning: Cannot set channel type for the following channels, as they are missing in the raw data: Trigger
  new_raw = read_raw_bids(bids_path=BIDS_path, verbose=verbose)
/hpc/home/jz421/miniconda3/envs/ieeg/lib/python3.11/site-packages/ieeg/io.py:113: RuntimeWarning: Omitted 228 annotation(s) that were outside data range.
  new_raw = read_raw_bids(bids_path=BIDS_path, verbose=verbose)
/hpc/home/jz421/miniconda3/envs/ieeg/lib/python3.11/site-packages/ieeg/io.py:113: RuntimeWarning: The number of channels in the channels.tsv sidecar file (185) does not match the number of channels in the raw data file (184). Will not try to set channel names.
  new_raw = read_raw_bids(bids_path=BIDS_path, verbose=verbose)
/hpc/home/jz421/miniconda3/envs/ieeg/lib/python3.11/site-packages/ieeg/io.py:113: RuntimeWarning: Cannot set channel type for the following channels, as they are missing in the raw data: Trigger
  new_raw = read_raw_bids(bids_path=BIDS_path, verbose=verbose)
/hpc/home/jz421/miniconda3/envs/ieeg/lib/python3.11/site-packages/ieeg/io.py:113: RuntimeWarning: Omitted 226 annotation(s) that were outside data range.
  new_raw = read_raw_bids(bids_path=BIDS_path, verbose=verbose)
/hpc/home/jz421/miniconda3/envs/ieeg/lib/python3.11/site-packages/ieeg/io.py:113: RuntimeWarning: The number of channels in the channels.tsv sidecar file (185) does not match the number of channels in the raw data file (184). Will not try to set channel names.
  new_raw = read_raw_bids(bids_path=BIDS_path, verbose=verbose)
/hpc/home/jz421/miniconda3/envs/ieeg/lib/python3.11/site-packages/ieeg/io.py:113: RuntimeWarning: Cannot set channel type for the following channels, as they are missing in the raw data: Trigger
  new_raw = read_raw_bids(bids_path=BIDS_path, verbose=verbose)
/hpc/home/jz421/coganlab/jz421/GlobalLocal/src/analysis/utils/general_utils.py:1621: RuntimeWarning: Concatenation of Annotations within Epochs is not supported yet. All annotations will be dropped.
  all_trials = mne.concatenate_epochs(all_trials_list)
[Parallel(n_jobs=2)]: Using backend LokyBackend with 2 concurrent workers.
[Parallel(n_jobs=2)]: Done  16 tasks      | elapsed:  2.3min
[Parallel(n_jobs=2)]: Done  70 tasks      | elapsed: 10.6min
[Parallel(n_jobs=2)]: Done 160 tasks      | elapsed: 23.5min
[Parallel(n_jobs=2)]: Done 178 out of 178 | elapsed: 26.1min finished
/hpc/home/jz421/miniconda3/envs/ieeg/lib/python3.11/site-packages/ieeg/io.py:113: RuntimeWarning: The number of channels in the channels.tsv sidecar file (185) does not match the number of channels in the raw data file (184). Will not try to set channel names.
  new_raw = read_raw_bids(bids_path=BIDS_path, verbose=verbose)
/hpc/home/jz421/miniconda3/envs/ieeg/lib/python3.11/site-packages/ieeg/io.py:113: RuntimeWarning: Cannot set channel type for the following channels, as they are missing in the raw data: Trigger
  new_raw = read_raw_bids(bids_path=BIDS_path, verbose=verbose)
/hpc/home/jz421/miniconda3/envs/ieeg/lib/python3.11/site-packages/ieeg/io.py:113: RuntimeWarning: Omitted 228 annotation(s) that were outside data range.
  new_raw = read_raw_bids(bids_path=BIDS_path, verbose=verbose)
/hpc/home/jz421/miniconda3/envs/ieeg/lib/python3.11/site-packages/ieeg/io.py:113: RuntimeWarning: The number of channels in the channels.tsv sidecar file (185) does not match the number of channels in the raw data file (184). Will not try to set channel names.
  new_raw = read_raw_bids(bids_path=BIDS_path, verbose=verbose)
/hpc/home/jz421/miniconda3/envs/ieeg/lib/python3.11/site-packages/ieeg/io.py:113: RuntimeWarning: Cannot set channel type for the following channels, as they are missing in the raw data: Trigger
  new_raw = read_raw_bids(bids_path=BIDS_path, verbose=verbose)
/hpc/home/jz421/miniconda3/envs/ieeg/lib/python3.11/site-packages/ieeg/io.py:113: RuntimeWarning: Omitted 228 annotation(s) that were outside data range.
  new_raw = read_raw_bids(bids_path=BIDS_path, verbose=verbose)
/hpc/home/jz421/miniconda3/envs/ieeg/lib/python3.11/site-packages/ieeg/io.py:113: RuntimeWarning: The number of channels in the channels.tsv sidecar file (185) does not match the number of channels in the raw data file (184). Will not try to set channel names.
  new_raw = read_raw_bids(bids_path=BIDS_path, verbose=verbose)
/hpc/home/jz421/miniconda3/envs/ieeg/lib/python3.11/site-packages/ieeg/io.py:113: RuntimeWarning: Cannot set channel type for the following channels, as they are missing in the raw data: Trigger
  new_raw = read_raw_bids(bids_path=BIDS_path, verbose=verbose)
/hpc/home/jz421/miniconda3/envs/ieeg/lib/python3.11/site-packages/ieeg/io.py:113: RuntimeWarning: Omitted 226 annotation(s) that were outside data range.
  new_raw = read_raw_bids(bids_path=BIDS_path, verbose=verbose)
/hpc/home/jz421/miniconda3/envs/ieeg/lib/python3.11/site-packages/ieeg/io.py:113: RuntimeWarning: The number of channels in the channels.tsv sidecar file (185) does not match the number of channels in the raw data file (184). Will not try to set channel names.
  new_raw = read_raw_bids(bids_path=BIDS_path, verbose=verbose)
/hpc/home/jz421/miniconda3/envs/ieeg/lib/python3.11/site-packages/ieeg/io.py:113: RuntimeWarning: Cannot set channel type for the following channels, as they are missing in the raw data: Trigger
  new_raw = read_raw_bids(bids_path=BIDS_path, verbose=verbose)
/hpc/home/jz421/coganlab/jz421/GlobalLocal/src/analysis/utils/general_utils.py:1621: RuntimeWarning: Concatenation of Annotations within Epochs is not supported yet. All annotations will be dropped.
  all_trials = mne.concatenate_epochs(all_trials_list)
[Parallel(n_jobs=2)]: Using backend LokyBackend with 2 concurrent workers.
[Parallel(n_jobs=2)]: Done  16 tasks      | elapsed:  2.3min
[Parallel(n_jobs=2)]: Done  70 tasks      | elapsed:  9.9min
[Parallel(n_jobs=2)]: Done 160 tasks      | elapsed: 22.7min
[Parallel(n_jobs=2)]: Done 178 out of 178 | elapsed: 25.5min finished
/hpc/home/jz421/miniconda3/envs/ieeg/lib/python3.11/site-packages/ieeg/io.py:113: RuntimeWarning: The number of channels in the channels.tsv sidecar file (241) does not match the number of channels in the raw data file (240). Will not try to set channel names.
  new_raw = read_raw_bids(bids_path=BIDS_path, verbose=verbose)
/hpc/home/jz421/miniconda3/envs/ieeg/lib/python3.11/site-packages/ieeg/io.py:113: RuntimeWarning: Cannot set channel type for the following channels, as they are missing in the raw data: Trigger
  new_raw = read_raw_bids(bids_path=BIDS_path, verbose=verbose)
/hpc/home/jz421/miniconda3/envs/ieeg/lib/python3.11/site-packages/ieeg/io.py:113: RuntimeWarning: Omitted 227 annotation(s) that were outside data range.
  new_raw = read_raw_bids(bids_path=BIDS_path, verbose=verbose)
/hpc/home/jz421/miniconda3/envs/ieeg/lib/python3.11/site-packages/ieeg/io.py:113: RuntimeWarning: The number of channels in the channels.tsv sidecar file (241) does not match the number of channels in the raw data file (240). Will not try to set channel names.
  new_raw = read_raw_bids(bids_path=BIDS_path, verbose=verbose)
/hpc/home/jz421/miniconda3/envs/ieeg/lib/python3.11/site-packages/ieeg/io.py:113: RuntimeWarning: Cannot set channel type for the following channels, as they are missing in the raw data: Trigger
  new_raw = read_raw_bids(bids_path=BIDS_path, verbose=verbose)
/hpc/home/jz421/miniconda3/envs/ieeg/lib/python3.11/site-packages/ieeg/io.py:113: RuntimeWarning: Omitted 228 annotation(s) that were outside data range.
  new_raw = read_raw_bids(bids_path=BIDS_path, verbose=verbose)
/hpc/home/jz421/miniconda3/envs/ieeg/lib/python3.11/site-packages/ieeg/io.py:113: RuntimeWarning: The number of channels in the channels.tsv sidecar file (241) does not match the number of channels in the raw data file (240). Will not try to set channel names.
  new_raw = read_raw_bids(bids_path=BIDS_path, verbose=verbose)
/hpc/home/jz421/miniconda3/envs/ieeg/lib/python3.11/site-packages/ieeg/io.py:113: RuntimeWarning: Cannot set channel type for the following channels, as they are missing in the raw data: Trigger
  new_raw = read_raw_bids(bids_path=BIDS_path, verbose=verbose)
/hpc/home/jz421/miniconda3/envs/ieeg/lib/python3.11/site-packages/ieeg/io.py:113: RuntimeWarning: Omitted 220 annotation(s) that were outside data range.
  new_raw = read_raw_bids(bids_path=BIDS_path, verbose=verbose)
/hpc/home/jz421/miniconda3/envs/ieeg/lib/python3.11/site-packages/ieeg/io.py:113: RuntimeWarning: The number of channels in the channels.tsv sidecar file (241) does not match the number of channels in the raw data file (240). Will not try to set channel names.
  new_raw = read_raw_bids(bids_path=BIDS_path, verbose=verbose)
/hpc/home/jz421/miniconda3/envs/ieeg/lib/python3.11/site-packages/ieeg/io.py:113: RuntimeWarning: Cannot set channel type for the following channels, as they are missing in the raw data: Trigger
  new_raw = read_raw_bids(bids_path=BIDS_path, verbose=verbose)
/hpc/home/jz421/coganlab/jz421/GlobalLocal/src/analysis/utils/general_utils.py:1621: RuntimeWarning: Concatenation of Annotations within Epochs is not supported yet. All annotations will be dropped.
  all_trials = mne.concatenate_epochs(all_trials_list)
[Parallel(n_jobs=2)]: Using backend LokyBackend with 2 concurrent workers.
[Parallel(n_jobs=2)]: Done  16 tasks      | elapsed:  2.5min
[Parallel(n_jobs=2)]: Done  70 tasks      | elapsed: 15.9min
[Parallel(n_jobs=2)]: Done 160 tasks      | elapsed: 39.2min
[Parallel(n_jobs=2)]: Done 234 out of 234 | elapsed: 57.1min finished
/hpc/home/jz421/miniconda3/envs/ieeg/lib/python3.11/site-packages/ieeg/io.py:113: RuntimeWarning: The number of channels in the channels.tsv sidecar file (241) does not match the number of channels in the raw data file (240). Will not try to set channel names.
  new_raw = read_raw_bids(bids_path=BIDS_path, verbose=verbose)
/hpc/home/jz421/miniconda3/envs/ieeg/lib/python3.11/site-packages/ieeg/io.py:113: RuntimeWarning: Cannot set channel type for the following channels, as they are missing in the raw data: Trigger
  new_raw = read_raw_bids(bids_path=BIDS_path, verbose=verbose)
/hpc/home/jz421/miniconda3/envs/ieeg/lib/python3.11/site-packages/ieeg/io.py:113: RuntimeWarning: Omitted 227 annotation(s) that were outside data range.
  new_raw = read_raw_bids(bids_path=BIDS_path, verbose=verbose)
/hpc/home/jz421/miniconda3/envs/ieeg/lib/python3.11/site-packages/ieeg/io.py:113: RuntimeWarning: The number of channels in the channels.tsv sidecar file (241) does not match the number of channels in the raw data file (240). Will not try to set channel names.
  new_raw = read_raw_bids(bids_path=BIDS_path, verbose=verbose)
/hpc/home/jz421/miniconda3/envs/ieeg/lib/python3.11/site-packages/ieeg/io.py:113: RuntimeWarning: Cannot set channel type for the following channels, as they are missing in the raw data: Trigger
  new_raw = read_raw_bids(bids_path=BIDS_path, verbose=verbose)
/hpc/home/jz421/miniconda3/envs/ieeg/lib/python3.11/site-packages/ieeg/io.py:113: RuntimeWarning: Omitted 228 annotation(s) that were outside data range.
  new_raw = read_raw_bids(bids_path=BIDS_path, verbose=verbose)
/hpc/home/jz421/miniconda3/envs/ieeg/lib/python3.11/site-packages/ieeg/io.py:113: RuntimeWarning: The number of channels in the channels.tsv sidecar file (241) does not match the number of channels in the raw data file (240). Will not try to set channel names.
  new_raw = read_raw_bids(bids_path=BIDS_path, verbose=verbose)
/hpc/home/jz421/miniconda3/envs/ieeg/lib/python3.11/site-packages/ieeg/io.py:113: RuntimeWarning: Cannot set channel type for the following channels, as they are missing in the raw data: Trigger
  new_raw = read_raw_bids(bids_path=BIDS_path, verbose=verbose)
/hpc/home/jz421/miniconda3/envs/ieeg/lib/python3.11/site-packages/ieeg/io.py:113: RuntimeWarning: Omitted 220 annotation(s) that were outside data range.
  new_raw = read_raw_bids(bids_path=BIDS_path, verbose=verbose)
/hpc/home/jz421/miniconda3/envs/ieeg/lib/python3.11/site-packages/ieeg/io.py:113: RuntimeWarning: The number of channels in the channels.tsv sidecar file (241) does not match the number of channels in the raw data file (240). Will not try to set channel names.
  new_raw = read_raw_bids(bids_path=BIDS_path, verbose=verbose)
/hpc/home/jz421/miniconda3/envs/ieeg/lib/python3.11/site-packages/ieeg/io.py:113: RuntimeWarning: Cannot set channel type for the following channels, as they are missing in the raw data: Trigger
  new_raw = read_raw_bids(bids_path=BIDS_path, verbose=verbose)
/hpc/home/jz421/coganlab/jz421/GlobalLocal/src/analysis/utils/general_utils.py:1621: RuntimeWarning: Concatenation of Annotations within Epochs is not supported yet. All annotations will be dropped.
  all_trials = mne.concatenate_epochs(all_trials_list)
[Parallel(n_jobs=2)]: Using backend LokyBackend with 2 concurrent workers.
[Parallel(n_jobs=2)]: Done  16 tasks      | elapsed:  3.6min
[Parallel(n_jobs=2)]: Done  70 tasks      | elapsed: 16.1min
[Parallel(n_jobs=2)]: Done 160 tasks      | elapsed: 39.6min
[Parallel(n_jobs=2)]: Done 234 out of 234 | elapsed: 59.1min finished
/hpc/home/jz421/miniconda3/envs/ieeg/lib/python3.11/site-packages/ieeg/io.py:113: RuntimeWarning: The number of channels in the channels.tsv sidecar file (221) does not match the number of channels in the raw data file (220). Will not try to set channel names.
  new_raw = read_raw_bids(bids_path=BIDS_path, verbose=verbose)
/hpc/home/jz421/miniconda3/envs/ieeg/lib/python3.11/site-packages/ieeg/io.py:113: RuntimeWarning: Cannot set channel type for the following channels, as they are missing in the raw data: Trigger
  new_raw = read_raw_bids(bids_path=BIDS_path, verbose=verbose)
/hpc/home/jz421/miniconda3/envs/ieeg/lib/python3.11/site-packages/ieeg/io.py:113: RuntimeWarning: Omitted 217 annotation(s) that were outside data range.
  new_raw = read_raw_bids(bids_path=BIDS_path, verbose=verbose)
/hpc/home/jz421/miniconda3/envs/ieeg/lib/python3.11/site-packages/ieeg/io.py:113: RuntimeWarning: The number of channels in the channels.tsv sidecar file (221) does not match the number of channels in the raw data file (220). Will not try to set channel names.
  new_raw = read_raw_bids(bids_path=BIDS_path, verbose=verbose)
/hpc/home/jz421/miniconda3/envs/ieeg/lib/python3.11/site-packages/ieeg/io.py:113: RuntimeWarning: Cannot set channel type for the following channels, as they are missing in the raw data: Trigger
  new_raw = read_raw_bids(bids_path=BIDS_path, verbose=verbose)
/hpc/home/jz421/miniconda3/envs/ieeg/lib/python3.11/site-packages/ieeg/io.py:113: RuntimeWarning: Omitted 225 annotation(s) that were outside data range.
  new_raw = read_raw_bids(bids_path=BIDS_path, verbose=verbose)
/hpc/home/jz421/miniconda3/envs/ieeg/lib/python3.11/site-packages/ieeg/io.py:113: RuntimeWarning: The number of channels in the channels.tsv sidecar file (221) does not match the number of channels in the raw data file (220). Will not try to set channel names.
  new_raw = read_raw_bids(bids_path=BIDS_path, verbose=verbose)
/hpc/home/jz421/miniconda3/envs/ieeg/lib/python3.11/site-packages/ieeg/io.py:113: RuntimeWarning: Cannot set channel type for the following channels, as they are missing in the raw data: Trigger
  new_raw = read_raw_bids(bids_path=BIDS_path, verbose=verbose)
/hpc/home/jz421/miniconda3/envs/ieeg/lib/python3.11/site-packages/ieeg/io.py:113: RuntimeWarning: Omitted 222 annotation(s) that were outside data range.
  new_raw = read_raw_bids(bids_path=BIDS_path, verbose=verbose)
/hpc/home/jz421/miniconda3/envs/ieeg/lib/python3.11/site-packages/ieeg/io.py:113: RuntimeWarning: The number of channels in the channels.tsv sidecar file (221) does not match the number of channels in the raw data file (220). Will not try to set channel names.
  new_raw = read_raw_bids(bids_path=BIDS_path, verbose=verbose)
/hpc/home/jz421/miniconda3/envs/ieeg/lib/python3.11/site-packages/ieeg/io.py:113: RuntimeWarning: Cannot set channel type for the following channels, as they are missing in the raw data: Trigger
  new_raw = read_raw_bids(bids_path=BIDS_path, verbose=verbose)
/hpc/home/jz421/coganlab/jz421/GlobalLocal/src/analysis/utils/general_utils.py:1621: RuntimeWarning: Concatenation of Annotations within Epochs is not supported yet. All annotations will be dropped.
  all_trials = mne.concatenate_epochs(all_trials_list)
[Parallel(n_jobs=2)]: Using backend LokyBackend with 2 concurrent workers.
[Parallel(n_jobs=2)]: Done  16 tasks      | elapsed:  1.7min
[Parallel(n_jobs=2)]: Done  70 tasks      | elapsed:  7.3min
[Parallel(n_jobs=2)]: Done 160 tasks      | elapsed: 17.7min
[Parallel(n_jobs=2)]: Done 216 out of 216 | elapsed: 23.2min finished
/hpc/home/jz421/miniconda3/envs/ieeg/lib/python3.11/site-packages/ieeg/io.py:113: RuntimeWarning: The number of channels in the channels.tsv sidecar file (221) does not match the number of channels in the raw data file (220). Will not try to set channel names.
  new_raw = read_raw_bids(bids_path=BIDS_path, verbose=verbose)
/hpc/home/jz421/miniconda3/envs/ieeg/lib/python3.11/site-packages/ieeg/io.py:113: RuntimeWarning: Cannot set channel type for the following channels, as they are missing in the raw data: Trigger
  new_raw = read_raw_bids(bids_path=BIDS_path, verbose=verbose)
/hpc/home/jz421/miniconda3/envs/ieeg/lib/python3.11/site-packages/ieeg/io.py:113: RuntimeWarning: Omitted 217 annotation(s) that were outside data range.
  new_raw = read_raw_bids(bids_path=BIDS_path, verbose=verbose)
/hpc/home/jz421/miniconda3/envs/ieeg/lib/python3.11/site-packages/ieeg/io.py:113: RuntimeWarning: The number of channels in the channels.tsv sidecar file (221) does not match the number of channels in the raw data file (220). Will not try to set channel names.
  new_raw = read_raw_bids(bids_path=BIDS_path, verbose=verbose)
/hpc/home/jz421/miniconda3/envs/ieeg/lib/python3.11/site-packages/ieeg/io.py:113: RuntimeWarning: Cannot set channel type for the following channels, as they are missing in the raw data: Trigger
  new_raw = read_raw_bids(bids_path=BIDS_path, verbose=verbose)
/hpc/home/jz421/miniconda3/envs/ieeg/lib/python3.11/site-packages/ieeg/io.py:113: RuntimeWarning: Omitted 225 annotation(s) that were outside data range.
  new_raw = read_raw_bids(bids_path=BIDS_path, verbose=verbose)
/hpc/home/jz421/miniconda3/envs/ieeg/lib/python3.11/site-packages/ieeg/io.py:113: RuntimeWarning: The number of channels in the channels.tsv sidecar file (221) does not match the number of channels in the raw data file (220). Will not try to set channel names.
  new_raw = read_raw_bids(bids_path=BIDS_path, verbose=verbose)
/hpc/home/jz421/miniconda3/envs/ieeg/lib/python3.11/site-packages/ieeg/io.py:113: RuntimeWarning: Cannot set channel type for the following channels, as they are missing in the raw data: Trigger
  new_raw = read_raw_bids(bids_path=BIDS_path, verbose=verbose)
/hpc/home/jz421/miniconda3/envs/ieeg/lib/python3.11/site-packages/ieeg/io.py:113: RuntimeWarning: Omitted 222 annotation(s) that were outside data range.
  new_raw = read_raw_bids(bids_path=BIDS_path, verbose=verbose)
/hpc/home/jz421/miniconda3/envs/ieeg/lib/python3.11/site-packages/ieeg/io.py:113: RuntimeWarning: The number of channels in the channels.tsv sidecar file (221) does not match the number of channels in the raw data file (220). Will not try to set channel names.
  new_raw = read_raw_bids(bids_path=BIDS_path, verbose=verbose)
/hpc/home/jz421/miniconda3/envs/ieeg/lib/python3.11/site-packages/ieeg/io.py:113: RuntimeWarning: Cannot set channel type for the following channels, as they are missing in the raw data: Trigger
  new_raw = read_raw_bids(bids_path=BIDS_path, verbose=verbose)
/hpc/home/jz421/coganlab/jz421/GlobalLocal/src/analysis/utils/general_utils.py:1621: RuntimeWarning: Concatenation of Annotations within Epochs is not supported yet. All annotations will be dropped.
  all_trials = mne.concatenate_epochs(all_trials_list)
[Parallel(n_jobs=2)]: Using backend LokyBackend with 2 concurrent workers.
[Parallel(n_jobs=2)]: Done  16 tasks      | elapsed:  1.8min
[Parallel(n_jobs=2)]: Done  70 tasks      | elapsed:  7.9min
[Parallel(n_jobs=2)]: Done 160 tasks      | elapsed: 18.1min
[Parallel(n_jobs=2)]: Done 216 out of 216 | elapsed: 24.4min finished
/hpc/home/jz421/miniconda3/envs/ieeg/lib/python3.11/site-packages/ieeg/io.py:113: RuntimeWarning: The number of channels in the channels.tsv sidecar file (133) does not match the number of channels in the raw data file (132). Will not try to set channel names.
  new_raw = read_raw_bids(bids_path=BIDS_path, verbose=verbose)
/hpc/home/jz421/miniconda3/envs/ieeg/lib/python3.11/site-packages/ieeg/io.py:113: RuntimeWarning: Cannot set channel type for the following channels, as they are missing in the raw data: Trigger
  new_raw = read_raw_bids(bids_path=BIDS_path, verbose=verbose)
/hpc/home/jz421/miniconda3/envs/ieeg/lib/python3.11/site-packages/ieeg/io.py:113: RuntimeWarning: Omitted 224 annotation(s) that were outside data range.
  new_raw = read_raw_bids(bids_path=BIDS_path, verbose=verbose)
/hpc/home/jz421/miniconda3/envs/ieeg/lib/python3.11/site-packages/ieeg/io.py:113: RuntimeWarning: The number of channels in the channels.tsv sidecar file (133) does not match the number of channels in the raw data file (132). Will not try to set channel names.
  new_raw = read_raw_bids(bids_path=BIDS_path, verbose=verbose)
/hpc/home/jz421/miniconda3/envs/ieeg/lib/python3.11/site-packages/ieeg/io.py:113: RuntimeWarning: Cannot set channel type for the following channels, as they are missing in the raw data: Trigger
  new_raw = read_raw_bids(bids_path=BIDS_path, verbose=verbose)
/hpc/home/jz421/miniconda3/envs/ieeg/lib/python3.11/site-packages/ieeg/io.py:113: RuntimeWarning: Omitted 224 annotation(s) that were outside data range.
  new_raw = read_raw_bids(bids_path=BIDS_path, verbose=verbose)
/hpc/home/jz421/miniconda3/envs/ieeg/lib/python3.11/site-packages/ieeg/io.py:113: RuntimeWarning: The number of channels in the channels.tsv sidecar file (133) does not match the number of channels in the raw data file (132). Will not try to set channel names.
  new_raw = read_raw_bids(bids_path=BIDS_path, verbose=verbose)
/hpc/home/jz421/miniconda3/envs/ieeg/lib/python3.11/site-packages/ieeg/io.py:113: RuntimeWarning: Cannot set channel type for the following channels, as they are missing in the raw data: Trigger
  new_raw = read_raw_bids(bids_path=BIDS_path, verbose=verbose)
/hpc/home/jz421/miniconda3/envs/ieeg/lib/python3.11/site-packages/ieeg/io.py:113: RuntimeWarning: Omitted 214 annotation(s) that were outside data range.
  new_raw = read_raw_bids(bids_path=BIDS_path, verbose=verbose)
/hpc/home/jz421/miniconda3/envs/ieeg/lib/python3.11/site-packages/ieeg/io.py:113: RuntimeWarning: The number of channels in the channels.tsv sidecar file (133) does not match the number of channels in the raw data file (132). Will not try to set channel names.
  new_raw = read_raw_bids(bids_path=BIDS_path, verbose=verbose)
/hpc/home/jz421/miniconda3/envs/ieeg/lib/python3.11/site-packages/ieeg/io.py:113: RuntimeWarning: Cannot set channel type for the following channels, as they are missing in the raw data: Trigger
  new_raw = read_raw_bids(bids_path=BIDS_path, verbose=verbose)
/hpc/home/jz421/coganlab/jz421/GlobalLocal/src/analysis/utils/general_utils.py:1621: RuntimeWarning: Concatenation of Annotations within Epochs is not supported yet. All annotations will be dropped.
  all_trials = mne.concatenate_epochs(all_trials_list)
[Parallel(n_jobs=2)]: Using backend LokyBackend with 2 concurrent workers.
[Parallel(n_jobs=2)]: Done  16 tasks      | elapsed:  1.6min
[Parallel(n_jobs=2)]: Done  70 tasks      | elapsed:  7.0min
[Parallel(n_jobs=2)]: Done 128 out of 128 | elapsed: 12.8min finished
/hpc/home/jz421/miniconda3/envs/ieeg/lib/python3.11/site-packages/ieeg/io.py:113: RuntimeWarning: The number of channels in the channels.tsv sidecar file (133) does not match the number of channels in the raw data file (132). Will not try to set channel names.
  new_raw = read_raw_bids(bids_path=BIDS_path, verbose=verbose)
/hpc/home/jz421/miniconda3/envs/ieeg/lib/python3.11/site-packages/ieeg/io.py:113: RuntimeWarning: Cannot set channel type for the following channels, as they are missing in the raw data: Trigger
  new_raw = read_raw_bids(bids_path=BIDS_path, verbose=verbose)
/hpc/home/jz421/miniconda3/envs/ieeg/lib/python3.11/site-packages/ieeg/io.py:113: RuntimeWarning: Omitted 224 annotation(s) that were outside data range.
  new_raw = read_raw_bids(bids_path=BIDS_path, verbose=verbose)
/hpc/home/jz421/miniconda3/envs/ieeg/lib/python3.11/site-packages/ieeg/io.py:113: RuntimeWarning: The number of channels in the channels.tsv sidecar file (133) does not match the number of channels in the raw data file (132). Will not try to set channel names.
  new_raw = read_raw_bids(bids_path=BIDS_path, verbose=verbose)
/hpc/home/jz421/miniconda3/envs/ieeg/lib/python3.11/site-packages/ieeg/io.py:113: RuntimeWarning: Cannot set channel type for the following channels, as they are missing in the raw data: Trigger
  new_raw = read_raw_bids(bids_path=BIDS_path, verbose=verbose)
/hpc/home/jz421/miniconda3/envs/ieeg/lib/python3.11/site-packages/ieeg/io.py:113: RuntimeWarning: Omitted 224 annotation(s) that were outside data range.
  new_raw = read_raw_bids(bids_path=BIDS_path, verbose=verbose)
/hpc/home/jz421/miniconda3/envs/ieeg/lib/python3.11/site-packages/ieeg/io.py:113: RuntimeWarning: The number of channels in the channels.tsv sidecar file (133) does not match the number of channels in the raw data file (132). Will not try to set channel names.
  new_raw = read_raw_bids(bids_path=BIDS_path, verbose=verbose)
/hpc/home/jz421/miniconda3/envs/ieeg/lib/python3.11/site-packages/ieeg/io.py:113: RuntimeWarning: Cannot set channel type for the following channels, as they are missing in the raw data: Trigger
  new_raw = read_raw_bids(bids_path=BIDS_path, verbose=verbose)
/hpc/home/jz421/miniconda3/envs/ieeg/lib/python3.11/site-packages/ieeg/io.py:113: RuntimeWarning: Omitted 214 annotation(s) that were outside data range.
  new_raw = read_raw_bids(bids_path=BIDS_path, verbose=verbose)
/hpc/home/jz421/miniconda3/envs/ieeg/lib/python3.11/site-packages/ieeg/io.py:113: RuntimeWarning: The number of channels in the channels.tsv sidecar file (133) does not match the number of channels in the raw data file (132). Will not try to set channel names.
  new_raw = read_raw_bids(bids_path=BIDS_path, verbose=verbose)
/hpc/home/jz421/miniconda3/envs/ieeg/lib/python3.11/site-packages/ieeg/io.py:113: RuntimeWarning: Cannot set channel type for the following channels, as they are missing in the raw data: Trigger
  new_raw = read_raw_bids(bids_path=BIDS_path, verbose=verbose)
/hpc/home/jz421/coganlab/jz421/GlobalLocal/src/analysis/utils/general_utils.py:1621: RuntimeWarning: Concatenation of Annotations within Epochs is not supported yet. All annotations will be dropped.
  all_trials = mne.concatenate_epochs(all_trials_list)
[Parallel(n_jobs=2)]: Using backend LokyBackend with 2 concurrent workers.
[Parallel(n_jobs=2)]: Done  16 tasks      | elapsed:  1.9min
[Parallel(n_jobs=2)]: Done  70 tasks      | elapsed:  8.3min
[Parallel(n_jobs=2)]: Done 128 out of 128 | elapsed: 15.1min finished
/hpc/home/jz421/miniconda3/envs/ieeg/lib/python3.11/site-packages/ieeg/io.py:113: RuntimeWarning: The number of channels in the channels.tsv sidecar file (163) does not match the number of channels in the raw data file (162). Will not try to set channel names.
  new_raw = read_raw_bids(bids_path=BIDS_path, verbose=verbose)
/hpc/home/jz421/miniconda3/envs/ieeg/lib/python3.11/site-packages/ieeg/io.py:113: RuntimeWarning: Cannot set channel type for the following channels, as they are missing in the raw data: Trigger
  new_raw = read_raw_bids(bids_path=BIDS_path, verbose=verbose)
/hpc/home/jz421/miniconda3/envs/ieeg/lib/python3.11/site-packages/ieeg/io.py:113: RuntimeWarning: Omitted 228 annotation(s) that were outside data range.
  new_raw = read_raw_bids(bids_path=BIDS_path, verbose=verbose)
/hpc/home/jz421/miniconda3/envs/ieeg/lib/python3.11/site-packages/ieeg/io.py:113: RuntimeWarning: The number of channels in the channels.tsv sidecar file (163) does not match the number of channels in the raw data file (162). Will not try to set channel names.
  new_raw = read_raw_bids(bids_path=BIDS_path, verbose=verbose)
/hpc/home/jz421/miniconda3/envs/ieeg/lib/python3.11/site-packages/ieeg/io.py:113: RuntimeWarning: Cannot set channel type for the following channels, as they are missing in the raw data: Trigger
  new_raw = read_raw_bids(bids_path=BIDS_path, verbose=verbose)
/hpc/home/jz421/miniconda3/envs/ieeg/lib/python3.11/site-packages/ieeg/io.py:113: RuntimeWarning: Omitted 228 annotation(s) that were outside data range.
  new_raw = read_raw_bids(bids_path=BIDS_path, verbose=verbose)
/hpc/home/jz421/miniconda3/envs/ieeg/lib/python3.11/site-packages/ieeg/io.py:113: RuntimeWarning: The number of channels in the channels.tsv sidecar file (163) does not match the number of channels in the raw data file (162). Will not try to set channel names.
  new_raw = read_raw_bids(bids_path=BIDS_path, verbose=verbose)
/hpc/home/jz421/miniconda3/envs/ieeg/lib/python3.11/site-packages/ieeg/io.py:113: RuntimeWarning: Cannot set channel type for the following channels, as they are missing in the raw data: Trigger
  new_raw = read_raw_bids(bids_path=BIDS_path, verbose=verbose)
/hpc/home/jz421/miniconda3/envs/ieeg/lib/python3.11/site-packages/ieeg/io.py:113: RuntimeWarning: Omitted 225 annotation(s) that were outside data range.
  new_raw = read_raw_bids(bids_path=BIDS_path, verbose=verbose)
/hpc/home/jz421/miniconda3/envs/ieeg/lib/python3.11/site-packages/ieeg/io.py:113: RuntimeWarning: The number of channels in the channels.tsv sidecar file (163) does not match the number of channels in the raw data file (162). Will not try to set channel names.
  new_raw = read_raw_bids(bids_path=BIDS_path, verbose=verbose)
/hpc/home/jz421/miniconda3/envs/ieeg/lib/python3.11/site-packages/ieeg/io.py:113: RuntimeWarning: Cannot set channel type for the following channels, as they are missing in the raw data: Trigger
  new_raw = read_raw_bids(bids_path=BIDS_path, verbose=verbose)
/hpc/home/jz421/coganlab/jz421/GlobalLocal/src/analysis/utils/general_utils.py:1621: RuntimeWarning: Concatenation of Annotations within Epochs is not supported yet. All annotations will be dropped.
  all_trials = mne.concatenate_epochs(all_trials_list)
[Parallel(n_jobs=2)]: Using backend LokyBackend with 2 concurrent workers.
[Parallel(n_jobs=2)]: Done  16 tasks      | elapsed:  2.2min
[Parallel(n_jobs=2)]: Done  70 tasks      | elapsed:  9.4min
[Parallel(n_jobs=2)]: Done 156 out of 156 | elapsed: 21.0min finished
/hpc/home/jz421/miniconda3/envs/ieeg/lib/python3.11/site-packages/ieeg/io.py:113: RuntimeWarning: The number of channels in the channels.tsv sidecar file (163) does not match the number of channels in the raw data file (162). Will not try to set channel names.
  new_raw = read_raw_bids(bids_path=BIDS_path, verbose=verbose)
/hpc/home/jz421/miniconda3/envs/ieeg/lib/python3.11/site-packages/ieeg/io.py:113: RuntimeWarning: Cannot set channel type for the following channels, as they are missing in the raw data: Trigger
  new_raw = read_raw_bids(bids_path=BIDS_path, verbose=verbose)
/hpc/home/jz421/miniconda3/envs/ieeg/lib/python3.11/site-packages/ieeg/io.py:113: RuntimeWarning: Omitted 228 annotation(s) that were outside data range.
  new_raw = read_raw_bids(bids_path=BIDS_path, verbose=verbose)
/hpc/home/jz421/miniconda3/envs/ieeg/lib/python3.11/site-packages/ieeg/io.py:113: RuntimeWarning: The number of channels in the channels.tsv sidecar file (163) does not match the number of channels in the raw data file (162). Will not try to set channel names.
  new_raw = read_raw_bids(bids_path=BIDS_path, verbose=verbose)
/hpc/home/jz421/miniconda3/envs/ieeg/lib/python3.11/site-packages/ieeg/io.py:113: RuntimeWarning: Cannot set channel type for the following channels, as they are missing in the raw data: Trigger
  new_raw = read_raw_bids(bids_path=BIDS_path, verbose=verbose)
/hpc/home/jz421/miniconda3/envs/ieeg/lib/python3.11/site-packages/ieeg/io.py:113: RuntimeWarning: Omitted 228 annotation(s) that were outside data range.
  new_raw = read_raw_bids(bids_path=BIDS_path, verbose=verbose)
/hpc/home/jz421/miniconda3/envs/ieeg/lib/python3.11/site-packages/ieeg/io.py:113: RuntimeWarning: The number of channels in the channels.tsv sidecar file (163) does not match the number of channels in the raw data file (162). Will not try to set channel names.
  new_raw = read_raw_bids(bids_path=BIDS_path, verbose=verbose)
/hpc/home/jz421/miniconda3/envs/ieeg/lib/python3.11/site-packages/ieeg/io.py:113: RuntimeWarning: Cannot set channel type for the following channels, as they are missing in the raw data: Trigger
  new_raw = read_raw_bids(bids_path=BIDS_path, verbose=verbose)
/hpc/home/jz421/miniconda3/envs/ieeg/lib/python3.11/site-packages/ieeg/io.py:113: RuntimeWarning: Omitted 225 annotation(s) that were outside data range.
  new_raw = read_raw_bids(bids_path=BIDS_path, verbose=verbose)
/hpc/home/jz421/miniconda3/envs/ieeg/lib/python3.11/site-packages/ieeg/io.py:113: RuntimeWarning: The number of channels in the channels.tsv sidecar file (163) does not match the number of channels in the raw data file (162). Will not try to set channel names.
  new_raw = read_raw_bids(bids_path=BIDS_path, verbose=verbose)
/hpc/home/jz421/miniconda3/envs/ieeg/lib/python3.11/site-packages/ieeg/io.py:113: RuntimeWarning: Cannot set channel type for the following channels, as they are missing in the raw data: Trigger
  new_raw = read_raw_bids(bids_path=BIDS_path, verbose=verbose)
/hpc/home/jz421/coganlab/jz421/GlobalLocal/src/analysis/utils/general_utils.py:1621: RuntimeWarning: Concatenation of Annotations within Epochs is not supported yet. All annotations will be dropped.
  all_trials = mne.concatenate_epochs(all_trials_list)
[Parallel(n_jobs=2)]: Using backend LokyBackend with 2 concurrent workers.
[Parallel(n_jobs=2)]: Done  16 tasks      | elapsed:  2.3min
[Parallel(n_jobs=2)]: Done  70 tasks      | elapsed: 10.3min
[Parallel(n_jobs=2)]: Done 156 out of 156 | elapsed: 22.9min finished
/hpc/home/jz421/miniconda3/envs/ieeg/lib/python3.11/site-packages/ieeg/io.py:113: RuntimeWarning: The number of channels in the channels.tsv sidecar file (135) does not match the number of channels in the raw data file (134). Will not try to set channel names.
  new_raw = read_raw_bids(bids_path=BIDS_path, verbose=verbose)
/hpc/home/jz421/miniconda3/envs/ieeg/lib/python3.11/site-packages/ieeg/io.py:113: RuntimeWarning: Cannot set channel type for the following channels, as they are missing in the raw data: Trigger
  new_raw = read_raw_bids(bids_path=BIDS_path, verbose=verbose)
/hpc/home/jz421/miniconda3/envs/ieeg/lib/python3.11/site-packages/ieeg/io.py:113: RuntimeWarning: Omitted 225 annotation(s) that were outside data range.
  new_raw = read_raw_bids(bids_path=BIDS_path, verbose=verbose)
/hpc/home/jz421/miniconda3/envs/ieeg/lib/python3.11/site-packages/ieeg/io.py:113: RuntimeWarning: The number of channels in the channels.tsv sidecar file (135) does not match the number of channels in the raw data file (134). Will not try to set channel names.
  new_raw = read_raw_bids(bids_path=BIDS_path, verbose=verbose)
/hpc/home/jz421/miniconda3/envs/ieeg/lib/python3.11/site-packages/ieeg/io.py:113: RuntimeWarning: Cannot set channel type for the following channels, as they are missing in the raw data: Trigger
  new_raw = read_raw_bids(bids_path=BIDS_path, verbose=verbose)
/hpc/home/jz421/miniconda3/envs/ieeg/lib/python3.11/site-packages/ieeg/io.py:113: RuntimeWarning: Omitted 226 annotation(s) that were outside data range.
  new_raw = read_raw_bids(bids_path=BIDS_path, verbose=verbose)
/hpc/home/jz421/miniconda3/envs/ieeg/lib/python3.11/site-packages/ieeg/io.py:113: RuntimeWarning: The number of channels in the channels.tsv sidecar file (135) does not match the number of channels in the raw data file (134). Will not try to set channel names.
  new_raw = read_raw_bids(bids_path=BIDS_path, verbose=verbose)
/hpc/home/jz421/miniconda3/envs/ieeg/lib/python3.11/site-packages/ieeg/io.py:113: RuntimeWarning: Cannot set channel type for the following channels, as they are missing in the raw data: Trigger
  new_raw = read_raw_bids(bids_path=BIDS_path, verbose=verbose)
/hpc/home/jz421/miniconda3/envs/ieeg/lib/python3.11/site-packages/ieeg/io.py:113: RuntimeWarning: Omitted 219 annotation(s) that were outside data range.
  new_raw = read_raw_bids(bids_path=BIDS_path, verbose=verbose)
/hpc/home/jz421/miniconda3/envs/ieeg/lib/python3.11/site-packages/ieeg/io.py:113: RuntimeWarning: The number of channels in the channels.tsv sidecar file (135) does not match the number of channels in the raw data file (134). Will not try to set channel names.
  new_raw = read_raw_bids(bids_path=BIDS_path, verbose=verbose)
/hpc/home/jz421/miniconda3/envs/ieeg/lib/python3.11/site-packages/ieeg/io.py:113: RuntimeWarning: Cannot set channel type for the following channels, as they are missing in the raw data: Trigger
  new_raw = read_raw_bids(bids_path=BIDS_path, verbose=verbose)
/hpc/home/jz421/coganlab/jz421/GlobalLocal/src/analysis/utils/general_utils.py:1621: RuntimeWarning: Concatenation of Annotations within Epochs is not supported yet. All annotations will be dropped.
  all_trials = mne.concatenate_epochs(all_trials_list)
[Parallel(n_jobs=2)]: Using backend LokyBackend with 2 concurrent workers.
[Parallel(n_jobs=2)]: Done  16 tasks      | elapsed:  1.8min
[Parallel(n_jobs=2)]: Done  70 tasks      | elapsed:  8.1min
[Parallel(n_jobs=2)]: Done 131 out of 131 | elapsed: 15.4min finished
/hpc/home/jz421/miniconda3/envs/ieeg/lib/python3.11/site-packages/ieeg/io.py:113: RuntimeWarning: The number of channels in the channels.tsv sidecar file (135) does not match the number of channels in the raw data file (134). Will not try to set channel names.
  new_raw = read_raw_bids(bids_path=BIDS_path, verbose=verbose)
/hpc/home/jz421/miniconda3/envs/ieeg/lib/python3.11/site-packages/ieeg/io.py:113: RuntimeWarning: Cannot set channel type for the following channels, as they are missing in the raw data: Trigger
  new_raw = read_raw_bids(bids_path=BIDS_path, verbose=verbose)
/hpc/home/jz421/miniconda3/envs/ieeg/lib/python3.11/site-packages/ieeg/io.py:113: RuntimeWarning: Omitted 225 annotation(s) that were outside data range.
  new_raw = read_raw_bids(bids_path=BIDS_path, verbose=verbose)
/hpc/home/jz421/miniconda3/envs/ieeg/lib/python3.11/site-packages/ieeg/io.py:113: RuntimeWarning: The number of channels in the channels.tsv sidecar file (135) does not match the number of channels in the raw data file (134). Will not try to set channel names.
  new_raw = read_raw_bids(bids_path=BIDS_path, verbose=verbose)
/hpc/home/jz421/miniconda3/envs/ieeg/lib/python3.11/site-packages/ieeg/io.py:113: RuntimeWarning: Cannot set channel type for the following channels, as they are missing in the raw data: Trigger
  new_raw = read_raw_bids(bids_path=BIDS_path, verbose=verbose)
/hpc/home/jz421/miniconda3/envs/ieeg/lib/python3.11/site-packages/ieeg/io.py:113: RuntimeWarning: Omitted 226 annotation(s) that were outside data range.
  new_raw = read_raw_bids(bids_path=BIDS_path, verbose=verbose)
/hpc/home/jz421/miniconda3/envs/ieeg/lib/python3.11/site-packages/ieeg/io.py:113: RuntimeWarning: The number of channels in the channels.tsv sidecar file (135) does not match the number of channels in the raw data file (134). Will not try to set channel names.
  new_raw = read_raw_bids(bids_path=BIDS_path, verbose=verbose)
/hpc/home/jz421/miniconda3/envs/ieeg/lib/python3.11/site-packages/ieeg/io.py:113: RuntimeWarning: Cannot set channel type for the following channels, as they are missing in the raw data: Trigger
  new_raw = read_raw_bids(bids_path=BIDS_path, verbose=verbose)
/hpc/home/jz421/miniconda3/envs/ieeg/lib/python3.11/site-packages/ieeg/io.py:113: RuntimeWarning: Omitted 219 annotation(s) that were outside data range.
  new_raw = read_raw_bids(bids_path=BIDS_path, verbose=verbose)
/hpc/home/jz421/miniconda3/envs/ieeg/lib/python3.11/site-packages/ieeg/io.py:113: RuntimeWarning: The number of channels in the channels.tsv sidecar file (135) does not match the number of channels in the raw data file (134). Will not try to set channel names.
  new_raw = read_raw_bids(bids_path=BIDS_path, verbose=verbose)
/hpc/home/jz421/miniconda3/envs/ieeg/lib/python3.11/site-packages/ieeg/io.py:113: RuntimeWarning: Cannot set channel type for the following channels, as they are missing in the raw data: Trigger
  new_raw = read_raw_bids(bids_path=BIDS_path, verbose=verbose)
/hpc/home/jz421/coganlab/jz421/GlobalLocal/src/analysis/utils/general_utils.py:1621: RuntimeWarning: Concatenation of Annotations within Epochs is not supported yet. All annotations will be dropped.
  all_trials = mne.concatenate_epochs(all_trials_list)
[Parallel(n_jobs=2)]: Using backend LokyBackend with 2 concurrent workers.
[Parallel(n_jobs=2)]: Done  16 tasks      | elapsed:  2.4min
[Parallel(n_jobs=2)]: Done  70 tasks      | elapsed:  9.9min
[Parallel(n_jobs=2)]: Done 131 out of 131 | elapsed: 22.4min finished
/hpc/home/jz421/miniconda3/envs/ieeg/lib/python3.11/site-packages/ieeg/io.py:113: RuntimeWarning: The number of channels in the channels.tsv sidecar file (165) does not match the number of channels in the raw data file (164). Will not try to set channel names.
  new_raw = read_raw_bids(bids_path=BIDS_path, verbose=verbose)
/hpc/home/jz421/miniconda3/envs/ieeg/lib/python3.11/site-packages/ieeg/io.py:113: RuntimeWarning: Cannot set channel type for the following channels, as they are missing in the raw data: Trigger
  new_raw = read_raw_bids(bids_path=BIDS_path, verbose=verbose)
/hpc/home/jz421/miniconda3/envs/ieeg/lib/python3.11/site-packages/ieeg/io.py:113: RuntimeWarning: Omitted 226 annotation(s) that were outside data range.
  new_raw = read_raw_bids(bids_path=BIDS_path, verbose=verbose)
/hpc/home/jz421/miniconda3/envs/ieeg/lib/python3.11/site-packages/ieeg/io.py:113: RuntimeWarning: The number of channels in the channels.tsv sidecar file (165) does not match the number of channels in the raw data file (164). Will not try to set channel names.
  new_raw = read_raw_bids(bids_path=BIDS_path, verbose=verbose)
/hpc/home/jz421/miniconda3/envs/ieeg/lib/python3.11/site-packages/ieeg/io.py:113: RuntimeWarning: Cannot set channel type for the following channels, as they are missing in the raw data: Trigger
  new_raw = read_raw_bids(bids_path=BIDS_path, verbose=verbose)
/hpc/home/jz421/miniconda3/envs/ieeg/lib/python3.11/site-packages/ieeg/io.py:113: RuntimeWarning: Omitted 227 annotation(s) that were outside data range.
  new_raw = read_raw_bids(bids_path=BIDS_path, verbose=verbose)
/hpc/home/jz421/miniconda3/envs/ieeg/lib/python3.11/site-packages/ieeg/io.py:113: RuntimeWarning: The number of channels in the channels.tsv sidecar file (165) does not match the number of channels in the raw data file (164). Will not try to set channel names.
  new_raw = read_raw_bids(bids_path=BIDS_path, verbose=verbose)
/hpc/home/jz421/miniconda3/envs/ieeg/lib/python3.11/site-packages/ieeg/io.py:113: RuntimeWarning: Cannot set channel type for the following channels, as they are missing in the raw data: Trigger
  new_raw = read_raw_bids(bids_path=BIDS_path, verbose=verbose)
/hpc/home/jz421/miniconda3/envs/ieeg/lib/python3.11/site-packages/ieeg/io.py:113: RuntimeWarning: Omitted 226 annotation(s) that were outside data range.
  new_raw = read_raw_bids(bids_path=BIDS_path, verbose=verbose)
/hpc/home/jz421/miniconda3/envs/ieeg/lib/python3.11/site-packages/ieeg/io.py:113: RuntimeWarning: The number of channels in the channels.tsv sidecar file (165) does not match the number of channels in the raw data file (164). Will not try to set channel names.
  new_raw = read_raw_bids(bids_path=BIDS_path, verbose=verbose)
/hpc/home/jz421/miniconda3/envs/ieeg/lib/python3.11/site-packages/ieeg/io.py:113: RuntimeWarning: Cannot set channel type for the following channels, as they are missing in the raw data: Trigger
  new_raw = read_raw_bids(bids_path=BIDS_path, verbose=verbose)
/hpc/home/jz421/coganlab/jz421/GlobalLocal/src/analysis/utils/general_utils.py:1621: RuntimeWarning: Concatenation of Annotations within Epochs is not supported yet. All annotations will be dropped.
  all_trials = mne.concatenate_epochs(all_trials_list)
[Parallel(n_jobs=2)]: Using backend LokyBackend with 2 concurrent workers.
[Parallel(n_jobs=2)]: Done  16 tasks      | elapsed:  4.0min
[Parallel(n_jobs=2)]: Done  70 tasks      | elapsed: 16.5min
[Parallel(n_jobs=2)]: Done 155 out of 155 | elapsed: 37.6min finished
/hpc/home/jz421/miniconda3/envs/ieeg/lib/python3.11/site-packages/ieeg/io.py:113: RuntimeWarning: The number of channels in the channels.tsv sidecar file (165) does not match the number of channels in the raw data file (164). Will not try to set channel names.
  new_raw = read_raw_bids(bids_path=BIDS_path, verbose=verbose)
/hpc/home/jz421/miniconda3/envs/ieeg/lib/python3.11/site-packages/ieeg/io.py:113: RuntimeWarning: Cannot set channel type for the following channels, as they are missing in the raw data: Trigger
  new_raw = read_raw_bids(bids_path=BIDS_path, verbose=verbose)
/hpc/home/jz421/miniconda3/envs/ieeg/lib/python3.11/site-packages/ieeg/io.py:113: RuntimeWarning: Omitted 226 annotation(s) that were outside data range.
  new_raw = read_raw_bids(bids_path=BIDS_path, verbose=verbose)
/hpc/home/jz421/miniconda3/envs/ieeg/lib/python3.11/site-packages/ieeg/io.py:113: RuntimeWarning: The number of channels in the channels.tsv sidecar file (165) does not match the number of channels in the raw data file (164). Will not try to set channel names.
  new_raw = read_raw_bids(bids_path=BIDS_path, verbose=verbose)
/hpc/home/jz421/miniconda3/envs/ieeg/lib/python3.11/site-packages/ieeg/io.py:113: RuntimeWarning: Cannot set channel type for the following channels, as they are missing in the raw data: Trigger
  new_raw = read_raw_bids(bids_path=BIDS_path, verbose=verbose)
/hpc/home/jz421/miniconda3/envs/ieeg/lib/python3.11/site-packages/ieeg/io.py:113: RuntimeWarning: Omitted 227 annotation(s) that were outside data range.
  new_raw = read_raw_bids(bids_path=BIDS_path, verbose=verbose)
/hpc/home/jz421/miniconda3/envs/ieeg/lib/python3.11/site-packages/ieeg/io.py:113: RuntimeWarning: The number of channels in the channels.tsv sidecar file (165) does not match the number of channels in the raw data file (164). Will not try to set channel names.
  new_raw = read_raw_bids(bids_path=BIDS_path, verbose=verbose)
/hpc/home/jz421/miniconda3/envs/ieeg/lib/python3.11/site-packages/ieeg/io.py:113: RuntimeWarning: Cannot set channel type for the following channels, as they are missing in the raw data: Trigger
  new_raw = read_raw_bids(bids_path=BIDS_path, verbose=verbose)
/hpc/home/jz421/miniconda3/envs/ieeg/lib/python3.11/site-packages/ieeg/io.py:113: RuntimeWarning: Omitted 226 annotation(s) that were outside data range.
  new_raw = read_raw_bids(bids_path=BIDS_path, verbose=verbose)
/hpc/home/jz421/miniconda3/envs/ieeg/lib/python3.11/site-packages/ieeg/io.py:113: RuntimeWarning: The number of channels in the channels.tsv sidecar file (165) does not match the number of channels in the raw data file (164). Will not try to set channel names.
  new_raw = read_raw_bids(bids_path=BIDS_path, verbose=verbose)
/hpc/home/jz421/miniconda3/envs/ieeg/lib/python3.11/site-packages/ieeg/io.py:113: RuntimeWarning: Cannot set channel type for the following channels, as they are missing in the raw data: Trigger
  new_raw = read_raw_bids(bids_path=BIDS_path, verbose=verbose)
/hpc/home/jz421/coganlab/jz421/GlobalLocal/src/analysis/utils/general_utils.py:1621: RuntimeWarning: Concatenation of Annotations within Epochs is not supported yet. All annotations will be dropped.
  all_trials = mne.concatenate_epochs(all_trials_list)
[Parallel(n_jobs=2)]: Using backend LokyBackend with 2 concurrent workers.
[Parallel(n_jobs=2)]: Done  16 tasks      | elapsed:  4.0min
[Parallel(n_jobs=2)]: Done  70 tasks      | elapsed: 18.2min
[Parallel(n_jobs=2)]: Done 155 out of 155 | elapsed: 37.5min finished
/hpc/home/jz421/miniconda3/envs/ieeg/lib/python3.11/site-packages/ieeg/io.py:113: RuntimeWarning: The number of channels in the channels.tsv sidecar file (241) does not match the number of channels in the raw data file (240). Will not try to set channel names.
  new_raw = read_raw_bids(bids_path=BIDS_path, verbose=verbose)
/hpc/home/jz421/miniconda3/envs/ieeg/lib/python3.11/site-packages/ieeg/io.py:113: RuntimeWarning: Cannot set channel type for the following channels, as they are missing in the raw data: Trigger
  new_raw = read_raw_bids(bids_path=BIDS_path, verbose=verbose)
/hpc/home/jz421/miniconda3/envs/ieeg/lib/python3.11/site-packages/ieeg/io.py:113: RuntimeWarning: Omitted 226 annotation(s) that were outside data range.
  new_raw = read_raw_bids(bids_path=BIDS_path, verbose=verbose)
/hpc/home/jz421/miniconda3/envs/ieeg/lib/python3.11/site-packages/ieeg/io.py:113: RuntimeWarning: The number of channels in the channels.tsv sidecar file (241) does not match the number of channels in the raw data file (240). Will not try to set channel names.
  new_raw = read_raw_bids(bids_path=BIDS_path, verbose=verbose)
/hpc/home/jz421/miniconda3/envs/ieeg/lib/python3.11/site-packages/ieeg/io.py:113: RuntimeWarning: Cannot set channel type for the following channels, as they are missing in the raw data: Trigger
  new_raw = read_raw_bids(bids_path=BIDS_path, verbose=verbose)
/hpc/home/jz421/miniconda3/envs/ieeg/lib/python3.11/site-packages/ieeg/io.py:113: RuntimeWarning: Omitted 224 annotation(s) that were outside data range.
  new_raw = read_raw_bids(bids_path=BIDS_path, verbose=verbose)
/hpc/home/jz421/miniconda3/envs/ieeg/lib/python3.11/site-packages/ieeg/io.py:113: RuntimeWarning: The number of channels in the channels.tsv sidecar file (241) does not match the number of channels in the raw data file (240). Will not try to set channel names.
  new_raw = read_raw_bids(bids_path=BIDS_path, verbose=verbose)
/hpc/home/jz421/miniconda3/envs/ieeg/lib/python3.11/site-packages/ieeg/io.py:113: RuntimeWarning: Cannot set channel type for the following channels, as they are missing in the raw data: Trigger
  new_raw = read_raw_bids(bids_path=BIDS_path, verbose=verbose)
/hpc/home/jz421/miniconda3/envs/ieeg/lib/python3.11/site-packages/ieeg/io.py:113: RuntimeWarning: Omitted 225 annotation(s) that were outside data range.
  new_raw = read_raw_bids(bids_path=BIDS_path, verbose=verbose)
/hpc/home/jz421/miniconda3/envs/ieeg/lib/python3.11/site-packages/ieeg/io.py:113: RuntimeWarning: The number of channels in the channels.tsv sidecar file (241) does not match the number of channels in the raw data file (240). Will not try to set channel names.
  new_raw = read_raw_bids(bids_path=BIDS_path, verbose=verbose)
/hpc/home/jz421/miniconda3/envs/ieeg/lib/python3.11/site-packages/ieeg/io.py:113: RuntimeWarning: Cannot set channel type for the following channels, as they are missing in the raw data: Trigger
  new_raw = read_raw_bids(bids_path=BIDS_path, verbose=verbose)
/hpc/home/jz421/coganlab/jz421/GlobalLocal/src/analysis/utils/general_utils.py:1621: RuntimeWarning: Concatenation of Annotations within Epochs is not supported yet. All annotations will be dropped.
  all_trials = mne.concatenate_epochs(all_trials_list)
[Parallel(n_jobs=2)]: Using backend LokyBackend with 2 concurrent workers.
[Parallel(n_jobs=2)]: Done  16 tasks      | elapsed:  3.1min
[Parallel(n_jobs=2)]: Done  70 tasks      | elapsed: 13.1min
[Parallel(n_jobs=2)]: Done 160 tasks      | elapsed: 29.5min
[Parallel(n_jobs=2)]: Done 234 out of 234 | elapsed: 42.5min finished
/hpc/home/jz421/miniconda3/envs/ieeg/lib/python3.11/site-packages/ieeg/io.py:113: RuntimeWarning: The number of channels in the channels.tsv sidecar file (241) does not match the number of channels in the raw data file (240). Will not try to set channel names.
  new_raw = read_raw_bids(bids_path=BIDS_path, verbose=verbose)
/hpc/home/jz421/miniconda3/envs/ieeg/lib/python3.11/site-packages/ieeg/io.py:113: RuntimeWarning: Cannot set channel type for the following channels, as they are missing in the raw data: Trigger
  new_raw = read_raw_bids(bids_path=BIDS_path, verbose=verbose)
/hpc/home/jz421/miniconda3/envs/ieeg/lib/python3.11/site-packages/ieeg/io.py:113: RuntimeWarning: Omitted 226 annotation(s) that were outside data range.
  new_raw = read_raw_bids(bids_path=BIDS_path, verbose=verbose)
/hpc/home/jz421/miniconda3/envs/ieeg/lib/python3.11/site-packages/ieeg/io.py:113: RuntimeWarning: The number of channels in the channels.tsv sidecar file (241) does not match the number of channels in the raw data file (240). Will not try to set channel names.
  new_raw = read_raw_bids(bids_path=BIDS_path, verbose=verbose)
/hpc/home/jz421/miniconda3/envs/ieeg/lib/python3.11/site-packages/ieeg/io.py:113: RuntimeWarning: Cannot set channel type for the following channels, as they are missing in the raw data: Trigger
  new_raw = read_raw_bids(bids_path=BIDS_path, verbose=verbose)
/hpc/home/jz421/miniconda3/envs/ieeg/lib/python3.11/site-packages/ieeg/io.py:113: RuntimeWarning: Omitted 224 annotation(s) that were outside data range.
  new_raw = read_raw_bids(bids_path=BIDS_path, verbose=verbose)
/hpc/home/jz421/miniconda3/envs/ieeg/lib/python3.11/site-packages/ieeg/io.py:113: RuntimeWarning: The number of channels in the channels.tsv sidecar file (241) does not match the number of channels in the raw data file (240). Will not try to set channel names.
  new_raw = read_raw_bids(bids_path=BIDS_path, verbose=verbose)
/hpc/home/jz421/miniconda3/envs/ieeg/lib/python3.11/site-packages/ieeg/io.py:113: RuntimeWarning: Cannot set channel type for the following channels, as they are missing in the raw data: Trigger
  new_raw = read_raw_bids(bids_path=BIDS_path, verbose=verbose)
/hpc/home/jz421/miniconda3/envs/ieeg/lib/python3.11/site-packages/ieeg/io.py:113: RuntimeWarning: Omitted 225 annotation(s) that were outside data range.
  new_raw = read_raw_bids(bids_path=BIDS_path, verbose=verbose)
/hpc/home/jz421/miniconda3/envs/ieeg/lib/python3.11/site-packages/ieeg/io.py:113: RuntimeWarning: The number of channels in the channels.tsv sidecar file (241) does not match the number of channels in the raw data file (240). Will not try to set channel names.
  new_raw = read_raw_bids(bids_path=BIDS_path, verbose=verbose)
/hpc/home/jz421/miniconda3/envs/ieeg/lib/python3.11/site-packages/ieeg/io.py:113: RuntimeWarning: Cannot set channel type for the following channels, as they are missing in the raw data: Trigger
  new_raw = read_raw_bids(bids_path=BIDS_path, verbose=verbose)
/hpc/home/jz421/coganlab/jz421/GlobalLocal/src/analysis/utils/general_utils.py:1621: RuntimeWarning: Concatenation of Annotations within Epochs is not supported yet. All annotations will be dropped.
  all_trials = mne.concatenate_epochs(all_trials_list)
[Parallel(n_jobs=2)]: Using backend LokyBackend with 2 concurrent workers.
[Parallel(n_jobs=2)]: Done  16 tasks      | elapsed:  2.8min
[Parallel(n_jobs=2)]: Done  70 tasks      | elapsed: 12.6min
[Parallel(n_jobs=2)]: Done 160 tasks      | elapsed: 28.8min
[Parallel(n_jobs=2)]: Done 234 out of 234 | elapsed: 42.0min finished
/hpc/home/jz421/miniconda3/envs/ieeg/lib/python3.11/site-packages/ieeg/io.py:113: RuntimeWarning: The number of channels in the channels.tsv sidecar file (231) does not match the number of channels in the raw data file (230). Will not try to set channel names.
  new_raw = read_raw_bids(bids_path=BIDS_path, verbose=verbose)
/hpc/home/jz421/miniconda3/envs/ieeg/lib/python3.11/site-packages/ieeg/io.py:113: RuntimeWarning: Cannot set channel type for the following channels, as they are missing in the raw data: Trigger
  new_raw = read_raw_bids(bids_path=BIDS_path, verbose=verbose)
/hpc/home/jz421/miniconda3/envs/ieeg/lib/python3.11/site-packages/ieeg/io.py:113: RuntimeWarning: Omitted 228 annotation(s) that were outside data range.
  new_raw = read_raw_bids(bids_path=BIDS_path, verbose=verbose)
/hpc/home/jz421/miniconda3/envs/ieeg/lib/python3.11/site-packages/ieeg/io.py:113: RuntimeWarning: The number of channels in the channels.tsv sidecar file (231) does not match the number of channels in the raw data file (230). Will not try to set channel names.
  new_raw = read_raw_bids(bids_path=BIDS_path, verbose=verbose)
/hpc/home/jz421/miniconda3/envs/ieeg/lib/python3.11/site-packages/ieeg/io.py:113: RuntimeWarning: Cannot set channel type for the following channels, as they are missing in the raw data: Trigger
  new_raw = read_raw_bids(bids_path=BIDS_path, verbose=verbose)
/hpc/home/jz421/miniconda3/envs/ieeg/lib/python3.11/site-packages/ieeg/io.py:113: RuntimeWarning: Omitted 227 annotation(s) that were outside data range.
  new_raw = read_raw_bids(bids_path=BIDS_path, verbose=verbose)
/hpc/home/jz421/miniconda3/envs/ieeg/lib/python3.11/site-packages/ieeg/io.py:113: RuntimeWarning: The number of channels in the channels.tsv sidecar file (231) does not match the number of channels in the raw data file (230). Will not try to set channel names.
  new_raw = read_raw_bids(bids_path=BIDS_path, verbose=verbose)
/hpc/home/jz421/miniconda3/envs/ieeg/lib/python3.11/site-packages/ieeg/io.py:113: RuntimeWarning: Cannot set channel type for the following channels, as they are missing in the raw data: Trigger
  new_raw = read_raw_bids(bids_path=BIDS_path, verbose=verbose)
/hpc/home/jz421/miniconda3/envs/ieeg/lib/python3.11/site-packages/ieeg/io.py:113: RuntimeWarning: Omitted 225 annotation(s) that were outside data range.
  new_raw = read_raw_bids(bids_path=BIDS_path, verbose=verbose)
/hpc/home/jz421/miniconda3/envs/ieeg/lib/python3.11/site-packages/ieeg/io.py:113: RuntimeWarning: The number of channels in the channels.tsv sidecar file (231) does not match the number of channels in the raw data file (230). Will not try to set channel names.
  new_raw = read_raw_bids(bids_path=BIDS_path, verbose=verbose)
/hpc/home/jz421/miniconda3/envs/ieeg/lib/python3.11/site-packages/ieeg/io.py:113: RuntimeWarning: Cannot set channel type for the following channels, as they are missing in the raw data: Trigger
  new_raw = read_raw_bids(bids_path=BIDS_path, verbose=verbose)
/hpc/home/jz421/coganlab/jz421/GlobalLocal/src/analysis/utils/general_utils.py:1621: RuntimeWarning: Concatenation of Annotations within Epochs is not supported yet. All annotations will be dropped.
  all_trials = mne.concatenate_epochs(all_trials_list)
[Parallel(n_jobs=2)]: Using backend LokyBackend with 2 concurrent workers.
[Parallel(n_jobs=2)]: Done  16 tasks      | elapsed:  3.1min
[Parallel(n_jobs=2)]: Done  70 tasks      | elapsed: 13.9min
[Parallel(n_jobs=2)]: Done 160 tasks      | elapsed: 31.6min
[Parallel(n_jobs=2)]: Done 222 out of 222 | elapsed: 43.7min finished
/hpc/home/jz421/miniconda3/envs/ieeg/lib/python3.11/site-packages/ieeg/io.py:113: RuntimeWarning: The number of channels in the channels.tsv sidecar file (231) does not match the number of channels in the raw data file (230). Will not try to set channel names.
  new_raw = read_raw_bids(bids_path=BIDS_path, verbose=verbose)
/hpc/home/jz421/miniconda3/envs/ieeg/lib/python3.11/site-packages/ieeg/io.py:113: RuntimeWarning: Cannot set channel type for the following channels, as they are missing in the raw data: Trigger
  new_raw = read_raw_bids(bids_path=BIDS_path, verbose=verbose)
/hpc/home/jz421/miniconda3/envs/ieeg/lib/python3.11/site-packages/ieeg/io.py:113: RuntimeWarning: Omitted 228 annotation(s) that were outside data range.
  new_raw = read_raw_bids(bids_path=BIDS_path, verbose=verbose)
/hpc/home/jz421/miniconda3/envs/ieeg/lib/python3.11/site-packages/ieeg/io.py:113: RuntimeWarning: The number of channels in the channels.tsv sidecar file (231) does not match the number of channels in the raw data file (230). Will not try to set channel names.
  new_raw = read_raw_bids(bids_path=BIDS_path, verbose=verbose)
/hpc/home/jz421/miniconda3/envs/ieeg/lib/python3.11/site-packages/ieeg/io.py:113: RuntimeWarning: Cannot set channel type for the following channels, as they are missing in the raw data: Trigger
  new_raw = read_raw_bids(bids_path=BIDS_path, verbose=verbose)
/hpc/home/jz421/miniconda3/envs/ieeg/lib/python3.11/site-packages/ieeg/io.py:113: RuntimeWarning: Omitted 227 annotation(s) that were outside data range.
  new_raw = read_raw_bids(bids_path=BIDS_path, verbose=verbose)
/hpc/home/jz421/miniconda3/envs/ieeg/lib/python3.11/site-packages/ieeg/io.py:113: RuntimeWarning: The number of channels in the channels.tsv sidecar file (231) does not match the number of channels in the raw data file (230). Will not try to set channel names.
  new_raw = read_raw_bids(bids_path=BIDS_path, verbose=verbose)
/hpc/home/jz421/miniconda3/envs/ieeg/lib/python3.11/site-packages/ieeg/io.py:113: RuntimeWarning: Cannot set channel type for the following channels, as they are missing in the raw data: Trigger
  new_raw = read_raw_bids(bids_path=BIDS_path, verbose=verbose)
/hpc/home/jz421/miniconda3/envs/ieeg/lib/python3.11/site-packages/ieeg/io.py:113: RuntimeWarning: Omitted 225 annotation(s) that were outside data range.
  new_raw = read_raw_bids(bids_path=BIDS_path, verbose=verbose)
/hpc/home/jz421/miniconda3/envs/ieeg/lib/python3.11/site-packages/ieeg/io.py:113: RuntimeWarning: The number of channels in the channels.tsv sidecar file (231) does not match the number of channels in the raw data file (230). Will not try to set channel names.
  new_raw = read_raw_bids(bids_path=BIDS_path, verbose=verbose)
/hpc/home/jz421/miniconda3/envs/ieeg/lib/python3.11/site-packages/ieeg/io.py:113: RuntimeWarning: Cannot set channel type for the following channels, as they are missing in the raw data: Trigger
  new_raw = read_raw_bids(bids_path=BIDS_path, verbose=verbose)
/hpc/home/jz421/coganlab/jz421/GlobalLocal/src/analysis/utils/general_utils.py:1621: RuntimeWarning: Concatenation of Annotations within Epochs is not supported yet. All annotations will be dropped.
  all_trials = mne.concatenate_epochs(all_trials_list)
[Parallel(n_jobs=2)]: Using backend LokyBackend with 2 concurrent workers.
[Parallel(n_jobs=2)]: Done  16 tasks      | elapsed:  3.2min
[Parallel(n_jobs=2)]: Done  70 tasks      | elapsed: 14.1min
[Parallel(n_jobs=2)]: Done 160 tasks      | elapsed: 32.2min
[Parallel(n_jobs=2)]: Done 222 out of 222 | elapsed: 44.9min finished
/hpc/home/jz421/miniconda3/envs/ieeg/lib/python3.11/site-packages/ieeg/io.py:113: RuntimeWarning: The number of channels in the channels.tsv sidecar file (228) does not match the number of channels in the raw data file (227). Will not try to set channel names.
  new_raw = read_raw_bids(bids_path=BIDS_path, verbose=verbose)
/hpc/home/jz421/miniconda3/envs/ieeg/lib/python3.11/site-packages/ieeg/io.py:113: RuntimeWarning: Cannot set channel type for the following channels, as they are missing in the raw data: Trigger
  new_raw = read_raw_bids(bids_path=BIDS_path, verbose=verbose)
/hpc/home/jz421/miniconda3/envs/ieeg/lib/python3.11/site-packages/ieeg/io.py:113: RuntimeWarning: Omitted 228 annotation(s) that were outside data range.
  new_raw = read_raw_bids(bids_path=BIDS_path, verbose=verbose)
/hpc/home/jz421/miniconda3/envs/ieeg/lib/python3.11/site-packages/ieeg/io.py:113: RuntimeWarning: The number of channels in the channels.tsv sidecar file (228) does not match the number of channels in the raw data file (227). Will not try to set channel names.
  new_raw = read_raw_bids(bids_path=BIDS_path, verbose=verbose)
/hpc/home/jz421/miniconda3/envs/ieeg/lib/python3.11/site-packages/ieeg/io.py:113: RuntimeWarning: Cannot set channel type for the following channels, as they are missing in the raw data: Trigger
  new_raw = read_raw_bids(bids_path=BIDS_path, verbose=verbose)
/hpc/home/jz421/miniconda3/envs/ieeg/lib/python3.11/site-packages/ieeg/io.py:113: RuntimeWarning: Omitted 228 annotation(s) that were outside data range.
  new_raw = read_raw_bids(bids_path=BIDS_path, verbose=verbose)
/hpc/home/jz421/miniconda3/envs/ieeg/lib/python3.11/site-packages/ieeg/io.py:113: RuntimeWarning: The number of channels in the channels.tsv sidecar file (228) does not match the number of channels in the raw data file (227). Will not try to set channel names.
  new_raw = read_raw_bids(bids_path=BIDS_path, verbose=verbose)
/hpc/home/jz421/miniconda3/envs/ieeg/lib/python3.11/site-packages/ieeg/io.py:113: RuntimeWarning: Cannot set channel type for the following channels, as they are missing in the raw data: Trigger
  new_raw = read_raw_bids(bids_path=BIDS_path, verbose=verbose)
/hpc/home/jz421/miniconda3/envs/ieeg/lib/python3.11/site-packages/ieeg/io.py:113: RuntimeWarning: Omitted 226 annotation(s) that were outside data range.
  new_raw = read_raw_bids(bids_path=BIDS_path, verbose=verbose)
/hpc/home/jz421/miniconda3/envs/ieeg/lib/python3.11/site-packages/ieeg/io.py:113: RuntimeWarning: The number of channels in the channels.tsv sidecar file (228) does not match the number of channels in the raw data file (227). Will not try to set channel names.
  new_raw = read_raw_bids(bids_path=BIDS_path, verbose=verbose)
/hpc/home/jz421/miniconda3/envs/ieeg/lib/python3.11/site-packages/ieeg/io.py:113: RuntimeWarning: Cannot set channel type for the following channels, as they are missing in the raw data: Trigger
  new_raw = read_raw_bids(bids_path=BIDS_path, verbose=verbose)
/hpc/home/jz421/coganlab/jz421/GlobalLocal/src/analysis/utils/general_utils.py:1621: RuntimeWarning: Concatenation of Annotations within Epochs is not supported yet. All annotations will be dropped.
  all_trials = mne.concatenate_epochs(all_trials_list)
[Parallel(n_jobs=2)]: Using backend LokyBackend with 2 concurrent workers.
[Parallel(n_jobs=2)]: Done  16 tasks      | elapsed:  2.4min
[Parallel(n_jobs=2)]: Done  70 tasks      | elapsed: 10.2min
[Parallel(n_jobs=2)]: Done 160 tasks      | elapsed: 23.3min
[Parallel(n_jobs=2)]: Done 220 out of 220 | elapsed: 31.8min finished
/hpc/home/jz421/miniconda3/envs/ieeg/lib/python3.11/site-packages/ieeg/io.py:113: RuntimeWarning: The number of channels in the channels.tsv sidecar file (228) does not match the number of channels in the raw data file (227). Will not try to set channel names.
  new_raw = read_raw_bids(bids_path=BIDS_path, verbose=verbose)
/hpc/home/jz421/miniconda3/envs/ieeg/lib/python3.11/site-packages/ieeg/io.py:113: RuntimeWarning: Cannot set channel type for the following channels, as they are missing in the raw data: Trigger
  new_raw = read_raw_bids(bids_path=BIDS_path, verbose=verbose)
/hpc/home/jz421/miniconda3/envs/ieeg/lib/python3.11/site-packages/ieeg/io.py:113: RuntimeWarning: Omitted 228 annotation(s) that were outside data range.
  new_raw = read_raw_bids(bids_path=BIDS_path, verbose=verbose)
/hpc/home/jz421/miniconda3/envs/ieeg/lib/python3.11/site-packages/ieeg/io.py:113: RuntimeWarning: The number of channels in the channels.tsv sidecar file (228) does not match the number of channels in the raw data file (227). Will not try to set channel names.
  new_raw = read_raw_bids(bids_path=BIDS_path, verbose=verbose)
/hpc/home/jz421/miniconda3/envs/ieeg/lib/python3.11/site-packages/ieeg/io.py:113: RuntimeWarning: Cannot set channel type for the following channels, as they are missing in the raw data: Trigger
  new_raw = read_raw_bids(bids_path=BIDS_path, verbose=verbose)
/hpc/home/jz421/miniconda3/envs/ieeg/lib/python3.11/site-packages/ieeg/io.py:113: RuntimeWarning: Omitted 228 annotation(s) that were outside data range.
  new_raw = read_raw_bids(bids_path=BIDS_path, verbose=verbose)
/hpc/home/jz421/miniconda3/envs/ieeg/lib/python3.11/site-packages/ieeg/io.py:113: RuntimeWarning: The number of channels in the channels.tsv sidecar file (228) does not match the number of channels in the raw data file (227). Will not try to set channel names.
  new_raw = read_raw_bids(bids_path=BIDS_path, verbose=verbose)
/hpc/home/jz421/miniconda3/envs/ieeg/lib/python3.11/site-packages/ieeg/io.py:113: RuntimeWarning: Cannot set channel type for the following channels, as they are missing in the raw data: Trigger
  new_raw = read_raw_bids(bids_path=BIDS_path, verbose=verbose)
/hpc/home/jz421/miniconda3/envs/ieeg/lib/python3.11/site-packages/ieeg/io.py:113: RuntimeWarning: Omitted 226 annotation(s) that were outside data range.
  new_raw = read_raw_bids(bids_path=BIDS_path, verbose=verbose)
/hpc/home/jz421/miniconda3/envs/ieeg/lib/python3.11/site-packages/ieeg/io.py:113: RuntimeWarning: The number of channels in the channels.tsv sidecar file (228) does not match the number of channels in the raw data file (227). Will not try to set channel names.
  new_raw = read_raw_bids(bids_path=BIDS_path, verbose=verbose)
/hpc/home/jz421/miniconda3/envs/ieeg/lib/python3.11/site-packages/ieeg/io.py:113: RuntimeWarning: Cannot set channel type for the following channels, as they are missing in the raw data: Trigger
  new_raw = read_raw_bids(bids_path=BIDS_path, verbose=verbose)
/hpc/home/jz421/coganlab/jz421/GlobalLocal/src/analysis/utils/general_utils.py:1621: RuntimeWarning: Concatenation of Annotations within Epochs is not supported yet. All annotations will be dropped.
  all_trials = mne.concatenate_epochs(all_trials_list)
[Parallel(n_jobs=2)]: Using backend LokyBackend with 2 concurrent workers.
[Parallel(n_jobs=2)]: Done  16 tasks      | elapsed:  2.3min
[Parallel(n_jobs=2)]: Done  70 tasks      | elapsed: 10.0min
[Parallel(n_jobs=2)]: Done 160 tasks      | elapsed: 22.8min
[Parallel(n_jobs=2)]: Done 220 out of 220 | elapsed: 31.2min finished
/hpc/home/jz421/miniconda3/envs/ieeg/lib/python3.11/site-packages/ieeg/io.py:113: RuntimeWarning: Omitted 226 annotation(s) that were outside data range.
  new_raw = read_raw_bids(bids_path=BIDS_path, verbose=verbose)
/hpc/home/jz421/miniconda3/envs/ieeg/lib/python3.11/site-packages/ieeg/io.py:113: RuntimeWarning: Omitted 228 annotation(s) that were outside data range.
  new_raw = read_raw_bids(bids_path=BIDS_path, verbose=verbose)
/hpc/home/jz421/miniconda3/envs/ieeg/lib/python3.11/site-packages/ieeg/io.py:113: RuntimeWarning: Omitted 226 annotation(s) that were outside data range.
  new_raw = read_raw_bids(bids_path=BIDS_path, verbose=verbose)
/hpc/home/jz421/coganlab/jz421/GlobalLocal/src/analysis/utils/general_utils.py:1621: RuntimeWarning: Concatenation of Annotations within Epochs is not supported yet. All annotations will be dropped.
  all_trials = mne.concatenate_epochs(all_trials_list)
[Parallel(n_jobs=2)]: Using backend LokyBackend with 2 concurrent workers.
[Parallel(n_jobs=2)]: Done  16 tasks      | elapsed:  3.0min
[Parallel(n_jobs=2)]: Done  70 tasks      | elapsed: 12.6min
[Parallel(n_jobs=2)]: Done 160 tasks      | elapsed: 30.5min
[Parallel(n_jobs=2)]: Done 222 out of 222 | elapsed: 41.5min finished
/hpc/home/jz421/miniconda3/envs/ieeg/lib/python3.11/site-packages/ieeg/io.py:113: RuntimeWarning: Omitted 226 annotation(s) that were outside data range.
  new_raw = read_raw_bids(bids_path=BIDS_path, verbose=verbose)
/hpc/home/jz421/miniconda3/envs/ieeg/lib/python3.11/site-packages/ieeg/io.py:113: RuntimeWarning: Omitted 228 annotation(s) that were outside data range.
  new_raw = read_raw_bids(bids_path=BIDS_path, verbose=verbose)
/hpc/home/jz421/miniconda3/envs/ieeg/lib/python3.11/site-packages/ieeg/io.py:113: RuntimeWarning: Omitted 226 annotation(s) that were outside data range.
  new_raw = read_raw_bids(bids_path=BIDS_path, verbose=verbose)
/hpc/home/jz421/coganlab/jz421/GlobalLocal/src/analysis/utils/general_utils.py:1621: RuntimeWarning: Concatenation of Annotations within Epochs is not supported yet. All annotations will be dropped.
  all_trials = mne.concatenate_epochs(all_trials_list)
[Parallel(n_jobs=2)]: Using backend LokyBackend with 2 concurrent workers.
[Parallel(n_jobs=2)]: Done  16 tasks      | elapsed:  3.1min
[Parallel(n_jobs=2)]: Done  70 tasks      | elapsed: 13.5min
[Parallel(n_jobs=2)]: Done 160 tasks      | elapsed: 29.9min
[Parallel(n_jobs=2)]: Done 222 out of 222 | elapsed: 41.0min finished
/hpc/home/jz421/miniconda3/envs/ieeg/lib/python3.11/site-packages/ieeg/io.py:113: RuntimeWarning: Omitted 226 annotation(s) that were outside data range.
  new_raw = read_raw_bids(bids_path=BIDS_path, verbose=verbose)
/hpc/home/jz421/miniconda3/envs/ieeg/lib/python3.11/site-packages/ieeg/io.py:113: RuntimeWarning: Omitted 228 annotation(s) that were outside data range.
  new_raw = read_raw_bids(bids_path=BIDS_path, verbose=verbose)
/hpc/home/jz421/coganlab/jz421/GlobalLocal/src/analysis/utils/general_utils.py:1621: RuntimeWarning: Concatenation of Annotations within Epochs is not supported yet. All annotations will be dropped.
  all_trials = mne.concatenate_epochs(all_trials_list)
[Parallel(n_jobs=2)]: Using backend LokyBackend with 2 concurrent workers.
[Parallel(n_jobs=2)]: Done  16 tasks      | elapsed:  2.8min
[Parallel(n_jobs=2)]: Done  70 tasks      | elapsed: 12.2min
[Parallel(n_jobs=2)]: Done 160 tasks      | elapsed: 28.4min
[Parallel(n_jobs=2)]: Done 164 out of 164 | elapsed: 29.1min finished
/hpc/home/jz421/miniconda3/envs/ieeg/lib/python3.11/site-packages/ieeg/io.py:113: RuntimeWarning: Omitted 226 annotation(s) that were outside data range.
  new_raw = read_raw_bids(bids_path=BIDS_path, verbose=verbose)
/hpc/home/jz421/miniconda3/envs/ieeg/lib/python3.11/site-packages/ieeg/io.py:113: RuntimeWarning: Omitted 228 annotation(s) that were outside data range.
  new_raw = read_raw_bids(bids_path=BIDS_path, verbose=verbose)
/hpc/home/jz421/coganlab/jz421/GlobalLocal/src/analysis/utils/general_utils.py:1621: RuntimeWarning: Concatenation of Annotations within Epochs is not supported yet. All annotations will be dropped.
  all_trials = mne.concatenate_epochs(all_trials_list)
[Parallel(n_jobs=2)]: Using backend LokyBackend with 2 concurrent workers.
[Parallel(n_jobs=2)]: Done  16 tasks      | elapsed:  3.3min
[Parallel(n_jobs=2)]: Done  70 tasks      | elapsed: 14.5min
[Parallel(n_jobs=2)]: Done 160 tasks      | elapsed: 32.8min
[Parallel(n_jobs=2)]: Done 164 out of 164 | elapsed: 33.6min finished
/hpc/home/jz421/miniconda3/envs/ieeg/lib/python3.11/site-packages/ieeg/io.py:113: RuntimeWarning: Omitted 228 annotation(s) that were outside data range.
  new_raw = read_raw_bids(bids_path=BIDS_path, verbose=verbose)
/hpc/home/jz421/miniconda3/envs/ieeg/lib/python3.11/site-packages/ieeg/io.py:113: RuntimeWarning: Omitted 227 annotation(s) that were outside data range.
  new_raw = read_raw_bids(bids_path=BIDS_path, verbose=verbose)
/hpc/home/jz421/miniconda3/envs/ieeg/lib/python3.11/site-packages/ieeg/io.py:113: RuntimeWarning: Omitted 226 annotation(s) that were outside data range.
  new_raw = read_raw_bids(bids_path=BIDS_path, verbose=verbose)
/hpc/home/jz421/coganlab/jz421/GlobalLocal/src/analysis/utils/general_utils.py:1621: RuntimeWarning: Concatenation of Annotations within Epochs is not supported yet. All annotations will be dropped.
  all_trials = mne.concatenate_epochs(all_trials_list)
[Parallel(n_jobs=2)]: Using backend LokyBackend with 2 concurrent workers.
[Parallel(n_jobs=2)]: Done  16 tasks      | elapsed:  3.5min
[Parallel(n_jobs=2)]: Done  70 tasks      | elapsed: 15.4min
[Parallel(n_jobs=2)]: Done 160 tasks      | elapsed: 34.6min
[Parallel(n_jobs=2)]: Done 226 out of 226 | elapsed: 48.8min finished
/hpc/home/jz421/miniconda3/envs/ieeg/lib/python3.11/site-packages/ieeg/io.py:113: RuntimeWarning: Omitted 228 annotation(s) that were outside data range.
  new_raw = read_raw_bids(bids_path=BIDS_path, verbose=verbose)
/hpc/home/jz421/miniconda3/envs/ieeg/lib/python3.11/site-packages/ieeg/io.py:113: RuntimeWarning: Omitted 227 annotation(s) that were outside data range.
  new_raw = read_raw_bids(bids_path=BIDS_path, verbose=verbose)
/hpc/home/jz421/miniconda3/envs/ieeg/lib/python3.11/site-packages/ieeg/io.py:113: RuntimeWarning: Omitted 226 annotation(s) that were outside data range.
  new_raw = read_raw_bids(bids_path=BIDS_path, verbose=verbose)
/hpc/home/jz421/coganlab/jz421/GlobalLocal/src/analysis/utils/general_utils.py:1621: RuntimeWarning: Concatenation of Annotations within Epochs is not supported yet. All annotations will be dropped.
  all_trials = mne.concatenate_epochs(all_trials_list)
[Parallel(n_jobs=2)]: Using backend LokyBackend with 2 concurrent workers.
[Parallel(n_jobs=2)]: Done  16 tasks      | elapsed:  3.2min
[Parallel(n_jobs=2)]: Done  70 tasks      | elapsed: 14.5min
