['/hpc/home/etb28/coganlab/etb28/GlobalLocal', '/hpc/group/coganlab/etb28/GlobalLocal/dcc_scripts/decoding', '/hpc/home/etb28/miniconda3/envs/ieeg/lib/python311.zip', '/hpc/home/etb28/miniconda3/envs/ieeg/lib/python3.11', '/hpc/home/etb28/miniconda3/envs/ieeg/lib/python3.11/lib-dynload', '/hpc/home/etb28/miniconda3/envs/ieeg/lib/python3.11/site-packages', '/hpc/home/etb28/coganlab/etb28/GlobalLocal/IEEG_Pipelines/']
Qt5Agg backend not available, using default backend
Qt5Agg backend not available, using default backend

WARNING: Keras package is not installed. You will be unable to useall neural net decoders
['/hpc/home/etb28/coganlab/etb28/GlobalLocal', '/hpc/group/coganlab/etb28/GlobalLocal/dcc_scripts/decoding', '/hpc/home/etb28/miniconda3/envs/ieeg/lib/python311.zip', '/hpc/home/etb28/miniconda3/envs/ieeg/lib/python3.11', '/hpc/home/etb28/miniconda3/envs/ieeg/lib/python3.11/lib-dynload', '/hpc/home/etb28/miniconda3/envs/ieeg/lib/python3.11/site-packages', '/hpc/home/etb28/coganlab/etb28/GlobalLocal/IEEG_Pipelines/']
======================================================================
BANDPASS FILTERED DECODING ANALYSIS
======================================================================
Subjects:          ['D0057', 'D0059', 'D0063', 'D0069', 'D0071', 'D0077', 'D0090', 'D0094', 'D0100', 'D0102', 'D0103', 'D0107A', 'D0110', 'D0116', 'D0117', 'D0121']
Conditions:        ['Stimulus_err', 'Stimulus_corr']
ROIs:              ['lpfc', 'occ', 'dlpfc', 'acc', 'parietal']
Epochs file:       Stimulus_0.5sec_within-1.0-0.0sec_base_decFactor_8_outliers_10_drop_thresh_perc_5.0_70.0-150.0_Hz_padLength_0.5s_stat_func_ttest_ind_equal_var_False_nan_policy_omit
Electrodes (all or sig):       all
Explained variance: 0.8
Balance method:     subsample
Obs axs:            0
Chans axs:          1
Time axs:           -1
----------------------------------------------------------------------
Decoding Parameters:
  CV Splits/Repeats: 5/5
  Balance Method:    subsample
  Explained Variance:0.8
  Window/Step (samp):32/16
  Sampling Rate (Hz):256
----------------------------------------------------------------------
 unit of analysis for stats (bootstrap, repeat, or fold): repeat
Percentile Statistical Parameters:
  Percentile: 95
  Cluster Percentile: 95
  N Cluster Perms: 200
======================================================================
======================================================================

Starting analysis...
Loaded data from /hpc/home/etb28/coganlab/etb28/GlobalLocal/src/analysis/config/subjects_electrodestoROIs_dict.json
Save directory created or already exists at: /cwork/etb28/BIDS-1.1_GlobalLocal/BIDS/derivatives/decoding/figs/Stimulus_0.5sec_within-1.0-0.0sec_base_decFactor_8_outliers_10_drop_thresh_perc_5.0_70.0-150.0_Hz_padLength_0.5s_stat_func_ttest_ind_equal_var_False_nan_policy_omit

✗ Analysis failed with error: [Errno 2] No such file or directory: '/cwork/etb28/BIDS-1.1_GlobalLocal/BIDS/derivatives/freqFilt/figs/D0057/sig_chans_D0057_Stimulus_0.5sec_within-1.0-0.0sec_base_decFactor_8_outliers_10_drop_thresh_perc_5.0_70.0-150.0_Hz_padLength_0.5s_stat_func_ttest_ind_equal_var_False_nan_policy_omit.json'
