Intel(R) Extension for Scikit-learn* enabled (https://github.com/intel/scikit-learn-intelex)
/hpc/home/jz421/coganlab/jz421/GlobalLocal/src/analysis/utils/general_utils.py:422: RuntimeWarning: Concatenation of Annotations within Epochs is not supported yet. All annotations will be dropped.
  event_epochs = mne.concatenate_epochs(combined_epochs)
/hpc/home/jz421/coganlab/jz421/GlobalLocal/src/analysis/utils/general_utils.py:422: RuntimeWarning: Concatenation of Annotations within Epochs is not supported yet. All annotations will be dropped.
  event_epochs = mne.concatenate_epochs(combined_epochs)
/hpc/home/jz421/coganlab/jz421/GlobalLocal/src/analysis/utils/general_utils.py:422: RuntimeWarning: Concatenation of Annotations within Epochs is not supported yet. All annotations will be dropped.
  event_epochs = mne.concatenate_epochs(combined_epochs)
/hpc/home/jz421/coganlab/jz421/GlobalLocal/src/analysis/utils/general_utils.py:422: RuntimeWarning: Concatenation of Annotations within Epochs is not supported yet. All annotations will be dropped.
  event_epochs = mne.concatenate_epochs(combined_epochs)
/hpc/home/jz421/coganlab/jz421/GlobalLocal/src/analysis/utils/general_utils.py:422: RuntimeWarning: Concatenation of Annotations within Epochs is not supported yet. All annotations will be dropped.
  event_epochs = mne.concatenate_epochs(combined_epochs)
/hpc/home/jz421/coganlab/jz421/GlobalLocal/src/analysis/utils/general_utils.py:422: RuntimeWarning: Concatenation of Annotations within Epochs is not supported yet. All annotations will be dropped.
  event_epochs = mne.concatenate_epochs(combined_epochs)
/hpc/home/jz421/coganlab/jz421/GlobalLocal/src/analysis/utils/general_utils.py:422: RuntimeWarning: Concatenation of Annotations within Epochs is not supported yet. All annotations will be dropped.
  event_epochs = mne.concatenate_epochs(combined_epochs)
/hpc/home/jz421/coganlab/jz421/GlobalLocal/src/analysis/utils/general_utils.py:422: RuntimeWarning: Concatenation of Annotations within Epochs is not supported yet. All annotations will be dropped.
  event_epochs = mne.concatenate_epochs(combined_epochs)
[Parallel(n_jobs=1)]: Done   1 tasks      | elapsed:  4.9min
The PostScript backend does not support transparency; partially transparent artists will be rendered opaque.
The PostScript backend does not support transparency; partially transparent artists will be rendered opaque.
The PostScript backend does not support transparency; partially transparent artists will be rendered opaque.
The PostScript backend does not support transparency; partially transparent artists will be rendered opaque.
The PostScript backend does not support transparency; partially transparent artists will be rendered opaque.
The PostScript backend does not support transparency; partially transparent artists will be rendered opaque.
Traceback (most recent call last):
  File "/hpc/home/jz421/coganlab/jz421/GlobalLocal/dcc_scripts/decoding/run_decoding_dcc.py", line 233, in run_analysis
    main(args)
  File "/hpc/home/jz421/coganlab/jz421/GlobalLocal/dcc_scripts/decoding/decoding_dcc.py", line 692, in main
    lwpc_comparison_stats = do_time_perm_cluster_comparing_two_true_bootstrap_accuracy_distributions(
                            ^^^^^^^^^^^^^^^^^^^^^^^^^^^^^^^^^^^^^^^^^^^^^^^^^^^^^^^^^^^^^^^^^^^^^^^^^
  File "/hpc/home/jz421/coganlab/jz421/GlobalLocal/src/analysis/decoding/decoding.py", line 2753, in do_time_perm_cluster_comparing_two_true_bootstrap_accuracy_distributions
    significant_clusters, p_values = do_time_perm_cluster_comparing_two_true_bootstrap_accuracy_distributions_for_one_roi(
                                     ^^^^^^^^^^^^^^^^^^^^^^^^^^^^^^^^^^^^^^^^^^^^^^^^^^^^^^^^^^^^^^^^^^^^^^^^^^^^^^^^^^^^^
  File "/hpc/home/jz421/coganlab/jz421/GlobalLocal/src/analysis/decoding/decoding.py", line 2714, in do_time_perm_cluster_comparing_two_true_bootstrap_accuracy_distributions_for_one_roi
    significant_clusters, p_values = time_perm_cluster(
                                     ^^^^^^^^^^^^^^^^^^
  File "/hpc/home/jz421/miniconda3/envs/ieeg/lib/python3.11/site-packages/ieeg/calc/stats.py", line 450, in time_perm_cluster
    if p_cluster > 1 or p_cluster < 0 or p_thresh > 1 or p_thresh < 0:
       ^^^^^^^^^^^^^
TypeError: '>' not supported between instances of 'tuple' and 'int'
