/hpc/home/jz421/coganlab/jz421/GlobalLocal/src/analysis/utils/general_utils.py:441: RuntimeWarning: Concatenation of Annotations within Epochs is not supported yet. All annotations will be dropped.
  event_epochs = mne.concatenate_epochs(combined_epochs_list)
/hpc/home/jz421/coganlab/jz421/GlobalLocal/src/analysis/utils/general_utils.py:441: RuntimeWarning: Concatenation of Annotations within Epochs is not supported yet. All annotations will be dropped.
  event_epochs = mne.concatenate_epochs(combined_epochs_list)
/hpc/home/jz421/coganlab/jz421/GlobalLocal/src/analysis/utils/general_utils.py:441: RuntimeWarning: Concatenation of Annotations within Epochs is not supported yet. All annotations will be dropped.
  event_epochs = mne.concatenate_epochs(combined_epochs_list)
/hpc/home/jz421/coganlab/jz421/GlobalLocal/src/analysis/utils/general_utils.py:441: RuntimeWarning: Concatenation of Annotations within Epochs is not supported yet. All annotations will be dropped.
  event_epochs = mne.concatenate_epochs(combined_epochs_list)
/hpc/home/jz421/coganlab/jz421/GlobalLocal/src/analysis/utils/general_utils.py:441: RuntimeWarning: Concatenation of Annotations within Epochs is not supported yet. All annotations will be dropped.
  event_epochs = mne.concatenate_epochs(combined_epochs_list)
/hpc/home/jz421/coganlab/jz421/GlobalLocal/src/analysis/utils/general_utils.py:441: RuntimeWarning: Concatenation of Annotations within Epochs is not supported yet. All annotations will be dropped.
  event_epochs = mne.concatenate_epochs(combined_epochs_list)
/hpc/home/jz421/coganlab/jz421/GlobalLocal/src/analysis/utils/general_utils.py:441: RuntimeWarning: Concatenation of Annotations within Epochs is not supported yet. All annotations will be dropped.
  event_epochs = mne.concatenate_epochs(combined_epochs_list)
/hpc/home/jz421/coganlab/jz421/GlobalLocal/src/analysis/utils/general_utils.py:441: RuntimeWarning: Concatenation of Annotations within Epochs is not supported yet. All annotations will be dropped.
  event_epochs = mne.concatenate_epochs(combined_epochs_list)
[Parallel(n_jobs=1)]: Done   1 tasks      | elapsed: 17.0min
[Parallel(n_jobs=1)]: Done   1 tasks      | elapsed: 17.0min
Traceback (most recent call last):
  File "/hpc/home/jz421/coganlab/jz421/GlobalLocal/dcc_scripts/decoding/run_decoding_dcc.py", line 285, in run_analysis
    main(args)
  File "/hpc/home/jz421/coganlab/jz421/GlobalLocal/dcc_scripts/decoding/decoding_dcc.py", line 733, in main
    all_bootstrap_stats = compute_pooled_bootstrap_statistics(
                          ^^^^^^^^^^^^^^^^^^^^^^^^^^^^^^^^^^^^
  File "/hpc/home/jz421/coganlab/jz421/GlobalLocal/src/analysis/decoding/decoding.py", line 2745, in compute_pooled_bootstrap_statistics
    significant_cluster_indices = find_significant_clusters_of_series_vs_distribution_based_on_percentile(
                                  ^^^^^^^^^^^^^^^^^^^^^^^^^^^^^^^^^^^^^^^^^^^^^^^^^^^^^^^^^^^^^^^^^^^^^^^^
  File "/hpc/home/jz421/coganlab/jz421/GlobalLocal/src/analysis/decoding/decoding.py", line 2541, in find_significant_clusters_of_series_vs_distribution_based_on_percentile
    max_perm_cluster_lengths = get_max_perm_cluster_lengths_based_on_percentile(n_cluster_perms, distribution, percentile, random_state)
                               ^^^^^^^^^^^^^^^^^^^^^^^^^^^^^^^^^^^^^^^^^^^^^^^^^^^^^^^^^^^^^^^^^^^^^^^^^^^^^^^^^^^^^^^^^^^^^^^^^^^^^^^^^
  File "/hpc/home/jz421/coganlab/jz421/GlobalLocal/src/analysis/decoding/decoding.py", line 2623, in get_max_perm_cluster_lengths_based_on_percentile
    perm_threshold = np.percentile(remaining_rows, percentile, axis=0)
                     ^^^^^^^^^^^^^^^^^^^^^^^^^^^^^^^^^^^^^^^^^^^^^^^^^
  File "/hpc/home/jz421/miniconda3/envs/ieeg/lib/python3.11/site-packages/numpy/lib/_function_base_impl.py", line 4292, in percentile
    return _quantile_unchecked(
           ^^^^^^^^^^^^^^^^^^^^
  File "/hpc/home/jz421/miniconda3/envs/ieeg/lib/python3.11/site-packages/numpy/lib/_function_base_impl.py", line 4569, in _quantile_unchecked
    return _ureduce(a,
           ^^^^^^^^^^^
  File "/hpc/home/jz421/miniconda3/envs/ieeg/lib/python3.11/site-packages/numpy/lib/_function_base_impl.py", line 3914, in _ureduce
    r = func(a, **kwargs)
        ^^^^^^^^^^^^^^^^^
  File "/hpc/home/jz421/miniconda3/envs/ieeg/lib/python3.11/site-packages/numpy/lib/_function_base_impl.py", line 4744, in _quantile_ureduce_func
    result = _quantile(arr,
             ^^^^^^^^^^^^^^
  File "/hpc/home/jz421/miniconda3/envs/ieeg/lib/python3.11/site-packages/numpy/lib/_function_base_impl.py", line 4866, in _quantile
    slices_having_nans = np.isnan(arr[-1, ...])
                                  ~~~^^^^^^^^^
IndexError: index -1 is out of bounds for axis 0 with size 0
