['/hpc/home/jz421/coganlab/jz421/GlobalLocal', '/hpc/group/coganlab/jz421/GlobalLocal/dcc_scripts/decoding', '/hpc/home/jz421/miniconda3/envs/ieeg/lib/python311.zip', '/hpc/home/jz421/miniconda3/envs/ieeg/lib/python3.11', '/hpc/home/jz421/miniconda3/envs/ieeg/lib/python3.11/lib-dynload', '/hpc/home/jz421/miniconda3/envs/ieeg/lib/python3.11/site-packages', '/hpc/home/jz421/coganlab/jz421/GlobalLocal/IEEG_Pipelines/']
Qt5Agg backend not available, using default backend
Qt5Agg backend not available, using default backend

WARNING: Keras package is not installed. You will be unable to useall neural net decoders
['/hpc/home/jz421/coganlab/jz421/GlobalLocal', '/hpc/group/coganlab/jz421/GlobalLocal/dcc_scripts/decoding', '/hpc/home/jz421/miniconda3/envs/ieeg/lib/python311.zip', '/hpc/home/jz421/miniconda3/envs/ieeg/lib/python3.11', '/hpc/home/jz421/miniconda3/envs/ieeg/lib/python3.11/lib-dynload', '/hpc/home/jz421/miniconda3/envs/ieeg/lib/python3.11/site-packages', '/hpc/home/jz421/coganlab/jz421/GlobalLocal/IEEG_Pipelines/']
======================================================================
BANDPASS FILTERED DECODING ANALYSIS
======================================================================
Subjects:          ['D0057', 'D0059', 'D0063', 'D0065', 'D0069', 'D0071', 'D0077', 'D0090', 'D0094', 'D0100', 'D0102', 'D0103', 'D0107A', 'D0110', 'D0116', 'D0117', 'D0121']
Conditions:        ['Stimulus_c', 'Stimulus_i']
ROIs:              ['lpfc', 'occ', 'dlpfc', 'acc', 'parietal']
Permutations:      500
P-threshold:       0.05
Epochs file:       Stimulus_0.5sec_within-1-0sec_randoffset_StimulusBase_decFactor_8_markOutliersAsNaN_False_passband_70.0-150.0_padLength_0.5s_stat_func_ttest_ind_equal_var_False
Electrodes (all or sig):       all
Explained variance: 0.8
Balance method:     subsample
Obs axs:            0
Chans axs:          1
Time axs:           -1
----------------------------------------------------------------------
Decoding Parameters:
  CV Splits/Repeats: 5/500
  Shuffle Permutations: 500
  Balance Method:    subsample
  Explained Variance:0.8
  Window/Step (samp):32/16
  Sampling Rate (Hz):256
----------------------------------------------------------------------
Statistical Parameters:
  Cluster Perms:     500
  P-value Threshold: 0.05
  Tails:             1
======================================================================
======================================================================

Starting analysis...
Loaded data from /hpc/home/jz421/coganlab/jz421/GlobalLocal/src/analysis/config/subjects_electrodestoROIs_dict.json
Save directory created or already exists at: /cwork/jz421/BIDS-1.1_GlobalLocal/BIDS/derivatives/decoding/figs/Stimulus_0.5sec_within-1-0sec_randoffset_StimulusBase_decFactor_8_markOutliersAsNaN_False_passband_70.0-150.0_padLength_0.5s_stat_func_ttest_ind_equal_var_False
Loaded significant channels for subject D0057
Loaded significant channels for subject D0059
Loaded significant channels for subject D0063
Loaded significant channels for subject D0065
Loaded significant channels for subject D0069
Loaded significant channels for subject D0071
Loaded significant channels for subject D0077
Loaded significant channels for subject D0090
Loaded significant channels for subject D0094
Loaded significant channels for subject D0100
Loaded significant channels for subject D0102
Loaded significant channels for subject D0103
Loaded significant channels for subject D0107A
Loaded significant channels for subject D0110
Loaded significant channels for subject D0116
Loaded significant channels for subject D0117
Loaded significant channels for subject D0121
For subject D0057, G_front_inf-Opercular, G_front_inf-Orbital, G_front_inf-Triangul, G_front_middle, G_front_sup, Lat_Fis-ant-Horizont, Lat_Fis-ant-Vertical, S_circular_insula_ant, S_circular_insula_sup, S_front_inf, S_front_middle, S_front_sup electrodes are: ['RAI6', 'RAI12', 'RAI13', 'RAI14', 'RAI15', 'RAI16', 'RPI15', 'RPI14', 'RAMF10', 'RAMF11', 'RAMF12', 'RAMF13', 'RAMF14', 'RAIF11', 'RAIF12', 'RAIF13', 'RAIF14']
For subject D0059, G_front_inf-Opercular, G_front_inf-Orbital, G_front_inf-Triangul, G_front_middle, G_front_sup, Lat_Fis-ant-Horizont, Lat_Fis-ant-Vertical, S_circular_insula_ant, S_circular_insula_sup, S_front_inf, S_front_middle, S_front_sup electrodes are: ['LMMF9', 'LMMF11', 'LMMF10', 'LMMF12', 'LPSF16']
For subject D0063, G_front_inf-Opercular, G_front_inf-Orbital, G_front_inf-Triangul, G_front_middle, G_front_sup, Lat_Fis-ant-Horizont, Lat_Fis-ant-Vertical, S_circular_insula_ant, S_circular_insula_sup, S_front_inf, S_front_middle, S_front_sup electrodes are: ['LASF10', 'LASF11', 'LASF14', 'LASF15', 'LASF16', 'LMSF5', 'LMSF6', 'LMSF12', 'LPSF10', 'LPSF12', 'ROF16', 'RAI16', 'RAMF11', 'RAMF12', 'RAMF13', 'RAMF14', 'RMMF13', 'RMMF14', 'RAI4', 'RAI6', 'RAI5', 'RAI10', 'RAI11', 'RASF15', 'RASF16', 'RMSF8', 'RMSF9', 'RMSF10', 'RMSF11', 'RMSF12', 'RMSF7', 'RAMF8', 'RAMF9', 'RAMF10', 'RMMF9', 'RMMF10']
For subject D0065, G_front_inf-Opercular, G_front_inf-Orbital, G_front_inf-Triangul, G_front_middle, G_front_sup, Lat_Fis-ant-Horizont, Lat_Fis-ant-Vertical, S_circular_insula_ant, S_circular_insula_sup, S_front_inf, S_front_middle, S_front_sup electrodes are: ['RASF13', 'RASF14', 'RASF15', 'RASF16', 'RMSF11', 'RMSF12', 'RMSF13', 'RMSF14', 'RI7']
For subject D0069, G_front_inf-Opercular, G_front_inf-Orbital, G_front_inf-Triangul, G_front_middle, G_front_sup, Lat_Fis-ant-Horizont, Lat_Fis-ant-Vertical, S_circular_insula_ant, S_circular_insula_sup, S_front_inf, S_front_middle, S_front_sup electrodes are: ['LOF8']
For subject D0071, G_front_inf-Opercular, G_front_inf-Orbital, G_front_inf-Triangul, G_front_middle, G_front_sup, Lat_Fis-ant-Horizont, Lat_Fis-ant-Vertical, S_circular_insula_ant, S_circular_insula_sup, S_front_inf, S_front_middle, S_front_sup electrodes are: ['RFO14', 'RFO16', 'RIA4', 'RIP6', 'RIA5', 'RIA11', 'RIA12', 'RIA13', 'RIA14', 'RIA16', 'RIP14', 'RIP15', 'RIP16']
For subject D0077, G_front_inf-Opercular, G_front_inf-Orbital, G_front_inf-Triangul, G_front_middle, G_front_sup, Lat_Fis-ant-Horizont, Lat_Fis-ant-Vertical, S_circular_insula_ant, S_circular_insula_sup, S_front_inf, S_front_middle, S_front_sup electrodes are: []
For subject D0090, G_front_inf-Opercular, G_front_inf-Orbital, G_front_inf-Triangul, G_front_middle, G_front_sup, Lat_Fis-ant-Horizont, Lat_Fis-ant-Vertical, S_circular_insula_ant, S_circular_insula_sup, S_front_inf, S_front_middle, S_front_sup electrodes are: ['RFO15', 'RIA6', 'RIA11', 'RIA12', 'RIA14', 'RIA15', 'RIA16', 'RIP7']
For subject D0094, G_front_inf-Opercular, G_front_inf-Orbital, G_front_inf-Triangul, G_front_middle, G_front_sup, Lat_Fis-ant-Horizont, Lat_Fis-ant-Vertical, S_circular_insula_ant, S_circular_insula_sup, S_front_inf, S_front_middle, S_front_sup electrodes are: ['LFO12', 'LFO13', 'LFO15', 'LFO16', 'LFAM8', 'LFAM9', 'LFAM10', 'LFAM13', 'LFAM14', 'LFPM10', 'LFPM11', 'LFPM12', 'LPAS1', 'LIA16', 'LFAI3', 'LFAI4', 'LFAI5', 'LFPI10', 'LPAI9', 'LPAI10', 'LIA4', 'LIA5', 'LFAI9', 'LFAI10', 'LIA11', 'LIA12', 'LIA13', 'LIA14']
For subject D0100, G_front_inf-Opercular, G_front_inf-Orbital, G_front_inf-Triangul, G_front_middle, G_front_sup, Lat_Fis-ant-Horizont, Lat_Fis-ant-Vertical, S_circular_insula_ant, S_circular_insula_sup, S_front_inf, S_front_middle, S_front_sup electrodes are: []
For subject D0102, G_front_inf-Opercular, G_front_inf-Orbital, G_front_inf-Triangul, G_front_middle, G_front_sup, Lat_Fis-ant-Horizont, Lat_Fis-ant-Vertical, S_circular_insula_ant, S_circular_insula_sup, S_front_inf, S_front_middle, S_front_sup electrodes are: ['RFO13', 'RFO14', 'RFAM15', 'RFAI2', 'RFAI3']
For subject D0103, G_front_inf-Opercular, G_front_inf-Orbital, G_front_inf-Triangul, G_front_middle, G_front_sup, Lat_Fis-ant-Horizont, Lat_Fis-ant-Vertical, S_circular_insula_ant, S_circular_insula_sup, S_front_inf, S_front_middle, S_front_sup electrodes are: ['LFAM8', 'LFAM9', 'LAI13', 'LAI14', 'LFAM15', 'LAI4', 'LAI7', 'LAI8', 'LAI18', 'LFO15', 'LFAI4']
For subject D0107A, G_front_inf-Opercular, G_front_inf-Orbital, G_front_inf-Triangul, G_front_middle, G_front_sup, Lat_Fis-ant-Horizont, Lat_Fis-ant-Vertical, S_circular_insula_ant, S_circular_insula_sup, S_front_inf, S_front_middle, S_front_sup electrodes are: ['RFOA16', 'RFOA17', 'RFOA18', 'RFAI3', 'RIA5', 'RIA6', 'RFAM7', 'RFAM9', 'RFAM10', 'RFAM11', 'RFAM12', 'RFMM9', 'RFMM11', 'RFMM12', 'RFMM13', 'RFMM14', 'RFMM15', 'RFMM8', 'RIA12', 'RIA13', 'RIA14', 'RIA15', 'RIA16', 'RIA17', 'RIA18']
For subject D0110, G_front_inf-Opercular, G_front_inf-Orbital, G_front_inf-Triangul, G_front_middle, G_front_sup, Lat_Fis-ant-Horizont, Lat_Fis-ant-Vertical, S_circular_insula_ant, S_circular_insula_sup, S_front_inf, S_front_middle, S_front_sup electrodes are: ['LASF10', 'LOF13', 'LOF15', 'LINS4', 'LINS5']
For subject D0116, G_front_inf-Opercular, G_front_inf-Orbital, G_front_inf-Triangul, G_front_middle, G_front_sup, Lat_Fis-ant-Horizont, Lat_Fis-ant-Vertical, S_circular_insula_ant, S_circular_insula_sup, S_front_inf, S_front_middle, S_front_sup electrodes are: ['LFOA14', 'LFOA17', 'LFOA18', 'LFOP15', 'LFAM10', 'LFAM11', 'LFMM14', 'LAI12', 'LAI16', 'LFAM12', 'LAI7', 'LAI8', 'LFMI3', 'LFMI5', 'LFMI6', 'RFOA14', 'RFOA15', 'RFOA16', 'RFOP15', 'RFMM10', 'RFMM11', 'RFMM12', 'RAI7', 'RAI11', 'RAI12', 'RAI14', 'RAI15', 'RAI16', 'RAI17', 'RFMI4']
For subject D0117, G_front_inf-Opercular, G_front_inf-Orbital, G_front_inf-Triangul, G_front_middle, G_front_sup, Lat_Fis-ant-Horizont, Lat_Fis-ant-Vertical, S_circular_insula_ant, S_circular_insula_sup, S_front_inf, S_front_middle, S_front_sup electrodes are: ['RMOF15', 'RINSA15', 'RINSA16', 'RLOF10', 'RLOF11', 'RLOF16', 'RINSA3', 'RINSA11', 'RINSA12', 'RINSA13', 'RINSA14']
For subject D0121, G_front_inf-Opercular, G_front_inf-Orbital, G_front_inf-Triangul, G_front_middle, G_front_sup, Lat_Fis-ant-Horizont, Lat_Fis-ant-Vertical, S_circular_insula_ant, S_circular_insula_sup, S_front_inf, S_front_middle, S_front_sup electrodes are: ['LFOA15', 'LFOP12', 'LFO5', 'LFO6', 'LFO8', 'LFO9', 'LFO12', 'LFO13', 'LFO14', 'LFO15', 'LFO16', 'LFO17', 'LFO18', 'LFA1', 'LFA2', 'LFP16', 'LFP17', 'LFPS1', 'LFPS2', 'LFPP1', 'LFOP13', 'LFOP15', 'LFOP16', 'LFOP18', 'LFA7', 'LFA8', 'LFAS6', 'LFAM8', 'LFAM9', 'LFA9', 'LFA10', 'LFA11', 'LFA12', 'LFAM10', 'LFAM11', 'LFAM12', 'LFMM8', 'LFMM9', 'LFMM10', 'LFMM11', 'LFMM12', 'LFAS7', 'LFAS8', 'LFAS9', 'LFAS10', 'LFMS7', 'LFMS9', 'LFMS10', 'LFMS11', 'LFMS12', 'LFPS6', 'LFPS7', 'LFPS9', 'LFPS10', 'LFPP7', 'LFPP9', 'LFPP10', 'LFMI4', 'LFMI5', 'LFMI8', 'LFMI9']
Subject D0057 significant G_front_inf-Opercular, G_front_inf-Orbital, G_front_inf-Triangul, G_front_middle, G_front_sup, Lat_Fis-ant-Horizont, Lat_Fis-ant-Vertical, S_circular_insula_ant, S_circular_insula_sup, S_front_inf, S_front_middle, S_front_sup electrodes: ['RAI6', 'RPI15', 'RPI14', 'RAMF13', 'RAMF14']
Subject D0059 significant G_front_inf-Opercular, G_front_inf-Orbital, G_front_inf-Triangul, G_front_middle, G_front_sup, Lat_Fis-ant-Horizont, Lat_Fis-ant-Vertical, S_circular_insula_ant, S_circular_insula_sup, S_front_inf, S_front_middle, S_front_sup electrodes: ['LMMF9', 'LMMF11', 'LMMF10', 'LMMF12', 'LPSF16']
Subject D0063 significant G_front_inf-Opercular, G_front_inf-Orbital, G_front_inf-Triangul, G_front_middle, G_front_sup, Lat_Fis-ant-Horizont, Lat_Fis-ant-Vertical, S_circular_insula_ant, S_circular_insula_sup, S_front_inf, S_front_middle, S_front_sup electrodes: ['LASF15', 'LMSF5', 'RAMF11', 'RAMF12', 'RAMF13', 'RMMF13', 'RMMF14', 'RAI4', 'RAI6', 'RAI10', 'RMMF10']
Subject D0065 significant G_front_inf-Opercular, G_front_inf-Orbital, G_front_inf-Triangul, G_front_middle, G_front_sup, Lat_Fis-ant-Horizont, Lat_Fis-ant-Vertical, S_circular_insula_ant, S_circular_insula_sup, S_front_inf, S_front_middle, S_front_sup electrodes: ['RASF14']
Subject D0069 significant G_front_inf-Opercular, G_front_inf-Orbital, G_front_inf-Triangul, G_front_middle, G_front_sup, Lat_Fis-ant-Horizont, Lat_Fis-ant-Vertical, S_circular_insula_ant, S_circular_insula_sup, S_front_inf, S_front_middle, S_front_sup electrodes: []
Subject D0071 significant G_front_inf-Opercular, G_front_inf-Orbital, G_front_inf-Triangul, G_front_middle, G_front_sup, Lat_Fis-ant-Horizont, Lat_Fis-ant-Vertical, S_circular_insula_ant, S_circular_insula_sup, S_front_inf, S_front_middle, S_front_sup electrodes: ['RFO14', 'RFO16', 'RIA4', 'RIP6', 'RIA5', 'RIA11', 'RIA12', 'RIA13', 'RIA14', 'RIA16', 'RIP16']
Subject D0077 significant G_front_inf-Opercular, G_front_inf-Orbital, G_front_inf-Triangul, G_front_middle, G_front_sup, Lat_Fis-ant-Horizont, Lat_Fis-ant-Vertical, S_circular_insula_ant, S_circular_insula_sup, S_front_inf, S_front_middle, S_front_sup electrodes: []
Subject D0090 significant G_front_inf-Opercular, G_front_inf-Orbital, G_front_inf-Triangul, G_front_middle, G_front_sup, Lat_Fis-ant-Horizont, Lat_Fis-ant-Vertical, S_circular_insula_ant, S_circular_insula_sup, S_front_inf, S_front_middle, S_front_sup electrodes: ['RIA6', 'RIA11']
Subject D0094 significant G_front_inf-Opercular, G_front_inf-Orbital, G_front_inf-Triangul, G_front_middle, G_front_sup, Lat_Fis-ant-Horizont, Lat_Fis-ant-Vertical, S_circular_insula_ant, S_circular_insula_sup, S_front_inf, S_front_middle, S_front_sup electrodes: ['LFAM8', 'LFAM9', 'LFAM10', 'LFPM10', 'LFPM11', 'LFPM12', 'LFAI5', 'LFPI10', 'LFAI9', 'LFAI10', 'LIA11']
Subject D0100 significant G_front_inf-Opercular, G_front_inf-Orbital, G_front_inf-Triangul, G_front_middle, G_front_sup, Lat_Fis-ant-Horizont, Lat_Fis-ant-Vertical, S_circular_insula_ant, S_circular_insula_sup, S_front_inf, S_front_middle, S_front_sup electrodes: []
Subject D0102 significant G_front_inf-Opercular, G_front_inf-Orbital, G_front_inf-Triangul, G_front_middle, G_front_sup, Lat_Fis-ant-Horizont, Lat_Fis-ant-Vertical, S_circular_insula_ant, S_circular_insula_sup, S_front_inf, S_front_middle, S_front_sup electrodes: ['RFO13', 'RFO14', 'RFAM15']
Subject D0103 significant G_front_inf-Opercular, G_front_inf-Orbital, G_front_inf-Triangul, G_front_middle, G_front_sup, Lat_Fis-ant-Horizont, Lat_Fis-ant-Vertical, S_circular_insula_ant, S_circular_insula_sup, S_front_inf, S_front_middle, S_front_sup electrodes: ['LFAM8', 'LFAM9', 'LAI13', 'LAI14', 'LAI4', 'LAI7', 'LAI8', 'LFAI4']
Subject D0107A significant G_front_inf-Opercular, G_front_inf-Orbital, G_front_inf-Triangul, G_front_middle, G_front_sup, Lat_Fis-ant-Horizont, Lat_Fis-ant-Vertical, S_circular_insula_ant, S_circular_insula_sup, S_front_inf, S_front_middle, S_front_sup electrodes: ['RFOA17', 'RFOA18', 'RFAI3', 'RIA5', 'RIA6', 'RFAM7', 'RFAM9', 'RFAM10', 'RFAM12', 'RFMM9', 'RFMM8', 'RIA13', 'RIA14', 'RIA15']
Subject D0110 significant G_front_inf-Opercular, G_front_inf-Orbital, G_front_inf-Triangul, G_front_middle, G_front_sup, Lat_Fis-ant-Horizont, Lat_Fis-ant-Vertical, S_circular_insula_ant, S_circular_insula_sup, S_front_inf, S_front_middle, S_front_sup electrodes: ['LASF10', 'LINS4']
Subject D0116 significant G_front_inf-Opercular, G_front_inf-Orbital, G_front_inf-Triangul, G_front_middle, G_front_sup, Lat_Fis-ant-Horizont, Lat_Fis-ant-Vertical, S_circular_insula_ant, S_circular_insula_sup, S_front_inf, S_front_middle, S_front_sup electrodes: ['LFAM10', 'LFAM11', 'LFMM14', 'LAI12', 'LAI16', 'LFAM12', 'LAI7', 'LAI8', 'LFMI3', 'RFOA14', 'RFOA16', 'RFMM10', 'RFMM11', 'RFMM12', 'RAI11', 'RAI12', 'RAI15', 'RAI17']
Subject D0117 significant G_front_inf-Opercular, G_front_inf-Orbital, G_front_inf-Triangul, G_front_middle, G_front_sup, Lat_Fis-ant-Horizont, Lat_Fis-ant-Vertical, S_circular_insula_ant, S_circular_insula_sup, S_front_inf, S_front_middle, S_front_sup electrodes: ['RLOF10', 'RLOF11', 'RINSA3', 'RINSA12', 'RINSA13']
Subject D0121 significant G_front_inf-Opercular, G_front_inf-Orbital, G_front_inf-Triangul, G_front_middle, G_front_sup, Lat_Fis-ant-Horizont, Lat_Fis-ant-Vertical, S_circular_insula_ant, S_circular_insula_sup, S_front_inf, S_front_middle, S_front_sup electrodes: ['LFO9', 'LFP17', 'LFPS1', 'LFPS2', 'LFPP1', 'LFA9', 'LFA10', 'LFA11', 'LFA12', 'LFAM10', 'LFMM8', 'LFMM9', 'LFMM10', 'LFMM11', 'LFMM12', 'LFAS10', 'LFMS7', 'LFPS6', 'LFMI4', 'LFMI5']
For subject D0057, G_cuneus, G_and_S_occipital_inf, G_occipital_middle, G_occipital_sup, G_oc-temp_lat-fusifor, G_oc-temp_med-Lingual, Pole_occipital, S_calcarine, S_oc_middle_and_Lunatus, S_oc_sup_and_transversal, S_occipital_ant electrodes are: ['RPIT1']
For subject D0059, G_cuneus, G_and_S_occipital_inf, G_occipital_middle, G_occipital_sup, G_oc-temp_lat-fusifor, G_oc-temp_med-Lingual, Pole_occipital, S_calcarine, S_oc_middle_and_Lunatus, S_oc_sup_and_transversal, S_occipital_ant electrodes are: ['LPT13']
For subject D0063, G_cuneus, G_and_S_occipital_inf, G_occipital_middle, G_occipital_sup, G_oc-temp_lat-fusifor, G_oc-temp_med-Lingual, Pole_occipital, S_calcarine, S_oc_middle_and_Lunatus, S_oc_sup_and_transversal, S_occipital_ant electrodes are: ['RMMT1', 'RMMT2']
For subject D0065, G_cuneus, G_and_S_occipital_inf, G_occipital_middle, G_occipital_sup, G_oc-temp_lat-fusifor, G_oc-temp_med-Lingual, Pole_occipital, S_calcarine, S_oc_middle_and_Lunatus, S_oc_sup_and_transversal, S_occipital_ant electrodes are: ['RPMT1', 'RPIT1', 'RPIT2']
For subject D0069, G_cuneus, G_and_S_occipital_inf, G_occipital_middle, G_occipital_sup, G_oc-temp_lat-fusifor, G_oc-temp_med-Lingual, Pole_occipital, S_calcarine, S_oc_middle_and_Lunatus, S_oc_sup_and_transversal, S_occipital_ant electrodes are: []
For subject D0071, G_cuneus, G_and_S_occipital_inf, G_occipital_middle, G_occipital_sup, G_oc-temp_lat-fusifor, G_oc-temp_med-Lingual, Pole_occipital, S_calcarine, S_oc_middle_and_Lunatus, S_oc_sup_and_transversal, S_occipital_ant electrodes are: ['RTPI1', 'RO1', 'RO2', 'RO10']
For subject D0077, G_cuneus, G_and_S_occipital_inf, G_occipital_middle, G_occipital_sup, G_oc-temp_lat-fusifor, G_oc-temp_med-Lingual, Pole_occipital, S_calcarine, S_oc_middle_and_Lunatus, S_oc_sup_and_transversal, S_occipital_ant electrodes are: ['RTPI2', 'ROPI5', 'ROPI6', 'ROPI8', 'ROPM9', 'ROPM11', 'ROPM12', 'ROPM1', 'ROPM8']
For subject D0090, G_cuneus, G_and_S_occipital_inf, G_occipital_middle, G_occipital_sup, G_oc-temp_lat-fusifor, G_oc-temp_med-Lingual, Pole_occipital, S_calcarine, S_oc_middle_and_Lunatus, S_oc_sup_and_transversal, S_occipital_ant electrodes are: ['RTPO1', 'RTPI1', 'RTPI2']
For subject D0094, G_cuneus, G_and_S_occipital_inf, G_occipital_middle, G_occipital_sup, G_oc-temp_lat-fusifor, G_oc-temp_med-Lingual, Pole_occipital, S_calcarine, S_oc_middle_and_Lunatus, S_oc_sup_and_transversal, S_occipital_ant electrodes are: []
For subject D0100, G_cuneus, G_and_S_occipital_inf, G_occipital_middle, G_occipital_sup, G_oc-temp_lat-fusifor, G_oc-temp_med-Lingual, Pole_occipital, S_calcarine, S_oc_middle_and_Lunatus, S_oc_sup_and_transversal, S_occipital_ant electrodes are: ['LTOJ1', 'LTPI1', 'LOAI1', 'LOPI1', 'LOPI4', 'LOPM1', 'LTOJ3', 'LTOJ4', 'LOMM3', 'LOMM4', 'LOMM5', 'LOPM2', 'LTOJ13', 'LOAI12', 'LOAI13', 'LOAI14', 'LOAI15', 'LOMI8', 'LOMI9', 'LOMI11', 'LOMI12', 'LOPI9', 'LOPI10', 'LOAM15', 'LOMM15', 'LOPM10', 'LOMS13', 'LOMS14', 'LOMS15', 'LOPS9', 'LOPS11', 'LOPS12', 'LPPI14', 'LPPI15', 'LOMM13', 'LOMM14', 'LOMS11', 'LOMS12', 'LOPM8', 'LOPM9', 'LPPI7', 'LPPI8', 'LPPI9']
For subject D0102, G_cuneus, G_and_S_occipital_inf, G_occipital_middle, G_occipital_sup, G_oc-temp_lat-fusifor, G_oc-temp_med-Lingual, Pole_occipital, S_calcarine, S_oc_middle_and_Lunatus, S_oc_sup_and_transversal, S_occipital_ant electrodes are: ['RTAI6', 'RTPI1']
For subject D0103, G_cuneus, G_and_S_occipital_inf, G_occipital_middle, G_occipital_sup, G_oc-temp_lat-fusifor, G_oc-temp_med-Lingual, Pole_occipital, S_calcarine, S_oc_middle_and_Lunatus, S_oc_sup_and_transversal, S_occipital_ant electrodes are: ['LTLI3', 'LTPI2', 'LTPI3', 'LTPI4']
For subject D0107A, G_cuneus, G_and_S_occipital_inf, G_occipital_middle, G_occipital_sup, G_oc-temp_lat-fusifor, G_oc-temp_med-Lingual, Pole_occipital, S_calcarine, S_oc_middle_and_Lunatus, S_oc_sup_and_transversal, S_occipital_ant electrodes are: ['RTPI3']
For subject D0110, G_cuneus, G_and_S_occipital_inf, G_occipital_middle, G_occipital_sup, G_oc-temp_lat-fusifor, G_oc-temp_med-Lingual, Pole_occipital, S_calcarine, S_oc_middle_and_Lunatus, S_oc_sup_and_transversal, S_occipital_ant electrodes are: []
For subject D0116, G_cuneus, G_and_S_occipital_inf, G_occipital_middle, G_occipital_sup, G_oc-temp_lat-fusifor, G_oc-temp_med-Lingual, Pole_occipital, S_calcarine, S_oc_middle_and_Lunatus, S_oc_sup_and_transversal, S_occipital_ant electrodes are: []
For subject D0117, G_cuneus, G_and_S_occipital_inf, G_occipital_middle, G_occipital_sup, G_oc-temp_lat-fusifor, G_oc-temp_med-Lingual, Pole_occipital, S_calcarine, S_oc_middle_and_Lunatus, S_oc_sup_and_transversal, S_occipital_ant electrodes are: []
For subject D0121, G_cuneus, G_and_S_occipital_inf, G_occipital_middle, G_occipital_sup, G_oc-temp_lat-fusifor, G_oc-temp_med-Lingual, Pole_occipital, S_calcarine, S_oc_middle_and_Lunatus, S_oc_sup_and_transversal, S_occipital_ant electrodes are: []
Subject D0057 significant G_cuneus, G_and_S_occipital_inf, G_occipital_middle, G_occipital_sup, G_oc-temp_lat-fusifor, G_oc-temp_med-Lingual, Pole_occipital, S_calcarine, S_oc_middle_and_Lunatus, S_oc_sup_and_transversal, S_occipital_ant electrodes: []
Subject D0059 significant G_cuneus, G_and_S_occipital_inf, G_occipital_middle, G_occipital_sup, G_oc-temp_lat-fusifor, G_oc-temp_med-Lingual, Pole_occipital, S_calcarine, S_oc_middle_and_Lunatus, S_oc_sup_and_transversal, S_occipital_ant electrodes: []
Subject D0063 significant G_cuneus, G_and_S_occipital_inf, G_occipital_middle, G_occipital_sup, G_oc-temp_lat-fusifor, G_oc-temp_med-Lingual, Pole_occipital, S_calcarine, S_oc_middle_and_Lunatus, S_oc_sup_and_transversal, S_occipital_ant electrodes: []
Subject D0065 significant G_cuneus, G_and_S_occipital_inf, G_occipital_middle, G_occipital_sup, G_oc-temp_lat-fusifor, G_oc-temp_med-Lingual, Pole_occipital, S_calcarine, S_oc_middle_and_Lunatus, S_oc_sup_and_transversal, S_occipital_ant electrodes: ['RPMT1', 'RPIT1', 'RPIT2']
Subject D0069 significant G_cuneus, G_and_S_occipital_inf, G_occipital_middle, G_occipital_sup, G_oc-temp_lat-fusifor, G_oc-temp_med-Lingual, Pole_occipital, S_calcarine, S_oc_middle_and_Lunatus, S_oc_sup_and_transversal, S_occipital_ant electrodes: []
Subject D0071 significant G_cuneus, G_and_S_occipital_inf, G_occipital_middle, G_occipital_sup, G_oc-temp_lat-fusifor, G_oc-temp_med-Lingual, Pole_occipital, S_calcarine, S_oc_middle_and_Lunatus, S_oc_sup_and_transversal, S_occipital_ant electrodes: ['RO1', 'RO2', 'RO10']
Subject D0077 significant G_cuneus, G_and_S_occipital_inf, G_occipital_middle, G_occipital_sup, G_oc-temp_lat-fusifor, G_oc-temp_med-Lingual, Pole_occipital, S_calcarine, S_oc_middle_and_Lunatus, S_oc_sup_and_transversal, S_occipital_ant electrodes: ['ROPI5', 'ROPI6', 'ROPM9', 'ROPM1', 'ROPM8']
Subject D0090 significant G_cuneus, G_and_S_occipital_inf, G_occipital_middle, G_occipital_sup, G_oc-temp_lat-fusifor, G_oc-temp_med-Lingual, Pole_occipital, S_calcarine, S_oc_middle_and_Lunatus, S_oc_sup_and_transversal, S_occipital_ant electrodes: ['RTPO1', 'RTPI2']
Subject D0094 significant G_cuneus, G_and_S_occipital_inf, G_occipital_middle, G_occipital_sup, G_oc-temp_lat-fusifor, G_oc-temp_med-Lingual, Pole_occipital, S_calcarine, S_oc_middle_and_Lunatus, S_oc_sup_and_transversal, S_occipital_ant electrodes: []
Subject D0100 significant G_cuneus, G_and_S_occipital_inf, G_occipital_middle, G_occipital_sup, G_oc-temp_lat-fusifor, G_oc-temp_med-Lingual, Pole_occipital, S_calcarine, S_oc_middle_and_Lunatus, S_oc_sup_and_transversal, S_occipital_ant electrodes: ['LTOJ1', 'LOPM1', 'LTOJ3', 'LOMM3', 'LOMM4', 'LOMM5', 'LTOJ13', 'LOAI12', 'LOAI13', 'LOAI14', 'LOAI15', 'LOMI8', 'LOMI9', 'LOMI11', 'LOMI12', 'LOPI9', 'LOPI10', 'LOAM15', 'LOPM10', 'LOMS13', 'LOPS12', 'LOMM13', 'LOMM14', 'LOPM8', 'LOPM9', 'LPPI7', 'LPPI8', 'LPPI9']
Subject D0102 significant G_cuneus, G_and_S_occipital_inf, G_occipital_middle, G_occipital_sup, G_oc-temp_lat-fusifor, G_oc-temp_med-Lingual, Pole_occipital, S_calcarine, S_oc_middle_and_Lunatus, S_oc_sup_and_transversal, S_occipital_ant electrodes: ['RTPI1']
Subject D0103 significant G_cuneus, G_and_S_occipital_inf, G_occipital_middle, G_occipital_sup, G_oc-temp_lat-fusifor, G_oc-temp_med-Lingual, Pole_occipital, S_calcarine, S_oc_middle_and_Lunatus, S_oc_sup_and_transversal, S_occipital_ant electrodes: ['LTLI3', 'LTPI2', 'LTPI3', 'LTPI4']
Subject D0107A significant G_cuneus, G_and_S_occipital_inf, G_occipital_middle, G_occipital_sup, G_oc-temp_lat-fusifor, G_oc-temp_med-Lingual, Pole_occipital, S_calcarine, S_oc_middle_and_Lunatus, S_oc_sup_and_transversal, S_occipital_ant electrodes: []
Subject D0110 significant G_cuneus, G_and_S_occipital_inf, G_occipital_middle, G_occipital_sup, G_oc-temp_lat-fusifor, G_oc-temp_med-Lingual, Pole_occipital, S_calcarine, S_oc_middle_and_Lunatus, S_oc_sup_and_transversal, S_occipital_ant electrodes: []
Subject D0116 significant G_cuneus, G_and_S_occipital_inf, G_occipital_middle, G_occipital_sup, G_oc-temp_lat-fusifor, G_oc-temp_med-Lingual, Pole_occipital, S_calcarine, S_oc_middle_and_Lunatus, S_oc_sup_and_transversal, S_occipital_ant electrodes: []
Subject D0117 significant G_cuneus, G_and_S_occipital_inf, G_occipital_middle, G_occipital_sup, G_oc-temp_lat-fusifor, G_oc-temp_med-Lingual, Pole_occipital, S_calcarine, S_oc_middle_and_Lunatus, S_oc_sup_and_transversal, S_occipital_ant electrodes: []
Subject D0121 significant G_cuneus, G_and_S_occipital_inf, G_occipital_middle, G_occipital_sup, G_oc-temp_lat-fusifor, G_oc-temp_med-Lingual, Pole_occipital, S_calcarine, S_oc_middle_and_Lunatus, S_oc_sup_and_transversal, S_occipital_ant electrodes: []
For subject D0057, G_front_middle, G_front_sup, S_front_inf, S_front_middle, S_front_sup electrodes are: ['RAI12', 'RAI13', 'RAI14', 'RAI15', 'RAI16', 'RPI15', 'RPI14', 'RAMF10', 'RAMF11', 'RAMF12', 'RAMF13', 'RAMF14']
For subject D0059, G_front_middle, G_front_sup, S_front_inf, S_front_middle, S_front_sup electrodes are: ['LMMF9', 'LMMF11', 'LMMF10', 'LMMF12', 'LPSF16']
For subject D0063, G_front_middle, G_front_sup, S_front_inf, S_front_middle, S_front_sup electrodes are: ['LASF10', 'LASF11', 'LASF14', 'LASF15', 'LASF16', 'LMSF5', 'LMSF6', 'LMSF12', 'LPSF10', 'LPSF12', 'ROF16', 'RAI16', 'RAMF11', 'RAMF12', 'RAMF13', 'RAMF14', 'RMMF13', 'RMMF14', 'RAI10', 'RAI11', 'RASF15', 'RASF16', 'RMSF8', 'RMSF9', 'RMSF10', 'RMSF11', 'RMSF12', 'RMSF7', 'RAMF8', 'RAMF9', 'RAMF10', 'RMMF9', 'RMMF10']
For subject D0065, G_front_middle, G_front_sup, S_front_inf, S_front_middle, S_front_sup electrodes are: ['RASF13', 'RASF14', 'RASF15', 'RASF16', 'RMSF11', 'RMSF12', 'RMSF13', 'RMSF14']
For subject D0069, G_front_middle, G_front_sup, S_front_inf, S_front_middle, S_front_sup electrodes are: []
For subject D0071, G_front_middle, G_front_sup, S_front_inf, S_front_middle, S_front_sup electrodes are: ['RIA11', 'RIA12', 'RIA13', 'RIA14', 'RIA16', 'RIP14', 'RIP15', 'RIP16']
For subject D0077, G_front_middle, G_front_sup, S_front_inf, S_front_middle, S_front_sup electrodes are: []
For subject D0090, G_front_middle, G_front_sup, S_front_inf, S_front_middle, S_front_sup electrodes are: ['RIA11', 'RIA12', 'RIA14', 'RIA15', 'RIA16']
For subject D0094, G_front_middle, G_front_sup, S_front_inf, S_front_middle, S_front_sup electrodes are: ['LFAM8', 'LFAM9', 'LFAM10', 'LFAM13', 'LFAM14', 'LFPM10', 'LFPM11', 'LFPM12', 'LPAS1', 'LIA16', 'LIA11', 'LIA12', 'LIA13', 'LIA14']
For subject D0100, G_front_middle, G_front_sup, S_front_inf, S_front_middle, S_front_sup electrodes are: []
For subject D0102, G_front_middle, G_front_sup, S_front_inf, S_front_middle, S_front_sup electrodes are: ['RFAM15']
For subject D0103, G_front_middle, G_front_sup, S_front_inf, S_front_middle, S_front_sup electrodes are: ['LFAM8', 'LFAM9', 'LAI13', 'LAI14', 'LFAM15', 'LAI18']
For subject D0107A, G_front_middle, G_front_sup, S_front_inf, S_front_middle, S_front_sup electrodes are: ['RFOA16', 'RFOA17', 'RFOA18', 'RFAM7', 'RFAM9', 'RFAM10', 'RFAM11', 'RFAM12', 'RFMM9', 'RFMM11', 'RFMM12', 'RFMM13', 'RFMM14', 'RFMM15', 'RFMM8', 'RIA12', 'RIA13', 'RIA14', 'RIA15', 'RIA16', 'RIA17', 'RIA18']
For subject D0110, G_front_middle, G_front_sup, S_front_inf, S_front_middle, S_front_sup electrodes are: ['LASF10']
For subject D0116, G_front_middle, G_front_sup, S_front_inf, S_front_middle, S_front_sup electrodes are: ['LFOA14', 'LFOA17', 'LFOA18', 'LFAM10', 'LFAM11', 'LFMM14', 'LAI12', 'LAI16', 'LFAM12', 'RFOA14', 'RFOA15', 'RFOA16', 'RFMM10', 'RFMM11', 'RFMM12', 'RAI11', 'RAI12', 'RAI14', 'RAI15', 'RAI16', 'RAI17']
For subject D0117, G_front_middle, G_front_sup, S_front_inf, S_front_middle, S_front_sup electrodes are: ['RMOF15', 'RINSA15', 'RINSA16', 'RLOF10', 'RLOF11', 'RLOF16', 'RINSA11', 'RINSA12', 'RINSA13', 'RINSA14']
For subject D0121, G_front_middle, G_front_sup, S_front_inf, S_front_middle, S_front_sup electrodes are: ['LFO5', 'LFO6', 'LFO8', 'LFO9', 'LFO12', 'LFO13', 'LFO14', 'LFO15', 'LFO16', 'LFO17', 'LFO18', 'LFA1', 'LFA2', 'LFP16', 'LFP17', 'LFPS1', 'LFPS2', 'LFPP1', 'LFA7', 'LFA8', 'LFAS6', 'LFAM8', 'LFAM9', 'LFA9', 'LFA10', 'LFA11', 'LFA12', 'LFAM10', 'LFAM11', 'LFAM12', 'LFMM8', 'LFMM9', 'LFMM10', 'LFMM11', 'LFMM12', 'LFAS7', 'LFAS8', 'LFAS9', 'LFAS10', 'LFMS7', 'LFMS9', 'LFMS10', 'LFMS11', 'LFMS12', 'LFPS6', 'LFPS7', 'LFPS9', 'LFPS10', 'LFPP7', 'LFPP9', 'LFPP10']
Subject D0057 significant G_front_middle, G_front_sup, S_front_inf, S_front_middle, S_front_sup electrodes: ['RPI15', 'RPI14', 'RAMF13', 'RAMF14']
Subject D0059 significant G_front_middle, G_front_sup, S_front_inf, S_front_middle, S_front_sup electrodes: ['LMMF9', 'LMMF11', 'LMMF10', 'LMMF12', 'LPSF16']
Subject D0063 significant G_front_middle, G_front_sup, S_front_inf, S_front_middle, S_front_sup electrodes: ['LASF15', 'LMSF5', 'RAMF11', 'RAMF12', 'RAMF13', 'RMMF13', 'RMMF14', 'RAI10', 'RMMF10']
Subject D0065 significant G_front_middle, G_front_sup, S_front_inf, S_front_middle, S_front_sup electrodes: ['RASF14']
Subject D0069 significant G_front_middle, G_front_sup, S_front_inf, S_front_middle, S_front_sup electrodes: []
Subject D0071 significant G_front_middle, G_front_sup, S_front_inf, S_front_middle, S_front_sup electrodes: ['RIA11', 'RIA12', 'RIA13', 'RIA14', 'RIA16', 'RIP16']
Subject D0077 significant G_front_middle, G_front_sup, S_front_inf, S_front_middle, S_front_sup electrodes: []
Subject D0090 significant G_front_middle, G_front_sup, S_front_inf, S_front_middle, S_front_sup electrodes: ['RIA11']
Subject D0094 significant G_front_middle, G_front_sup, S_front_inf, S_front_middle, S_front_sup electrodes: ['LFAM8', 'LFAM9', 'LFAM10', 'LFPM10', 'LFPM11', 'LFPM12', 'LIA11']
Subject D0100 significant G_front_middle, G_front_sup, S_front_inf, S_front_middle, S_front_sup electrodes: []
Subject D0102 significant G_front_middle, G_front_sup, S_front_inf, S_front_middle, S_front_sup electrodes: ['RFAM15']
Subject D0103 significant G_front_middle, G_front_sup, S_front_inf, S_front_middle, S_front_sup electrodes: ['LFAM8', 'LFAM9', 'LAI13', 'LAI14']
Subject D0107A significant G_front_middle, G_front_sup, S_front_inf, S_front_middle, S_front_sup electrodes: ['RFOA17', 'RFOA18', 'RFAM7', 'RFAM9', 'RFAM10', 'RFAM12', 'RFMM9', 'RFMM8', 'RIA13', 'RIA14', 'RIA15']
Subject D0110 significant G_front_middle, G_front_sup, S_front_inf, S_front_middle, S_front_sup electrodes: ['LASF10']
Subject D0116 significant G_front_middle, G_front_sup, S_front_inf, S_front_middle, S_front_sup electrodes: ['LFAM10', 'LFAM11', 'LFMM14', 'LAI12', 'LAI16', 'LFAM12', 'RFOA14', 'RFOA16', 'RFMM10', 'RFMM11', 'RFMM12', 'RAI11', 'RAI12', 'RAI15', 'RAI17']
Subject D0117 significant G_front_middle, G_front_sup, S_front_inf, S_front_middle, S_front_sup electrodes: ['RLOF10', 'RLOF11', 'RINSA12', 'RINSA13']
Subject D0121 significant G_front_middle, G_front_sup, S_front_inf, S_front_middle, S_front_sup electrodes: ['LFO9', 'LFP17', 'LFPS1', 'LFPS2', 'LFPP1', 'LFA9', 'LFA10', 'LFA11', 'LFA12', 'LFAM10', 'LFMM8', 'LFMM9', 'LFMM10', 'LFMM11', 'LFMM12', 'LFAS10', 'LFMS7', 'LFPS6']
For subject D0057, G_and_S_cingul-Ant, G_and_S_cingul-Mid-Ant electrodes are: ['RAMF1']
For subject D0059, G_and_S_cingul-Ant, G_and_S_cingul-Mid-Ant electrodes are: []
For subject D0063, G_and_S_cingul-Ant, G_and_S_cingul-Mid-Ant electrodes are: ['LASF1', 'LASF3', 'LASF7', 'LASF9', 'LMSF1', 'LMSF2', 'LMSF4', 'RMSF3', 'RMSF4', 'RMSF5', 'RMMF1', 'RAMF1', 'RAMF2', 'RMMF2', 'RMMF3', 'RMMF4']
For subject D0065, G_and_S_cingul-Ant, G_and_S_cingul-Mid-Ant electrodes are: ['RASF1', 'RASF2', 'RASF7', 'RASF8', 'RASF9', 'RMSF4', 'RMSF5']
For subject D0069, G_and_S_cingul-Ant, G_and_S_cingul-Mid-Ant electrodes are: []
For subject D0071, G_and_S_cingul-Ant, G_and_S_cingul-Mid-Ant electrodes are: []
For subject D0077, G_and_S_cingul-Ant, G_and_S_cingul-Mid-Ant electrodes are: []
For subject D0090, G_and_S_cingul-Ant, G_and_S_cingul-Mid-Ant electrodes are: []
For subject D0094, G_and_S_cingul-Ant, G_and_S_cingul-Mid-Ant electrodes are: ['LFPM1', 'LFPM2']
For subject D0100, G_and_S_cingul-Ant, G_and_S_cingul-Mid-Ant electrodes are: []
For subject D0102, G_and_S_cingul-Ant, G_and_S_cingul-Mid-Ant electrodes are: ['RFAM1', 'RFAM2', 'RFMM1']
For subject D0103, G_and_S_cingul-Ant, G_and_S_cingul-Mid-Ant electrodes are: ['LFAM2', 'LFAM3']
For subject D0107A, G_and_S_cingul-Ant, G_and_S_cingul-Mid-Ant electrodes are: ['RFOA5', 'RFOA6', 'RFOA7', 'RFOA8', 'RFOA9', 'RFOA12', 'RFAM1', 'RFAM3', 'RFMM1']
For subject D0110, G_and_S_cingul-Ant, G_and_S_cingul-Mid-Ant electrodes are: []
For subject D0116, G_and_S_cingul-Ant, G_and_S_cingul-Mid-Ant electrodes are: ['LFOA6', 'LFOA7', 'LFOA8', 'LFOA9', 'LFMM1', 'RFOA5', 'RFOA7', 'RFOA8', 'RFOA9', 'RFMM1']
For subject D0117, G_and_S_cingul-Ant, G_and_S_cingul-Mid-Ant electrodes are: ['RMOF4', 'RMOF10']
For subject D0121, G_and_S_cingul-Ant, G_and_S_cingul-Mid-Ant electrodes are: ['LFP6', 'LFP7', 'LFP10', 'LFP11', 'LFP12', 'LFP13', 'LFP14', 'LFP15', 'LFAS1', 'LFAS2', 'LFAS3', 'LFMM1', 'LFMM3', 'LFMM4', 'LFMS1', 'LFMS2', 'LFMS3', 'LFMS4', 'LFMM2']
Subject D0057 significant G_and_S_cingul-Ant, G_and_S_cingul-Mid-Ant electrodes: []
Subject D0059 significant G_and_S_cingul-Ant, G_and_S_cingul-Mid-Ant electrodes: []
Subject D0063 significant G_and_S_cingul-Ant, G_and_S_cingul-Mid-Ant electrodes: ['LASF3', 'LMSF2', 'LMSF4', 'RMSF3', 'RMSF4']
Subject D0065 significant G_and_S_cingul-Ant, G_and_S_cingul-Mid-Ant electrodes: []
Subject D0069 significant G_and_S_cingul-Ant, G_and_S_cingul-Mid-Ant electrodes: []
Subject D0071 significant G_and_S_cingul-Ant, G_and_S_cingul-Mid-Ant electrodes: []
Subject D0077 significant G_and_S_cingul-Ant, G_and_S_cingul-Mid-Ant electrodes: []
Subject D0090 significant G_and_S_cingul-Ant, G_and_S_cingul-Mid-Ant electrodes: []
Subject D0094 significant G_and_S_cingul-Ant, G_and_S_cingul-Mid-Ant electrodes: []
Subject D0100 significant G_and_S_cingul-Ant, G_and_S_cingul-Mid-Ant electrodes: []
Subject D0102 significant G_and_S_cingul-Ant, G_and_S_cingul-Mid-Ant electrodes: ['RFMM1']
Subject D0103 significant G_and_S_cingul-Ant, G_and_S_cingul-Mid-Ant electrodes: ['LFAM2', 'LFAM3']
Subject D0107A significant G_and_S_cingul-Ant, G_and_S_cingul-Mid-Ant electrodes: ['RFOA8', 'RFOA12', 'RFAM1', 'RFMM1']
Subject D0110 significant G_and_S_cingul-Ant, G_and_S_cingul-Mid-Ant electrodes: []
Subject D0116 significant G_and_S_cingul-Ant, G_and_S_cingul-Mid-Ant electrodes: ['RFMM1']
Subject D0117 significant G_and_S_cingul-Ant, G_and_S_cingul-Mid-Ant electrodes: []
Subject D0121 significant G_and_S_cingul-Ant, G_and_S_cingul-Mid-Ant electrodes: ['LFP12', 'LFAS3', 'LFMM3', 'LFMS1', 'LFMS2', 'LFMM2']
For subject D0057, G_parietal_sup, S_intrapariet_and_P_trans, G_pariet_inf-Angular, G_pariet_inf-Supramar electrodes are: ['RPIP11', 'RPIP12', 'RPIP13', 'RPIP14']
For subject D0059, G_parietal_sup, S_intrapariet_and_P_trans, G_pariet_inf-Angular, G_pariet_inf-Supramar electrodes are: ['LMPF11', 'LMPF12', 'LMPF14', 'LMPF16']
For subject D0063, G_parietal_sup, S_intrapariet_and_P_trans, G_pariet_inf-Angular, G_pariet_inf-Supramar electrodes are: []
For subject D0065, G_parietal_sup, S_intrapariet_and_P_trans, G_pariet_inf-Angular, G_pariet_inf-Supramar electrodes are: ['RMMP14', 'RMMP15', 'RMMP16', 'RPMP14', 'RPMP16', 'RPIP16']
For subject D0069, G_parietal_sup, S_intrapariet_and_P_trans, G_pariet_inf-Angular, G_pariet_inf-Supramar electrodes are: []
For subject D0071, G_parietal_sup, S_intrapariet_and_P_trans, G_pariet_inf-Angular, G_pariet_inf-Supramar electrodes are: ['RTPS9', 'RTPS10']
For subject D0077, G_parietal_sup, S_intrapariet_and_P_trans, G_pariet_inf-Angular, G_pariet_inf-Supramar electrodes are: ['ROAM5', 'ROAM6', 'ROAM7', 'ROAS12', 'ROAS13', 'ROAS14', 'ROAS15', 'ROPS10', 'ROPS12', 'RPAS6', 'RPAS7', 'RPAS10', 'ROAS7', 'ROAS11']
For subject D0090, G_parietal_sup, S_intrapariet_and_P_trans, G_pariet_inf-Angular, G_pariet_inf-Supramar electrodes are: []
For subject D0094, G_parietal_sup, S_intrapariet_and_P_trans, G_pariet_inf-Angular, G_pariet_inf-Supramar electrodes are: []
For subject D0100, G_parietal_sup, S_intrapariet_and_P_trans, G_pariet_inf-Angular, G_pariet_inf-Supramar electrodes are: ['LOAS15', 'LPAI18']
For subject D0102, G_parietal_sup, S_intrapariet_and_P_trans, G_pariet_inf-Angular, G_pariet_inf-Supramar electrodes are: []
For subject D0103, G_parietal_sup, S_intrapariet_and_P_trans, G_pariet_inf-Angular, G_pariet_inf-Supramar electrodes are: []
For subject D0107A, G_parietal_sup, S_intrapariet_and_P_trans, G_pariet_inf-Angular, G_pariet_inf-Supramar electrodes are: []
For subject D0110, G_parietal_sup, S_intrapariet_and_P_trans, G_pariet_inf-Angular, G_pariet_inf-Supramar electrodes are: ['LMSF14', 'LPSF14', 'LPIF7', 'LPIF8', 'LPIF9', 'LPIF10', 'LASP7', 'LASP9']
For subject D0116, G_parietal_sup, S_intrapariet_and_P_trans, G_pariet_inf-Angular, G_pariet_inf-Supramar electrodes are: []
For subject D0117, G_parietal_sup, S_intrapariet_and_P_trans, G_pariet_inf-Angular, G_pariet_inf-Supramar electrodes are: []
For subject D0121, G_parietal_sup, S_intrapariet_and_P_trans, G_pariet_inf-Angular, G_pariet_inf-Supramar electrodes are: []
Subject D0057 significant G_parietal_sup, S_intrapariet_and_P_trans, G_pariet_inf-Angular, G_pariet_inf-Supramar electrodes: ['RPIP11', 'RPIP12', 'RPIP13', 'RPIP14']
Subject D0059 significant G_parietal_sup, S_intrapariet_and_P_trans, G_pariet_inf-Angular, G_pariet_inf-Supramar electrodes: ['LMPF11', 'LMPF12', 'LMPF14']
Subject D0063 significant G_parietal_sup, S_intrapariet_and_P_trans, G_pariet_inf-Angular, G_pariet_inf-Supramar electrodes: []
Subject D0065 significant G_parietal_sup, S_intrapariet_and_P_trans, G_pariet_inf-Angular, G_pariet_inf-Supramar electrodes: []
Subject D0069 significant G_parietal_sup, S_intrapariet_and_P_trans, G_pariet_inf-Angular, G_pariet_inf-Supramar electrodes: []
Subject D0071 significant G_parietal_sup, S_intrapariet_and_P_trans, G_pariet_inf-Angular, G_pariet_inf-Supramar electrodes: ['RTPS9', 'RTPS10']
Subject D0077 significant G_parietal_sup, S_intrapariet_and_P_trans, G_pariet_inf-Angular, G_pariet_inf-Supramar electrodes: ['ROAS14', 'ROPS10', 'RPAS7', 'ROAS11']
Subject D0090 significant G_parietal_sup, S_intrapariet_and_P_trans, G_pariet_inf-Angular, G_pariet_inf-Supramar electrodes: []
Subject D0094 significant G_parietal_sup, S_intrapariet_and_P_trans, G_pariet_inf-Angular, G_pariet_inf-Supramar electrodes: []
Subject D0100 significant G_parietal_sup, S_intrapariet_and_P_trans, G_pariet_inf-Angular, G_pariet_inf-Supramar electrodes: []
Subject D0102 significant G_parietal_sup, S_intrapariet_and_P_trans, G_pariet_inf-Angular, G_pariet_inf-Supramar electrodes: []
Subject D0103 significant G_parietal_sup, S_intrapariet_and_P_trans, G_pariet_inf-Angular, G_pariet_inf-Supramar electrodes: []
Subject D0107A significant G_parietal_sup, S_intrapariet_and_P_trans, G_pariet_inf-Angular, G_pariet_inf-Supramar electrodes: []
Subject D0110 significant G_parietal_sup, S_intrapariet_and_P_trans, G_pariet_inf-Angular, G_pariet_inf-Supramar electrodes: ['LMSF14', 'LASP7']
Subject D0116 significant G_parietal_sup, S_intrapariet_and_P_trans, G_pariet_inf-Angular, G_pariet_inf-Supramar electrodes: []
Subject D0117 significant G_parietal_sup, S_intrapariet_and_P_trans, G_pariet_inf-Angular, G_pariet_inf-Supramar electrodes: []
Subject D0121 significant G_parietal_sup, S_intrapariet_and_P_trans, G_pariet_inf-Angular, G_pariet_inf-Supramar electrodes: []
Loading data for subject: D0057
Reading /cwork/jz421/BIDS-1.1_GlobalLocal/BIDS/derivatives/freqFilt/figs/D0057/D0057_Stimulus_0.5sec_within-1-0sec_randoffset_StimulusBase_decFactor_8_markOutliersAsNaN_False_passband_70.0-150.0_padLength_0.5s_stat_func_ttest_ind_equal_var_False_HG_ev1_rescaled-epo.fif ...
    Found the data of interest:
        t =   -1000.00 ...    1500.00 ms
        0 CTF compensation matrices available
Not setting metadata
449 matching events found
No baseline correction applied
0 projection items activated
Reading /cwork/jz421/BIDS-1.1_GlobalLocal/BIDS/derivatives/freqFilt/figs/D0057/D0057_Stimulus_0.5sec_within-1-0sec_randoffset_StimulusBase_decFactor_8_markOutliersAsNaN_False_passband_70.0-150.0_padLength_0.5s_stat_func_ttest_ind_equal_var_False_HG_ev1_power_rescaled-epo.fif ...
    Found the data of interest:
        t =   -1000.00 ...    1500.00 ms
        0 CTF compensation matrices available
Not setting metadata
449 matching events found
No baseline correction applied
0 projection items activated
  Loading condition: Stimulus_c with parameters: {'BIDS_events': ['Stimulus/c25.0/Accuracy1.0', 'Stimulus/c75.0/Accuracy1.0'], 'congruency': 'c'}
Not setting metadata
198 matching events found
No baseline correction applied
    Original shape: (198, 175, 641)
    Trials with all NaN values: 0
    Average NaN count per trial: 0.0
    Max NaN count in a trial: 0
    Stimulus_c: 198 valid trials out of 198
  Loading condition: Stimulus_i with parameters: {'BIDS_events': ['Stimulus/i25.0/Accuracy1.0', 'Stimulus/i75.0/Accuracy1.0'], 'congruency': 'i'}
Not setting metadata
207 matching events found
No baseline correction applied
    Original shape: (207, 175, 641)
    Trials with all NaN values: 0
    Average NaN count per trial: 0.0
    Max NaN count in a trial: 0
    Stimulus_i: 207 valid trials out of 207
  Loading condition: Stimulus_c with parameters: {'BIDS_events': ['Stimulus/c25.0/Accuracy1.0', 'Stimulus/c75.0/Accuracy1.0'], 'congruency': 'c'}
Not setting metadata
198 matching events found
No baseline correction applied
    Original shape: (198, 175, 641)
    Trials with all NaN values: 0
    Average NaN count per trial: 0.0
    Max NaN count in a trial: 0
    Stimulus_c: 198 valid trials out of 198
  Loading condition: Stimulus_i with parameters: {'BIDS_events': ['Stimulus/i25.0/Accuracy1.0', 'Stimulus/i75.0/Accuracy1.0'], 'congruency': 'i'}
Not setting metadata
207 matching events found
No baseline correction applied
    Original shape: (207, 175, 641)
    Trials with all NaN values: 0
    Average NaN count per trial: 0.0
    Max NaN count in a trial: 0
    Stimulus_i: 207 valid trials out of 207
Loading data for subject: D0059
Reading /cwork/jz421/BIDS-1.1_GlobalLocal/BIDS/derivatives/freqFilt/figs/D0059/D0059_Stimulus_0.5sec_within-1-0sec_randoffset_StimulusBase_decFactor_8_markOutliersAsNaN_False_passband_70.0-150.0_padLength_0.5s_stat_func_ttest_ind_equal_var_False_HG_ev1_rescaled-epo.fif ...
    Found the data of interest:
        t =   -1000.00 ...    1500.00 ms
        0 CTF compensation matrices available
Not setting metadata
448 matching events found
No baseline correction applied
0 projection items activated
Reading /cwork/jz421/BIDS-1.1_GlobalLocal/BIDS/derivatives/freqFilt/figs/D0059/D0059_Stimulus_0.5sec_within-1-0sec_randoffset_StimulusBase_decFactor_8_markOutliersAsNaN_False_passband_70.0-150.0_padLength_0.5s_stat_func_ttest_ind_equal_var_False_HG_ev1_power_rescaled-epo.fif ...
    Found the data of interest:
        t =   -1000.00 ...    1500.00 ms
        0 CTF compensation matrices available
Not setting metadata
448 matching events found
No baseline correction applied
0 projection items activated
  Loading condition: Stimulus_c with parameters: {'BIDS_events': ['Stimulus/c25.0/Accuracy1.0', 'Stimulus/c75.0/Accuracy1.0'], 'congruency': 'c'}
Not setting metadata
216 matching events found
No baseline correction applied
    Original shape: (216, 178, 641)
    Trials with all NaN values: 0
    Average NaN count per trial: 0.0
    Max NaN count in a trial: 0
    Stimulus_c: 216 valid trials out of 216
  Loading condition: Stimulus_i with parameters: {'BIDS_events': ['Stimulus/i25.0/Accuracy1.0', 'Stimulus/i75.0/Accuracy1.0'], 'congruency': 'i'}
Not setting metadata
211 matching events found
No baseline correction applied
    Original shape: (211, 178, 641)
    Trials with all NaN values: 0
    Average NaN count per trial: 0.0
    Max NaN count in a trial: 0
    Stimulus_i: 211 valid trials out of 211
  Loading condition: Stimulus_c with parameters: {'BIDS_events': ['Stimulus/c25.0/Accuracy1.0', 'Stimulus/c75.0/Accuracy1.0'], 'congruency': 'c'}
Not setting metadata
216 matching events found
No baseline correction applied
    Original shape: (216, 178, 641)
    Trials with all NaN values: 0
    Average NaN count per trial: 0.0
    Max NaN count in a trial: 0
    Stimulus_c: 216 valid trials out of 216
  Loading condition: Stimulus_i with parameters: {'BIDS_events': ['Stimulus/i25.0/Accuracy1.0', 'Stimulus/i75.0/Accuracy1.0'], 'congruency': 'i'}
Not setting metadata
211 matching events found
No baseline correction applied
    Original shape: (211, 178, 641)
    Trials with all NaN values: 0
    Average NaN count per trial: 0.0
    Max NaN count in a trial: 0
    Stimulus_i: 211 valid trials out of 211
Loading data for subject: D0063
Reading /cwork/jz421/BIDS-1.1_GlobalLocal/BIDS/derivatives/freqFilt/figs/D0063/D0063_Stimulus_0.5sec_within-1-0sec_randoffset_StimulusBase_decFactor_8_markOutliersAsNaN_False_passband_70.0-150.0_padLength_0.5s_stat_func_ttest_ind_equal_var_False_HG_ev1_rescaled-epo.fif ...
    Found the data of interest:
        t =   -1000.00 ...    1500.00 ms
        0 CTF compensation matrices available
Not setting metadata
452 matching events found
No baseline correction applied
0 projection items activated
Reading /cwork/jz421/BIDS-1.1_GlobalLocal/BIDS/derivatives/freqFilt/figs/D0063/D0063_Stimulus_0.5sec_within-1-0sec_randoffset_StimulusBase_decFactor_8_markOutliersAsNaN_False_passband_70.0-150.0_padLength_0.5s_stat_func_ttest_ind_equal_var_False_HG_ev1_power_rescaled-epo.fif ...
    Found the data of interest:
        t =   -1000.00 ...    1500.00 ms
        0 CTF compensation matrices available
Not setting metadata
452 matching events found
No baseline correction applied
0 projection items activated
  Loading condition: Stimulus_c with parameters: {'BIDS_events': ['Stimulus/c25.0/Accuracy1.0', 'Stimulus/c75.0/Accuracy1.0'], 'congruency': 'c'}
Not setting metadata
221 matching events found
No baseline correction applied
    Original shape: (221, 234, 641)
    Trials with all NaN values: 0
    Average NaN count per trial: 0.0
    Max NaN count in a trial: 0
    Stimulus_c: 221 valid trials out of 221
  Loading condition: Stimulus_i with parameters: {'BIDS_events': ['Stimulus/i25.0/Accuracy1.0', 'Stimulus/i75.0/Accuracy1.0'], 'congruency': 'i'}
Not setting metadata
168 matching events found
No baseline correction applied
    Original shape: (168, 234, 641)
    Trials with all NaN values: 0
    Average NaN count per trial: 0.0
    Max NaN count in a trial: 0
    Stimulus_i: 168 valid trials out of 168
  Loading condition: Stimulus_c with parameters: {'BIDS_events': ['Stimulus/c25.0/Accuracy1.0', 'Stimulus/c75.0/Accuracy1.0'], 'congruency': 'c'}
Not setting metadata
221 matching events found
No baseline correction applied
    Original shape: (221, 234, 641)
    Trials with all NaN values: 0
    Average NaN count per trial: 0.0
    Max NaN count in a trial: 0
    Stimulus_c: 221 valid trials out of 221
  Loading condition: Stimulus_i with parameters: {'BIDS_events': ['Stimulus/i25.0/Accuracy1.0', 'Stimulus/i75.0/Accuracy1.0'], 'congruency': 'i'}
Not setting metadata
168 matching events found
No baseline correction applied
    Original shape: (168, 234, 641)
    Trials with all NaN values: 0
    Average NaN count per trial: 0.0
    Max NaN count in a trial: 0
    Stimulus_i: 168 valid trials out of 168
Loading data for subject: D0065
Reading /cwork/jz421/BIDS-1.1_GlobalLocal/BIDS/derivatives/freqFilt/figs/D0065/D0065_Stimulus_0.5sec_within-1-0sec_randoffset_StimulusBase_decFactor_8_markOutliersAsNaN_False_passband_70.0-150.0_padLength_0.5s_stat_func_ttest_ind_equal_var_False_HG_ev1_rescaled-epo.fif ...
    Found the data of interest:
        t =   -1000.00 ...    1500.00 ms
        0 CTF compensation matrices available
Not setting metadata
448 matching events found
No baseline correction applied
0 projection items activated
Reading /cwork/jz421/BIDS-1.1_GlobalLocal/BIDS/derivatives/freqFilt/figs/D0065/D0065_Stimulus_0.5sec_within-1-0sec_randoffset_StimulusBase_decFactor_8_markOutliersAsNaN_False_passband_70.0-150.0_padLength_0.5s_stat_func_ttest_ind_equal_var_False_HG_ev1_power_rescaled-epo.fif ...
    Found the data of interest:
        t =   -1000.00 ...    1500.00 ms
        0 CTF compensation matrices available
Not setting metadata
448 matching events found
No baseline correction applied
0 projection items activated
  Loading condition: Stimulus_c with parameters: {'BIDS_events': ['Stimulus/c25.0/Accuracy1.0', 'Stimulus/c75.0/Accuracy1.0'], 'congruency': 'c'}
Not setting metadata
177 matching events found
No baseline correction applied
    Original shape: (177, 216, 641)
    Trials with all NaN values: 0
    Average NaN count per trial: 0.0
    Max NaN count in a trial: 0
    Stimulus_c: 177 valid trials out of 177
  Loading condition: Stimulus_i with parameters: {'BIDS_events': ['Stimulus/i25.0/Accuracy1.0', 'Stimulus/i75.0/Accuracy1.0'], 'congruency': 'i'}
Not setting metadata
139 matching events found
No baseline correction applied
    Original shape: (139, 216, 641)
    Trials with all NaN values: 0
    Average NaN count per trial: 0.0
    Max NaN count in a trial: 0
    Stimulus_i: 139 valid trials out of 139
  Loading condition: Stimulus_c with parameters: {'BIDS_events': ['Stimulus/c25.0/Accuracy1.0', 'Stimulus/c75.0/Accuracy1.0'], 'congruency': 'c'}
Not setting metadata
177 matching events found
No baseline correction applied
    Original shape: (177, 216, 641)
    Trials with all NaN values: 0
    Average NaN count per trial: 0.0
    Max NaN count in a trial: 0
    Stimulus_c: 177 valid trials out of 177
  Loading condition: Stimulus_i with parameters: {'BIDS_events': ['Stimulus/i25.0/Accuracy1.0', 'Stimulus/i75.0/Accuracy1.0'], 'congruency': 'i'}
Not setting metadata
139 matching events found
No baseline correction applied
    Original shape: (139, 216, 641)
    Trials with all NaN values: 0
    Average NaN count per trial: 0.0
    Max NaN count in a trial: 0
    Stimulus_i: 139 valid trials out of 139
Loading data for subject: D0069
Reading /cwork/jz421/BIDS-1.1_GlobalLocal/BIDS/derivatives/freqFilt/figs/D0069/D0069_Stimulus_0.5sec_within-1-0sec_randoffset_StimulusBase_decFactor_8_markOutliersAsNaN_False_passband_70.0-150.0_padLength_0.5s_stat_func_ttest_ind_equal_var_False_HG_ev1_rescaled-epo.fif ...
    Found the data of interest:
        t =   -1000.00 ...    1500.00 ms
        0 CTF compensation matrices available
Not setting metadata
448 matching events found
No baseline correction applied
0 projection items activated
Reading /cwork/jz421/BIDS-1.1_GlobalLocal/BIDS/derivatives/freqFilt/figs/D0069/D0069_Stimulus_0.5sec_within-1-0sec_randoffset_StimulusBase_decFactor_8_markOutliersAsNaN_False_passband_70.0-150.0_padLength_0.5s_stat_func_ttest_ind_equal_var_False_HG_ev1_power_rescaled-epo.fif ...
    Found the data of interest:
        t =   -1000.00 ...    1500.00 ms
        0 CTF compensation matrices available
Not setting metadata
448 matching events found
No baseline correction applied
0 projection items activated
  Loading condition: Stimulus_c with parameters: {'BIDS_events': ['Stimulus/c25.0/Accuracy1.0', 'Stimulus/c75.0/Accuracy1.0'], 'congruency': 'c'}
Not setting metadata
177 matching events found
No baseline correction applied
    Original shape: (177, 128, 641)
    Trials with all NaN values: 0
    Average NaN count per trial: 0.0
    Max NaN count in a trial: 0
    Stimulus_c: 177 valid trials out of 177
  Loading condition: Stimulus_i with parameters: {'BIDS_events': ['Stimulus/i25.0/Accuracy1.0', 'Stimulus/i75.0/Accuracy1.0'], 'congruency': 'i'}
Not setting metadata
153 matching events found
No baseline correction applied
    Original shape: (153, 128, 641)
    Trials with all NaN values: 0
    Average NaN count per trial: 0.0
    Max NaN count in a trial: 0
    Stimulus_i: 153 valid trials out of 153
  Loading condition: Stimulus_c with parameters: {'BIDS_events': ['Stimulus/c25.0/Accuracy1.0', 'Stimulus/c75.0/Accuracy1.0'], 'congruency': 'c'}
Not setting metadata
177 matching events found
No baseline correction applied
    Original shape: (177, 128, 641)
    Trials with all NaN values: 0
    Average NaN count per trial: 0.0
    Max NaN count in a trial: 0
    Stimulus_c: 177 valid trials out of 177
  Loading condition: Stimulus_i with parameters: {'BIDS_events': ['Stimulus/i25.0/Accuracy1.0', 'Stimulus/i75.0/Accuracy1.0'], 'congruency': 'i'}
Not setting metadata
153 matching events found
No baseline correction applied
    Original shape: (153, 128, 641)
    Trials with all NaN values: 0
    Average NaN count per trial: 0.0
    Max NaN count in a trial: 0
    Stimulus_i: 153 valid trials out of 153
Loading data for subject: D0071
Reading /cwork/jz421/BIDS-1.1_GlobalLocal/BIDS/derivatives/freqFilt/figs/D0071/D0071_Stimulus_0.5sec_within-1-0sec_randoffset_StimulusBase_decFactor_8_markOutliersAsNaN_False_passband_70.0-150.0_padLength_0.5s_stat_func_ttest_ind_equal_var_False_HG_ev1_rescaled-epo.fif ...
    Found the data of interest:
        t =   -1000.00 ...    1500.00 ms
        0 CTF compensation matrices available
Not setting metadata
448 matching events found
No baseline correction applied
0 projection items activated
Reading /cwork/jz421/BIDS-1.1_GlobalLocal/BIDS/derivatives/freqFilt/figs/D0071/D0071_Stimulus_0.5sec_within-1-0sec_randoffset_StimulusBase_decFactor_8_markOutliersAsNaN_False_passband_70.0-150.0_padLength_0.5s_stat_func_ttest_ind_equal_var_False_HG_ev1_power_rescaled-epo.fif ...
    Found the data of interest:
        t =   -1000.00 ...    1500.00 ms
        0 CTF compensation matrices available
Not setting metadata
448 matching events found
No baseline correction applied
0 projection items activated
  Loading condition: Stimulus_c with parameters: {'BIDS_events': ['Stimulus/c25.0/Accuracy1.0', 'Stimulus/c75.0/Accuracy1.0'], 'congruency': 'c'}
Not setting metadata
213 matching events found
No baseline correction applied
    Original shape: (213, 156, 641)
    Trials with all NaN values: 0
    Average NaN count per trial: 0.0
    Max NaN count in a trial: 0
    Stimulus_c: 213 valid trials out of 213
  Loading condition: Stimulus_i with parameters: {'BIDS_events': ['Stimulus/i25.0/Accuracy1.0', 'Stimulus/i75.0/Accuracy1.0'], 'congruency': 'i'}
Not setting metadata
216 matching events found
No baseline correction applied
    Original shape: (216, 156, 641)
    Trials with all NaN values: 0
    Average NaN count per trial: 0.0
    Max NaN count in a trial: 0
    Stimulus_i: 216 valid trials out of 216
  Loading condition: Stimulus_c with parameters: {'BIDS_events': ['Stimulus/c25.0/Accuracy1.0', 'Stimulus/c75.0/Accuracy1.0'], 'congruency': 'c'}
Not setting metadata
213 matching events found
No baseline correction applied
    Original shape: (213, 156, 641)
    Trials with all NaN values: 0
    Average NaN count per trial: 0.0
    Max NaN count in a trial: 0
    Stimulus_c: 213 valid trials out of 213
  Loading condition: Stimulus_i with parameters: {'BIDS_events': ['Stimulus/i25.0/Accuracy1.0', 'Stimulus/i75.0/Accuracy1.0'], 'congruency': 'i'}
Not setting metadata
216 matching events found
No baseline correction applied
    Original shape: (216, 156, 641)
    Trials with all NaN values: 0
    Average NaN count per trial: 0.0
    Max NaN count in a trial: 0
    Stimulus_i: 216 valid trials out of 216
Loading data for subject: D0077
Reading /cwork/jz421/BIDS-1.1_GlobalLocal/BIDS/derivatives/freqFilt/figs/D0077/D0077_Stimulus_0.5sec_within-1-0sec_randoffset_StimulusBase_decFactor_8_markOutliersAsNaN_False_passband_70.0-150.0_padLength_0.5s_stat_func_ttest_ind_equal_var_False_HG_ev1_rescaled-epo.fif ...
    Found the data of interest:
        t =   -1000.00 ...    1500.00 ms
        0 CTF compensation matrices available
Not setting metadata
448 matching events found
No baseline correction applied
0 projection items activated
Reading /cwork/jz421/BIDS-1.1_GlobalLocal/BIDS/derivatives/freqFilt/figs/D0077/D0077_Stimulus_0.5sec_within-1-0sec_randoffset_StimulusBase_decFactor_8_markOutliersAsNaN_False_passband_70.0-150.0_padLength_0.5s_stat_func_ttest_ind_equal_var_False_HG_ev1_power_rescaled-epo.fif ...
    Found the data of interest:
        t =   -1000.00 ...    1500.00 ms
        0 CTF compensation matrices available
Not setting metadata
448 matching events found
No baseline correction applied
0 projection items activated
  Loading condition: Stimulus_c with parameters: {'BIDS_events': ['Stimulus/c25.0/Accuracy1.0', 'Stimulus/c75.0/Accuracy1.0'], 'congruency': 'c'}
Not setting metadata
186 matching events found
No baseline correction applied
    Original shape: (186, 131, 641)
    Trials with all NaN values: 0
    Average NaN count per trial: 0.0
    Max NaN count in a trial: 0
    Stimulus_c: 186 valid trials out of 186
  Loading condition: Stimulus_i with parameters: {'BIDS_events': ['Stimulus/i25.0/Accuracy1.0', 'Stimulus/i75.0/Accuracy1.0'], 'congruency': 'i'}
Not setting metadata
169 matching events found
No baseline correction applied
    Original shape: (169, 131, 641)
    Trials with all NaN values: 0
    Average NaN count per trial: 0.0
    Max NaN count in a trial: 0
    Stimulus_i: 169 valid trials out of 169
  Loading condition: Stimulus_c with parameters: {'BIDS_events': ['Stimulus/c25.0/Accuracy1.0', 'Stimulus/c75.0/Accuracy1.0'], 'congruency': 'c'}
Not setting metadata
186 matching events found
No baseline correction applied
    Original shape: (186, 131, 641)
    Trials with all NaN values: 0
    Average NaN count per trial: 0.0
    Max NaN count in a trial: 0
    Stimulus_c: 186 valid trials out of 186
  Loading condition: Stimulus_i with parameters: {'BIDS_events': ['Stimulus/i25.0/Accuracy1.0', 'Stimulus/i75.0/Accuracy1.0'], 'congruency': 'i'}
Not setting metadata
169 matching events found
No baseline correction applied
    Original shape: (169, 131, 641)
    Trials with all NaN values: 0
    Average NaN count per trial: 0.0
    Max NaN count in a trial: 0
    Stimulus_i: 169 valid trials out of 169
Loading data for subject: D0090
Reading /cwork/jz421/BIDS-1.1_GlobalLocal/BIDS/derivatives/freqFilt/figs/D0090/D0090_Stimulus_0.5sec_within-1-0sec_randoffset_StimulusBase_decFactor_8_markOutliersAsNaN_False_passband_70.0-150.0_padLength_0.5s_stat_func_ttest_ind_equal_var_False_HG_ev1_rescaled-epo.fif ...
    Found the data of interest:
        t =   -1000.00 ...    1500.00 ms
        0 CTF compensation matrices available
Not setting metadata
450 matching events found
No baseline correction applied
0 projection items activated
Reading /cwork/jz421/BIDS-1.1_GlobalLocal/BIDS/derivatives/freqFilt/figs/D0090/D0090_Stimulus_0.5sec_within-1-0sec_randoffset_StimulusBase_decFactor_8_markOutliersAsNaN_False_passband_70.0-150.0_padLength_0.5s_stat_func_ttest_ind_equal_var_False_HG_ev1_power_rescaled-epo.fif ...
    Found the data of interest:
        t =   -1000.00 ...    1500.00 ms
        0 CTF compensation matrices available
Not setting metadata
450 matching events found
No baseline correction applied
0 projection items activated
  Loading condition: Stimulus_c with parameters: {'BIDS_events': ['Stimulus/c25.0/Accuracy1.0', 'Stimulus/c75.0/Accuracy1.0'], 'congruency': 'c'}
Not setting metadata
214 matching events found
No baseline correction applied
    Original shape: (214, 155, 641)
    Trials with all NaN values: 0
    Average NaN count per trial: 0.0
    Max NaN count in a trial: 0
    Stimulus_c: 214 valid trials out of 214
  Loading condition: Stimulus_i with parameters: {'BIDS_events': ['Stimulus/i25.0/Accuracy1.0', 'Stimulus/i75.0/Accuracy1.0'], 'congruency': 'i'}
Not setting metadata
213 matching events found
No baseline correction applied
    Original shape: (213, 155, 641)
    Trials with all NaN values: 0
    Average NaN count per trial: 0.0
    Max NaN count in a trial: 0
    Stimulus_i: 213 valid trials out of 213
  Loading condition: Stimulus_c with parameters: {'BIDS_events': ['Stimulus/c25.0/Accuracy1.0', 'Stimulus/c75.0/Accuracy1.0'], 'congruency': 'c'}
Not setting metadata
214 matching events found
No baseline correction applied
    Original shape: (214, 155, 641)
    Trials with all NaN values: 0
    Average NaN count per trial: 0.0
    Max NaN count in a trial: 0
    Stimulus_c: 214 valid trials out of 214
  Loading condition: Stimulus_i with parameters: {'BIDS_events': ['Stimulus/i25.0/Accuracy1.0', 'Stimulus/i75.0/Accuracy1.0'], 'congruency': 'i'}
Not setting metadata
213 matching events found
No baseline correction applied
    Original shape: (213, 155, 641)
    Trials with all NaN values: 0
    Average NaN count per trial: 0.0
    Max NaN count in a trial: 0
    Stimulus_i: 213 valid trials out of 213
Loading data for subject: D0094
Reading /cwork/jz421/BIDS-1.1_GlobalLocal/BIDS/derivatives/freqFilt/figs/D0094/D0094_Stimulus_0.5sec_within-1-0sec_randoffset_StimulusBase_decFactor_8_markOutliersAsNaN_False_passband_70.0-150.0_padLength_0.5s_stat_func_ttest_ind_equal_var_False_HG_ev1_rescaled-epo.fif ...
    Found the data of interest:
        t =   -1000.00 ...    1500.00 ms
        0 CTF compensation matrices available
Not setting metadata
448 matching events found
No baseline correction applied
0 projection items activated
Reading /cwork/jz421/BIDS-1.1_GlobalLocal/BIDS/derivatives/freqFilt/figs/D0094/D0094_Stimulus_0.5sec_within-1-0sec_randoffset_StimulusBase_decFactor_8_markOutliersAsNaN_False_passband_70.0-150.0_padLength_0.5s_stat_func_ttest_ind_equal_var_False_HG_ev1_power_rescaled-epo.fif ...
    Found the data of interest:
        t =   -1000.00 ...    1500.00 ms
        0 CTF compensation matrices available
Not setting metadata
448 matching events found
No baseline correction applied
0 projection items activated
  Loading condition: Stimulus_c with parameters: {'BIDS_events': ['Stimulus/c25.0/Accuracy1.0', 'Stimulus/c75.0/Accuracy1.0'], 'congruency': 'c'}
Not setting metadata
209 matching events found
No baseline correction applied
    Original shape: (209, 234, 641)
    Trials with all NaN values: 0
    Average NaN count per trial: 0.0
    Max NaN count in a trial: 0
    Stimulus_c: 209 valid trials out of 209
  Loading condition: Stimulus_i with parameters: {'BIDS_events': ['Stimulus/i25.0/Accuracy1.0', 'Stimulus/i75.0/Accuracy1.0'], 'congruency': 'i'}
Not setting metadata
169 matching events found
No baseline correction applied
    Original shape: (169, 234, 641)
    Trials with all NaN values: 0
    Average NaN count per trial: 0.0
    Max NaN count in a trial: 0
    Stimulus_i: 169 valid trials out of 169
  Loading condition: Stimulus_c with parameters: {'BIDS_events': ['Stimulus/c25.0/Accuracy1.0', 'Stimulus/c75.0/Accuracy1.0'], 'congruency': 'c'}
Not setting metadata
209 matching events found
No baseline correction applied
    Original shape: (209, 234, 641)
    Trials with all NaN values: 0
    Average NaN count per trial: 0.0
    Max NaN count in a trial: 0
    Stimulus_c: 209 valid trials out of 209
  Loading condition: Stimulus_i with parameters: {'BIDS_events': ['Stimulus/i25.0/Accuracy1.0', 'Stimulus/i75.0/Accuracy1.0'], 'congruency': 'i'}
Not setting metadata
169 matching events found
No baseline correction applied
    Original shape: (169, 234, 641)
    Trials with all NaN values: 0
    Average NaN count per trial: 0.0
    Max NaN count in a trial: 0
    Stimulus_i: 169 valid trials out of 169
Loading data for subject: D0100
Reading /cwork/jz421/BIDS-1.1_GlobalLocal/BIDS/derivatives/freqFilt/figs/D0100/D0100_Stimulus_0.5sec_within-1-0sec_randoffset_StimulusBase_decFactor_8_markOutliersAsNaN_False_passband_70.0-150.0_padLength_0.5s_stat_func_ttest_ind_equal_var_False_HG_ev1_rescaled-epo.fif ...
    Found the data of interest:
        t =   -1000.00 ...    1500.00 ms
        0 CTF compensation matrices available
Not setting metadata
451 matching events found
No baseline correction applied
0 projection items activated
Reading /cwork/jz421/BIDS-1.1_GlobalLocal/BIDS/derivatives/freqFilt/figs/D0100/D0100_Stimulus_0.5sec_within-1-0sec_randoffset_StimulusBase_decFactor_8_markOutliersAsNaN_False_passband_70.0-150.0_padLength_0.5s_stat_func_ttest_ind_equal_var_False_HG_ev1_power_rescaled-epo.fif ...
    Found the data of interest:
        t =   -1000.00 ...    1500.00 ms
        0 CTF compensation matrices available
Not setting metadata
451 matching events found
No baseline correction applied
0 projection items activated
  Loading condition: Stimulus_c with parameters: {'BIDS_events': ['Stimulus/c25.0/Accuracy1.0', 'Stimulus/c75.0/Accuracy1.0'], 'congruency': 'c'}
Not setting metadata
217 matching events found
No baseline correction applied
    Original shape: (217, 222, 641)
    Trials with all NaN values: 0
    Average NaN count per trial: 0.0
    Max NaN count in a trial: 0
    Stimulus_c: 217 valid trials out of 217
  Loading condition: Stimulus_i with parameters: {'BIDS_events': ['Stimulus/i25.0/Accuracy1.0', 'Stimulus/i75.0/Accuracy1.0'], 'congruency': 'i'}
Not setting metadata
204 matching events found
No baseline correction applied
    Original shape: (204, 222, 641)
    Trials with all NaN values: 0
    Average NaN count per trial: 0.0
    Max NaN count in a trial: 0
    Stimulus_i: 204 valid trials out of 204
  Loading condition: Stimulus_c with parameters: {'BIDS_events': ['Stimulus/c25.0/Accuracy1.0', 'Stimulus/c75.0/Accuracy1.0'], 'congruency': 'c'}
Not setting metadata
217 matching events found
No baseline correction applied
    Original shape: (217, 222, 641)
    Trials with all NaN values: 0
    Average NaN count per trial: 0.0
    Max NaN count in a trial: 0
    Stimulus_c: 217 valid trials out of 217
  Loading condition: Stimulus_i with parameters: {'BIDS_events': ['Stimulus/i25.0/Accuracy1.0', 'Stimulus/i75.0/Accuracy1.0'], 'congruency': 'i'}
Not setting metadata
204 matching events found
No baseline correction applied
    Original shape: (204, 222, 641)
    Trials with all NaN values: 0
    Average NaN count per trial: 0.0
    Max NaN count in a trial: 0
    Stimulus_i: 204 valid trials out of 204
Loading data for subject: D0102
Reading /cwork/jz421/BIDS-1.1_GlobalLocal/BIDS/derivatives/freqFilt/figs/D0102/D0102_Stimulus_0.5sec_within-1-0sec_randoffset_StimulusBase_decFactor_8_markOutliersAsNaN_False_passband_70.0-150.0_padLength_0.5s_stat_func_ttest_ind_equal_var_False_HG_ev1_rescaled-epo.fif ...
    Found the data of interest:
        t =   -1000.00 ...    1500.00 ms
        0 CTF compensation matrices available
Not setting metadata
448 matching events found
No baseline correction applied
0 projection items activated
Reading /cwork/jz421/BIDS-1.1_GlobalLocal/BIDS/derivatives/freqFilt/figs/D0102/D0102_Stimulus_0.5sec_within-1-0sec_randoffset_StimulusBase_decFactor_8_markOutliersAsNaN_False_passband_70.0-150.0_padLength_0.5s_stat_func_ttest_ind_equal_var_False_HG_ev1_power_rescaled-epo.fif ...
    Found the data of interest:
        t =   -1000.00 ...    1500.00 ms
        0 CTF compensation matrices available
Not setting metadata
448 matching events found
No baseline correction applied
0 projection items activated
  Loading condition: Stimulus_c with parameters: {'BIDS_events': ['Stimulus/c25.0/Accuracy1.0', 'Stimulus/c75.0/Accuracy1.0'], 'congruency': 'c'}
Not setting metadata
193 matching events found
No baseline correction applied
    Original shape: (193, 220, 641)
    Trials with all NaN values: 0
    Average NaN count per trial: 0.0
    Max NaN count in a trial: 0
    Stimulus_c: 193 valid trials out of 193
  Loading condition: Stimulus_i with parameters: {'BIDS_events': ['Stimulus/i25.0/Accuracy1.0', 'Stimulus/i75.0/Accuracy1.0'], 'congruency': 'i'}
Not setting metadata
106 matching events found
No baseline correction applied
    Original shape: (106, 220, 641)
    Trials with all NaN values: 0
    Average NaN count per trial: 0.0
    Max NaN count in a trial: 0
    Stimulus_i: 106 valid trials out of 106
  Loading condition: Stimulus_c with parameters: {'BIDS_events': ['Stimulus/c25.0/Accuracy1.0', 'Stimulus/c75.0/Accuracy1.0'], 'congruency': 'c'}
Not setting metadata
193 matching events found
No baseline correction applied
    Original shape: (193, 220, 641)
    Trials with all NaN values: 0
    Average NaN count per trial: 0.0
    Max NaN count in a trial: 0
    Stimulus_c: 193 valid trials out of 193
  Loading condition: Stimulus_i with parameters: {'BIDS_events': ['Stimulus/i25.0/Accuracy1.0', 'Stimulus/i75.0/Accuracy1.0'], 'congruency': 'i'}
Not setting metadata
106 matching events found
No baseline correction applied
    Original shape: (106, 220, 641)
    Trials with all NaN values: 0
    Average NaN count per trial: 0.0
    Max NaN count in a trial: 0
    Stimulus_i: 106 valid trials out of 106
Loading data for subject: D0103
Reading /cwork/jz421/BIDS-1.1_GlobalLocal/BIDS/derivatives/freqFilt/figs/D0103/D0103_Stimulus_0.5sec_within-1-0sec_randoffset_StimulusBase_decFactor_8_markOutliersAsNaN_False_passband_70.0-150.0_padLength_0.5s_stat_func_ttest_ind_equal_var_False_HG_ev1_rescaled-epo.fif ...
    Found the data of interest:
        t =   -1000.00 ...    1500.00 ms
        0 CTF compensation matrices available
Not setting metadata
448 matching events found
No baseline correction applied
0 projection items activated
Reading /cwork/jz421/BIDS-1.1_GlobalLocal/BIDS/derivatives/freqFilt/figs/D0103/D0103_Stimulus_0.5sec_within-1-0sec_randoffset_StimulusBase_decFactor_8_markOutliersAsNaN_False_passband_70.0-150.0_padLength_0.5s_stat_func_ttest_ind_equal_var_False_HG_ev1_power_rescaled-epo.fif ...
    Found the data of interest:
        t =   -1000.00 ...    1500.00 ms
        0 CTF compensation matrices available
Not setting metadata
448 matching events found
No baseline correction applied
0 projection items activated
  Loading condition: Stimulus_c with parameters: {'BIDS_events': ['Stimulus/c25.0/Accuracy1.0', 'Stimulus/c75.0/Accuracy1.0'], 'congruency': 'c'}
Not setting metadata
200 matching events found
No baseline correction applied
    Original shape: (200, 222, 641)
    Trials with all NaN values: 0
    Average NaN count per trial: 0.0
    Max NaN count in a trial: 0
    Stimulus_c: 200 valid trials out of 200
  Loading condition: Stimulus_i with parameters: {'BIDS_events': ['Stimulus/i25.0/Accuracy1.0', 'Stimulus/i75.0/Accuracy1.0'], 'congruency': 'i'}
Not setting metadata
159 matching events found
No baseline correction applied
    Original shape: (159, 222, 641)
    Trials with all NaN values: 0
    Average NaN count per trial: 0.0
    Max NaN count in a trial: 0
    Stimulus_i: 159 valid trials out of 159
  Loading condition: Stimulus_c with parameters: {'BIDS_events': ['Stimulus/c25.0/Accuracy1.0', 'Stimulus/c75.0/Accuracy1.0'], 'congruency': 'c'}
Not setting metadata
200 matching events found
No baseline correction applied
    Original shape: (200, 222, 641)
    Trials with all NaN values: 0
    Average NaN count per trial: 0.0
    Max NaN count in a trial: 0
    Stimulus_c: 200 valid trials out of 200
  Loading condition: Stimulus_i with parameters: {'BIDS_events': ['Stimulus/i25.0/Accuracy1.0', 'Stimulus/i75.0/Accuracy1.0'], 'congruency': 'i'}
Not setting metadata
159 matching events found
No baseline correction applied
    Original shape: (159, 222, 641)
    Trials with all NaN values: 0
    Average NaN count per trial: 0.0
    Max NaN count in a trial: 0
    Stimulus_i: 159 valid trials out of 159
Loading data for subject: D0107A
Reading /cwork/jz421/BIDS-1.1_GlobalLocal/BIDS/derivatives/freqFilt/figs/D0107A/D0107A_Stimulus_0.5sec_within-1-0sec_randoffset_StimulusBase_decFactor_8_markOutliersAsNaN_False_passband_70.0-150.0_padLength_0.5s_stat_func_ttest_ind_equal_var_False_HG_ev1_rescaled-epo.fif ...
    Found the data of interest:
        t =   -1000.00 ...    1500.00 ms
        0 CTF compensation matrices available
Not setting metadata
452 matching events found
No baseline correction applied
0 projection items activated
Reading /cwork/jz421/BIDS-1.1_GlobalLocal/BIDS/derivatives/freqFilt/figs/D0107A/D0107A_Stimulus_0.5sec_within-1-0sec_randoffset_StimulusBase_decFactor_8_markOutliersAsNaN_False_passband_70.0-150.0_padLength_0.5s_stat_func_ttest_ind_equal_var_False_HG_ev1_power_rescaled-epo.fif ...
    Found the data of interest:
        t =   -1000.00 ...    1500.00 ms
        0 CTF compensation matrices available
