Intel(R) Extension for Scikit-learn* enabled (https://github.com/intel/scikit-learn-intelex)
/hpc/home/jz421/miniconda3/envs/ieeg/lib/python3.11/site-packages/ieeg/io.py:113: RuntimeWarning: Omitted 226 annotation(s) that were outside data range.
  new_raw = read_raw_bids(bids_path=BIDS_path, verbose=verbose)
/hpc/home/jz421/miniconda3/envs/ieeg/lib/python3.11/site-packages/ieeg/io.py:113: RuntimeWarning: Omitted 228 annotation(s) that were outside data range.
  new_raw = read_raw_bids(bids_path=BIDS_path, verbose=verbose)
/hpc/home/jz421/miniconda3/envs/ieeg/lib/python3.11/site-packages/ieeg/io.py:113: RuntimeWarning: Omitted 226 annotation(s) that were outside data range.
  new_raw = read_raw_bids(bids_path=BIDS_path, verbose=verbose)
/hpc/home/jz421/coganlab/jz421/GlobalLocal/src/analysis/utils/general_utils.py:1621: RuntimeWarning: Concatenation of Annotations within Epochs is not supported yet. All annotations will be dropped.
  all_trials = mne.concatenate_epochs(all_trials_list)
[Parallel(n_jobs=2)]: Using backend LokyBackend with 2 concurrent workers.
[Parallel(n_jobs=2)]: Done  16 tasks      | elapsed:   13.4s
[Parallel(n_jobs=2)]: Done  70 tasks      | elapsed:   35.0s
[Parallel(n_jobs=2)]: Done 160 tasks      | elapsed:  1.2min
[Parallel(n_jobs=2)]: Done 222 out of 222 | elapsed:  1.6min finished
/hpc/home/jz421/miniconda3/envs/ieeg/lib/python3.11/site-packages/ieeg/io.py:113: RuntimeWarning: Omitted 226 annotation(s) that were outside data range.
  new_raw = read_raw_bids(bids_path=BIDS_path, verbose=verbose)
/hpc/home/jz421/miniconda3/envs/ieeg/lib/python3.11/site-packages/ieeg/io.py:113: RuntimeWarning: Omitted 228 annotation(s) that were outside data range.
  new_raw = read_raw_bids(bids_path=BIDS_path, verbose=verbose)
/hpc/home/jz421/miniconda3/envs/ieeg/lib/python3.11/site-packages/ieeg/io.py:113: RuntimeWarning: Omitted 226 annotation(s) that were outside data range.
  new_raw = read_raw_bids(bids_path=BIDS_path, verbose=verbose)
/hpc/home/jz421/coganlab/jz421/GlobalLocal/src/analysis/utils/general_utils.py:1621: RuntimeWarning: Concatenation of Annotations within Epochs is not supported yet. All annotations will be dropped.
  all_trials = mne.concatenate_epochs(all_trials_list)
[Parallel(n_jobs=2)]: Using backend LokyBackend with 2 concurrent workers.
[Parallel(n_jobs=2)]: Done  16 tasks      | elapsed:    6.6s
[Parallel(n_jobs=2)]: Done  70 tasks      | elapsed:   28.6s
[Parallel(n_jobs=2)]: Done 160 tasks      | elapsed:  1.1min
[Parallel(n_jobs=2)]: Done 222 out of 222 | elapsed:  1.5min finished
/hpc/home/jz421/miniconda3/envs/ieeg/lib/python3.11/site-packages/scipy/stats/_stats_py.py:1081: RuntimeWarning: divide by zero encountered in divide
  var *= np.divide(n, n-ddof)  # to avoid error on division by zero
/hpc/home/jz421/miniconda3/envs/ieeg/lib/python3.11/site-packages/scipy/stats/_stats_py.py:1081: RuntimeWarning: invalid value encountered in scalar multiply
  var *= np.divide(n, n-ddof)  # to avoid error on division by zero
[Parallel(n_jobs=5)]: Using backend LokyBackend with 5 concurrent workers.
[Parallel(n_jobs=5)]: Done   1 tasks      | elapsed:   11.1s
[Parallel(n_jobs=5)]: Done   2 out of   4 | elapsed:   11.1s remaining:   11.1s
[Parallel(n_jobs=5)]: Done   4 out of   4 | elapsed:   11.2s finished
[Parallel(n_jobs=5)]: Using backend LokyBackend with 5 concurrent workers.
[Parallel(n_jobs=5)]: Done   1 tasks      | elapsed:    0.0s
[Parallel(n_jobs=5)]: Batch computation too fast (0.04371237754821777s.) Setting batch_size=2.
[Parallel(n_jobs=5)]: Done   2 out of   4 | elapsed:    0.1s remaining:    0.1s
[Parallel(n_jobs=5)]: Done   4 out of   4 | elapsed:    4.0s finished
[Parallel(n_jobs=5)]: Using backend LokyBackend with 5 concurrent workers.
[Parallel(n_jobs=5)]: Done   1 tasks      | elapsed:    0.0s
[Parallel(n_jobs=5)]: Batch computation too fast (0.014099836349487305s.) Setting batch_size=2.
[Parallel(n_jobs=5)]: Done   2 out of   4 | elapsed:    0.0s remaining:    0.0s
[Parallel(n_jobs=5)]: Done   4 out of   4 | elapsed:    0.0s finished
[Parallel(n_jobs=5)]: Using backend LokyBackend with 5 concurrent workers.
[Parallel(n_jobs=5)]: Done   1 tasks      | elapsed:    0.0s
[Parallel(n_jobs=5)]: Batch computation too fast (0.01349496841430664s.) Setting batch_size=2.
[Parallel(n_jobs=5)]: Done   2 out of   4 | elapsed:    0.0s remaining:    0.0s
[Parallel(n_jobs=5)]: Done   4 out of   4 | elapsed:    0.0s finished
[Parallel(n_jobs=5)]: Using backend LokyBackend with 5 concurrent workers.
[Parallel(n_jobs=5)]: Done   1 tasks      | elapsed:    0.0s
[Parallel(n_jobs=5)]: Batch computation too fast (0.011341571807861328s.) Setting batch_size=2.
[Parallel(n_jobs=5)]: Done   2 out of   4 | elapsed:    0.0s remaining:    0.0s
[Parallel(n_jobs=5)]: Done   4 out of   4 | elapsed:    0.0s finished
[Parallel(n_jobs=5)]: Using backend LokyBackend with 5 concurrent workers.
[Parallel(n_jobs=5)]: Done   1 tasks      | elapsed:    0.0s
[Parallel(n_jobs=5)]: Batch computation too fast (0.015512943267822266s.) Setting batch_size=2.
[Parallel(n_jobs=5)]: Done   2 out of   4 | elapsed:    0.0s remaining:    0.0s
[Parallel(n_jobs=5)]: Done   4 out of   4 | elapsed:    0.0s finished
[Parallel(n_jobs=5)]: Using backend LokyBackend with 5 concurrent workers.
[Parallel(n_jobs=5)]: Done   1 tasks      | elapsed:    0.0s
[Parallel(n_jobs=5)]: Batch computation too fast (0.015298128128051758s.) Setting batch_size=2.
[Parallel(n_jobs=5)]: Done   2 out of   4 | elapsed:    0.0s remaining:    0.0s
[Parallel(n_jobs=5)]: Done   4 out of   4 | elapsed:    0.0s finished
[Parallel(n_jobs=5)]: Using backend LokyBackend with 5 concurrent workers.
[Parallel(n_jobs=5)]: Done   1 tasks      | elapsed:    0.0s
[Parallel(n_jobs=5)]: Batch computation too fast (0.018590927124023438s.) Setting batch_size=2.
[Parallel(n_jobs=5)]: Done   2 out of   4 | elapsed:    0.0s remaining:    0.0s
[Parallel(n_jobs=5)]: Done   4 out of   4 | elapsed:    0.0s finished
[Parallel(n_jobs=5)]: Using backend LokyBackend with 5 concurrent workers.
[Parallel(n_jobs=5)]: Done   1 tasks      | elapsed:    0.0s
[Parallel(n_jobs=5)]: Batch computation too fast (0.020552635192871094s.) Setting batch_size=2.
[Parallel(n_jobs=5)]: Done   2 out of   4 | elapsed:    0.0s remaining:    0.0s
[Parallel(n_jobs=5)]: Done   4 out of   4 | elapsed:    0.0s finished
[Parallel(n_jobs=5)]: Using backend LokyBackend with 5 concurrent workers.
[Parallel(n_jobs=5)]: Done   1 tasks      | elapsed:    0.0s
[Parallel(n_jobs=5)]: Batch computation too fast (0.015962600708007812s.) Setting batch_size=2.
[Parallel(n_jobs=5)]: Done   2 out of   4 | elapsed:    0.0s remaining:    0.0s
[Parallel(n_jobs=5)]: Done   4 out of   4 | elapsed:    0.0s finished
[Parallel(n_jobs=5)]: Using backend LokyBackend with 5 concurrent workers.
[Parallel(n_jobs=5)]: Done   1 tasks      | elapsed:    0.0s
[Parallel(n_jobs=5)]: Batch computation too fast (0.020762920379638672s.) Setting batch_size=2.
[Parallel(n_jobs=5)]: Done   2 out of   4 | elapsed:    0.0s remaining:    0.0s
[Parallel(n_jobs=5)]: Done   4 out of   4 | elapsed:    0.0s finished
/hpc/home/jz421/miniconda3/envs/ieeg/lib/python3.11/site-packages/scipy/stats/_stats_py.py:1081: RuntimeWarning: divide by zero encountered in divide
  var *= np.divide(n, n-ddof)  # to avoid error on division by zero
/hpc/home/jz421/miniconda3/envs/ieeg/lib/python3.11/site-packages/scipy/stats/_stats_py.py:1081: RuntimeWarning: invalid value encountered in scalar multiply
  var *= np.divide(n, n-ddof)  # to avoid error on division by zero
[Parallel(n_jobs=5)]: Using backend LokyBackend with 5 concurrent workers.
[Parallel(n_jobs=5)]: Done   1 tasks      | elapsed:    0.0s
[Parallel(n_jobs=5)]: Batch computation too fast (0.014115571975708008s.) Setting batch_size=2.
[Parallel(n_jobs=5)]: Done   2 out of   4 | elapsed:    0.0s remaining:    0.0s
[Parallel(n_jobs=5)]: Done   4 out of   4 | elapsed:    0.0s finished
[Parallel(n_jobs=5)]: Using backend LokyBackend with 5 concurrent workers.
[Parallel(n_jobs=5)]: Done   1 tasks      | elapsed:    0.0s
[Parallel(n_jobs=5)]: Batch computation too fast (0.008628368377685547s.) Setting batch_size=2.
[Parallel(n_jobs=5)]: Done   2 out of   4 | elapsed:    0.0s remaining:    0.0s
[Parallel(n_jobs=5)]: Done   4 out of   4 | elapsed:    0.0s finished
[Parallel(n_jobs=5)]: Using backend LokyBackend with 5 concurrent workers.
[Parallel(n_jobs=5)]: Done   1 tasks      | elapsed:    0.0s
[Parallel(n_jobs=5)]: Batch computation too fast (0.008996009826660156s.) Setting batch_size=2.
[Parallel(n_jobs=5)]: Done   2 out of   4 | elapsed:    0.0s remaining:    0.0s
[Parallel(n_jobs=5)]: Done   4 out of   4 | elapsed:    0.0s finished
[Parallel(n_jobs=5)]: Using backend LokyBackend with 5 concurrent workers.
[Parallel(n_jobs=5)]: Done   1 tasks      | elapsed:    0.0s
[Parallel(n_jobs=5)]: Batch computation too fast (0.007683277130126953s.) Setting batch_size=2.
[Parallel(n_jobs=5)]: Done   2 out of   4 | elapsed:    0.0s remaining:    0.0s
[Parallel(n_jobs=5)]: Done   4 out of   4 | elapsed:    0.0s finished
[Parallel(n_jobs=5)]: Using backend LokyBackend with 5 concurrent workers.
[Parallel(n_jobs=5)]: Done   1 tasks      | elapsed:    0.0s
[Parallel(n_jobs=5)]: Batch computation too fast (0.009856939315795898s.) Setting batch_size=2.
[Parallel(n_jobs=5)]: Done   2 out of   4 | elapsed:    0.0s remaining:    0.0s
[Parallel(n_jobs=5)]: Done   4 out of   4 | elapsed:    0.0s finished
[Parallel(n_jobs=5)]: Using backend LokyBackend with 5 concurrent workers.
[Parallel(n_jobs=5)]: Done   1 tasks      | elapsed:    0.0s
[Parallel(n_jobs=5)]: Batch computation too fast (0.011222362518310547s.) Setting batch_size=2.
[Parallel(n_jobs=5)]: Done   2 out of   4 | elapsed:    0.0s remaining:    0.0s
[Parallel(n_jobs=5)]: Done   4 out of   4 | elapsed:    0.0s finished
[Parallel(n_jobs=5)]: Using backend LokyBackend with 5 concurrent workers.
[Parallel(n_jobs=5)]: Done   1 tasks      | elapsed:    0.0s
[Parallel(n_jobs=5)]: Batch computation too fast (0.015196084976196289s.) Setting batch_size=2.
[Parallel(n_jobs=5)]: Done   2 out of   4 | elapsed:    0.0s remaining:    0.0s
[Parallel(n_jobs=5)]: Done   4 out of   4 | elapsed:    0.0s finished
[Parallel(n_jobs=5)]: Using backend LokyBackend with 5 concurrent workers.
[Parallel(n_jobs=5)]: Done   1 tasks      | elapsed:    0.0s
[Parallel(n_jobs=5)]: Batch computation too fast (0.012506723403930664s.) Setting batch_size=2.
[Parallel(n_jobs=5)]: Done   2 out of   4 | elapsed:    0.0s remaining:    0.0s
[Parallel(n_jobs=5)]: Done   4 out of   4 | elapsed:    0.0s finished
[Parallel(n_jobs=5)]: Using backend LokyBackend with 5 concurrent workers.
[Parallel(n_jobs=5)]: Done   1 tasks      | elapsed:    0.0s
[Parallel(n_jobs=5)]: Batch computation too fast (0.014995098114013672s.) Setting batch_size=2.
[Parallel(n_jobs=5)]: Done   2 out of   4 | elapsed:    0.0s remaining:    0.0s
[Parallel(n_jobs=5)]: Done   4 out of   4 | elapsed:    0.0s finished
[Parallel(n_jobs=5)]: Using backend LokyBackend with 5 concurrent workers.
[Parallel(n_jobs=5)]: Done   1 tasks      | elapsed:    0.0s
[Parallel(n_jobs=5)]: Batch computation too fast (0.017247438430786133s.) Setting batch_size=2.
[Parallel(n_jobs=5)]: Done   2 out of   4 | elapsed:    0.0s remaining:    0.0s
[Parallel(n_jobs=5)]: Done   4 out of   4 | elapsed:    0.0s finished
[Parallel(n_jobs=5)]: Using backend LokyBackend with 5 concurrent workers.
[Parallel(n_jobs=5)]: Done   1 tasks      | elapsed:    0.0s
[Parallel(n_jobs=5)]: Batch computation too fast (0.015943288803100586s.) Setting batch_size=2.
[Parallel(n_jobs=5)]: Done   2 out of   4 | elapsed:    0.0s remaining:    0.0s
[Parallel(n_jobs=5)]: Done   4 out of   4 | elapsed:    0.0s finished
/hpc/home/jz421/miniconda3/envs/ieeg/lib/python3.11/site-packages/scipy/stats/_stats_py.py:1081: RuntimeWarning: divide by zero encountered in divide
  var *= np.divide(n, n-ddof)  # to avoid error on division by zero
/hpc/home/jz421/miniconda3/envs/ieeg/lib/python3.11/site-packages/scipy/stats/_stats_py.py:1081: RuntimeWarning: invalid value encountered in scalar multiply
  var *= np.divide(n, n-ddof)  # to avoid error on division by zero
[Parallel(n_jobs=5)]: Using backend LokyBackend with 5 concurrent workers.
[Parallel(n_jobs=5)]: Done   1 tasks      | elapsed:    0.0s
[Parallel(n_jobs=5)]: Batch computation too fast (0.01290130615234375s.) Setting batch_size=2.
[Parallel(n_jobs=5)]: Done   2 out of   4 | elapsed:    0.0s remaining:    0.0s
[Parallel(n_jobs=5)]: Done   4 out of   4 | elapsed:    0.0s finished
[Parallel(n_jobs=5)]: Using backend LokyBackend with 5 concurrent workers.
[Parallel(n_jobs=5)]: Done   1 tasks      | elapsed:    0.0s
[Parallel(n_jobs=5)]: Batch computation too fast (0.010769367218017578s.) Setting batch_size=2.
[Parallel(n_jobs=5)]: Done   2 out of   4 | elapsed:    0.0s remaining:    0.0s
[Parallel(n_jobs=5)]: Done   4 out of   4 | elapsed:    0.0s finished
[Parallel(n_jobs=5)]: Using backend LokyBackend with 5 concurrent workers.
[Parallel(n_jobs=5)]: Done   1 tasks      | elapsed:    0.0s
[Parallel(n_jobs=5)]: Batch computation too fast (0.013802528381347656s.) Setting batch_size=2.
[Parallel(n_jobs=5)]: Done   2 out of   4 | elapsed:    0.0s remaining:    0.0s
[Parallel(n_jobs=5)]: Done   4 out of   4 | elapsed:    0.0s finished
[Parallel(n_jobs=5)]: Using backend LokyBackend with 5 concurrent workers.
[Parallel(n_jobs=5)]: Done   1 tasks      | elapsed:    0.0s
[Parallel(n_jobs=5)]: Batch computation too fast (0.012824296951293945s.) Setting batch_size=2.
[Parallel(n_jobs=5)]: Done   2 out of   4 | elapsed:    0.0s remaining:    0.0s
[Parallel(n_jobs=5)]: Done   4 out of   4 | elapsed:    0.0s finished
[Parallel(n_jobs=5)]: Using backend LokyBackend with 5 concurrent workers.
[Parallel(n_jobs=5)]: Done   1 tasks      | elapsed:    0.0s
[Parallel(n_jobs=5)]: Batch computation too fast (0.01021122932434082s.) Setting batch_size=2.
[Parallel(n_jobs=5)]: Done   2 out of   4 | elapsed:    0.0s remaining:    0.0s
[Parallel(n_jobs=5)]: Done   4 out of   4 | elapsed:    0.0s finished
[Parallel(n_jobs=5)]: Using backend LokyBackend with 5 concurrent workers.
[Parallel(n_jobs=5)]: Done   1 tasks      | elapsed:    0.0s
[Parallel(n_jobs=5)]: Batch computation too fast (0.013334274291992188s.) Setting batch_size=2.
[Parallel(n_jobs=5)]: Done   2 out of   4 | elapsed:    0.0s remaining:    0.0s
[Parallel(n_jobs=5)]: Done   4 out of   4 | elapsed:    0.0s finished
[Parallel(n_jobs=5)]: Using backend LokyBackend with 5 concurrent workers.
[Parallel(n_jobs=5)]: Done   1 tasks      | elapsed:    0.0s
[Parallel(n_jobs=5)]: Batch computation too fast (0.010178804397583008s.) Setting batch_size=2.
[Parallel(n_jobs=5)]: Done   2 out of   4 | elapsed:    0.0s remaining:    0.0s
[Parallel(n_jobs=5)]: Done   4 out of   4 | elapsed:    0.0s finished
[Parallel(n_jobs=5)]: Using backend LokyBackend with 5 concurrent workers.
[Parallel(n_jobs=5)]: Done   1 tasks      | elapsed:    0.0s
[Parallel(n_jobs=5)]: Batch computation too fast (0.0177304744720459s.) Setting batch_size=2.
[Parallel(n_jobs=5)]: Done   2 out of   4 | elapsed:    0.0s remaining:    0.0s
[Parallel(n_jobs=5)]: Done   4 out of   4 | elapsed:    0.0s finished
[Parallel(n_jobs=5)]: Using backend LokyBackend with 5 concurrent workers.
[Parallel(n_jobs=5)]: Done   1 tasks      | elapsed:    0.0s
[Parallel(n_jobs=5)]: Batch computation too fast (0.019637346267700195s.) Setting batch_size=2.
[Parallel(n_jobs=5)]: Done   2 out of   4 | elapsed:    0.0s remaining:    0.0s
[Parallel(n_jobs=5)]: Done   4 out of   4 | elapsed:    0.0s finished
[Parallel(n_jobs=5)]: Using backend LokyBackend with 5 concurrent workers.
[Parallel(n_jobs=5)]: Done   1 tasks      | elapsed:    0.0s
[Parallel(n_jobs=5)]: Batch computation too fast (0.01508784294128418s.) Setting batch_size=2.
[Parallel(n_jobs=5)]: Done   2 out of   4 | elapsed:    0.0s remaining:    0.0s
[Parallel(n_jobs=5)]: Done   4 out of   4 | elapsed:    0.0s finished
[Parallel(n_jobs=5)]: Using backend LokyBackend with 5 concurrent workers.
[Parallel(n_jobs=5)]: Done   1 tasks      | elapsed:    0.0s
[Parallel(n_jobs=5)]: Batch computation too fast (0.025064468383789062s.) Setting batch_size=2.
[Parallel(n_jobs=5)]: Done   2 out of   4 | elapsed:    0.0s remaining:    0.0s
[Parallel(n_jobs=5)]: Done   4 out of   4 | elapsed:    0.0s finished
/hpc/home/jz421/miniconda3/envs/ieeg/lib/python3.11/site-packages/scipy/stats/_stats_py.py:1081: RuntimeWarning: divide by zero encountered in divide
  var *= np.divide(n, n-ddof)  # to avoid error on division by zero
/hpc/home/jz421/miniconda3/envs/ieeg/lib/python3.11/site-packages/scipy/stats/_stats_py.py:1081: RuntimeWarning: invalid value encountered in scalar multiply
  var *= np.divide(n, n-ddof)  # to avoid error on division by zero
[Parallel(n_jobs=5)]: Using backend LokyBackend with 5 concurrent workers.
[Parallel(n_jobs=5)]: Done   1 tasks      | elapsed:    0.0s
[Parallel(n_jobs=5)]: Batch computation too fast (0.012107372283935547s.) Setting batch_size=2.
[Parallel(n_jobs=5)]: Done   2 out of   4 | elapsed:    0.0s remaining:    0.0s
[Parallel(n_jobs=5)]: Done   4 out of   4 | elapsed:    0.0s finished
[Parallel(n_jobs=5)]: Using backend LokyBackend with 5 concurrent workers.
[Parallel(n_jobs=5)]: Done   1 tasks      | elapsed:    0.0s
[Parallel(n_jobs=5)]: Batch computation too fast (0.009006500244140625s.) Setting batch_size=2.
[Parallel(n_jobs=5)]: Done   2 out of   4 | elapsed:    0.0s remaining:    0.0s
[Parallel(n_jobs=5)]: Done   4 out of   4 | elapsed:    0.0s finished
[Parallel(n_jobs=5)]: Using backend LokyBackend with 5 concurrent workers.
[Parallel(n_jobs=5)]: Done   1 tasks      | elapsed:    0.0s
[Parallel(n_jobs=5)]: Batch computation too fast (0.014366388320922852s.) Setting batch_size=2.
[Parallel(n_jobs=5)]: Done   2 out of   4 | elapsed:    0.0s remaining:    0.0s
[Parallel(n_jobs=5)]: Done   4 out of   4 | elapsed:    0.0s finished
[Parallel(n_jobs=5)]: Using backend LokyBackend with 5 concurrent workers.
[Parallel(n_jobs=5)]: Done   1 tasks      | elapsed:    0.0s
[Parallel(n_jobs=5)]: Batch computation too fast (0.012064218521118164s.) Setting batch_size=2.
[Parallel(n_jobs=5)]: Done   2 out of   4 | elapsed:    0.0s remaining:    0.0s
[Parallel(n_jobs=5)]: Done   4 out of   4 | elapsed:    0.0s finished
[Parallel(n_jobs=5)]: Using backend LokyBackend with 5 concurrent workers.
[Parallel(n_jobs=5)]: Done   1 tasks      | elapsed:    0.0s
[Parallel(n_jobs=5)]: Batch computation too fast (0.012399673461914062s.) Setting batch_size=2.
[Parallel(n_jobs=5)]: Done   2 out of   4 | elapsed:    0.0s remaining:    0.0s
[Parallel(n_jobs=5)]: Done   4 out of   4 | elapsed:    0.0s finished
[Parallel(n_jobs=5)]: Using backend LokyBackend with 5 concurrent workers.
[Parallel(n_jobs=5)]: Done   1 tasks      | elapsed:    0.0s
[Parallel(n_jobs=5)]: Batch computation too fast (0.013193130493164062s.) Setting batch_size=2.
[Parallel(n_jobs=5)]: Done   2 out of   4 | elapsed:    0.0s remaining:    0.0s
[Parallel(n_jobs=5)]: Done   4 out of   4 | elapsed:    0.0s finished
[Parallel(n_jobs=5)]: Using backend LokyBackend with 5 concurrent workers.
[Parallel(n_jobs=5)]: Done   1 tasks      | elapsed:    0.0s
[Parallel(n_jobs=5)]: Batch computation too fast (0.01936030387878418s.) Setting batch_size=2.
[Parallel(n_jobs=5)]: Done   2 out of   4 | elapsed:    0.0s remaining:    0.0s
[Parallel(n_jobs=5)]: Done   4 out of   4 | elapsed:    0.0s finished
[Parallel(n_jobs=5)]: Using backend LokyBackend with 5 concurrent workers.
[Parallel(n_jobs=5)]: Done   1 tasks      | elapsed:    0.0s
[Parallel(n_jobs=5)]: Batch computation too fast (0.01831650733947754s.) Setting batch_size=2.
[Parallel(n_jobs=5)]: Done   2 out of   4 | elapsed:    0.0s remaining:    0.0s
[Parallel(n_jobs=5)]: Done   4 out of   4 | elapsed:    0.0s finished
[Parallel(n_jobs=5)]: Using backend LokyBackend with 5 concurrent workers.
[Parallel(n_jobs=5)]: Done   1 tasks      | elapsed:    0.0s
[Parallel(n_jobs=5)]: Batch computation too fast (0.020256757736206055s.) Setting batch_size=2.
[Parallel(n_jobs=5)]: Done   2 out of   4 | elapsed:    0.0s remaining:    0.0s
[Parallel(n_jobs=5)]: Done   4 out of   4 | elapsed:    0.0s finished
[Parallel(n_jobs=5)]: Using backend LokyBackend with 5 concurrent workers.
[Parallel(n_jobs=5)]: Done   1 tasks      | elapsed:    0.0s
[Parallel(n_jobs=5)]: Batch computation too fast (0.020801782608032227s.) Setting batch_size=2.
[Parallel(n_jobs=5)]: Done   2 out of   4 | elapsed:    0.0s remaining:    0.0s
[Parallel(n_jobs=5)]: Done   4 out of   4 | elapsed:    0.0s finished
[Parallel(n_jobs=5)]: Using backend LokyBackend with 5 concurrent workers.
[Parallel(n_jobs=5)]: Done   1 tasks      | elapsed:    0.0s
[Parallel(n_jobs=5)]: Batch computation too fast (0.01612377166748047s.) Setting batch_size=2.
[Parallel(n_jobs=5)]: Done   2 out of   4 | elapsed:    0.0s remaining:    0.0s
[Parallel(n_jobs=5)]: Done   4 out of   4 | elapsed:    0.0s finished
/hpc/home/jz421/miniconda3/envs/ieeg/lib/python3.11/site-packages/scipy/stats/_stats_py.py:1081: RuntimeWarning: divide by zero encountered in divide
  var *= np.divide(n, n-ddof)  # to avoid error on division by zero
/hpc/home/jz421/miniconda3/envs/ieeg/lib/python3.11/site-packages/scipy/stats/_stats_py.py:1081: RuntimeWarning: invalid value encountered in scalar multiply
  var *= np.divide(n, n-ddof)  # to avoid error on division by zero
[Parallel(n_jobs=5)]: Using backend LokyBackend with 5 concurrent workers.
[Parallel(n_jobs=5)]: Done   1 tasks      | elapsed:    0.0s
[Parallel(n_jobs=5)]: Batch computation too fast (0.010894775390625s.) Setting batch_size=2.
[Parallel(n_jobs=5)]: Done   2 out of   4 | elapsed:    0.0s remaining:    0.0s
[Parallel(n_jobs=5)]: Done   4 out of   4 | elapsed:    0.0s finished
[Parallel(n_jobs=5)]: Using backend LokyBackend with 5 concurrent workers.
[Parallel(n_jobs=5)]: Done   1 tasks      | elapsed:    0.0s
[Parallel(n_jobs=5)]: Batch computation too fast (0.011174201965332031s.) Setting batch_size=2.
[Parallel(n_jobs=5)]: Done   2 out of   4 | elapsed:    0.0s remaining:    0.0s
[Parallel(n_jobs=5)]: Done   4 out of   4 | elapsed:    0.0s finished
[Parallel(n_jobs=5)]: Using backend LokyBackend with 5 concurrent workers.
[Parallel(n_jobs=5)]: Done   1 tasks      | elapsed:    0.0s
[Parallel(n_jobs=5)]: Batch computation too fast (0.011065483093261719s.) Setting batch_size=2.
[Parallel(n_jobs=5)]: Done   2 out of   4 | elapsed:    0.0s remaining:    0.0s
[Parallel(n_jobs=5)]: Done   4 out of   4 | elapsed:    0.0s finished
[Parallel(n_jobs=5)]: Using backend LokyBackend with 5 concurrent workers.
[Parallel(n_jobs=5)]: Done   1 tasks      | elapsed:    0.0s
[Parallel(n_jobs=5)]: Batch computation too fast (0.012766122817993164s.) Setting batch_size=2.
[Parallel(n_jobs=5)]: Done   2 out of   4 | elapsed:    0.0s remaining:    0.0s
[Parallel(n_jobs=5)]: Done   4 out of   4 | elapsed:    0.0s finished
/hpc/home/jz421/miniconda3/envs/ieeg/lib/python3.11/site-packages/scipy/stats/_stats_py.py:1081: RuntimeWarning: divide by zero encountered in divide
  var *= np.divide(n, n-ddof)  # to avoid error on division by zero
/hpc/home/jz421/miniconda3/envs/ieeg/lib/python3.11/site-packages/scipy/stats/_stats_py.py:1081: RuntimeWarning: invalid value encountered in scalar multiply
  var *= np.divide(n, n-ddof)  # to avoid error on division by zero
[Parallel(n_jobs=5)]: Using backend LokyBackend with 5 concurrent workers.
[Parallel(n_jobs=5)]: Done   1 tasks      | elapsed:    0.0s
[Parallel(n_jobs=5)]: Batch computation too fast (0.012372970581054688s.) Setting batch_size=2.
[Parallel(n_jobs=5)]: Done   2 out of   4 | elapsed:    0.0s remaining:    0.0s
[Parallel(n_jobs=5)]: Done   4 out of   4 | elapsed:    0.0s finished
[Parallel(n_jobs=5)]: Using backend LokyBackend with 5 concurrent workers.
[Parallel(n_jobs=5)]: Done   1 tasks      | elapsed:    0.0s
[Parallel(n_jobs=5)]: Batch computation too fast (0.011324405670166016s.) Setting batch_size=2.
[Parallel(n_jobs=5)]: Done   2 out of   4 | elapsed:    0.0s remaining:    0.0s
[Parallel(n_jobs=5)]: Done   4 out of   4 | elapsed:    0.0s finished
[Parallel(n_jobs=5)]: Using backend LokyBackend with 5 concurrent workers.
[Parallel(n_jobs=5)]: Done   1 tasks      | elapsed:    0.0s
[Parallel(n_jobs=5)]: Batch computation too fast (0.010887861251831055s.) Setting batch_size=2.
[Parallel(n_jobs=5)]: Done   2 out of   4 | elapsed:    0.0s remaining:    0.0s
[Parallel(n_jobs=5)]: Done   4 out of   4 | elapsed:    0.0s finished
[Parallel(n_jobs=5)]: Using backend LokyBackend with 5 concurrent workers.
[Parallel(n_jobs=5)]: Done   1 tasks      | elapsed:    0.0s
[Parallel(n_jobs=5)]: Batch computation too fast (0.014232635498046875s.) Setting batch_size=2.
[Parallel(n_jobs=5)]: Done   2 out of   4 | elapsed:    0.0s remaining:    0.0s
[Parallel(n_jobs=5)]: Done   4 out of   4 | elapsed:    0.0s finished
/hpc/home/jz421/miniconda3/envs/ieeg/lib/python3.11/site-packages/scipy/stats/_stats_py.py:1081: RuntimeWarning: divide by zero encountered in divide
  var *= np.divide(n, n-ddof)  # to avoid error on division by zero
/hpc/home/jz421/miniconda3/envs/ieeg/lib/python3.11/site-packages/scipy/stats/_stats_py.py:1081: RuntimeWarning: invalid value encountered in scalar multiply
  var *= np.divide(n, n-ddof)  # to avoid error on division by zero
[Parallel(n_jobs=5)]: Using backend LokyBackend with 5 concurrent workers.
[Parallel(n_jobs=5)]: Done   1 tasks      | elapsed:    0.0s
[Parallel(n_jobs=5)]: Batch computation too fast (0.01260066032409668s.) Setting batch_size=2.
[Parallel(n_jobs=5)]: Done   2 out of   4 | elapsed:    0.0s remaining:    0.0s
[Parallel(n_jobs=5)]: Done   4 out of   4 | elapsed:    0.0s finished
[Parallel(n_jobs=5)]: Using backend LokyBackend with 5 concurrent workers.
[Parallel(n_jobs=5)]: Done   1 tasks      | elapsed:    0.0s
[Parallel(n_jobs=5)]: Batch computation too fast (0.013141870498657227s.) Setting batch_size=2.
[Parallel(n_jobs=5)]: Done   2 out of   4 | elapsed:    0.0s remaining:    0.0s
[Parallel(n_jobs=5)]: Done   4 out of   4 | elapsed:    0.0s finished
[Parallel(n_jobs=5)]: Using backend LokyBackend with 5 concurrent workers.
[Parallel(n_jobs=5)]: Done   1 tasks      | elapsed:    0.0s
[Parallel(n_jobs=5)]: Batch computation too fast (0.013809442520141602s.) Setting batch_size=2.
[Parallel(n_jobs=5)]: Done   2 out of   4 | elapsed:    0.0s remaining:    0.0s
[Parallel(n_jobs=5)]: Done   4 out of   4 | elapsed:    0.0s finished
[Parallel(n_jobs=5)]: Using backend LokyBackend with 5 concurrent workers.
[Parallel(n_jobs=5)]: Done   1 tasks      | elapsed:    0.0s
[Parallel(n_jobs=5)]: Batch computation too fast (0.011020421981811523s.) Setting batch_size=2.
[Parallel(n_jobs=5)]: Done   2 out of   4 | elapsed:    0.0s remaining:    0.0s
[Parallel(n_jobs=5)]: Done   4 out of   4 | elapsed:    0.0s finished
/hpc/home/jz421/miniconda3/envs/ieeg/lib/python3.11/site-packages/scipy/stats/_stats_py.py:1081: RuntimeWarning: divide by zero encountered in divide
  var *= np.divide(n, n-ddof)  # to avoid error on division by zero
/hpc/home/jz421/miniconda3/envs/ieeg/lib/python3.11/site-packages/scipy/stats/_stats_py.py:1081: RuntimeWarning: invalid value encountered in scalar multiply
  var *= np.divide(n, n-ddof)  # to avoid error on division by zero
[Parallel(n_jobs=5)]: Using backend LokyBackend with 5 concurrent workers.
[Parallel(n_jobs=5)]: Done   1 out of   1 | elapsed:    0.0s finished
[Parallel(n_jobs=5)]: Batch computation too fast (0.012419462203979492s.) Setting batch_size=2.
[Parallel(n_jobs=5)]: Done   2 tasks      | elapsed:    0.0s
[Parallel(n_jobs=5)]: Done   4 out of   4 | elapsed:    0.0s finished
[Parallel(n_jobs=5)]: Using backend LokyBackend with 5 concurrent workers.
[Parallel(n_jobs=5)]: Done   1 tasks      | elapsed:    0.0s
[Parallel(n_jobs=5)]: Batch computation too fast (0.01719975471496582s.) Setting batch_size=2.
[Parallel(n_jobs=5)]: Done   2 tasks      | elapsed:    0.0s
[Parallel(n_jobs=5)]: Done   4 out of   4 | elapsed:    0.0s finished
[Parallel(n_jobs=5)]: Using backend LokyBackend with 5 concurrent workers.
[Parallel(n_jobs=5)]: Done   1 tasks      | elapsed:    0.0s
[Parallel(n_jobs=5)]: Batch computation too fast (0.013863801956176758s.) Setting batch_size=2.
[Parallel(n_jobs=5)]: Done   2 out of   4 | elapsed:    0.0s remaining:    0.0s
[Parallel(n_jobs=5)]: Done   4 out of   4 | elapsed:    0.0s finished
[Parallel(n_jobs=5)]: Using backend LokyBackend with 5 concurrent workers.
[Parallel(n_jobs=5)]: Done   1 tasks      | elapsed:    0.0s
[Parallel(n_jobs=5)]: Batch computation too fast (0.01319575309753418s.) Setting batch_size=2.
[Parallel(n_jobs=5)]: Done   2 out of   4 | elapsed:    0.0s remaining:    0.0s
[Parallel(n_jobs=5)]: Done   4 out of   4 | elapsed:    0.0s finished
