['/hpc/home/jz421/coganlab/jz421/GlobalLocal', '/hpc/group/coganlab/jz421/GlobalLocal/dcc_scripts/decoding', '/hpc/home/jz421/miniconda3/envs/ieeg/lib/python311.zip', '/hpc/home/jz421/miniconda3/envs/ieeg/lib/python3.11', '/hpc/home/jz421/miniconda3/envs/ieeg/lib/python3.11/lib-dynload', '/hpc/home/jz421/miniconda3/envs/ieeg/lib/python3.11/site-packages', '/hpc/home/jz421/coganlab/jz421/GlobalLocal/IEEG_Pipelines/']
Qt5Agg backend not available, using default backend
Qt5Agg backend not available, using default backend

WARNING: Keras package is not installed. You will be unable to useall neural net decoders
['/hpc/home/jz421/coganlab/jz421/GlobalLocal', '/hpc/group/coganlab/jz421/GlobalLocal/dcc_scripts/decoding', '/hpc/home/jz421/miniconda3/envs/ieeg/lib/python311.zip', '/hpc/home/jz421/miniconda3/envs/ieeg/lib/python3.11', '/hpc/home/jz421/miniconda3/envs/ieeg/lib/python3.11/lib-dynload', '/hpc/home/jz421/miniconda3/envs/ieeg/lib/python3.11/site-packages', '/hpc/home/jz421/coganlab/jz421/GlobalLocal/IEEG_Pipelines/']
======================================================================
BANDPASS FILTERED DECODING ANALYSIS
======================================================================
Subjects:          ['D0057', 'D0059', 'D0063', 'D0069', 'D0071']
Conditions:        ['Stimulus_c25', 'Stimulus_c75', 'Stimulus_i25', 'Stimulus_i75']
ROIs:              ['lpfc', 'occ', 'dlpfc', 'acc', 'parietal']
Epochs file:       Stimulus_0.5sec_within-1.0-0.0sec_base_decFactor_8_outliers_10_drop_thresh_perc_5.0_70.0-150.0_Hz_padLength_0.5s_stat_func_ttest_ind_equal_var_False_nan_policy_omit
Electrodes (all or sig):       all
Explained variance: 0.8
Balance method:     subsample
Obs axs:            0
Chans axs:          1
Time axs:           -1
----------------------------------------------------------------------
Decoding Parameters:
  CV Splits/Repeats: 5/5
  Balance Method:    subsample
  Explained Variance:0.8
  Window/Step (samp):32/16
  Sampling Rate (Hz):256
----------------------------------------------------------------------
 folds as samples (use folds as unit of statistical analysis or use repeats instead): True
Percentile Statistical Parameters:
  Percentile: (95,)
  Cluster Percentile: (95,)
  N Cluster Perms: 200
======================================================================
======================================================================

Starting analysis...
Loaded data from /hpc/home/jz421/coganlab/jz421/GlobalLocal/src/analysis/config/subjects_electrodestoROIs_dict.json
Save directory created or already exists at: /cwork/jz421/BIDS-1.1_GlobalLocal/BIDS/derivatives/decoding/figs/Stimulus_0.5sec_within-1.0-0.0sec_base_decFactor_8_outliers_10_drop_thresh_perc_5.0_70.0-150.0_Hz_padLength_0.5s_stat_func_ttest_ind_equal_var_False_nan_policy_omit
Loaded significant channels for subject D0057
Loaded significant channels for subject D0059
Loaded significant channels for subject D0063
Loaded significant channels for subject D0069
Loaded significant channels for subject D0071
For subject D0057, G_front_inf-Opercular, G_front_inf-Orbital, G_front_inf-Triangul, G_front_middle, G_front_sup, Lat_Fis-ant-Horizont, Lat_Fis-ant-Vertical, S_circular_insula_ant, S_circular_insula_sup, S_front_inf, S_front_middle, S_front_sup electrodes are: ['RAI6', 'RAI12', 'RAI13', 'RAI14', 'RAI15', 'RAI16', 'RPI15', 'RPI14', 'RAMF10', 'RAMF11', 'RAMF12', 'RAMF13', 'RAMF14', 'RAIF11', 'RAIF12', 'RAIF13', 'RAIF14']
For subject D0059, G_front_inf-Opercular, G_front_inf-Orbital, G_front_inf-Triangul, G_front_middle, G_front_sup, Lat_Fis-ant-Horizont, Lat_Fis-ant-Vertical, S_circular_insula_ant, S_circular_insula_sup, S_front_inf, S_front_middle, S_front_sup electrodes are: ['LMMF9', 'LMMF11', 'LMMF10', 'LMMF12', 'LPSF16']
For subject D0063, G_front_inf-Opercular, G_front_inf-Orbital, G_front_inf-Triangul, G_front_middle, G_front_sup, Lat_Fis-ant-Horizont, Lat_Fis-ant-Vertical, S_circular_insula_ant, S_circular_insula_sup, S_front_inf, S_front_middle, S_front_sup electrodes are: ['LASF10', 'LASF11', 'LASF14', 'LASF15', 'LASF16', 'LMSF5', 'LMSF6', 'LMSF12', 'LPSF10', 'LPSF12', 'ROF16', 'RAI16', 'RAMF11', 'RAMF12', 'RAMF13', 'RAMF14', 'RMMF13', 'RMMF14', 'RAI4', 'RAI6', 'RAI5', 'RAI10', 'RAI11', 'RASF15', 'RASF16', 'RMSF8', 'RMSF9', 'RMSF10', 'RMSF11', 'RMSF12', 'RMSF7', 'RAMF8', 'RAMF9', 'RAMF10', 'RMMF9', 'RMMF10']
For subject D0065, G_front_inf-Opercular, G_front_inf-Orbital, G_front_inf-Triangul, G_front_middle, G_front_sup, Lat_Fis-ant-Horizont, Lat_Fis-ant-Vertical, S_circular_insula_ant, S_circular_insula_sup, S_front_inf, S_front_middle, S_front_sup electrodes are: ['RASF13', 'RASF14', 'RASF15', 'RASF16', 'RMSF11', 'RMSF12', 'RMSF13', 'RMSF14', 'RI7']
For subject D0069, G_front_inf-Opercular, G_front_inf-Orbital, G_front_inf-Triangul, G_front_middle, G_front_sup, Lat_Fis-ant-Horizont, Lat_Fis-ant-Vertical, S_circular_insula_ant, S_circular_insula_sup, S_front_inf, S_front_middle, S_front_sup electrodes are: ['LOF8']
For subject D0071, G_front_inf-Opercular, G_front_inf-Orbital, G_front_inf-Triangul, G_front_middle, G_front_sup, Lat_Fis-ant-Horizont, Lat_Fis-ant-Vertical, S_circular_insula_ant, S_circular_insula_sup, S_front_inf, S_front_middle, S_front_sup electrodes are: ['RFO14', 'RFO16', 'RIA4', 'RIP6', 'RIA5', 'RIA11', 'RIA12', 'RIA13', 'RIA14', 'RIA16', 'RIP14', 'RIP15', 'RIP16']
For subject D0077, G_front_inf-Opercular, G_front_inf-Orbital, G_front_inf-Triangul, G_front_middle, G_front_sup, Lat_Fis-ant-Horizont, Lat_Fis-ant-Vertical, S_circular_insula_ant, S_circular_insula_sup, S_front_inf, S_front_middle, S_front_sup electrodes are: []
For subject D0090, G_front_inf-Opercular, G_front_inf-Orbital, G_front_inf-Triangul, G_front_middle, G_front_sup, Lat_Fis-ant-Horizont, Lat_Fis-ant-Vertical, S_circular_insula_ant, S_circular_insula_sup, S_front_inf, S_front_middle, S_front_sup electrodes are: ['RFO15', 'RIA6', 'RIA11', 'RIA12', 'RIA14', 'RIA15', 'RIA16', 'RIP7']
For subject D0094, G_front_inf-Opercular, G_front_inf-Orbital, G_front_inf-Triangul, G_front_middle, G_front_sup, Lat_Fis-ant-Horizont, Lat_Fis-ant-Vertical, S_circular_insula_ant, S_circular_insula_sup, S_front_inf, S_front_middle, S_front_sup electrodes are: ['LFO12', 'LFO13', 'LFO15', 'LFO16', 'LFAM8', 'LFAM9', 'LFAM10', 'LFAM13', 'LFAM14', 'LFPM10', 'LFPM11', 'LFPM12', 'LPAS1', 'LIA16', 'LFAI3', 'LFAI4', 'LFAI5', 'LFPI10', 'LPAI9', 'LPAI10', 'LIA4', 'LIA5', 'LFAI9', 'LFAI10', 'LIA11', 'LIA12', 'LIA13', 'LIA14']
For subject D0100, G_front_inf-Opercular, G_front_inf-Orbital, G_front_inf-Triangul, G_front_middle, G_front_sup, Lat_Fis-ant-Horizont, Lat_Fis-ant-Vertical, S_circular_insula_ant, S_circular_insula_sup, S_front_inf, S_front_middle, S_front_sup electrodes are: []
For subject D0102, G_front_inf-Opercular, G_front_inf-Orbital, G_front_inf-Triangul, G_front_middle, G_front_sup, Lat_Fis-ant-Horizont, Lat_Fis-ant-Vertical, S_circular_insula_ant, S_circular_insula_sup, S_front_inf, S_front_middle, S_front_sup electrodes are: ['RFO13', 'RFO14', 'RFAM15', 'RFAI2', 'RFAI3']
For subject D0103, G_front_inf-Opercular, G_front_inf-Orbital, G_front_inf-Triangul, G_front_middle, G_front_sup, Lat_Fis-ant-Horizont, Lat_Fis-ant-Vertical, S_circular_insula_ant, S_circular_insula_sup, S_front_inf, S_front_middle, S_front_sup electrodes are: ['LFAM8', 'LFAM9', 'LAI13', 'LAI14', 'LFAM15', 'LAI4', 'LAI7', 'LAI8', 'LAI18', 'LFO15', 'LFAI4']
For subject D0107A, G_front_inf-Opercular, G_front_inf-Orbital, G_front_inf-Triangul, G_front_middle, G_front_sup, Lat_Fis-ant-Horizont, Lat_Fis-ant-Vertical, S_circular_insula_ant, S_circular_insula_sup, S_front_inf, S_front_middle, S_front_sup electrodes are: ['RFOA16', 'RFOA17', 'RFOA18', 'RFAI3', 'RIA5', 'RIA6', 'RFAM7', 'RFAM9', 'RFAM10', 'RFAM11', 'RFAM12', 'RFMM9', 'RFMM11', 'RFMM12', 'RFMM13', 'RFMM14', 'RFMM15', 'RFMM8', 'RIA12', 'RIA13', 'RIA14', 'RIA15', 'RIA16', 'RIA17', 'RIA18']
For subject D0110, G_front_inf-Opercular, G_front_inf-Orbital, G_front_inf-Triangul, G_front_middle, G_front_sup, Lat_Fis-ant-Horizont, Lat_Fis-ant-Vertical, S_circular_insula_ant, S_circular_insula_sup, S_front_inf, S_front_middle, S_front_sup electrodes are: ['LASF10', 'LOF13', 'LOF15', 'LINS4', 'LINS5']
For subject D0116, G_front_inf-Opercular, G_front_inf-Orbital, G_front_inf-Triangul, G_front_middle, G_front_sup, Lat_Fis-ant-Horizont, Lat_Fis-ant-Vertical, S_circular_insula_ant, S_circular_insula_sup, S_front_inf, S_front_middle, S_front_sup electrodes are: ['LFOA14', 'LFOA17', 'LFOA18', 'LFOP15', 'LFAM10', 'LFAM11', 'LFMM14', 'LAI12', 'LAI16', 'LFAM12', 'LAI7', 'LAI8', 'LFMI3', 'LFMI5', 'LFMI6', 'RFOA14', 'RFOA15', 'RFOA16', 'RFOP15', 'RFMM10', 'RFMM11', 'RFMM12', 'RAI7', 'RAI11', 'RAI12', 'RAI14', 'RAI15', 'RAI16', 'RAI17', 'RFMI4']
For subject D0117, G_front_inf-Opercular, G_front_inf-Orbital, G_front_inf-Triangul, G_front_middle, G_front_sup, Lat_Fis-ant-Horizont, Lat_Fis-ant-Vertical, S_circular_insula_ant, S_circular_insula_sup, S_front_inf, S_front_middle, S_front_sup electrodes are: ['RMOF15', 'RINSA15', 'RINSA16', 'RLOF10', 'RLOF11', 'RLOF16', 'RINSA3', 'RINSA11', 'RINSA12', 'RINSA13', 'RINSA14']
For subject D0121, G_front_inf-Opercular, G_front_inf-Orbital, G_front_inf-Triangul, G_front_middle, G_front_sup, Lat_Fis-ant-Horizont, Lat_Fis-ant-Vertical, S_circular_insula_ant, S_circular_insula_sup, S_front_inf, S_front_middle, S_front_sup electrodes are: ['LFOA15', 'LFOP12', 'LFO5', 'LFO6', 'LFO8', 'LFO9', 'LFO12', 'LFO13', 'LFO14', 'LFO15', 'LFO16', 'LFO17', 'LFO18', 'LFA1', 'LFA2', 'LFP16', 'LFP17', 'LFPS1', 'LFPS2', 'LFPP1', 'LFOP13', 'LFOP15', 'LFOP16', 'LFOP18', 'LFA7', 'LFA8', 'LFAS6', 'LFAM8', 'LFAM9', 'LFA9', 'LFA10', 'LFA11', 'LFA12', 'LFAM10', 'LFAM11', 'LFAM12', 'LFMM8', 'LFMM9', 'LFMM10', 'LFMM11', 'LFMM12', 'LFAS7', 'LFAS8', 'LFAS9', 'LFAS10', 'LFMS7', 'LFMS9', 'LFMS10', 'LFMS11', 'LFMS12', 'LFPS6', 'LFPS7', 'LFPS9', 'LFPS10', 'LFPP7', 'LFPP9', 'LFPP10', 'LFMI4', 'LFMI5', 'LFMI8', 'LFMI9']
Subject D0057 significant G_front_inf-Opercular, G_front_inf-Orbital, G_front_inf-Triangul, G_front_middle, G_front_sup, Lat_Fis-ant-Horizont, Lat_Fis-ant-Vertical, S_circular_insula_ant, S_circular_insula_sup, S_front_inf, S_front_middle, S_front_sup electrodes: ['RAI6', 'RPI15', 'RPI14', 'RAMF13', 'RAMF14', 'RAIF12']
Subject D0059 significant G_front_inf-Opercular, G_front_inf-Orbital, G_front_inf-Triangul, G_front_middle, G_front_sup, Lat_Fis-ant-Horizont, Lat_Fis-ant-Vertical, S_circular_insula_ant, S_circular_insula_sup, S_front_inf, S_front_middle, S_front_sup electrodes: ['LMMF9', 'LMMF11', 'LMMF10', 'LMMF12', 'LPSF16']
Subject D0063 significant G_front_inf-Opercular, G_front_inf-Orbital, G_front_inf-Triangul, G_front_middle, G_front_sup, Lat_Fis-ant-Horizont, Lat_Fis-ant-Vertical, S_circular_insula_ant, S_circular_insula_sup, S_front_inf, S_front_middle, S_front_sup electrodes: ['LMSF5', 'LPSF12', 'RAMF12', 'RAMF13', 'RMMF13', 'RMMF14', 'RAI4', 'RAI6', 'RMMF10']
Subject D0065 significant G_front_inf-Opercular, G_front_inf-Orbital, G_front_inf-Triangul, G_front_middle, G_front_sup, Lat_Fis-ant-Horizont, Lat_Fis-ant-Vertical, S_circular_insula_ant, S_circular_insula_sup, S_front_inf, S_front_middle, S_front_sup electrodes: []
Subject D0069 significant G_front_inf-Opercular, G_front_inf-Orbital, G_front_inf-Triangul, G_front_middle, G_front_sup, Lat_Fis-ant-Horizont, Lat_Fis-ant-Vertical, S_circular_insula_ant, S_circular_insula_sup, S_front_inf, S_front_middle, S_front_sup electrodes: []
Subject D0071 significant G_front_inf-Opercular, G_front_inf-Orbital, G_front_inf-Triangul, G_front_middle, G_front_sup, Lat_Fis-ant-Horizont, Lat_Fis-ant-Vertical, S_circular_insula_ant, S_circular_insula_sup, S_front_inf, S_front_middle, S_front_sup electrodes: ['RFO14', 'RFO16', 'RIA4', 'RIP6', 'RIA5', 'RIA11', 'RIA12', 'RIA13', 'RIP14', 'RIP15', 'RIP16']
Subject D0077 significant G_front_inf-Opercular, G_front_inf-Orbital, G_front_inf-Triangul, G_front_middle, G_front_sup, Lat_Fis-ant-Horizont, Lat_Fis-ant-Vertical, S_circular_insula_ant, S_circular_insula_sup, S_front_inf, S_front_middle, S_front_sup electrodes: []
Subject D0090 significant G_front_inf-Opercular, G_front_inf-Orbital, G_front_inf-Triangul, G_front_middle, G_front_sup, Lat_Fis-ant-Horizont, Lat_Fis-ant-Vertical, S_circular_insula_ant, S_circular_insula_sup, S_front_inf, S_front_middle, S_front_sup electrodes: []
Subject D0094 significant G_front_inf-Opercular, G_front_inf-Orbital, G_front_inf-Triangul, G_front_middle, G_front_sup, Lat_Fis-ant-Horizont, Lat_Fis-ant-Vertical, S_circular_insula_ant, S_circular_insula_sup, S_front_inf, S_front_middle, S_front_sup electrodes: []
Subject D0100 significant G_front_inf-Opercular, G_front_inf-Orbital, G_front_inf-Triangul, G_front_middle, G_front_sup, Lat_Fis-ant-Horizont, Lat_Fis-ant-Vertical, S_circular_insula_ant, S_circular_insula_sup, S_front_inf, S_front_middle, S_front_sup electrodes: []
Subject D0102 significant G_front_inf-Opercular, G_front_inf-Orbital, G_front_inf-Triangul, G_front_middle, G_front_sup, Lat_Fis-ant-Horizont, Lat_Fis-ant-Vertical, S_circular_insula_ant, S_circular_insula_sup, S_front_inf, S_front_middle, S_front_sup electrodes: []
Subject D0103 significant G_front_inf-Opercular, G_front_inf-Orbital, G_front_inf-Triangul, G_front_middle, G_front_sup, Lat_Fis-ant-Horizont, Lat_Fis-ant-Vertical, S_circular_insula_ant, S_circular_insula_sup, S_front_inf, S_front_middle, S_front_sup electrodes: []
Subject D0107A significant G_front_inf-Opercular, G_front_inf-Orbital, G_front_inf-Triangul, G_front_middle, G_front_sup, Lat_Fis-ant-Horizont, Lat_Fis-ant-Vertical, S_circular_insula_ant, S_circular_insula_sup, S_front_inf, S_front_middle, S_front_sup electrodes: []
Subject D0110 significant G_front_inf-Opercular, G_front_inf-Orbital, G_front_inf-Triangul, G_front_middle, G_front_sup, Lat_Fis-ant-Horizont, Lat_Fis-ant-Vertical, S_circular_insula_ant, S_circular_insula_sup, S_front_inf, S_front_middle, S_front_sup electrodes: []
Subject D0116 significant G_front_inf-Opercular, G_front_inf-Orbital, G_front_inf-Triangul, G_front_middle, G_front_sup, Lat_Fis-ant-Horizont, Lat_Fis-ant-Vertical, S_circular_insula_ant, S_circular_insula_sup, S_front_inf, S_front_middle, S_front_sup electrodes: []
Subject D0117 significant G_front_inf-Opercular, G_front_inf-Orbital, G_front_inf-Triangul, G_front_middle, G_front_sup, Lat_Fis-ant-Horizont, Lat_Fis-ant-Vertical, S_circular_insula_ant, S_circular_insula_sup, S_front_inf, S_front_middle, S_front_sup electrodes: []
Subject D0121 significant G_front_inf-Opercular, G_front_inf-Orbital, G_front_inf-Triangul, G_front_middle, G_front_sup, Lat_Fis-ant-Horizont, Lat_Fis-ant-Vertical, S_circular_insula_ant, S_circular_insula_sup, S_front_inf, S_front_middle, S_front_sup electrodes: []
For subject D0057, G_cuneus, G_and_S_occipital_inf, G_occipital_middle, G_occipital_sup, G_oc-temp_lat-fusifor, G_oc-temp_med-Lingual, Pole_occipital, S_calcarine, S_oc_middle_and_Lunatus, S_oc_sup_and_transversal, S_occipital_ant electrodes are: ['RPIT1']
For subject D0059, G_cuneus, G_and_S_occipital_inf, G_occipital_middle, G_occipital_sup, G_oc-temp_lat-fusifor, G_oc-temp_med-Lingual, Pole_occipital, S_calcarine, S_oc_middle_and_Lunatus, S_oc_sup_and_transversal, S_occipital_ant electrodes are: ['LPT13']
For subject D0063, G_cuneus, G_and_S_occipital_inf, G_occipital_middle, G_occipital_sup, G_oc-temp_lat-fusifor, G_oc-temp_med-Lingual, Pole_occipital, S_calcarine, S_oc_middle_and_Lunatus, S_oc_sup_and_transversal, S_occipital_ant electrodes are: ['RMMT1', 'RMMT2']
For subject D0065, G_cuneus, G_and_S_occipital_inf, G_occipital_middle, G_occipital_sup, G_oc-temp_lat-fusifor, G_oc-temp_med-Lingual, Pole_occipital, S_calcarine, S_oc_middle_and_Lunatus, S_oc_sup_and_transversal, S_occipital_ant electrodes are: ['RPMT1', 'RPIT1', 'RPIT2']
For subject D0069, G_cuneus, G_and_S_occipital_inf, G_occipital_middle, G_occipital_sup, G_oc-temp_lat-fusifor, G_oc-temp_med-Lingual, Pole_occipital, S_calcarine, S_oc_middle_and_Lunatus, S_oc_sup_and_transversal, S_occipital_ant electrodes are: []
For subject D0071, G_cuneus, G_and_S_occipital_inf, G_occipital_middle, G_occipital_sup, G_oc-temp_lat-fusifor, G_oc-temp_med-Lingual, Pole_occipital, S_calcarine, S_oc_middle_and_Lunatus, S_oc_sup_and_transversal, S_occipital_ant electrodes are: ['RTPI1', 'RO1', 'RO2', 'RO10']
For subject D0077, G_cuneus, G_and_S_occipital_inf, G_occipital_middle, G_occipital_sup, G_oc-temp_lat-fusifor, G_oc-temp_med-Lingual, Pole_occipital, S_calcarine, S_oc_middle_and_Lunatus, S_oc_sup_and_transversal, S_occipital_ant electrodes are: ['RTPI2', 'ROPI5', 'ROPI6', 'ROPI8', 'ROPM9', 'ROPM11', 'ROPM12', 'ROPM1', 'ROPM8']
For subject D0090, G_cuneus, G_and_S_occipital_inf, G_occipital_middle, G_occipital_sup, G_oc-temp_lat-fusifor, G_oc-temp_med-Lingual, Pole_occipital, S_calcarine, S_oc_middle_and_Lunatus, S_oc_sup_and_transversal, S_occipital_ant electrodes are: ['RTPO1', 'RTPI1', 'RTPI2']
For subject D0094, G_cuneus, G_and_S_occipital_inf, G_occipital_middle, G_occipital_sup, G_oc-temp_lat-fusifor, G_oc-temp_med-Lingual, Pole_occipital, S_calcarine, S_oc_middle_and_Lunatus, S_oc_sup_and_transversal, S_occipital_ant electrodes are: []
For subject D0100, G_cuneus, G_and_S_occipital_inf, G_occipital_middle, G_occipital_sup, G_oc-temp_lat-fusifor, G_oc-temp_med-Lingual, Pole_occipital, S_calcarine, S_oc_middle_and_Lunatus, S_oc_sup_and_transversal, S_occipital_ant electrodes are: ['LTOJ1', 'LTPI1', 'LOAI1', 'LOPI1', 'LOPI4', 'LOPM1', 'LTOJ3', 'LTOJ4', 'LOMM3', 'LOMM4', 'LOMM5', 'LOPM2', 'LTOJ13', 'LOAI12', 'LOAI13', 'LOAI14', 'LOAI15', 'LOMI8', 'LOMI9', 'LOMI11', 'LOMI12', 'LOPI9', 'LOPI10', 'LOAM15', 'LOMM15', 'LOPM10', 'LOMS13', 'LOMS14', 'LOMS15', 'LOPS9', 'LOPS11', 'LOPS12', 'LPPI14', 'LPPI15', 'LOMM13', 'LOMM14', 'LOMS11', 'LOMS12', 'LOPM8', 'LOPM9', 'LPPI7', 'LPPI8', 'LPPI9']
For subject D0102, G_cuneus, G_and_S_occipital_inf, G_occipital_middle, G_occipital_sup, G_oc-temp_lat-fusifor, G_oc-temp_med-Lingual, Pole_occipital, S_calcarine, S_oc_middle_and_Lunatus, S_oc_sup_and_transversal, S_occipital_ant electrodes are: ['RTAI6', 'RTPI1']
For subject D0103, G_cuneus, G_and_S_occipital_inf, G_occipital_middle, G_occipital_sup, G_oc-temp_lat-fusifor, G_oc-temp_med-Lingual, Pole_occipital, S_calcarine, S_oc_middle_and_Lunatus, S_oc_sup_and_transversal, S_occipital_ant electrodes are: ['LTLI3', 'LTPI2', 'LTPI3', 'LTPI4']
For subject D0107A, G_cuneus, G_and_S_occipital_inf, G_occipital_middle, G_occipital_sup, G_oc-temp_lat-fusifor, G_oc-temp_med-Lingual, Pole_occipital, S_calcarine, S_oc_middle_and_Lunatus, S_oc_sup_and_transversal, S_occipital_ant electrodes are: ['RTPI3']
For subject D0110, G_cuneus, G_and_S_occipital_inf, G_occipital_middle, G_occipital_sup, G_oc-temp_lat-fusifor, G_oc-temp_med-Lingual, Pole_occipital, S_calcarine, S_oc_middle_and_Lunatus, S_oc_sup_and_transversal, S_occipital_ant electrodes are: []
For subject D0116, G_cuneus, G_and_S_occipital_inf, G_occipital_middle, G_occipital_sup, G_oc-temp_lat-fusifor, G_oc-temp_med-Lingual, Pole_occipital, S_calcarine, S_oc_middle_and_Lunatus, S_oc_sup_and_transversal, S_occipital_ant electrodes are: []
For subject D0117, G_cuneus, G_and_S_occipital_inf, G_occipital_middle, G_occipital_sup, G_oc-temp_lat-fusifor, G_oc-temp_med-Lingual, Pole_occipital, S_calcarine, S_oc_middle_and_Lunatus, S_oc_sup_and_transversal, S_occipital_ant electrodes are: []
For subject D0121, G_cuneus, G_and_S_occipital_inf, G_occipital_middle, G_occipital_sup, G_oc-temp_lat-fusifor, G_oc-temp_med-Lingual, Pole_occipital, S_calcarine, S_oc_middle_and_Lunatus, S_oc_sup_and_transversal, S_occipital_ant electrodes are: []
Subject D0057 significant G_cuneus, G_and_S_occipital_inf, G_occipital_middle, G_occipital_sup, G_oc-temp_lat-fusifor, G_oc-temp_med-Lingual, Pole_occipital, S_calcarine, S_oc_middle_and_Lunatus, S_oc_sup_and_transversal, S_occipital_ant electrodes: []
Subject D0059 significant G_cuneus, G_and_S_occipital_inf, G_occipital_middle, G_occipital_sup, G_oc-temp_lat-fusifor, G_oc-temp_med-Lingual, Pole_occipital, S_calcarine, S_oc_middle_and_Lunatus, S_oc_sup_and_transversal, S_occipital_ant electrodes: []
Subject D0063 significant G_cuneus, G_and_S_occipital_inf, G_occipital_middle, G_occipital_sup, G_oc-temp_lat-fusifor, G_oc-temp_med-Lingual, Pole_occipital, S_calcarine, S_oc_middle_and_Lunatus, S_oc_sup_and_transversal, S_occipital_ant electrodes: []
Subject D0065 significant G_cuneus, G_and_S_occipital_inf, G_occipital_middle, G_occipital_sup, G_oc-temp_lat-fusifor, G_oc-temp_med-Lingual, Pole_occipital, S_calcarine, S_oc_middle_and_Lunatus, S_oc_sup_and_transversal, S_occipital_ant electrodes: []
Subject D0069 significant G_cuneus, G_and_S_occipital_inf, G_occipital_middle, G_occipital_sup, G_oc-temp_lat-fusifor, G_oc-temp_med-Lingual, Pole_occipital, S_calcarine, S_oc_middle_and_Lunatus, S_oc_sup_and_transversal, S_occipital_ant electrodes: []
Subject D0071 significant G_cuneus, G_and_S_occipital_inf, G_occipital_middle, G_occipital_sup, G_oc-temp_lat-fusifor, G_oc-temp_med-Lingual, Pole_occipital, S_calcarine, S_oc_middle_and_Lunatus, S_oc_sup_and_transversal, S_occipital_ant electrodes: ['RTPI1']
Subject D0077 significant G_cuneus, G_and_S_occipital_inf, G_occipital_middle, G_occipital_sup, G_oc-temp_lat-fusifor, G_oc-temp_med-Lingual, Pole_occipital, S_calcarine, S_oc_middle_and_Lunatus, S_oc_sup_and_transversal, S_occipital_ant electrodes: []
Subject D0090 significant G_cuneus, G_and_S_occipital_inf, G_occipital_middle, G_occipital_sup, G_oc-temp_lat-fusifor, G_oc-temp_med-Lingual, Pole_occipital, S_calcarine, S_oc_middle_and_Lunatus, S_oc_sup_and_transversal, S_occipital_ant electrodes: []
Subject D0094 significant G_cuneus, G_and_S_occipital_inf, G_occipital_middle, G_occipital_sup, G_oc-temp_lat-fusifor, G_oc-temp_med-Lingual, Pole_occipital, S_calcarine, S_oc_middle_and_Lunatus, S_oc_sup_and_transversal, S_occipital_ant electrodes: []
Subject D0100 significant G_cuneus, G_and_S_occipital_inf, G_occipital_middle, G_occipital_sup, G_oc-temp_lat-fusifor, G_oc-temp_med-Lingual, Pole_occipital, S_calcarine, S_oc_middle_and_Lunatus, S_oc_sup_and_transversal, S_occipital_ant electrodes: []
Subject D0102 significant G_cuneus, G_and_S_occipital_inf, G_occipital_middle, G_occipital_sup, G_oc-temp_lat-fusifor, G_oc-temp_med-Lingual, Pole_occipital, S_calcarine, S_oc_middle_and_Lunatus, S_oc_sup_and_transversal, S_occipital_ant electrodes: []
Subject D0103 significant G_cuneus, G_and_S_occipital_inf, G_occipital_middle, G_occipital_sup, G_oc-temp_lat-fusifor, G_oc-temp_med-Lingual, Pole_occipital, S_calcarine, S_oc_middle_and_Lunatus, S_oc_sup_and_transversal, S_occipital_ant electrodes: []
Subject D0107A significant G_cuneus, G_and_S_occipital_inf, G_occipital_middle, G_occipital_sup, G_oc-temp_lat-fusifor, G_oc-temp_med-Lingual, Pole_occipital, S_calcarine, S_oc_middle_and_Lunatus, S_oc_sup_and_transversal, S_occipital_ant electrodes: []
Subject D0110 significant G_cuneus, G_and_S_occipital_inf, G_occipital_middle, G_occipital_sup, G_oc-temp_lat-fusifor, G_oc-temp_med-Lingual, Pole_occipital, S_calcarine, S_oc_middle_and_Lunatus, S_oc_sup_and_transversal, S_occipital_ant electrodes: []
Subject D0116 significant G_cuneus, G_and_S_occipital_inf, G_occipital_middle, G_occipital_sup, G_oc-temp_lat-fusifor, G_oc-temp_med-Lingual, Pole_occipital, S_calcarine, S_oc_middle_and_Lunatus, S_oc_sup_and_transversal, S_occipital_ant electrodes: []
Subject D0117 significant G_cuneus, G_and_S_occipital_inf, G_occipital_middle, G_occipital_sup, G_oc-temp_lat-fusifor, G_oc-temp_med-Lingual, Pole_occipital, S_calcarine, S_oc_middle_and_Lunatus, S_oc_sup_and_transversal, S_occipital_ant electrodes: []
Subject D0121 significant G_cuneus, G_and_S_occipital_inf, G_occipital_middle, G_occipital_sup, G_oc-temp_lat-fusifor, G_oc-temp_med-Lingual, Pole_occipital, S_calcarine, S_oc_middle_and_Lunatus, S_oc_sup_and_transversal, S_occipital_ant electrodes: []
For subject D0057, G_front_middle, G_front_sup, S_front_inf, S_front_middle, S_front_sup electrodes are: ['RAI12', 'RAI13', 'RAI14', 'RAI15', 'RAI16', 'RPI15', 'RPI14', 'RAMF10', 'RAMF11', 'RAMF12', 'RAMF13', 'RAMF14']
For subject D0059, G_front_middle, G_front_sup, S_front_inf, S_front_middle, S_front_sup electrodes are: ['LMMF9', 'LMMF11', 'LMMF10', 'LMMF12', 'LPSF16']
For subject D0063, G_front_middle, G_front_sup, S_front_inf, S_front_middle, S_front_sup electrodes are: ['LASF10', 'LASF11', 'LASF14', 'LASF15', 'LASF16', 'LMSF5', 'LMSF6', 'LMSF12', 'LPSF10', 'LPSF12', 'ROF16', 'RAI16', 'RAMF11', 'RAMF12', 'RAMF13', 'RAMF14', 'RMMF13', 'RMMF14', 'RAI10', 'RAI11', 'RASF15', 'RASF16', 'RMSF8', 'RMSF9', 'RMSF10', 'RMSF11', 'RMSF12', 'RMSF7', 'RAMF8', 'RAMF9', 'RAMF10', 'RMMF9', 'RMMF10']
For subject D0065, G_front_middle, G_front_sup, S_front_inf, S_front_middle, S_front_sup electrodes are: ['RASF13', 'RASF14', 'RASF15', 'RASF16', 'RMSF11', 'RMSF12', 'RMSF13', 'RMSF14']
For subject D0069, G_front_middle, G_front_sup, S_front_inf, S_front_middle, S_front_sup electrodes are: []
For subject D0071, G_front_middle, G_front_sup, S_front_inf, S_front_middle, S_front_sup electrodes are: ['RIA11', 'RIA12', 'RIA13', 'RIA14', 'RIA16', 'RIP14', 'RIP15', 'RIP16']
For subject D0077, G_front_middle, G_front_sup, S_front_inf, S_front_middle, S_front_sup electrodes are: []
For subject D0090, G_front_middle, G_front_sup, S_front_inf, S_front_middle, S_front_sup electrodes are: ['RIA11', 'RIA12', 'RIA14', 'RIA15', 'RIA16']
For subject D0094, G_front_middle, G_front_sup, S_front_inf, S_front_middle, S_front_sup electrodes are: ['LFAM8', 'LFAM9', 'LFAM10', 'LFAM13', 'LFAM14', 'LFPM10', 'LFPM11', 'LFPM12', 'LPAS1', 'LIA16', 'LIA11', 'LIA12', 'LIA13', 'LIA14']
For subject D0100, G_front_middle, G_front_sup, S_front_inf, S_front_middle, S_front_sup electrodes are: []
For subject D0102, G_front_middle, G_front_sup, S_front_inf, S_front_middle, S_front_sup electrodes are: ['RFAM15']
For subject D0103, G_front_middle, G_front_sup, S_front_inf, S_front_middle, S_front_sup electrodes are: ['LFAM8', 'LFAM9', 'LAI13', 'LAI14', 'LFAM15', 'LAI18']
For subject D0107A, G_front_middle, G_front_sup, S_front_inf, S_front_middle, S_front_sup electrodes are: ['RFOA16', 'RFOA17', 'RFOA18', 'RFAM7', 'RFAM9', 'RFAM10', 'RFAM11', 'RFAM12', 'RFMM9', 'RFMM11', 'RFMM12', 'RFMM13', 'RFMM14', 'RFMM15', 'RFMM8', 'RIA12', 'RIA13', 'RIA14', 'RIA15', 'RIA16', 'RIA17', 'RIA18']
For subject D0110, G_front_middle, G_front_sup, S_front_inf, S_front_middle, S_front_sup electrodes are: ['LASF10']
For subject D0116, G_front_middle, G_front_sup, S_front_inf, S_front_middle, S_front_sup electrodes are: ['LFOA14', 'LFOA17', 'LFOA18', 'LFAM10', 'LFAM11', 'LFMM14', 'LAI12', 'LAI16', 'LFAM12', 'RFOA14', 'RFOA15', 'RFOA16', 'RFMM10', 'RFMM11', 'RFMM12', 'RAI11', 'RAI12', 'RAI14', 'RAI15', 'RAI16', 'RAI17']
For subject D0117, G_front_middle, G_front_sup, S_front_inf, S_front_middle, S_front_sup electrodes are: ['RMOF15', 'RINSA15', 'RINSA16', 'RLOF10', 'RLOF11', 'RLOF16', 'RINSA11', 'RINSA12', 'RINSA13', 'RINSA14']
For subject D0121, G_front_middle, G_front_sup, S_front_inf, S_front_middle, S_front_sup electrodes are: ['LFO5', 'LFO6', 'LFO8', 'LFO9', 'LFO12', 'LFO13', 'LFO14', 'LFO15', 'LFO16', 'LFO17', 'LFO18', 'LFA1', 'LFA2', 'LFP16', 'LFP17', 'LFPS1', 'LFPS2', 'LFPP1', 'LFA7', 'LFA8', 'LFAS6', 'LFAM8', 'LFAM9', 'LFA9', 'LFA10', 'LFA11', 'LFA12', 'LFAM10', 'LFAM11', 'LFAM12', 'LFMM8', 'LFMM9', 'LFMM10', 'LFMM11', 'LFMM12', 'LFAS7', 'LFAS8', 'LFAS9', 'LFAS10', 'LFMS7', 'LFMS9', 'LFMS10', 'LFMS11', 'LFMS12', 'LFPS6', 'LFPS7', 'LFPS9', 'LFPS10', 'LFPP7', 'LFPP9', 'LFPP10']
Subject D0057 significant G_front_middle, G_front_sup, S_front_inf, S_front_middle, S_front_sup electrodes: ['RPI15', 'RPI14', 'RAMF13', 'RAMF14']
Subject D0059 significant G_front_middle, G_front_sup, S_front_inf, S_front_middle, S_front_sup electrodes: ['LMMF9', 'LMMF11', 'LMMF10', 'LMMF12', 'LPSF16']
Subject D0063 significant G_front_middle, G_front_sup, S_front_inf, S_front_middle, S_front_sup electrodes: ['LMSF5', 'LPSF12', 'RAMF12', 'RAMF13', 'RMMF13', 'RMMF14', 'RMMF10']
Subject D0065 significant G_front_middle, G_front_sup, S_front_inf, S_front_middle, S_front_sup electrodes: []
Subject D0069 significant G_front_middle, G_front_sup, S_front_inf, S_front_middle, S_front_sup electrodes: []
Subject D0071 significant G_front_middle, G_front_sup, S_front_inf, S_front_middle, S_front_sup electrodes: ['RIA11', 'RIA12', 'RIA13', 'RIP14', 'RIP15', 'RIP16']
Subject D0077 significant G_front_middle, G_front_sup, S_front_inf, S_front_middle, S_front_sup electrodes: []
Subject D0090 significant G_front_middle, G_front_sup, S_front_inf, S_front_middle, S_front_sup electrodes: []
Subject D0094 significant G_front_middle, G_front_sup, S_front_inf, S_front_middle, S_front_sup electrodes: []
Subject D0100 significant G_front_middle, G_front_sup, S_front_inf, S_front_middle, S_front_sup electrodes: []
Subject D0102 significant G_front_middle, G_front_sup, S_front_inf, S_front_middle, S_front_sup electrodes: []
Subject D0103 significant G_front_middle, G_front_sup, S_front_inf, S_front_middle, S_front_sup electrodes: []
Subject D0107A significant G_front_middle, G_front_sup, S_front_inf, S_front_middle, S_front_sup electrodes: []
Subject D0110 significant G_front_middle, G_front_sup, S_front_inf, S_front_middle, S_front_sup electrodes: []
Subject D0116 significant G_front_middle, G_front_sup, S_front_inf, S_front_middle, S_front_sup electrodes: []
Subject D0117 significant G_front_middle, G_front_sup, S_front_inf, S_front_middle, S_front_sup electrodes: []
Subject D0121 significant G_front_middle, G_front_sup, S_front_inf, S_front_middle, S_front_sup electrodes: []
For subject D0057, G_and_S_cingul-Ant, G_and_S_cingul-Mid-Ant electrodes are: ['RAMF1']
For subject D0059, G_and_S_cingul-Ant, G_and_S_cingul-Mid-Ant electrodes are: []
For subject D0063, G_and_S_cingul-Ant, G_and_S_cingul-Mid-Ant electrodes are: ['LASF1', 'LASF3', 'LASF7', 'LASF9', 'LMSF1', 'LMSF2', 'LMSF4', 'RMSF3', 'RMSF4', 'RMSF5', 'RMMF1', 'RAMF1', 'RAMF2', 'RMMF2', 'RMMF3', 'RMMF4']
For subject D0065, G_and_S_cingul-Ant, G_and_S_cingul-Mid-Ant electrodes are: ['RASF1', 'RASF2', 'RASF7', 'RASF8', 'RASF9', 'RMSF4', 'RMSF5']
For subject D0069, G_and_S_cingul-Ant, G_and_S_cingul-Mid-Ant electrodes are: []
For subject D0071, G_and_S_cingul-Ant, G_and_S_cingul-Mid-Ant electrodes are: []
For subject D0077, G_and_S_cingul-Ant, G_and_S_cingul-Mid-Ant electrodes are: []
For subject D0090, G_and_S_cingul-Ant, G_and_S_cingul-Mid-Ant electrodes are: []
For subject D0094, G_and_S_cingul-Ant, G_and_S_cingul-Mid-Ant electrodes are: ['LFPM1', 'LFPM2']
For subject D0100, G_and_S_cingul-Ant, G_and_S_cingul-Mid-Ant electrodes are: []
For subject D0102, G_and_S_cingul-Ant, G_and_S_cingul-Mid-Ant electrodes are: ['RFAM1', 'RFAM2', 'RFMM1']
For subject D0103, G_and_S_cingul-Ant, G_and_S_cingul-Mid-Ant electrodes are: ['LFAM2', 'LFAM3']
For subject D0107A, G_and_S_cingul-Ant, G_and_S_cingul-Mid-Ant electrodes are: ['RFOA5', 'RFOA6', 'RFOA7', 'RFOA8', 'RFOA9', 'RFOA12', 'RFAM1', 'RFAM3', 'RFMM1']
For subject D0110, G_and_S_cingul-Ant, G_and_S_cingul-Mid-Ant electrodes are: []
For subject D0116, G_and_S_cingul-Ant, G_and_S_cingul-Mid-Ant electrodes are: ['LFOA6', 'LFOA7', 'LFOA8', 'LFOA9', 'LFMM1', 'RFOA5', 'RFOA7', 'RFOA8', 'RFOA9', 'RFMM1']
For subject D0117, G_and_S_cingul-Ant, G_and_S_cingul-Mid-Ant electrodes are: ['RMOF4', 'RMOF10']
For subject D0121, G_and_S_cingul-Ant, G_and_S_cingul-Mid-Ant electrodes are: ['LFP6', 'LFP7', 'LFP10', 'LFP11', 'LFP12', 'LFP13', 'LFP14', 'LFP15', 'LFAS1', 'LFAS2', 'LFAS3', 'LFMM1', 'LFMM3', 'LFMM4', 'LFMS1', 'LFMS2', 'LFMS3', 'LFMS4', 'LFMM2']
Subject D0057 significant G_and_S_cingul-Ant, G_and_S_cingul-Mid-Ant electrodes: []
Subject D0059 significant G_and_S_cingul-Ant, G_and_S_cingul-Mid-Ant electrodes: []
Subject D0063 significant G_and_S_cingul-Ant, G_and_S_cingul-Mid-Ant electrodes: ['LMSF2', 'LMSF4', 'RMSF3', 'RMSF4', 'RMMF4']
Subject D0065 significant G_and_S_cingul-Ant, G_and_S_cingul-Mid-Ant electrodes: []
Subject D0069 significant G_and_S_cingul-Ant, G_and_S_cingul-Mid-Ant electrodes: []
Subject D0071 significant G_and_S_cingul-Ant, G_and_S_cingul-Mid-Ant electrodes: []
Subject D0077 significant G_and_S_cingul-Ant, G_and_S_cingul-Mid-Ant electrodes: []
Subject D0090 significant G_and_S_cingul-Ant, G_and_S_cingul-Mid-Ant electrodes: []
Subject D0094 significant G_and_S_cingul-Ant, G_and_S_cingul-Mid-Ant electrodes: []
Subject D0100 significant G_and_S_cingul-Ant, G_and_S_cingul-Mid-Ant electrodes: []
Subject D0102 significant G_and_S_cingul-Ant, G_and_S_cingul-Mid-Ant electrodes: []
Subject D0103 significant G_and_S_cingul-Ant, G_and_S_cingul-Mid-Ant electrodes: []
Subject D0107A significant G_and_S_cingul-Ant, G_and_S_cingul-Mid-Ant electrodes: []
Subject D0110 significant G_and_S_cingul-Ant, G_and_S_cingul-Mid-Ant electrodes: []
Subject D0116 significant G_and_S_cingul-Ant, G_and_S_cingul-Mid-Ant electrodes: []
Subject D0117 significant G_and_S_cingul-Ant, G_and_S_cingul-Mid-Ant electrodes: []
Subject D0121 significant G_and_S_cingul-Ant, G_and_S_cingul-Mid-Ant electrodes: []
For subject D0057, G_parietal_sup, S_intrapariet_and_P_trans, G_pariet_inf-Angular, G_pariet_inf-Supramar electrodes are: ['RPIP11', 'RPIP12', 'RPIP13', 'RPIP14']
For subject D0059, G_parietal_sup, S_intrapariet_and_P_trans, G_pariet_inf-Angular, G_pariet_inf-Supramar electrodes are: ['LMPF11', 'LMPF12', 'LMPF14', 'LMPF16']
For subject D0063, G_parietal_sup, S_intrapariet_and_P_trans, G_pariet_inf-Angular, G_pariet_inf-Supramar electrodes are: []
For subject D0065, G_parietal_sup, S_intrapariet_and_P_trans, G_pariet_inf-Angular, G_pariet_inf-Supramar electrodes are: ['RMMP14', 'RMMP15', 'RMMP16', 'RPMP14', 'RPMP16', 'RPIP16']
For subject D0069, G_parietal_sup, S_intrapariet_and_P_trans, G_pariet_inf-Angular, G_pariet_inf-Supramar electrodes are: []
For subject D0071, G_parietal_sup, S_intrapariet_and_P_trans, G_pariet_inf-Angular, G_pariet_inf-Supramar electrodes are: ['RTPS9', 'RTPS10']
For subject D0077, G_parietal_sup, S_intrapariet_and_P_trans, G_pariet_inf-Angular, G_pariet_inf-Supramar electrodes are: ['ROAM5', 'ROAM6', 'ROAM7', 'ROAS12', 'ROAS13', 'ROAS14', 'ROAS15', 'ROPS10', 'ROPS12', 'RPAS6', 'RPAS7', 'RPAS10', 'ROAS7', 'ROAS11']
For subject D0090, G_parietal_sup, S_intrapariet_and_P_trans, G_pariet_inf-Angular, G_pariet_inf-Supramar electrodes are: []
For subject D0094, G_parietal_sup, S_intrapariet_and_P_trans, G_pariet_inf-Angular, G_pariet_inf-Supramar electrodes are: []
For subject D0100, G_parietal_sup, S_intrapariet_and_P_trans, G_pariet_inf-Angular, G_pariet_inf-Supramar electrodes are: ['LOAS15', 'LPAI18']
For subject D0102, G_parietal_sup, S_intrapariet_and_P_trans, G_pariet_inf-Angular, G_pariet_inf-Supramar electrodes are: []
For subject D0103, G_parietal_sup, S_intrapariet_and_P_trans, G_pariet_inf-Angular, G_pariet_inf-Supramar electrodes are: []
For subject D0107A, G_parietal_sup, S_intrapariet_and_P_trans, G_pariet_inf-Angular, G_pariet_inf-Supramar electrodes are: []
For subject D0110, G_parietal_sup, S_intrapariet_and_P_trans, G_pariet_inf-Angular, G_pariet_inf-Supramar electrodes are: ['LMSF14', 'LPSF14', 'LPIF7', 'LPIF8', 'LPIF9', 'LPIF10', 'LASP7', 'LASP9']
For subject D0116, G_parietal_sup, S_intrapariet_and_P_trans, G_pariet_inf-Angular, G_pariet_inf-Supramar electrodes are: []
For subject D0117, G_parietal_sup, S_intrapariet_and_P_trans, G_pariet_inf-Angular, G_pariet_inf-Supramar electrodes are: []
For subject D0121, G_parietal_sup, S_intrapariet_and_P_trans, G_pariet_inf-Angular, G_pariet_inf-Supramar electrodes are: []
Subject D0057 significant G_parietal_sup, S_intrapariet_and_P_trans, G_pariet_inf-Angular, G_pariet_inf-Supramar electrodes: ['RPIP11', 'RPIP12', 'RPIP13', 'RPIP14']
Subject D0059 significant G_parietal_sup, S_intrapariet_and_P_trans, G_pariet_inf-Angular, G_pariet_inf-Supramar electrodes: ['LMPF11', 'LMPF12', 'LMPF14']
Subject D0063 significant G_parietal_sup, S_intrapariet_and_P_trans, G_pariet_inf-Angular, G_pariet_inf-Supramar electrodes: []
Subject D0065 significant G_parietal_sup, S_intrapariet_and_P_trans, G_pariet_inf-Angular, G_pariet_inf-Supramar electrodes: []
Subject D0069 significant G_parietal_sup, S_intrapariet_and_P_trans, G_pariet_inf-Angular, G_pariet_inf-Supramar electrodes: []
Subject D0071 significant G_parietal_sup, S_intrapariet_and_P_trans, G_pariet_inf-Angular, G_pariet_inf-Supramar electrodes: ['RTPS9', 'RTPS10']
Subject D0077 significant G_parietal_sup, S_intrapariet_and_P_trans, G_pariet_inf-Angular, G_pariet_inf-Supramar electrodes: []
Subject D0090 significant G_parietal_sup, S_intrapariet_and_P_trans, G_pariet_inf-Angular, G_pariet_inf-Supramar electrodes: []
Subject D0094 significant G_parietal_sup, S_intrapariet_and_P_trans, G_pariet_inf-Angular, G_pariet_inf-Supramar electrodes: []
Subject D0100 significant G_parietal_sup, S_intrapariet_and_P_trans, G_pariet_inf-Angular, G_pariet_inf-Supramar electrodes: []
Subject D0102 significant G_parietal_sup, S_intrapariet_and_P_trans, G_pariet_inf-Angular, G_pariet_inf-Supramar electrodes: []
Subject D0103 significant G_parietal_sup, S_intrapariet_and_P_trans, G_pariet_inf-Angular, G_pariet_inf-Supramar electrodes: []
Subject D0107A significant G_parietal_sup, S_intrapariet_and_P_trans, G_pariet_inf-Angular, G_pariet_inf-Supramar electrodes: []
Subject D0110 significant G_parietal_sup, S_intrapariet_and_P_trans, G_pariet_inf-Angular, G_pariet_inf-Supramar electrodes: []
Subject D0116 significant G_parietal_sup, S_intrapariet_and_P_trans, G_pariet_inf-Angular, G_pariet_inf-Supramar electrodes: []
Subject D0117 significant G_parietal_sup, S_intrapariet_and_P_trans, G_pariet_inf-Angular, G_pariet_inf-Supramar electrodes: []
Subject D0121 significant G_parietal_sup, S_intrapariet_and_P_trans, G_pariet_inf-Angular, G_pariet_inf-Supramar electrodes: []
Loading data for subject: D0057
Reading /cwork/jz421/BIDS-1.1_GlobalLocal/BIDS/derivatives/freqFilt/figs/D0057/D0057_Stimulus_0.5sec_within-1.0-0.0sec_base_decFactor_8_outliers_10_drop_thresh_perc_5.0_70.0-150.0_Hz_padLength_0.5s_stat_func_ttest_ind_equal_var_False_nan_policy_omit_HG_ev1_rescaled-epo.fif ...
    Found the data of interest:
        t =   -1000.00 ...    1500.00 ms
        0 CTF compensation matrices available
Not setting metadata
449 matching events found
No baseline correction applied
0 projection items activated
Reading /cwork/jz421/BIDS-1.1_GlobalLocal/BIDS/derivatives/freqFilt/figs/D0057/D0057_Stimulus_0.5sec_within-1.0-0.0sec_base_decFactor_8_outliers_10_drop_thresh_perc_5.0_70.0-150.0_Hz_padLength_0.5s_stat_func_ttest_ind_equal_var_False_nan_policy_omit_HG_ev1_power_rescaled-epo.fif ...
    Found the data of interest:
        t =   -1000.00 ...    1500.00 ms
        0 CTF compensation matrices available
Not setting metadata
449 matching events found
No baseline correction applied
0 projection items activated
  Loading condition: Stimulus_c25 with parameters: {'BIDS_events': ['Stimulus/c25.0'], 'congruency': 'c', 'congruencyProportion': '75%'}
Not setting metadata
143 matching events found
No baseline correction applied
    Original shape: (143, 175, 641)
    Trials with all NaN values: 0
    Average NaN count per trial: 0.0
    Max NaN count in a trial: 0
    Stimulus_c25: 143 valid trials out of 143
  Loading condition: Stimulus_c75 with parameters: {'BIDS_events': ['Stimulus/c75.0'], 'congruency': 'c', 'congruencyProportion': '25%'}
Not setting metadata
55 matching events found
No baseline correction applied
    Original shape: (55, 175, 641)
    Trials with all NaN values: 0
    Average NaN count per trial: 0.0
    Max NaN count in a trial: 0
    Stimulus_c75: 55 valid trials out of 55
  Loading condition: Stimulus_i25 with parameters: {'BIDS_events': ['Stimulus/i25.0'], 'congruency': 'i', 'congruencyProportion': '75%'}
Not setting metadata
43 matching events found
No baseline correction applied
    Original shape: (43, 175, 641)
    Trials with all NaN values: 0
    Average NaN count per trial: 0.0
    Max NaN count in a trial: 0
    Stimulus_i25: 43 valid trials out of 43
  Loading condition: Stimulus_i75 with parameters: {'BIDS_events': ['Stimulus/i75.0'], 'congruency': 'i', 'congruencyProportion': '25%'}
Not setting metadata
164 matching events found
No baseline correction applied
    Original shape: (164, 175, 641)
    Trials with all NaN values: 0
    Average NaN count per trial: 0.0
    Max NaN count in a trial: 0
    Stimulus_i75: 164 valid trials out of 164
  Loading condition: Stimulus_c25 with parameters: {'BIDS_events': ['Stimulus/c25.0'], 'congruency': 'c', 'congruencyProportion': '75%'}
Not setting metadata
143 matching events found
No baseline correction applied
    Original shape: (143, 175, 641)
    Trials with all NaN values: 0
    Average NaN count per trial: 0.0
    Max NaN count in a trial: 0
    Stimulus_c25: 143 valid trials out of 143
  Loading condition: Stimulus_c75 with parameters: {'BIDS_events': ['Stimulus/c75.0'], 'congruency': 'c', 'congruencyProportion': '25%'}
Not setting metadata
55 matching events found
No baseline correction applied
    Original shape: (55, 175, 641)
    Trials with all NaN values: 0
    Average NaN count per trial: 0.0
    Max NaN count in a trial: 0
    Stimulus_c75: 55 valid trials out of 55
  Loading condition: Stimulus_i25 with parameters: {'BIDS_events': ['Stimulus/i25.0'], 'congruency': 'i', 'congruencyProportion': '75%'}
Not setting metadata
43 matching events found
No baseline correction applied
    Original shape: (43, 175, 641)
    Trials with all NaN values: 0
    Average NaN count per trial: 0.0
    Max NaN count in a trial: 0
    Stimulus_i25: 43 valid trials out of 43
  Loading condition: Stimulus_i75 with parameters: {'BIDS_events': ['Stimulus/i75.0'], 'congruency': 'i', 'congruencyProportion': '25%'}
Not setting metadata
164 matching events found
No baseline correction applied
    Original shape: (164, 175, 641)
    Trials with all NaN values: 0
    Average NaN count per trial: 0.0
    Max NaN count in a trial: 0
    Stimulus_i75: 164 valid trials out of 164
Loading data for subject: D0059
Reading /cwork/jz421/BIDS-1.1_GlobalLocal/BIDS/derivatives/freqFilt/figs/D0059/D0059_Stimulus_0.5sec_within-1.0-0.0sec_base_decFactor_8_outliers_10_drop_thresh_perc_5.0_70.0-150.0_Hz_padLength_0.5s_stat_func_ttest_ind_equal_var_False_nan_policy_omit_HG_ev1_rescaled-epo.fif ...
    Found the data of interest:
        t =   -1000.00 ...    1500.00 ms
        0 CTF compensation matrices available
Not setting metadata
448 matching events found
No baseline correction applied
0 projection items activated
Reading /cwork/jz421/BIDS-1.1_GlobalLocal/BIDS/derivatives/freqFilt/figs/D0059/D0059_Stimulus_0.5sec_within-1.0-0.0sec_base_decFactor_8_outliers_10_drop_thresh_perc_5.0_70.0-150.0_Hz_padLength_0.5s_stat_func_ttest_ind_equal_var_False_nan_policy_omit_HG_ev1_power_rescaled-epo.fif ...
    Found the data of interest:
        t =   -1000.00 ...    1500.00 ms
        0 CTF compensation matrices available
Not setting metadata
448 matching events found
No baseline correction applied
0 projection items activated
  Loading condition: Stimulus_c25 with parameters: {'BIDS_events': ['Stimulus/c25.0'], 'congruency': 'c', 'congruencyProportion': '75%'}
Not setting metadata
161 matching events found
No baseline correction applied
    Original shape: (161, 176, 641)
    Trials with all NaN values: 0
    Average NaN count per trial: 0.0
    Max NaN count in a trial: 0
    Stimulus_c25: 161 valid trials out of 161
  Loading condition: Stimulus_c75 with parameters: {'BIDS_events': ['Stimulus/c75.0'], 'congruency': 'c', 'congruencyProportion': '25%'}
Not setting metadata
55 matching events found
No baseline correction applied
    Original shape: (55, 176, 641)
    Trials with all NaN values: 0
    Average NaN count per trial: 0.0
    Max NaN count in a trial: 0
    Stimulus_c75: 55 valid trials out of 55
  Loading condition: Stimulus_i25 with parameters: {'BIDS_events': ['Stimulus/i25.0'], 'congruency': 'i', 'congruencyProportion': '75%'}
Not setting metadata
53 matching events found
No baseline correction applied
    Original shape: (53, 176, 641)
    Trials with all NaN values: 0
    Average NaN count per trial: 0.0
    Max NaN count in a trial: 0
    Stimulus_i25: 53 valid trials out of 53
  Loading condition: Stimulus_i75 with parameters: {'BIDS_events': ['Stimulus/i75.0'], 'congruency': 'i', 'congruencyProportion': '25%'}
Not setting metadata
158 matching events found
No baseline correction applied
    Original shape: (158, 176, 641)
    Trials with all NaN values: 0
    Average NaN count per trial: 0.0
    Max NaN count in a trial: 0
    Stimulus_i75: 158 valid trials out of 158
  Loading condition: Stimulus_c25 with parameters: {'BIDS_events': ['Stimulus/c25.0'], 'congruency': 'c', 'congruencyProportion': '75%'}
Not setting metadata
161 matching events found
No baseline correction applied
    Original shape: (161, 176, 641)
    Trials with all NaN values: 0
    Average NaN count per trial: 0.0
    Max NaN count in a trial: 0
    Stimulus_c25: 161 valid trials out of 161
  Loading condition: Stimulus_c75 with parameters: {'BIDS_events': ['Stimulus/c75.0'], 'congruency': 'c', 'congruencyProportion': '25%'}
Not setting metadata
55 matching events found
No baseline correction applied
    Original shape: (55, 176, 641)
    Trials with all NaN values: 0
    Average NaN count per trial: 0.0
    Max NaN count in a trial: 0
    Stimulus_c75: 55 valid trials out of 55
  Loading condition: Stimulus_i25 with parameters: {'BIDS_events': ['Stimulus/i25.0'], 'congruency': 'i', 'congruencyProportion': '75%'}
Not setting metadata
53 matching events found
No baseline correction applied
    Original shape: (53, 176, 641)
    Trials with all NaN values: 0
    Average NaN count per trial: 0.0
    Max NaN count in a trial: 0
    Stimulus_i25: 53 valid trials out of 53
  Loading condition: Stimulus_i75 with parameters: {'BIDS_events': ['Stimulus/i75.0'], 'congruency': 'i', 'congruencyProportion': '25%'}
Not setting metadata
158 matching events found
No baseline correction applied
    Original shape: (158, 176, 641)
    Trials with all NaN values: 0
    Average NaN count per trial: 0.0
    Max NaN count in a trial: 0
    Stimulus_i75: 158 valid trials out of 158
Loading data for subject: D0063
Reading /cwork/jz421/BIDS-1.1_GlobalLocal/BIDS/derivatives/freqFilt/figs/D0063/D0063_Stimulus_0.5sec_within-1.0-0.0sec_base_decFactor_8_outliers_10_drop_thresh_perc_5.0_70.0-150.0_Hz_padLength_0.5s_stat_func_ttest_ind_equal_var_False_nan_policy_omit_HG_ev1_rescaled-epo.fif ...
    Found the data of interest:
        t =   -1000.00 ...    1500.00 ms
        0 CTF compensation matrices available
Not setting metadata
452 matching events found
No baseline correction applied
0 projection items activated
Reading /cwork/jz421/BIDS-1.1_GlobalLocal/BIDS/derivatives/freqFilt/figs/D0063/D0063_Stimulus_0.5sec_within-1.0-0.0sec_base_decFactor_8_outliers_10_drop_thresh_perc_5.0_70.0-150.0_Hz_padLength_0.5s_stat_func_ttest_ind_equal_var_False_nan_policy_omit_HG_ev1_power_rescaled-epo.fif ...
    Found the data of interest:
        t =   -1000.00 ...    1500.00 ms
        0 CTF compensation matrices available
Not setting metadata
452 matching events found
No baseline correction applied
0 projection items activated
  Loading condition: Stimulus_c25 with parameters: {'BIDS_events': ['Stimulus/c25.0'], 'congruency': 'c', 'congruencyProportion': '75%'}
Not setting metadata
165 matching events found
No baseline correction applied
    Original shape: (165, 232, 641)
    Trials with all NaN values: 0
    Average NaN count per trial: 0.0
    Max NaN count in a trial: 0
    Stimulus_c25: 165 valid trials out of 165
  Loading condition: Stimulus_c75 with parameters: {'BIDS_events': ['Stimulus/c75.0'], 'congruency': 'c', 'congruencyProportion': '25%'}
Not setting metadata
56 matching events found
No baseline correction applied
    Original shape: (56, 232, 641)
    Trials with all NaN values: 0
    Average NaN count per trial: 0.0
    Max NaN count in a trial: 0
    Stimulus_c75: 56 valid trials out of 56
  Loading condition: Stimulus_i25 with parameters: {'BIDS_events': ['Stimulus/i25.0'], 'congruency': 'i', 'congruencyProportion': '75%'}
Not setting metadata
36 matching events found
No baseline correction applied
    Original shape: (36, 232, 641)
    Trials with all NaN values: 0
    Average NaN count per trial: 0.0
    Max NaN count in a trial: 0
    Stimulus_i25: 36 valid trials out of 36
  Loading condition: Stimulus_i75 with parameters: {'BIDS_events': ['Stimulus/i75.0'], 'congruency': 'i', 'congruencyProportion': '25%'}
Not setting metadata
132 matching events found
No baseline correction applied
    Original shape: (132, 232, 641)
    Trials with all NaN values: 0
    Average NaN count per trial: 0.0
    Max NaN count in a trial: 0
    Stimulus_i75: 132 valid trials out of 132
  Loading condition: Stimulus_c25 with parameters: {'BIDS_events': ['Stimulus/c25.0'], 'congruency': 'c', 'congruencyProportion': '75%'}
Not setting metadata
165 matching events found
No baseline correction applied
    Original shape: (165, 232, 641)
    Trials with all NaN values: 0
    Average NaN count per trial: 0.0
    Max NaN count in a trial: 0
    Stimulus_c25: 165 valid trials out of 165
  Loading condition: Stimulus_c75 with parameters: {'BIDS_events': ['Stimulus/c75.0'], 'congruency': 'c', 'congruencyProportion': '25%'}
Not setting metadata
56 matching events found
No baseline correction applied
    Original shape: (56, 232, 641)
    Trials with all NaN values: 0
    Average NaN count per trial: 0.0
    Max NaN count in a trial: 0
    Stimulus_c75: 56 valid trials out of 56
  Loading condition: Stimulus_i25 with parameters: {'BIDS_events': ['Stimulus/i25.0'], 'congruency': 'i', 'congruencyProportion': '75%'}
Not setting metadata
36 matching events found
No baseline correction applied
    Original shape: (36, 232, 641)
    Trials with all NaN values: 0
    Average NaN count per trial: 0.0
    Max NaN count in a trial: 0
    Stimulus_i25: 36 valid trials out of 36
  Loading condition: Stimulus_i75 with parameters: {'BIDS_events': ['Stimulus/i75.0'], 'congruency': 'i', 'congruencyProportion': '25%'}
Not setting metadata
132 matching events found
No baseline correction applied
