Intel(R) Extension for Scikit-learn* enabled (https://github.com/intel/scikit-learn-intelex)
/hpc/home/jz421/miniconda3/envs/ieeg/lib/python3.11/site-packages/ieeg/io.py:113: RuntimeWarning: Omitted 226 annotation(s) that were outside data range.
  new_raw = read_raw_bids(bids_path=BIDS_path, verbose=verbose)
/hpc/home/jz421/miniconda3/envs/ieeg/lib/python3.11/site-packages/ieeg/io.py:113: RuntimeWarning: Omitted 228 annotation(s) that were outside data range.
  new_raw = read_raw_bids(bids_path=BIDS_path, verbose=verbose)
/hpc/home/jz421/miniconda3/envs/ieeg/lib/python3.11/site-packages/ieeg/io.py:113: RuntimeWarning: Omitted 226 annotation(s) that were outside data range.
  new_raw = read_raw_bids(bids_path=BIDS_path, verbose=verbose)
/hpc/home/jz421/coganlab/jz421/GlobalLocal/src/analysis/utils/general_utils.py:1621: RuntimeWarning: Concatenation of Annotations within Epochs is not supported yet. All annotations will be dropped.
  all_trials = mne.concatenate_epochs(all_trials_list)
[Parallel(n_jobs=2)]: Using backend LokyBackend with 2 concurrent workers.
[Parallel(n_jobs=2)]: Done  16 tasks      | elapsed:   14.1s
[Parallel(n_jobs=2)]: Done  70 tasks      | elapsed:   35.6s
[Parallel(n_jobs=2)]: Done 160 tasks      | elapsed:  1.2min
[Parallel(n_jobs=2)]: Done 222 out of 222 | elapsed:  1.6min finished
/hpc/home/jz421/miniconda3/envs/ieeg/lib/python3.11/site-packages/ieeg/io.py:113: RuntimeWarning: Omitted 226 annotation(s) that were outside data range.
  new_raw = read_raw_bids(bids_path=BIDS_path, verbose=verbose)
/hpc/home/jz421/miniconda3/envs/ieeg/lib/python3.11/site-packages/ieeg/io.py:113: RuntimeWarning: Omitted 228 annotation(s) that were outside data range.
  new_raw = read_raw_bids(bids_path=BIDS_path, verbose=verbose)
/hpc/home/jz421/miniconda3/envs/ieeg/lib/python3.11/site-packages/ieeg/io.py:113: RuntimeWarning: Omitted 226 annotation(s) that were outside data range.
  new_raw = read_raw_bids(bids_path=BIDS_path, verbose=verbose)
/hpc/home/jz421/coganlab/jz421/GlobalLocal/src/analysis/utils/general_utils.py:1621: RuntimeWarning: Concatenation of Annotations within Epochs is not supported yet. All annotations will be dropped.
  all_trials = mne.concatenate_epochs(all_trials_list)
[Parallel(n_jobs=2)]: Using backend LokyBackend with 2 concurrent workers.
[Parallel(n_jobs=2)]: Done  16 tasks      | elapsed:    7.3s
[Parallel(n_jobs=2)]: Done  70 tasks      | elapsed:   29.0s
[Parallel(n_jobs=2)]: Done 160 tasks      | elapsed:  1.1min
[Parallel(n_jobs=2)]: Done 222 out of 222 | elapsed:  1.6min finished
/hpc/home/jz421/miniconda3/envs/ieeg/lib/python3.11/site-packages/scipy/stats/_stats_py.py:1081: RuntimeWarning: divide by zero encountered in divide
  var *= np.divide(n, n-ddof)  # to avoid error on division by zero
/hpc/home/jz421/miniconda3/envs/ieeg/lib/python3.11/site-packages/scipy/stats/_stats_py.py:1081: RuntimeWarning: invalid value encountered in scalar multiply
  var *= np.divide(n, n-ddof)  # to avoid error on division by zero
[Parallel(n_jobs=5)]: Using backend LokyBackend with 5 concurrent workers.
[Parallel(n_jobs=5)]: Done   1 tasks      | elapsed:   11.2s
[Parallel(n_jobs=5)]: Done   2 out of   4 | elapsed:   11.3s remaining:   11.3s
[Parallel(n_jobs=5)]: Done   4 out of   4 | elapsed:   11.3s finished
[Parallel(n_jobs=5)]: Using backend LokyBackend with 5 concurrent workers.
[Parallel(n_jobs=5)]: Done   1 tasks      | elapsed:    0.0s
[Parallel(n_jobs=5)]: Batch computation too fast (0.04358983039855957s.) Setting batch_size=2.
[Parallel(n_jobs=5)]: Done   2 out of   4 | elapsed:    0.1s remaining:    0.1s
[Parallel(n_jobs=5)]: Done   4 out of   4 | elapsed:    3.8s finished
[Parallel(n_jobs=5)]: Using backend LokyBackend with 5 concurrent workers.
[Parallel(n_jobs=5)]: Done   1 tasks      | elapsed:    0.0s
[Parallel(n_jobs=5)]: Batch computation too fast (0.009993553161621094s.) Setting batch_size=2.
[Parallel(n_jobs=5)]: Done   2 out of   4 | elapsed:    0.0s remaining:    0.0s
[Parallel(n_jobs=5)]: Done   4 out of   4 | elapsed:    0.0s finished
[Parallel(n_jobs=5)]: Using backend LokyBackend with 5 concurrent workers.
[Parallel(n_jobs=5)]: Done   1 tasks      | elapsed:    0.0s
[Parallel(n_jobs=5)]: Batch computation too fast (0.009643077850341797s.) Setting batch_size=2.
[Parallel(n_jobs=5)]: Done   2 out of   4 | elapsed:    0.0s remaining:    0.0s
[Parallel(n_jobs=5)]: Done   4 out of   4 | elapsed:    0.0s finished
[Parallel(n_jobs=5)]: Using backend LokyBackend with 5 concurrent workers.
[Parallel(n_jobs=5)]: Done   1 tasks      | elapsed:    0.0s
[Parallel(n_jobs=5)]: Batch computation too fast (0.00989389419555664s.) Setting batch_size=2.
[Parallel(n_jobs=5)]: Done   2 out of   4 | elapsed:    0.0s remaining:    0.0s
[Parallel(n_jobs=5)]: Done   4 out of   4 | elapsed:    0.0s finished
[Parallel(n_jobs=5)]: Using backend LokyBackend with 5 concurrent workers.
[Parallel(n_jobs=5)]: Done   1 tasks      | elapsed:    0.0s
[Parallel(n_jobs=5)]: Batch computation too fast (0.016620159149169922s.) Setting batch_size=2.
[Parallel(n_jobs=5)]: Done   2 out of   4 | elapsed:    0.0s remaining:    0.0s
[Parallel(n_jobs=5)]: Done   4 out of   4 | elapsed:    0.0s finished
[Parallel(n_jobs=5)]: Using backend LokyBackend with 5 concurrent workers.
[Parallel(n_jobs=5)]: Done   1 tasks      | elapsed:    0.0s
[Parallel(n_jobs=5)]: Batch computation too fast (0.014361858367919922s.) Setting batch_size=2.
[Parallel(n_jobs=5)]: Done   2 out of   4 | elapsed:    0.0s remaining:    0.0s
[Parallel(n_jobs=5)]: Done   4 out of   4 | elapsed:    0.0s finished
[Parallel(n_jobs=5)]: Using backend LokyBackend with 5 concurrent workers.
[Parallel(n_jobs=5)]: Done   1 tasks      | elapsed:    0.0s
[Parallel(n_jobs=5)]: Batch computation too fast (0.012157678604125977s.) Setting batch_size=2.
[Parallel(n_jobs=5)]: Done   2 out of   4 | elapsed:    0.0s remaining:    0.0s
[Parallel(n_jobs=5)]: Done   4 out of   4 | elapsed:    0.0s finished
[Parallel(n_jobs=5)]: Using backend LokyBackend with 5 concurrent workers.
[Parallel(n_jobs=5)]: Done   1 tasks      | elapsed:    0.0s
[Parallel(n_jobs=5)]: Batch computation too fast (0.011501312255859375s.) Setting batch_size=2.
[Parallel(n_jobs=5)]: Done   2 out of   4 | elapsed:    0.0s remaining:    0.0s
[Parallel(n_jobs=5)]: Done   4 out of   4 | elapsed:    0.0s finished
[Parallel(n_jobs=5)]: Using backend LokyBackend with 5 concurrent workers.
[Parallel(n_jobs=5)]: Done   1 tasks      | elapsed:    0.0s
[Parallel(n_jobs=5)]: Batch computation too fast (0.01677560806274414s.) Setting batch_size=2.
[Parallel(n_jobs=5)]: Done   2 out of   4 | elapsed:    0.0s remaining:    0.0s
[Parallel(n_jobs=5)]: Done   4 out of   4 | elapsed:    0.0s finished
[Parallel(n_jobs=5)]: Using backend LokyBackend with 5 concurrent workers.
[Parallel(n_jobs=5)]: Done   1 tasks      | elapsed:    0.0s
[Parallel(n_jobs=5)]: Batch computation too fast (0.016950130462646484s.) Setting batch_size=2.
[Parallel(n_jobs=5)]: Done   2 out of   4 | elapsed:    0.0s remaining:    0.0s
[Parallel(n_jobs=5)]: Done   4 out of   4 | elapsed:    0.0s finished
/hpc/home/jz421/miniconda3/envs/ieeg/lib/python3.11/site-packages/scipy/stats/_stats_py.py:1081: RuntimeWarning: divide by zero encountered in divide
  var *= np.divide(n, n-ddof)  # to avoid error on division by zero
/hpc/home/jz421/miniconda3/envs/ieeg/lib/python3.11/site-packages/scipy/stats/_stats_py.py:1081: RuntimeWarning: invalid value encountered in scalar multiply
  var *= np.divide(n, n-ddof)  # to avoid error on division by zero
[Parallel(n_jobs=5)]: Using backend LokyBackend with 5 concurrent workers.
[Parallel(n_jobs=5)]: Done   1 tasks      | elapsed:    0.0s
[Parallel(n_jobs=5)]: Batch computation too fast (0.00995492935180664s.) Setting batch_size=2.
[Parallel(n_jobs=5)]: Done   2 out of   4 | elapsed:    0.0s remaining:    0.0s
[Parallel(n_jobs=5)]: Done   4 out of   4 | elapsed:    0.0s finished
[Parallel(n_jobs=5)]: Using backend LokyBackend with 5 concurrent workers.
[Parallel(n_jobs=5)]: Done   1 tasks      | elapsed:    0.0s
[Parallel(n_jobs=5)]: Batch computation too fast (0.013036012649536133s.) Setting batch_size=2.
[Parallel(n_jobs=5)]: Done   2 out of   4 | elapsed:    0.0s remaining:    0.0s
[Parallel(n_jobs=5)]: Done   4 out of   4 | elapsed:    0.0s finished
[Parallel(n_jobs=5)]: Using backend LokyBackend with 5 concurrent workers.
[Parallel(n_jobs=5)]: Done   1 tasks      | elapsed:    0.0s
[Parallel(n_jobs=5)]: Batch computation too fast (0.011562585830688477s.) Setting batch_size=2.
[Parallel(n_jobs=5)]: Done   2 out of   4 | elapsed:    0.0s remaining:    0.0s
[Parallel(n_jobs=5)]: Done   4 out of   4 | elapsed:    0.0s finished
[Parallel(n_jobs=5)]: Using backend LokyBackend with 5 concurrent workers.
[Parallel(n_jobs=5)]: Done   1 tasks      | elapsed:    0.0s
[Parallel(n_jobs=5)]: Batch computation too fast (0.012278318405151367s.) Setting batch_size=2.
[Parallel(n_jobs=5)]: Done   2 out of   4 | elapsed:    0.0s remaining:    0.0s
[Parallel(n_jobs=5)]: Done   4 out of   4 | elapsed:    0.0s finished
[Parallel(n_jobs=5)]: Using backend LokyBackend with 5 concurrent workers.
[Parallel(n_jobs=5)]: Done   1 tasks      | elapsed:    0.0s
[Parallel(n_jobs=5)]: Batch computation too fast (0.008564472198486328s.) Setting batch_size=2.
[Parallel(n_jobs=5)]: Done   2 out of   4 | elapsed:    0.0s remaining:    0.0s
[Parallel(n_jobs=5)]: Done   4 out of   4 | elapsed:    0.0s finished
[Parallel(n_jobs=5)]: Using backend LokyBackend with 5 concurrent workers.
[Parallel(n_jobs=5)]: Done   1 tasks      | elapsed:    0.0s
[Parallel(n_jobs=5)]: Batch computation too fast (0.008191823959350586s.) Setting batch_size=2.
[Parallel(n_jobs=5)]: Done   2 out of   4 | elapsed:    0.0s remaining:    0.0s
[Parallel(n_jobs=5)]: Done   4 out of   4 | elapsed:    0.0s finished
[Parallel(n_jobs=5)]: Using backend LokyBackend with 5 concurrent workers.
[Parallel(n_jobs=5)]: Done   1 tasks      | elapsed:    0.0s
[Parallel(n_jobs=5)]: Batch computation too fast (0.010713815689086914s.) Setting batch_size=2.
[Parallel(n_jobs=5)]: Done   2 out of   4 | elapsed:    0.0s remaining:    0.0s
[Parallel(n_jobs=5)]: Done   4 out of   4 | elapsed:    0.0s finished
[Parallel(n_jobs=5)]: Using backend LokyBackend with 5 concurrent workers.
[Parallel(n_jobs=5)]: Done   1 tasks      | elapsed:    0.0s
[Parallel(n_jobs=5)]: Batch computation too fast (0.014696121215820312s.) Setting batch_size=2.
[Parallel(n_jobs=5)]: Done   2 out of   4 | elapsed:    0.0s remaining:    0.0s
[Parallel(n_jobs=5)]: Done   4 out of   4 | elapsed:    0.0s finished
[Parallel(n_jobs=5)]: Using backend LokyBackend with 5 concurrent workers.
[Parallel(n_jobs=5)]: Done   1 tasks      | elapsed:    0.0s
[Parallel(n_jobs=5)]: Batch computation too fast (0.014061212539672852s.) Setting batch_size=2.
[Parallel(n_jobs=5)]: Done   2 out of   4 | elapsed:    0.0s remaining:    0.0s
[Parallel(n_jobs=5)]: Done   4 out of   4 | elapsed:    0.0s finished
[Parallel(n_jobs=5)]: Using backend LokyBackend with 5 concurrent workers.
[Parallel(n_jobs=5)]: Done   1 tasks      | elapsed:    0.0s
[Parallel(n_jobs=5)]: Batch computation too fast (0.010978460311889648s.) Setting batch_size=2.
[Parallel(n_jobs=5)]: Done   2 out of   4 | elapsed:    0.0s remaining:    0.0s
[Parallel(n_jobs=5)]: Done   4 out of   4 | elapsed:    0.0s finished
[Parallel(n_jobs=5)]: Using backend LokyBackend with 5 concurrent workers.
[Parallel(n_jobs=5)]: Done   1 tasks      | elapsed:    0.0s
[Parallel(n_jobs=5)]: Batch computation too fast (0.020059585571289062s.) Setting batch_size=2.
[Parallel(n_jobs=5)]: Done   2 out of   4 | elapsed:    0.0s remaining:    0.0s
[Parallel(n_jobs=5)]: Done   4 out of   4 | elapsed:    0.0s finished
/hpc/home/jz421/miniconda3/envs/ieeg/lib/python3.11/site-packages/scipy/stats/_stats_py.py:1081: RuntimeWarning: divide by zero encountered in divide
  var *= np.divide(n, n-ddof)  # to avoid error on division by zero
/hpc/home/jz421/miniconda3/envs/ieeg/lib/python3.11/site-packages/scipy/stats/_stats_py.py:1081: RuntimeWarning: invalid value encountered in scalar multiply
  var *= np.divide(n, n-ddof)  # to avoid error on division by zero
[Parallel(n_jobs=5)]: Using backend LokyBackend with 5 concurrent workers.
[Parallel(n_jobs=5)]: Done   1 tasks      | elapsed:    0.0s
[Parallel(n_jobs=5)]: Batch computation too fast (0.01919412612915039s.) Setting batch_size=2.
[Parallel(n_jobs=5)]: Done   2 out of   4 | elapsed:    0.0s remaining:    0.0s
[Parallel(n_jobs=5)]: Done   4 out of   4 | elapsed:    0.0s finished
[Parallel(n_jobs=5)]: Using backend LokyBackend with 5 concurrent workers.
[Parallel(n_jobs=5)]: Done   1 tasks      | elapsed:    0.0s
[Parallel(n_jobs=5)]: Batch computation too fast (0.00873112678527832s.) Setting batch_size=2.
[Parallel(n_jobs=5)]: Done   2 out of   4 | elapsed:    0.0s remaining:    0.0s
[Parallel(n_jobs=5)]: Done   4 out of   4 | elapsed:    0.0s finished
[Parallel(n_jobs=5)]: Using backend LokyBackend with 5 concurrent workers.
[Parallel(n_jobs=5)]: Done   1 tasks      | elapsed:    0.0s
[Parallel(n_jobs=5)]: Batch computation too fast (0.011561870574951172s.) Setting batch_size=2.
[Parallel(n_jobs=5)]: Done   2 out of   4 | elapsed:    0.0s remaining:    0.0s
[Parallel(n_jobs=5)]: Done   4 out of   4 | elapsed:    0.0s finished
[Parallel(n_jobs=5)]: Using backend LokyBackend with 5 concurrent workers.
[Parallel(n_jobs=5)]: Done   1 tasks      | elapsed:    0.0s
[Parallel(n_jobs=5)]: Batch computation too fast (0.008323907852172852s.) Setting batch_size=2.
[Parallel(n_jobs=5)]: Done   2 out of   4 | elapsed:    0.0s remaining:    0.0s
[Parallel(n_jobs=5)]: Done   4 out of   4 | elapsed:    0.0s finished
[Parallel(n_jobs=5)]: Using backend LokyBackend with 5 concurrent workers.
[Parallel(n_jobs=5)]: Done   1 tasks      | elapsed:    0.0s
[Parallel(n_jobs=5)]: Batch computation too fast (0.011689186096191406s.) Setting batch_size=2.
[Parallel(n_jobs=5)]: Done   2 out of   4 | elapsed:    0.0s remaining:    0.0s
[Parallel(n_jobs=5)]: Done   4 out of   4 | elapsed:    0.0s finished
[Parallel(n_jobs=5)]: Using backend LokyBackend with 5 concurrent workers.
[Parallel(n_jobs=5)]: Done   1 tasks      | elapsed:    0.0s
[Parallel(n_jobs=5)]: Batch computation too fast (0.011943340301513672s.) Setting batch_size=2.
[Parallel(n_jobs=5)]: Done   2 out of   4 | elapsed:    0.0s remaining:    0.0s
[Parallel(n_jobs=5)]: Done   4 out of   4 | elapsed:    0.0s finished
[Parallel(n_jobs=5)]: Using backend LokyBackend with 5 concurrent workers.
[Parallel(n_jobs=5)]: Done   1 tasks      | elapsed:    0.0s
[Parallel(n_jobs=5)]: Batch computation too fast (0.015447378158569336s.) Setting batch_size=2.
[Parallel(n_jobs=5)]: Done   2 out of   4 | elapsed:    0.0s remaining:    0.0s
[Parallel(n_jobs=5)]: Done   4 out of   4 | elapsed:    0.0s finished
[Parallel(n_jobs=5)]: Using backend LokyBackend with 5 concurrent workers.
[Parallel(n_jobs=5)]: Done   1 tasks      | elapsed:    0.0s
[Parallel(n_jobs=5)]: Batch computation too fast (0.012063741683959961s.) Setting batch_size=2.
[Parallel(n_jobs=5)]: Done   2 out of   4 | elapsed:    0.0s remaining:    0.0s
[Parallel(n_jobs=5)]: Done   4 out of   4 | elapsed:    0.0s finished
[Parallel(n_jobs=5)]: Using backend LokyBackend with 5 concurrent workers.
[Parallel(n_jobs=5)]: Done   1 tasks      | elapsed:    0.0s
[Parallel(n_jobs=5)]: Batch computation too fast (0.014123678207397461s.) Setting batch_size=2.
[Parallel(n_jobs=5)]: Done   2 out of   4 | elapsed:    0.0s remaining:    0.0s
[Parallel(n_jobs=5)]: Done   4 out of   4 | elapsed:    0.0s finished
[Parallel(n_jobs=5)]: Using backend LokyBackend with 5 concurrent workers.
[Parallel(n_jobs=5)]: Done   1 tasks      | elapsed:    0.0s
[Parallel(n_jobs=5)]: Batch computation too fast (0.016544103622436523s.) Setting batch_size=2.
[Parallel(n_jobs=5)]: Done   2 out of   4 | elapsed:    0.0s remaining:    0.0s
[Parallel(n_jobs=5)]: Done   4 out of   4 | elapsed:    0.0s finished
[Parallel(n_jobs=5)]: Using backend LokyBackend with 5 concurrent workers.
[Parallel(n_jobs=5)]: Done   1 tasks      | elapsed:    0.0s
[Parallel(n_jobs=5)]: Batch computation too fast (0.02005767822265625s.) Setting batch_size=2.
[Parallel(n_jobs=5)]: Done   2 out of   4 | elapsed:    0.0s remaining:    0.0s
[Parallel(n_jobs=5)]: Done   4 out of   4 | elapsed:    0.0s finished
/hpc/home/jz421/miniconda3/envs/ieeg/lib/python3.11/site-packages/scipy/stats/_stats_py.py:1081: RuntimeWarning: divide by zero encountered in divide
  var *= np.divide(n, n-ddof)  # to avoid error on division by zero
/hpc/home/jz421/miniconda3/envs/ieeg/lib/python3.11/site-packages/scipy/stats/_stats_py.py:1081: RuntimeWarning: invalid value encountered in scalar multiply
  var *= np.divide(n, n-ddof)  # to avoid error on division by zero
[Parallel(n_jobs=5)]: Using backend LokyBackend with 5 concurrent workers.
[Parallel(n_jobs=5)]: Done   1 tasks      | elapsed:    0.0s
[Parallel(n_jobs=5)]: Batch computation too fast (0.01501607894897461s.) Setting batch_size=2.
[Parallel(n_jobs=5)]: Done   2 out of   4 | elapsed:    0.0s remaining:    0.0s
[Parallel(n_jobs=5)]: Done   4 out of   4 | elapsed:    0.0s finished
[Parallel(n_jobs=5)]: Using backend LokyBackend with 5 concurrent workers.
[Parallel(n_jobs=5)]: Done   1 tasks      | elapsed:    0.0s
[Parallel(n_jobs=5)]: Batch computation too fast (0.010498046875s.) Setting batch_size=2.
[Parallel(n_jobs=5)]: Done   2 out of   4 | elapsed:    0.0s remaining:    0.0s
[Parallel(n_jobs=5)]: Done   4 out of   4 | elapsed:    0.0s finished
[Parallel(n_jobs=5)]: Using backend LokyBackend with 5 concurrent workers.
[Parallel(n_jobs=5)]: Done   1 tasks      | elapsed:    0.0s
[Parallel(n_jobs=5)]: Batch computation too fast (0.01132512092590332s.) Setting batch_size=2.
[Parallel(n_jobs=5)]: Done   2 out of   4 | elapsed:    0.0s remaining:    0.0s
[Parallel(n_jobs=5)]: Done   4 out of   4 | elapsed:    0.0s finished
[Parallel(n_jobs=5)]: Using backend LokyBackend with 5 concurrent workers.
[Parallel(n_jobs=5)]: Done   1 tasks      | elapsed:    0.0s
[Parallel(n_jobs=5)]: Batch computation too fast (0.007570743560791016s.) Setting batch_size=2.
[Parallel(n_jobs=5)]: Done   2 out of   4 | elapsed:    0.0s remaining:    0.0s
[Parallel(n_jobs=5)]: Done   4 out of   4 | elapsed:    0.0s finished
[Parallel(n_jobs=5)]: Using backend LokyBackend with 5 concurrent workers.
[Parallel(n_jobs=5)]: Done   1 tasks      | elapsed:    0.0s
[Parallel(n_jobs=5)]: Batch computation too fast (0.009479284286499023s.) Setting batch_size=2.
[Parallel(n_jobs=5)]: Done   2 out of   4 | elapsed:    0.0s remaining:    0.0s
[Parallel(n_jobs=5)]: Done   4 out of   4 | elapsed:    0.0s finished
[Parallel(n_jobs=5)]: Using backend LokyBackend with 5 concurrent workers.
[Parallel(n_jobs=5)]: Done   1 tasks      | elapsed:    0.0s
[Parallel(n_jobs=5)]: Batch computation too fast (0.010075092315673828s.) Setting batch_size=2.
[Parallel(n_jobs=5)]: Done   2 out of   4 | elapsed:    0.0s remaining:    0.0s
[Parallel(n_jobs=5)]: Done   4 out of   4 | elapsed:    0.0s finished
[Parallel(n_jobs=5)]: Using backend LokyBackend with 5 concurrent workers.
[Parallel(n_jobs=5)]: Done   1 tasks      | elapsed:    0.0s
[Parallel(n_jobs=5)]: Batch computation too fast (0.011409282684326172s.) Setting batch_size=2.
[Parallel(n_jobs=5)]: Done   2 out of   4 | elapsed:    0.0s remaining:    0.0s
[Parallel(n_jobs=5)]: Done   4 out of   4 | elapsed:    0.0s finished
[Parallel(n_jobs=5)]: Using backend LokyBackend with 5 concurrent workers.
[Parallel(n_jobs=5)]: Done   1 tasks      | elapsed:    0.0s
[Parallel(n_jobs=5)]: Batch computation too fast (0.012250423431396484s.) Setting batch_size=2.
[Parallel(n_jobs=5)]: Done   2 out of   4 | elapsed:    0.0s remaining:    0.0s
[Parallel(n_jobs=5)]: Done   4 out of   4 | elapsed:    0.0s finished
[Parallel(n_jobs=5)]: Using backend LokyBackend with 5 concurrent workers.
[Parallel(n_jobs=5)]: Done   1 tasks      | elapsed:    0.0s
[Parallel(n_jobs=5)]: Batch computation too fast (0.022081375122070312s.) Setting batch_size=2.
[Parallel(n_jobs=5)]: Done   2 out of   4 | elapsed:    0.0s remaining:    0.0s
[Parallel(n_jobs=5)]: Done   4 out of   4 | elapsed:    0.0s finished
[Parallel(n_jobs=5)]: Using backend LokyBackend with 5 concurrent workers.
[Parallel(n_jobs=5)]: Done   1 tasks      | elapsed:    0.0s
[Parallel(n_jobs=5)]: Batch computation too fast (0.00800466537475586s.) Setting batch_size=2.
[Parallel(n_jobs=5)]: Done   2 out of   4 | elapsed:    0.0s remaining:    0.0s
[Parallel(n_jobs=5)]: Done   4 out of   4 | elapsed:    0.0s finished
[Parallel(n_jobs=5)]: Using backend LokyBackend with 5 concurrent workers.
[Parallel(n_jobs=5)]: Done   1 tasks      | elapsed:    0.0s
[Parallel(n_jobs=5)]: Batch computation too fast (0.013386726379394531s.) Setting batch_size=2.
[Parallel(n_jobs=5)]: Done   2 out of   4 | elapsed:    0.0s remaining:    0.0s
[Parallel(n_jobs=5)]: Done   4 out of   4 | elapsed:    0.0s finished
/hpc/home/jz421/miniconda3/envs/ieeg/lib/python3.11/site-packages/scipy/stats/_stats_py.py:1081: RuntimeWarning: divide by zero encountered in divide
  var *= np.divide(n, n-ddof)  # to avoid error on division by zero
/hpc/home/jz421/miniconda3/envs/ieeg/lib/python3.11/site-packages/scipy/stats/_stats_py.py:1081: RuntimeWarning: invalid value encountered in scalar multiply
  var *= np.divide(n, n-ddof)  # to avoid error on division by zero
[Parallel(n_jobs=5)]: Using backend LokyBackend with 5 concurrent workers.
[Parallel(n_jobs=5)]: Done   1 tasks      | elapsed:    0.0s
[Parallel(n_jobs=5)]: Batch computation too fast (0.010976552963256836s.) Setting batch_size=2.
[Parallel(n_jobs=5)]: Done   2 out of   4 | elapsed:    0.0s remaining:    0.0s
[Parallel(n_jobs=5)]: Done   4 out of   4 | elapsed:    0.0s finished
[Parallel(n_jobs=5)]: Using backend LokyBackend with 5 concurrent workers.
[Parallel(n_jobs=5)]: Done   1 tasks      | elapsed:    0.0s
[Parallel(n_jobs=5)]: Batch computation too fast (0.010967731475830078s.) Setting batch_size=2.
[Parallel(n_jobs=5)]: Done   2 out of   4 | elapsed:    0.0s remaining:    0.0s
[Parallel(n_jobs=5)]: Done   4 out of   4 | elapsed:    0.0s finished
[Parallel(n_jobs=5)]: Using backend LokyBackend with 5 concurrent workers.
[Parallel(n_jobs=5)]: Done   1 tasks      | elapsed:    0.0s
[Parallel(n_jobs=5)]: Batch computation too fast (0.013511896133422852s.) Setting batch_size=2.
[Parallel(n_jobs=5)]: Done   2 out of   4 | elapsed:    0.0s remaining:    0.0s
[Parallel(n_jobs=5)]: Done   4 out of   4 | elapsed:    0.0s finished
[Parallel(n_jobs=5)]: Using backend LokyBackend with 5 concurrent workers.
[Parallel(n_jobs=5)]: Done   1 tasks      | elapsed:    0.0s
[Parallel(n_jobs=5)]: Batch computation too fast (0.009279489517211914s.) Setting batch_size=2.
[Parallel(n_jobs=5)]: Done   2 out of   4 | elapsed:    0.0s remaining:    0.0s
[Parallel(n_jobs=5)]: Done   4 out of   4 | elapsed:    0.0s finished
/hpc/home/jz421/miniconda3/envs/ieeg/lib/python3.11/site-packages/scipy/stats/_stats_py.py:1081: RuntimeWarning: divide by zero encountered in divide
  var *= np.divide(n, n-ddof)  # to avoid error on division by zero
/hpc/home/jz421/miniconda3/envs/ieeg/lib/python3.11/site-packages/scipy/stats/_stats_py.py:1081: RuntimeWarning: invalid value encountered in scalar multiply
  var *= np.divide(n, n-ddof)  # to avoid error on division by zero
[Parallel(n_jobs=5)]: Using backend LokyBackend with 5 concurrent workers.
[Parallel(n_jobs=5)]: Done   1 tasks      | elapsed:    0.0s
[Parallel(n_jobs=5)]: Batch computation too fast (0.010594367980957031s.) Setting batch_size=2.
[Parallel(n_jobs=5)]: Done   2 out of   4 | elapsed:    0.0s remaining:    0.0s
[Parallel(n_jobs=5)]: Done   4 out of   4 | elapsed:    0.0s finished
[Parallel(n_jobs=5)]: Using backend LokyBackend with 5 concurrent workers.
[Parallel(n_jobs=5)]: Done   1 tasks      | elapsed:    0.0s
[Parallel(n_jobs=5)]: Batch computation too fast (0.013669490814208984s.) Setting batch_size=2.
[Parallel(n_jobs=5)]: Done   2 tasks      | elapsed:    0.0s
[Parallel(n_jobs=5)]: Done   4 out of   4 | elapsed:    0.0s finished
[Parallel(n_jobs=5)]: Using backend LokyBackend with 5 concurrent workers.
[Parallel(n_jobs=5)]: Done   1 tasks      | elapsed:    0.0s
[Parallel(n_jobs=5)]: Batch computation too fast (0.007518768310546875s.) Setting batch_size=2.
[Parallel(n_jobs=5)]: Done   2 out of   4 | elapsed:    0.0s remaining:    0.0s
[Parallel(n_jobs=5)]: Done   4 out of   4 | elapsed:    0.0s finished
[Parallel(n_jobs=5)]: Using backend LokyBackend with 5 concurrent workers.
[Parallel(n_jobs=5)]: Done   1 tasks      | elapsed:    0.0s
[Parallel(n_jobs=5)]: Batch computation too fast (0.010585546493530273s.) Setting batch_size=2.
[Parallel(n_jobs=5)]: Done   2 out of   4 | elapsed:    0.0s remaining:    0.0s
[Parallel(n_jobs=5)]: Done   4 out of   4 | elapsed:    0.0s finished
/hpc/home/jz421/miniconda3/envs/ieeg/lib/python3.11/site-packages/scipy/stats/_stats_py.py:1081: RuntimeWarning: divide by zero encountered in divide
  var *= np.divide(n, n-ddof)  # to avoid error on division by zero
/hpc/home/jz421/miniconda3/envs/ieeg/lib/python3.11/site-packages/scipy/stats/_stats_py.py:1081: RuntimeWarning: invalid value encountered in scalar multiply
  var *= np.divide(n, n-ddof)  # to avoid error on division by zero
[Parallel(n_jobs=5)]: Using backend LokyBackend with 5 concurrent workers.
[Parallel(n_jobs=5)]: Done   1 out of   1 | elapsed:    0.0s finished
[Parallel(n_jobs=5)]: Batch computation too fast (0.01159048080444336s.) Setting batch_size=2.
[Parallel(n_jobs=5)]: Done   2 tasks      | elapsed:    0.0s
[Parallel(n_jobs=5)]: Done   4 out of   4 | elapsed:    0.0s finished
[Parallel(n_jobs=5)]: Using backend LokyBackend with 5 concurrent workers.
[Parallel(n_jobs=5)]: Done   1 tasks      | elapsed:    0.0s
[Parallel(n_jobs=5)]: Batch computation too fast (0.016010284423828125s.) Setting batch_size=2.
[Parallel(n_jobs=5)]: Done   2 tasks      | elapsed:    0.0s
[Parallel(n_jobs=5)]: Done   4 out of   4 | elapsed:    0.0s finished
[Parallel(n_jobs=5)]: Using backend LokyBackend with 5 concurrent workers.
[Parallel(n_jobs=5)]: Done   1 tasks      | elapsed:    0.0s
[Parallel(n_jobs=5)]: Batch computation too fast (0.010753870010375977s.) Setting batch_size=2.
[Parallel(n_jobs=5)]: Done   2 out of   4 | elapsed:    0.0s remaining:    0.0s
[Parallel(n_jobs=5)]: Done   4 out of   4 | elapsed:    0.0s finished
[Parallel(n_jobs=5)]: Using backend LokyBackend with 5 concurrent workers.
[Parallel(n_jobs=5)]: Done   1 tasks      | elapsed:    0.0s
[Parallel(n_jobs=5)]: Batch computation too fast (0.013982057571411133s.) Setting batch_size=2.
[Parallel(n_jobs=5)]: Done   2 out of   4 | elapsed:    0.0s remaining:    0.0s
[Parallel(n_jobs=5)]: Done   4 out of   4 | elapsed:    0.0s finished
/hpc/home/jz421/miniconda3/envs/ieeg/lib/python3.11/site-packages/scipy/stats/_stats_py.py:1081: RuntimeWarning: divide by zero encountered in divide
  var *= np.divide(n, n-ddof)  # to avoid error on division by zero
/hpc/home/jz421/miniconda3/envs/ieeg/lib/python3.11/site-packages/scipy/stats/_stats_py.py:1081: RuntimeWarning: invalid value encountered in scalar multiply
  var *= np.divide(n, n-ddof)  # to avoid error on division by zero
[Parallel(n_jobs=5)]: Using backend LokyBackend with 5 concurrent workers.
[Parallel(n_jobs=5)]: Done   1 tasks      | elapsed:    0.0s
[Parallel(n_jobs=5)]: Batch computation too fast (0.010536432266235352s.) Setting batch_size=2.
[Parallel(n_jobs=5)]: Done   2 out of   4 | elapsed:    0.0s remaining:    0.0s
[Parallel(n_jobs=5)]: Done   4 out of   4 | elapsed:    0.0s finished
[Parallel(n_jobs=5)]: Using backend LokyBackend with 5 concurrent workers.
[Parallel(n_jobs=5)]: Done   1 out of   1 | elapsed:    0.0s finished
[Parallel(n_jobs=5)]: Batch computation too fast (0.011418819427490234s.) Setting batch_size=2.
[Parallel(n_jobs=5)]: Done   2 tasks      | elapsed:    0.0s
[Parallel(n_jobs=5)]: Done   4 out of   4 | elapsed:    0.0s finished
[Parallel(n_jobs=5)]: Using backend LokyBackend with 5 concurrent workers.
[Parallel(n_jobs=5)]: Done   1 tasks      | elapsed:    0.0s
[Parallel(n_jobs=5)]: Batch computation too fast (0.011991500854492188s.) Setting batch_size=2.
[Parallel(n_jobs=5)]: Done   2 out of   4 | elapsed:    0.0s remaining:    0.0s
[Parallel(n_jobs=5)]: Done   4 out of   4 | elapsed:    0.0s finished
[Parallel(n_jobs=5)]: Using backend LokyBackend with 5 concurrent workers.
[Parallel(n_jobs=5)]: Done   1 tasks      | elapsed:    0.0s
[Parallel(n_jobs=5)]: Batch computation too fast (0.009084224700927734s.) Setting batch_size=2.
[Parallel(n_jobs=5)]: Done   2 out of   4 | elapsed:    0.0s remaining:    0.0s
[Parallel(n_jobs=5)]: Done   4 out of   4 | elapsed:    0.0s finished
