['/hpc/home/jz421/coganlab/jz421/GlobalLocal', '/hpc/group/coganlab/jz421/GlobalLocal/dcc_scripts/decoding', '/hpc/home/jz421/miniconda3/envs/ieeg/lib/python311.zip', '/hpc/home/jz421/miniconda3/envs/ieeg/lib/python3.11', '/hpc/home/jz421/miniconda3/envs/ieeg/lib/python3.11/lib-dynload', '/hpc/home/jz421/miniconda3/envs/ieeg/lib/python3.11/site-packages', '/hpc/home/jz421/coganlab/jz421/GlobalLocal/IEEG_Pipelines/']
Qt5Agg backend not available, using default backend
Qt5Agg backend not available, using default backend

WARNING: Keras package is not installed. You will be unable to useall neural net decoders
['/hpc/home/jz421/coganlab/jz421/GlobalLocal', '/hpc/group/coganlab/jz421/GlobalLocal/dcc_scripts/decoding', '/hpc/home/jz421/miniconda3/envs/ieeg/lib/python311.zip', '/hpc/home/jz421/miniconda3/envs/ieeg/lib/python3.11', '/hpc/home/jz421/miniconda3/envs/ieeg/lib/python3.11/lib-dynload', '/hpc/home/jz421/miniconda3/envs/ieeg/lib/python3.11/site-packages', '/hpc/home/jz421/coganlab/jz421/GlobalLocal/IEEG_Pipelines/']
======================================================================
BANDPASS FILTERED DECODING ANALYSIS
======================================================================
Subjects:          ['D0059', 'D0069', 'D0077', 'D0090', 'D0094', 'D0102', 'D0103', 'D0107A', 'D0121']
Conditions:        ['Stimulus_s_in_25incongruentBlock', 'Stimulus_s_in_75incongruentBlock', 'Stimulus_r_in_25incongruentBlock', 'Stimulus_r_in_75incongruentBlock']
ROIs:              ['lpfc']
Epochs file:       Stimulus_0.5sec_within-1-0sec_randoffset_StimulusBase_decFactor_8_markOutliersAsNaN_False_passband_70.0-150.0_padLength_0.5s_stat_func_ttest_ind_equal_var_False
Electrodes (all or sig):       all
Explained variance: 0.9
Balance method:     subsample
Obs axs:            0
Chans axs:          1
Time axs:           -1
----------------------------------------------------------------------
Decoding Parameters:
  CV Splits/Repeats: 5/5
  Balance Method:    subsample
  Explained Variance:0.9
  Window/Step (samp):32/16
  Sampling Rate (Hz):256
----------------------------------------------------------------------
Perm Cluster Statistical Parameters:
  P-value Threshold: 0.025
  P cluster: 0.025
  Stat Func: ttest_ind
  Permutation Type: independent
 unit of analysis for stats (bootstrap, repeat, or fold): repeat
Percentile Statistical Parameters:
  Percentile: 95
  Cluster Percentile: 95
  N Cluster Perms: 200
======================================================================
======================================================================
plotting params
 single column figure: True
 show legend: False
======================================================================

Starting analysis...
Loaded data from /hpc/home/jz421/coganlab/jz421/GlobalLocal/src/analysis/config/subjects_electrodestoROIs_dict.json
Save directory created or already exists at: /cwork/jz421/BIDS-1.1_GlobalLocal/BIDS/derivatives/decoding/figs/Stimulus_0.5sec_within-1-0sec_randoffset_StimulusBase_decFactor_8_markOutliersAsNaN_False_passband_70.0-150.0_padLength_0.5s_stat_func_ttest_ind_equal_var_False
Loaded significant channels for subject D0059
Loaded significant channels for subject D0069
Loaded significant channels for subject D0077
Loaded significant channels for subject D0090
Loaded significant channels for subject D0094
Loaded significant channels for subject D0102
Loaded significant channels for subject D0103
Loaded significant channels for subject D0107A
Loaded significant channels for subject D0121
For subject D0057, G_front_inf-Opercular, G_front_inf-Orbital, G_front_inf-Triangul, G_front_middle, G_front_sup, Lat_Fis-ant-Horizont, Lat_Fis-ant-Vertical, S_circular_insula_ant, S_circular_insula_sup, S_front_inf, S_front_middle, S_front_sup electrodes are: ['RAI6', 'RAI12', 'RAI13', 'RAI14', 'RAI15', 'RAI16', 'RPI15', 'RPI14', 'RAMF10', 'RAMF11', 'RAMF12', 'RAMF13', 'RAMF14', 'RAIF11', 'RAIF12', 'RAIF13', 'RAIF14']
For subject D0059, G_front_inf-Opercular, G_front_inf-Orbital, G_front_inf-Triangul, G_front_middle, G_front_sup, Lat_Fis-ant-Horizont, Lat_Fis-ant-Vertical, S_circular_insula_ant, S_circular_insula_sup, S_front_inf, S_front_middle, S_front_sup electrodes are: ['LMMF9', 'LMMF11', 'LMMF10', 'LMMF12', 'LPSF16']
For subject D0063, G_front_inf-Opercular, G_front_inf-Orbital, G_front_inf-Triangul, G_front_middle, G_front_sup, Lat_Fis-ant-Horizont, Lat_Fis-ant-Vertical, S_circular_insula_ant, S_circular_insula_sup, S_front_inf, S_front_middle, S_front_sup electrodes are: ['LASF10', 'LASF11', 'LASF14', 'LASF15', 'LASF16', 'LMSF5', 'LMSF6', 'LMSF12', 'LPSF10', 'LPSF12', 'ROF16', 'RAI16', 'RAMF11', 'RAMF12', 'RAMF13', 'RAMF14', 'RMMF13', 'RMMF14', 'RAI4', 'RAI6', 'RAI5', 'RAI10', 'RAI11', 'RASF15', 'RASF16', 'RMSF8', 'RMSF9', 'RMSF10', 'RMSF11', 'RMSF12', 'RMSF7', 'RAMF8', 'RAMF9', 'RAMF10', 'RMMF9', 'RMMF10']
For subject D0065, G_front_inf-Opercular, G_front_inf-Orbital, G_front_inf-Triangul, G_front_middle, G_front_sup, Lat_Fis-ant-Horizont, Lat_Fis-ant-Vertical, S_circular_insula_ant, S_circular_insula_sup, S_front_inf, S_front_middle, S_front_sup electrodes are: ['RASF13', 'RASF14', 'RASF15', 'RASF16', 'RMSF11', 'RMSF12', 'RMSF13', 'RMSF14', 'RI7']
For subject D0069, G_front_inf-Opercular, G_front_inf-Orbital, G_front_inf-Triangul, G_front_middle, G_front_sup, Lat_Fis-ant-Horizont, Lat_Fis-ant-Vertical, S_circular_insula_ant, S_circular_insula_sup, S_front_inf, S_front_middle, S_front_sup electrodes are: ['LOF8']
For subject D0071, G_front_inf-Opercular, G_front_inf-Orbital, G_front_inf-Triangul, G_front_middle, G_front_sup, Lat_Fis-ant-Horizont, Lat_Fis-ant-Vertical, S_circular_insula_ant, S_circular_insula_sup, S_front_inf, S_front_middle, S_front_sup electrodes are: ['RFO14', 'RFO16', 'RIA4', 'RIP6', 'RIA5', 'RIA11', 'RIA12', 'RIA13', 'RIA14', 'RIA16', 'RIP14', 'RIP15', 'RIP16']
For subject D0077, G_front_inf-Opercular, G_front_inf-Orbital, G_front_inf-Triangul, G_front_middle, G_front_sup, Lat_Fis-ant-Horizont, Lat_Fis-ant-Vertical, S_circular_insula_ant, S_circular_insula_sup, S_front_inf, S_front_middle, S_front_sup electrodes are: []
For subject D0090, G_front_inf-Opercular, G_front_inf-Orbital, G_front_inf-Triangul, G_front_middle, G_front_sup, Lat_Fis-ant-Horizont, Lat_Fis-ant-Vertical, S_circular_insula_ant, S_circular_insula_sup, S_front_inf, S_front_middle, S_front_sup electrodes are: ['RFO15', 'RIA6', 'RIA11', 'RIA12', 'RIA14', 'RIA15', 'RIA16', 'RIP7']
For subject D0094, G_front_inf-Opercular, G_front_inf-Orbital, G_front_inf-Triangul, G_front_middle, G_front_sup, Lat_Fis-ant-Horizont, Lat_Fis-ant-Vertical, S_circular_insula_ant, S_circular_insula_sup, S_front_inf, S_front_middle, S_front_sup electrodes are: ['LFO12', 'LFO13', 'LFO15', 'LFO16', 'LFAM8', 'LFAM9', 'LFAM10', 'LFAM13', 'LFAM14', 'LFPM10', 'LFPM11', 'LFPM12', 'LPAS1', 'LIA16', 'LFAI3', 'LFAI4', 'LFAI5', 'LFPI10', 'LPAI9', 'LPAI10', 'LIA4', 'LIA5', 'LFAI9', 'LFAI10', 'LIA11', 'LIA12', 'LIA13', 'LIA14']
For subject D0100, G_front_inf-Opercular, G_front_inf-Orbital, G_front_inf-Triangul, G_front_middle, G_front_sup, Lat_Fis-ant-Horizont, Lat_Fis-ant-Vertical, S_circular_insula_ant, S_circular_insula_sup, S_front_inf, S_front_middle, S_front_sup electrodes are: []
For subject D0102, G_front_inf-Opercular, G_front_inf-Orbital, G_front_inf-Triangul, G_front_middle, G_front_sup, Lat_Fis-ant-Horizont, Lat_Fis-ant-Vertical, S_circular_insula_ant, S_circular_insula_sup, S_front_inf, S_front_middle, S_front_sup electrodes are: ['RFO13', 'RFO14', 'RFAM15', 'RFAI2', 'RFAI3']
For subject D0103, G_front_inf-Opercular, G_front_inf-Orbital, G_front_inf-Triangul, G_front_middle, G_front_sup, Lat_Fis-ant-Horizont, Lat_Fis-ant-Vertical, S_circular_insula_ant, S_circular_insula_sup, S_front_inf, S_front_middle, S_front_sup electrodes are: ['LFAM8', 'LFAM9', 'LAI13', 'LAI14', 'LFAM15', 'LAI4', 'LAI7', 'LAI8', 'LAI18', 'LFO15', 'LFAI4']
For subject D0107A, G_front_inf-Opercular, G_front_inf-Orbital, G_front_inf-Triangul, G_front_middle, G_front_sup, Lat_Fis-ant-Horizont, Lat_Fis-ant-Vertical, S_circular_insula_ant, S_circular_insula_sup, S_front_inf, S_front_middle, S_front_sup electrodes are: ['RFOA16', 'RFOA17', 'RFOA18', 'RFAI3', 'RIA5', 'RIA6', 'RFAM7', 'RFAM9', 'RFAM10', 'RFAM11', 'RFAM12', 'RFMM9', 'RFMM11', 'RFMM12', 'RFMM13', 'RFMM14', 'RFMM15', 'RFMM8', 'RIA12', 'RIA13', 'RIA14', 'RIA15', 'RIA16', 'RIA17', 'RIA18']
For subject D0110, G_front_inf-Opercular, G_front_inf-Orbital, G_front_inf-Triangul, G_front_middle, G_front_sup, Lat_Fis-ant-Horizont, Lat_Fis-ant-Vertical, S_circular_insula_ant, S_circular_insula_sup, S_front_inf, S_front_middle, S_front_sup electrodes are: ['LASF10', 'LOF13', 'LOF15', 'LINS4', 'LINS5']
For subject D0116, G_front_inf-Opercular, G_front_inf-Orbital, G_front_inf-Triangul, G_front_middle, G_front_sup, Lat_Fis-ant-Horizont, Lat_Fis-ant-Vertical, S_circular_insula_ant, S_circular_insula_sup, S_front_inf, S_front_middle, S_front_sup electrodes are: ['LFOA14', 'LFOA17', 'LFOA18', 'LFOP15', 'LFAM10', 'LFAM11', 'LFMM14', 'LAI12', 'LAI16', 'LFAM12', 'LAI7', 'LAI8', 'LFMI3', 'LFMI5', 'LFMI6', 'RFOA14', 'RFOA15', 'RFOA16', 'RFOP15', 'RFMM10', 'RFMM11', 'RFMM12', 'RAI7', 'RAI11', 'RAI12', 'RAI14', 'RAI15', 'RAI16', 'RAI17', 'RFMI4']
For subject D0117, G_front_inf-Opercular, G_front_inf-Orbital, G_front_inf-Triangul, G_front_middle, G_front_sup, Lat_Fis-ant-Horizont, Lat_Fis-ant-Vertical, S_circular_insula_ant, S_circular_insula_sup, S_front_inf, S_front_middle, S_front_sup electrodes are: ['RMOF15', 'RINSA15', 'RINSA16', 'RLOF10', 'RLOF11', 'RLOF16', 'RINSA3', 'RINSA11', 'RINSA12', 'RINSA13', 'RINSA14']
For subject D0121, G_front_inf-Opercular, G_front_inf-Orbital, G_front_inf-Triangul, G_front_middle, G_front_sup, Lat_Fis-ant-Horizont, Lat_Fis-ant-Vertical, S_circular_insula_ant, S_circular_insula_sup, S_front_inf, S_front_middle, S_front_sup electrodes are: ['LFOA15', 'LFOP12', 'LFO5', 'LFO6', 'LFO8', 'LFO9', 'LFO12', 'LFO13', 'LFO14', 'LFO15', 'LFO16', 'LFO17', 'LFO18', 'LFA1', 'LFA2', 'LFP16', 'LFP17', 'LFPS1', 'LFPS2', 'LFPP1', 'LFOP13', 'LFOP15', 'LFOP16', 'LFOP18', 'LFA7', 'LFA8', 'LFAS6', 'LFAM8', 'LFAM9', 'LFA9', 'LFA10', 'LFA11', 'LFA12', 'LFAM10', 'LFAM11', 'LFAM12', 'LFMM8', 'LFMM9', 'LFMM10', 'LFMM11', 'LFMM12', 'LFAS7', 'LFAS8', 'LFAS9', 'LFAS10', 'LFMS7', 'LFMS9', 'LFMS10', 'LFMS11', 'LFMS12', 'LFPS6', 'LFPS7', 'LFPS9', 'LFPS10', 'LFPP7', 'LFPP9', 'LFPP10', 'LFMI4', 'LFMI5', 'LFMI8', 'LFMI9']
Subject D0057 significant G_front_inf-Opercular, G_front_inf-Orbital, G_front_inf-Triangul, G_front_middle, G_front_sup, Lat_Fis-ant-Horizont, Lat_Fis-ant-Vertical, S_circular_insula_ant, S_circular_insula_sup, S_front_inf, S_front_middle, S_front_sup electrodes: []
Subject D0059 significant G_front_inf-Opercular, G_front_inf-Orbital, G_front_inf-Triangul, G_front_middle, G_front_sup, Lat_Fis-ant-Horizont, Lat_Fis-ant-Vertical, S_circular_insula_ant, S_circular_insula_sup, S_front_inf, S_front_middle, S_front_sup electrodes: ['LMMF9', 'LMMF11', 'LMMF10', 'LMMF12', 'LPSF16']
Subject D0063 significant G_front_inf-Opercular, G_front_inf-Orbital, G_front_inf-Triangul, G_front_middle, G_front_sup, Lat_Fis-ant-Horizont, Lat_Fis-ant-Vertical, S_circular_insula_ant, S_circular_insula_sup, S_front_inf, S_front_middle, S_front_sup electrodes: []
Subject D0065 significant G_front_inf-Opercular, G_front_inf-Orbital, G_front_inf-Triangul, G_front_middle, G_front_sup, Lat_Fis-ant-Horizont, Lat_Fis-ant-Vertical, S_circular_insula_ant, S_circular_insula_sup, S_front_inf, S_front_middle, S_front_sup electrodes: []
Subject D0069 significant G_front_inf-Opercular, G_front_inf-Orbital, G_front_inf-Triangul, G_front_middle, G_front_sup, Lat_Fis-ant-Horizont, Lat_Fis-ant-Vertical, S_circular_insula_ant, S_circular_insula_sup, S_front_inf, S_front_middle, S_front_sup electrodes: []
Subject D0071 significant G_front_inf-Opercular, G_front_inf-Orbital, G_front_inf-Triangul, G_front_middle, G_front_sup, Lat_Fis-ant-Horizont, Lat_Fis-ant-Vertical, S_circular_insula_ant, S_circular_insula_sup, S_front_inf, S_front_middle, S_front_sup electrodes: []
Subject D0077 significant G_front_inf-Opercular, G_front_inf-Orbital, G_front_inf-Triangul, G_front_middle, G_front_sup, Lat_Fis-ant-Horizont, Lat_Fis-ant-Vertical, S_circular_insula_ant, S_circular_insula_sup, S_front_inf, S_front_middle, S_front_sup electrodes: []
Subject D0090 significant G_front_inf-Opercular, G_front_inf-Orbital, G_front_inf-Triangul, G_front_middle, G_front_sup, Lat_Fis-ant-Horizont, Lat_Fis-ant-Vertical, S_circular_insula_ant, S_circular_insula_sup, S_front_inf, S_front_middle, S_front_sup electrodes: ['RIA6', 'RIA11']
Subject D0094 significant G_front_inf-Opercular, G_front_inf-Orbital, G_front_inf-Triangul, G_front_middle, G_front_sup, Lat_Fis-ant-Horizont, Lat_Fis-ant-Vertical, S_circular_insula_ant, S_circular_insula_sup, S_front_inf, S_front_middle, S_front_sup electrodes: ['LFAM8', 'LFAM9', 'LFAM10', 'LFPM10', 'LFPM11', 'LFPM12', 'LFAI5', 'LFPI10', 'LFAI9', 'LFAI10', 'LIA11']
Subject D0100 significant G_front_inf-Opercular, G_front_inf-Orbital, G_front_inf-Triangul, G_front_middle, G_front_sup, Lat_Fis-ant-Horizont, Lat_Fis-ant-Vertical, S_circular_insula_ant, S_circular_insula_sup, S_front_inf, S_front_middle, S_front_sup electrodes: []
Subject D0102 significant G_front_inf-Opercular, G_front_inf-Orbital, G_front_inf-Triangul, G_front_middle, G_front_sup, Lat_Fis-ant-Horizont, Lat_Fis-ant-Vertical, S_circular_insula_ant, S_circular_insula_sup, S_front_inf, S_front_middle, S_front_sup electrodes: ['RFO13', 'RFO14', 'RFAM15']
Subject D0103 significant G_front_inf-Opercular, G_front_inf-Orbital, G_front_inf-Triangul, G_front_middle, G_front_sup, Lat_Fis-ant-Horizont, Lat_Fis-ant-Vertical, S_circular_insula_ant, S_circular_insula_sup, S_front_inf, S_front_middle, S_front_sup electrodes: ['LFAM8', 'LFAM9', 'LAI13', 'LAI14', 'LAI4', 'LAI7', 'LAI8', 'LFAI4']
Subject D0107A significant G_front_inf-Opercular, G_front_inf-Orbital, G_front_inf-Triangul, G_front_middle, G_front_sup, Lat_Fis-ant-Horizont, Lat_Fis-ant-Vertical, S_circular_insula_ant, S_circular_insula_sup, S_front_inf, S_front_middle, S_front_sup electrodes: ['RFOA17', 'RFOA18', 'RFAI3', 'RIA5', 'RIA6', 'RFAM7', 'RFAM9', 'RFAM10', 'RFAM12', 'RFMM9', 'RFMM8', 'RIA13', 'RIA14', 'RIA15']
Subject D0110 significant G_front_inf-Opercular, G_front_inf-Orbital, G_front_inf-Triangul, G_front_middle, G_front_sup, Lat_Fis-ant-Horizont, Lat_Fis-ant-Vertical, S_circular_insula_ant, S_circular_insula_sup, S_front_inf, S_front_middle, S_front_sup electrodes: []
Subject D0116 significant G_front_inf-Opercular, G_front_inf-Orbital, G_front_inf-Triangul, G_front_middle, G_front_sup, Lat_Fis-ant-Horizont, Lat_Fis-ant-Vertical, S_circular_insula_ant, S_circular_insula_sup, S_front_inf, S_front_middle, S_front_sup electrodes: []
Subject D0117 significant G_front_inf-Opercular, G_front_inf-Orbital, G_front_inf-Triangul, G_front_middle, G_front_sup, Lat_Fis-ant-Horizont, Lat_Fis-ant-Vertical, S_circular_insula_ant, S_circular_insula_sup, S_front_inf, S_front_middle, S_front_sup electrodes: []
Subject D0121 significant G_front_inf-Opercular, G_front_inf-Orbital, G_front_inf-Triangul, G_front_middle, G_front_sup, Lat_Fis-ant-Horizont, Lat_Fis-ant-Vertical, S_circular_insula_ant, S_circular_insula_sup, S_front_inf, S_front_middle, S_front_sup electrodes: ['LFO9', 'LFP17', 'LFPS1', 'LFPS2', 'LFPP1', 'LFA9', 'LFA10', 'LFA11', 'LFA12', 'LFAM10', 'LFMM8', 'LFMM9', 'LFMM10', 'LFMM11', 'LFMM12', 'LFAS10', 'LFMS7', 'LFPS6', 'LFMI4', 'LFMI5']
Loading data for subject: D0059
Reading /cwork/jz421/BIDS-1.1_GlobalLocal/BIDS/derivatives/freqFilt/figs/D0059/D0059_Stimulus_0.5sec_within-1-0sec_randoffset_StimulusBase_decFactor_8_markOutliersAsNaN_False_passband_70.0-150.0_padLength_0.5s_stat_func_ttest_ind_equal_var_False_HG_ev1_rescaled-epo.fif ...
    Found the data of interest:
        t =   -1000.00 ...    1500.00 ms
        0 CTF compensation matrices available
Not setting metadata
448 matching events found
No baseline correction applied
0 projection items activated
Reading /cwork/jz421/BIDS-1.1_GlobalLocal/BIDS/derivatives/freqFilt/figs/D0059/D0059_Stimulus_0.5sec_within-1-0sec_randoffset_StimulusBase_decFactor_8_markOutliersAsNaN_False_passband_70.0-150.0_padLength_0.5s_stat_func_ttest_ind_equal_var_False_HG_ev1_power_rescaled-epo.fif ...
    Found the data of interest:
        t =   -1000.00 ...    1500.00 ms
        0 CTF compensation matrices available
Not setting metadata
448 matching events found
No baseline correction applied
0 projection items activated
  Loading condition: Stimulus_s_in_25incongruentBlock
Not setting metadata
103 matching events found
No baseline correction applied
    Stimulus_s_in_25incongruentBlock: 103 valid trials out of 103
  Loading condition: Stimulus_s_in_75incongruentBlock
Not setting metadata
106 matching events found
No baseline correction applied
    Stimulus_s_in_75incongruentBlock: 106 valid trials out of 106
  Loading condition: Stimulus_r_in_25incongruentBlock
Not setting metadata
110 matching events found
No baseline correction applied
    Stimulus_r_in_25incongruentBlock: 110 valid trials out of 110
  Loading condition: Stimulus_r_in_75incongruentBlock
Not setting metadata
105 matching events found
No baseline correction applied
    Stimulus_r_in_75incongruentBlock: 105 valid trials out of 105
  Loading condition: Stimulus_s_in_25incongruentBlock
Not setting metadata
103 matching events found
No baseline correction applied
    Stimulus_s_in_25incongruentBlock: 103 valid trials out of 103
  Loading condition: Stimulus_s_in_75incongruentBlock
Not setting metadata
106 matching events found
No baseline correction applied
    Stimulus_s_in_75incongruentBlock: 106 valid trials out of 106
  Loading condition: Stimulus_r_in_25incongruentBlock
Not setting metadata
110 matching events found
No baseline correction applied
    Stimulus_r_in_25incongruentBlock: 110 valid trials out of 110
  Loading condition: Stimulus_r_in_75incongruentBlock
Not setting metadata
105 matching events found
No baseline correction applied
    Stimulus_r_in_75incongruentBlock: 105 valid trials out of 105
Loading data for subject: D0069
Reading /cwork/jz421/BIDS-1.1_GlobalLocal/BIDS/derivatives/freqFilt/figs/D0069/D0069_Stimulus_0.5sec_within-1-0sec_randoffset_StimulusBase_decFactor_8_markOutliersAsNaN_False_passband_70.0-150.0_padLength_0.5s_stat_func_ttest_ind_equal_var_False_HG_ev1_rescaled-epo.fif ...
    Found the data of interest:
        t =   -1000.00 ...    1500.00 ms
        0 CTF compensation matrices available
Not setting metadata
448 matching events found
No baseline correction applied
0 projection items activated
Reading /cwork/jz421/BIDS-1.1_GlobalLocal/BIDS/derivatives/freqFilt/figs/D0069/D0069_Stimulus_0.5sec_within-1-0sec_randoffset_StimulusBase_decFactor_8_markOutliersAsNaN_False_passband_70.0-150.0_padLength_0.5s_stat_func_ttest_ind_equal_var_False_HG_ev1_power_rescaled-epo.fif ...
    Found the data of interest:
        t =   -1000.00 ...    1500.00 ms
        0 CTF compensation matrices available
Not setting metadata
448 matching events found
No baseline correction applied
0 projection items activated
  Loading condition: Stimulus_s_in_25incongruentBlock
Not setting metadata
71 matching events found
No baseline correction applied
    Stimulus_s_in_25incongruentBlock: 71 valid trials out of 71
  Loading condition: Stimulus_s_in_75incongruentBlock
Not setting metadata
72 matching events found
No baseline correction applied
    Stimulus_s_in_75incongruentBlock: 72 valid trials out of 72
  Loading condition: Stimulus_r_in_25incongruentBlock
Not setting metadata
93 matching events found
No baseline correction applied
    Stimulus_r_in_25incongruentBlock: 93 valid trials out of 93
  Loading condition: Stimulus_r_in_75incongruentBlock
Not setting metadata
92 matching events found
No baseline correction applied
    Stimulus_r_in_75incongruentBlock: 92 valid trials out of 92
  Loading condition: Stimulus_s_in_25incongruentBlock
Not setting metadata
71 matching events found
No baseline correction applied
    Stimulus_s_in_25incongruentBlock: 71 valid trials out of 71
  Loading condition: Stimulus_s_in_75incongruentBlock
Not setting metadata
72 matching events found
No baseline correction applied
    Stimulus_s_in_75incongruentBlock: 72 valid trials out of 72
  Loading condition: Stimulus_r_in_25incongruentBlock
Not setting metadata
93 matching events found
No baseline correction applied
    Stimulus_r_in_25incongruentBlock: 93 valid trials out of 93
  Loading condition: Stimulus_r_in_75incongruentBlock
Not setting metadata
92 matching events found
No baseline correction applied
    Stimulus_r_in_75incongruentBlock: 92 valid trials out of 92
Loading data for subject: D0077
Reading /cwork/jz421/BIDS-1.1_GlobalLocal/BIDS/derivatives/freqFilt/figs/D0077/D0077_Stimulus_0.5sec_within-1-0sec_randoffset_StimulusBase_decFactor_8_markOutliersAsNaN_False_passband_70.0-150.0_padLength_0.5s_stat_func_ttest_ind_equal_var_False_HG_ev1_rescaled-epo.fif ...
    Found the data of interest:
        t =   -1000.00 ...    1500.00 ms
        0 CTF compensation matrices available
Not setting metadata
448 matching events found
No baseline correction applied
0 projection items activated
Reading /cwork/jz421/BIDS-1.1_GlobalLocal/BIDS/derivatives/freqFilt/figs/D0077/D0077_Stimulus_0.5sec_within-1-0sec_randoffset_StimulusBase_decFactor_8_markOutliersAsNaN_False_passband_70.0-150.0_padLength_0.5s_stat_func_ttest_ind_equal_var_False_HG_ev1_power_rescaled-epo.fif ...
    Found the data of interest:
        t =   -1000.00 ...    1500.00 ms
        0 CTF compensation matrices available
Not setting metadata
448 matching events found
No baseline correction applied
0 projection items activated
  Loading condition: Stimulus_s_in_25incongruentBlock
Not setting metadata
75 matching events found
No baseline correction applied
    Stimulus_s_in_25incongruentBlock: 75 valid trials out of 75
  Loading condition: Stimulus_s_in_75incongruentBlock
Not setting metadata
85 matching events found
No baseline correction applied
    Stimulus_s_in_75incongruentBlock: 85 valid trials out of 85
  Loading condition: Stimulus_r_in_25incongruentBlock
Not setting metadata
98 matching events found
No baseline correction applied
    Stimulus_r_in_25incongruentBlock: 98 valid trials out of 98
  Loading condition: Stimulus_r_in_75incongruentBlock
Not setting metadata
94 matching events found
No baseline correction applied
    Stimulus_r_in_75incongruentBlock: 94 valid trials out of 94
  Loading condition: Stimulus_s_in_25incongruentBlock
Not setting metadata
75 matching events found
No baseline correction applied
    Stimulus_s_in_25incongruentBlock: 75 valid trials out of 75
  Loading condition: Stimulus_s_in_75incongruentBlock
Not setting metadata
85 matching events found
No baseline correction applied
    Stimulus_s_in_75incongruentBlock: 85 valid trials out of 85
  Loading condition: Stimulus_r_in_25incongruentBlock
Not setting metadata
98 matching events found
No baseline correction applied
    Stimulus_r_in_25incongruentBlock: 98 valid trials out of 98
  Loading condition: Stimulus_r_in_75incongruentBlock
Not setting metadata
94 matching events found
No baseline correction applied
    Stimulus_r_in_75incongruentBlock: 94 valid trials out of 94
Loading data for subject: D0090
Reading /cwork/jz421/BIDS-1.1_GlobalLocal/BIDS/derivatives/freqFilt/figs/D0090/D0090_Stimulus_0.5sec_within-1-0sec_randoffset_StimulusBase_decFactor_8_markOutliersAsNaN_False_passband_70.0-150.0_padLength_0.5s_stat_func_ttest_ind_equal_var_False_HG_ev1_rescaled-epo.fif ...
    Found the data of interest:
        t =   -1000.00 ...    1500.00 ms
        0 CTF compensation matrices available
Not setting metadata
450 matching events found
No baseline correction applied
0 projection items activated
Reading /cwork/jz421/BIDS-1.1_GlobalLocal/BIDS/derivatives/freqFilt/figs/D0090/D0090_Stimulus_0.5sec_within-1-0sec_randoffset_StimulusBase_decFactor_8_markOutliersAsNaN_False_passband_70.0-150.0_padLength_0.5s_stat_func_ttest_ind_equal_var_False_HG_ev1_power_rescaled-epo.fif ...
    Found the data of interest:
        t =   -1000.00 ...    1500.00 ms
        0 CTF compensation matrices available
Not setting metadata
450 matching events found
No baseline correction applied
0 projection items activated
  Loading condition: Stimulus_s_in_25incongruentBlock
Not setting metadata
103 matching events found
No baseline correction applied
    Stimulus_s_in_25incongruentBlock: 103 valid trials out of 103
  Loading condition: Stimulus_s_in_75incongruentBlock
Not setting metadata
101 matching events found
No baseline correction applied
    Stimulus_s_in_75incongruentBlock: 101 valid trials out of 101
  Loading condition: Stimulus_r_in_25incongruentBlock
Not setting metadata
111 matching events found
No baseline correction applied
    Stimulus_r_in_25incongruentBlock: 111 valid trials out of 111
  Loading condition: Stimulus_r_in_75incongruentBlock
Not setting metadata
106 matching events found
No baseline correction applied
    Stimulus_r_in_75incongruentBlock: 106 valid trials out of 106
  Loading condition: Stimulus_s_in_25incongruentBlock
Not setting metadata
103 matching events found
No baseline correction applied
    Stimulus_s_in_25incongruentBlock: 103 valid trials out of 103
  Loading condition: Stimulus_s_in_75incongruentBlock
Not setting metadata
101 matching events found
No baseline correction applied
    Stimulus_s_in_75incongruentBlock: 101 valid trials out of 101
  Loading condition: Stimulus_r_in_25incongruentBlock
Not setting metadata
111 matching events found
No baseline correction applied
    Stimulus_r_in_25incongruentBlock: 111 valid trials out of 111
  Loading condition: Stimulus_r_in_75incongruentBlock
Not setting metadata
106 matching events found
No baseline correction applied
    Stimulus_r_in_75incongruentBlock: 106 valid trials out of 106
Loading data for subject: D0094
Reading /cwork/jz421/BIDS-1.1_GlobalLocal/BIDS/derivatives/freqFilt/figs/D0094/D0094_Stimulus_0.5sec_within-1-0sec_randoffset_StimulusBase_decFactor_8_markOutliersAsNaN_False_passband_70.0-150.0_padLength_0.5s_stat_func_ttest_ind_equal_var_False_HG_ev1_rescaled-epo.fif ...
    Found the data of interest:
        t =   -1000.00 ...    1500.00 ms
        0 CTF compensation matrices available
Not setting metadata
448 matching events found
No baseline correction applied
0 projection items activated
Reading /cwork/jz421/BIDS-1.1_GlobalLocal/BIDS/derivatives/freqFilt/figs/D0094/D0094_Stimulus_0.5sec_within-1-0sec_randoffset_StimulusBase_decFactor_8_markOutliersAsNaN_False_passband_70.0-150.0_padLength_0.5s_stat_func_ttest_ind_equal_var_False_HG_ev1_power_rescaled-epo.fif ...
    Found the data of interest:
        t =   -1000.00 ...    1500.00 ms
        0 CTF compensation matrices available
Not setting metadata
448 matching events found
No baseline correction applied
0 projection items activated
  Loading condition: Stimulus_s_in_25incongruentBlock
Not setting metadata
101 matching events found
No baseline correction applied
    Stimulus_s_in_25incongruentBlock: 101 valid trials out of 101
  Loading condition: Stimulus_s_in_75incongruentBlock
Not setting metadata
79 matching events found
No baseline correction applied
    Stimulus_s_in_75incongruentBlock: 79 valid trials out of 79
  Loading condition: Stimulus_r_in_25incongruentBlock
Not setting metadata
103 matching events found
No baseline correction applied
    Stimulus_r_in_25incongruentBlock: 103 valid trials out of 103
  Loading condition: Stimulus_r_in_75incongruentBlock
Not setting metadata
93 matching events found
No baseline correction applied
    Stimulus_r_in_75incongruentBlock: 93 valid trials out of 93
  Loading condition: Stimulus_s_in_25incongruentBlock
Not setting metadata
101 matching events found
No baseline correction applied
    Stimulus_s_in_25incongruentBlock: 101 valid trials out of 101
  Loading condition: Stimulus_s_in_75incongruentBlock
Not setting metadata
79 matching events found
No baseline correction applied
    Stimulus_s_in_75incongruentBlock: 79 valid trials out of 79
  Loading condition: Stimulus_r_in_25incongruentBlock
Not setting metadata
103 matching events found
No baseline correction applied
    Stimulus_r_in_25incongruentBlock: 103 valid trials out of 103
  Loading condition: Stimulus_r_in_75incongruentBlock
Not setting metadata
93 matching events found
No baseline correction applied
    Stimulus_r_in_75incongruentBlock: 93 valid trials out of 93
Loading data for subject: D0102
Reading /cwork/jz421/BIDS-1.1_GlobalLocal/BIDS/derivatives/freqFilt/figs/D0102/D0102_Stimulus_0.5sec_within-1-0sec_randoffset_StimulusBase_decFactor_8_markOutliersAsNaN_False_passband_70.0-150.0_padLength_0.5s_stat_func_ttest_ind_equal_var_False_HG_ev1_rescaled-epo.fif ...
    Found the data of interest:
        t =   -1000.00 ...    1500.00 ms
        0 CTF compensation matrices available
Not setting metadata
448 matching events found
No baseline correction applied
0 projection items activated
Reading /cwork/jz421/BIDS-1.1_GlobalLocal/BIDS/derivatives/freqFilt/figs/D0102/D0102_Stimulus_0.5sec_within-1-0sec_randoffset_StimulusBase_decFactor_8_markOutliersAsNaN_False_passband_70.0-150.0_padLength_0.5s_stat_func_ttest_ind_equal_var_False_HG_ev1_power_rescaled-epo.fif ...
    Found the data of interest:
        t =   -1000.00 ...    1500.00 ms
        0 CTF compensation matrices available
Not setting metadata
448 matching events found
No baseline correction applied
0 projection items activated
  Loading condition: Stimulus_s_in_25incongruentBlock
Not setting metadata
79 matching events found
No baseline correction applied
    Stimulus_s_in_25incongruentBlock: 79 valid trials out of 79
  Loading condition: Stimulus_s_in_75incongruentBlock
Not setting metadata
54 matching events found
No baseline correction applied
    Stimulus_s_in_75incongruentBlock: 54 valid trials out of 54
  Loading condition: Stimulus_r_in_25incongruentBlock
Not setting metadata
94 matching events found
No baseline correction applied
    Stimulus_r_in_25incongruentBlock: 94 valid trials out of 94
  Loading condition: Stimulus_r_in_75incongruentBlock
Not setting metadata
72 matching events found
No baseline correction applied
    Stimulus_r_in_75incongruentBlock: 72 valid trials out of 72
  Loading condition: Stimulus_s_in_25incongruentBlock
Not setting metadata
79 matching events found
No baseline correction applied
    Stimulus_s_in_25incongruentBlock: 79 valid trials out of 79
  Loading condition: Stimulus_s_in_75incongruentBlock
Not setting metadata
54 matching events found
No baseline correction applied
    Stimulus_s_in_75incongruentBlock: 54 valid trials out of 54
  Loading condition: Stimulus_r_in_25incongruentBlock
Not setting metadata
94 matching events found
No baseline correction applied
    Stimulus_r_in_25incongruentBlock: 94 valid trials out of 94
  Loading condition: Stimulus_r_in_75incongruentBlock
Not setting metadata
72 matching events found
No baseline correction applied
    Stimulus_r_in_75incongruentBlock: 72 valid trials out of 72
Loading data for subject: D0103
Reading /cwork/jz421/BIDS-1.1_GlobalLocal/BIDS/derivatives/freqFilt/figs/D0103/D0103_Stimulus_0.5sec_within-1-0sec_randoffset_StimulusBase_decFactor_8_markOutliersAsNaN_False_passband_70.0-150.0_padLength_0.5s_stat_func_ttest_ind_equal_var_False_HG_ev1_rescaled-epo.fif ...
    Found the data of interest:
        t =   -1000.00 ...    1500.00 ms
        0 CTF compensation matrices available
Not setting metadata
448 matching events found
No baseline correction applied
0 projection items activated
Reading /cwork/jz421/BIDS-1.1_GlobalLocal/BIDS/derivatives/freqFilt/figs/D0103/D0103_Stimulus_0.5sec_within-1-0sec_randoffset_StimulusBase_decFactor_8_markOutliersAsNaN_False_passband_70.0-150.0_padLength_0.5s_stat_func_ttest_ind_equal_var_False_HG_ev1_power_rescaled-epo.fif ...
    Found the data of interest:
        t =   -1000.00 ...    1500.00 ms
        0 CTF compensation matrices available
Not setting metadata
448 matching events found
No baseline correction applied
0 projection items activated
  Loading condition: Stimulus_s_in_25incongruentBlock
Not setting metadata
98 matching events found
No baseline correction applied
    Stimulus_s_in_25incongruentBlock: 98 valid trials out of 98
  Loading condition: Stimulus_s_in_75incongruentBlock
Not setting metadata
64 matching events found
No baseline correction applied
    Stimulus_s_in_75incongruentBlock: 64 valid trials out of 64
  Loading condition: Stimulus_r_in_25incongruentBlock
Not setting metadata
106 matching events found
No baseline correction applied
    Stimulus_r_in_25incongruentBlock: 106 valid trials out of 106
  Loading condition: Stimulus_r_in_75incongruentBlock
Not setting metadata
90 matching events found
No baseline correction applied
    Stimulus_r_in_75incongruentBlock: 90 valid trials out of 90
  Loading condition: Stimulus_s_in_25incongruentBlock
Not setting metadata
98 matching events found
No baseline correction applied
    Stimulus_s_in_25incongruentBlock: 98 valid trials out of 98
  Loading condition: Stimulus_s_in_75incongruentBlock
Not setting metadata
64 matching events found
No baseline correction applied
    Stimulus_s_in_75incongruentBlock: 64 valid trials out of 64
  Loading condition: Stimulus_r_in_25incongruentBlock
Not setting metadata
106 matching events found
No baseline correction applied
    Stimulus_r_in_25incongruentBlock: 106 valid trials out of 106
  Loading condition: Stimulus_r_in_75incongruentBlock
Not setting metadata
90 matching events found
No baseline correction applied
    Stimulus_r_in_75incongruentBlock: 90 valid trials out of 90
Loading data for subject: D0107A
Reading /cwork/jz421/BIDS-1.1_GlobalLocal/BIDS/derivatives/freqFilt/figs/D0107A/D0107A_Stimulus_0.5sec_within-1-0sec_randoffset_StimulusBase_decFactor_8_markOutliersAsNaN_False_passband_70.0-150.0_padLength_0.5s_stat_func_ttest_ind_equal_var_False_HG_ev1_rescaled-epo.fif ...
    Found the data of interest:
        t =   -1000.00 ...    1500.00 ms
        0 CTF compensation matrices available
Not setting metadata
452 matching events found
No baseline correction applied
0 projection items activated
Reading /cwork/jz421/BIDS-1.1_GlobalLocal/BIDS/derivatives/freqFilt/figs/D0107A/D0107A_Stimulus_0.5sec_within-1-0sec_randoffset_StimulusBase_decFactor_8_markOutliersAsNaN_False_passband_70.0-150.0_padLength_0.5s_stat_func_ttest_ind_equal_var_False_HG_ev1_power_rescaled-epo.fif ...
    Found the data of interest:
        t =   -1000.00 ...    1500.00 ms
        0 CTF compensation matrices available
Not setting metadata
452 matching events found
No baseline correction applied
0 projection items activated
  Loading condition: Stimulus_s_in_25incongruentBlock
Not setting metadata
101 matching events found
No baseline correction applied
    Stimulus_s_in_25incongruentBlock: 101 valid trials out of 101
  Loading condition: Stimulus_s_in_75incongruentBlock
Not setting metadata
87 matching events found
No baseline correction applied
    Stimulus_s_in_75incongruentBlock: 87 valid trials out of 87
  Loading condition: Stimulus_r_in_25incongruentBlock
Not setting metadata
101 matching events found
No baseline correction applied
    Stimulus_r_in_25incongruentBlock: 101 valid trials out of 101
  Loading condition: Stimulus_r_in_75incongruentBlock
Not setting metadata
100 matching events found
No baseline correction applied
    Stimulus_r_in_75incongruentBlock: 100 valid trials out of 100
  Loading condition: Stimulus_s_in_25incongruentBlock
Not setting metadata
101 matching events found
No baseline correction applied
    Stimulus_s_in_25incongruentBlock: 101 valid trials out of 101
  Loading condition: Stimulus_s_in_75incongruentBlock
Not setting metadata
87 matching events found
No baseline correction applied
    Stimulus_s_in_75incongruentBlock: 87 valid trials out of 87
  Loading condition: Stimulus_r_in_25incongruentBlock
Not setting metadata
101 matching events found
No baseline correction applied
    Stimulus_r_in_25incongruentBlock: 101 valid trials out of 101
  Loading condition: Stimulus_r_in_75incongruentBlock
Not setting metadata
100 matching events found
No baseline correction applied
    Stimulus_r_in_75incongruentBlock: 100 valid trials out of 100
Loading data for subject: D0121
Reading /cwork/jz421/BIDS-1.1_GlobalLocal/BIDS/derivatives/freqFilt/figs/D0121/D0121_Stimulus_0.5sec_within-1-0sec_randoffset_StimulusBase_decFactor_8_markOutliersAsNaN_False_passband_70.0-150.0_padLength_0.5s_stat_func_ttest_ind_equal_var_False_HG_ev1_rescaled-epo.fif ...
    Found the data of interest:
        t =   -1000.00 ...    1500.00 ms
        0 CTF compensation matrices available
Not setting metadata
448 matching events found
No baseline correction applied
0 projection items activated
Reading /cwork/jz421/BIDS-1.1_GlobalLocal/BIDS/derivatives/freqFilt/figs/D0121/D0121_Stimulus_0.5sec_within-1-0sec_randoffset_StimulusBase_decFactor_8_markOutliersAsNaN_False_passband_70.0-150.0_padLength_0.5s_stat_func_ttest_ind_equal_var_False_HG_ev1_power_rescaled-epo.fif ...
    Found the data of interest:
        t =   -1000.00 ...    1500.00 ms
        0 CTF compensation matrices available
Not setting metadata
448 matching events found
No baseline correction applied
0 projection items activated
  Loading condition: Stimulus_s_in_25incongruentBlock
Not setting metadata
96 matching events found
No baseline correction applied
    Stimulus_s_in_25incongruentBlock: 96 valid trials out of 96
  Loading condition: Stimulus_s_in_75incongruentBlock
Not setting metadata
97 matching events found
No baseline correction applied
    Stimulus_s_in_75incongruentBlock: 97 valid trials out of 97
  Loading condition: Stimulus_r_in_25incongruentBlock
Not setting metadata
102 matching events found
No baseline correction applied
    Stimulus_r_in_25incongruentBlock: 102 valid trials out of 102
  Loading condition: Stimulus_r_in_75incongruentBlock
Not setting metadata
102 matching events found
No baseline correction applied
    Stimulus_r_in_75incongruentBlock: 102 valid trials out of 102
  Loading condition: Stimulus_s_in_25incongruentBlock
Not setting metadata
96 matching events found
No baseline correction applied
    Stimulus_s_in_25incongruentBlock: 96 valid trials out of 96
  Loading condition: Stimulus_s_in_75incongruentBlock
Not setting metadata
97 matching events found
No baseline correction applied
    Stimulus_s_in_75incongruentBlock: 97 valid trials out of 97
  Loading condition: Stimulus_r_in_25incongruentBlock
Not setting metadata
102 matching events found
No baseline correction applied
    Stimulus_r_in_25incongruentBlock: 102 valid trials out of 102
  Loading condition: Stimulus_r_in_75incongruentBlock
Not setting metadata
102 matching events found
No baseline correction applied
    Stimulus_r_in_75incongruentBlock: 102 valid trials out of 102

--- Summary of Dropped Electrodes ---
ROI: lpfc
  - Subject D0063: Dropped 36 electrode(s)
  - Subject D0116: Dropped 30 electrode(s)
  - Subject D0117: Dropped 11 electrode(s)
  - Subject D0110: Dropped 5 electrode(s)
  - Subject D0057: Dropped 17 electrode(s)
  - Subject D0071: Dropped 13 electrode(s)
  - Subject D0065: Dropped 9 electrode(s)
Total electrodes dropped across all subjects/ROIs: 121
-------------------------------------


==================== STARTING PARALLEL BOOTSTRAPPING (20 samples across -1 jobs) ====================

['/hpc/home/jz421/coganlab/jz421/GlobalLocal', '/hpc/group/coganlab/jz421/GlobalLocal/dcc_scripts/decoding', '/hpc/home/jz421/miniconda3/envs/ieeg/lib/python311.zip', '/hpc/home/jz421/miniconda3/envs/ieeg/lib/python3.11', '/hpc/home/jz421/miniconda3/envs/ieeg/lib/python3.11/lib-dynload', '/hpc/home/jz421/miniconda3/envs/ieeg/lib/python3.11/site-packages', '/hpc/home/jz421/coganlab/jz421/GlobalLocal/IEEG_Pipelines/', 'C:/Users/jz421/Desktop/GlobalLocal/IEEG_Pipelines/', 'C:/Users/jz421/Desktop/GlobalLocal/IEEG_Pipelines/']
Qt5Agg backend not available, using default backend
['/hpc/home/jz421/coganlab/jz421/GlobalLocal', '/hpc/group/coganlab/jz421/GlobalLocal/dcc_scripts/decoding', '/hpc/home/jz421/miniconda3/envs/ieeg/lib/python311.zip', '/hpc/home/jz421/miniconda3/envs/ieeg/lib/python3.11', '/hpc/home/jz421/miniconda3/envs/ieeg/lib/python3.11/lib-dynload', '/hpc/home/jz421/miniconda3/envs/ieeg/lib/python3.11/site-packages', '/hpc/home/jz421/coganlab/jz421/GlobalLocal/IEEG_Pipelines/', 'C:/Users/jz421/Desktop/GlobalLocal/IEEG_Pipelines/', 'C:/Users/jz421/Desktop/GlobalLocal/IEEG_Pipelines/']
Qt5Agg backend not available, using default backend
Qt5Agg backend not available, using default backend
Qt5Agg backend not available, using default backend
['/hpc/home/jz421/coganlab/jz421/GlobalLocal', '/hpc/group/coganlab/jz421/GlobalLocal/dcc_scripts/decoding', '/hpc/home/jz421/miniconda3/envs/ieeg/lib/python311.zip', '/hpc/home/jz421/miniconda3/envs/ieeg/lib/python3.11', '/hpc/home/jz421/miniconda3/envs/ieeg/lib/python3.11/lib-dynload', '/hpc/home/jz421/miniconda3/envs/ieeg/lib/python3.11/site-packages', '/hpc/home/jz421/coganlab/jz421/GlobalLocal/IEEG_Pipelines/', 'C:/Users/jz421/Desktop/GlobalLocal/IEEG_Pipelines/', 'C:/Users/jz421/Desktop/GlobalLocal/IEEG_Pipelines/']
Qt5Agg backend not available, using default backend
['/hpc/home/jz421/coganlab/jz421/GlobalLocal', '/hpc/group/coganlab/jz421/GlobalLocal/dcc_scripts/decoding', '/hpc/home/jz421/miniconda3/envs/ieeg/lib/python311.zip', '/hpc/home/jz421/miniconda3/envs/ieeg/lib/python3.11', '/hpc/home/jz421/miniconda3/envs/ieeg/lib/python3.11/lib-dynload', '/hpc/home/jz421/miniconda3/envs/ieeg/lib/python3.11/site-packages', '/hpc/home/jz421/coganlab/jz421/GlobalLocal/IEEG_Pipelines/', 'C:/Users/jz421/Desktop/GlobalLocal/IEEG_Pipelines/', 'C:/Users/jz421/Desktop/GlobalLocal/IEEG_Pipelines/']
Qt5Agg backend not available, using default backend
Qt5Agg backend not available, using default backend
['/hpc/home/jz421/coganlab/jz421/GlobalLocal', '/hpc/group/coganlab/jz421/GlobalLocal/dcc_scripts/decoding', '/hpc/home/jz421/miniconda3/envs/ieeg/lib/python311.zip', '/hpc/home/jz421/miniconda3/envs/ieeg/lib/python3.11', '/hpc/home/jz421/miniconda3/envs/ieeg/lib/python3.11/lib-dynload', '/hpc/home/jz421/miniconda3/envs/ieeg/lib/python3.11/site-packages', '/hpc/home/jz421/coganlab/jz421/GlobalLocal/IEEG_Pipelines/', 'C:/Users/jz421/Desktop/GlobalLocal/IEEG_Pipelines/', 'C:/Users/jz421/Desktop/GlobalLocal/IEEG_Pipelines/']
Qt5Agg backend not available, using default backend
Qt5Agg backend not available, using default backend
['/hpc/home/jz421/coganlab/jz421/GlobalLocal', '/hpc/group/coganlab/jz421/GlobalLocal/dcc_scripts/decoding', '/hpc/home/jz421/miniconda3/envs/ieeg/lib/python311.zip', '/hpc/home/jz421/miniconda3/envs/ieeg/lib/python3.11', '/hpc/home/jz421/miniconda3/envs/ieeg/lib/python3.11/lib-dynload', '/hpc/home/jz421/miniconda3/envs/ieeg/lib/python3.11/site-packages', '/hpc/home/jz421/coganlab/jz421/GlobalLocal/IEEG_Pipelines/', 'C:/Users/jz421/Desktop/GlobalLocal/IEEG_Pipelines/', 'C:/Users/jz421/Desktop/GlobalLocal/IEEG_Pipelines/']
Qt5Agg backend not available, using default backend
Qt5Agg backend not available, using default backend
['/hpc/home/jz421/coganlab/jz421/GlobalLocal', '/hpc/group/coganlab/jz421/GlobalLocal/dcc_scripts/decoding', '/hpc/home/jz421/miniconda3/envs/ieeg/lib/python311.zip', '/hpc/home/jz421/miniconda3/envs/ieeg/lib/python3.11', '/hpc/home/jz421/miniconda3/envs/ieeg/lib/python3.11/lib-dynload', '/hpc/home/jz421/miniconda3/envs/ieeg/lib/python3.11/site-packages', '/hpc/home/jz421/coganlab/jz421/GlobalLocal/IEEG_Pipelines/', 'C:/Users/jz421/Desktop/GlobalLocal/IEEG_Pipelines/', 'C:/Users/jz421/Desktop/GlobalLocal/IEEG_Pipelines/']
Qt5Agg backend not available, using default backend
['/hpc/home/jz421/coganlab/jz421/GlobalLocal', '/hpc/group/coganlab/jz421/GlobalLocal/dcc_scripts/decoding', '/hpc/home/jz421/miniconda3/envs/ieeg/lib/python311.zip', '/hpc/home/jz421/miniconda3/envs/ieeg/lib/python3.11', '/hpc/home/jz421/miniconda3/envs/ieeg/lib/python3.11/lib-dynload', '/hpc/home/jz421/miniconda3/envs/ieeg/lib/python3.11/site-packages', '/hpc/home/jz421/coganlab/jz421/GlobalLocal/IEEG_Pipelines/', 'C:/Users/jz421/Desktop/GlobalLocal/IEEG_Pipelines/', 'C:/Users/jz421/Desktop/GlobalLocal/IEEG_Pipelines/']
Qt5Agg backend not available, using default backend
Qt5Agg backend not available, using default backend
['/hpc/home/jz421/coganlab/jz421/GlobalLocal', '/hpc/group/coganlab/jz421/GlobalLocal/dcc_scripts/decoding', '/hpc/home/jz421/miniconda3/envs/ieeg/lib/python311.zip', '/hpc/home/jz421/miniconda3/envs/ieeg/lib/python3.11', '/hpc/home/jz421/miniconda3/envs/ieeg/lib/python3.11/lib-dynload', '/hpc/home/jz421/miniconda3/envs/ieeg/lib/python3.11/site-packages', '/hpc/home/jz421/coganlab/jz421/GlobalLocal/IEEG_Pipelines/', 'C:/Users/jz421/Desktop/GlobalLocal/IEEG_Pipelines/', 'C:/Users/jz421/Desktop/GlobalLocal/IEEG_Pipelines/']
Qt5Agg backend not available, using default backend
Qt5Agg backend not available, using default backend
['/hpc/home/jz421/coganlab/jz421/GlobalLocal', '/hpc/group/coganlab/jz421/GlobalLocal/dcc_scripts/decoding', '/hpc/home/jz421/miniconda3/envs/ieeg/lib/python311.zip', '/hpc/home/jz421/miniconda3/envs/ieeg/lib/python3.11', '/hpc/home/jz421/miniconda3/envs/ieeg/lib/python3.11/lib-dynload', '/hpc/home/jz421/miniconda3/envs/ieeg/lib/python3.11/site-packages', '/hpc/home/jz421/coganlab/jz421/GlobalLocal/IEEG_Pipelines/', 'C:/Users/jz421/Desktop/GlobalLocal/IEEG_Pipelines/', 'C:/Users/jz421/Desktop/GlobalLocal/IEEG_Pipelines/']
Qt5Agg backend not available, using default backend
['/hpc/home/jz421/coganlab/jz421/GlobalLocal', '/hpc/group/coganlab/jz421/GlobalLocal/dcc_scripts/decoding', '/hpc/home/jz421/miniconda3/envs/ieeg/lib/python311.zip', '/hpc/home/jz421/miniconda3/envs/ieeg/lib/python3.11', '/hpc/home/jz421/miniconda3/envs/ieeg/lib/python3.11/lib-dynload', '/hpc/home/jz421/miniconda3/envs/ieeg/lib/python3.11/site-packages', '/hpc/home/jz421/coganlab/jz421/GlobalLocal/IEEG_Pipelines/', 'C:/Users/jz421/Desktop/GlobalLocal/IEEG_Pipelines/', 'C:/Users/jz421/Desktop/GlobalLocal/IEEG_Pipelines/']
Qt5Agg backend not available, using default backend
Qt5Agg backend not available, using default backend
['/hpc/home/jz421/coganlab/jz421/GlobalLocal', '/hpc/group/coganlab/jz421/GlobalLocal/dcc_scripts/decoding', '/hpc/home/jz421/miniconda3/envs/ieeg/lib/python311.zip', '/hpc/home/jz421/miniconda3/envs/ieeg/lib/python3.11', '/hpc/home/jz421/miniconda3/envs/ieeg/lib/python3.11/lib-dynload', '/hpc/home/jz421/miniconda3/envs/ieeg/lib/python3.11/site-packages', '/hpc/home/jz421/coganlab/jz421/GlobalLocal/IEEG_Pipelines/', 'C:/Users/jz421/Desktop/GlobalLocal/IEEG_Pipelines/', 'C:/Users/jz421/Desktop/GlobalLocal/IEEG_Pipelines/']
Qt5Agg backend not available, using default backend
Qt5Agg backend not available, using default backend
['/hpc/home/jz421/coganlab/jz421/GlobalLocal', '/hpc/group/coganlab/jz421/GlobalLocal/dcc_scripts/decoding', '/hpc/home/jz421/miniconda3/envs/ieeg/lib/python311.zip', '/hpc/home/jz421/miniconda3/envs/ieeg/lib/python3.11', '/hpc/home/jz421/miniconda3/envs/ieeg/lib/python3.11/lib-dynload', '/hpc/home/jz421/miniconda3/envs/ieeg/lib/python3.11/site-packages', '/hpc/home/jz421/coganlab/jz421/GlobalLocal/IEEG_Pipelines/', 'C:/Users/jz421/Desktop/GlobalLocal/IEEG_Pipelines/', 'C:/Users/jz421/Desktop/GlobalLocal/IEEG_Pipelines/']
Qt5Agg backend not available, using default backend
Qt5Agg backend not available, using default backend
['/hpc/home/jz421/coganlab/jz421/GlobalLocal', '/hpc/group/coganlab/jz421/GlobalLocal/dcc_scripts/decoding', '/hpc/home/jz421/miniconda3/envs/ieeg/lib/python311.zip', '/hpc/home/jz421/miniconda3/envs/ieeg/lib/python3.11', '/hpc/home/jz421/miniconda3/envs/ieeg/lib/python3.11/lib-dynload', '/hpc/home/jz421/miniconda3/envs/ieeg/lib/python3.11/site-packages', '/hpc/home/jz421/coganlab/jz421/GlobalLocal/IEEG_Pipelines/', 'C:/Users/jz421/Desktop/GlobalLocal/IEEG_Pipelines/', 'C:/Users/jz421/Desktop/GlobalLocal/IEEG_Pipelines/']
Qt5Agg backend not available, using default backend
Qt5Agg backend not available, using default backend
['/hpc/home/jz421/coganlab/jz421/GlobalLocal', '/hpc/group/coganlab/jz421/GlobalLocal/dcc_scripts/decoding', '/hpc/home/jz421/miniconda3/envs/ieeg/lib/python311.zip', '/hpc/home/jz421/miniconda3/envs/ieeg/lib/python3.11', '/hpc/home/jz421/miniconda3/envs/ieeg/lib/python3.11/lib-dynload', '/hpc/home/jz421/miniconda3/envs/ieeg/lib/python3.11/site-packages', '/hpc/home/jz421/coganlab/jz421/GlobalLocal/IEEG_Pipelines/', 'C:/Users/jz421/Desktop/GlobalLocal/IEEG_Pipelines/', 'C:/Users/jz421/Desktop/GlobalLocal/IEEG_Pipelines/']
Qt5Agg backend not available, using default backend
['/hpc/home/jz421/coganlab/jz421/GlobalLocal', '/hpc/group/coganlab/jz421/GlobalLocal/dcc_scripts/decoding', '/hpc/home/jz421/miniconda3/envs/ieeg/lib/python311.zip', '/hpc/home/jz421/miniconda3/envs/ieeg/lib/python3.11', '/hpc/home/jz421/miniconda3/envs/ieeg/lib/python3.11/lib-dynload', '/hpc/home/jz421/miniconda3/envs/ieeg/lib/python3.11/site-packages', '/hpc/home/jz421/coganlab/jz421/GlobalLocal/IEEG_Pipelines/', 'C:/Users/jz421/Desktop/GlobalLocal/IEEG_Pipelines/', 'C:/Users/jz421/Desktop/GlobalLocal/IEEG_Pipelines/']
Qt5Agg backend not available, using default backend
Qt5Agg backend not available, using default backend
['/hpc/home/jz421/coganlab/jz421/GlobalLocal', '/hpc/group/coganlab/jz421/GlobalLocal/dcc_scripts/decoding', '/hpc/home/jz421/miniconda3/envs/ieeg/lib/python311.zip', '/hpc/home/jz421/miniconda3/envs/ieeg/lib/python3.11', '/hpc/home/jz421/miniconda3/envs/ieeg/lib/python3.11/lib-dynload', '/hpc/home/jz421/miniconda3/envs/ieeg/lib/python3.11/site-packages', '/hpc/home/jz421/coganlab/jz421/GlobalLocal/IEEG_Pipelines/', 'C:/Users/jz421/Desktop/GlobalLocal/IEEG_Pipelines/', 'C:/Users/jz421/Desktop/GlobalLocal/IEEG_Pipelines/']
Qt5Agg backend not available, using default backend
Qt5Agg backend not available, using default backend
['/hpc/home/jz421/coganlab/jz421/GlobalLocal', '/hpc/group/coganlab/jz421/GlobalLocal/dcc_scripts/decoding', '/hpc/home/jz421/miniconda3/envs/ieeg/lib/python311.zip', '/hpc/home/jz421/miniconda3/envs/ieeg/lib/python3.11', '/hpc/home/jz421/miniconda3/envs/ieeg/lib/python3.11/lib-dynload', '/hpc/home/jz421/miniconda3/envs/ieeg/lib/python3.11/site-packages', '/hpc/home/jz421/coganlab/jz421/GlobalLocal/IEEG_Pipelines/', 'C:/Users/jz421/Desktop/GlobalLocal/IEEG_Pipelines/', 'C:/Users/jz421/Desktop/GlobalLocal/IEEG_Pipelines/']
Qt5Agg backend not available, using default backend
Qt5Agg backend not available, using default backend
['/hpc/home/jz421/coganlab/jz421/GlobalLocal', '/hpc/group/coganlab/jz421/GlobalLocal/dcc_scripts/decoding', '/hpc/home/jz421/miniconda3/envs/ieeg/lib/python311.zip', '/hpc/home/jz421/miniconda3/envs/ieeg/lib/python3.11', '/hpc/home/jz421/miniconda3/envs/ieeg/lib/python3.11/lib-dynload', '/hpc/home/jz421/miniconda3/envs/ieeg/lib/python3.11/site-packages', '/hpc/home/jz421/coganlab/jz421/GlobalLocal/IEEG_Pipelines/', 'C:/Users/jz421/Desktop/GlobalLocal/IEEG_Pipelines/', 'C:/Users/jz421/Desktop/GlobalLocal/IEEG_Pipelines/']
Qt5Agg backend not available, using default backend
['/hpc/home/jz421/coganlab/jz421/GlobalLocal', '/hpc/group/coganlab/jz421/GlobalLocal/dcc_scripts/decoding', '/hpc/home/jz421/miniconda3/envs/ieeg/lib/python311.zip', '/hpc/home/jz421/miniconda3/envs/ieeg/lib/python3.11', '/hpc/home/jz421/miniconda3/envs/ieeg/lib/python3.11/lib-dynload', '/hpc/home/jz421/miniconda3/envs/ieeg/lib/python3.11/site-packages', '/hpc/home/jz421/coganlab/jz421/GlobalLocal/IEEG_Pipelines/', 'C:/Users/jz421/Desktop/GlobalLocal/IEEG_Pipelines/', 'C:/Users/jz421/Desktop/GlobalLocal/IEEG_Pipelines/']
Qt5Agg backend not available, using default backend
Qt5Agg backend not available, using default backend
Qt5Agg backend not available, using default backend
Qt5Agg backend not available, using default backend
Qt5Agg backend not available, using default backend
Qt5Agg backend not available, using default backend
Qt5Agg backend not available, using default backend
